[0.114s] DEBUG:colcon:Command line arguments: ['/usr/bin/colcon', 'build']
[0.114s] DEBUG:colcon:Parsed command line arguments: Namespace(allow_overriding=[], ament_cmake_args=None, base_paths=['.'], build_base='build', catkin_cmake_args=None, catkin_skip_building_tests=False, cmake_args=None, cmake_clean_cache=False, cmake_clean_first=False, cmake_force_configure=False, cmake_target=None, cmake_target_skip_unavailable=False, continue_on_error=False, event_handlers=None, executor='parallel', ignore_user_meta=False, install_base='install', log_base=None, log_level=None, main=<bound method BuildVerb.main of <colcon_core.verb.build.BuildVerb object at 0x7f7d0a364310>>, merge_install=False, metas=['./colcon.meta'], packages_above=None, packages_above_and_dependencies=None, packages_above_depth=None, packages_end=None, packages_ignore=None, packages_ignore_regex=None, packages_select=None, packages_select_build_failed=False, packages_select_by_dep=None, packages_select_regex=None, packages_select_test_failures=False, packages_skip=None, packages_skip_build_finished=False, packages_skip_by_dep=None, packages_skip_regex=None, packages_skip_test_passed=False, packages_skip_up_to=None, packages_start=None, packages_up_to=None, packages_up_to_regex=None, parallel_workers=12, paths=None, symlink_install=False, test_result_base=None, verb_extension=<colcon_core.verb.build.BuildVerb object at 0x7f7d0a364310>, verb_name='build', verb_parser=<colcon_defaults.argument_parser.defaults.DefaultArgumentsDecorator object at 0x7f7d0a364850>)
[0.131s] Level 1:colcon.colcon_core.package_discovery:discover_packages(colcon_meta) check parameters
[0.132s] Level 1:colcon.colcon_core.package_discovery:discover_packages(recursive) check parameters
[0.132s] Level 1:colcon.colcon_core.package_discovery:discover_packages(ignore) check parameters
[0.132s] Level 1:colcon.colcon_core.package_discovery:discover_packages(path) check parameters
[0.132s] Level 1:colcon.colcon_core.package_discovery:discover_packages(colcon_meta) discover
[0.132s] Level 1:colcon.colcon_core.package_discovery:discover_packages(recursive) discover
[0.132s] INFO:colcon.colcon_core.package_discovery:Crawling recursively for packages in '/home/azthorax/fra333_ws'
[0.132s] Level 1:colcon.colcon_core.package_identification:_identify(.) by extensions ['ignore', 'ignore_ament_install']
[0.140s] Level 1:colcon.colcon_core.package_identification:_identify(.) by extension 'ignore'
[0.140s] Level 1:colcon.colcon_core.package_identification:_identify(.) by extension 'ignore_ament_install'
[0.140s] Level 1:colcon.colcon_core.package_identification:_identify(.) by extensions ['colcon_pkg']
[0.140s] Level 1:colcon.colcon_core.package_identification:_identify(.) by extension 'colcon_pkg'
[0.140s] Level 1:colcon.colcon_core.package_identification:_identify(.) by extensions ['colcon_meta']
[0.140s] Level 1:colcon.colcon_core.package_identification:_identify(.) by extension 'colcon_meta'
[0.140s] Level 1:colcon.colcon_core.package_identification:_identify(.) by extensions ['ros']
[0.140s] Level 1:colcon.colcon_core.package_identification:_identify(.) by extension 'ros'
[0.148s] Level 1:colcon.colcon_core.package_identification:_identify(.) by extensions ['cmake', 'python']
[0.148s] Level 1:colcon.colcon_core.package_identification:_identify(.) by extension 'cmake'
[0.148s] Level 1:colcon.colcon_core.package_identification:_identify(.) by extension 'python'
[0.148s] Level 1:colcon.colcon_core.package_identification:_identify(.) by extensions ['python_setup_py']
[0.148s] Level 1:colcon.colcon_core.package_identification:_identify(.) by extension 'python_setup_py'
[0.149s] Level 1:colcon.colcon_core.package_identification:_identify(build) by extensions ['ignore', 'ignore_ament_install']
[0.149s] Level 1:colcon.colcon_core.package_identification:_identify(build) by extension 'ignore'
[0.149s] Level 1:colcon.colcon_core.package_identification:_identify(build) ignored
[0.149s] Level 1:colcon.colcon_core.package_identification:_identify(install) by extensions ['ignore', 'ignore_ament_install']
[0.149s] Level 1:colcon.colcon_core.package_identification:_identify(install) by extension 'ignore'
[0.149s] Level 1:colcon.colcon_core.package_identification:_identify(install) ignored
[0.149s] Level 1:colcon.colcon_core.package_identification:_identify(log) by extensions ['ignore', 'ignore_ament_install']
[0.149s] Level 1:colcon.colcon_core.package_identification:_identify(log) by extension 'ignore'
[0.149s] Level 1:colcon.colcon_core.package_identification:_identify(log) ignored
[0.149s] Level 1:colcon.colcon_core.package_identification:_identify(src) by extensions ['ignore', 'ignore_ament_install']
[0.149s] Level 1:colcon.colcon_core.package_identification:_identify(src) by extension 'ignore'
[0.149s] Level 1:colcon.colcon_core.package_identification:_identify(src) by extension 'ignore_ament_install'
[0.149s] Level 1:colcon.colcon_core.package_identification:_identify(src) by extensions ['colcon_pkg']
[0.149s] Level 1:colcon.colcon_core.package_identification:_identify(src) by extension 'colcon_pkg'
[0.149s] Level 1:colcon.colcon_core.package_identification:_identify(src) by extensions ['colcon_meta']
[0.149s] Level 1:colcon.colcon_core.package_identification:_identify(src) by extension 'colcon_meta'
[0.149s] Level 1:colcon.colcon_core.package_identification:_identify(src) by extensions ['ros']
[0.149s] Level 1:colcon.colcon_core.package_identification:_identify(src) by extension 'ros'
[0.149s] Level 1:colcon.colcon_core.package_identification:_identify(src) by extensions ['cmake', 'python']
[0.149s] Level 1:colcon.colcon_core.package_identification:_identify(src) by extension 'cmake'
[0.149s] Level 1:colcon.colcon_core.package_identification:_identify(src) by extension 'python'
[0.149s] Level 1:colcon.colcon_core.package_identification:_identify(src) by extensions ['python_setup_py']
[0.150s] Level 1:colcon.colcon_core.package_identification:_identify(src) by extension 'python_setup_py'
[0.150s] Level 1:colcon.colcon_core.package_identification:_identify(src/fra333_lab1_25) by extensions ['ignore', 'ignore_ament_install']
[0.150s] Level 1:colcon.colcon_core.package_identification:_identify(src/fra333_lab1_25) by extension 'ignore'
[0.150s] Level 1:colcon.colcon_core.package_identification:_identify(src/fra333_lab1_25) by extension 'ignore_ament_install'
[0.150s] Level 1:colcon.colcon_core.package_identification:_identify(src/fra333_lab1_25) by extensions ['colcon_pkg']
[0.150s] Level 1:colcon.colcon_core.package_identification:_identify(src/fra333_lab1_25) by extension 'colcon_pkg'
[0.150s] Level 1:colcon.colcon_core.package_identification:_identify(src/fra333_lab1_25) by extensions ['colcon_meta']
[0.150s] Level 1:colcon.colcon_core.package_identification:_identify(src/fra333_lab1_25) by extension 'colcon_meta'
[0.150s] Level 1:colcon.colcon_core.package_identification:_identify(src/fra333_lab1_25) by extensions ['ros']
[0.150s] Level 1:colcon.colcon_core.package_identification:_identify(src/fra333_lab1_25) by extension 'ros'
[0.150s] Level 1:colcon.colcon_core.package_identification:_identify(src/fra333_lab1_25) by extensions ['cmake', 'python']
[0.150s] Level 1:colcon.colcon_core.package_identification:_identify(src/fra333_lab1_25) by extension 'cmake'
[0.150s] Level 1:colcon.colcon_core.package_identification:_identify(src/fra333_lab1_25) by extension 'python'
[0.150s] Level 1:colcon.colcon_core.package_identification:_identify(src/fra333_lab1_25) by extensions ['python_setup_py']
[0.150s] Level 1:colcon.colcon_core.package_identification:_identify(src/fra333_lab1_25) by extension 'python_setup_py'
[0.150s] Level 1:colcon.colcon_core.package_identification:_identify(src/fra333_lab1_25/doc) by extensions ['ignore', 'ignore_ament_install']
[0.150s] Level 1:colcon.colcon_core.package_identification:_identify(src/fra333_lab1_25/doc) by extension 'ignore'
[0.150s] Level 1:colcon.colcon_core.package_identification:_identify(src/fra333_lab1_25/doc) by extension 'ignore_ament_install'
[0.150s] Level 1:colcon.colcon_core.package_identification:_identify(src/fra333_lab1_25/doc) by extensions ['colcon_pkg']
[0.150s] Level 1:colcon.colcon_core.package_identification:_identify(src/fra333_lab1_25/doc) by extension 'colcon_pkg'
[0.150s] Level 1:colcon.colcon_core.package_identification:_identify(src/fra333_lab1_25/doc) by extensions ['colcon_meta']
[0.150s] Level 1:colcon.colcon_core.package_identification:_identify(src/fra333_lab1_25/doc) by extension 'colcon_meta'
[0.150s] Level 1:colcon.colcon_core.package_identification:_identify(src/fra333_lab1_25/doc) by extensions ['ros']
[0.150s] Level 1:colcon.colcon_core.package_identification:_identify(src/fra333_lab1_25/doc) by extension 'ros'
[0.150s] Level 1:colcon.colcon_core.package_identification:_identify(src/fra333_lab1_25/doc) by extensions ['cmake', 'python']
[0.151s] Level 1:colcon.colcon_core.package_identification:_identify(src/fra333_lab1_25/doc) by extension 'cmake'
[0.151s] Level 1:colcon.colcon_core.package_identification:_identify(src/fra333_lab1_25/doc) by extension 'python'
[0.151s] Level 1:colcon.colcon_core.package_identification:_identify(src/fra333_lab1_25/doc) by extensions ['python_setup_py']
[0.151s] Level 1:colcon.colcon_core.package_identification:_identify(src/fra333_lab1_25/doc) by extension 'python_setup_py'
[0.151s] Level 1:colcon.colcon_core.package_identification:_identify(src/fra333_lab1_25/doc/pic) by extensions ['ignore', 'ignore_ament_install']
[0.151s] Level 1:colcon.colcon_core.package_identification:_identify(src/fra333_lab1_25/doc/pic) by extension 'ignore'
[0.151s] Level 1:colcon.colcon_core.package_identification:_identify(src/fra333_lab1_25/doc/pic) by extension 'ignore_ament_install'
[0.151s] Level 1:colcon.colcon_core.package_identification:_identify(src/fra333_lab1_25/doc/pic) by extensions ['colcon_pkg']
[0.151s] Level 1:colcon.colcon_core.package_identification:_identify(src/fra333_lab1_25/doc/pic) by extension 'colcon_pkg'
[0.151s] Level 1:colcon.colcon_core.package_identification:_identify(src/fra333_lab1_25/doc/pic) by extensions ['colcon_meta']
[0.151s] Level 1:colcon.colcon_core.package_identification:_identify(src/fra333_lab1_25/doc/pic) by extension 'colcon_meta'
[0.151s] Level 1:colcon.colcon_core.package_identification:_identify(src/fra333_lab1_25/doc/pic) by extensions ['ros']
[0.151s] Level 1:colcon.colcon_core.package_identification:_identify(src/fra333_lab1_25/doc/pic) by extension 'ros'
[0.151s] Level 1:colcon.colcon_core.package_identification:_identify(src/fra333_lab1_25/doc/pic) by extensions ['cmake', 'python']
[0.151s] Level 1:colcon.colcon_core.package_identification:_identify(src/fra333_lab1_25/doc/pic) by extension 'cmake'
[0.151s] Level 1:colcon.colcon_core.package_identification:_identify(src/fra333_lab1_25/doc/pic) by extension 'python'
[0.151s] Level 1:colcon.colcon_core.package_identification:_identify(src/fra333_lab1_25/doc/pic) by extensions ['python_setup_py']
[0.151s] Level 1:colcon.colcon_core.package_identification:_identify(src/fra333_lab1_25/doc/pic) by extension 'python_setup_py'
[0.151s] Level 1:colcon.colcon_core.package_identification:_identify(src/fra333_lab1_25/fra333_lab1_25) by extensions ['ignore', 'ignore_ament_install']
[0.151s] Level 1:colcon.colcon_core.package_identification:_identify(src/fra333_lab1_25/fra333_lab1_25) by extension 'ignore'
[0.151s] Level 1:colcon.colcon_core.package_identification:_identify(src/fra333_lab1_25/fra333_lab1_25) by extension 'ignore_ament_install'
[0.151s] Level 1:colcon.colcon_core.package_identification:_identify(src/fra333_lab1_25/fra333_lab1_25) by extensions ['colcon_pkg']
[0.151s] Level 1:colcon.colcon_core.package_identification:_identify(src/fra333_lab1_25/fra333_lab1_25) by extension 'colcon_pkg'
[0.151s] Level 1:colcon.colcon_core.package_identification:_identify(src/fra333_lab1_25/fra333_lab1_25) by extensions ['colcon_meta']
[0.151s] Level 1:colcon.colcon_core.package_identification:_identify(src/fra333_lab1_25/fra333_lab1_25) by extension 'colcon_meta'
[0.151s] Level 1:colcon.colcon_core.package_identification:_identify(src/fra333_lab1_25/fra333_lab1_25) by extensions ['ros']
[0.151s] Level 1:colcon.colcon_core.package_identification:_identify(src/fra333_lab1_25/fra333_lab1_25) by extension 'ros'
[0.154s] DEBUG:colcon.colcon_core.package_identification:Package 'src/fra333_lab1_25/fra333_lab1_25' with type 'ros.ament_cmake' and name 'fra333_lab1_25'
[0.154s] Level 1:colcon.colcon_core.package_identification:_identify(src/fra333_lab1_25/lab1_interfaces) by extensions ['ignore', 'ignore_ament_install']
[0.154s] Level 1:colcon.colcon_core.package_identification:_identify(src/fra333_lab1_25/lab1_interfaces) by extension 'ignore'
[0.154s] Level 1:colcon.colcon_core.package_identification:_identify(src/fra333_lab1_25/lab1_interfaces) by extension 'ignore_ament_install'
[0.154s] Level 1:colcon.colcon_core.package_identification:_identify(src/fra333_lab1_25/lab1_interfaces) by extensions ['colcon_pkg']
[0.154s] Level 1:colcon.colcon_core.package_identification:_identify(src/fra333_lab1_25/lab1_interfaces) by extension 'colcon_pkg'
[0.154s] Level 1:colcon.colcon_core.package_identification:_identify(src/fra333_lab1_25/lab1_interfaces) by extensions ['colcon_meta']
[0.154s] Level 1:colcon.colcon_core.package_identification:_identify(src/fra333_lab1_25/lab1_interfaces) by extension 'colcon_meta'
[0.154s] Level 1:colcon.colcon_core.package_identification:_identify(src/fra333_lab1_25/lab1_interfaces) by extensions ['ros']
[0.154s] Level 1:colcon.colcon_core.package_identification:_identify(src/fra333_lab1_25/lab1_interfaces) by extension 'ros'
[0.154s] DEBUG:colcon.colcon_core.package_identification:Package 'src/fra333_lab1_25/lab1_interfaces' with type 'ros.ament_cmake' and name 'lab1_interfaces'
[0.154s] Level 1:colcon.colcon_core.package_identification:_identify(src/my_first_package) by extensions ['ignore', 'ignore_ament_install']
[0.155s] Level 1:colcon.colcon_core.package_identification:_identify(src/my_first_package) by extension 'ignore'
[0.155s] Level 1:colcon.colcon_core.package_identification:_identify(src/my_first_package) by extension 'ignore_ament_install'
[0.155s] Level 1:colcon.colcon_core.package_identification:_identify(src/my_first_package) by extensions ['colcon_pkg']
[0.155s] Level 1:colcon.colcon_core.package_identification:_identify(src/my_first_package) by extension 'colcon_pkg'
[0.155s] Level 1:colcon.colcon_core.package_identification:_identify(src/my_first_package) by extensions ['colcon_meta']
[0.155s] Level 1:colcon.colcon_core.package_identification:_identify(src/my_first_package) by extension 'colcon_meta'
[0.155s] Level 1:colcon.colcon_core.package_identification:_identify(src/my_first_package) by extensions ['ros']
[0.155s] Level 1:colcon.colcon_core.package_identification:_identify(src/my_first_package) by extension 'ros'
[0.155s] DEBUG:colcon.colcon_core.package_identification:Package 'src/my_first_package' with type 'ros.ament_cmake' and name 'my_first_package'
[0.155s] Level 1:colcon.colcon_core.package_discovery:discover_packages(recursive) using defaults
[0.155s] Level 1:colcon.colcon_core.package_discovery:discover_packages(ignore) discover
[0.155s] Level 1:colcon.colcon_core.package_discovery:discover_packages(ignore) using defaults
[0.155s] Level 1:colcon.colcon_core.package_discovery:discover_packages(path) discover
[0.155s] Level 1:colcon.colcon_core.package_discovery:discover_packages(path) using defaults
[0.174s] Level 1:colcon.colcon_core.package_discovery:discover_packages(prefix_path) check parameters
[0.174s] Level 1:colcon.colcon_core.package_discovery:discover_packages(prefix_path) discover
[0.177s] DEBUG:colcon.colcon_installed_package_information.package_discovery:Found 265 installed packages in /opt/ros/foxy
[0.178s] Level 1:colcon.colcon_core.package_discovery:discover_packages(prefix_path) using defaults
[0.239s] Level 5:colcon.colcon_core.verb:set package 'fra333_lab1_25' build argument 'cmake_args' from command line to 'None'
[0.239s] Level 5:colcon.colcon_core.verb:set package 'fra333_lab1_25' build argument 'cmake_target' from command line to 'None'
[0.239s] Level 5:colcon.colcon_core.verb:set package 'fra333_lab1_25' build argument 'cmake_target_skip_unavailable' from command line to 'False'
[0.239s] Level 5:colcon.colcon_core.verb:set package 'fra333_lab1_25' build argument 'cmake_clean_cache' from command line to 'False'
[0.239s] Level 5:colcon.colcon_core.verb:set package 'fra333_lab1_25' build argument 'cmake_clean_first' from command line to 'False'
[0.239s] Level 5:colcon.colcon_core.verb:set package 'fra333_lab1_25' build argument 'cmake_force_configure' from command line to 'False'
[0.239s] Level 5:colcon.colcon_core.verb:set package 'fra333_lab1_25' build argument 'ament_cmake_args' from command line to 'None'
[0.239s] Level 5:colcon.colcon_core.verb:set package 'fra333_lab1_25' build argument 'catkin_cmake_args' from command line to 'None'
[0.239s] Level 5:colcon.colcon_core.verb:set package 'fra333_lab1_25' build argument 'catkin_skip_building_tests' from command line to 'False'
[0.239s] DEBUG:colcon.colcon_core.verb:Building package 'fra333_lab1_25' with the following arguments: {'ament_cmake_args': None, 'build_base': '/home/azthorax/fra333_ws/build/fra333_lab1_25', 'catkin_cmake_args': None, 'catkin_skip_building_tests': False, 'cmake_args': None, 'cmake_clean_cache': False, 'cmake_clean_first': False, 'cmake_force_configure': False, 'cmake_target': None, 'cmake_target_skip_unavailable': False, 'install_base': '/home/azthorax/fra333_ws/install/fra333_lab1_25', 'merge_install': False, 'path': '/home/azthorax/fra333_ws/src/fra333_lab1_25/fra333_lab1_25', 'symlink_install': False, 'test_result_base': None}
[0.240s] Level 5:colcon.colcon_core.verb:set package 'lab1_interfaces' build argument 'cmake_args' from command line to 'None'
[0.240s] Level 5:colcon.colcon_core.verb:set package 'lab1_interfaces' build argument 'cmake_target' from command line to 'None'
[0.240s] Level 5:colcon.colcon_core.verb:set package 'lab1_interfaces' build argument 'cmake_target_skip_unavailable' from command line to 'False'
[0.240s] Level 5:colcon.colcon_core.verb:set package 'lab1_interfaces' build argument 'cmake_clean_cache' from command line to 'False'
[0.240s] Level 5:colcon.colcon_core.verb:set package 'lab1_interfaces' build argument 'cmake_clean_first' from command line to 'False'
[0.240s] Level 5:colcon.colcon_core.verb:set package 'lab1_interfaces' build argument 'cmake_force_configure' from command line to 'False'
[0.240s] Level 5:colcon.colcon_core.verb:set package 'lab1_interfaces' build argument 'ament_cmake_args' from command line to 'None'
[0.240s] Level 5:colcon.colcon_core.verb:set package 'lab1_interfaces' build argument 'catkin_cmake_args' from command line to 'None'
[0.240s] Level 5:colcon.colcon_core.verb:set package 'lab1_interfaces' build argument 'catkin_skip_building_tests' from command line to 'False'
[0.240s] DEBUG:colcon.colcon_core.verb:Building package 'lab1_interfaces' with the following arguments: {'ament_cmake_args': None, 'build_base': '/home/azthorax/fra333_ws/build/lab1_interfaces', 'catkin_cmake_args': None, 'catkin_skip_building_tests': False, 'cmake_args': None, 'cmake_clean_cache': False, 'cmake_clean_first': False, 'cmake_force_configure': False, 'cmake_target': None, 'cmake_target_skip_unavailable': False, 'install_base': '/home/azthorax/fra333_ws/install/lab1_interfaces', 'merge_install': False, 'path': '/home/azthorax/fra333_ws/src/fra333_lab1_25/lab1_interfaces', 'symlink_install': False, 'test_result_base': None}
[0.241s] Level 5:colcon.colcon_core.verb:set package 'my_first_package' build argument 'cmake_args' from command line to 'None'
[0.241s] Level 5:colcon.colcon_core.verb:set package 'my_first_package' build argument 'cmake_target' from command line to 'None'
[0.241s] Level 5:colcon.colcon_core.verb:set package 'my_first_package' build argument 'cmake_target_skip_unavailable' from command line to 'False'
[0.241s] Level 5:colcon.colcon_core.verb:set package 'my_first_package' build argument 'cmake_clean_cache' from command line to 'False'
[0.241s] Level 5:colcon.colcon_core.verb:set package 'my_first_package' build argument 'cmake_clean_first' from command line to 'False'
[0.241s] Level 5:colcon.colcon_core.verb:set package 'my_first_package' build argument 'cmake_force_configure' from command line to 'False'
[0.241s] Level 5:colcon.colcon_core.verb:set package 'my_first_package' build argument 'ament_cmake_args' from command line to 'None'
[0.241s] Level 5:colcon.colcon_core.verb:set package 'my_first_package' build argument 'catkin_cmake_args' from command line to 'None'
[0.241s] Level 5:colcon.colcon_core.verb:set package 'my_first_package' build argument 'catkin_skip_building_tests' from command line to 'False'
[0.241s] DEBUG:colcon.colcon_core.verb:Building package 'my_first_package' with the following arguments: {'ament_cmake_args': None, 'build_base': '/home/azthorax/fra333_ws/build/my_first_package', 'catkin_cmake_args': None, 'catkin_skip_building_tests': False, 'cmake_args': None, 'cmake_clean_cache': False, 'cmake_clean_first': False, 'cmake_force_configure': False, 'cmake_target': None, 'cmake_target_skip_unavailable': False, 'install_base': '/home/azthorax/fra333_ws/install/my_first_package', 'merge_install': False, 'path': '/home/azthorax/fra333_ws/src/my_first_package', 'symlink_install': False, 'test_result_base': None}
[0.242s] INFO:colcon.colcon_core.executor:Executing jobs using 'parallel' executor
[0.246s] DEBUG:colcon.colcon_parallel_executor.executor.parallel:run_until_complete
[0.246s] INFO:colcon.colcon_ros.task.ament_cmake.build:Building ROS package in '/home/azthorax/fra333_ws/src/fra333_lab1_25/fra333_lab1_25' with build type 'ament_cmake'
[0.246s] INFO:colcon.colcon_cmake.task.cmake.build:Building CMake package in '/home/azthorax/fra333_ws/src/fra333_lab1_25/fra333_lab1_25'
[0.250s] INFO:colcon.colcon_core.plugin_system:Skipping extension 'colcon_core.shell.bat': Not used on non-Windows systems
[0.251s] INFO:colcon.colcon_core.shell:Skip shell extension 'powershell' for command environment: Not usable outside of PowerShell
[0.251s] DEBUG:colcon.colcon_core.shell:Skip shell extension 'dsv' for command environment
[0.256s] INFO:colcon.colcon_ros.task.ament_cmake.build:Building ROS package in '/home/azthorax/fra333_ws/src/fra333_lab1_25/lab1_interfaces' with build type 'ament_cmake'
[0.256s] INFO:colcon.colcon_cmake.task.cmake.build:Building CMake package in '/home/azthorax/fra333_ws/src/fra333_lab1_25/lab1_interfaces'
[0.258s] INFO:colcon.colcon_core.shell:Skip shell extension 'powershell' for command environment: Not usable outside of PowerShell
[0.258s] DEBUG:colcon.colcon_core.shell:Skip shell extension 'dsv' for command environment
[0.263s] INFO:colcon.colcon_ros.task.ament_cmake.build:Building ROS package in '/home/azthorax/fra333_ws/src/my_first_package' with build type 'ament_cmake'
[0.263s] INFO:colcon.colcon_cmake.task.cmake.build:Building CMake package in '/home/azthorax/fra333_ws/src/my_first_package'
[0.265s] INFO:colcon.colcon_core.shell:Skip shell extension 'powershell' for command environment: Not usable outside of PowerShell
[0.265s] DEBUG:colcon.colcon_core.shell:Skip shell extension 'dsv' for command environment
[0.276s] DEBUG:colcon.colcon_core.event_handler.log_command:Invoking command in '/home/azthorax/fra333_ws/build/fra333_lab1_25': CMAKE_PREFIX_PATH=/opt/ros/foxy /usr/bin/cmake /home/azthorax/fra333_ws/src/fra333_lab1_25/fra333_lab1_25 -DCMAKE_INSTALL_PREFIX=/home/azthorax/fra333_ws/install/fra333_lab1_25
[0.279s] DEBUG:colcon.colcon_core.event_handler.log_command:Invoking command in '/home/azthorax/fra333_ws/build/lab1_interfaces': CMAKE_PREFIX_PATH=/opt/ros/foxy /usr/bin/cmake /home/azthorax/fra333_ws/src/fra333_lab1_25/lab1_interfaces -DCMAKE_INSTALL_PREFIX=/home/azthorax/fra333_ws/install/lab1_interfaces
[0.285s] DEBUG:colcon.colcon_core.event_handler.log_command:Invoking command in '/home/azthorax/fra333_ws/build/my_first_package': CMAKE_PREFIX_PATH=/opt/ros/foxy /usr/bin/cmake /home/azthorax/fra333_ws/src/my_first_package -DCMAKE_INSTALL_PREFIX=/home/azthorax/fra333_ws/install/my_first_package
[1.791s] DEBUG:colcon.colcon_core.event_handler.log_command:Invoked command in '/home/azthorax/fra333_ws/build/fra333_lab1_25' returned '0': CMAKE_PREFIX_PATH=/opt/ros/foxy /usr/bin/cmake /home/azthorax/fra333_ws/src/fra333_lab1_25/fra333_lab1_25 -DCMAKE_INSTALL_PREFIX=/home/azthorax/fra333_ws/install/fra333_lab1_25
[1.795s] DEBUG:colcon.colcon_core.event_handler.log_command:Invoking command in '/home/azthorax/fra333_ws/build/fra333_lab1_25': CMAKE_PREFIX_PATH=/opt/ros/foxy /usr/bin/cmake --build /home/azthorax/fra333_ws/build/fra333_lab1_25 -- -j12 -l12
[1.829s] DEBUG:colcon.colcon_core.event_handler.log_command:Invoked command in '/home/azthorax/fra333_ws/build/fra333_lab1_25' returned '0': CMAKE_PREFIX_PATH=/opt/ros/foxy /usr/bin/cmake --build /home/azthorax/fra333_ws/build/fra333_lab1_25 -- -j12 -l12
[1.863s] DEBUG:colcon.colcon_core.event_handler.log_command:Invoking command in '/home/azthorax/fra333_ws/build/fra333_lab1_25': CMAKE_PREFIX_PATH=/opt/ros/foxy /usr/bin/cmake --install /home/azthorax/fra333_ws/build/fra333_lab1_25
[1.865s] DEBUG:colcon.colcon_core.event_handler.log_command:Invoked command in '/home/azthorax/fra333_ws/build/lab1_interfaces' returned '0': CMAKE_PREFIX_PATH=/opt/ros/foxy /usr/bin/cmake /home/azthorax/fra333_ws/src/fra333_lab1_25/lab1_interfaces -DCMAKE_INSTALL_PREFIX=/home/azthorax/fra333_ws/install/lab1_interfaces
[1.869s] DEBUG:colcon.colcon_core.event_handler.log_command:Invoking command in '/home/azthorax/fra333_ws/build/lab1_interfaces': CMAKE_PREFIX_PATH=/opt/ros/foxy /usr/bin/cmake --build /home/azthorax/fra333_ws/build/lab1_interfaces -- -j12 -l12
[1.907s] Level 1:colcon.colcon_core.environment:create_environment_scripts_only(fra333_lab1_25)
[1.908s] DEBUG:colcon.colcon_core.event_handler.log_command:Invoked command in '/home/azthorax/fra333_ws/build/fra333_lab1_25' returned '0': CMAKE_PREFIX_PATH=/opt/ros/foxy /usr/bin/cmake --install /home/azthorax/fra333_ws/build/fra333_lab1_25
[1.914s] Level 1:colcon.colcon_core.environment:checking '/home/azthorax/fra333_ws/install/fra333_lab1_25' for CMake module files
[1.914s] Level 1:colcon.colcon_core.environment:checking '/home/azthorax/fra333_ws/install/fra333_lab1_25' for CMake config files
[1.914s] Level 1:colcon.colcon_core.shell:create_environment_hook('fra333_lab1_25', 'cmake_prefix_path')
[1.916s] INFO:colcon.colcon_core.shell:Creating environment hook '/home/azthorax/fra333_ws/install/fra333_lab1_25/share/fra333_lab1_25/hook/cmake_prefix_path.ps1'
[1.916s] INFO:colcon.colcon_core.shell:Creating environment descriptor '/home/azthorax/fra333_ws/install/fra333_lab1_25/share/fra333_lab1_25/hook/cmake_prefix_path.dsv'
[1.917s] INFO:colcon.colcon_core.shell:Creating environment hook '/home/azthorax/fra333_ws/install/fra333_lab1_25/share/fra333_lab1_25/hook/cmake_prefix_path.sh'
[1.918s] Level 1:colcon.colcon_core.environment:checking '/home/azthorax/fra333_ws/install/fra333_lab1_25/lib'
[1.918s] Level 1:colcon.colcon_core.environment:checking '/home/azthorax/fra333_ws/install/fra333_lab1_25/bin'
[1.918s] Level 1:colcon.colcon_core.environment:checking '/home/azthorax/fra333_ws/install/fra333_lab1_25/lib/pkgconfig/fra333_lab1_25.pc'
[1.918s] Level 1:colcon.colcon_core.environment:checking '/home/azthorax/fra333_ws/install/fra333_lab1_25/lib/python3.8/site-packages'
[1.918s] Level 1:colcon.colcon_core.shell:create_environment_hook('fra333_lab1_25', 'pythonpath')
[1.919s] INFO:colcon.colcon_core.shell:Creating environment hook '/home/azthorax/fra333_ws/install/fra333_lab1_25/share/fra333_lab1_25/hook/pythonpath.ps1'
[1.920s] INFO:colcon.colcon_core.shell:Creating environment descriptor '/home/azthorax/fra333_ws/install/fra333_lab1_25/share/fra333_lab1_25/hook/pythonpath.dsv'
[1.920s] INFO:colcon.colcon_core.shell:Creating environment hook '/home/azthorax/fra333_ws/install/fra333_lab1_25/share/fra333_lab1_25/hook/pythonpath.sh'
[1.921s] Level 1:colcon.colcon_core.environment:checking '/home/azthorax/fra333_ws/install/fra333_lab1_25/bin'
[1.922s] INFO:colcon.colcon_core.shell:Creating package script '/home/azthorax/fra333_ws/install/fra333_lab1_25/share/fra333_lab1_25/package.ps1'
[1.923s] INFO:colcon.colcon_core.shell:Creating package descriptor '/home/azthorax/fra333_ws/install/fra333_lab1_25/share/fra333_lab1_25/package.dsv'
[1.923s] INFO:colcon.colcon_core.shell:Creating package script '/home/azthorax/fra333_ws/install/fra333_lab1_25/share/fra333_lab1_25/package.sh'
[1.925s] INFO:colcon.colcon_core.shell:Creating package script '/home/azthorax/fra333_ws/install/fra333_lab1_25/share/fra333_lab1_25/package.bash'
[1.925s] INFO:colcon.colcon_core.shell:Creating package script '/home/azthorax/fra333_ws/install/fra333_lab1_25/share/fra333_lab1_25/package.zsh'
[1.926s] Level 1:colcon.colcon_core.environment:create_file_with_runtime_dependencies(/home/azthorax/fra333_ws/install/fra333_lab1_25/share/colcon-core/packages/fra333_lab1_25)
[1.949s] Level 1:colcon.colcon_core.environment:create_environment_scripts_only(fra333_lab1_25)
[1.954s] Level 1:colcon.colcon_core.environment:checking '/home/azthorax/fra333_ws/install/fra333_lab1_25' for CMake module files
[1.955s] Level 1:colcon.colcon_core.environment:checking '/home/azthorax/fra333_ws/install/fra333_lab1_25' for CMake config files
[1.955s] Level 1:colcon.colcon_core.shell:create_environment_hook('fra333_lab1_25', 'cmake_prefix_path')
[1.958s] INFO:colcon.colcon_core.shell:Creating environment hook '/home/azthorax/fra333_ws/install/fra333_lab1_25/share/fra333_lab1_25/hook/cmake_prefix_path.ps1'
[1.959s] INFO:colcon.colcon_core.shell:Creating environment descriptor '/home/azthorax/fra333_ws/install/fra333_lab1_25/share/fra333_lab1_25/hook/cmake_prefix_path.dsv'
[1.959s] INFO:colcon.colcon_core.shell:Creating environment hook '/home/azthorax/fra333_ws/install/fra333_lab1_25/share/fra333_lab1_25/hook/cmake_prefix_path.sh'
[1.960s] Level 1:colcon.colcon_core.environment:checking '/home/azthorax/fra333_ws/install/fra333_lab1_25/lib'
[1.960s] Level 1:colcon.colcon_core.environment:checking '/home/azthorax/fra333_ws/install/fra333_lab1_25/bin'
[1.960s] Level 1:colcon.colcon_core.environment:checking '/home/azthorax/fra333_ws/install/fra333_lab1_25/lib/pkgconfig/fra333_lab1_25.pc'
[1.960s] Level 1:colcon.colcon_core.environment:checking '/home/azthorax/fra333_ws/install/fra333_lab1_25/lib/python3.8/site-packages'
[1.960s] Level 1:colcon.colcon_core.shell:create_environment_hook('fra333_lab1_25', 'pythonpath')
[1.961s] INFO:colcon.colcon_core.shell:Creating environment hook '/home/azthorax/fra333_ws/install/fra333_lab1_25/share/fra333_lab1_25/hook/pythonpath.ps1'
[1.962s] INFO:colcon.colcon_core.shell:Creating environment descriptor '/home/azthorax/fra333_ws/install/fra333_lab1_25/share/fra333_lab1_25/hook/pythonpath.dsv'
[1.962s] INFO:colcon.colcon_core.shell:Creating environment hook '/home/azthorax/fra333_ws/install/fra333_lab1_25/share/fra333_lab1_25/hook/pythonpath.sh'
[1.962s] Level 1:colcon.colcon_core.environment:checking '/home/azthorax/fra333_ws/install/fra333_lab1_25/bin'
[1.964s] INFO:colcon.colcon_core.shell:Creating package script '/home/azthorax/fra333_ws/install/fra333_lab1_25/share/fra333_lab1_25/package.ps1'
[1.964s] INFO:colcon.colcon_core.shell:Creating package descriptor '/home/azthorax/fra333_ws/install/fra333_lab1_25/share/fra333_lab1_25/package.dsv'
[1.965s] INFO:colcon.colcon_core.shell:Creating package script '/home/azthorax/fra333_ws/install/fra333_lab1_25/share/fra333_lab1_25/package.sh'
[1.965s] INFO:colcon.colcon_core.shell:Creating package script '/home/azthorax/fra333_ws/install/fra333_lab1_25/share/fra333_lab1_25/package.bash'
[1.965s] INFO:colcon.colcon_core.shell:Creating package script '/home/azthorax/fra333_ws/install/fra333_lab1_25/share/fra333_lab1_25/package.zsh'
[1.966s] Level 1:colcon.colcon_core.environment:create_file_with_runtime_dependencies(/home/azthorax/fra333_ws/install/fra333_lab1_25/share/colcon-core/packages/fra333_lab1_25)
[2.691s] DEBUG:colcon.colcon_core.event_handler.log_command:Invoked command in '/home/azthorax/fra333_ws/build/my_first_package' returned '0': CMAKE_PREFIX_PATH=/opt/ros/foxy /usr/bin/cmake /home/azthorax/fra333_ws/src/my_first_package -DCMAKE_INSTALL_PREFIX=/home/azthorax/fra333_ws/install/my_first_package
[2.694s] DEBUG:colcon.colcon_core.event_handler.log_command:Invoking command in '/home/azthorax/fra333_ws/build/my_first_package': CMAKE_PREFIX_PATH=/opt/ros/foxy /usr/bin/cmake --build /home/azthorax/fra333_ws/build/my_first_package -- -j12 -l12
[4.855s] DEBUG:colcon.colcon_core.event_handler.log_command:Invoked command in '/home/azthorax/fra333_ws/build/lab1_interfaces' returned '0': CMAKE_PREFIX_PATH=/opt/ros/foxy /usr/bin/cmake --build /home/azthorax/fra333_ws/build/lab1_interfaces -- -j12 -l12
[4.973s] DEBUG:colcon.colcon_core.event_handler.log_command:Invoking command in '/home/azthorax/fra333_ws/build/lab1_interfaces': CMAKE_PREFIX_PATH=/opt/ros/foxy /usr/bin/cmake --install /home/azthorax/fra333_ws/build/lab1_interfaces
[5.092s] Level 1:colcon.colcon_core.environment:create_environment_scripts_only(lab1_interfaces)
[5.095s] Level 1:colcon.colcon_core.environment:checking '/home/azthorax/fra333_ws/install/lab1_interfaces' for CMake module files
[5.096s] DEBUG:colcon.colcon_core.event_handler.log_command:Invoked command in '/home/azthorax/fra333_ws/build/lab1_interfaces' returned '0': CMAKE_PREFIX_PATH=/opt/ros/foxy /usr/bin/cmake --install /home/azthorax/fra333_ws/build/lab1_interfaces
[5.097s] Level 1:colcon.colcon_core.environment:checking '/home/azthorax/fra333_ws/install/lab1_interfaces' for CMake config files
[5.097s] Level 1:colcon.colcon_core.shell:create_environment_hook('lab1_interfaces', 'cmake_prefix_path')
[5.100s] INFO:colcon.colcon_core.shell:Creating environment hook '/home/azthorax/fra333_ws/install/lab1_interfaces/share/lab1_interfaces/hook/cmake_prefix_path.ps1'
[5.100s] INFO:colcon.colcon_core.shell:Creating environment descriptor '/home/azthorax/fra333_ws/install/lab1_interfaces/share/lab1_interfaces/hook/cmake_prefix_path.dsv'
[5.101s] INFO:colcon.colcon_core.shell:Creating environment hook '/home/azthorax/fra333_ws/install/lab1_interfaces/share/lab1_interfaces/hook/cmake_prefix_path.sh'
[5.102s] Level 1:colcon.colcon_core.environment:checking '/home/azthorax/fra333_ws/install/lab1_interfaces/lib'
[5.102s] Level 1:colcon.colcon_core.shell:create_environment_hook('lab1_interfaces', 'ld_library_path_lib')
[5.104s] INFO:colcon.colcon_core.shell:Creating environment hook '/home/azthorax/fra333_ws/install/lab1_interfaces/share/lab1_interfaces/hook/ld_library_path_lib.ps1'
[5.105s] INFO:colcon.colcon_core.shell:Creating environment descriptor '/home/azthorax/fra333_ws/install/lab1_interfaces/share/lab1_interfaces/hook/ld_library_path_lib.dsv'
[5.105s] INFO:colcon.colcon_core.shell:Creating environment hook '/home/azthorax/fra333_ws/install/lab1_interfaces/share/lab1_interfaces/hook/ld_library_path_lib.sh'
[5.106s] Level 1:colcon.colcon_core.environment:checking '/home/azthorax/fra333_ws/install/lab1_interfaces/bin'
[5.106s] Level 1:colcon.colcon_core.environment:checking '/home/azthorax/fra333_ws/install/lab1_interfaces/lib/pkgconfig/lab1_interfaces.pc'
[5.106s] Level 1:colcon.colcon_core.environment:checking '/home/azthorax/fra333_ws/install/lab1_interfaces/lib/python3.8/site-packages'
[5.106s] Level 1:colcon.colcon_core.shell:create_environment_hook('lab1_interfaces', 'pythonpath')
[5.108s] INFO:colcon.colcon_core.shell:Creating environment hook '/home/azthorax/fra333_ws/install/lab1_interfaces/share/lab1_interfaces/hook/pythonpath.ps1'
[5.109s] INFO:colcon.colcon_core.shell:Creating environment descriptor '/home/azthorax/fra333_ws/install/lab1_interfaces/share/lab1_interfaces/hook/pythonpath.dsv'
[5.109s] INFO:colcon.colcon_core.shell:Creating environment hook '/home/azthorax/fra333_ws/install/lab1_interfaces/share/lab1_interfaces/hook/pythonpath.sh'
[5.110s] Level 1:colcon.colcon_core.environment:checking '/home/azthorax/fra333_ws/install/lab1_interfaces/bin'
[5.113s] INFO:colcon.colcon_core.shell:Creating package script '/home/azthorax/fra333_ws/install/lab1_interfaces/share/lab1_interfaces/package.ps1'
[5.113s] INFO:colcon.colcon_core.shell:Creating package descriptor '/home/azthorax/fra333_ws/install/lab1_interfaces/share/lab1_interfaces/package.dsv'
[5.114s] INFO:colcon.colcon_core.shell:Creating package script '/home/azthorax/fra333_ws/install/lab1_interfaces/share/lab1_interfaces/package.sh'
[5.115s] INFO:colcon.colcon_core.shell:Creating package script '/home/azthorax/fra333_ws/install/lab1_interfaces/share/lab1_interfaces/package.bash'
[5.116s] INFO:colcon.colcon_core.shell:Creating package script '/home/azthorax/fra333_ws/install/lab1_interfaces/share/lab1_interfaces/package.zsh'
[5.116s] Level 1:colcon.colcon_core.environment:create_file_with_runtime_dependencies(/home/azthorax/fra333_ws/install/lab1_interfaces/share/colcon-core/packages/lab1_interfaces)
[5.165s] Level 1:colcon.colcon_core.environment:create_environment_scripts_only(lab1_interfaces)
[5.169s] Level 1:colcon.colcon_core.environment:checking '/home/azthorax/fra333_ws/install/lab1_interfaces' for CMake module files
[5.169s] Level 1:colcon.colcon_core.environment:checking '/home/azthorax/fra333_ws/install/lab1_interfaces' for CMake config files
[5.170s] Level 1:colcon.colcon_core.shell:create_environment_hook('lab1_interfaces', 'cmake_prefix_path')
[5.172s] INFO:colcon.colcon_core.shell:Creating environment hook '/home/azthorax/fra333_ws/install/lab1_interfaces/share/lab1_interfaces/hook/cmake_prefix_path.ps1'
[5.173s] INFO:colcon.colcon_core.shell:Creating environment descriptor '/home/azthorax/fra333_ws/install/lab1_interfaces/share/lab1_interfaces/hook/cmake_prefix_path.dsv'
[5.173s] INFO:colcon.colcon_core.shell:Creating environment hook '/home/azthorax/fra333_ws/install/lab1_interfaces/share/lab1_interfaces/hook/cmake_prefix_path.sh'
[5.174s] Level 1:colcon.colcon_core.environment:checking '/home/azthorax/fra333_ws/install/lab1_interfaces/lib'
[5.174s] Level 1:colcon.colcon_core.shell:create_environment_hook('lab1_interfaces', 'ld_library_path_lib')
[5.176s] INFO:colcon.colcon_core.shell:Creating environment hook '/home/azthorax/fra333_ws/install/lab1_interfaces/share/lab1_interfaces/hook/ld_library_path_lib.ps1'
[5.177s] INFO:colcon.colcon_core.shell:Creating environment descriptor '/home/azthorax/fra333_ws/install/lab1_interfaces/share/lab1_interfaces/hook/ld_library_path_lib.dsv'
[5.177s] INFO:colcon.colcon_core.shell:Creating environment hook '/home/azthorax/fra333_ws/install/lab1_interfaces/share/lab1_interfaces/hook/ld_library_path_lib.sh'
[5.178s] Level 1:colcon.colcon_core.environment:checking '/home/azthorax/fra333_ws/install/lab1_interfaces/bin'
[5.178s] Level 1:colcon.colcon_core.environment:checking '/home/azthorax/fra333_ws/install/lab1_interfaces/lib/pkgconfig/lab1_interfaces.pc'
[5.178s] Level 1:colcon.colcon_core.environment:checking '/home/azthorax/fra333_ws/install/lab1_interfaces/lib/python3.8/site-packages'
[5.179s] Level 1:colcon.colcon_core.shell:create_environment_hook('lab1_interfaces', 'pythonpath')
[5.181s] INFO:colcon.colcon_core.shell:Creating environment hook '/home/azthorax/fra333_ws/install/lab1_interfaces/share/lab1_interfaces/hook/pythonpath.ps1'
[5.182s] INFO:colcon.colcon_core.shell:Creating environment descriptor '/home/azthorax/fra333_ws/install/lab1_interfaces/share/lab1_interfaces/hook/pythonpath.dsv'
[5.182s] INFO:colcon.colcon_core.shell:Creating environment hook '/home/azthorax/fra333_ws/install/lab1_interfaces/share/lab1_interfaces/hook/pythonpath.sh'
[5.183s] Level 1:colcon.colcon_core.environment:checking '/home/azthorax/fra333_ws/install/lab1_interfaces/bin'
[5.185s] INFO:colcon.colcon_core.shell:Creating package script '/home/azthorax/fra333_ws/install/lab1_interfaces/share/lab1_interfaces/package.ps1'
[5.186s] INFO:colcon.colcon_core.shell:Creating package descriptor '/home/azthorax/fra333_ws/install/lab1_interfaces/share/lab1_interfaces/package.dsv'
[5.187s] INFO:colcon.colcon_core.shell:Creating package script '/home/azthorax/fra333_ws/install/lab1_interfaces/share/lab1_interfaces/package.sh'
[5.188s] INFO:colcon.colcon_core.shell:Creating package script '/home/azthorax/fra333_ws/install/lab1_interfaces/share/lab1_interfaces/package.bash'
[5.188s] INFO:colcon.colcon_core.shell:Creating package script '/home/azthorax/fra333_ws/install/lab1_interfaces/share/lab1_interfaces/package.zsh'
[5.189s] Level 1:colcon.colcon_core.environment:create_file_with_runtime_dependencies(/home/azthorax/fra333_ws/install/lab1_interfaces/share/colcon-core/packages/lab1_interfaces)
[8.766s] DEBUG:colcon.colcon_core.event_handler.log_command:Invoked command in '/home/azthorax/fra333_ws/build/my_first_package' returned '0': CMAKE_PREFIX_PATH=/opt/ros/foxy /usr/bin/cmake --build /home/azthorax/fra333_ws/build/my_first_package -- -j12 -l12
[8.909s] DEBUG:colcon.colcon_core.event_handler.log_command:Invoking command in '/home/azthorax/fra333_ws/build/my_first_package': CMAKE_PREFIX_PATH=/opt/ros/foxy /usr/bin/cmake --install /home/azthorax/fra333_ws/build/my_first_package
[9.031s] Level 1:colcon.colcon_core.environment:create_environment_scripts_only(my_first_package)
[9.036s] Level 1:colcon.colcon_core.environment:checking '/home/azthorax/fra333_ws/install/my_first_package' for CMake module files
[9.038s] DEBUG:colcon.colcon_core.event_handler.log_command:Invoked command in '/home/azthorax/fra333_ws/build/my_first_package' returned '0': CMAKE_PREFIX_PATH=/opt/ros/foxy /usr/bin/cmake --install /home/azthorax/fra333_ws/build/my_first_package
[9.039s] Level 1:colcon.colcon_core.environment:checking '/home/azthorax/fra333_ws/install/my_first_package' for CMake config files
[9.039s] Level 1:colcon.colcon_core.shell:create_environment_hook('my_first_package', 'cmake_prefix_path')
[9.042s] INFO:colcon.colcon_core.shell:Creating environment hook '/home/azthorax/fra333_ws/install/my_first_package/share/my_first_package/hook/cmake_prefix_path.ps1'
[9.043s] INFO:colcon.colcon_core.shell:Creating environment descriptor '/home/azthorax/fra333_ws/install/my_first_package/share/my_first_package/hook/cmake_prefix_path.dsv'
[9.043s] INFO:colcon.colcon_core.shell:Creating environment hook '/home/azthorax/fra333_ws/install/my_first_package/share/my_first_package/hook/cmake_prefix_path.sh'
[9.044s] Level 1:colcon.colcon_core.environment:checking '/home/azthorax/fra333_ws/install/my_first_package/lib'
[9.044s] Level 1:colcon.colcon_core.shell:create_environment_hook('my_first_package', 'ld_library_path_lib')
[9.047s] INFO:colcon.colcon_core.shell:Creating environment hook '/home/azthorax/fra333_ws/install/my_first_package/share/my_first_package/hook/ld_library_path_lib.ps1'
[9.047s] INFO:colcon.colcon_core.shell:Creating environment descriptor '/home/azthorax/fra333_ws/install/my_first_package/share/my_first_package/hook/ld_library_path_lib.dsv'
[9.047s] INFO:colcon.colcon_core.shell:Creating environment hook '/home/azthorax/fra333_ws/install/my_first_package/share/my_first_package/hook/ld_library_path_lib.sh'
[9.048s] Level 1:colcon.colcon_core.environment:checking '/home/azthorax/fra333_ws/install/my_first_package/bin'
[9.048s] Level 1:colcon.colcon_core.environment:checking '/home/azthorax/fra333_ws/install/my_first_package/lib/pkgconfig/my_first_package.pc'
[9.048s] Level 1:colcon.colcon_core.environment:checking '/home/azthorax/fra333_ws/install/my_first_package/lib/python3.8/site-packages'
[9.048s] Level 1:colcon.colcon_core.shell:create_environment_hook('my_first_package', 'pythonpath')
[9.049s] INFO:colcon.colcon_core.shell:Creating environment hook '/home/azthorax/fra333_ws/install/my_first_package/share/my_first_package/hook/pythonpath.ps1'
[9.049s] INFO:colcon.colcon_core.shell:Creating environment descriptor '/home/azthorax/fra333_ws/install/my_first_package/share/my_first_package/hook/pythonpath.dsv'
[9.050s] INFO:colcon.colcon_core.shell:Creating environment hook '/home/azthorax/fra333_ws/install/my_first_package/share/my_first_package/hook/pythonpath.sh'
[9.050s] Level 1:colcon.colcon_core.environment:checking '/home/azthorax/fra333_ws/install/my_first_package/bin'
[9.051s] INFO:colcon.colcon_core.shell:Creating package script '/home/azthorax/fra333_ws/install/my_first_package/share/my_first_package/package.ps1'
[9.052s] INFO:colcon.colcon_core.shell:Creating package descriptor '/home/azthorax/fra333_ws/install/my_first_package/share/my_first_package/package.dsv'
[9.052s] INFO:colcon.colcon_core.shell:Creating package script '/home/azthorax/fra333_ws/install/my_first_package/share/my_first_package/package.sh'
[9.052s] INFO:colcon.colcon_core.shell:Creating package script '/home/azthorax/fra333_ws/install/my_first_package/share/my_first_package/package.bash'
[9.052s] INFO:colcon.colcon_core.shell:Creating package script '/home/azthorax/fra333_ws/install/my_first_package/share/my_first_package/package.zsh'
[9.053s] Level 1:colcon.colcon_core.environment:create_file_with_runtime_dependencies(/home/azthorax/fra333_ws/install/my_first_package/share/colcon-core/packages/my_first_package)
[9.192s] Level 1:colcon.colcon_core.environment:create_environment_scripts_only(my_first_package)
[9.196s] Level 1:colcon.colcon_core.environment:checking '/home/azthorax/fra333_ws/install/my_first_package' for CMake module files
[9.196s] Level 1:colcon.colcon_core.environment:checking '/home/azthorax/fra333_ws/install/my_first_package' for CMake config files
[9.197s] Level 1:colcon.colcon_core.shell:create_environment_hook('my_first_package', 'cmake_prefix_path')
[9.198s] INFO:colcon.colcon_core.shell:Creating environment hook '/home/azthorax/fra333_ws/install/my_first_package/share/my_first_package/hook/cmake_prefix_path.ps1'
[9.198s] INFO:colcon.colcon_core.shell:Creating environment descriptor '/home/azthorax/fra333_ws/install/my_first_package/share/my_first_package/hook/cmake_prefix_path.dsv'
[9.199s] INFO:colcon.colcon_core.shell:Creating environment hook '/home/azthorax/fra333_ws/install/my_first_package/share/my_first_package/hook/cmake_prefix_path.sh'
[9.199s] Level 1:colcon.colcon_core.environment:checking '/home/azthorax/fra333_ws/install/my_first_package/lib'
[9.199s] Level 1:colcon.colcon_core.shell:create_environment_hook('my_first_package', 'ld_library_path_lib')
[9.200s] INFO:colcon.colcon_core.shell:Creating environment hook '/home/azthorax/fra333_ws/install/my_first_package/share/my_first_package/hook/ld_library_path_lib.ps1'
[9.201s] INFO:colcon.colcon_core.shell:Creating environment descriptor '/home/azthorax/fra333_ws/install/my_first_package/share/my_first_package/hook/ld_library_path_lib.dsv'
[9.201s] INFO:colcon.colcon_core.shell:Creating environment hook '/home/azthorax/fra333_ws/install/my_first_package/share/my_first_package/hook/ld_library_path_lib.sh'
[9.201s] Level 1:colcon.colcon_core.environment:checking '/home/azthorax/fra333_ws/install/my_first_package/bin'
[9.201s] Level 1:colcon.colcon_core.environment:checking '/home/azthorax/fra333_ws/install/my_first_package/lib/pkgconfig/my_first_package.pc'
[9.201s] Level 1:colcon.colcon_core.environment:checking '/home/azthorax/fra333_ws/install/my_first_package/lib/python3.8/site-packages'
[9.201s] Level 1:colcon.colcon_core.shell:create_environment_hook('my_first_package', 'pythonpath')
[9.203s] INFO:colcon.colcon_core.shell:Creating environment hook '/home/azthorax/fra333_ws/install/my_first_package/share/my_first_package/hook/pythonpath.ps1'
[9.203s] INFO:colcon.colcon_core.shell:Creating environment descriptor '/home/azthorax/fra333_ws/install/my_first_package/share/my_first_package/hook/pythonpath.dsv'
[9.203s] INFO:colcon.colcon_core.shell:Creating environment hook '/home/azthorax/fra333_ws/install/my_first_package/share/my_first_package/hook/pythonpath.sh'
[9.204s] Level 1:colcon.colcon_core.environment:checking '/home/azthorax/fra333_ws/install/my_first_package/bin'
[9.205s] INFO:colcon.colcon_core.shell:Creating package script '/home/azthorax/fra333_ws/install/my_first_package/share/my_first_package/package.ps1'
[9.205s] INFO:colcon.colcon_core.shell:Creating package descriptor '/home/azthorax/fra333_ws/install/my_first_package/share/my_first_package/package.dsv'
[9.206s] INFO:colcon.colcon_core.shell:Creating package script '/home/azthorax/fra333_ws/install/my_first_package/share/my_first_package/package.sh'
[9.206s] INFO:colcon.colcon_core.shell:Creating package script '/home/azthorax/fra333_ws/install/my_first_package/share/my_first_package/package.bash'
[9.206s] INFO:colcon.colcon_core.shell:Creating package script '/home/azthorax/fra333_ws/install/my_first_package/share/my_first_package/package.zsh'
[9.207s] Level 1:colcon.colcon_core.environment:create_file_with_runtime_dependencies(/home/azthorax/fra333_ws/install/my_first_package/share/colcon-core/packages/my_first_package)
[9.207s] DEBUG:colcon.colcon_parallel_executor.executor.parallel:closing loop
[9.207s] DEBUG:colcon.colcon_parallel_executor.executor.parallel:loop closed
[9.207s] DEBUG:colcon.colcon_parallel_executor.executor.parallel:run_until_complete finished with '0'
[9.207s] DEBUG:colcon.colcon_core.event_reactor:joining thread
[9.220s] INFO:colcon.colcon_core.plugin_system:Skipping extension 'colcon_notification.desktop_notification.terminal_notifier': Not used on non-Darwin systems
[9.220s] INFO:colcon.colcon_core.plugin_system:Skipping extension 'colcon_notification.desktop_notification.win32': Not used on non-Windows systems
[9.220s] INFO:colcon.colcon_notification.desktop_notification:Sending desktop notification using 'notify2'
[9.242s] DEBUG:colcon.colcon_core.event_reactor:joined thread
[9.246s] INFO:colcon.colcon_core.shell:Creating prefix script '/home/azthorax/fra333_ws/install/local_setup.ps1'
[9.248s] INFO:colcon.colcon_core.shell:Creating prefix util module '/home/azthorax/fra333_ws/install/_local_setup_util_ps1.py'
[9.250s] INFO:colcon.colcon_core.shell:Creating prefix chain script '/home/azthorax/fra333_ws/install/setup.ps1'
[9.252s] INFO:colcon.colcon_core.shell:Creating prefix script '/home/azthorax/fra333_ws/install/local_setup.sh'
[9.252s] INFO:colcon.colcon_core.shell:Creating prefix util module '/home/azthorax/fra333_ws/install/_local_setup_util_sh.py'
[9.253s] INFO:colcon.colcon_core.shell:Creating prefix chain script '/home/azthorax/fra333_ws/install/setup.sh'
[9.254s] INFO:colcon.colcon_core.shell:Creating prefix script '/home/azthorax/fra333_ws/install/local_setup.bash'
[9.254s] INFO:colcon.colcon_core.shell:Creating prefix chain script '/home/azthorax/fra333_ws/install/setup.bash'
[9.255s] INFO:colcon.colcon_core.shell:Creating prefix script '/home/azthorax/fra333_ws/install/local_setup.zsh'
[9.255s] INFO:colcon.colcon_core.shell:Creating prefix chain script '/home/azthorax/fra333_ws/install/setup.zsh'
