[0.053s] Invoking command in '/home/azthorax/fra333_ws/build/ros2_control_demo_3r_robot': CMAKE_PREFIX_PATH=/opt/ros/foxy /usr/bin/cmake /home/azthorax/fra333_ws/src/ros2_control_demo_3r_robot -DAMENT_CMAKE_SYMLINK_INSTALL=1 -DCMAKE_INSTALL_PREFIX=/home/azthorax/fra333_ws/install/ros2_control_demo_3r_robot
[0.144s] -- The C compiler identification is GNU 9.4.0
[0.247s] -- The CXX compiler identification is GNU 9.4.0
[0.259s] -- Check for working C compiler: /usr/bin/cc
[0.371s] -- Check for working C compiler: /usr/bin/cc -- works
[0.372s] -- Detecting C compiler ABI info
[0.486s] -- Detecting C compiler ABI info - done
[0.505s] -- Detecting C compile features
[0.506s] -- Detecting C compile features - done
[0.508s] -- Check for working CXX compiler: /usr/bin/c++
[0.635s] -- Check for working CXX compiler: /usr/bin/c++ -- works
[0.636s] -- Detecting CXX compiler ABI info
[0.770s] -- Detecting CXX compiler ABI info - done
[0.779s] -- Detecting CXX compile features
[0.780s] -- Detecting CXX compile features - done
[0.784s] -- Found rosidl_default_generators: 1.0.1 (/opt/ros/foxy/share/rosidl_default_generators/cmake)
[0.786s] -- Found ament_cmake_core: 0.9.11 (/opt/ros/foxy/share/ament_cmake_core/cmake)
[0.817s] -- Found PythonInterp: /usr/bin/python3 (found suitable version "3.8.10", minimum required is "3") 
[0.817s] -- Using PYTHON_EXECUTABLE: /usr/bin/python3
[1.142s] -- Override CMake install command with custom implementation using symlinks instead of copying resources
[1.151s] -- Using all available rosidl_typesupport_c: rosidl_typesupport_fastrtps_c;rosidl_typesupport_introspection_c
[1.167s] -- Found rosidl_adapter: 1.3.0 (/opt/ros/foxy/share/rosidl_adapter/cmake)
[1.369s] -- Found OpenSSL: /usr/lib/x86_64-linux-gnu/libcrypto.so (found version "1.1.1f")  
[1.406s] -- Found FastRTPS: /opt/ros/foxy/include  
[1.513s] -- Using all available rosidl_typesupport_cpp: rosidl_typesupport_fastrtps_cpp;rosidl_typesupport_introspection_cpp
[1.557s] -- Found geometry_msgs: 2.0.5 (/opt/ros/foxy/share/geometry_msgs/cmake)
[1.665s] -- Found rclcpp: 2.4.2 (/opt/ros/foxy/share/rclcpp/cmake)
[1.727s] -- Found rmw_implementation_cmake: 1.0.3 (/opt/ros/foxy/share/rmw_implementation_cmake/cmake)
[1.729s] -- Using RMW implementation 'rmw_fastrtps_cpp' as default
[1.731s] -- Looking for pthread.h
[1.874s] -- Looking for pthread.h - found
[1.874s] -- Performing Test CMAKE_HAVE_LIBC_PTHREAD
[2.054s] -- Performing Test CMAKE_HAVE_LIBC_PTHREAD - Failed
[2.054s] -- Looking for pthread_create in pthreads
[2.191s] -- Looking for pthread_create in pthreads - not found
[2.191s] -- Looking for pthread_create in pthread
[2.378s] -- Looking for pthread_create in pthread - found
[2.380s] -- Found Threads: TRUE  
[2.588s] -- Found rclpy: 1.0.11 (/opt/ros/foxy/share/rclpy/cmake)
[2.767s] -- Configuring done
[2.770s] -- Generating done
[2.772s] -- Build files have been written to: /home/azthorax/fra333_ws/build/ros2_control_demo_3r_robot
[2.802s] Invoked command in '/home/azthorax/fra333_ws/build/ros2_control_demo_3r_robot' returned '0': CMAKE_PREFIX_PATH=/opt/ros/foxy /usr/bin/cmake /home/azthorax/fra333_ws/src/ros2_control_demo_3r_robot -DAMENT_CMAKE_SYMLINK_INSTALL=1 -DCMAKE_INSTALL_PREFIX=/home/azthorax/fra333_ws/install/ros2_control_demo_3r_robot
[2.805s] Invoking command in '/home/azthorax/fra333_ws/build/ros2_control_demo_3r_robot': CMAKE_PREFIX_PATH=/opt/ros/foxy /usr/bin/cmake --build /home/azthorax/fra333_ws/build/ros2_control_demo_3r_robot -- -j12 -l12
[2.890s] Invoked command in '/home/azthorax/fra333_ws/build/ros2_control_demo_3r_robot' returned '0': CMAKE_PREFIX_PATH=/opt/ros/foxy /usr/bin/cmake --build /home/azthorax/fra333_ws/build/ros2_control_demo_3r_robot -- -j12 -l12
[2.977s] Invoking command in '/home/azthorax/fra333_ws/build/ros2_control_demo_3r_robot': CMAKE_PREFIX_PATH=/opt/ros/foxy /usr/bin/cmake --install /home/azthorax/fra333_ws/build/ros2_control_demo_3r_robot
[2.988s] -- Install configuration: ""
[2.988s] -- Execute custom install script
[2.989s] -- Symlinking: /home/azthorax/fra333_ws/install/ros2_control_demo_3r_robot/share/ros2_control_demo_3r_robot/environment/pythonpath.sh
[3.007s] -- Symlinking: /home/azthorax/fra333_ws/install/ros2_control_demo_3r_robot/share/ros2_control_demo_3r_robot/environment/pythonpath.dsv
[3.019s] -- Symlinking: /home/azthorax/fra333_ws/install/ros2_control_demo_3r_robot/lib/python3.8/site-packages/ros2_control_demo_3r_robot/__init__.py
[3.034s] -- Symlinking: /home/azthorax/fra333_ws/install/ros2_control_demo_3r_robot/lib/ros2_control_demo_3r_robot/trajectory_gen.py
[3.049s] -- Symlinking: /home/azthorax/fra333_ws/install/ros2_control_demo_3r_robot/share/ros2_control_demo_3r_robot/description/example_gazebo.xacro
[3.071s] -- Symlinking: /home/azthorax/fra333_ws/install/ros2_control_demo_3r_robot/share/ros2_control_demo_3r_robot/description/example_include.xacro
[3.091s] -- Symlinking: /home/azthorax/fra333_ws/install/ros2_control_demo_3r_robot/share/ros2_control_demo_3r_robot/description/example_robot.urdf.xacro
[3.112s] -- Symlinking: /home/azthorax/fra333_ws/install/ros2_control_demo_3r_robot/share/ros2_control_demo_3r_robot/launch/dummy_gazebo.launch.py
[3.125s] -- Symlinking: /home/azthorax/fra333_ws/install/ros2_control_demo_3r_robot/share/ros2_control_demo_3r_robot/config/myrobot_controllers.yaml
[3.143s] -- Symlinking: /home/azthorax/fra333_ws/install/ros2_control_demo_3r_robot/share/ros2_control_demo_3r_robot/scripts/trajectory_gen.py
[3.155s] -- Symlinking: /home/azthorax/fra333_ws/install/ros2_control_demo_3r_robot/share/ros2_control_demo_3r_robot/meshes/link_0.stl
[3.169s] -- Symlinking: /home/azthorax/fra333_ws/install/ros2_control_demo_3r_robot/share/ros2_control_demo_3r_robot/meshes/link_1.stl
[3.181s] -- Symlinking: /home/azthorax/fra333_ws/install/ros2_control_demo_3r_robot/share/ros2_control_demo_3r_robot/meshes/link_2.stl
[3.195s] -- Symlinking: /home/azthorax/fra333_ws/install/ros2_control_demo_3r_robot/share/ros2_control_demo_3r_robot/meshes/link_3.stl
[3.215s] -- Symlinking: /home/azthorax/fra333_ws/install/ros2_control_demo_3r_robot/share/ament_index/resource_index/package_run_dependencies/ros2_control_demo_3r_robot
[3.251s] -- Symlinking: /home/azthorax/fra333_ws/install/ros2_control_demo_3r_robot/share/ament_index/resource_index/parent_prefix_path/ros2_control_demo_3r_robot
[3.268s] -- Symlinking: /home/azthorax/fra333_ws/install/ros2_control_demo_3r_robot/share/ros2_control_demo_3r_robot/environment/ament_prefix_path.sh
[3.284s] -- Symlinking: /home/azthorax/fra333_ws/install/ros2_control_demo_3r_robot/share/ros2_control_demo_3r_robot/environment/ament_prefix_path.dsv
[3.309s] -- Symlinking: /home/azthorax/fra333_ws/install/ros2_control_demo_3r_robot/share/ros2_control_demo_3r_robot/environment/path.sh
[3.316s] -- Symlinking: /home/azthorax/fra333_ws/install/ros2_control_demo_3r_robot/share/ros2_control_demo_3r_robot/environment/path.dsv
[3.332s] -- Symlinking: /home/azthorax/fra333_ws/install/ros2_control_demo_3r_robot/share/ros2_control_demo_3r_robot/local_setup.bash
[3.352s] -- Symlinking: /home/azthorax/fra333_ws/install/ros2_control_demo_3r_robot/share/ros2_control_demo_3r_robot/local_setup.sh
[3.374s] -- Symlinking: /home/azthorax/fra333_ws/install/ros2_control_demo_3r_robot/share/ros2_control_demo_3r_robot/local_setup.zsh
[3.395s] -- Symlinking: /home/azthorax/fra333_ws/install/ros2_control_demo_3r_robot/share/ros2_control_demo_3r_robot/local_setup.dsv
[3.418s] -- Symlinking: /home/azthorax/fra333_ws/install/ros2_control_demo_3r_robot/share/ros2_control_demo_3r_robot/package.dsv
[3.429s] -- Symlinking: /home/azthorax/fra333_ws/install/ros2_control_demo_3r_robot/share/ament_index/resource_index/packages/ros2_control_demo_3r_robot
[3.446s] -- Symlinking: /home/azthorax/fra333_ws/install/ros2_control_demo_3r_robot/share/ros2_control_demo_3r_robot/cmake/ros2_control_demo_3r_robotConfig.cmake
[3.458s] -- Symlinking: /home/azthorax/fra333_ws/install/ros2_control_demo_3r_robot/share/ros2_control_demo_3r_robot/cmake/ros2_control_demo_3r_robotConfig-version.cmake
[3.471s] -- Symlinking: /home/azthorax/fra333_ws/install/ros2_control_demo_3r_robot/share/ros2_control_demo_3r_robot/package.xml
[3.565s] Listing '/home/azthorax/fra333_ws/install/ros2_control_demo_3r_robot/lib/python3.8/site-packages/ros2_control_demo_3r_robot'...
[3.565s] Compiling '/home/azthorax/fra333_ws/install/ros2_control_demo_3r_robot/lib/python3.8/site-packages/ros2_control_demo_3r_robot/__init__.py'...
[3.603s] Invoked command in '/home/azthorax/fra333_ws/build/ros2_control_demo_3r_robot' returned '0': CMAKE_PREFIX_PATH=/opt/ros/foxy /usr/bin/cmake --install /home/azthorax/fra333_ws/build/ros2_control_demo_3r_robot
