[0.036s] Invoking command in '/home/azthorax/fra333_ws/build/cocoax_kinematics': CMAKE_PREFIX_PATH=${CMAKE_PREFIX_PATH}:/opt/ros/foxy /usr/bin/cmake --build /home/azthorax/fra333_ws/build/cocoax_kinematics -- -j12 -l12
[0.071s] Invoked command in '/home/azthorax/fra333_ws/build/cocoax_kinematics' returned '0': CMAKE_PREFIX_PATH=${CMAKE_PREFIX_PATH}:/opt/ros/foxy /usr/bin/cmake --build /home/azthorax/fra333_ws/build/cocoax_kinematics -- -j12 -l12
[0.103s] Invoking command in '/home/azthorax/fra333_ws/build/cocoax_kinematics': CMAKE_PREFIX_PATH=${CMAKE_PREFIX_PATH}:/opt/ros/foxy /usr/bin/cmake --install /home/azthorax/fra333_ws/build/cocoax_kinematics
[0.114s] -- Install configuration: ""
[0.114s] -- Execute custom install script
[0.114s] -- Up-to-date symlink: /home/azthorax/fra333_ws/install/cocoax_kinematics/share/cocoax_kinematics/environment/pythonpath.sh
[0.115s] -- Up-to-date symlink: /home/azthorax/fra333_ws/install/cocoax_kinematics/share/cocoax_kinematics/environment/pythonpath.dsv
[0.115s] -- Up-to-date symlink: /home/azthorax/fra333_ws/install/cocoax_kinematics/lib/python3.8/site-packages/cocoax_kinematics/__init__.py
[0.116s] -- Up-to-date symlink: /home/azthorax/fra333_ws/install/cocoax_kinematics/lib/cocoax_kinematics/cocoax_kinematic.py
[0.116s] -- Up-to-date symlink: /home/azthorax/fra333_ws/install/cocoax_kinematics/share/cocoax_kinematics/launch/cocoax_kinematic.launch.py
[0.117s] -- Up-to-date symlink: /home/azthorax/fra333_ws/install/cocoax_kinematics/share/ament_index/resource_index/package_run_dependencies/cocoax_kinematics
[0.117s] -- Up-to-date symlink: /home/azthorax/fra333_ws/install/cocoax_kinematics/share/ament_index/resource_index/parent_prefix_path/cocoax_kinematics
[0.117s] -- Up-to-date symlink: /home/azthorax/fra333_ws/install/cocoax_kinematics/share/cocoax_kinematics/environment/ament_prefix_path.sh
[0.117s] -- Up-to-date symlink: /home/azthorax/fra333_ws/install/cocoax_kinematics/share/cocoax_kinematics/environment/ament_prefix_path.dsv
[0.118s] -- Up-to-date symlink: /home/azthorax/fra333_ws/install/cocoax_kinematics/share/cocoax_kinematics/environment/path.sh
[0.118s] -- Up-to-date symlink: /home/azthorax/fra333_ws/install/cocoax_kinematics/share/cocoax_kinematics/environment/path.dsv
[0.118s] -- Up-to-date symlink: /home/azthorax/fra333_ws/install/cocoax_kinematics/share/cocoax_kinematics/local_setup.bash
[0.119s] -- Up-to-date symlink: /home/azthorax/fra333_ws/install/cocoax_kinematics/share/cocoax_kinematics/local_setup.sh
[0.119s] -- Up-to-date symlink: /home/azthorax/fra333_ws/install/cocoax_kinematics/share/cocoax_kinematics/local_setup.zsh
[0.119s] -- Up-to-date symlink: /home/azthorax/fra333_ws/install/cocoax_kinematics/share/cocoax_kinematics/local_setup.dsv
[0.119s] -- Symlinking: /home/azthorax/fra333_ws/install/cocoax_kinematics/share/cocoax_kinematics/package.dsv
[0.131s] -- Up-to-date symlink: /home/azthorax/fra333_ws/install/cocoax_kinematics/share/ament_index/resource_index/packages/cocoax_kinematics
[0.132s] -- Up-to-date symlink: /home/azthorax/fra333_ws/install/cocoax_kinematics/share/cocoax_kinematics/cmake/cocoax_kinematicsConfig.cmake
[0.132s] -- Up-to-date symlink: /home/azthorax/fra333_ws/install/cocoax_kinematics/share/cocoax_kinematics/cmake/cocoax_kinematicsConfig-version.cmake
[0.133s] -- Up-to-date symlink: /home/azthorax/fra333_ws/install/cocoax_kinematics/share/cocoax_kinematics/package.xml
[0.168s] Listing '/home/azthorax/fra333_ws/install/cocoax_kinematics/lib/python3.8/site-packages/cocoax_kinematics'...
[0.186s] Invoked command in '/home/azthorax/fra333_ws/build/cocoax_kinematics' returned '0': CMAKE_PREFIX_PATH=${CMAKE_PREFIX_PATH}:/opt/ros/foxy /usr/bin/cmake --install /home/azthorax/fra333_ws/build/cocoax_kinematics
