[0.039s] Invoking command in '/home/azthorax/fra333_ws/build/cocoax_description': CMAKE_PREFIX_PATH=${CMAKE_PREFIX_PATH}:/opt/ros/foxy /usr/bin/cmake /home/azthorax/fra333_ws/src/fra333_lab4_25_v1/cocoax_description -DCMAKE_INSTALL_PREFIX=/home/azthorax/fra333_ws/install/cocoax_description
[0.054s] -- Found ament_cmake: 0.9.11 (/opt/ros/foxy/share/ament_cmake/cmake)
[0.071s] -- Using PYTHON_EXECUTABLE: /usr/bin/python3
[0.250s] -- Override CMake install command with custom implementation using symlinks instead of copying resources
[0.262s] -- Found rclcpp: 2.4.2 (/opt/ros/foxy/share/rclcpp/cmake)
[0.290s] -- Using all available rosidl_typesupport_c: rosidl_typesupport_fastrtps_c;rosidl_typesupport_introspection_c
[0.293s] -- Found rosidl_adapter: 1.3.0 (/opt/ros/foxy/share/rosidl_adapter/cmake)
[0.405s] -- Using all available rosidl_typesupport_cpp: rosidl_typesupport_fastrtps_cpp;rosidl_typesupport_introspection_cpp
[0.451s] -- Found rmw_implementation_cmake: 1.0.3 (/opt/ros/foxy/share/rmw_implementation_cmake/cmake)
[0.452s] -- Using RMW implementation 'rmw_fastrtps_cpp' as default
[0.583s] -- Found rclpy: 1.0.11 (/opt/ros/foxy/share/rclpy/cmake)
[0.655s] -- Configuring done
[0.655s] -- Generating done
[0.656s] -- Build files have been written to: /home/azthorax/fra333_ws/build/cocoax_description
[0.661s] Invoked command in '/home/azthorax/fra333_ws/build/cocoax_description' returned '0': CMAKE_PREFIX_PATH=${CMAKE_PREFIX_PATH}:/opt/ros/foxy /usr/bin/cmake /home/azthorax/fra333_ws/src/fra333_lab4_25_v1/cocoax_description -DCMAKE_INSTALL_PREFIX=/home/azthorax/fra333_ws/install/cocoax_description
[0.664s] Invoking command in '/home/azthorax/fra333_ws/build/cocoax_description': CMAKE_PREFIX_PATH=${CMAKE_PREFIX_PATH}:/opt/ros/foxy /usr/bin/cmake --build /home/azthorax/fra333_ws/build/cocoax_description -- -j12 -l12
[0.719s] Invoked command in '/home/azthorax/fra333_ws/build/cocoax_description' returned '0': CMAKE_PREFIX_PATH=${CMAKE_PREFIX_PATH}:/opt/ros/foxy /usr/bin/cmake --build /home/azthorax/fra333_ws/build/cocoax_description -- -j12 -l12
[0.751s] Invoking command in '/home/azthorax/fra333_ws/build/cocoax_description': CMAKE_PREFIX_PATH=${CMAKE_PREFIX_PATH}:/opt/ros/foxy /usr/bin/cmake --install /home/azthorax/fra333_ws/build/cocoax_description
[0.760s] -- Install configuration: ""
[0.760s] -- Execute custom install script
[0.761s] -- Up-to-date symlink: /home/azthorax/fra333_ws/install/cocoax_description/share/cocoax_description/environment/pythonpath.sh
[0.761s] -- Up-to-date symlink: /home/azthorax/fra333_ws/install/cocoax_description/share/cocoax_description/environment/pythonpath.dsv
[0.761s] -- Up-to-date symlink: /home/azthorax/fra333_ws/install/cocoax_description/lib/python3.8/site-packages/cocoax_description/__init__.py
[0.761s] -- Up-to-date symlink: /home/azthorax/fra333_ws/install/cocoax_description/share/cocoax_description/meshes/end_effector.stl
[0.761s] -- Up-to-date symlink: /home/azthorax/fra333_ws/install/cocoax_description/share/cocoax_description/meshes/link_0.stl
[0.761s] -- Up-to-date symlink: /home/azthorax/fra333_ws/install/cocoax_description/share/cocoax_description/meshes/link_1.stl
[0.762s] -- Up-to-date symlink: /home/azthorax/fra333_ws/install/cocoax_description/share/cocoax_description/meshes/link_1c.stl
[0.762s] -- Up-to-date symlink: /home/azthorax/fra333_ws/install/cocoax_description/share/cocoax_description/meshes/link_2.stl
[0.762s] -- Up-to-date symlink: /home/azthorax/fra333_ws/install/cocoax_description/share/cocoax_description/meshes/link_3.stl
[0.762s] -- Up-to-date symlink: /home/azthorax/fra333_ws/install/cocoax_description/share/cocoax_description/meshes/link_3c.stl
[0.763s] -- Up-to-date symlink: /home/azthorax/fra333_ws/install/cocoax_description/share/cocoax_description/robot/cocoax_gazebo.xacro
[0.764s] -- Up-to-date symlink: /home/azthorax/fra333_ws/install/cocoax_description/share/cocoax_description/robot/cocoax_include.xacro
[0.764s] -- Up-to-date symlink: /home/azthorax/fra333_ws/install/cocoax_description/share/cocoax_description/robot/cocoax_robot.urdf.xacro
[0.764s] -- Symlinking: /home/azthorax/fra333_ws/install/cocoax_description/share/cocoax_description/launch/display_gazebo_cocoax.launch.py
[0.776s] -- Up-to-date symlink: /home/azthorax/fra333_ws/install/cocoax_description/share/cocoax_description/config/cocoax.rviz
[0.776s] -- Up-to-date symlink: /home/azthorax/fra333_ws/install/cocoax_description/share/cocoax_description/config/cocoax_controller.yaml
[0.777s] -- Up-to-date symlink: /home/azthorax/fra333_ws/install/cocoax_description/share/ament_index/resource_index/package_run_dependencies/cocoax_description
[0.778s] -- Up-to-date symlink: /home/azthorax/fra333_ws/install/cocoax_description/share/ament_index/resource_index/parent_prefix_path/cocoax_description
[0.778s] -- Up-to-date symlink: /home/azthorax/fra333_ws/install/cocoax_description/share/cocoax_description/environment/ament_prefix_path.sh
[0.779s] -- Up-to-date symlink: /home/azthorax/fra333_ws/install/cocoax_description/share/cocoax_description/environment/ament_prefix_path.dsv
[0.780s] -- Up-to-date symlink: /home/azthorax/fra333_ws/install/cocoax_description/share/cocoax_description/environment/path.sh
[0.780s] -- Up-to-date symlink: /home/azthorax/fra333_ws/install/cocoax_description/share/cocoax_description/environment/path.dsv
[0.781s] -- Up-to-date symlink: /home/azthorax/fra333_ws/install/cocoax_description/share/cocoax_description/local_setup.bash
[0.781s] -- Up-to-date symlink: /home/azthorax/fra333_ws/install/cocoax_description/share/cocoax_description/local_setup.sh
[0.781s] -- Up-to-date symlink: /home/azthorax/fra333_ws/install/cocoax_description/share/cocoax_description/local_setup.zsh
[0.781s] -- Up-to-date symlink: /home/azthorax/fra333_ws/install/cocoax_description/share/cocoax_description/local_setup.dsv
[0.782s] -- Symlinking: /home/azthorax/fra333_ws/install/cocoax_description/share/cocoax_description/package.dsv
[0.791s] -- Up-to-date symlink: /home/azthorax/fra333_ws/install/cocoax_description/share/ament_index/resource_index/packages/cocoax_description
[0.792s] -- Up-to-date symlink: /home/azthorax/fra333_ws/install/cocoax_description/share/cocoax_description/cmake/cocoax_descriptionConfig.cmake
[0.792s] -- Up-to-date symlink: /home/azthorax/fra333_ws/install/cocoax_description/share/cocoax_description/cmake/cocoax_descriptionConfig-version.cmake
[0.792s] -- Up-to-date symlink: /home/azthorax/fra333_ws/install/cocoax_description/share/cocoax_description/package.xml
[0.825s] Listing '/home/azthorax/fra333_ws/install/cocoax_description/lib/python3.8/site-packages/cocoax_description'...
[0.846s] Invoked command in '/home/azthorax/fra333_ws/build/cocoax_description' returned '0': CMAKE_PREFIX_PATH=${CMAKE_PREFIX_PATH}:/opt/ros/foxy /usr/bin/cmake --install /home/azthorax/fra333_ws/build/cocoax_description
