[0.034s] Invoking command in '/home/azthorax/fra333_ws/build/cocoax_kinematics': CMAKE_PREFIX_PATH=/opt/ros/foxy /usr/bin/cmake /home/azthorax/fra333_ws/src/fra333_lab4_25_v1/cocoax_kinematics -DAMENT_CMAKE_SYMLINK_INSTALL=1 -DCMAKE_INSTALL_PREFIX=/home/azthorax/fra333_ws/install/cocoax_kinematics
[0.100s] -- The C compiler identification is GNU 9.4.0
[0.168s] -- The CXX compiler identification is GNU 9.4.0
[0.175s] -- Check for working C compiler: /usr/bin/cc
[0.257s] -- Check for working C compiler: /usr/bin/cc -- works
[0.258s] -- Detecting C compiler ABI info
[0.334s] -- Detecting C compiler ABI info - done
[0.347s] -- Detecting C compile features
[0.347s] -- Detecting C compile features - done
[0.350s] -- Check for working CXX compiler: /usr/bin/c++
[0.435s] -- Check for working CXX compiler: /usr/bin/c++ -- works
[0.437s] -- Detecting CXX compiler ABI info
[0.533s] -- Detecting CXX compiler ABI info - done
[0.545s] -- Detecting CXX compile features
[0.546s] -- Detecting CXX compile features - done
[0.548s] -- Found ament_cmake: 0.9.11 (/opt/ros/foxy/share/ament_cmake/cmake)
[0.573s] -- Found PythonInterp: /usr/bin/python3 (found suitable version "3.8.10", minimum required is "3") 
[0.573s] -- Using PYTHON_EXECUTABLE: /usr/bin/python3
[0.773s] -- Override CMake install command with custom implementation using symlinks instead of copying resources
[0.808s] -- Found rclcpp: 2.4.2 (/opt/ros/foxy/share/rclcpp/cmake)
[0.865s] -- Using all available rosidl_typesupport_c: rosidl_typesupport_fastrtps_c;rosidl_typesupport_introspection_c
[0.878s] -- Found rosidl_adapter: 1.3.0 (/opt/ros/foxy/share/rosidl_adapter/cmake)
[0.982s] -- Found OpenSSL: /usr/lib/x86_64-linux-gnu/libcrypto.so (found version "1.1.1f")  
[1.011s] -- Found FastRTPS: /opt/ros/foxy/include  
[1.110s] -- Using all available rosidl_typesupport_cpp: rosidl_typesupport_fastrtps_cpp;rosidl_typesupport_introspection_cpp
[1.175s] -- Found rmw_implementation_cmake: 1.0.3 (/opt/ros/foxy/share/rmw_implementation_cmake/cmake)
[1.176s] -- Using RMW implementation 'rmw_fastrtps_cpp' as default
[1.177s] -- Looking for pthread.h
[1.260s] -- Looking for pthread.h - found
[1.260s] -- Performing Test CMAKE_HAVE_LIBC_PTHREAD
[1.345s] -- Performing Test CMAKE_HAVE_LIBC_PTHREAD - Failed
[1.345s] -- Looking for pthread_create in pthreads
[1.404s] -- Looking for pthread_create in pthreads - not found
[1.404s] -- Looking for pthread_create in pthread
[1.489s] -- Looking for pthread_create in pthread - found
[1.490s] -- Found Threads: TRUE  
[1.690s] -- Found rclpy: 1.0.11 (/opt/ros/foxy/share/rclpy/cmake)
[1.787s] -- Configuring done
[1.789s] -- Generating done
[1.790s] -- Build files have been written to: /home/azthorax/fra333_ws/build/cocoax_kinematics
[1.798s] Invoked command in '/home/azthorax/fra333_ws/build/cocoax_kinematics' returned '0': CMAKE_PREFIX_PATH=/opt/ros/foxy /usr/bin/cmake /home/azthorax/fra333_ws/src/fra333_lab4_25_v1/cocoax_kinematics -DAMENT_CMAKE_SYMLINK_INSTALL=1 -DCMAKE_INSTALL_PREFIX=/home/azthorax/fra333_ws/install/cocoax_kinematics
[1.800s] Invoking command in '/home/azthorax/fra333_ws/build/cocoax_kinematics': CMAKE_PREFIX_PATH=/opt/ros/foxy /usr/bin/cmake --build /home/azthorax/fra333_ws/build/cocoax_kinematics -- -j12 -l12
[1.856s] Invoked command in '/home/azthorax/fra333_ws/build/cocoax_kinematics' returned '0': CMAKE_PREFIX_PATH=/opt/ros/foxy /usr/bin/cmake --build /home/azthorax/fra333_ws/build/cocoax_kinematics -- -j12 -l12
[1.887s] Invoking command in '/home/azthorax/fra333_ws/build/cocoax_kinematics': CMAKE_PREFIX_PATH=/opt/ros/foxy /usr/bin/cmake --install /home/azthorax/fra333_ws/build/cocoax_kinematics
[1.898s] -- Install configuration: ""
[1.898s] -- Execute custom install script
[1.899s] -- Symlinking: /home/azthorax/fra333_ws/install/cocoax_kinematics/share/cocoax_kinematics/environment/pythonpath.sh
[1.908s] -- Symlinking: /home/azthorax/fra333_ws/install/cocoax_kinematics/share/cocoax_kinematics/environment/pythonpath.dsv
[1.916s] -- Symlinking: /home/azthorax/fra333_ws/install/cocoax_kinematics/lib/python3.8/site-packages/cocoax_kinematics/__init__.py
[1.929s] -- Symlinking: /home/azthorax/fra333_ws/install/cocoax_kinematics/lib/cocoax_kinematics/fk_ik_server.py
[1.937s] -- Symlinking: /home/azthorax/fra333_ws/install/cocoax_kinematics/lib/cocoax_kinematics/cocoav_imu_calibration.py
[1.944s] -- Symlinking: /home/azthorax/fra333_ws/install/cocoax_kinematics/lib/cocoax_kinematics/cocoav_trajectory_generator.py
[1.957s] -- Symlinking: /home/azthorax/fra333_ws/install/cocoax_kinematics/lib/cocoax_kinematics/cocoav_calibrator_findconfig.py
[1.965s] -- Symlinking: /home/azthorax/fra333_ws/install/cocoax_kinematics/lib/cocoax_kinematics/testnode.py
[1.974s] -- Symlinking: /home/azthorax/fra333_ws/install/cocoax_kinematics/share/cocoax_kinematics/launch/display_with_kinematic.launch.py
[1.983s] -- Symlinking: /home/azthorax/fra333_ws/install/cocoax_kinematics/share/ament_index/resource_index/package_run_dependencies/cocoax_kinematics
[1.995s] -- Symlinking: /home/azthorax/fra333_ws/install/cocoax_kinematics/share/ament_index/resource_index/parent_prefix_path/cocoax_kinematics
[2.003s] -- Symlinking: /home/azthorax/fra333_ws/install/cocoax_kinematics/share/cocoax_kinematics/environment/ament_prefix_path.sh
[2.013s] -- Symlinking: /home/azthorax/fra333_ws/install/cocoax_kinematics/share/cocoax_kinematics/environment/ament_prefix_path.dsv
[2.020s] -- Symlinking: /home/azthorax/fra333_ws/install/cocoax_kinematics/share/cocoax_kinematics/environment/path.sh
[2.031s] -- Symlinking: /home/azthorax/fra333_ws/install/cocoax_kinematics/share/cocoax_kinematics/environment/path.dsv
[2.039s] -- Symlinking: /home/azthorax/fra333_ws/install/cocoax_kinematics/share/cocoax_kinematics/local_setup.bash
[2.047s] -- Symlinking: /home/azthorax/fra333_ws/install/cocoax_kinematics/share/cocoax_kinematics/local_setup.sh
[2.061s] -- Symlinking: /home/azthorax/fra333_ws/install/cocoax_kinematics/share/cocoax_kinematics/local_setup.zsh
[2.074s] -- Symlinking: /home/azthorax/fra333_ws/install/cocoax_kinematics/share/cocoax_kinematics/local_setup.dsv
[2.087s] -- Symlinking: /home/azthorax/fra333_ws/install/cocoax_kinematics/share/cocoax_kinematics/package.dsv
[2.098s] -- Symlinking: /home/azthorax/fra333_ws/install/cocoax_kinematics/share/ament_index/resource_index/packages/cocoax_kinematics
[2.105s] -- Symlinking: /home/azthorax/fra333_ws/install/cocoax_kinematics/share/cocoax_kinematics/cmake/cocoax_kinematicsConfig.cmake
[2.112s] -- Symlinking: /home/azthorax/fra333_ws/install/cocoax_kinematics/share/cocoax_kinematics/cmake/cocoax_kinematicsConfig-version.cmake
[2.120s] -- Symlinking: /home/azthorax/fra333_ws/install/cocoax_kinematics/share/cocoax_kinematics/package.xml
[2.162s] Listing '/home/azthorax/fra333_ws/install/cocoax_kinematics/lib/python3.8/site-packages/cocoax_kinematics'...
[2.163s] Compiling '/home/azthorax/fra333_ws/install/cocoax_kinematics/lib/python3.8/site-packages/cocoax_kinematics/__init__.py'...
[2.173s] Invoked command in '/home/azthorax/fra333_ws/build/cocoax_kinematics' returned '0': CMAKE_PREFIX_PATH=/opt/ros/foxy /usr/bin/cmake --install /home/azthorax/fra333_ws/build/cocoax_kinematics
