[0.080s] Invoking command in '/home/azthorax/fra333_ws/build/fra333_lab1_25': CMAKE_PREFIX_PATH=/opt/ros/foxy /usr/bin/cmake /home/azthorax/fra333_ws/src/fra333_lab1_25/fra333_lab1_25 -DAMENT_CMAKE_SYMLINK_INSTALL=1 -DCMAKE_INSTALL_PREFIX=/home/azthorax/fra333_ws/install/fra333_lab1_25
[0.161s] -- The C compiler identification is GNU 9.4.0
[0.243s] -- The CXX compiler identification is GNU 9.4.0
[0.248s] -- Check for working C compiler: /usr/bin/cc
[0.356s] -- Check for working C compiler: /usr/bin/cc -- works
[0.357s] -- Detecting C compiler ABI info
[0.473s] -- Detecting C compiler ABI info - done
[0.487s] -- Detecting C compile features
[0.488s] -- Detecting C compile features - done
[0.491s] -- Check for working CXX compiler: /usr/bin/c++
[0.634s] -- Check for working CXX compiler: /usr/bin/c++ -- works
[0.635s] -- Detecting CXX compiler ABI info
[0.746s] -- Detecting CXX compiler ABI info - done
[0.763s] -- Detecting CXX compile features
[0.764s] -- Detecting CXX compile features - done
[0.766s] -- Found rosidl_default_generators: 1.0.1 (/opt/ros/foxy/share/rosidl_default_generators/cmake)
[0.768s] -- Found ament_cmake_core: 0.9.11 (/opt/ros/foxy/share/ament_cmake_core/cmake)
[0.796s] -- Found PythonInterp: /usr/bin/python3 (found suitable version "3.8.10", minimum required is "3") 
[0.797s] -- Using PYTHON_EXECUTABLE: /usr/bin/python3
[1.053s] -- Override CMake install command with custom implementation using symlinks instead of copying resources
[1.059s] -- Using all available rosidl_typesupport_c: rosidl_typesupport_fastrtps_c;rosidl_typesupport_introspection_c
[1.069s] -- Found rosidl_adapter: 1.3.0 (/opt/ros/foxy/share/rosidl_adapter/cmake)
[1.222s] -- Found OpenSSL: /usr/lib/x86_64-linux-gnu/libcrypto.so (found version "1.1.1f")  
[1.270s] -- Found FastRTPS: /opt/ros/foxy/include  
[1.364s] -- Using all available rosidl_typesupport_cpp: rosidl_typesupport_fastrtps_cpp;rosidl_typesupport_introspection_cpp
[1.399s] -- Found geometry_msgs: 2.0.5 (/opt/ros/foxy/share/geometry_msgs/cmake)
[1.502s] -- Found rclcpp: 2.4.2 (/opt/ros/foxy/share/rclcpp/cmake)
[1.560s] -- Found rmw_implementation_cmake: 1.0.3 (/opt/ros/foxy/share/rmw_implementation_cmake/cmake)
[1.563s] -- Using RMW implementation 'rmw_fastrtps_cpp' as default
[1.564s] -- Looking for pthread.h
[1.668s] -- Looking for pthread.h - found
[1.668s] -- Performing Test CMAKE_HAVE_LIBC_PTHREAD
[1.770s] -- Performing Test CMAKE_HAVE_LIBC_PTHREAD - Failed
[1.772s] -- Looking for pthread_create in pthreads
[1.855s] -- Looking for pthread_create in pthreads - not found
[1.859s] -- Looking for pthread_create in pthread
[1.949s] -- Looking for pthread_create in pthread - found
[1.951s] -- Found Threads: TRUE  
[2.153s] -- Found rclpy: 1.0.11 (/opt/ros/foxy/share/rclpy/cmake)
[2.290s] -- Configuring done
[2.295s] -- Generating done
[2.296s] -- Build files have been written to: /home/azthorax/fra333_ws/build/fra333_lab1_25
[2.322s] Invoked command in '/home/azthorax/fra333_ws/build/fra333_lab1_25' returned '0': CMAKE_PREFIX_PATH=/opt/ros/foxy /usr/bin/cmake /home/azthorax/fra333_ws/src/fra333_lab1_25/fra333_lab1_25 -DAMENT_CMAKE_SYMLINK_INSTALL=1 -DCMAKE_INSTALL_PREFIX=/home/azthorax/fra333_ws/install/fra333_lab1_25
[2.325s] Invoking command in '/home/azthorax/fra333_ws/build/fra333_lab1_25': CMAKE_PREFIX_PATH=/opt/ros/foxy /usr/bin/cmake --build /home/azthorax/fra333_ws/build/fra333_lab1_25 -- -j12 -l12
[2.389s] Invoked command in '/home/azthorax/fra333_ws/build/fra333_lab1_25' returned '0': CMAKE_PREFIX_PATH=/opt/ros/foxy /usr/bin/cmake --build /home/azthorax/fra333_ws/build/fra333_lab1_25 -- -j12 -l12
[2.425s] Invoking command in '/home/azthorax/fra333_ws/build/fra333_lab1_25': CMAKE_PREFIX_PATH=/opt/ros/foxy /usr/bin/cmake --install /home/azthorax/fra333_ws/build/fra333_lab1_25
[2.650s] -- Install configuration: ""
[2.650s] -- Execute custom install script
[2.650s] -- Symlinking: /home/azthorax/fra333_ws/install/fra333_lab1_25/share/fra333_lab1_25/environment/pythonpath.sh
[2.651s] -- Symlinking: /home/azthorax/fra333_ws/install/fra333_lab1_25/share/fra333_lab1_25/environment/pythonpath.dsv
[2.652s] -- Symlinking: /home/azthorax/fra333_ws/install/fra333_lab1_25/lib/python3.8/site-packages/fra333_lab1_25/__init__.py
[2.652s] -- Symlinking: /home/azthorax/fra333_ws/install/fra333_lab1_25/lib/fra333_lab1_25/noise_generator.py
[2.652s] -- Symlinking: /home/azthorax/fra333_ws/install/fra333_lab1_25/lib/fra333_lab1_25/velocity_mux.py
[2.653s] -- Symlinking: /home/azthorax/fra333_ws/install/fra333_lab1_25/share/fra333_lab1_25/launch/random_walk.launch.py
[2.653s] -- Symlinking: /home/azthorax/fra333_ws/install/fra333_lab1_25/share/ament_index/resource_index/package_run_dependencies/fra333_lab1_25
[2.654s] -- Symlinking: /home/azthorax/fra333_ws/install/fra333_lab1_25/share/ament_index/resource_index/parent_prefix_path/fra333_lab1_25
[2.654s] -- Symlinking: /home/azthorax/fra333_ws/install/fra333_lab1_25/share/fra333_lab1_25/environment/ament_prefix_path.sh
[2.655s] -- Symlinking: /home/azthorax/fra333_ws/install/fra333_lab1_25/share/fra333_lab1_25/environment/ament_prefix_path.dsv
[2.657s] -- Symlinking: /home/azthorax/fra333_ws/install/fra333_lab1_25/share/fra333_lab1_25/environment/path.sh
[2.658s] -- Symlinking: /home/azthorax/fra333_ws/install/fra333_lab1_25/share/fra333_lab1_25/environment/path.dsv
[2.658s] -- Symlinking: /home/azthorax/fra333_ws/install/fra333_lab1_25/share/fra333_lab1_25/local_setup.bash
[2.658s] -- Symlinking: /home/azthorax/fra333_ws/install/fra333_lab1_25/share/fra333_lab1_25/local_setup.sh
[2.658s] -- Symlinking: /home/azthorax/fra333_ws/install/fra333_lab1_25/share/fra333_lab1_25/local_setup.zsh
[2.659s] -- Symlinking: /home/azthorax/fra333_ws/install/fra333_lab1_25/share/fra333_lab1_25/local_setup.dsv
[2.660s] -- Symlinking: /home/azthorax/fra333_ws/install/fra333_lab1_25/share/fra333_lab1_25/package.dsv
[2.660s] -- Symlinking: /home/azthorax/fra333_ws/install/fra333_lab1_25/share/ament_index/resource_index/packages/fra333_lab1_25
[2.660s] -- Symlinking: /home/azthorax/fra333_ws/install/fra333_lab1_25/share/fra333_lab1_25/cmake/fra333_lab1_25Config.cmake
[2.661s] -- Symlinking: /home/azthorax/fra333_ws/install/fra333_lab1_25/share/fra333_lab1_25/cmake/fra333_lab1_25Config-version.cmake
[2.672s] -- Symlinking: /home/azthorax/fra333_ws/install/fra333_lab1_25/share/fra333_lab1_25/package.xml
[2.728s] Listing '/home/azthorax/fra333_ws/install/fra333_lab1_25/lib/python3.8/site-packages/fra333_lab1_25'...
[2.728s] Compiling '/home/azthorax/fra333_ws/install/fra333_lab1_25/lib/python3.8/site-packages/fra333_lab1_25/__init__.py'...
[2.752s] Invoked command in '/home/azthorax/fra333_ws/build/fra333_lab1_25' returned '0': CMAKE_PREFIX_PATH=/opt/ros/foxy /usr/bin/cmake --install /home/azthorax/fra333_ws/build/fra333_lab1_25
