[0.072s] Invoking command in '/home/azthorax/fra333_ws/build/ros2_control_demo_3r_robot': CMAKE_PREFIX_PATH=${CMAKE_PREFIX_PATH}:/opt/ros/foxy /usr/bin/cmake /home/azthorax/fra333_ws/src/ros2_control_demo_3r_robot -DCMAKE_INSTALL_PREFIX=/home/azthorax/fra333_ws/install/ros2_control_demo_3r_robot
[0.098s] -- Found rosidl_default_generators: 1.0.1 (/opt/ros/foxy/share/rosidl_default_generators/cmake)
[0.098s] -- Found ament_cmake_core: 0.9.11 (/opt/ros/foxy/share/ament_cmake_core/cmake)
[0.127s] -- Using PYTHON_EXECUTABLE: /usr/bin/python3
[0.449s] -- Override CMake install command with custom implementation using symlinks instead of copying resources
[0.454s] -- Using all available rosidl_typesupport_c: rosidl_typesupport_fastrtps_c;rosidl_typesupport_introspection_c
[0.459s] -- Found rosidl_adapter: 1.3.0 (/opt/ros/foxy/share/rosidl_adapter/cmake)
[0.660s] -- Using all available rosidl_typesupport_cpp: rosidl_typesupport_fastrtps_cpp;rosidl_typesupport_introspection_cpp
[0.697s] -- Found geometry_msgs: 2.0.5 (/opt/ros/foxy/share/geometry_msgs/cmake)
[0.794s] -- Found rclcpp: 2.4.2 (/opt/ros/foxy/share/rclcpp/cmake)
[0.843s] -- Found rmw_implementation_cmake: 1.0.3 (/opt/ros/foxy/share/rmw_implementation_cmake/cmake)
[0.846s] -- Using RMW implementation 'rmw_fastrtps_cpp' as default
[1.038s] -- Found rclpy: 1.0.11 (/opt/ros/foxy/share/rclpy/cmake)
[1.136s] -- Configuring done
[1.144s] -- Generating done
[1.146s] -- Build files have been written to: /home/azthorax/fra333_ws/build/ros2_control_demo_3r_robot
[1.180s] Invoked command in '/home/azthorax/fra333_ws/build/ros2_control_demo_3r_robot' returned '0': CMAKE_PREFIX_PATH=${CMAKE_PREFIX_PATH}:/opt/ros/foxy /usr/bin/cmake /home/azthorax/fra333_ws/src/ros2_control_demo_3r_robot -DCMAKE_INSTALL_PREFIX=/home/azthorax/fra333_ws/install/ros2_control_demo_3r_robot
[1.182s] Invoking command in '/home/azthorax/fra333_ws/build/ros2_control_demo_3r_robot': CMAKE_PREFIX_PATH=${CMAKE_PREFIX_PATH}:/opt/ros/foxy /usr/bin/cmake --build /home/azthorax/fra333_ws/build/ros2_control_demo_3r_robot -- -j12 -l12
[1.247s] Invoked command in '/home/azthorax/fra333_ws/build/ros2_control_demo_3r_robot' returned '0': CMAKE_PREFIX_PATH=${CMAKE_PREFIX_PATH}:/opt/ros/foxy /usr/bin/cmake --build /home/azthorax/fra333_ws/build/ros2_control_demo_3r_robot -- -j12 -l12
[1.307s] Invoking command in '/home/azthorax/fra333_ws/build/ros2_control_demo_3r_robot': CMAKE_PREFIX_PATH=${CMAKE_PREFIX_PATH}:/opt/ros/foxy /usr/bin/cmake --install /home/azthorax/fra333_ws/build/ros2_control_demo_3r_robot
[1.323s] -- Install configuration: ""
[1.323s] -- Execute custom install script
[1.323s] -- Up-to-date symlink: /home/azthorax/fra333_ws/install/ros2_control_demo_3r_robot/share/ros2_control_demo_3r_robot/environment/pythonpath.sh
[1.324s] -- Up-to-date symlink: /home/azthorax/fra333_ws/install/ros2_control_demo_3r_robot/share/ros2_control_demo_3r_robot/environment/pythonpath.dsv
[1.324s] -- Up-to-date symlink: /home/azthorax/fra333_ws/install/ros2_control_demo_3r_robot/lib/python3.8/site-packages/ros2_control_demo_3r_robot/__init__.py
[1.324s] -- Up-to-date symlink: /home/azthorax/fra333_ws/install/ros2_control_demo_3r_robot/lib/ros2_control_demo_3r_robot/trajectory_gen.py
[1.324s] -- Up-to-date symlink: /home/azthorax/fra333_ws/install/ros2_control_demo_3r_robot/share/ros2_control_demo_3r_robot/description/example_gazebo.xacro
[1.327s] -- Up-to-date symlink: /home/azthorax/fra333_ws/install/ros2_control_demo_3r_robot/share/ros2_control_demo_3r_robot/description/example_include.xacro
[1.327s] -- Up-to-date symlink: /home/azthorax/fra333_ws/install/ros2_control_demo_3r_robot/share/ros2_control_demo_3r_robot/description/example_robot.urdf.xacro
[1.327s] -- Up-to-date symlink: /home/azthorax/fra333_ws/install/ros2_control_demo_3r_robot/share/ros2_control_demo_3r_robot/launch/dummy_gazebo.launch.py
[1.327s] -- Up-to-date symlink: /home/azthorax/fra333_ws/install/ros2_control_demo_3r_robot/share/ros2_control_demo_3r_robot/config/myrobot_controllers.yaml
[1.327s] -- Up-to-date symlink: /home/azthorax/fra333_ws/install/ros2_control_demo_3r_robot/share/ros2_control_demo_3r_robot/scripts/trajectory_gen.py
[1.328s] -- Up-to-date symlink: /home/azthorax/fra333_ws/install/ros2_control_demo_3r_robot/share/ros2_control_demo_3r_robot/meshes/link_0.stl
[1.328s] -- Up-to-date symlink: /home/azthorax/fra333_ws/install/ros2_control_demo_3r_robot/share/ros2_control_demo_3r_robot/meshes/link_1.stl
[1.328s] -- Up-to-date symlink: /home/azthorax/fra333_ws/install/ros2_control_demo_3r_robot/share/ros2_control_demo_3r_robot/meshes/link_2.stl
[1.328s] -- Up-to-date symlink: /home/azthorax/fra333_ws/install/ros2_control_demo_3r_robot/share/ros2_control_demo_3r_robot/meshes/link_3.stl
[1.328s] -- Up-to-date symlink: /home/azthorax/fra333_ws/install/ros2_control_demo_3r_robot/share/ament_index/resource_index/package_run_dependencies/ros2_control_demo_3r_robot
[1.328s] -- Up-to-date symlink: /home/azthorax/fra333_ws/install/ros2_control_demo_3r_robot/share/ament_index/resource_index/parent_prefix_path/ros2_control_demo_3r_robot
[1.328s] -- Up-to-date symlink: /home/azthorax/fra333_ws/install/ros2_control_demo_3r_robot/share/ros2_control_demo_3r_robot/environment/ament_prefix_path.sh
[1.328s] -- Up-to-date symlink: /home/azthorax/fra333_ws/install/ros2_control_demo_3r_robot/share/ros2_control_demo_3r_robot/environment/ament_prefix_path.dsv
[1.328s] -- Up-to-date symlink: /home/azthorax/fra333_ws/install/ros2_control_demo_3r_robot/share/ros2_control_demo_3r_robot/environment/path.sh
[1.328s] -- Up-to-date symlink: /home/azthorax/fra333_ws/install/ros2_control_demo_3r_robot/share/ros2_control_demo_3r_robot/environment/path.dsv
[1.329s] -- Up-to-date symlink: /home/azthorax/fra333_ws/install/ros2_control_demo_3r_robot/share/ros2_control_demo_3r_robot/local_setup.bash
[1.329s] -- Up-to-date symlink: /home/azthorax/fra333_ws/install/ros2_control_demo_3r_robot/share/ros2_control_demo_3r_robot/local_setup.sh
[1.329s] -- Up-to-date symlink: /home/azthorax/fra333_ws/install/ros2_control_demo_3r_robot/share/ros2_control_demo_3r_robot/local_setup.zsh
[1.329s] -- Up-to-date symlink: /home/azthorax/fra333_ws/install/ros2_control_demo_3r_robot/share/ros2_control_demo_3r_robot/local_setup.dsv
[1.331s] -- Symlinking: /home/azthorax/fra333_ws/install/ros2_control_demo_3r_robot/share/ros2_control_demo_3r_robot/package.dsv
[1.339s] -- Up-to-date symlink: /home/azthorax/fra333_ws/install/ros2_control_demo_3r_robot/share/ament_index/resource_index/packages/ros2_control_demo_3r_robot
[1.339s] -- Up-to-date symlink: /home/azthorax/fra333_ws/install/ros2_control_demo_3r_robot/share/ros2_control_demo_3r_robot/cmake/ros2_control_demo_3r_robotConfig.cmake
[1.339s] -- Up-to-date symlink: /home/azthorax/fra333_ws/install/ros2_control_demo_3r_robot/share/ros2_control_demo_3r_robot/cmake/ros2_control_demo_3r_robotConfig-version.cmake
[1.340s] -- Up-to-date symlink: /home/azthorax/fra333_ws/install/ros2_control_demo_3r_robot/share/ros2_control_demo_3r_robot/package.xml
[1.382s] Listing '/home/azthorax/fra333_ws/install/ros2_control_demo_3r_robot/lib/python3.8/site-packages/ros2_control_demo_3r_robot'...
[1.441s] Invoked command in '/home/azthorax/fra333_ws/build/ros2_control_demo_3r_robot' returned '0': CMAKE_PREFIX_PATH=${CMAKE_PREFIX_PATH}:/opt/ros/foxy /usr/bin/cmake --install /home/azthorax/fra333_ws/build/ros2_control_demo_3r_robot
