[  1%] Built target my_first_package__cpp
[ 12%] Built target my_first_package__rosidl_generator_c
[ 14%] Built target cpp_node_test
[ 25%] Built target my_first_package__rosidl_typesupport_introspection_cpp
[ 37%] Built target my_first_package__rosidl_typesupport_cpp
[ 48%] Built target my_first_package__rosidl_typesupport_introspection_c
[ 71%] Built target my_first_package__rosidl_typesupport_c
[ 71%] Built target my_first_package__rosidl_typesupport_fastrtps_cpp
[ 82%] Built target my_first_package__rosidl_typesupport_fastrtps_c
[ 82%] Built target my_first_package
[ 83%] Built target my_first_package__py
[ 93%] Built target my_first_package__python
[ 95%] Built target my_first_package__rosidl_typesupport_c__pyext
[ 97%] Built target my_first_package__rosidl_typesupport_fastrtps_c__pyext
[100%] Built target my_first_package__rosidl_typesupport_introspection_c__pyext
-- Install configuration: ""
-- Execute custom install script
-- Up-to-date symlink: /home/azthorax/fra333_ws/install/my_first_package/share/my_first_package/environment/pythonpath.sh
-- Up-to-date symlink: /home/azthorax/fra333_ws/install/my_first_package/share/my_first_package/environment/pythonpath.dsv
-- Symlinking: /home/azthorax/fra333_ws/install/my_first_package/lib/python3.8/site-packages/my_first_package/__init__.py
-- Up-to-date symlink: /home/azthorax/fra333_ws/install/my_first_package/lib/my_first_package/01_pub.py
-- Up-to-date symlink: /home/azthorax/fra333_ws/install/my_first_package/lib/my_first_package/01_sub.py
-- Up-to-date symlink: /home/azthorax/fra333_ws/install/my_first_package/lib/my_first_package/02_controller.py
-- Up-to-date symlink: /home/azthorax/fra333_ws/install/my_first_package/lib/my_first_package/02_scheduler.py
-- Up-to-date symlink: /home/azthorax/fra333_ws/install/my_first_package/lib/my_first_package/03_turtle_tf2_broadcaster.py
-- Up-to-date symlink: /home/azthorax/fra333_ws/install/my_first_package/lib/my_first_package/04_state_pub.py
-- Up-to-date symlink: /home/azthorax/fra333_ws/install/my_first_package/lib/my_first_package/athsub.py
-- Up-to-date symlink: /home/azthorax/fra333_ws/install/my_first_package/lib/my_first_package/athpub.py
-- Up-to-date symlink: /home/azthorax/fra333_ws/install/my_first_package/lib/my_first_package/athactpub.py
-- Up-to-date symlink: /home/azthorax/fra333_ws/install/my_first_package/lib/my_first_package/athactsub.py
-- Up-to-date symlink: /home/azthorax/fra333_ws/install/my_first_package/lib/my_first_package/athtf2pub.py
-- Up-to-date symlink: /home/azthorax/fra333_ws/install/my_first_package/lib/my_first_package/athtf2sub.py
-- Up-to-date symlink: /home/azthorax/fra333_ws/install/my_first_package/lib/my_first_package/athtf2frame.py
-- Up-to-date symlink: /home/azthorax/fra333_ws/install/my_first_package/lib/my_first_package/athtf2dframe.py
-- Up-to-date symlink: /home/azthorax/fra333_ws/install/my_first_package/lib/my_first_package/athmsgfilterpub.py
-- Up-to-date symlink: /home/azthorax/fra333_ws/install/my_first_package/lib/my_first_package/athmsgfiltersub.py
-- Up-to-date symlink: /home/azthorax/fra333_ws/install/my_first_package/lib/my_first_package/athStatePublisher.py
-- Up-to-date symlink: /home/azthorax/fra333_ws/install/my_first_package/lib/my_first_package/velomulti.py
-- Up-to-date symlink: /home/azthorax/fra333_ws/install/my_first_package/lib/my_first_package/noisegen.py
-- Up-to-date symlink: /home/azthorax/fra333_ws/install/my_first_package/lib/my_first_package/cpp_node_test
-- Up-to-date symlink: /home/azthorax/fra333_ws/install/my_first_package/share/ament_index/resource_index/rosidl_interfaces/my_first_package
-- Up-to-date symlink: /home/azthorax/fra333_ws/install/my_first_package/include/my_first_package/action/detail/fibonacci__functions.h
-- Up-to-date symlink: /home/azthorax/fra333_ws/install/my_first_package/include/my_first_package/action/detail/fibonacci__struct.h
-- Up-to-date symlink: /home/azthorax/fra333_ws/install/my_first_package/include/my_first_package/action/detail/fibonacci__type_support.h
-- Up-to-date symlink: /home/azthorax/fra333_ws/install/my_first_package/include/my_first_package/action/fibonacci.h
-- Up-to-date symlink: /home/azthorax/fra333_ws/install/my_first_package/include/my_first_package/msg/add_book.h
-- Up-to-date symlink: /home/azthorax/fra333_ws/install/my_first_package/include/my_first_package/msg/detail/add_book__functions.h
-- Up-to-date symlink: /home/azthorax/fra333_ws/install/my_first_package/include/my_first_package/msg/detail/add_book__struct.h
-- Up-to-date symlink: /home/azthorax/fra333_ws/install/my_first_package/include/my_first_package/msg/detail/add_book__type_support.h
-- Up-to-date symlink: /home/azthorax/fra333_ws/install/my_first_package/include/my_first_package/msg/detail/num__functions.h
-- Up-to-date symlink: /home/azthorax/fra333_ws/install/my_first_package/include/my_first_package/msg/detail/num__struct.h
-- Up-to-date symlink: /home/azthorax/fra333_ws/install/my_first_package/include/my_first_package/msg/detail/num__type_support.h
-- Up-to-date symlink: /home/azthorax/fra333_ws/install/my_first_package/include/my_first_package/msg/detail/sphere__functions.h
-- Up-to-date symlink: /home/azthorax/fra333_ws/install/my_first_package/include/my_first_package/msg/detail/sphere__struct.h
-- Up-to-date symlink: /home/azthorax/fra333_ws/install/my_first_package/include/my_first_package/msg/detail/sphere__type_support.h
-- Up-to-date symlink: /home/azthorax/fra333_ws/install/my_first_package/include/my_first_package/msg/num.h
-- Up-to-date symlink: /home/azthorax/fra333_ws/install/my_first_package/include/my_first_package/msg/rosidl_generator_c__visibility_control.h
-- Up-to-date symlink: /home/azthorax/fra333_ws/install/my_first_package/include/my_first_package/msg/sphere.h
-- Up-to-date symlink: /home/azthorax/fra333_ws/install/my_first_package/include/my_first_package/srv/ath_sum.h
-- Up-to-date symlink: /home/azthorax/fra333_ws/install/my_first_package/include/my_first_package/srv/ath_sum3.h
-- Up-to-date symlink: /home/azthorax/fra333_ws/install/my_first_package/include/my_first_package/srv/detail/ath_sum3__functions.h
-- Up-to-date symlink: /home/azthorax/fra333_ws/install/my_first_package/include/my_first_package/srv/detail/ath_sum3__struct.h
-- Up-to-date symlink: /home/azthorax/fra333_ws/install/my_first_package/include/my_first_package/srv/detail/ath_sum3__type_support.h
-- Up-to-date symlink: /home/azthorax/fra333_ws/install/my_first_package/include/my_first_package/srv/detail/ath_sum__functions.h
-- Up-to-date symlink: /home/azthorax/fra333_ws/install/my_first_package/include/my_first_package/srv/detail/ath_sum__struct.h
-- Up-to-date symlink: /home/azthorax/fra333_ws/install/my_first_package/include/my_first_package/srv/detail/ath_sum__type_support.h
-- Up-to-date symlink: /home/azthorax/fra333_ws/install/my_first_package/include/my_first_package/srv/detail/rand_goal__functions.h
-- Up-to-date symlink: /home/azthorax/fra333_ws/install/my_first_package/include/my_first_package/srv/detail/rand_goal__struct.h
-- Up-to-date symlink: /home/azthorax/fra333_ws/install/my_first_package/include/my_first_package/srv/detail/rand_goal__type_support.h
-- Up-to-date symlink: /home/azthorax/fra333_ws/install/my_first_package/include/my_first_package/srv/detail/set_goal__functions.h
-- Up-to-date symlink: /home/azthorax/fra333_ws/install/my_first_package/include/my_first_package/srv/detail/set_goal__struct.h
-- Up-to-date symlink: /home/azthorax/fra333_ws/install/my_first_package/include/my_first_package/srv/detail/set_goal__type_support.h
-- Up-to-date symlink: /home/azthorax/fra333_ws/install/my_first_package/include/my_first_package/srv/detail/set_noise__functions.h
-- Up-to-date symlink: /home/azthorax/fra333_ws/install/my_first_package/include/my_first_package/srv/detail/set_noise__struct.h
-- Up-to-date symlink: /home/azthorax/fra333_ws/install/my_first_package/include/my_first_package/srv/detail/set_noise__type_support.h
-- Up-to-date symlink: /home/azthorax/fra333_ws/install/my_first_package/include/my_first_package/srv/rand_goal.h
-- Up-to-date symlink: /home/azthorax/fra333_ws/install/my_first_package/include/my_first_package/srv/set_goal.h
-- Up-to-date symlink: /home/azthorax/fra333_ws/install/my_first_package/include/my_first_package/srv/set_noise.h
-- Up-to-date symlink: /home/azthorax/fra333_ws/install/my_first_package/share/my_first_package/environment/library_path.sh
-- Up-to-date symlink: /home/azthorax/fra333_ws/install/my_first_package/share/my_first_package/environment/library_path.dsv
-- Up-to-date symlink: /home/azthorax/fra333_ws/install/my_first_package/include/my_first_package/action/detail/fibonacci__rosidl_typesupport_fastrtps_c.h
-- Up-to-date symlink: /home/azthorax/fra333_ws/install/my_first_package/include/my_first_package/msg/detail/add_book__rosidl_typesupport_fastrtps_c.h
-- Up-to-date symlink: /home/azthorax/fra333_ws/install/my_first_package/include/my_first_package/msg/detail/num__rosidl_typesupport_fastrtps_c.h
-- Up-to-date symlink: /home/azthorax/fra333_ws/install/my_first_package/include/my_first_package/msg/detail/sphere__rosidl_typesupport_fastrtps_c.h
-- Up-to-date symlink: /home/azthorax/fra333_ws/install/my_first_package/include/my_first_package/msg/rosidl_typesupport_fastrtps_c__visibility_control.h
-- Up-to-date symlink: /home/azthorax/fra333_ws/install/my_first_package/include/my_first_package/srv/detail/ath_sum3__rosidl_typesupport_fastrtps_c.h
-- Up-to-date symlink: /home/azthorax/fra333_ws/install/my_first_package/include/my_first_package/srv/detail/ath_sum__rosidl_typesupport_fastrtps_c.h
-- Up-to-date symlink: /home/azthorax/fra333_ws/install/my_first_package/include/my_first_package/srv/detail/rand_goal__rosidl_typesupport_fastrtps_c.h
-- Up-to-date symlink: /home/azthorax/fra333_ws/install/my_first_package/include/my_first_package/srv/detail/set_goal__rosidl_typesupport_fastrtps_c.h
-- Up-to-date symlink: /home/azthorax/fra333_ws/install/my_first_package/include/my_first_package/srv/detail/set_noise__rosidl_typesupport_fastrtps_c.h
-- Up-to-date symlink: /home/azthorax/fra333_ws/install/my_first_package/lib/libmy_first_package__rosidl_typesupport_fastrtps_c.so
-- Up-to-date symlink: /home/azthorax/fra333_ws/install/my_first_package/include/my_first_package/action/detail/fibonacci__rosidl_typesupport_fastrtps_cpp.hpp
-- Up-to-date symlink: /home/azthorax/fra333_ws/install/my_first_package/include/my_first_package/msg/detail/add_book__rosidl_typesupport_fastrtps_cpp.hpp
-- Up-to-date symlink: /home/azthorax/fra333_ws/install/my_first_package/include/my_first_package/msg/detail/num__rosidl_typesupport_fastrtps_cpp.hpp
-- Up-to-date symlink: /home/azthorax/fra333_ws/install/my_first_package/include/my_first_package/msg/detail/sphere__rosidl_typesupport_fastrtps_cpp.hpp
-- Up-to-date symlink: /home/azthorax/fra333_ws/install/my_first_package/include/my_first_package/msg/rosidl_typesupport_fastrtps_cpp__visibility_control.h
-- Up-to-date symlink: /home/azthorax/fra333_ws/install/my_first_package/include/my_first_package/srv/detail/ath_sum3__rosidl_typesupport_fastrtps_cpp.hpp
-- Up-to-date symlink: /home/azthorax/fra333_ws/install/my_first_package/include/my_first_package/srv/detail/ath_sum__rosidl_typesupport_fastrtps_cpp.hpp
-- Up-to-date symlink: /home/azthorax/fra333_ws/install/my_first_package/include/my_first_package/srv/detail/rand_goal__rosidl_typesupport_fastrtps_cpp.hpp
-- Up-to-date symlink: /home/azthorax/fra333_ws/install/my_first_package/include/my_first_package/srv/detail/set_goal__rosidl_typesupport_fastrtps_cpp.hpp
-- Up-to-date symlink: /home/azthorax/fra333_ws/install/my_first_package/include/my_first_package/srv/detail/set_noise__rosidl_typesupport_fastrtps_cpp.hpp
-- Up-to-date symlink: /home/azthorax/fra333_ws/install/my_first_package/lib/libmy_first_package__rosidl_typesupport_fastrtps_cpp.so
-- Up-to-date symlink: /home/azthorax/fra333_ws/install/my_first_package/include/my_first_package/action/detail/fibonacci__rosidl_typesupport_introspection_c.h
-- Up-to-date symlink: /home/azthorax/fra333_ws/install/my_first_package/include/my_first_package/msg/detail/add_book__rosidl_typesupport_introspection_c.h
-- Up-to-date symlink: /home/azthorax/fra333_ws/install/my_first_package/include/my_first_package/msg/detail/num__rosidl_typesupport_introspection_c.h
-- Up-to-date symlink: /home/azthorax/fra333_ws/install/my_first_package/include/my_first_package/msg/detail/sphere__rosidl_typesupport_introspection_c.h
-- Up-to-date symlink: /home/azthorax/fra333_ws/install/my_first_package/include/my_first_package/msg/rosidl_typesupport_introspection_c__visibility_control.h
-- Up-to-date symlink: /home/azthorax/fra333_ws/install/my_first_package/include/my_first_package/srv/detail/ath_sum3__rosidl_typesupport_introspection_c.h
-- Up-to-date symlink: /home/azthorax/fra333_ws/install/my_first_package/include/my_first_package/srv/detail/ath_sum__rosidl_typesupport_introspection_c.h
-- Up-to-date symlink: /home/azthorax/fra333_ws/install/my_first_package/include/my_first_package/srv/detail/rand_goal__rosidl_typesupport_introspection_c.h
-- Up-to-date symlink: /home/azthorax/fra333_ws/install/my_first_package/include/my_first_package/srv/detail/set_goal__rosidl_typesupport_introspection_c.h
-- Up-to-date symlink: /home/azthorax/fra333_ws/install/my_first_package/include/my_first_package/srv/detail/set_noise__rosidl_typesupport_introspection_c.h
-- Up-to-date symlink: /home/azthorax/fra333_ws/install/my_first_package/include/my_first_package/action/detail/fibonacci__builder.hpp
-- Up-to-date symlink: /home/azthorax/fra333_ws/install/my_first_package/include/my_first_package/action/detail/fibonacci__struct.hpp
-- Up-to-date symlink: /home/azthorax/fra333_ws/install/my_first_package/include/my_first_package/action/detail/fibonacci__traits.hpp
-- Up-to-date symlink: /home/azthorax/fra333_ws/install/my_first_package/include/my_first_package/action/fibonacci.hpp
-- Up-to-date symlink: /home/azthorax/fra333_ws/install/my_first_package/include/my_first_package/msg/add_book.hpp
-- Up-to-date symlink: /home/azthorax/fra333_ws/install/my_first_package/include/my_first_package/msg/detail/add_book__builder.hpp
-- Up-to-date symlink: /home/azthorax/fra333_ws/install/my_first_package/include/my_first_package/msg/detail/add_book__struct.hpp
-- Up-to-date symlink: /home/azthorax/fra333_ws/install/my_first_package/include/my_first_package/msg/detail/add_book__traits.hpp
-- Up-to-date symlink: /home/azthorax/fra333_ws/install/my_first_package/include/my_first_package/msg/detail/num__builder.hpp
-- Up-to-date symlink: /home/azthorax/fra333_ws/install/my_first_package/include/my_first_package/msg/detail/num__struct.hpp
-- Up-to-date symlink: /home/azthorax/fra333_ws/install/my_first_package/include/my_first_package/msg/detail/num__traits.hpp
-- Up-to-date symlink: /home/azthorax/fra333_ws/install/my_first_package/include/my_first_package/msg/detail/sphere__builder.hpp
-- Up-to-date symlink: /home/azthorax/fra333_ws/install/my_first_package/include/my_first_package/msg/detail/sphere__struct.hpp
-- Up-to-date symlink: /home/azthorax/fra333_ws/install/my_first_package/include/my_first_package/msg/detail/sphere__traits.hpp
-- Up-to-date symlink: /home/azthorax/fra333_ws/install/my_first_package/include/my_first_package/msg/num.hpp
-- Up-to-date symlink: /home/azthorax/fra333_ws/install/my_first_package/include/my_first_package/msg/sphere.hpp
-- Up-to-date symlink: /home/azthorax/fra333_ws/install/my_first_package/include/my_first_package/srv/ath_sum.hpp
-- Up-to-date symlink: /home/azthorax/fra333_ws/install/my_first_package/include/my_first_package/srv/ath_sum3.hpp
-- Up-to-date symlink: /home/azthorax/fra333_ws/install/my_first_package/include/my_first_package/srv/detail/ath_sum3__builder.hpp
-- Up-to-date symlink: /home/azthorax/fra333_ws/install/my_first_package/include/my_first_package/srv/detail/ath_sum3__struct.hpp
-- Up-to-date symlink: /home/azthorax/fra333_ws/install/my_first_package/include/my_first_package/srv/detail/ath_sum3__traits.hpp
-- Up-to-date symlink: /home/azthorax/fra333_ws/install/my_first_package/include/my_first_package/srv/detail/ath_sum__builder.hpp
-- Up-to-date symlink: /home/azthorax/fra333_ws/install/my_first_package/include/my_first_package/srv/detail/ath_sum__struct.hpp
-- Up-to-date symlink: /home/azthorax/fra333_ws/install/my_first_package/include/my_first_package/srv/detail/ath_sum__traits.hpp
-- Up-to-date symlink: /home/azthorax/fra333_ws/install/my_first_package/include/my_first_package/srv/detail/rand_goal__builder.hpp
-- Up-to-date symlink: /home/azthorax/fra333_ws/install/my_first_package/include/my_first_package/srv/detail/rand_goal__struct.hpp
-- Up-to-date symlink: /home/azthorax/fra333_ws/install/my_first_package/include/my_first_package/srv/detail/rand_goal__traits.hpp
-- Up-to-date symlink: /home/azthorax/fra333_ws/install/my_first_package/include/my_first_package/srv/detail/set_goal__builder.hpp
-- Up-to-date symlink: /home/azthorax/fra333_ws/install/my_first_package/include/my_first_package/srv/detail/set_goal__struct.hpp
-- Up-to-date symlink: /home/azthorax/fra333_ws/install/my_first_package/include/my_first_package/srv/detail/set_goal__traits.hpp
-- Up-to-date symlink: /home/azthorax/fra333_ws/install/my_first_package/include/my_first_package/srv/detail/set_noise__builder.hpp
-- Up-to-date symlink: /home/azthorax/fra333_ws/install/my_first_package/include/my_first_package/srv/detail/set_noise__struct.hpp
-- Up-to-date symlink: /home/azthorax/fra333_ws/install/my_first_package/include/my_first_package/srv/detail/set_noise__traits.hpp
-- Up-to-date symlink: /home/azthorax/fra333_ws/install/my_first_package/include/my_first_package/srv/rand_goal.hpp
-- Up-to-date symlink: /home/azthorax/fra333_ws/install/my_first_package/include/my_first_package/srv/set_goal.hpp
-- Up-to-date symlink: /home/azthorax/fra333_ws/install/my_first_package/include/my_first_package/srv/set_noise.hpp
-- Up-to-date symlink: /home/azthorax/fra333_ws/install/my_first_package/include/my_first_package/action/detail/fibonacci__rosidl_typesupport_introspection_cpp.hpp
-- Up-to-date symlink: /home/azthorax/fra333_ws/install/my_first_package/include/my_first_package/msg/detail/add_book__rosidl_typesupport_introspection_cpp.hpp
-- Up-to-date symlink: /home/azthorax/fra333_ws/install/my_first_package/include/my_first_package/msg/detail/num__rosidl_typesupport_introspection_cpp.hpp
-- Up-to-date symlink: /home/azthorax/fra333_ws/install/my_first_package/include/my_first_package/msg/detail/sphere__rosidl_typesupport_introspection_cpp.hpp
-- Up-to-date symlink: /home/azthorax/fra333_ws/install/my_first_package/include/my_first_package/srv/detail/ath_sum3__rosidl_typesupport_introspection_cpp.hpp
-- Up-to-date symlink: /home/azthorax/fra333_ws/install/my_first_package/include/my_first_package/srv/detail/ath_sum__rosidl_typesupport_introspection_cpp.hpp
-- Up-to-date symlink: /home/azthorax/fra333_ws/install/my_first_package/include/my_first_package/srv/detail/rand_goal__rosidl_typesupport_introspection_cpp.hpp
-- Up-to-date symlink: /home/azthorax/fra333_ws/install/my_first_package/include/my_first_package/srv/detail/set_goal__rosidl_typesupport_introspection_cpp.hpp
-- Up-to-date symlink: /home/azthorax/fra333_ws/install/my_first_package/include/my_first_package/srv/detail/set_noise__rosidl_typesupport_introspection_cpp.hpp
-- Symlinking: /home/azthorax/fra333_ws/install/my_first_package/lib/python3.8/site-packages/my_first_package/__init__.py
-- Up-to-date symlink: /home/azthorax/fra333_ws/install/my_first_package/lib/python3.8/site-packages/my_first_package/srv/__init__.py
-- Up-to-date symlink: /home/azthorax/fra333_ws/install/my_first_package/lib/python3.8/site-packages/my_first_package/srv/_ath_sum.py
-- Up-to-date symlink: /home/azthorax/fra333_ws/install/my_first_package/lib/python3.8/site-packages/my_first_package/srv/_ath_sum3.py
-- Up-to-date symlink: /home/azthorax/fra333_ws/install/my_first_package/lib/python3.8/site-packages/my_first_package/srv/_rand_goal.py
-- Up-to-date symlink: /home/azthorax/fra333_ws/install/my_first_package/lib/python3.8/site-packages/my_first_package/srv/_set_goal.py
-- Up-to-date symlink: /home/azthorax/fra333_ws/install/my_first_package/lib/python3.8/site-packages/my_first_package/srv/_set_noise.py
-- Up-to-date symlink: /home/azthorax/fra333_ws/install/my_first_package/lib/python3.8/site-packages/my_first_package/msg/__init__.py
-- Up-to-date symlink: /home/azthorax/fra333_ws/install/my_first_package/lib/python3.8/site-packages/my_first_package/msg/_add_book.py
-- Up-to-date symlink: /home/azthorax/fra333_ws/install/my_first_package/lib/python3.8/site-packages/my_first_package/msg/_num.py
-- Up-to-date symlink: /home/azthorax/fra333_ws/install/my_first_package/lib/python3.8/site-packages/my_first_package/msg/_sphere.py
-- Up-to-date symlink: /home/azthorax/fra333_ws/install/my_first_package/lib/python3.8/site-packages/my_first_package/action/__init__.py
-- Up-to-date symlink: /home/azthorax/fra333_ws/install/my_first_package/lib/python3.8/site-packages/my_first_package/action/_fibonacci.py
-- Up-to-date symlink: /home/azthorax/fra333_ws/install/my_first_package/lib/python3.8/site-packages/my_first_package/my_first_package_s__rosidl_typesupport_fastrtps_c.cpython-38-x86_64-linux-gnu.so
-- Up-to-date symlink: /home/azthorax/fra333_ws/install/my_first_package/lib/python3.8/site-packages/my_first_package/my_first_package_s__rosidl_typesupport_introspection_c.cpython-38-x86_64-linux-gnu.so
-- Up-to-date symlink: /home/azthorax/fra333_ws/install/my_first_package/lib/python3.8/site-packages/my_first_package/my_first_package_s__rosidl_typesupport_c.cpython-38-x86_64-linux-gnu.so
-- Up-to-date symlink: /home/azthorax/fra333_ws/install/my_first_package/lib/libmy_first_package__python.so
-- Up-to-date symlink: /home/azthorax/fra333_ws/install/my_first_package/share/my_first_package/srv/RandGoal.idl
-- Up-to-date symlink: /home/azthorax/fra333_ws/install/my_first_package/share/my_first_package/srv/SetGoal.idl
-- Up-to-date symlink: /home/azthorax/fra333_ws/install/my_first_package/share/my_first_package/srv/AthSum.idl
-- Up-to-date symlink: /home/azthorax/fra333_ws/install/my_first_package/share/my_first_package/msg/Num.idl
-- Up-to-date symlink: /home/azthorax/fra333_ws/install/my_first_package/share/my_first_package/msg/Sphere.idl
-- Up-to-date symlink: /home/azthorax/fra333_ws/install/my_first_package/share/my_first_package/msg/AddBook.idl
-- Up-to-date symlink: /home/azthorax/fra333_ws/install/my_first_package/share/my_first_package/srv/AthSum3.idl
-- Up-to-date symlink: /home/azthorax/fra333_ws/install/my_first_package/share/my_first_package/srv/SetNoise.idl
-- Up-to-date symlink: /home/azthorax/fra333_ws/install/my_first_package/share/my_first_package/action/Fibonacci.idl
-- Up-to-date symlink: /home/azthorax/fra333_ws/install/my_first_package/share/my_first_package/srv/RandGoal.srv
-- Up-to-date symlink: /home/azthorax/fra333_ws/install/my_first_package/share/my_first_package/srv/RandGoal_Request.msg
-- Up-to-date symlink: /home/azthorax/fra333_ws/install/my_first_package/share/my_first_package/srv/RandGoal_Response.msg
-- Up-to-date symlink: /home/azthorax/fra333_ws/install/my_first_package/share/my_first_package/srv/SetGoal.srv
-- Up-to-date symlink: /home/azthorax/fra333_ws/install/my_first_package/share/my_first_package/srv/SetGoal_Request.msg
-- Up-to-date symlink: /home/azthorax/fra333_ws/install/my_first_package/share/my_first_package/srv/SetGoal_Response.msg
-- Up-to-date symlink: /home/azthorax/fra333_ws/install/my_first_package/share/my_first_package/srv/AthSum.srv
-- Up-to-date symlink: /home/azthorax/fra333_ws/install/my_first_package/share/my_first_package/srv/AthSum_Request.msg
-- Up-to-date symlink: /home/azthorax/fra333_ws/install/my_first_package/share/my_first_package/srv/AthSum_Response.msg
-- Up-to-date symlink: /home/azthorax/fra333_ws/install/my_first_package/share/my_first_package/msg/Num.msg
-- Up-to-date symlink: /home/azthorax/fra333_ws/install/my_first_package/share/my_first_package/msg/Sphere.msg
-- Up-to-date symlink: /home/azthorax/fra333_ws/install/my_first_package/share/my_first_package/msg/AddBook.msg
-- Up-to-date symlink: /home/azthorax/fra333_ws/install/my_first_package/share/my_first_package/srv/AthSum3.srv
-- Up-to-date symlink: /home/azthorax/fra333_ws/install/my_first_package/share/my_first_package/srv/AthSum3_Request.msg
-- Up-to-date symlink: /home/azthorax/fra333_ws/install/my_first_package/share/my_first_package/srv/AthSum3_Response.msg
-- Up-to-date symlink: /home/azthorax/fra333_ws/install/my_first_package/share/my_first_package/srv/SetNoise.srv
-- Up-to-date symlink: /home/azthorax/fra333_ws/install/my_first_package/share/my_first_package/srv/SetNoise_Request.msg
-- Up-to-date symlink: /home/azthorax/fra333_ws/install/my_first_package/share/my_first_package/srv/SetNoise_Response.msg
-- Up-to-date symlink: /home/azthorax/fra333_ws/install/my_first_package/share/my_first_package/action/Fibonacci.action
-- Up-to-date symlink: /home/azthorax/fra333_ws/install/my_first_package/share/my_first_package/meshes/STL_with_orgin.zip
-- Up-to-date symlink: /home/azthorax/fra333_ws/install/my_first_package/share/my_first_package/meshes/base_link.stl
-- Up-to-date symlink: /home/azthorax/fra333_ws/install/my_first_package/share/my_first_package/meshes/end_effector.stl
-- Up-to-date symlink: /home/azthorax/fra333_ws/install/my_first_package/share/my_first_package/meshes/link_0.stl
-- Up-to-date symlink: /home/azthorax/fra333_ws/install/my_first_package/share/my_first_package/meshes/link_1.stl
-- Up-to-date symlink: /home/azthorax/fra333_ws/install/my_first_package/share/my_first_package/meshes/link_2.stl
-- Up-to-date symlink: /home/azthorax/fra333_ws/install/my_first_package/share/my_first_package/meshes/link_3.stl
-- Up-to-date symlink: /home/azthorax/fra333_ws/install/my_first_package/share/my_first_package/launch/02_via_point_follower.launch.py
-- Up-to-date symlink: /home/azthorax/fra333_ws/install/my_first_package/share/my_first_package/launch/04_robot_state_publisher.launch.py
-- Up-to-date symlink: /home/azthorax/fra333_ws/install/my_first_package/share/my_first_package/launch/athsamplelaunch.py
-- Up-to-date symlink: /home/azthorax/fra333_ws/install/my_first_package/share/my_first_package/launch/hwdemolaunch.py
-- Up-to-date symlink: /home/azthorax/fra333_ws/install/my_first_package/share/my_first_package/urdf/cocoa.urdf.xml
-- Up-to-date symlink: /home/azthorax/fra333_ws/install/my_first_package/share/my_first_package/urdf/myrobot.urdf.xml
-- Up-to-date symlink: /home/azthorax/fra333_ws/install/my_first_package/share/my_first_package/urdf/r2d2.urdf.xml
-- Up-to-date symlink: /home/azthorax/fra333_ws/install/my_first_package/share/my_first_package/rviz/r2d2.rviz
-- Up-to-date symlink: /home/azthorax/fra333_ws/install/my_first_package/share/ament_index/resource_index/package_run_dependencies/my_first_package
-- Up-to-date symlink: /home/azthorax/fra333_ws/install/my_first_package/share/ament_index/resource_index/parent_prefix_path/my_first_package
-- Up-to-date symlink: /home/azthorax/fra333_ws/install/my_first_package/share/my_first_package/environment/ament_prefix_path.sh
-- Up-to-date symlink: /home/azthorax/fra333_ws/install/my_first_package/share/my_first_package/environment/ament_prefix_path.dsv
-- Up-to-date symlink: /home/azthorax/fra333_ws/install/my_first_package/share/my_first_package/environment/path.sh
-- Up-to-date symlink: /home/azthorax/fra333_ws/install/my_first_package/share/my_first_package/environment/path.dsv
-- Up-to-date symlink: /home/azthorax/fra333_ws/install/my_first_package/share/my_first_package/local_setup.bash
-- Up-to-date symlink: /home/azthorax/fra333_ws/install/my_first_package/share/my_first_package/local_setup.sh
-- Up-to-date symlink: /home/azthorax/fra333_ws/install/my_first_package/share/my_first_package/local_setup.zsh
-- Up-to-date symlink: /home/azthorax/fra333_ws/install/my_first_package/share/my_first_package/local_setup.dsv
-- Symlinking: /home/azthorax/fra333_ws/install/my_first_package/share/my_first_package/package.dsv
-- Up-to-date symlink: /home/azthorax/fra333_ws/install/my_first_package/share/ament_index/resource_index/packages/my_first_package
-- Up-to-date symlink: /home/azthorax/fra333_ws/install/my_first_package/share/my_first_package/cmake/rosidl_cmake-extras.cmake
-- Up-to-date symlink: /home/azthorax/fra333_ws/install/my_first_package/share/my_first_package/cmake/ament_cmake_export_dependencies-extras.cmake
-- Up-to-date symlink: /home/azthorax/fra333_ws/install/my_first_package/share/my_first_package/cmake/ament_cmake_export_libraries-extras.cmake
-- Up-to-date symlink: /home/azthorax/fra333_ws/install/my_first_package/share/my_first_package/cmake/ament_cmake_export_targets-extras.cmake
-- Up-to-date symlink: /home/azthorax/fra333_ws/install/my_first_package/share/my_first_package/cmake/ament_cmake_export_include_directories-extras.cmake
-- Up-to-date symlink: /home/azthorax/fra333_ws/install/my_first_package/share/my_first_package/cmake/rosidl_cmake_export_typesupport_libraries-extras.cmake
-- Up-to-date symlink: /home/azthorax/fra333_ws/install/my_first_package/share/my_first_package/cmake/rosidl_cmake_export_typesupport_targets-extras.cmake
-- Up-to-date symlink: /home/azthorax/fra333_ws/install/my_first_package/share/my_first_package/cmake/my_first_packageConfig.cmake
-- Up-to-date symlink: /home/azthorax/fra333_ws/install/my_first_package/share/my_first_package/cmake/my_first_packageConfig-version.cmake
-- Up-to-date symlink: /home/azthorax/fra333_ws/install/my_first_package/share/my_first_package/package.xml
Listing '/home/azthorax/fra333_ws/install/my_first_package/lib/python3.8/site-packages/my_first_package'...
Listing '/home/azthorax/fra333_ws/install/my_first_package/lib/python3.8/site-packages/my_first_package/action'...
Listing '/home/azthorax/fra333_ws/install/my_first_package/lib/python3.8/site-packages/my_first_package/msg'...
Listing '/home/azthorax/fra333_ws/install/my_first_package/lib/python3.8/site-packages/my_first_package/srv'...
-- Up-to-date: /home/azthorax/fra333_ws/install/my_first_package/lib/libmy_first_package__rosidl_generator_c.so
-- Up-to-date: /home/azthorax/fra333_ws/install/my_first_package/lib/libmy_first_package__rosidl_typesupport_introspection_c.so
-- Up-to-date: /home/azthorax/fra333_ws/install/my_first_package/lib/libmy_first_package__rosidl_typesupport_c.so
-- Up-to-date: /home/azthorax/fra333_ws/install/my_first_package/lib/libmy_first_package__rosidl_typesupport_introspection_cpp.so
-- Up-to-date: /home/azthorax/fra333_ws/install/my_first_package/lib/libmy_first_package__rosidl_typesupport_cpp.so
-- Up-to-date: /home/azthorax/fra333_ws/install/my_first_package/share/my_first_package/cmake/my_first_package__rosidl_generator_cExport.cmake
-- Up-to-date: /home/azthorax/fra333_ws/install/my_first_package/share/my_first_package/cmake/my_first_package__rosidl_generator_cExport-noconfig.cmake
-- Up-to-date: /home/azthorax/fra333_ws/install/my_first_package/share/my_first_package/cmake/my_first_package__rosidl_typesupport_introspection_cExport.cmake
-- Up-to-date: /home/azthorax/fra333_ws/install/my_first_package/share/my_first_package/cmake/my_first_package__rosidl_typesupport_introspection_cExport-noconfig.cmake
-- Up-to-date: /home/azthorax/fra333_ws/install/my_first_package/share/my_first_package/cmake/my_first_package__rosidl_typesupport_cExport.cmake
-- Up-to-date: /home/azthorax/fra333_ws/install/my_first_package/share/my_first_package/cmake/my_first_package__rosidl_typesupport_cExport-noconfig.cmake
-- Up-to-date: /home/azthorax/fra333_ws/install/my_first_package/share/my_first_package/cmake/my_first_package__rosidl_generator_cppExport.cmake
-- Up-to-date: /home/azthorax/fra333_ws/install/my_first_package/share/my_first_package/cmake/my_first_package__rosidl_typesupport_introspection_cppExport.cmake
-- Up-to-date: /home/azthorax/fra333_ws/install/my_first_package/share/my_first_package/cmake/my_first_package__rosidl_typesupport_introspection_cppExport-noconfig.cmake
-- Up-to-date: /home/azthorax/fra333_ws/install/my_first_package/share/my_first_package/cmake/my_first_package__rosidl_typesupport_cppExport.cmake
-- Up-to-date: /home/azthorax/fra333_ws/install/my_first_package/share/my_first_package/cmake/my_first_package__rosidl_typesupport_cppExport-noconfig.cmake
