[0.045s] Invoking command in '/home/azthorax/fra333_ws/build/lab1_interfaces': CMAKE_PREFIX_PATH=${CMAKE_PREFIX_PATH}:/opt/ros/foxy /usr/bin/cmake --build /home/azthorax/fra333_ws/build/lab1_interfaces -- -j12 -l12
[0.078s] -- Found ament_cmake: 0.9.9 (/opt/ros/foxy/share/ament_cmake/cmake)
[0.105s] -- Found PythonInterp: /usr/bin/python3 (found suitable version "3.8.10", minimum required is "3") 
[0.105s] -- Using PYTHON_EXECUTABLE: /usr/bin/python3
[0.304s] -- Override CMake install command with custom implementation using symlinks instead of copying resources
[0.313s] -- Found ament_lint_auto: 0.9.6 (/opt/ros/foxy/share/ament_lint_auto/cmake)
[0.383s] -- Found rosidl_default_generators: 1.0.1 (/opt/ros/foxy/share/rosidl_default_generators/cmake)
[0.386s] -- Using all available rosidl_typesupport_c: rosidl_typesupport_fastrtps_c;rosidl_typesupport_introspection_c
[0.389s] -- Found rosidl_adapter: 1.2.1 (/opt/ros/foxy/share/rosidl_adapter/cmake)
[0.523s] -- Using all available rosidl_typesupport_cpp: rosidl_typesupport_fastrtps_cpp;rosidl_typesupport_introspection_cpp
[0.555s] -- Found std_msgs: 2.0.5 (/opt/ros/foxy/share/std_msgs/cmake)
[0.617s] -- Found PythonInterp: /usr/bin/python3 (found version "3.8.10") 
[0.713s] -- Found ament_cmake_ros: 0.9.2 (/opt/ros/foxy/share/ament_cmake_ros/cmake)
[0.901s] -- Using all available rosidl_typesupport_c: rosidl_typesupport_fastrtps_c;rosidl_typesupport_introspection_c
[0.958s] -- Using all available rosidl_typesupport_cpp: rosidl_typesupport_fastrtps_cpp;rosidl_typesupport_introspection_cpp
[0.983s] -- Found PythonInterp: /usr/bin/python3 (found suitable version "3.8.10", minimum required is "3.5") 
[0.983s] -- Found python_cmake_module: 0.8.1 (/opt/ros/foxy/share/python_cmake_module/cmake)
[1.015s] -- Using PYTHON_EXECUTABLE: /usr/bin/python3
[1.016s] -- Using PYTHON_INCLUDE_DIRS: /usr/include/python3.8
[1.016s] -- Using PYTHON_LIBRARIES: /usr/lib/x86_64-linux-gnu/libpython3.8.so
[1.056s] -- Added test 'copyright' to check source files copyright and LICENSE
[1.058s] -- Added test 'lint_cmake' to check CMake code style
[1.059s] -- Added test 'xmllint' to check XML markup files
[1.066s] -- Configuring done
[1.106s] -- Generating done
[1.110s] -- Build files have been written to: /home/azthorax/fra333_ws/build/lab1_interfaces
[1.155s] [  9%] Built target lab1_interfaces__rosidl_generator_c
[1.159s] [ 12%] Built target lab1_interfaces__cpp
[1.179s] [ 22%] Built target lab1_interfaces__rosidl_typesupport_c
[1.182s] [ 41%] Built target lab1_interfaces__rosidl_typesupport_cpp
[1.182s] [ 41%] Built target lab1_interfaces__rosidl_typesupport_introspection_cpp
[1.186s] [ 51%] Built target lab1_interfaces__rosidl_typesupport_introspection_c
[1.189s] [ 61%] Built target lab1_interfaces__rosidl_typesupport_fastrtps_cpp
[1.222s] [ 70%] Built target lab1_interfaces__rosidl_typesupport_fastrtps_c
[1.250s] [ 70%] Built target lab1_interfaces
[1.279s] [ 74%] Built target lab1_interfaces__py
[1.323s] [ 80%] Built target lab1_interfaces__python
[1.356s] [ 87%] Built target lab1_interfaces__rosidl_typesupport_fastrtps_c__pyext
[1.358s] [ 93%] Built target lab1_interfaces__rosidl_typesupport_introspection_c__pyext
[1.363s] [100%] Built target lab1_interfaces__rosidl_typesupport_c__pyext
