-- Found rosidl_default_generators: 1.0.1 (/opt/ros/foxy/share/rosidl_default_generators/cmake)
-- Found ament_cmake_core: 0.9.9 (/opt/ros/foxy/share/ament_cmake_core/cmake)
-- Found PythonInterp: /usr/bin/python3 (found suitable version "3.8.10", minimum required is "3") 
-- Using PYTHON_EXECUTABLE: /usr/bin/python3
-- Override CMake install command with custom implementation using symlinks instead of copying resources
-- Using all available rosidl_typesupport_c: rosidl_typesupport_fastrtps_c;rosidl_typesupport_introspection_c
-- Found rosidl_adapter: 1.2.1 (/opt/ros/foxy/share/rosidl_adapter/cmake)
-- Using all available rosidl_typesupport_cpp: rosidl_typesupport_fastrtps_cpp;rosidl_typesupport_introspection_cpp
-- Found geometry_msgs: 2.0.5 (/opt/ros/foxy/share/geometry_msgs/cmake)
-- Found rclcpp: 2.4.1 (/opt/ros/foxy/share/rclcpp/cmake)
-- Found rmw_implementation_cmake: 1.0.3 (/opt/ros/foxy/share/rmw_implementation_cmake/cmake)
-- Using RMW implementation 'rmw_fastrtps_cpp' as default
-- Found rclpy: 1.0.8 (/opt/ros/foxy/share/rclpy/cmake)
-- Found PythonInterp: /usr/bin/python3 (found version "3.8.10") 
-- Found ament_cmake_ros: 0.9.2 (/opt/ros/foxy/share/ament_cmake_ros/cmake)
-- Using all available rosidl_typesupport_c: rosidl_typesupport_fastrtps_c;rosidl_typesupport_introspection_c
-- Using all available rosidl_typesupport_cpp: rosidl_typesupport_fastrtps_cpp;rosidl_typesupport_introspection_cpp
-- Found PythonInterp: /usr/bin/python3 (found suitable version "3.8.10", minimum required is "3.5") 
-- Found python_cmake_module: 0.8.1 (/opt/ros/foxy/share/python_cmake_module/cmake)
-- Using PYTHON_EXECUTABLE: /usr/bin/python3
-- Using PYTHON_INCLUDE_DIRS: /usr/include/python3.8
-- Using PYTHON_LIBRARIES: /usr/lib/x86_64-linux-gnu/libpython3.8.so
-- Configuring done
-- Generating done
-- Build files have been written to: /home/azthorax/fra333_ws/build/my_first_package
[  1%] [34m[1mGenerating C code for ROS interfaces[0m
[  2%] [34m[1mGenerating C++ code for ROS interfaces[0m
[  4%] Built target cpp_node_test
[  4%] Built target my_first_package__cpp
[  5%] [34m[1mGenerating C++ introspection for ROS interfaces[0m
[  6%] [34m[1mGenerating C++ type support for eProsima Fast-RTPS[0m
[  7%] [34m[1mGenerating C++ type support dispatch for ROS interfaces[0m
[35m[1mScanning dependencies of target my_first_package__rosidl_generator_c[0m
[ 11%] [32mBuilding C object CMakeFiles/my_first_package__rosidl_generator_c.dir/rosidl_generator_c/my_first_package/srv/detail/ath_sum__functions.c.o[0m
[ 11%] [32mBuilding C object CMakeFiles/my_first_package__rosidl_generator_c.dir/rosidl_generator_c/my_first_package/msg/detail/num__functions.c.o[0m
[ 11%] [32mBuilding C object CMakeFiles/my_first_package__rosidl_generator_c.dir/rosidl_generator_c/my_first_package/srv/detail/set_goal__functions.c.o[0m
[ 11%] [32mBuilding C object CMakeFiles/my_first_package__rosidl_generator_c.dir/rosidl_generator_c/my_first_package/msg/detail/add_book__functions.c.o[0m
[ 12%] [32mBuilding C object CMakeFiles/my_first_package__rosidl_generator_c.dir/rosidl_generator_c/my_first_package/msg/detail/sphere__functions.c.o[0m
[ 13%] [32mBuilding C object CMakeFiles/my_first_package__rosidl_generator_c.dir/rosidl_generator_c/my_first_package/srv/detail/ath_sum3__functions.c.o[0m
[ 14%] [32mBuilding C object CMakeFiles/my_first_package__rosidl_generator_c.dir/rosidl_generator_c/my_first_package/srv/detail/rand_goal__functions.c.o[0m
[ 15%] [32mBuilding C object CMakeFiles/my_first_package__rosidl_generator_c.dir/rosidl_generator_c/my_first_package/action/detail/fibonacci__functions.c.o[0m
[ 16%] [32mBuilding C object CMakeFiles/my_first_package__rosidl_generator_c.dir/rosidl_generator_c/my_first_package/srv/detail/set_noise__functions.c.o[0m
[ 17%] [32m[1mLinking C shared library libmy_first_package__rosidl_generator_c.so[0m
[ 17%] Built target my_first_package__rosidl_generator_c
[ 18%] [34m[1mGenerating C introspection for ROS interfaces[0m
[ 19%] [34m[1mGenerating C type support dispatch for ROS interfaces[0m
[35m[1mScanning dependencies of target my_first_package__rosidl_typesupport_cpp[0m
[ 21%] [32mBuilding CXX object CMakeFiles/my_first_package__rosidl_typesupport_cpp.dir/rosidl_typesupport_cpp/my_first_package/srv/set_goal__type_support.cpp.o[0m
[ 21%] [32mBuilding CXX object CMakeFiles/my_first_package__rosidl_typesupport_cpp.dir/rosidl_typesupport_cpp/my_first_package/srv/rand_goal__type_support.cpp.o[0m
[ 22%] [32mBuilding CXX object CMakeFiles/my_first_package__rosidl_typesupport_cpp.dir/rosidl_typesupport_cpp/my_first_package/srv/ath_sum__type_support.cpp.o[0m
[ 23%] [32mBuilding CXX object CMakeFiles/my_first_package__rosidl_typesupport_cpp.dir/rosidl_typesupport_cpp/my_first_package/msg/sphere__type_support.cpp.o[0m
[ 24%] [32mBuilding CXX object CMakeFiles/my_first_package__rosidl_typesupport_cpp.dir/rosidl_typesupport_cpp/my_first_package/srv/set_noise__type_support.cpp.o[0m
[ 25%] [32mBuilding CXX object CMakeFiles/my_first_package__rosidl_typesupport_cpp.dir/rosidl_typesupport_cpp/my_first_package/srv/ath_sum3__type_support.cpp.o[0m
[ 27%] [32mBuilding CXX object CMakeFiles/my_first_package__rosidl_typesupport_cpp.dir/rosidl_typesupport_cpp/my_first_package/msg/num__type_support.cpp.o[0m
[ 27%] [32mBuilding CXX object CMakeFiles/my_first_package__rosidl_typesupport_cpp.dir/rosidl_typesupport_cpp/my_first_package/msg/add_book__type_support.cpp.o[0m
[35m[1mScanning dependencies of target my_first_package__rosidl_typesupport_introspection_cpp[0m
[ 28%] [32mBuilding CXX object CMakeFiles/my_first_package__rosidl_typesupport_introspection_cpp.dir/rosidl_typesupport_introspection_cpp/my_first_package/srv/detail/rand_goal__type_support.cpp.o[0m
[ 29%] [32mBuilding CXX object CMakeFiles/my_first_package__rosidl_typesupport_introspection_cpp.dir/rosidl_typesupport_introspection_cpp/my_first_package/srv/detail/set_goal__type_support.cpp.o[0m
[35m[1mScanning dependencies of target my_first_package__rosidl_typesupport_c[0m
[ 30%] [32mBuilding CXX object CMakeFiles/my_first_package__rosidl_typesupport_cpp.dir/rosidl_typesupport_cpp/my_first_package/action/fibonacci__type_support.cpp.o[0m
[ 32%] [32mBuilding CXX object CMakeFiles/my_first_package__rosidl_typesupport_introspection_cpp.dir/rosidl_typesupport_introspection_cpp/my_first_package/msg/detail/num__type_support.cpp.o[0m
[ 32%] [32mBuilding CXX object CMakeFiles/my_first_package__rosidl_typesupport_introspection_cpp.dir/rosidl_typesupport_introspection_cpp/my_first_package/srv/detail/ath_sum__type_support.cpp.o[0m
[ 34%] [32mBuilding CXX object CMakeFiles/my_first_package__rosidl_typesupport_c.dir/rosidl_typesupport_c/my_first_package/srv/rand_goal__type_support.cpp.o[0m
[35m[1mScanning dependencies of target my_first_package__rosidl_typesupport_fastrtps_cpp[0m
[ 37%] [32mBuilding CXX object CMakeFiles/my_first_package__rosidl_typesupport_c.dir/rosidl_typesupport_c/my_first_package/srv/set_goal__type_support.cpp.o[0m
[ 37%] [32mBuilding CXX object CMakeFiles/my_first_package__rosidl_typesupport_c.dir/rosidl_typesupport_c/my_first_package/srv/ath_sum__type_support.cpp.o[0m
[ 37%] [32mBuilding CXX object CMakeFiles/my_first_package__rosidl_typesupport_c.dir/rosidl_typesupport_c/my_first_package/msg/num__type_support.cpp.o[0m
[ 38%] [32mBuilding CXX object CMakeFiles/my_first_package__rosidl_typesupport_introspection_cpp.dir/rosidl_typesupport_introspection_cpp/my_first_package/msg/detail/sphere__type_support.cpp.o[0m
[ 39%] [32mBuilding CXX object CMakeFiles/my_first_package__rosidl_typesupport_c.dir/rosidl_typesupport_c/my_first_package/msg/sphere__type_support.cpp.o[0m
[ 40%] [32mBuilding CXX object CMakeFiles/my_first_package__rosidl_typesupport_fastrtps_cpp.dir/rosidl_typesupport_fastrtps_cpp/my_first_package/srv/detail/dds_fastrtps/rand_goal__type_support.cpp.o[0m
[ 42%] [32mBuilding CXX object CMakeFiles/my_first_package__rosidl_typesupport_c.dir/rosidl_typesupport_c/my_first_package/msg/add_book__type_support.cpp.o[0m
[ 42%] [32mBuilding CXX object CMakeFiles/my_first_package__rosidl_typesupport_fastrtps_cpp.dir/rosidl_typesupport_fastrtps_cpp/my_first_package/srv/detail/dds_fastrtps/set_goal__type_support.cpp.o[0m
[ 43%] [32mBuilding CXX object CMakeFiles/my_first_package__rosidl_typesupport_fastrtps_cpp.dir/rosidl_typesupport_fastrtps_cpp/my_first_package/srv/detail/dds_fastrtps/ath_sum__type_support.cpp.o[0m
[ 44%] [32mBuilding CXX object CMakeFiles/my_first_package__rosidl_typesupport_fastrtps_cpp.dir/rosidl_typesupport_fastrtps_cpp/my_first_package/msg/detail/dds_fastrtps/num__type_support.cpp.o[0m
[ 45%] [32mBuilding CXX object CMakeFiles/my_first_package__rosidl_typesupport_c.dir/rosidl_typesupport_c/my_first_package/srv/ath_sum3__type_support.cpp.o[0m
[ 46%] [32mBuilding CXX object CMakeFiles/my_first_package__rosidl_typesupport_c.dir/rosidl_typesupport_c/my_first_package/srv/set_noise__type_support.cpp.o[0m
[ 47%] [32mBuilding CXX object CMakeFiles/my_first_package__rosidl_typesupport_c.dir/rosidl_typesupport_c/my_first_package/action/fibonacci__type_support.cpp.o[0m
[ 48%] [32m[1mLinking CXX shared library libmy_first_package__rosidl_typesupport_c.so[0m
[35m[1mScanning dependencies of target my_first_package__rosidl_typesupport_introspection_c[0m
[ 48%] Built target my_first_package__rosidl_typesupport_c
[ 49%] [32mBuilding C object CMakeFiles/my_first_package__rosidl_typesupport_introspection_c.dir/rosidl_typesupport_introspection_c/my_first_package/srv/detail/rand_goal__type_support.c.o[0m
[ 51%] [32mBuilding CXX object CMakeFiles/my_first_package__rosidl_typesupport_fastrtps_cpp.dir/rosidl_typesupport_fastrtps_cpp/my_first_package/msg/detail/dds_fastrtps/sphere__type_support.cpp.o[0m
[ 51%] [32mBuilding CXX object CMakeFiles/my_first_package__rosidl_typesupport_introspection_cpp.dir/rosidl_typesupport_introspection_cpp/my_first_package/msg/detail/add_book__type_support.cpp.o[0m
[ 52%] [32mBuilding CXX object CMakeFiles/my_first_package__rosidl_typesupport_introspection_cpp.dir/rosidl_typesupport_introspection_cpp/my_first_package/srv/detail/ath_sum3__type_support.cpp.o[0m
[ 53%] [32mBuilding CXX object CMakeFiles/my_first_package__rosidl_typesupport_introspection_cpp.dir/rosidl_typesupport_introspection_cpp/my_first_package/srv/detail/set_noise__type_support.cpp.o[0m
[ 54%] [32mBuilding C object CMakeFiles/my_first_package__rosidl_typesupport_introspection_c.dir/rosidl_typesupport_introspection_c/my_first_package/srv/detail/set_goal__type_support.c.o[0m
[ 55%] [32mBuilding C object CMakeFiles/my_first_package__rosidl_typesupport_introspection_c.dir/rosidl_typesupport_introspection_c/my_first_package/srv/detail/ath_sum__type_support.c.o[0m
[ 56%] [32mBuilding CXX object CMakeFiles/my_first_package__rosidl_typesupport_introspection_cpp.dir/rosidl_typesupport_introspection_cpp/my_first_package/action/detail/fibonacci__type_support.cpp.o[0m
[ 57%] [32mBuilding C object CMakeFiles/my_first_package__rosidl_typesupport_introspection_c.dir/rosidl_typesupport_introspection_c/my_first_package/msg/detail/sphere__type_support.c.o[0m
[ 58%] [32mBuilding C object CMakeFiles/my_first_package__rosidl_typesupport_introspection_c.dir/rosidl_typesupport_introspection_c/my_first_package/msg/detail/num__type_support.c.o[0m
[ 59%] [32m[1mLinking CXX shared library libmy_first_package__rosidl_typesupport_cpp.so[0m
[ 60%] [32mBuilding C object CMakeFiles/my_first_package__rosidl_typesupport_introspection_c.dir/rosidl_typesupport_introspection_c/my_first_package/msg/detail/add_book__type_support.c.o[0m
[ 61%] [32mBuilding C object CMakeFiles/my_first_package__rosidl_typesupport_introspection_c.dir/rosidl_typesupport_introspection_c/my_first_package/srv/detail/ath_sum3__type_support.c.o[0m
[ 61%] Built target my_first_package__rosidl_typesupport_cpp
[ 62%] [32mBuilding C object CMakeFiles/my_first_package__rosidl_typesupport_introspection_c.dir/rosidl_typesupport_introspection_c/my_first_package/srv/detail/set_noise__type_support.c.o[0m
[ 63%] [32mBuilding C object CMakeFiles/my_first_package__rosidl_typesupport_introspection_c.dir/rosidl_typesupport_introspection_c/my_first_package/action/detail/fibonacci__type_support.c.o[0m
[ 64%] [32mBuilding CXX object CMakeFiles/my_first_package__rosidl_typesupport_fastrtps_cpp.dir/rosidl_typesupport_fastrtps_cpp/my_first_package/msg/detail/dds_fastrtps/add_book__type_support.cpp.o[0m
[ 65%] [32mBuilding CXX object CMakeFiles/my_first_package__rosidl_typesupport_fastrtps_cpp.dir/rosidl_typesupport_fastrtps_cpp/my_first_package/srv/detail/dds_fastrtps/ath_sum3__type_support.cpp.o[0m
[ 67%] [32m[1mLinking C shared library libmy_first_package__rosidl_typesupport_introspection_c.so[0m
[ 68%] [32mBuilding CXX object CMakeFiles/my_first_package__rosidl_typesupport_fastrtps_cpp.dir/rosidl_typesupport_fastrtps_cpp/my_first_package/srv/detail/dds_fastrtps/set_noise__type_support.cpp.o[0m
[ 68%] Built target my_first_package__rosidl_typesupport_introspection_c
[ 69%] [32mBuilding CXX object CMakeFiles/my_first_package__rosidl_typesupport_fastrtps_cpp.dir/rosidl_typesupport_fastrtps_cpp/my_first_package/action/detail/dds_fastrtps/fibonacci__type_support.cpp.o[0m
[ 70%] [32m[1mLinking CXX shared library libmy_first_package__rosidl_typesupport_introspection_cpp.so[0m
[ 70%] Built target my_first_package__rosidl_typesupport_introspection_cpp
[ 71%] [32m[1mLinking CXX shared library libmy_first_package__rosidl_typesupport_fastrtps_cpp.so[0m
[ 71%] Built target my_first_package__rosidl_typesupport_fastrtps_cpp
[ 72%] [34m[1mGenerating C type support for eProsima Fast-RTPS[0m
[35m[1mScanning dependencies of target my_first_package__rosidl_typesupport_fastrtps_c[0m
[ 73%] [32mBuilding CXX object CMakeFiles/my_first_package__rosidl_typesupport_fastrtps_c.dir/rosidl_typesupport_fastrtps_c/my_first_package/srv/detail/set_goal__type_support_c.cpp.o[0m
[ 76%] [32mBuilding CXX object CMakeFiles/my_first_package__rosidl_typesupport_fastrtps_c.dir/rosidl_typesupport_fastrtps_c/my_first_package/srv/detail/ath_sum3__type_support_c.cpp.o[0m
[ 76%] [32mBuilding CXX object CMakeFiles/my_first_package__rosidl_typesupport_fastrtps_c.dir/rosidl_typesupport_fastrtps_c/my_first_package/msg/detail/sphere__type_support_c.cpp.o[0m
[ 76%] [32mBuilding CXX object CMakeFiles/my_first_package__rosidl_typesupport_fastrtps_c.dir/rosidl_typesupport_fastrtps_c/my_first_package/srv/detail/rand_goal__type_support_c.cpp.o[0m
[ 78%] [32mBuilding CXX object CMakeFiles/my_first_package__rosidl_typesupport_fastrtps_c.dir/rosidl_typesupport_fastrtps_c/my_first_package/msg/detail/add_book__type_support_c.cpp.o[0m
[ 78%] [32mBuilding CXX object CMakeFiles/my_first_package__rosidl_typesupport_fastrtps_c.dir/rosidl_typesupport_fastrtps_c/my_first_package/msg/detail/num__type_support_c.cpp.o[0m
[ 80%] [32mBuilding CXX object CMakeFiles/my_first_package__rosidl_typesupport_fastrtps_c.dir/rosidl_typesupport_fastrtps_c/my_first_package/srv/detail/set_noise__type_support_c.cpp.o[0m
[ 80%] [32mBuilding CXX object CMakeFiles/my_first_package__rosidl_typesupport_fastrtps_c.dir/rosidl_typesupport_fastrtps_c/my_first_package/action/detail/fibonacci__type_support_c.cpp.o[0m
[ 81%] [32mBuilding CXX object CMakeFiles/my_first_package__rosidl_typesupport_fastrtps_c.dir/rosidl_typesupport_fastrtps_c/my_first_package/srv/detail/ath_sum__type_support_c.cpp.o[0m
[ 82%] [32m[1mLinking CXX shared library libmy_first_package__rosidl_typesupport_fastrtps_c.so[0m
[ 82%] Built target my_first_package__rosidl_typesupport_fastrtps_c
[ 82%] Built target my_first_package
[ 83%] [34m[1mGenerating Python code for ROS interfaces[0m
[ 83%] Built target my_first_package__py
[35m[1mScanning dependencies of target my_first_package__python[0m
[ 84%] [32mBuilding C object CMakeFiles/my_first_package__python.dir/rosidl_generator_py/my_first_package/srv/_ath_sum3_s.c.o[0m
[ 85%] [32mBuilding C object CMakeFiles/my_first_package__python.dir/rosidl_generator_py/my_first_package/srv/_set_noise_s.c.o[0m
[ 86%] [32mBuilding C object CMakeFiles/my_first_package__python.dir/rosidl_generator_py/my_first_package/srv/_ath_sum_s.c.o[0m
[ 87%] [32mBuilding C object CMakeFiles/my_first_package__python.dir/rosidl_generator_py/my_first_package/msg/_num_s.c.o[0m
[ 88%] [32mBuilding C object CMakeFiles/my_first_package__python.dir/rosidl_generator_py/my_first_package/action/_fibonacci_s.c.o[0m
[ 89%] [32mBuilding C object CMakeFiles/my_first_package__python.dir/rosidl_generator_py/my_first_package/srv/_set_goal_s.c.o[0m
[ 90%] [32mBuilding C object CMakeFiles/my_first_package__python.dir/rosidl_generator_py/my_first_package/msg/_sphere_s.c.o[0m
[ 91%] [32mBuilding C object CMakeFiles/my_first_package__python.dir/rosidl_generator_py/my_first_package/srv/_rand_goal_s.c.o[0m
[ 92%] [32mBuilding C object CMakeFiles/my_first_package__python.dir/rosidl_generator_py/my_first_package/msg/_add_book_s.c.o[0m
[ 93%] [32m[1mLinking C shared library rosidl_generator_py/my_first_package/libmy_first_package__python.so[0m
[ 93%] Built target my_first_package__python
[35m[1mScanning dependencies of target my_first_package__rosidl_typesupport_c__pyext[0m
[35m[1mScanning dependencies of target my_first_package__rosidl_typesupport_fastrtps_c__pyext[0m
[35m[1mScanning dependencies of target my_first_package__rosidl_typesupport_introspection_c__pyext[0m
[ 94%] [32mBuilding C object CMakeFiles/my_first_package__rosidl_typesupport_introspection_c__pyext.dir/rosidl_generator_py/my_first_package/_my_first_package_s.ep.rosidl_typesupport_introspection_c.c.o[0m
[ 96%] [32mBuilding C object CMakeFiles/my_first_package__rosidl_typesupport_c__pyext.dir/rosidl_generator_py/my_first_package/_my_first_package_s.ep.rosidl_typesupport_c.c.o[0m
[ 96%] [32mBuilding C object CMakeFiles/my_first_package__rosidl_typesupport_fastrtps_c__pyext.dir/rosidl_generator_py/my_first_package/_my_first_package_s.ep.rosidl_typesupport_fastrtps_c.c.o[0m
[ 97%] [32m[1mLinking C shared library rosidl_generator_py/my_first_package/my_first_package_s__rosidl_typesupport_c.cpython-38-x86_64-linux-gnu.so[0m
[ 98%] [32m[1mLinking C shared library rosidl_generator_py/my_first_package/my_first_package_s__rosidl_typesupport_introspection_c.cpython-38-x86_64-linux-gnu.so[0m
[100%] [32m[1mLinking CXX shared library rosidl_generator_py/my_first_package/my_first_package_s__rosidl_typesupport_fastrtps_c.cpython-38-x86_64-linux-gnu.so[0m
[100%] Built target my_first_package__rosidl_typesupport_c__pyext
[100%] Built target my_first_package__rosidl_typesupport_introspection_c__pyext
[100%] Built target my_first_package__rosidl_typesupport_fastrtps_c__pyext
