[0.046s] Invoking command in '/home/azthorax/fra333_ws/build/xicro_pkg': CMAKE_PREFIX_PATH=/opt/ros/foxy /usr/bin/cmake /home/azthorax/fra333_ws/src/Xicro/xicro_pkg -DAMENT_CMAKE_SYMLINK_INSTALL=1 -DCMAKE_INSTALL_PREFIX=/home/azthorax/fra333_ws/install/xicro_pkg
[1.778s] -- The C compiler identification is GNU 9.4.0
[1.780s] -- The CXX compiler identification is GNU 9.4.0
[1.781s] -- Check for working C compiler: /usr/bin/cc
[1.781s] -- Check for working C compiler: /usr/bin/cc -- works
[1.781s] -- Detecting C compiler ABI info
[1.781s] -- Detecting C compiler ABI info - done
[1.781s] -- Detecting C compile features
[1.781s] -- Detecting C compile features - done
[1.781s] -- Check for working CXX compiler: /usr/bin/c++
[1.781s] -- Check for working CXX compiler: /usr/bin/c++ -- works
[1.781s] -- Detecting CXX compiler ABI info
[1.781s] -- Detecting CXX compiler ABI info - done
[1.782s] -- Detecting CXX compile features
[1.782s] -- Detecting CXX compile features - done
[1.782s] -- Found ament_cmake: 0.9.11 (/opt/ros/foxy/share/ament_cmake/cmake)
[1.782s] -- Found PythonInterp: /usr/bin/python3 (found suitable version "3.8.10", minimum required is "3") 
[1.782s] -- Using PYTHON_EXECUTABLE: /usr/bin/python3
[1.782s] -- Override CMake install command with custom implementation using symlinks instead of copying resources
[1.782s] -- Found rclcpp: 2.4.2 (/opt/ros/foxy/share/rclcpp/cmake)
[1.782s] -- Using all available rosidl_typesupport_c: rosidl_typesupport_fastrtps_c;rosidl_typesupport_introspection_c
[1.783s] -- Found rosidl_adapter: 1.3.0 (/opt/ros/foxy/share/rosidl_adapter/cmake)
[1.783s] -- Found OpenSSL: /usr/lib/x86_64-linux-gnu/libcrypto.so (found version "1.1.1f")  
[1.783s] -- Found FastRTPS: /opt/ros/foxy/include  
[1.783s] -- Using all available rosidl_typesupport_cpp: rosidl_typesupport_fastrtps_cpp;rosidl_typesupport_introspection_cpp
[1.783s] -- Found rmw_implementation_cmake: 1.0.3 (/opt/ros/foxy/share/rmw_implementation_cmake/cmake)
[1.784s] -- Using RMW implementation 'rmw_fastrtps_cpp' as default
[1.784s] -- Looking for pthread.h
[1.784s] -- Looking for pthread.h - found
[1.784s] -- Performing Test CMAKE_HAVE_LIBC_PTHREAD
[1.784s] -- Performing Test CMAKE_HAVE_LIBC_PTHREAD - Failed
[1.784s] -- Looking for pthread_create in pthreads
[1.784s] -- Looking for pthread_create in pthreads - not found
[1.784s] -- Looking for pthread_create in pthread
[1.784s] -- Looking for pthread_create in pthread - found
[1.784s] -- Found Threads: TRUE  
[1.784s] -- Found rclpy: 1.0.11 (/opt/ros/foxy/share/rclpy/cmake)
[1.826s] -- Configuring done
[1.828s] -- Generating done
[1.830s] -- Build files have been written to: /home/azthorax/fra333_ws/build/xicro_pkg
[1.845s] Invoked command in '/home/azthorax/fra333_ws/build/xicro_pkg' returned '0': CMAKE_PREFIX_PATH=/opt/ros/foxy /usr/bin/cmake /home/azthorax/fra333_ws/src/Xicro/xicro_pkg -DAMENT_CMAKE_SYMLINK_INSTALL=1 -DCMAKE_INSTALL_PREFIX=/home/azthorax/fra333_ws/install/xicro_pkg
[1.848s] Invoking command in '/home/azthorax/fra333_ws/build/xicro_pkg': CMAKE_PREFIX_PATH=/opt/ros/foxy /usr/bin/cmake --build /home/azthorax/fra333_ws/build/xicro_pkg -- -j12 -l12
[1.903s] Invoked command in '/home/azthorax/fra333_ws/build/xicro_pkg' returned '0': CMAKE_PREFIX_PATH=/opt/ros/foxy /usr/bin/cmake --build /home/azthorax/fra333_ws/build/xicro_pkg -- -j12 -l12
[1.933s] Invoking command in '/home/azthorax/fra333_ws/build/xicro_pkg': CMAKE_PREFIX_PATH=/opt/ros/foxy /usr/bin/cmake --install /home/azthorax/fra333_ws/build/xicro_pkg
[1.943s] -- Install configuration: ""
[1.944s] -- Execute custom install script
[1.944s] -- Symlinking: /home/azthorax/fra333_ws/install/xicro_pkg/share/xicro_pkg/environment/pythonpath.sh
[1.957s] -- Symlinking: /home/azthorax/fra333_ws/install/xicro_pkg/share/xicro_pkg/environment/pythonpath.dsv
[1.972s] -- Symlinking: /home/azthorax/fra333_ws/install/xicro_pkg/lib/python3.8/site-packages/xicro_pkg/__init__.py
[1.979s] -- Symlinking: /home/azthorax/fra333_ws/install/xicro_pkg/lib/xicro_pkg/gui_xicro.py
[1.994s] -- Symlinking: /home/azthorax/fra333_ws/install/xicro_pkg/lib/xicro_pkg/generate_library.py
[2.005s] -- Symlinking: /home/azthorax/fra333_ws/install/xicro_pkg/lib/xicro_pkg/generate_xicro_node.py
[2.017s] -- Symlinking: /home/azthorax/fra333_ws/install/xicro_pkg/lib/xicro_pkg/fake_Imu_node.py
[2.028s] -- Symlinking: /home/azthorax/fra333_ws/install/xicro_pkg/lib/xicro_pkg/xicro_node_read_imu_ID_3_arduino.py
[2.040s] -- Symlinking: /home/azthorax/fra333_ws/install/xicro_pkg/share/xicro_pkg/config/.Xicro_node_preSetup.txt
[2.052s] -- Symlinking: /home/azthorax/fra333_ws/install/xicro_pkg/share/xicro_pkg/config/.arduino_cpp_preSetup.txt
[2.062s] -- Symlinking: /home/azthorax/fra333_ws/install/xicro_pkg/share/xicro_pkg/config/.arduino_h_preSetup.txt
[2.070s] -- Symlinking: /home/azthorax/fra333_ws/install/xicro_pkg/share/xicro_pkg/config/.stm32_cpp_preSetup.txt
[2.080s] -- Symlinking: /home/azthorax/fra333_ws/install/xicro_pkg/share/xicro_pkg/config/.stm32_h_preSetup.txt
[2.093s] -- Symlinking: /home/azthorax/fra333_ws/install/xicro_pkg/share/xicro_pkg/config/setup_xicro.yaml
[2.104s] -- Symlinking: /home/azthorax/fra333_ws/install/xicro_pkg/share/ament_index/resource_index/package_run_dependencies/xicro_pkg
[2.114s] -- Symlinking: /home/azthorax/fra333_ws/install/xicro_pkg/share/ament_index/resource_index/parent_prefix_path/xicro_pkg
[2.125s] -- Symlinking: /home/azthorax/fra333_ws/install/xicro_pkg/share/xicro_pkg/environment/ament_prefix_path.sh
[2.136s] -- Symlinking: /home/azthorax/fra333_ws/install/xicro_pkg/share/xicro_pkg/environment/ament_prefix_path.dsv
[2.146s] -- Symlinking: /home/azthorax/fra333_ws/install/xicro_pkg/share/xicro_pkg/environment/path.sh
[2.154s] -- Symlinking: /home/azthorax/fra333_ws/install/xicro_pkg/share/xicro_pkg/environment/path.dsv
[2.163s] -- Symlinking: /home/azthorax/fra333_ws/install/xicro_pkg/share/xicro_pkg/local_setup.bash
[2.174s] -- Symlinking: /home/azthorax/fra333_ws/install/xicro_pkg/share/xicro_pkg/local_setup.sh
[2.185s] -- Symlinking: /home/azthorax/fra333_ws/install/xicro_pkg/share/xicro_pkg/local_setup.zsh
[2.192s] -- Symlinking: /home/azthorax/fra333_ws/install/xicro_pkg/share/xicro_pkg/local_setup.dsv
[2.204s] -- Symlinking: /home/azthorax/fra333_ws/install/xicro_pkg/share/xicro_pkg/package.dsv
[2.214s] -- Symlinking: /home/azthorax/fra333_ws/install/xicro_pkg/share/ament_index/resource_index/packages/xicro_pkg
[2.230s] -- Symlinking: /home/azthorax/fra333_ws/install/xicro_pkg/share/xicro_pkg/cmake/xicro_pkgConfig.cmake
[2.236s] -- Symlinking: /home/azthorax/fra333_ws/install/xicro_pkg/share/xicro_pkg/cmake/xicro_pkgConfig-version.cmake
[2.249s] -- Symlinking: /home/azthorax/fra333_ws/install/xicro_pkg/share/xicro_pkg/package.xml
[2.298s] Listing '/home/azthorax/fra333_ws/install/xicro_pkg/lib/python3.8/site-packages/xicro_pkg'...
[2.298s] Compiling '/home/azthorax/fra333_ws/install/xicro_pkg/lib/python3.8/site-packages/xicro_pkg/__init__.py'...
[2.338s] Invoked command in '/home/azthorax/fra333_ws/build/xicro_pkg' returned '0': CMAKE_PREFIX_PATH=/opt/ros/foxy /usr/bin/cmake --install /home/azthorax/fra333_ws/build/xicro_pkg
