[0.050s] Invoking command in '/home/azthorax/fra333_ws/build/package_name': CMAKE_PREFIX_PATH=/opt/ros/foxy /usr/bin/cmake /home/azthorax/fra333_ws/src/lab3/ROS2_package_cpp_python-main/package_name -DAMENT_CMAKE_SYMLINK_INSTALL=1 -DCMAKE_INSTALL_PREFIX=/home/azthorax/fra333_ws/install/package_name
[0.120s] -- The C compiler identification is GNU 9.4.0
[0.188s] -- The CXX compiler identification is GNU 9.4.0
[0.195s] -- Check for working C compiler: /usr/bin/cc
[0.269s] -- Check for working C compiler: /usr/bin/cc -- works
[0.270s] -- Detecting C compiler ABI info
[0.353s] -- Detecting C compiler ABI info - done
[0.369s] -- Detecting C compile features
[0.370s] -- Detecting C compile features - done
[0.373s] -- Check for working CXX compiler: /usr/bin/c++
[0.469s] -- Check for working CXX compiler: /usr/bin/c++ -- works
[0.470s] -- Detecting CXX compiler ABI info
[0.559s] -- Detecting CXX compiler ABI info - done
[0.575s] -- Detecting CXX compile features
[0.576s] -- Detecting CXX compile features - done
[0.578s] -- Found ament_cmake: 0.9.11 (/opt/ros/foxy/share/ament_cmake/cmake)
[0.610s] -- Found PythonInterp: /usr/bin/python3 (found suitable version "3.8.10", minimum required is "3") 
[0.611s] -- Using PYTHON_EXECUTABLE: /usr/bin/python3
[0.849s] -- Override CMake install command with custom implementation using symlinks instead of copying resources
[0.873s] -- Found rclcpp: 2.4.2 (/opt/ros/foxy/share/rclcpp/cmake)
[0.917s] -- Using all available rosidl_typesupport_c: rosidl_typesupport_fastrtps_c;rosidl_typesupport_introspection_c
[0.924s] -- Found rosidl_adapter: 1.3.0 (/opt/ros/foxy/share/rosidl_adapter/cmake)
[1.009s] -- Found OpenSSL: /usr/lib/x86_64-linux-gnu/libcrypto.so (found version "1.1.1f")  
[1.039s] -- Found FastRTPS: /opt/ros/foxy/include  
[1.130s] -- Using all available rosidl_typesupport_cpp: rosidl_typesupport_fastrtps_cpp;rosidl_typesupport_introspection_cpp
[1.191s] -- Found rmw_implementation_cmake: 1.0.3 (/opt/ros/foxy/share/rmw_implementation_cmake/cmake)
[1.193s] -- Using RMW implementation 'rmw_fastrtps_cpp' as default
[1.194s] -- Looking for pthread.h
[1.283s] -- Looking for pthread.h - found
[1.285s] -- Performing Test CMAKE_HAVE_LIBC_PTHREAD
[1.361s] -- Performing Test CMAKE_HAVE_LIBC_PTHREAD - Failed
[1.362s] -- Looking for pthread_create in pthreads
[1.424s] -- Looking for pthread_create in pthreads - not found
[1.425s] -- Looking for pthread_create in pthread
[1.514s] -- Looking for pthread_create in pthread - found
[1.516s] -- Found Threads: TRUE  
[1.664s] -- Found rclpy: 1.0.11 (/opt/ros/foxy/share/rclpy/cmake)
[1.772s] -- Configuring done
[1.779s] -- Generating done
[1.780s] -- Build files have been written to: /home/azthorax/fra333_ws/build/package_name
[1.794s] Invoked command in '/home/azthorax/fra333_ws/build/package_name' returned '0': CMAKE_PREFIX_PATH=/opt/ros/foxy /usr/bin/cmake /home/azthorax/fra333_ws/src/lab3/ROS2_package_cpp_python-main/package_name -DAMENT_CMAKE_SYMLINK_INSTALL=1 -DCMAKE_INSTALL_PREFIX=/home/azthorax/fra333_ws/install/package_name
[1.803s] Invoking command in '/home/azthorax/fra333_ws/build/package_name': CMAKE_PREFIX_PATH=/opt/ros/foxy /usr/bin/cmake --build /home/azthorax/fra333_ws/build/package_name -- -j12 -l12
[1.844s] [35m[1mScanning dependencies of target cpp_node_test[0m
[1.861s] [ 50%] [32mBuilding CXX object CMakeFiles/cpp_node_test.dir/src/cpp_node.cpp.o[0m
[2.144s] [100%] [32m[1mLinking CXX executable cpp_node_test[0m
[2.310s] [100%] Built target cpp_node_test
[2.379s] Invoked command in '/home/azthorax/fra333_ws/build/package_name' returned '0': CMAKE_PREFIX_PATH=/opt/ros/foxy /usr/bin/cmake --build /home/azthorax/fra333_ws/build/package_name -- -j12 -l12
[2.469s] Invoking command in '/home/azthorax/fra333_ws/build/package_name': CMAKE_PREFIX_PATH=/opt/ros/foxy /usr/bin/cmake --install /home/azthorax/fra333_ws/build/package_name
[2.480s] -- Install configuration: ""
[2.480s] -- Execute custom install script
[2.481s] -- Symlinking: /home/azthorax/fra333_ws/install/package_name/share/package_name/environment/pythonpath.sh
[2.492s] -- Symlinking: /home/azthorax/fra333_ws/install/package_name/share/package_name/environment/pythonpath.dsv
[2.503s] -- Symlinking: /home/azthorax/fra333_ws/install/package_name/lib/python3.8/site-packages/package_name/__init__.py
[2.511s] -- Symlinking: /home/azthorax/fra333_ws/install/package_name/lib/package_name/dummy.py
[2.519s] -- Symlinking: /home/azthorax/fra333_ws/install/package_name/lib/package_name/cpp_node_test
[2.527s] -- Symlinking: /home/azthorax/fra333_ws/install/package_name/share/ament_index/resource_index/package_run_dependencies/package_name
[2.535s] -- Symlinking: /home/azthorax/fra333_ws/install/package_name/share/ament_index/resource_index/parent_prefix_path/package_name
[2.543s] -- Symlinking: /home/azthorax/fra333_ws/install/package_name/share/package_name/environment/ament_prefix_path.sh
[2.551s] -- Symlinking: /home/azthorax/fra333_ws/install/package_name/share/package_name/environment/ament_prefix_path.dsv
[2.559s] -- Symlinking: /home/azthorax/fra333_ws/install/package_name/share/package_name/environment/path.sh
[2.570s] -- Symlinking: /home/azthorax/fra333_ws/install/package_name/share/package_name/environment/path.dsv
[2.581s] -- Symlinking: /home/azthorax/fra333_ws/install/package_name/share/package_name/local_setup.bash
[2.589s] -- Symlinking: /home/azthorax/fra333_ws/install/package_name/share/package_name/local_setup.sh
[2.597s] -- Symlinking: /home/azthorax/fra333_ws/install/package_name/share/package_name/local_setup.zsh
[2.605s] -- Symlinking: /home/azthorax/fra333_ws/install/package_name/share/package_name/local_setup.dsv
[2.613s] -- Symlinking: /home/azthorax/fra333_ws/install/package_name/share/package_name/package.dsv
[2.622s] -- Symlinking: /home/azthorax/fra333_ws/install/package_name/share/ament_index/resource_index/packages/package_name
[2.631s] -- Symlinking: /home/azthorax/fra333_ws/install/package_name/share/package_name/cmake/package_nameConfig.cmake
[2.641s] -- Symlinking: /home/azthorax/fra333_ws/install/package_name/share/package_name/cmake/package_nameConfig-version.cmake
[2.652s] -- Symlinking: /home/azthorax/fra333_ws/install/package_name/share/package_name/package.xml
[2.700s] Listing '/home/azthorax/fra333_ws/install/package_name/lib/python3.8/site-packages/package_name'...
[2.700s] Compiling '/home/azthorax/fra333_ws/install/package_name/lib/python3.8/site-packages/package_name/__init__.py'...
[2.714s] Invoked command in '/home/azthorax/fra333_ws/build/package_name' returned '0': CMAKE_PREFIX_PATH=/opt/ros/foxy /usr/bin/cmake --install /home/azthorax/fra333_ws/build/package_name
