[0.032s] Invoking command in '/home/azthorax/fra333_ws/build/fra333_lab1_25': CMAKE_PREFIX_PATH=${CMAKE_PREFIX_PATH}:/opt/ros/foxy /usr/bin/cmake --build /home/azthorax/fra333_ws/build/fra333_lab1_25 -- -j12 -l12
[0.059s] -- Found rosidl_default_generators: 1.0.1 (/opt/ros/foxy/share/rosidl_default_generators/cmake)
[0.059s] -- Found ament_cmake_core: 0.9.9 (/opt/ros/foxy/share/ament_cmake_core/cmake)
[0.083s] -- Using PYTHON_EXECUTABLE: /usr/bin/python3
[0.268s] -- Using all available rosidl_typesupport_c: rosidl_typesupport_fastrtps_c;rosidl_typesupport_introspection_c
[0.273s] -- Found rosidl_adapter: 1.2.1 (/opt/ros/foxy/share/rosidl_adapter/cmake)
[0.404s] -- Using all available rosidl_typesupport_cpp: rosidl_typesupport_fastrtps_cpp;rosidl_typesupport_introspection_cpp
[0.424s] -- Found geometry_msgs: 2.0.5 (/opt/ros/foxy/share/geometry_msgs/cmake)
[0.488s] -- Found rclcpp: 2.4.1 (/opt/ros/foxy/share/rclcpp/cmake)
[0.516s] -- Found rmw_implementation_cmake: 1.0.3 (/opt/ros/foxy/share/rmw_implementation_cmake/cmake)
[0.518s] -- Using RMW implementation 'rmw_fastrtps_cpp' as default
[0.634s] -- Found rclpy: 1.0.8 (/opt/ros/foxy/share/rclpy/cmake)
[0.693s] -- Configuring done
[0.697s] -- Generating done
[0.698s] -- Build files have been written to: /home/azthorax/fra333_ws/build/fra333_lab1_25
[0.725s] Invoked command in '/home/azthorax/fra333_ws/build/fra333_lab1_25' returned '0': CMAKE_PREFIX_PATH=${CMAKE_PREFIX_PATH}:/opt/ros/foxy /usr/bin/cmake --build /home/azthorax/fra333_ws/build/fra333_lab1_25 -- -j12 -l12
[0.756s] Invoking command in '/home/azthorax/fra333_ws/build/fra333_lab1_25': CMAKE_PREFIX_PATH=${CMAKE_PREFIX_PATH}:/opt/ros/foxy /usr/bin/cmake --install /home/azthorax/fra333_ws/build/fra333_lab1_25
[0.769s] -- Install configuration: ""
[0.769s] -- Up-to-date: /home/azthorax/fra333_ws/install/fra333_lab1_25/share/fra333_lab1_25/environment/pythonpath.sh
[0.769s] -- Installing: /home/azthorax/fra333_ws/install/fra333_lab1_25/share/fra333_lab1_25/environment/pythonpath.dsv
[0.769s] -- Up-to-date: /home/azthorax/fra333_ws/install/fra333_lab1_25/lib/python3.8/site-packages/fra333_lab1_25
[0.770s] -- Up-to-date: /home/azthorax/fra333_ws/install/fra333_lab1_25/lib/python3.8/site-packages/fra333_lab1_25/__init__.py
[0.801s] Listing '/home/azthorax/fra333_ws/install/fra333_lab1_25/lib/python3.8/site-packages/fra333_lab1_25'...
[0.804s] -- Installing: /home/azthorax/fra333_ws/install/fra333_lab1_25/lib/fra333_lab1_25/noise_generator.py
[0.804s] -- Installing: /home/azthorax/fra333_ws/install/fra333_lab1_25/lib/fra333_lab1_25/velocity_mux.py
[0.805s] -- Installing: /home/azthorax/fra333_ws/install/fra333_lab1_25/share/fra333_lab1_25/launch
[0.805s] -- Installing: /home/azthorax/fra333_ws/install/fra333_lab1_25/share/fra333_lab1_25/launch/random_walk.launch.py
[0.805s] -- Up-to-date: /home/azthorax/fra333_ws/install/fra333_lab1_25/share/ament_index/resource_index/package_run_dependencies/fra333_lab1_25
[0.805s] -- Up-to-date: /home/azthorax/fra333_ws/install/fra333_lab1_25/share/ament_index/resource_index/parent_prefix_path/fra333_lab1_25
[0.805s] -- Up-to-date: /home/azthorax/fra333_ws/install/fra333_lab1_25/share/fra333_lab1_25/environment/ament_prefix_path.sh
[0.805s] -- Installing: /home/azthorax/fra333_ws/install/fra333_lab1_25/share/fra333_lab1_25/environment/ament_prefix_path.dsv
[0.805s] -- Up-to-date: /home/azthorax/fra333_ws/install/fra333_lab1_25/share/fra333_lab1_25/environment/path.sh
[0.806s] -- Installing: /home/azthorax/fra333_ws/install/fra333_lab1_25/share/fra333_lab1_25/environment/path.dsv
[0.806s] -- Up-to-date: /home/azthorax/fra333_ws/install/fra333_lab1_25/share/fra333_lab1_25/local_setup.bash
[0.806s] -- Up-to-date: /home/azthorax/fra333_ws/install/fra333_lab1_25/share/fra333_lab1_25/local_setup.sh
[0.806s] -- Up-to-date: /home/azthorax/fra333_ws/install/fra333_lab1_25/share/fra333_lab1_25/local_setup.zsh
[0.806s] -- Installing: /home/azthorax/fra333_ws/install/fra333_lab1_25/share/fra333_lab1_25/local_setup.dsv
[0.806s] -- Installing: /home/azthorax/fra333_ws/install/fra333_lab1_25/share/fra333_lab1_25/package.dsv
[0.806s] -- Up-to-date: /home/azthorax/fra333_ws/install/fra333_lab1_25/share/ament_index/resource_index/packages/fra333_lab1_25
[0.806s] -- Up-to-date: /home/azthorax/fra333_ws/install/fra333_lab1_25/share/fra333_lab1_25/cmake/fra333_lab1_25Config.cmake
[0.807s] -- Up-to-date: /home/azthorax/fra333_ws/install/fra333_lab1_25/share/fra333_lab1_25/cmake/fra333_lab1_25Config-version.cmake
[0.807s] -- Up-to-date: /home/azthorax/fra333_ws/install/fra333_lab1_25/share/fra333_lab1_25/package.xml
[0.812s] Invoked command in '/home/azthorax/fra333_ws/build/fra333_lab1_25' returned '0': CMAKE_PREFIX_PATH=${CMAKE_PREFIX_PATH}:/opt/ros/foxy /usr/bin/cmake --install /home/azthorax/fra333_ws/build/fra333_lab1_25
