[0.036s] Invoking command in '/home/azthorax/fra333_ws/build/cocoax_interfaces': CMAKE_PREFIX_PATH=${CMAKE_PREFIX_PATH}:/opt/ros/foxy /usr/bin/cmake --build /home/azthorax/fra333_ws/build/cocoax_interfaces -- -j12 -l12
[0.063s] -- Found ament_cmake: 0.9.11 (/opt/ros/foxy/share/ament_cmake/cmake)
[0.083s] -- Found PythonInterp: /usr/bin/python3 (found suitable version "3.8.10", minimum required is "3") 
[0.084s] -- Using PYTHON_EXECUTABLE: /usr/bin/python3
[0.273s] -- Override CMake install command with custom implementation using symlinks instead of copying resources
[0.286s] -- Found ament_lint_auto: 0.9.7 (/opt/ros/foxy/share/ament_lint_auto/cmake)
[0.345s] -- Found rosidl_default_generators: 1.0.1 (/opt/ros/foxy/share/rosidl_default_generators/cmake)
[0.347s] -- Using all available rosidl_typesupport_c: rosidl_typesupport_fastrtps_c;rosidl_typesupport_introspection_c
[0.350s] -- Found rosidl_adapter: 1.3.0 (/opt/ros/foxy/share/rosidl_adapter/cmake)
[0.480s] -- Using all available rosidl_typesupport_cpp: rosidl_typesupport_fastrtps_cpp;rosidl_typesupport_introspection_cpp
[0.505s] -- Found geometry_msgs: 2.0.5 (/opt/ros/foxy/share/geometry_msgs/cmake)
[0.578s] -- Found sensor_msgs: 2.0.5 (/opt/ros/foxy/share/sensor_msgs/cmake)
[0.674s] -- Found PythonInterp: /usr/bin/python3 (found version "3.8.10") 
[0.838s] -- Found ament_cmake_ros: 0.9.2 (/opt/ros/foxy/share/ament_cmake_ros/cmake)
[1.153s] -- Using all available rosidl_typesupport_c: rosidl_typesupport_fastrtps_c;rosidl_typesupport_introspection_c
[1.301s] -- Using all available rosidl_typesupport_cpp: rosidl_typesupport_fastrtps_cpp;rosidl_typesupport_introspection_cpp
[1.328s] -- Found PythonInterp: /usr/bin/python3 (found suitable version "3.8.10", minimum required is "3.5") 
[1.328s] -- Found python_cmake_module: 0.8.1 (/opt/ros/foxy/share/python_cmake_module/cmake)
[1.356s] -- Using PYTHON_EXECUTABLE: /usr/bin/python3
[1.356s] -- Using PYTHON_INCLUDE_DIRS: /usr/include/python3.8
[1.356s] -- Using PYTHON_LIBRARIES: /usr/lib/x86_64-linux-gnu/libpython3.8.so
[1.424s] -- Added test 'copyright' to check source files copyright and LICENSE
[1.425s] -- Added test 'lint_cmake' to check CMake code style
[1.425s] -- Added test 'xmllint' to check XML markup files
[1.431s] -- Configuring done
[1.497s] -- Generating done
[1.500s] -- Build files have been written to: /home/azthorax/fra333_ws/build/cocoax_interfaces
[1.531s] [  1%] [34m[1mGenerating C code for ROS interfaces[0m
[1.534s] [35m[1mScanning dependencies of target cocoax_interfaces__cpp[0m
[1.547s] [  3%] [34m[1mGenerating C++ code for ROS interfaces[0m
[1.937s] [  3%] Built target cocoax_interfaces__cpp
[1.949s] [  5%] [34m[1mGenerating C++ type support for eProsima Fast-RTPS[0m
[1.953s] [  7%] [34m[1mGenerating C++ type support dispatch for ROS interfaces[0m
[1.959s] [  9%] [34m[1mGenerating C++ introspection for ROS interfaces[0m
[1.981s] [35m[1mScanning dependencies of target cocoax_interfaces__rosidl_generator_c[0m
[2.001s] [ 12%] [32mBuilding C object CMakeFiles/cocoax_interfaces__rosidl_generator_c.dir/rosidl_generator_c/cocoax_interfaces/srv/detail/cocoa_x_enable__functions.c.o[0m
[2.001s] [ 12%] [32mBuilding C object CMakeFiles/cocoax_interfaces__rosidl_generator_c.dir/rosidl_generator_c/cocoax_interfaces/srv/detail/cocoa_xfk__functions.c.o[0m
[2.001s] [ 14%] [32mBuilding C object CMakeFiles/cocoax_interfaces__rosidl_generator_c.dir/rosidl_generator_c/cocoax_interfaces/msg/detail/cocoa_control_ref__functions.c.o[0m
[2.002s] [ 16%] [32mBuilding C object CMakeFiles/cocoax_interfaces__rosidl_generator_c.dir/rosidl_generator_c/cocoax_interfaces/srv/detail/cocoa_xik__functions.c.o[0m
[2.073s] [ 18%] [32m[1mLinking C shared library libcocoax_interfaces__rosidl_generator_c.so[0m
[2.123s] [ 18%] Built target cocoax_interfaces__rosidl_generator_c
[2.132s] [ 20%] [34m[1mGenerating C introspection for ROS interfaces[0m
[2.140s] [ 21%] [34m[1mGenerating C type support dispatch for ROS interfaces[0m
[2.237s] [35m[1mScanning dependencies of target cocoax_interfaces__rosidl_typesupport_cpp[0m
[2.254s] [ 25%] [32mBuilding CXX object CMakeFiles/cocoax_interfaces__rosidl_typesupport_cpp.dir/rosidl_typesupport_cpp/cocoax_interfaces/srv/cocoa_xfk__type_support.cpp.o[0m
[2.254s] [ 25%] [32mBuilding CXX object CMakeFiles/cocoax_interfaces__rosidl_typesupport_cpp.dir/rosidl_typesupport_cpp/cocoax_interfaces/srv/cocoa_x_enable__type_support.cpp.o[0m
[2.254s] [ 27%] [32mBuilding CXX object CMakeFiles/cocoax_interfaces__rosidl_typesupport_cpp.dir/rosidl_typesupport_cpp/cocoax_interfaces/msg/cocoa_control_ref__type_support.cpp.o[0m
[2.257s] [ 29%] [32mBuilding CXX object CMakeFiles/cocoax_interfaces__rosidl_typesupport_cpp.dir/rosidl_typesupport_cpp/cocoax_interfaces/srv/cocoa_xik__type_support.cpp.o[0m
[2.341s] [35m[1mScanning dependencies of target cocoax_interfaces__rosidl_typesupport_introspection_cpp[0m
[2.362s] [ 32%] [32mBuilding CXX object CMakeFiles/cocoax_interfaces__rosidl_typesupport_introspection_cpp.dir/rosidl_typesupport_introspection_cpp/cocoax_interfaces/srv/detail/cocoa_xfk__type_support.cpp.o[0m
[2.362s] [ 32%] [32mBuilding CXX object CMakeFiles/cocoax_interfaces__rosidl_typesupport_introspection_cpp.dir/rosidl_typesupport_introspection_cpp/cocoax_interfaces/srv/detail/cocoa_x_enable__type_support.cpp.o[0m
[2.363s] [ 34%] [32mBuilding CXX object CMakeFiles/cocoax_interfaces__rosidl_typesupport_introspection_cpp.dir/rosidl_typesupport_introspection_cpp/cocoax_interfaces/srv/detail/cocoa_xik__type_support.cpp.o[0m
[2.371s] [ 36%] [32mBuilding CXX object CMakeFiles/cocoax_interfaces__rosidl_typesupport_introspection_cpp.dir/rosidl_typesupport_introspection_cpp/cocoax_interfaces/msg/detail/cocoa_control_ref__type_support.cpp.o[0m
[2.548s] [35m[1mScanning dependencies of target cocoax_interfaces__rosidl_typesupport_fastrtps_cpp[0m
[2.553s] [35m[1mScanning dependencies of target cocoax_interfaces__rosidl_typesupport_c[0m
[2.578s] [ 38%] [32mBuilding CXX object CMakeFiles/cocoax_interfaces__rosidl_typesupport_c.dir/rosidl_typesupport_c/cocoax_interfaces/srv/cocoa_xfk__type_support.cpp.o[0m
[2.593s] [ 40%] [32mBuilding CXX object CMakeFiles/cocoax_interfaces__rosidl_typesupport_c.dir/rosidl_typesupport_c/cocoax_interfaces/srv/cocoa_xik__type_support.cpp.o[0m
[2.604s] [ 41%] [32mBuilding CXX object CMakeFiles/cocoax_interfaces__rosidl_typesupport_fastrtps_cpp.dir/rosidl_typesupport_fastrtps_cpp/cocoax_interfaces/srv/detail/dds_fastrtps/cocoa_xik__type_support.cpp.o[0m
[2.627s] [ 43%] [32mBuilding CXX object CMakeFiles/cocoax_interfaces__rosidl_typesupport_c.dir/rosidl_typesupport_c/cocoax_interfaces/srv/cocoa_x_enable__type_support.cpp.o[0m
[2.648s] [ 45%] [32mBuilding CXX object CMakeFiles/cocoax_interfaces__rosidl_typesupport_c.dir/rosidl_typesupport_c/cocoax_interfaces/msg/cocoa_control_ref__type_support.cpp.o[0m
[2.674s] [ 47%] [32m[1mLinking CXX shared library libcocoax_interfaces__rosidl_typesupport_cpp.so[0m
[2.674s] [ 49%] [32mBuilding CXX object CMakeFiles/cocoax_interfaces__rosidl_typesupport_fastrtps_cpp.dir/rosidl_typesupport_fastrtps_cpp/cocoax_interfaces/srv/detail/dds_fastrtps/cocoa_x_enable__type_support.cpp.o[0m
[2.680s] [ 50%] [32mBuilding CXX object CMakeFiles/cocoax_interfaces__rosidl_typesupport_fastrtps_cpp.dir/rosidl_typesupport_fastrtps_cpp/cocoax_interfaces/srv/detail/dds_fastrtps/cocoa_xfk__type_support.cpp.o[0m
[2.684s] [35m[1mScanning dependencies of target cocoax_interfaces__rosidl_typesupport_introspection_c[0m
[2.685s] [ 52%] [32mBuilding CXX object CMakeFiles/cocoax_interfaces__rosidl_typesupport_fastrtps_cpp.dir/rosidl_typesupport_fastrtps_cpp/cocoax_interfaces/msg/detail/dds_fastrtps/cocoa_control_ref__type_support.cpp.o[0m
[2.696s] [ 54%] [32m[1mLinking CXX shared library libcocoax_interfaces__rosidl_typesupport_c.so[0m
[2.722s] [ 56%] [32mBuilding C object CMakeFiles/cocoax_interfaces__rosidl_typesupport_introspection_c.dir/rosidl_typesupport_introspection_c/cocoax_interfaces/srv/detail/cocoa_xik__type_support.c.o[0m
[2.727s] [ 58%] [32mBuilding C object CMakeFiles/cocoax_interfaces__rosidl_typesupport_introspection_c.dir/rosidl_typesupport_introspection_c/cocoax_interfaces/srv/detail/cocoa_xfk__type_support.c.o[0m
[2.745s] [ 60%] [32mBuilding C object CMakeFiles/cocoax_interfaces__rosidl_typesupport_introspection_c.dir/rosidl_typesupport_introspection_c/cocoax_interfaces/srv/detail/cocoa_x_enable__type_support.c.o[0m
[2.763s] [ 60%] Built target cocoax_interfaces__rosidl_typesupport_cpp
[2.774s] [ 60%] Built target cocoax_interfaces__rosidl_typesupport_c
[2.778s] [ 61%] [32mBuilding C object CMakeFiles/cocoax_interfaces__rosidl_typesupport_introspection_c.dir/rosidl_typesupport_introspection_c/cocoax_interfaces/msg/detail/cocoa_control_ref__type_support.c.o[0m
[2.812s] [ 63%] [32m[1mLinking C shared library libcocoax_interfaces__rosidl_typesupport_introspection_c.so[0m
[2.832s] [ 65%] [32m[1mLinking CXX shared library libcocoax_interfaces__rosidl_typesupport_introspection_cpp.so[0m
[2.847s] [ 65%] Built target cocoax_interfaces__rosidl_typesupport_introspection_c
[2.932s] [ 65%] Built target cocoax_interfaces__rosidl_typesupport_introspection_cpp
[3.170s] [ 67%] [32m[1mLinking CXX shared library libcocoax_interfaces__rosidl_typesupport_fastrtps_cpp.so[0m
[3.282s] [ 67%] Built target cocoax_interfaces__rosidl_typesupport_fastrtps_cpp
[3.300s] [ 69%] [34m[1mGenerating C type support for eProsima Fast-RTPS[0m
[3.639s] [35m[1mScanning dependencies of target cocoax_interfaces__rosidl_typesupport_fastrtps_c[0m
[3.665s] [ 70%] [32mBuilding CXX object CMakeFiles/cocoax_interfaces__rosidl_typesupport_fastrtps_c.dir/rosidl_typesupport_fastrtps_c/cocoax_interfaces/msg/detail/cocoa_control_ref__type_support_c.cpp.o[0m
[3.667s] [ 72%] [32mBuilding CXX object CMakeFiles/cocoax_interfaces__rosidl_typesupport_fastrtps_c.dir/rosidl_typesupport_fastrtps_c/cocoax_interfaces/srv/detail/cocoa_x_enable__type_support_c.cpp.o[0m
[3.668s] [ 76%] [32mBuilding CXX object CMakeFiles/cocoax_interfaces__rosidl_typesupport_fastrtps_c.dir/rosidl_typesupport_fastrtps_c/cocoax_interfaces/srv/detail/cocoa_xik__type_support_c.cpp.o[0m
[3.668s] [ 76%] [32mBuilding CXX object CMakeFiles/cocoax_interfaces__rosidl_typesupport_fastrtps_c.dir/rosidl_typesupport_fastrtps_c/cocoax_interfaces/srv/detail/cocoa_xfk__type_support_c.cpp.o[0m
[4.012s] [ 78%] [32m[1mLinking CXX shared library libcocoax_interfaces__rosidl_typesupport_fastrtps_c.so[0m
[4.116s] [ 78%] Built target cocoax_interfaces__rosidl_typesupport_fastrtps_c
[4.143s] [ 78%] Built target cocoax_interfaces
[4.155s] [35m[1mScanning dependencies of target cocoax_interfaces__py[0m
[4.172s] [ 80%] [34m[1mGenerating Python code for ROS interfaces[0m
[4.820s] [ 80%] Built target cocoax_interfaces__py
[4.839s] [35m[1mScanning dependencies of target cocoax_interfaces__python[0m
[4.862s] [ 83%] [32mBuilding C object CMakeFiles/cocoax_interfaces__python.dir/rosidl_generator_py/cocoax_interfaces/srv/_cocoa_xik_s.c.o[0m
[4.862s] [ 83%] [32mBuilding C object CMakeFiles/cocoax_interfaces__python.dir/rosidl_generator_py/cocoax_interfaces/srv/_cocoa_xfk_s.c.o[0m
[4.862s] [ 87%] [32mBuilding C object CMakeFiles/cocoax_interfaces__python.dir/rosidl_generator_py/cocoax_interfaces/srv/_cocoa_x_enable_s.c.o[0m
[4.862s] [ 87%] [32mBuilding C object CMakeFiles/cocoax_interfaces__python.dir/rosidl_generator_py/cocoax_interfaces/msg/_cocoa_control_ref_s.c.o[0m
[4.953s] [ 89%] [32m[1mLinking C shared library rosidl_generator_py/cocoax_interfaces/libcocoax_interfaces__python.so[0m
[5.006s] [ 89%] Built target cocoax_interfaces__python
[5.015s] [35m[1mScanning dependencies of target cocoax_interfaces__rosidl_typesupport_c__pyext[0m
[5.023s] [35m[1mScanning dependencies of target cocoax_interfaces__rosidl_typesupport_fastrtps_c__pyext[0m
[5.023s] [35m[1mScanning dependencies of target cocoax_interfaces__rosidl_typesupport_introspection_c__pyext[0m
[5.034s] [ 90%] [32mBuilding C object CMakeFiles/cocoax_interfaces__rosidl_typesupport_c__pyext.dir/rosidl_generator_py/cocoax_interfaces/_cocoax_interfaces_s.ep.rosidl_typesupport_c.c.o[0m
[5.042s] [ 94%] [32mBuilding C object CMakeFiles/cocoax_interfaces__rosidl_typesupport_fastrtps_c__pyext.dir/rosidl_generator_py/cocoax_interfaces/_cocoax_interfaces_s.ep.rosidl_typesupport_fastrtps_c.c.o[0m
[5.042s] [ 94%] [32mBuilding C object CMakeFiles/cocoax_interfaces__rosidl_typesupport_introspection_c__pyext.dir/rosidl_generator_py/cocoax_interfaces/_cocoax_interfaces_s.ep.rosidl_typesupport_introspection_c.c.o[0m
[5.128s] [ 96%] [32m[1mLinking C shared library rosidl_generator_py/cocoax_interfaces/cocoax_interfaces_s__rosidl_typesupport_c.cpython-38-x86_64-linux-gnu.so[0m
[5.130s] [ 98%] [32m[1mLinking CXX shared library rosidl_generator_py/cocoax_interfaces/cocoax_interfaces_s__rosidl_typesupport_fastrtps_c.cpython-38-x86_64-linux-gnu.so[0m
[5.134s] [100%] [32m[1mLinking C shared library rosidl_generator_py/cocoax_interfaces/cocoax_interfaces_s__rosidl_typesupport_introspection_c.cpython-38-x86_64-linux-gnu.so[0m
[5.167s] [100%] Built target cocoax_interfaces__rosidl_typesupport_introspection_c__pyext
[5.175s] [100%] Built target cocoax_interfaces__rosidl_typesupport_c__pyext
[5.206s] [100%] Built target cocoax_interfaces__rosidl_typesupport_fastrtps_c__pyext
[5.224s] Invoked command in '/home/azthorax/fra333_ws/build/cocoax_interfaces' returned '0': CMAKE_PREFIX_PATH=${CMAKE_PREFIX_PATH}:/opt/ros/foxy /usr/bin/cmake --build /home/azthorax/fra333_ws/build/cocoax_interfaces -- -j12 -l12
[5.294s] Invoking command in '/home/azthorax/fra333_ws/build/cocoax_interfaces': CMAKE_PREFIX_PATH=${CMAKE_PREFIX_PATH}:/opt/ros/foxy /usr/bin/cmake --install /home/azthorax/fra333_ws/build/cocoax_interfaces
[5.306s] -- Install configuration: ""
[5.306s] -- Execute custom install script
[5.306s] -- Up-to-date symlink: /home/azthorax/fra333_ws/install/cocoax_interfaces/share/ament_index/resource_index/rosidl_interfaces/cocoax_interfaces
[5.307s] -- Up-to-date symlink: /home/azthorax/fra333_ws/install/cocoax_interfaces/include/cocoax_interfaces/msg/cocoa_control_ref.h
[5.307s] -- Up-to-date symlink: /home/azthorax/fra333_ws/install/cocoax_interfaces/include/cocoax_interfaces/msg/cocoa_test.h
[5.307s] -- Up-to-date symlink: /home/azthorax/fra333_ws/install/cocoax_interfaces/include/cocoax_interfaces/msg/cocoa_ximu.h
[5.307s] -- Up-to-date symlink: /home/azthorax/fra333_ws/install/cocoax_interfaces/include/cocoax_interfaces/msg/detail/cocoa_control_ref__functions.h
[5.307s] -- Up-to-date symlink: /home/azthorax/fra333_ws/install/cocoax_interfaces/include/cocoax_interfaces/msg/detail/cocoa_control_ref__struct.h
[5.308s] -- Up-to-date symlink: /home/azthorax/fra333_ws/install/cocoax_interfaces/include/cocoax_interfaces/msg/detail/cocoa_control_ref__type_support.h
[5.308s] -- Up-to-date symlink: /home/azthorax/fra333_ws/install/cocoax_interfaces/include/cocoax_interfaces/msg/detail/cocoa_test__functions.h
[5.308s] -- Up-to-date symlink: /home/azthorax/fra333_ws/install/cocoax_interfaces/include/cocoax_interfaces/msg/detail/cocoa_test__struct.h
[5.308s] -- Up-to-date symlink: /home/azthorax/fra333_ws/install/cocoax_interfaces/include/cocoax_interfaces/msg/detail/cocoa_test__type_support.h
[5.308s] -- Up-to-date symlink: /home/azthorax/fra333_ws/install/cocoax_interfaces/include/cocoax_interfaces/msg/detail/cocoa_ximu__functions.h
[5.308s] -- Up-to-date symlink: /home/azthorax/fra333_ws/install/cocoax_interfaces/include/cocoax_interfaces/msg/detail/cocoa_ximu__struct.h
[5.308s] -- Up-to-date symlink: /home/azthorax/fra333_ws/install/cocoax_interfaces/include/cocoax_interfaces/msg/detail/cocoa_ximu__type_support.h
[5.309s] -- Up-to-date symlink: /home/azthorax/fra333_ws/install/cocoax_interfaces/include/cocoax_interfaces/msg/rosidl_generator_c__visibility_control.h
[5.309s] -- Symlinking: /home/azthorax/fra333_ws/install/cocoax_interfaces/include/cocoax_interfaces/srv/cocoa_x_enable.h
[5.322s] -- Up-to-date symlink: /home/azthorax/fra333_ws/install/cocoax_interfaces/include/cocoax_interfaces/srv/cocoa_xfk.h
[5.322s] -- Up-to-date symlink: /home/azthorax/fra333_ws/install/cocoax_interfaces/include/cocoax_interfaces/srv/cocoa_xik.h
[5.322s] -- Symlinking: /home/azthorax/fra333_ws/install/cocoax_interfaces/include/cocoax_interfaces/srv/detail/cocoa_x_enable__functions.h
[5.329s] -- Symlinking: /home/azthorax/fra333_ws/install/cocoax_interfaces/include/cocoax_interfaces/srv/detail/cocoa_x_enable__struct.h
[5.337s] -- Symlinking: /home/azthorax/fra333_ws/install/cocoax_interfaces/include/cocoax_interfaces/srv/detail/cocoa_x_enable__type_support.h
[5.344s] -- Up-to-date symlink: /home/azthorax/fra333_ws/install/cocoax_interfaces/include/cocoax_interfaces/srv/detail/cocoa_xfk__functions.h
[5.344s] -- Up-to-date symlink: /home/azthorax/fra333_ws/install/cocoax_interfaces/include/cocoax_interfaces/srv/detail/cocoa_xfk__struct.h
[5.345s] -- Up-to-date symlink: /home/azthorax/fra333_ws/install/cocoax_interfaces/include/cocoax_interfaces/srv/detail/cocoa_xfk__type_support.h
[5.345s] -- Up-to-date symlink: /home/azthorax/fra333_ws/install/cocoax_interfaces/include/cocoax_interfaces/srv/detail/cocoa_xik__functions.h
[5.345s] -- Up-to-date symlink: /home/azthorax/fra333_ws/install/cocoax_interfaces/include/cocoax_interfaces/srv/detail/cocoa_xik__struct.h
[5.346s] -- Up-to-date symlink: /home/azthorax/fra333_ws/install/cocoax_interfaces/include/cocoax_interfaces/srv/detail/cocoa_xik__type_support.h
[5.346s] -- Up-to-date symlink: /home/azthorax/fra333_ws/install/cocoax_interfaces/share/cocoax_interfaces/environment/library_path.sh
[5.346s] -- Up-to-date symlink: /home/azthorax/fra333_ws/install/cocoax_interfaces/share/cocoax_interfaces/environment/library_path.dsv
[5.348s] -- Up-to-date symlink: /home/azthorax/fra333_ws/install/cocoax_interfaces/include/cocoax_interfaces/msg/detail/cocoa_control_ref__rosidl_typesupport_fastrtps_c.h
[5.348s] -- Up-to-date symlink: /home/azthorax/fra333_ws/install/cocoax_interfaces/include/cocoax_interfaces/msg/detail/cocoa_test__rosidl_typesupport_fastrtps_c.h
[5.348s] -- Up-to-date symlink: /home/azthorax/fra333_ws/install/cocoax_interfaces/include/cocoax_interfaces/msg/detail/cocoa_ximu__rosidl_typesupport_fastrtps_c.h
[5.349s] -- Up-to-date symlink: /home/azthorax/fra333_ws/install/cocoax_interfaces/include/cocoax_interfaces/msg/rosidl_typesupport_fastrtps_c__visibility_control.h
[5.349s] -- Symlinking: /home/azthorax/fra333_ws/install/cocoax_interfaces/include/cocoax_interfaces/srv/detail/cocoa_x_enable__rosidl_typesupport_fastrtps_c.h
[5.363s] -- Up-to-date symlink: /home/azthorax/fra333_ws/install/cocoax_interfaces/include/cocoax_interfaces/srv/detail/cocoa_xfk__rosidl_typesupport_fastrtps_c.h
[5.363s] -- Up-to-date symlink: /home/azthorax/fra333_ws/install/cocoax_interfaces/include/cocoax_interfaces/srv/detail/cocoa_xik__rosidl_typesupport_fastrtps_c.h
[5.364s] -- Up-to-date symlink: /home/azthorax/fra333_ws/install/cocoax_interfaces/lib/libcocoax_interfaces__rosidl_typesupport_fastrtps_c.so
[5.365s] -- Up-to-date symlink: /home/azthorax/fra333_ws/install/cocoax_interfaces/include/cocoax_interfaces/msg/detail/cocoa_control_ref__rosidl_typesupport_fastrtps_cpp.hpp
[5.365s] -- Up-to-date symlink: /home/azthorax/fra333_ws/install/cocoax_interfaces/include/cocoax_interfaces/msg/detail/cocoa_test__rosidl_typesupport_fastrtps_cpp.hpp
[5.366s] -- Up-to-date symlink: /home/azthorax/fra333_ws/install/cocoax_interfaces/include/cocoax_interfaces/msg/detail/cocoa_ximu__rosidl_typesupport_fastrtps_cpp.hpp
[5.366s] -- Up-to-date symlink: /home/azthorax/fra333_ws/install/cocoax_interfaces/include/cocoax_interfaces/msg/rosidl_typesupport_fastrtps_cpp__visibility_control.h
[5.366s] -- Symlinking: /home/azthorax/fra333_ws/install/cocoax_interfaces/include/cocoax_interfaces/srv/detail/cocoa_x_enable__rosidl_typesupport_fastrtps_cpp.hpp
[5.374s] -- Up-to-date symlink: /home/azthorax/fra333_ws/install/cocoax_interfaces/include/cocoax_interfaces/srv/detail/cocoa_xfk__rosidl_typesupport_fastrtps_cpp.hpp
[5.374s] -- Up-to-date symlink: /home/azthorax/fra333_ws/install/cocoax_interfaces/include/cocoax_interfaces/srv/detail/cocoa_xik__rosidl_typesupport_fastrtps_cpp.hpp
[5.375s] -- Up-to-date symlink: /home/azthorax/fra333_ws/install/cocoax_interfaces/lib/libcocoax_interfaces__rosidl_typesupport_fastrtps_cpp.so
[5.376s] -- Up-to-date symlink: /home/azthorax/fra333_ws/install/cocoax_interfaces/include/cocoax_interfaces/msg/detail/cocoa_control_ref__rosidl_typesupport_introspection_c.h
[5.377s] -- Up-to-date symlink: /home/azthorax/fra333_ws/install/cocoax_interfaces/include/cocoax_interfaces/msg/detail/cocoa_test__rosidl_typesupport_introspection_c.h
[5.377s] -- Up-to-date symlink: /home/azthorax/fra333_ws/install/cocoax_interfaces/include/cocoax_interfaces/msg/detail/cocoa_ximu__rosidl_typesupport_introspection_c.h
[5.377s] -- Up-to-date symlink: /home/azthorax/fra333_ws/install/cocoax_interfaces/include/cocoax_interfaces/msg/rosidl_typesupport_introspection_c__visibility_control.h
[5.377s] -- Symlinking: /home/azthorax/fra333_ws/install/cocoax_interfaces/include/cocoax_interfaces/srv/detail/cocoa_x_enable__rosidl_typesupport_introspection_c.h
[5.391s] -- Up-to-date symlink: /home/azthorax/fra333_ws/install/cocoax_interfaces/include/cocoax_interfaces/srv/detail/cocoa_xfk__rosidl_typesupport_introspection_c.h
[5.391s] -- Up-to-date symlink: /home/azthorax/fra333_ws/install/cocoax_interfaces/include/cocoax_interfaces/srv/detail/cocoa_xik__rosidl_typesupport_introspection_c.h
[5.392s] -- Up-to-date symlink: /home/azthorax/fra333_ws/install/cocoax_interfaces/include/cocoax_interfaces/msg/cocoa_control_ref.hpp
[5.393s] -- Up-to-date symlink: /home/azthorax/fra333_ws/install/cocoax_interfaces/include/cocoax_interfaces/msg/cocoa_test.hpp
[5.393s] -- Up-to-date symlink: /home/azthorax/fra333_ws/install/cocoax_interfaces/include/cocoax_interfaces/msg/cocoa_ximu.hpp
[5.393s] -- Up-to-date symlink: /home/azthorax/fra333_ws/install/cocoax_interfaces/include/cocoax_interfaces/msg/detail/cocoa_control_ref__builder.hpp
[5.393s] -- Up-to-date symlink: /home/azthorax/fra333_ws/install/cocoax_interfaces/include/cocoax_interfaces/msg/detail/cocoa_control_ref__struct.hpp
[5.394s] -- Up-to-date symlink: /home/azthorax/fra333_ws/install/cocoax_interfaces/include/cocoax_interfaces/msg/detail/cocoa_control_ref__traits.hpp
[5.394s] -- Up-to-date symlink: /home/azthorax/fra333_ws/install/cocoax_interfaces/include/cocoax_interfaces/msg/detail/cocoa_test__builder.hpp
[5.394s] -- Up-to-date symlink: /home/azthorax/fra333_ws/install/cocoax_interfaces/include/cocoax_interfaces/msg/detail/cocoa_test__struct.hpp
[5.395s] -- Up-to-date symlink: /home/azthorax/fra333_ws/install/cocoax_interfaces/include/cocoax_interfaces/msg/detail/cocoa_test__traits.hpp
[5.395s] -- Up-to-date symlink: /home/azthorax/fra333_ws/install/cocoax_interfaces/include/cocoax_interfaces/msg/detail/cocoa_ximu__builder.hpp
[5.395s] -- Up-to-date symlink: /home/azthorax/fra333_ws/install/cocoax_interfaces/include/cocoax_interfaces/msg/detail/cocoa_ximu__struct.hpp
[5.395s] -- Up-to-date symlink: /home/azthorax/fra333_ws/install/cocoax_interfaces/include/cocoax_interfaces/msg/detail/cocoa_ximu__traits.hpp
[5.396s] -- Symlinking: /home/azthorax/fra333_ws/install/cocoax_interfaces/include/cocoax_interfaces/srv/cocoa_x_enable.hpp
[5.404s] -- Up-to-date symlink: /home/azthorax/fra333_ws/install/cocoax_interfaces/include/cocoax_interfaces/srv/cocoa_xfk.hpp
[5.405s] -- Up-to-date symlink: /home/azthorax/fra333_ws/install/cocoax_interfaces/include/cocoax_interfaces/srv/cocoa_xik.hpp
[5.405s] -- Symlinking: /home/azthorax/fra333_ws/install/cocoax_interfaces/include/cocoax_interfaces/srv/detail/cocoa_x_enable__builder.hpp
[5.414s] -- Symlinking: /home/azthorax/fra333_ws/install/cocoax_interfaces/include/cocoax_interfaces/srv/detail/cocoa_x_enable__struct.hpp
[5.422s] -- Symlinking: /home/azthorax/fra333_ws/install/cocoax_interfaces/include/cocoax_interfaces/srv/detail/cocoa_x_enable__traits.hpp
[5.429s] -- Up-to-date symlink: /home/azthorax/fra333_ws/install/cocoax_interfaces/include/cocoax_interfaces/srv/detail/cocoa_xfk__builder.hpp
[5.429s] -- Up-to-date symlink: /home/azthorax/fra333_ws/install/cocoax_interfaces/include/cocoax_interfaces/srv/detail/cocoa_xfk__struct.hpp
[5.430s] -- Up-to-date symlink: /home/azthorax/fra333_ws/install/cocoax_interfaces/include/cocoax_interfaces/srv/detail/cocoa_xfk__traits.hpp
[5.430s] -- Up-to-date symlink: /home/azthorax/fra333_ws/install/cocoax_interfaces/include/cocoax_interfaces/srv/detail/cocoa_xik__builder.hpp
[5.430s] -- Up-to-date symlink: /home/azthorax/fra333_ws/install/cocoax_interfaces/include/cocoax_interfaces/srv/detail/cocoa_xik__struct.hpp
[5.431s] -- Up-to-date symlink: /home/azthorax/fra333_ws/install/cocoax_interfaces/include/cocoax_interfaces/srv/detail/cocoa_xik__traits.hpp
[5.432s] -- Up-to-date symlink: /home/azthorax/fra333_ws/install/cocoax_interfaces/include/cocoax_interfaces/msg/detail/cocoa_control_ref__rosidl_typesupport_introspection_cpp.hpp
[5.432s] -- Up-to-date symlink: /home/azthorax/fra333_ws/install/cocoax_interfaces/include/cocoax_interfaces/msg/detail/cocoa_test__rosidl_typesupport_introspection_cpp.hpp
[5.433s] -- Up-to-date symlink: /home/azthorax/fra333_ws/install/cocoax_interfaces/include/cocoax_interfaces/msg/detail/cocoa_ximu__rosidl_typesupport_introspection_cpp.hpp
[5.433s] -- Symlinking: /home/azthorax/fra333_ws/install/cocoax_interfaces/include/cocoax_interfaces/srv/detail/cocoa_x_enable__rosidl_typesupport_introspection_cpp.hpp
[5.446s] -- Up-to-date symlink: /home/azthorax/fra333_ws/install/cocoax_interfaces/include/cocoax_interfaces/srv/detail/cocoa_xfk__rosidl_typesupport_introspection_cpp.hpp
[5.446s] -- Up-to-date symlink: /home/azthorax/fra333_ws/install/cocoax_interfaces/include/cocoax_interfaces/srv/detail/cocoa_xik__rosidl_typesupport_introspection_cpp.hpp
[5.447s] -- Up-to-date symlink: /home/azthorax/fra333_ws/install/cocoax_interfaces/share/cocoax_interfaces/environment/pythonpath.sh
[5.447s] -- Up-to-date symlink: /home/azthorax/fra333_ws/install/cocoax_interfaces/share/cocoax_interfaces/environment/pythonpath.dsv
[5.447s] -- Up-to-date symlink: /home/azthorax/fra333_ws/install/cocoax_interfaces/lib/python3.8/site-packages/cocoax_interfaces/__init__.py
[5.448s] -- Up-to-date symlink: /home/azthorax/fra333_ws/install/cocoax_interfaces/lib/python3.8/site-packages/cocoax_interfaces/srv/__init__.py
[5.448s] -- Symlinking: /home/azthorax/fra333_ws/install/cocoax_interfaces/lib/python3.8/site-packages/cocoax_interfaces/srv/_cocoa_x_enable.py
[5.460s] -- Up-to-date symlink: /home/azthorax/fra333_ws/install/cocoax_interfaces/lib/python3.8/site-packages/cocoax_interfaces/srv/_cocoa_xfk.py
[5.460s] -- Up-to-date symlink: /home/azthorax/fra333_ws/install/cocoax_interfaces/lib/python3.8/site-packages/cocoax_interfaces/srv/_cocoa_xik.py
[5.461s] -- Up-to-date symlink: /home/azthorax/fra333_ws/install/cocoax_interfaces/lib/python3.8/site-packages/cocoax_interfaces/msg/__init__.py
[5.462s] -- Up-to-date symlink: /home/azthorax/fra333_ws/install/cocoax_interfaces/lib/python3.8/site-packages/cocoax_interfaces/msg/_cocoa_control_ref.py
[5.462s] -- Up-to-date symlink: /home/azthorax/fra333_ws/install/cocoax_interfaces/lib/python3.8/site-packages/cocoax_interfaces/msg/_cocoa_test.py
[5.462s] -- Up-to-date symlink: /home/azthorax/fra333_ws/install/cocoax_interfaces/lib/python3.8/site-packages/cocoax_interfaces/msg/_cocoa_ximu.py
[5.463s] -- Up-to-date symlink: /home/azthorax/fra333_ws/install/cocoax_interfaces/lib/python3.8/site-packages/cocoax_interfaces/cocoax_interfaces_s__rosidl_typesupport_fastrtps_c.cpython-38-x86_64-linux-gnu.so
[5.463s] -- Up-to-date symlink: /home/azthorax/fra333_ws/install/cocoax_interfaces/lib/python3.8/site-packages/cocoax_interfaces/cocoax_interfaces_s__rosidl_typesupport_introspection_c.cpython-38-x86_64-linux-gnu.so
[5.464s] -- Up-to-date symlink: /home/azthorax/fra333_ws/install/cocoax_interfaces/lib/python3.8/site-packages/cocoax_interfaces/cocoax_interfaces_s__rosidl_typesupport_c.cpython-38-x86_64-linux-gnu.so
[5.465s] -- Up-to-date symlink: /home/azthorax/fra333_ws/install/cocoax_interfaces/lib/libcocoax_interfaces__python.so
[5.465s] -- Up-to-date symlink: /home/azthorax/fra333_ws/install/cocoax_interfaces/share/cocoax_interfaces/srv/CocoaXIK.idl
[5.466s] -- Up-to-date symlink: /home/azthorax/fra333_ws/install/cocoax_interfaces/share/cocoax_interfaces/srv/CocoaXFK.idl
[5.466s] -- Symlinking: /home/azthorax/fra333_ws/install/cocoax_interfaces/share/cocoax_interfaces/srv/CocoaXEnable.idl
[5.475s] -- Up-to-date symlink: /home/azthorax/fra333_ws/install/cocoax_interfaces/share/cocoax_interfaces/msg/CocoaControlRef.idl
[5.475s] -- Up-to-date symlink: /home/azthorax/fra333_ws/install/cocoax_interfaces/share/cocoax_interfaces/srv/CocoaXIK.srv
[5.476s] -- Up-to-date symlink: /home/azthorax/fra333_ws/install/cocoax_interfaces/share/cocoax_interfaces/srv/CocoaXIK_Request.msg
[5.476s] -- Up-to-date symlink: /home/azthorax/fra333_ws/install/cocoax_interfaces/share/cocoax_interfaces/srv/CocoaXIK_Response.msg
[5.476s] -- Up-to-date symlink: /home/azthorax/fra333_ws/install/cocoax_interfaces/share/cocoax_interfaces/srv/CocoaXFK.srv
[5.476s] -- Up-to-date symlink: /home/azthorax/fra333_ws/install/cocoax_interfaces/share/cocoax_interfaces/srv/CocoaXFK_Request.msg
[5.476s] -- Up-to-date symlink: /home/azthorax/fra333_ws/install/cocoax_interfaces/share/cocoax_interfaces/srv/CocoaXFK_Response.msg
[5.477s] -- Symlinking: /home/azthorax/fra333_ws/install/cocoax_interfaces/share/cocoax_interfaces/srv/CocoaXEnable.srv
[5.486s] -- Symlinking: /home/azthorax/fra333_ws/install/cocoax_interfaces/share/cocoax_interfaces/srv/CocoaXEnable_Request.msg
[5.493s] -- Symlinking: /home/azthorax/fra333_ws/install/cocoax_interfaces/share/cocoax_interfaces/srv/CocoaXEnable_Response.msg
[5.501s] -- Up-to-date symlink: /home/azthorax/fra333_ws/install/cocoax_interfaces/share/cocoax_interfaces/msg/CocoaControlRef.msg
[5.501s] -- Up-to-date symlink: /home/azthorax/fra333_ws/install/cocoax_interfaces/share/ament_index/resource_index/package_run_dependencies/cocoax_interfaces
[5.502s] -- Up-to-date symlink: /home/azthorax/fra333_ws/install/cocoax_interfaces/share/ament_index/resource_index/parent_prefix_path/cocoax_interfaces
[5.502s] -- Up-to-date symlink: /home/azthorax/fra333_ws/install/cocoax_interfaces/share/cocoax_interfaces/environment/ament_prefix_path.sh
[5.503s] -- Up-to-date symlink: /home/azthorax/fra333_ws/install/cocoax_interfaces/share/cocoax_interfaces/environment/ament_prefix_path.dsv
[5.503s] -- Up-to-date symlink: /home/azthorax/fra333_ws/install/cocoax_interfaces/share/cocoax_interfaces/environment/path.sh
[5.503s] -- Up-to-date symlink: /home/azthorax/fra333_ws/install/cocoax_interfaces/share/cocoax_interfaces/environment/path.dsv
[5.504s] -- Up-to-date symlink: /home/azthorax/fra333_ws/install/cocoax_interfaces/share/cocoax_interfaces/local_setup.bash
[5.504s] -- Up-to-date symlink: /home/azthorax/fra333_ws/install/cocoax_interfaces/share/cocoax_interfaces/local_setup.sh
[5.505s] -- Up-to-date symlink: /home/azthorax/fra333_ws/install/cocoax_interfaces/share/cocoax_interfaces/local_setup.zsh
[5.505s] -- Up-to-date symlink: /home/azthorax/fra333_ws/install/cocoax_interfaces/share/cocoax_interfaces/local_setup.dsv
[5.505s] -- Symlinking: /home/azthorax/fra333_ws/install/cocoax_interfaces/share/cocoax_interfaces/package.dsv
[5.517s] -- Up-to-date symlink: /home/azthorax/fra333_ws/install/cocoax_interfaces/share/ament_index/resource_index/packages/cocoax_interfaces
[5.517s] -- Up-to-date symlink: /home/azthorax/fra333_ws/install/cocoax_interfaces/share/cocoax_interfaces/cmake/rosidl_cmake-extras.cmake
[5.518s] -- Up-to-date symlink: /home/azthorax/fra333_ws/install/cocoax_interfaces/share/cocoax_interfaces/cmake/ament_cmake_export_dependencies-extras.cmake
[5.518s] -- Up-to-date symlink: /home/azthorax/fra333_ws/install/cocoax_interfaces/share/cocoax_interfaces/cmake/ament_cmake_export_libraries-extras.cmake
[5.519s] -- Up-to-date symlink: /home/azthorax/fra333_ws/install/cocoax_interfaces/share/cocoax_interfaces/cmake/ament_cmake_export_targets-extras.cmake
[5.519s] -- Up-to-date symlink: /home/azthorax/fra333_ws/install/cocoax_interfaces/share/cocoax_interfaces/cmake/ament_cmake_export_include_directories-extras.cmake
[5.520s] -- Up-to-date symlink: /home/azthorax/fra333_ws/install/cocoax_interfaces/share/cocoax_interfaces/cmake/rosidl_cmake_export_typesupport_libraries-extras.cmake
[5.520s] -- Up-to-date symlink: /home/azthorax/fra333_ws/install/cocoax_interfaces/share/cocoax_interfaces/cmake/rosidl_cmake_export_typesupport_targets-extras.cmake
[5.521s] -- Up-to-date symlink: /home/azthorax/fra333_ws/install/cocoax_interfaces/share/cocoax_interfaces/cmake/cocoax_interfacesConfig.cmake
[5.521s] -- Up-to-date symlink: /home/azthorax/fra333_ws/install/cocoax_interfaces/share/cocoax_interfaces/cmake/cocoax_interfacesConfig-version.cmake
[5.521s] -- Up-to-date symlink: /home/azthorax/fra333_ws/install/cocoax_interfaces/share/cocoax_interfaces/package.xml
[5.522s] -- Installing: /home/azthorax/fra333_ws/install/cocoax_interfaces/lib/libcocoax_interfaces__rosidl_generator_c.so
[5.522s] -- Set runtime path of "/home/azthorax/fra333_ws/install/cocoax_interfaces/lib/libcocoax_interfaces__rosidl_generator_c.so" to ""
[5.523s] -- Installing: /home/azthorax/fra333_ws/install/cocoax_interfaces/lib/libcocoax_interfaces__rosidl_typesupport_introspection_c.so
[5.523s] -- Set runtime path of "/home/azthorax/fra333_ws/install/cocoax_interfaces/lib/libcocoax_interfaces__rosidl_typesupport_introspection_c.so" to ""
[5.524s] -- Installing: /home/azthorax/fra333_ws/install/cocoax_interfaces/lib/libcocoax_interfaces__rosidl_typesupport_c.so
[5.524s] -- Set runtime path of "/home/azthorax/fra333_ws/install/cocoax_interfaces/lib/libcocoax_interfaces__rosidl_typesupport_c.so" to ""
[5.525s] -- Installing: /home/azthorax/fra333_ws/install/cocoax_interfaces/lib/libcocoax_interfaces__rosidl_typesupport_introspection_cpp.so
[5.525s] -- Set runtime path of "/home/azthorax/fra333_ws/install/cocoax_interfaces/lib/libcocoax_interfaces__rosidl_typesupport_introspection_cpp.so" to ""
[5.525s] -- Installing: /home/azthorax/fra333_ws/install/cocoax_interfaces/lib/libcocoax_interfaces__rosidl_typesupport_cpp.so
[5.525s] -- Set runtime path of "/home/azthorax/fra333_ws/install/cocoax_interfaces/lib/libcocoax_interfaces__rosidl_typesupport_cpp.so" to ""
[5.559s] Compiling '/home/azthorax/fra333_ws/install/cocoax_interfaces/lib/python3.8/site-packages/cocoax_interfaces/__init__.py'...
[5.563s] -- Up-to-date: /home/azthorax/fra333_ws/install/cocoax_interfaces/share/cocoax_interfaces/cmake/cocoax_interfaces__rosidl_generator_cExport.cmake
[5.563s] -- Installing: /home/azthorax/fra333_ws/install/cocoax_interfaces/share/cocoax_interfaces/cmake/cocoax_interfaces__rosidl_generator_cExport-noconfig.cmake
[5.564s] -- Up-to-date: /home/azthorax/fra333_ws/install/cocoax_interfaces/share/cocoax_interfaces/cmake/cocoax_interfaces__rosidl_typesupport_introspection_cExport.cmake
[5.564s] -- Installing: /home/azthorax/fra333_ws/install/cocoax_interfaces/share/cocoax_interfaces/cmake/cocoax_interfaces__rosidl_typesupport_introspection_cExport-noconfig.cmake
[5.565s] -- Up-to-date: /home/azthorax/fra333_ws/install/cocoax_interfaces/share/cocoax_interfaces/cmake/cocoax_interfaces__rosidl_typesupport_cExport.cmake
[5.565s] -- Installing: /home/azthorax/fra333_ws/install/cocoax_interfaces/share/cocoax_interfaces/cmake/cocoax_interfaces__rosidl_typesupport_cExport-noconfig.cmake
[5.565s] -- Up-to-date: /home/azthorax/fra333_ws/install/cocoax_interfaces/share/cocoax_interfaces/cmake/cocoax_interfaces__rosidl_generator_cppExport.cmake
[5.565s] -- Up-to-date: /home/azthorax/fra333_ws/install/cocoax_interfaces/share/cocoax_interfaces/cmake/cocoax_interfaces__rosidl_typesupport_introspection_cppExport.cmake
[5.566s] -- Installing: /home/azthorax/fra333_ws/install/cocoax_interfaces/share/cocoax_interfaces/cmake/cocoax_interfaces__rosidl_typesupport_introspection_cppExport-noconfig.cmake
[5.566s] -- Up-to-date: /home/azthorax/fra333_ws/install/cocoax_interfaces/share/cocoax_interfaces/cmake/cocoax_interfaces__rosidl_typesupport_cppExport.cmake
[5.566s] -- Installing: /home/azthorax/fra333_ws/install/cocoax_interfaces/share/cocoax_interfaces/cmake/cocoax_interfaces__rosidl_typesupport_cppExport-noconfig.cmake
[5.573s] Invoked command in '/home/azthorax/fra333_ws/build/cocoax_interfaces' returned '0': CMAKE_PREFIX_PATH=${CMAKE_PREFIX_PATH}:/opt/ros/foxy /usr/bin/cmake --install /home/azthorax/fra333_ws/build/cocoax_interfaces
