[0.075s] Invoking command in '/home/azthorax/fra333_ws/build/package_name': CMAKE_PREFIX_PATH=${CMAKE_PREFIX_PATH}:/opt/ros/foxy /usr/bin/cmake /home/azthorax/fra333_ws/src/lab3/ROS2_package_cpp_python-main/package_name -DCMAKE_INSTALL_PREFIX=/home/azthorax/fra333_ws/install/package_name
[0.093s] -- Found ament_cmake: 0.9.11 (/opt/ros/foxy/share/ament_cmake/cmake)
[0.117s] -- Using PYTHON_EXECUTABLE: /usr/bin/python3
[0.309s] -- Override CMake install command with custom implementation using symlinks instead of copying resources
[0.325s] -- Found rclcpp: 2.4.2 (/opt/ros/foxy/share/rclcpp/cmake)
[0.366s] -- Using all available rosidl_typesupport_c: rosidl_typesupport_fastrtps_c;rosidl_typesupport_introspection_c
[0.370s] -- Found rosidl_adapter: 1.3.0 (/opt/ros/foxy/share/rosidl_adapter/cmake)
[0.518s] -- Using all available rosidl_typesupport_cpp: rosidl_typesupport_fastrtps_cpp;rosidl_typesupport_introspection_cpp
[0.582s] -- Found rmw_implementation_cmake: 1.0.3 (/opt/ros/foxy/share/rmw_implementation_cmake/cmake)
[0.584s] -- Using RMW implementation 'rmw_fastrtps_cpp' as default
[0.759s] -- Found rclpy: 1.0.11 (/opt/ros/foxy/share/rclpy/cmake)
[0.831s] -- Configuring done
[0.842s] -- Generating done
[0.844s] -- Build files have been written to: /home/azthorax/fra333_ws/build/package_name
[0.866s] Invoked command in '/home/azthorax/fra333_ws/build/package_name' returned '0': CMAKE_PREFIX_PATH=${CMAKE_PREFIX_PATH}:/opt/ros/foxy /usr/bin/cmake /home/azthorax/fra333_ws/src/lab3/ROS2_package_cpp_python-main/package_name -DCMAKE_INSTALL_PREFIX=/home/azthorax/fra333_ws/install/package_name
[0.867s] Invoking command in '/home/azthorax/fra333_ws/build/package_name': CMAKE_PREFIX_PATH=${CMAKE_PREFIX_PATH}:/opt/ros/foxy /usr/bin/cmake --build /home/azthorax/fra333_ws/build/package_name -- -j12 -l12
[0.929s] [100%] Built target cpp_node_test
[0.953s] Invoked command in '/home/azthorax/fra333_ws/build/package_name' returned '0': CMAKE_PREFIX_PATH=${CMAKE_PREFIX_PATH}:/opt/ros/foxy /usr/bin/cmake --build /home/azthorax/fra333_ws/build/package_name -- -j12 -l12
[0.987s] Invoking command in '/home/azthorax/fra333_ws/build/package_name': CMAKE_PREFIX_PATH=${CMAKE_PREFIX_PATH}:/opt/ros/foxy /usr/bin/cmake --install /home/azthorax/fra333_ws/build/package_name
[1.005s] -- Install configuration: ""
[1.007s] -- Execute custom install script
[1.008s] -- Up-to-date symlink: /home/azthorax/fra333_ws/install/package_name/share/package_name/environment/pythonpath.sh
[1.008s] -- Up-to-date symlink: /home/azthorax/fra333_ws/install/package_name/share/package_name/environment/pythonpath.dsv
[1.008s] -- Up-to-date symlink: /home/azthorax/fra333_ws/install/package_name/lib/python3.8/site-packages/package_name/__init__.py
[1.008s] -- Up-to-date symlink: /home/azthorax/fra333_ws/install/package_name/lib/package_name/dummy.py
[1.009s] -- Up-to-date symlink: /home/azthorax/fra333_ws/install/package_name/lib/package_name/cpp_node_test
[1.009s] -- Up-to-date symlink: /home/azthorax/fra333_ws/install/package_name/share/ament_index/resource_index/package_run_dependencies/package_name
[1.009s] -- Up-to-date symlink: /home/azthorax/fra333_ws/install/package_name/share/ament_index/resource_index/parent_prefix_path/package_name
[1.010s] -- Up-to-date symlink: /home/azthorax/fra333_ws/install/package_name/share/package_name/environment/ament_prefix_path.sh
[1.010s] -- Up-to-date symlink: /home/azthorax/fra333_ws/install/package_name/share/package_name/environment/ament_prefix_path.dsv
[1.011s] -- Up-to-date symlink: /home/azthorax/fra333_ws/install/package_name/share/package_name/environment/path.sh
[1.011s] -- Up-to-date symlink: /home/azthorax/fra333_ws/install/package_name/share/package_name/environment/path.dsv
[1.011s] -- Up-to-date symlink: /home/azthorax/fra333_ws/install/package_name/share/package_name/local_setup.bash
[1.011s] -- Up-to-date symlink: /home/azthorax/fra333_ws/install/package_name/share/package_name/local_setup.sh
[1.011s] -- Up-to-date symlink: /home/azthorax/fra333_ws/install/package_name/share/package_name/local_setup.zsh
[1.014s] -- Up-to-date symlink: /home/azthorax/fra333_ws/install/package_name/share/package_name/local_setup.dsv
[1.015s] -- Symlinking: /home/azthorax/fra333_ws/install/package_name/share/package_name/package.dsv
[1.018s] -- Up-to-date symlink: /home/azthorax/fra333_ws/install/package_name/share/ament_index/resource_index/packages/package_name
[1.018s] -- Up-to-date symlink: /home/azthorax/fra333_ws/install/package_name/share/package_name/cmake/package_nameConfig.cmake
[1.018s] -- Up-to-date symlink: /home/azthorax/fra333_ws/install/package_name/share/package_name/cmake/package_nameConfig-version.cmake
[1.018s] -- Up-to-date symlink: /home/azthorax/fra333_ws/install/package_name/share/package_name/package.xml
[1.052s] Listing '/home/azthorax/fra333_ws/install/package_name/lib/python3.8/site-packages/package_name'...
[1.094s] Invoked command in '/home/azthorax/fra333_ws/build/package_name' returned '0': CMAKE_PREFIX_PATH=${CMAKE_PREFIX_PATH}:/opt/ros/foxy /usr/bin/cmake --install /home/azthorax/fra333_ws/build/package_name
