[0.034s] Invoking command in '/home/azthorax/fra333_ws/build/cocoax_description': CMAKE_PREFIX_PATH=/opt/ros/foxy /usr/bin/cmake /home/azthorax/fra333_ws/src/fra333_lab4_25_v1/cocoax_description -DAMENT_CMAKE_SYMLINK_INSTALL=1 -DCMAKE_INSTALL_PREFIX=/home/azthorax/fra333_ws/install/cocoax_description
[0.112s] -- The C compiler identification is GNU 9.4.0
[0.188s] -- The CXX compiler identification is GNU 9.4.0
[0.195s] -- Check for working C compiler: /usr/bin/cc
[0.252s] -- Check for working C compiler: /usr/bin/cc -- works
[0.254s] -- Detecting C compiler ABI info
[0.321s] -- Detecting C compiler ABI info - done
[0.332s] -- Detecting C compile features
[0.332s] -- Detecting C compile features - done
[0.334s] -- Check for working CXX compiler: /usr/bin/c++
[0.404s] -- Check for working CXX compiler: /usr/bin/c++ -- works
[0.405s] -- Detecting CXX compiler ABI info
[0.501s] -- Detecting CXX compiler ABI info - done
[0.512s] -- Detecting CXX compile features
[0.513s] -- Detecting CXX compile features - done
[0.515s] -- Found ament_cmake: 0.9.11 (/opt/ros/foxy/share/ament_cmake/cmake)
[0.540s] -- Found PythonInterp: /usr/bin/python3 (found suitable version "3.8.10", minimum required is "3") 
[0.540s] -- Using PYTHON_EXECUTABLE: /usr/bin/python3
[0.742s] -- Override CMake install command with custom implementation using symlinks instead of copying resources
[0.770s] -- Found rclcpp: 2.4.2 (/opt/ros/foxy/share/rclcpp/cmake)
[0.810s] -- Using all available rosidl_typesupport_c: rosidl_typesupport_fastrtps_c;rosidl_typesupport_introspection_c
[0.815s] -- Found rosidl_adapter: 1.3.0 (/opt/ros/foxy/share/rosidl_adapter/cmake)
[0.901s] -- Found OpenSSL: /usr/lib/x86_64-linux-gnu/libcrypto.so (found version "1.1.1f")  
[0.937s] -- Found FastRTPS: /opt/ros/foxy/include  
[1.010s] -- Using all available rosidl_typesupport_cpp: rosidl_typesupport_fastrtps_cpp;rosidl_typesupport_introspection_cpp
[1.065s] -- Found rmw_implementation_cmake: 1.0.3 (/opt/ros/foxy/share/rmw_implementation_cmake/cmake)
[1.066s] -- Using RMW implementation 'rmw_fastrtps_cpp' as default
[1.067s] -- Looking for pthread.h
[1.142s] -- Looking for pthread.h - found
[1.142s] -- Performing Test CMAKE_HAVE_LIBC_PTHREAD
[1.212s] -- Performing Test CMAKE_HAVE_LIBC_PTHREAD - Failed
[1.212s] -- Looking for pthread_create in pthreads
[1.271s] -- Looking for pthread_create in pthreads - not found
[1.271s] -- Looking for pthread_create in pthread
[1.340s] -- Looking for pthread_create in pthread - found
[1.343s] -- Found Threads: TRUE  
[1.489s] -- Found rclpy: 1.0.11 (/opt/ros/foxy/share/rclpy/cmake)
[1.582s] -- Configuring done
[1.584s] -- Generating done
[1.586s] -- Build files have been written to: /home/azthorax/fra333_ws/build/cocoax_description
[1.598s] Invoked command in '/home/azthorax/fra333_ws/build/cocoax_description' returned '0': CMAKE_PREFIX_PATH=/opt/ros/foxy /usr/bin/cmake /home/azthorax/fra333_ws/src/fra333_lab4_25_v1/cocoax_description -DAMENT_CMAKE_SYMLINK_INSTALL=1 -DCMAKE_INSTALL_PREFIX=/home/azthorax/fra333_ws/install/cocoax_description
[1.602s] Invoking command in '/home/azthorax/fra333_ws/build/cocoax_description': CMAKE_PREFIX_PATH=/opt/ros/foxy /usr/bin/cmake --build /home/azthorax/fra333_ws/build/cocoax_description -- -j12 -l12
[1.644s] Invoked command in '/home/azthorax/fra333_ws/build/cocoax_description' returned '0': CMAKE_PREFIX_PATH=/opt/ros/foxy /usr/bin/cmake --build /home/azthorax/fra333_ws/build/cocoax_description -- -j12 -l12
[1.675s] Invoking command in '/home/azthorax/fra333_ws/build/cocoax_description': CMAKE_PREFIX_PATH=/opt/ros/foxy /usr/bin/cmake --install /home/azthorax/fra333_ws/build/cocoax_description
[1.687s] -- Install configuration: ""
[1.687s] -- Execute custom install script
[1.687s] -- Symlinking: /home/azthorax/fra333_ws/install/cocoax_description/share/cocoax_description/environment/pythonpath.sh
[1.695s] -- Symlinking: /home/azthorax/fra333_ws/install/cocoax_description/share/cocoax_description/environment/pythonpath.dsv
[1.706s] -- Symlinking: /home/azthorax/fra333_ws/install/cocoax_description/lib/python3.8/site-packages/cocoax_description/__init__.py
[1.713s] -- Symlinking: /home/azthorax/fra333_ws/install/cocoax_description/share/cocoax_description/meshes/end_effector.stl
[1.721s] -- Symlinking: /home/azthorax/fra333_ws/install/cocoax_description/share/cocoax_description/meshes/link_0.stl
[1.734s] -- Symlinking: /home/azthorax/fra333_ws/install/cocoax_description/share/cocoax_description/meshes/link_1.stl
[1.742s] -- Symlinking: /home/azthorax/fra333_ws/install/cocoax_description/share/cocoax_description/meshes/link_1c.stl
[1.752s] -- Symlinking: /home/azthorax/fra333_ws/install/cocoax_description/share/cocoax_description/meshes/link_2.stl
[1.759s] -- Symlinking: /home/azthorax/fra333_ws/install/cocoax_description/share/cocoax_description/meshes/link_3.stl
[1.771s] -- Symlinking: /home/azthorax/fra333_ws/install/cocoax_description/share/cocoax_description/meshes/link_3c.stl
[1.779s] -- Symlinking: /home/azthorax/fra333_ws/install/cocoax_description/share/cocoax_description/robot/cocoax_gazebo.xacro
[1.786s] -- Symlinking: /home/azthorax/fra333_ws/install/cocoax_description/share/cocoax_description/robot/cocoax_include.xacro
[1.797s] -- Symlinking: /home/azthorax/fra333_ws/install/cocoax_description/share/cocoax_description/robot/cocoax_robot.urdf.xacro
[1.809s] -- Symlinking: /home/azthorax/fra333_ws/install/cocoax_description/share/cocoax_description/launch/display_gazebo_cocoax.launch.py
[1.821s] -- Symlinking: /home/azthorax/fra333_ws/install/cocoax_description/share/cocoax_description/config/cocoax.rviz
[1.828s] -- Symlinking: /home/azthorax/fra333_ws/install/cocoax_description/share/cocoax_description/config/cocoax_controller.yaml
[1.837s] -- Symlinking: /home/azthorax/fra333_ws/install/cocoax_description/share/ament_index/resource_index/package_run_dependencies/cocoax_description
[1.850s] -- Symlinking: /home/azthorax/fra333_ws/install/cocoax_description/share/ament_index/resource_index/parent_prefix_path/cocoax_description
[1.865s] -- Symlinking: /home/azthorax/fra333_ws/install/cocoax_description/share/cocoax_description/environment/ament_prefix_path.sh
[1.875s] -- Symlinking: /home/azthorax/fra333_ws/install/cocoax_description/share/cocoax_description/environment/ament_prefix_path.dsv
[1.888s] -- Symlinking: /home/azthorax/fra333_ws/install/cocoax_description/share/cocoax_description/environment/path.sh
[1.896s] -- Symlinking: /home/azthorax/fra333_ws/install/cocoax_description/share/cocoax_description/environment/path.dsv
[1.904s] -- Symlinking: /home/azthorax/fra333_ws/install/cocoax_description/share/cocoax_description/local_setup.bash
[1.919s] -- Symlinking: /home/azthorax/fra333_ws/install/cocoax_description/share/cocoax_description/local_setup.sh
[1.932s] -- Symlinking: /home/azthorax/fra333_ws/install/cocoax_description/share/cocoax_description/local_setup.zsh
[1.944s] -- Symlinking: /home/azthorax/fra333_ws/install/cocoax_description/share/cocoax_description/local_setup.dsv
[1.954s] -- Symlinking: /home/azthorax/fra333_ws/install/cocoax_description/share/cocoax_description/package.dsv
[1.966s] -- Symlinking: /home/azthorax/fra333_ws/install/cocoax_description/share/ament_index/resource_index/packages/cocoax_description
[1.974s] -- Symlinking: /home/azthorax/fra333_ws/install/cocoax_description/share/cocoax_description/cmake/cocoax_descriptionConfig.cmake
[1.986s] -- Symlinking: /home/azthorax/fra333_ws/install/cocoax_description/share/cocoax_description/cmake/cocoax_descriptionConfig-version.cmake
[2.000s] -- Symlinking: /home/azthorax/fra333_ws/install/cocoax_description/share/cocoax_description/package.xml
[2.032s] Listing '/home/azthorax/fra333_ws/install/cocoax_description/lib/python3.8/site-packages/cocoax_description'...
[2.032s] Compiling '/home/azthorax/fra333_ws/install/cocoax_description/lib/python3.8/site-packages/cocoax_description/__init__.py'...
[2.042s] Invoked command in '/home/azthorax/fra333_ws/build/cocoax_description' returned '0': CMAKE_PREFIX_PATH=/opt/ros/foxy /usr/bin/cmake --install /home/azthorax/fra333_ws/build/cocoax_description
