[0.109s] Invoking command in '/home/azthorax/fra333_ws/build/cocoa_kinematics': CMAKE_PREFIX_PATH=${CMAKE_PREFIX_PATH}:/opt/ros/foxy /usr/bin/cmake /home/azthorax/fra333_ws/src/fra333_lab2_25_v1/cocoa_kinematics -DCMAKE_INSTALL_PREFIX=/home/azthorax/fra333_ws/install/cocoa_kinematics
[0.172s] -- Found ament_cmake: 0.9.11 (/opt/ros/foxy/share/ament_cmake/cmake)
[0.172s] -- Using PYTHON_EXECUTABLE: /usr/bin/python3
[0.521s] -- Override CMake install command with custom implementation using symlinks instead of copying resources
[0.530s] -- Found rclcpp: 2.4.2 (/opt/ros/foxy/share/rclcpp/cmake)
[0.574s] -- Using all available rosidl_typesupport_c: rosidl_typesupport_fastrtps_c;rosidl_typesupport_introspection_c
[0.579s] -- Found rosidl_adapter: 1.3.0 (/opt/ros/foxy/share/rosidl_adapter/cmake)
[0.746s] -- Using all available rosidl_typesupport_cpp: rosidl_typesupport_fastrtps_cpp;rosidl_typesupport_introspection_cpp
[0.814s] -- Found rmw_implementation_cmake: 1.0.3 (/opt/ros/foxy/share/rmw_implementation_cmake/cmake)
[0.820s] -- Using RMW implementation 'rmw_fastrtps_cpp' as default
[1.008s] -- Found rclpy: 1.0.11 (/opt/ros/foxy/share/rclpy/cmake)
[1.104s] -- Configuring done
[1.109s] -- Generating done
[1.111s] -- Build files have been written to: /home/azthorax/fra333_ws/build/cocoa_kinematics
[1.133s] Invoked command in '/home/azthorax/fra333_ws/build/cocoa_kinematics' returned '0': CMAKE_PREFIX_PATH=${CMAKE_PREFIX_PATH}:/opt/ros/foxy /usr/bin/cmake /home/azthorax/fra333_ws/src/fra333_lab2_25_v1/cocoa_kinematics -DCMAKE_INSTALL_PREFIX=/home/azthorax/fra333_ws/install/cocoa_kinematics
[1.135s] Invoking command in '/home/azthorax/fra333_ws/build/cocoa_kinematics': CMAKE_PREFIX_PATH=${CMAKE_PREFIX_PATH}:/opt/ros/foxy /usr/bin/cmake --build /home/azthorax/fra333_ws/build/cocoa_kinematics -- -j12 -l12
[1.185s] Invoked command in '/home/azthorax/fra333_ws/build/cocoa_kinematics' returned '0': CMAKE_PREFIX_PATH=${CMAKE_PREFIX_PATH}:/opt/ros/foxy /usr/bin/cmake --build /home/azthorax/fra333_ws/build/cocoa_kinematics -- -j12 -l12
[1.229s] Invoking command in '/home/azthorax/fra333_ws/build/cocoa_kinematics': CMAKE_PREFIX_PATH=${CMAKE_PREFIX_PATH}:/opt/ros/foxy /usr/bin/cmake --install /home/azthorax/fra333_ws/build/cocoa_kinematics
[1.241s] -- Install configuration: ""
[1.242s] -- Execute custom install script
[1.242s] -- Up-to-date symlink: /home/azthorax/fra333_ws/install/cocoa_kinematics/share/cocoa_kinematics/environment/pythonpath.sh
[1.244s] -- Up-to-date symlink: /home/azthorax/fra333_ws/install/cocoa_kinematics/share/cocoa_kinematics/environment/pythonpath.dsv
[1.245s] -- Up-to-date symlink: /home/azthorax/fra333_ws/install/cocoa_kinematics/lib/python3.8/site-packages/cocoa_kinematics/__init__.py
[1.245s] -- Up-to-date symlink: /home/azthorax/fra333_ws/install/cocoa_kinematics/lib/python3.8/site-packages/cocoa_kinematics/cocoa_module.py
[1.245s] -- Up-to-date symlink: /home/azthorax/fra333_ws/install/cocoa_kinematics/lib/cocoa_kinematics/kinematics_server.py
[1.245s] -- Up-to-date symlink: /home/azthorax/fra333_ws/install/cocoa_kinematics/share/cocoa_kinematics/launch/display_with_kinematics_srv.launch.py
[1.245s] -- Up-to-date symlink: /home/azthorax/fra333_ws/install/cocoa_kinematics/share/ament_index/resource_index/package_run_dependencies/cocoa_kinematics
[1.245s] -- Up-to-date symlink: /home/azthorax/fra333_ws/install/cocoa_kinematics/share/ament_index/resource_index/parent_prefix_path/cocoa_kinematics
[1.245s] -- Up-to-date symlink: /home/azthorax/fra333_ws/install/cocoa_kinematics/share/cocoa_kinematics/environment/ament_prefix_path.sh
[1.245s] -- Up-to-date symlink: /home/azthorax/fra333_ws/install/cocoa_kinematics/share/cocoa_kinematics/environment/ament_prefix_path.dsv
[1.245s] -- Up-to-date symlink: /home/azthorax/fra333_ws/install/cocoa_kinematics/share/cocoa_kinematics/environment/path.sh
[1.246s] -- Up-to-date symlink: /home/azthorax/fra333_ws/install/cocoa_kinematics/share/cocoa_kinematics/environment/path.dsv
[1.247s] -- Up-to-date symlink: /home/azthorax/fra333_ws/install/cocoa_kinematics/share/cocoa_kinematics/local_setup.bash
[1.247s] -- Up-to-date symlink: /home/azthorax/fra333_ws/install/cocoa_kinematics/share/cocoa_kinematics/local_setup.sh
[1.248s] -- Up-to-date symlink: /home/azthorax/fra333_ws/install/cocoa_kinematics/share/cocoa_kinematics/local_setup.zsh
[1.250s] -- Up-to-date symlink: /home/azthorax/fra333_ws/install/cocoa_kinematics/share/cocoa_kinematics/local_setup.dsv
[1.251s] -- Symlinking: /home/azthorax/fra333_ws/install/cocoa_kinematics/share/cocoa_kinematics/package.dsv
[1.257s] -- Up-to-date symlink: /home/azthorax/fra333_ws/install/cocoa_kinematics/share/ament_index/resource_index/packages/cocoa_kinematics
[1.257s] -- Up-to-date symlink: /home/azthorax/fra333_ws/install/cocoa_kinematics/share/cocoa_kinematics/cmake/cocoa_kinematicsConfig.cmake
[1.257s] -- Up-to-date symlink: /home/azthorax/fra333_ws/install/cocoa_kinematics/share/cocoa_kinematics/cmake/cocoa_kinematicsConfig-version.cmake
[1.257s] -- Up-to-date symlink: /home/azthorax/fra333_ws/install/cocoa_kinematics/share/cocoa_kinematics/package.xml
[1.301s] Listing '/home/azthorax/fra333_ws/install/cocoa_kinematics/lib/python3.8/site-packages/cocoa_kinematics'...
[1.321s] Invoked command in '/home/azthorax/fra333_ws/build/cocoa_kinematics' returned '0': CMAKE_PREFIX_PATH=${CMAKE_PREFIX_PATH}:/opt/ros/foxy /usr/bin/cmake --install /home/azthorax/fra333_ws/build/cocoa_kinematics
