[0.074s] Invoking command in '/home/azthorax/fra333_ws/build/lab1_interfaces': CMAKE_PREFIX_PATH=/opt/ros/foxy /usr/bin/cmake /home/azthorax/fra333_ws/src/fra333_lab1_25/lab1_interfaces -DAMENT_CMAKE_SYMLINK_INSTALL=1 -DCMAKE_INSTALL_PREFIX=/home/azthorax/fra333_ws/install/lab1_interfaces
[0.161s] -- The C compiler identification is GNU 9.4.0
[0.244s] -- The CXX compiler identification is GNU 9.4.0
[0.249s] -- Check for working C compiler: /usr/bin/cc
[0.349s] -- Check for working C compiler: /usr/bin/cc -- works
[0.350s] -- Detecting C compiler ABI info
[0.461s] -- Detecting C compiler ABI info - done
[0.473s] -- Detecting C compile features
[0.473s] -- Detecting C compile features - done
[0.476s] -- Check for working CXX compiler: /usr/bin/c++
[0.623s] -- Check for working CXX compiler: /usr/bin/c++ -- works
[0.625s] -- Detecting CXX compiler ABI info
[0.742s] -- Detecting CXX compiler ABI info - done
[0.753s] -- Detecting CXX compile features
[0.754s] -- Detecting CXX compile features - done
[0.756s] -- Found ament_cmake: 0.9.11 (/opt/ros/foxy/share/ament_cmake/cmake)
[0.794s] -- Found PythonInterp: /usr/bin/python3 (found suitable version "3.8.10", minimum required is "3") 
[0.794s] -- Using PYTHON_EXECUTABLE: /usr/bin/python3
[1.085s] -- Override CMake install command with custom implementation using symlinks instead of copying resources
[1.116s] -- Found ament_lint_auto: 0.9.7 (/opt/ros/foxy/share/ament_lint_auto/cmake)
[1.211s] -- Found rosidl_default_generators: 1.0.1 (/opt/ros/foxy/share/rosidl_default_generators/cmake)
[1.214s] -- Using all available rosidl_typesupport_c: rosidl_typesupport_fastrtps_c;rosidl_typesupport_introspection_c
[1.221s] -- Found rosidl_adapter: 1.3.0 (/opt/ros/foxy/share/rosidl_adapter/cmake)
[1.345s] -- Found OpenSSL: /usr/lib/x86_64-linux-gnu/libcrypto.so (found version "1.1.1f")  
[1.385s] -- Found FastRTPS: /opt/ros/foxy/include  
[1.504s] -- Using all available rosidl_typesupport_cpp: rosidl_typesupport_fastrtps_cpp;rosidl_typesupport_introspection_cpp
[1.538s] -- Found std_msgs: 2.0.5 (/opt/ros/foxy/share/std_msgs/cmake)
[1.614s] -- Found PythonInterp: /usr/bin/python3 (found version "3.8.10") 
[1.756s] -- Found ament_cmake_ros: 0.9.2 (/opt/ros/foxy/share/ament_cmake_ros/cmake)
[1.992s] -- Using all available rosidl_typesupport_c: rosidl_typesupport_fastrtps_c;rosidl_typesupport_introspection_c
[2.081s] -- Using all available rosidl_typesupport_cpp: rosidl_typesupport_fastrtps_cpp;rosidl_typesupport_introspection_cpp
[2.118s] -- Found PythonInterp: /usr/bin/python3 (found suitable version "3.8.10", minimum required is "3.5") 
[2.120s] -- Found python_cmake_module: 0.8.1 (/opt/ros/foxy/share/python_cmake_module/cmake)
[2.165s] -- Found PythonLibs: /usr/lib/x86_64-linux-gnu/libpython3.8.so (found suitable version "3.8.10", minimum required is "3.5") 
[2.166s] -- Using PYTHON_EXECUTABLE: /usr/bin/python3
[2.166s] -- Using PYTHON_INCLUDE_DIRS: /usr/include/python3.8
[2.166s] -- Using PYTHON_LIBRARIES: /usr/lib/x86_64-linux-gnu/libpython3.8.so
[2.208s] -- Found PythonExtra: .so  
[2.300s] -- Added test 'copyright' to check source files copyright and LICENSE
[2.304s] -- Added test 'lint_cmake' to check CMake code style
[2.304s] -- Added test 'xmllint' to check XML markup files
[2.315s] -- Configuring done
[2.375s] -- Generating done
[2.380s] -- Build files have been written to: /home/azthorax/fra333_ws/build/lab1_interfaces
[2.399s] Invoked command in '/home/azthorax/fra333_ws/build/lab1_interfaces' returned '0': CMAKE_PREFIX_PATH=/opt/ros/foxy /usr/bin/cmake /home/azthorax/fra333_ws/src/fra333_lab1_25/lab1_interfaces -DAMENT_CMAKE_SYMLINK_INSTALL=1 -DCMAKE_INSTALL_PREFIX=/home/azthorax/fra333_ws/install/lab1_interfaces
[2.403s] Invoking command in '/home/azthorax/fra333_ws/build/lab1_interfaces': CMAKE_PREFIX_PATH=/opt/ros/foxy /usr/bin/cmake --build /home/azthorax/fra333_ws/build/lab1_interfaces -- -j12 -l12
[2.452s] [35m[1mScanning dependencies of target lab1_interfaces__cpp[0m
[2.454s] [  3%] [34m[1mGenerating C code for ROS interfaces[0m
[2.465s] [  6%] [34m[1mGenerating C++ code for ROS interfaces[0m
[2.806s] [  6%] Built target lab1_interfaces__cpp
[2.821s] [ 12%] [34m[1mGenerating C++ type support dispatch for ROS interfaces[0m
[2.822s] [ 12%] [34m[1mGenerating C++ introspection for ROS interfaces[0m
[2.822s] [ 16%] [34m[1mGenerating C++ type support for eProsima Fast-RTPS[0m
[2.825s] [35m[1mScanning dependencies of target lab1_interfaces__rosidl_generator_c[0m
[2.839s] [ 19%] [32mBuilding C object CMakeFiles/lab1_interfaces__rosidl_generator_c.dir/rosidl_generator_c/lab1_interfaces/srv/detail/set_noise__functions.c.o[0m
[2.904s] [ 22%] [32m[1mLinking C shared library liblab1_interfaces__rosidl_generator_c.so[0m
[2.947s] [ 22%] Built target lab1_interfaces__rosidl_generator_c
[2.957s] [ 29%] [34m[1mGenerating C introspection for ROS interfaces[0m
[2.957s] [ 29%] [34m[1mGenerating C type support dispatch for ROS interfaces[0m
[3.082s] [35m[1mScanning dependencies of target lab1_interfaces__rosidl_typesupport_fastrtps_cpp[0m
[3.095s] [35m[1mScanning dependencies of target lab1_interfaces__rosidl_typesupport_cpp[0m
[3.104s] [ 32%] [32mBuilding CXX object CMakeFiles/lab1_interfaces__rosidl_typesupport_fastrtps_cpp.dir/rosidl_typesupport_fastrtps_cpp/lab1_interfaces/srv/detail/dds_fastrtps/set_noise__type_support.cpp.o[0m
[3.108s] [ 35%] [32mBuilding CXX object CMakeFiles/lab1_interfaces__rosidl_typesupport_cpp.dir/rosidl_typesupport_cpp/lab1_interfaces/srv/set_noise__type_support.cpp.o[0m
[3.121s] [35m[1mScanning dependencies of target lab1_interfaces__rosidl_typesupport_introspection_cpp[0m
[3.135s] [ 38%] [32mBuilding CXX object CMakeFiles/lab1_interfaces__rosidl_typesupport_introspection_cpp.dir/rosidl_typesupport_introspection_cpp/lab1_interfaces/srv/detail/set_noise__type_support.cpp.o[0m
[3.248s] [35m[1mScanning dependencies of target lab1_interfaces__rosidl_typesupport_c[0m
[3.265s] [ 41%] [32mBuilding CXX object CMakeFiles/lab1_interfaces__rosidl_typesupport_c.dir/rosidl_typesupport_c/lab1_interfaces/srv/set_noise__type_support.cpp.o[0m
[3.279s] [35m[1mScanning dependencies of target lab1_interfaces__rosidl_typesupport_introspection_c[0m
[3.296s] [ 45%] [32mBuilding C object CMakeFiles/lab1_interfaces__rosidl_typesupport_introspection_c.dir/rosidl_typesupport_introspection_c/lab1_interfaces/srv/detail/set_noise__type_support.c.o[0m
[3.305s] [ 48%] [32m[1mLinking CXX shared library liblab1_interfaces__rosidl_typesupport_c.so[0m
[3.341s] [ 51%] [32m[1mLinking C shared library liblab1_interfaces__rosidl_typesupport_introspection_c.so[0m
[3.361s] [ 51%] Built target lab1_interfaces__rosidl_typesupport_c
[3.381s] [ 51%] Built target lab1_interfaces__rosidl_typesupport_introspection_c
[3.437s] [ 54%] [32m[1mLinking CXX shared library liblab1_interfaces__rosidl_typesupport_cpp.so[0m
[3.456s] [ 58%] [32m[1mLinking CXX shared library liblab1_interfaces__rosidl_typesupport_introspection_cpp.so[0m
[3.495s] [ 58%] Built target lab1_interfaces__rosidl_typesupport_cpp
[3.543s] [ 58%] Built target lab1_interfaces__rosidl_typesupport_introspection_cpp
[3.660s] [ 61%] [32m[1mLinking CXX shared library liblab1_interfaces__rosidl_typesupport_fastrtps_cpp.so[0m
[3.776s] [ 61%] Built target lab1_interfaces__rosidl_typesupport_fastrtps_cpp
[3.787s] [ 64%] [34m[1mGenerating C type support for eProsima Fast-RTPS[0m
[4.115s] [35m[1mScanning dependencies of target lab1_interfaces__rosidl_typesupport_fastrtps_c[0m
[4.136s] [ 67%] [32mBuilding CXX object CMakeFiles/lab1_interfaces__rosidl_typesupport_fastrtps_c.dir/rosidl_typesupport_fastrtps_c/lab1_interfaces/srv/detail/set_noise__type_support_c.cpp.o[0m
[4.706s] [ 70%] [32m[1mLinking CXX shared library liblab1_interfaces__rosidl_typesupport_fastrtps_c.so[0m
[4.924s] [ 70%] Built target lab1_interfaces__rosidl_typesupport_fastrtps_c
[4.976s] [35m[1mScanning dependencies of target lab1_interfaces[0m
[4.990s] [ 70%] Built target lab1_interfaces
[5.006s] [35m[1mScanning dependencies of target lab1_interfaces__py[0m
[5.022s] [ 74%] [34m[1mGenerating Python code for ROS interfaces[0m
[5.648s] [ 74%] Built target lab1_interfaces__py
[5.678s] [35m[1mScanning dependencies of target lab1_interfaces__python[0m
[5.721s] [ 77%] [32mBuilding C object CMakeFiles/lab1_interfaces__python.dir/rosidl_generator_py/lab1_interfaces/srv/_set_noise_s.c.o[0m
[5.920s] [ 80%] [32m[1mLinking C shared library rosidl_generator_py/lab1_interfaces/liblab1_interfaces__python.so[0m
[6.073s] [ 80%] Built target lab1_interfaces__python
[6.087s] [35m[1mScanning dependencies of target lab1_interfaces__rosidl_typesupport_c__pyext[0m
[6.128s] [35m[1mScanning dependencies of target lab1_interfaces__rosidl_typesupport_introspection_c__pyext[0m
[6.135s] [35m[1mScanning dependencies of target lab1_interfaces__rosidl_typesupport_fastrtps_c__pyext[0m
[6.150s] [ 83%] [32mBuilding C object CMakeFiles/lab1_interfaces__rosidl_typesupport_c__pyext.dir/rosidl_generator_py/lab1_interfaces/_lab1_interfaces_s.ep.rosidl_typesupport_c.c.o[0m
[6.193s] [ 87%] [32mBuilding C object CMakeFiles/lab1_interfaces__rosidl_typesupport_introspection_c__pyext.dir/rosidl_generator_py/lab1_interfaces/_lab1_interfaces_s.ep.rosidl_typesupport_introspection_c.c.o[0m
[6.228s] [ 90%] [32mBuilding C object CMakeFiles/lab1_interfaces__rosidl_typesupport_fastrtps_c__pyext.dir/rosidl_generator_py/lab1_interfaces/_lab1_interfaces_s.ep.rosidl_typesupport_fastrtps_c.c.o[0m
[6.368s] [ 93%] [32m[1mLinking C shared library rosidl_generator_py/lab1_interfaces/lab1_interfaces_s__rosidl_typesupport_c.cpython-38-x86_64-linux-gnu.so[0m
[6.424s] [ 96%] [32m[1mLinking C shared library rosidl_generator_py/lab1_interfaces/lab1_interfaces_s__rosidl_typesupport_introspection_c.cpython-38-x86_64-linux-gnu.so[0m
[6.432s] [100%] [32m[1mLinking CXX shared library rosidl_generator_py/lab1_interfaces/lab1_interfaces_s__rosidl_typesupport_fastrtps_c.cpython-38-x86_64-linux-gnu.so[0m
[6.473s] [100%] Built target lab1_interfaces__rosidl_typesupport_c__pyext
[6.584s] [100%] Built target lab1_interfaces__rosidl_typesupport_introspection_c__pyext
[6.681s] [100%] Built target lab1_interfaces__rosidl_typesupport_fastrtps_c__pyext
[6.725s] Invoked command in '/home/azthorax/fra333_ws/build/lab1_interfaces' returned '0': CMAKE_PREFIX_PATH=/opt/ros/foxy /usr/bin/cmake --build /home/azthorax/fra333_ws/build/lab1_interfaces -- -j12 -l12
[7.247s] Invoking command in '/home/azthorax/fra333_ws/build/lab1_interfaces': CMAKE_PREFIX_PATH=/opt/ros/foxy /usr/bin/cmake --install /home/azthorax/fra333_ws/build/lab1_interfaces
[7.267s] -- Install configuration: ""
[7.268s] -- Execute custom install script
[7.273s] -- Symlinking: /home/azthorax/fra333_ws/install/lab1_interfaces/share/ament_index/resource_index/rosidl_interfaces/lab1_interfaces
[7.289s] -- Symlinking: /home/azthorax/fra333_ws/install/lab1_interfaces/include/lab1_interfaces/msg/rosidl_generator_c__visibility_control.h
[7.317s] -- Symlinking: /home/azthorax/fra333_ws/install/lab1_interfaces/include/lab1_interfaces/srv/detail/set_noise__functions.h
[7.342s] -- Symlinking: /home/azthorax/fra333_ws/install/lab1_interfaces/include/lab1_interfaces/srv/detail/set_noise__struct.h
[7.375s] -- Symlinking: /home/azthorax/fra333_ws/install/lab1_interfaces/include/lab1_interfaces/srv/detail/set_noise__type_support.h
[7.404s] -- Symlinking: /home/azthorax/fra333_ws/install/lab1_interfaces/include/lab1_interfaces/srv/set_noise.h
[7.429s] -- Symlinking: /home/azthorax/fra333_ws/install/lab1_interfaces/share/lab1_interfaces/environment/library_path.sh
[7.456s] -- Symlinking: /home/azthorax/fra333_ws/install/lab1_interfaces/share/lab1_interfaces/environment/library_path.dsv
[7.490s] -- Symlinking: /home/azthorax/fra333_ws/install/lab1_interfaces/include/lab1_interfaces/msg/rosidl_typesupport_fastrtps_c__visibility_control.h
[7.520s] -- Symlinking: /home/azthorax/fra333_ws/install/lab1_interfaces/include/lab1_interfaces/srv/detail/set_noise__rosidl_typesupport_fastrtps_c.h
[7.550s] -- Symlinking: /home/azthorax/fra333_ws/install/lab1_interfaces/lib/liblab1_interfaces__rosidl_typesupport_fastrtps_c.so
[7.566s] -- Symlinking: /home/azthorax/fra333_ws/install/lab1_interfaces/include/lab1_interfaces/msg/rosidl_typesupport_fastrtps_cpp__visibility_control.h
[7.601s] -- Symlinking: /home/azthorax/fra333_ws/install/lab1_interfaces/include/lab1_interfaces/srv/detail/set_noise__rosidl_typesupport_fastrtps_cpp.hpp
[7.638s] -- Symlinking: /home/azthorax/fra333_ws/install/lab1_interfaces/lib/liblab1_interfaces__rosidl_typesupport_fastrtps_cpp.so
[7.679s] -- Symlinking: /home/azthorax/fra333_ws/install/lab1_interfaces/include/lab1_interfaces/msg/rosidl_typesupport_introspection_c__visibility_control.h
[7.714s] -- Symlinking: /home/azthorax/fra333_ws/install/lab1_interfaces/include/lab1_interfaces/srv/detail/set_noise__rosidl_typesupport_introspection_c.h
[7.732s] -- Symlinking: /home/azthorax/fra333_ws/install/lab1_interfaces/include/lab1_interfaces/srv/detail/set_noise__builder.hpp
[7.749s] -- Symlinking: /home/azthorax/fra333_ws/install/lab1_interfaces/include/lab1_interfaces/srv/detail/set_noise__struct.hpp
[7.777s] -- Symlinking: /home/azthorax/fra333_ws/install/lab1_interfaces/include/lab1_interfaces/srv/detail/set_noise__traits.hpp
[7.813s] -- Symlinking: /home/azthorax/fra333_ws/install/lab1_interfaces/include/lab1_interfaces/srv/set_noise.hpp
[7.854s] -- Symlinking: /home/azthorax/fra333_ws/install/lab1_interfaces/include/lab1_interfaces/srv/detail/set_noise__rosidl_typesupport_introspection_cpp.hpp
[7.869s] -- Symlinking: /home/azthorax/fra333_ws/install/lab1_interfaces/share/lab1_interfaces/environment/pythonpath.sh
[7.894s] -- Symlinking: /home/azthorax/fra333_ws/install/lab1_interfaces/share/lab1_interfaces/environment/pythonpath.dsv
[7.912s] -- Symlinking: /home/azthorax/fra333_ws/install/lab1_interfaces/lib/python3.8/site-packages/lab1_interfaces/__init__.py
[7.925s] -- Symlinking: /home/azthorax/fra333_ws/install/lab1_interfaces/lib/python3.8/site-packages/lab1_interfaces/srv/__init__.py
[7.950s] -- Symlinking: /home/azthorax/fra333_ws/install/lab1_interfaces/lib/python3.8/site-packages/lab1_interfaces/srv/_set_noise.py
[7.969s] -- Symlinking: /home/azthorax/fra333_ws/install/lab1_interfaces/lib/python3.8/site-packages/lab1_interfaces/lab1_interfaces_s__rosidl_typesupport_fastrtps_c.cpython-38-x86_64-linux-gnu.so
[7.982s] -- Symlinking: /home/azthorax/fra333_ws/install/lab1_interfaces/lib/python3.8/site-packages/lab1_interfaces/lab1_interfaces_s__rosidl_typesupport_introspection_c.cpython-38-x86_64-linux-gnu.so
[7.998s] -- Symlinking: /home/azthorax/fra333_ws/install/lab1_interfaces/lib/python3.8/site-packages/lab1_interfaces/lab1_interfaces_s__rosidl_typesupport_c.cpython-38-x86_64-linux-gnu.so
[8.025s] -- Symlinking: /home/azthorax/fra333_ws/install/lab1_interfaces/lib/liblab1_interfaces__python.so
[8.058s] -- Symlinking: /home/azthorax/fra333_ws/install/lab1_interfaces/share/lab1_interfaces/srv/SetNoise.idl
[8.080s] -- Symlinking: /home/azthorax/fra333_ws/install/lab1_interfaces/share/lab1_interfaces/srv/SetNoise.srv
[8.114s] -- Symlinking: /home/azthorax/fra333_ws/install/lab1_interfaces/share/lab1_interfaces/srv/SetNoise_Request.msg
[8.156s] -- Symlinking: /home/azthorax/fra333_ws/install/lab1_interfaces/share/lab1_interfaces/srv/SetNoise_Response.msg
[8.192s] -- Symlinking: /home/azthorax/fra333_ws/install/lab1_interfaces/share/ament_index/resource_index/package_run_dependencies/lab1_interfaces
[8.212s] -- Symlinking: /home/azthorax/fra333_ws/install/lab1_interfaces/share/ament_index/resource_index/parent_prefix_path/lab1_interfaces
[8.238s] -- Symlinking: /home/azthorax/fra333_ws/install/lab1_interfaces/share/lab1_interfaces/environment/ament_prefix_path.sh
[8.254s] -- Symlinking: /home/azthorax/fra333_ws/install/lab1_interfaces/share/lab1_interfaces/environment/ament_prefix_path.dsv
[8.290s] -- Symlinking: /home/azthorax/fra333_ws/install/lab1_interfaces/share/lab1_interfaces/environment/path.sh
[8.304s] -- Symlinking: /home/azthorax/fra333_ws/install/lab1_interfaces/share/lab1_interfaces/environment/path.dsv
[8.319s] -- Symlinking: /home/azthorax/fra333_ws/install/lab1_interfaces/share/lab1_interfaces/local_setup.bash
[8.333s] -- Symlinking: /home/azthorax/fra333_ws/install/lab1_interfaces/share/lab1_interfaces/local_setup.sh
[8.352s] -- Symlinking: /home/azthorax/fra333_ws/install/lab1_interfaces/share/lab1_interfaces/local_setup.zsh
[8.369s] -- Symlinking: /home/azthorax/fra333_ws/install/lab1_interfaces/share/lab1_interfaces/local_setup.dsv
[8.380s] -- Symlinking: /home/azthorax/fra333_ws/install/lab1_interfaces/share/lab1_interfaces/package.dsv
[8.395s] -- Symlinking: /home/azthorax/fra333_ws/install/lab1_interfaces/share/ament_index/resource_index/packages/lab1_interfaces
[8.435s] -- Symlinking: /home/azthorax/fra333_ws/install/lab1_interfaces/share/lab1_interfaces/cmake/rosidl_cmake-extras.cmake
[8.466s] -- Symlinking: /home/azthorax/fra333_ws/install/lab1_interfaces/share/lab1_interfaces/cmake/ament_cmake_export_dependencies-extras.cmake
[8.505s] -- Symlinking: /home/azthorax/fra333_ws/install/lab1_interfaces/share/lab1_interfaces/cmake/ament_cmake_export_libraries-extras.cmake
[8.519s] -- Symlinking: /home/azthorax/fra333_ws/install/lab1_interfaces/share/lab1_interfaces/cmake/ament_cmake_export_targets-extras.cmake
[8.536s] -- Symlinking: /home/azthorax/fra333_ws/install/lab1_interfaces/share/lab1_interfaces/cmake/ament_cmake_export_include_directories-extras.cmake
[8.549s] -- Symlinking: /home/azthorax/fra333_ws/install/lab1_interfaces/share/lab1_interfaces/cmake/rosidl_cmake_export_typesupport_libraries-extras.cmake
[8.569s] -- Symlinking: /home/azthorax/fra333_ws/install/lab1_interfaces/share/lab1_interfaces/cmake/rosidl_cmake_export_typesupport_targets-extras.cmake
[8.589s] -- Symlinking: /home/azthorax/fra333_ws/install/lab1_interfaces/share/lab1_interfaces/cmake/lab1_interfacesConfig.cmake
[8.620s] -- Symlinking: /home/azthorax/fra333_ws/install/lab1_interfaces/share/lab1_interfaces/cmake/lab1_interfacesConfig-version.cmake
[8.655s] -- Symlinking: /home/azthorax/fra333_ws/install/lab1_interfaces/share/lab1_interfaces/package.xml
[8.681s] -- Installing: /home/azthorax/fra333_ws/install/lab1_interfaces/lib/liblab1_interfaces__rosidl_generator_c.so
[8.682s] -- Set runtime path of "/home/azthorax/fra333_ws/install/lab1_interfaces/lib/liblab1_interfaces__rosidl_generator_c.so" to ""
[8.683s] -- Installing: /home/azthorax/fra333_ws/install/lab1_interfaces/lib/liblab1_interfaces__rosidl_typesupport_introspection_c.so
[8.685s] -- Set runtime path of "/home/azthorax/fra333_ws/install/lab1_interfaces/lib/liblab1_interfaces__rosidl_typesupport_introspection_c.so" to ""
[8.685s] -- Installing: /home/azthorax/fra333_ws/install/lab1_interfaces/lib/liblab1_interfaces__rosidl_typesupport_c.so
[8.687s] -- Set runtime path of "/home/azthorax/fra333_ws/install/lab1_interfaces/lib/liblab1_interfaces__rosidl_typesupport_c.so" to ""
[8.687s] -- Installing: /home/azthorax/fra333_ws/install/lab1_interfaces/lib/liblab1_interfaces__rosidl_typesupport_introspection_cpp.so
[8.689s] -- Set runtime path of "/home/azthorax/fra333_ws/install/lab1_interfaces/lib/liblab1_interfaces__rosidl_typesupport_introspection_cpp.so" to ""
[8.690s] -- Installing: /home/azthorax/fra333_ws/install/lab1_interfaces/lib/liblab1_interfaces__rosidl_typesupport_cpp.so
[8.691s] -- Set runtime path of "/home/azthorax/fra333_ws/install/lab1_interfaces/lib/liblab1_interfaces__rosidl_typesupport_cpp.so" to ""
[8.768s] Compiling '/home/azthorax/fra333_ws/install/lab1_interfaces/lib/python3.8/site-packages/lab1_interfaces/__init__.py'...
[8.790s] -- Installing: /home/azthorax/fra333_ws/install/lab1_interfaces/share/lab1_interfaces/cmake/lab1_interfaces__rosidl_generator_cExport.cmake
[8.790s] -- Installing: /home/azthorax/fra333_ws/install/lab1_interfaces/share/lab1_interfaces/cmake/lab1_interfaces__rosidl_generator_cExport-noconfig.cmake
[8.790s] -- Installing: /home/azthorax/fra333_ws/install/lab1_interfaces/share/lab1_interfaces/cmake/lab1_interfaces__rosidl_typesupport_introspection_cExport.cmake
[8.790s] -- Installing: /home/azthorax/fra333_ws/install/lab1_interfaces/share/lab1_interfaces/cmake/lab1_interfaces__rosidl_typesupport_introspection_cExport-noconfig.cmake
[8.791s] -- Installing: /home/azthorax/fra333_ws/install/lab1_interfaces/share/lab1_interfaces/cmake/lab1_interfaces__rosidl_typesupport_cExport.cmake
[8.791s] -- Installing: /home/azthorax/fra333_ws/install/lab1_interfaces/share/lab1_interfaces/cmake/lab1_interfaces__rosidl_typesupport_cExport-noconfig.cmake
[8.791s] -- Installing: /home/azthorax/fra333_ws/install/lab1_interfaces/share/lab1_interfaces/cmake/lab1_interfaces__rosidl_generator_cppExport.cmake
[8.791s] -- Installing: /home/azthorax/fra333_ws/install/lab1_interfaces/share/lab1_interfaces/cmake/lab1_interfaces__rosidl_typesupport_introspection_cppExport.cmake
[8.792s] -- Installing: /home/azthorax/fra333_ws/install/lab1_interfaces/share/lab1_interfaces/cmake/lab1_interfaces__rosidl_typesupport_introspection_cppExport-noconfig.cmake
[8.793s] -- Installing: /home/azthorax/fra333_ws/install/lab1_interfaces/share/lab1_interfaces/cmake/lab1_interfaces__rosidl_typesupport_cppExport.cmake
[8.793s] -- Installing: /home/azthorax/fra333_ws/install/lab1_interfaces/share/lab1_interfaces/cmake/lab1_interfaces__rosidl_typesupport_cppExport-noconfig.cmake
[8.804s] Invoked command in '/home/azthorax/fra333_ws/build/lab1_interfaces' returned '0': CMAKE_PREFIX_PATH=/opt/ros/foxy /usr/bin/cmake --install /home/azthorax/fra333_ws/build/lab1_interfaces
