[0.105s] Invoking command in '/home/azthorax/fra333_ws/build/cocoa_kinematics_interfaces': CMAKE_PREFIX_PATH=${CMAKE_PREFIX_PATH}:/opt/ros/foxy /usr/bin/cmake --build /home/azthorax/fra333_ws/build/cocoa_kinematics_interfaces -- -j12 -l12
[0.175s] [  2%] Built target cocoa_kinematics_interfaces__cpp
[0.208s] [ 12%] Built target cocoa_kinematics_interfaces__rosidl_generator_c
[0.217s] [ 23%] Built target cocoa_kinematics_interfaces__rosidl_typesupport_introspection_cpp
[0.236s] [ 33%] Built target cocoa_kinematics_interfaces__rosidl_typesupport_fastrtps_cpp
[0.250s] [ 43%] Built target cocoa_kinematics_interfaces__rosidl_typesupport_cpp
[0.279s] [ 53%] Built target cocoa_kinematics_interfaces__rosidl_typesupport_introspection_c
[0.279s] [ 64%] Built target cocoa_kinematics_interfaces__rosidl_typesupport_c
[0.312s] [ 74%] Built target cocoa_kinematics_interfaces__rosidl_typesupport_fastrtps_c
[0.400s] [ 74%] Built target cocoa_kinematics_interfaces
[0.435s] [ 76%] Built target cocoa_kinematics_interfaces__py
[0.467s] [ 84%] Built target cocoa_kinematics_interfaces__python
[0.535s] [ 89%] Built target cocoa_kinematics_interfaces__rosidl_typesupport_c__pyext
[0.536s] [ 94%] Built target cocoa_kinematics_interfaces__rosidl_typesupport_introspection_c__pyext
[0.544s] [100%] Built target cocoa_kinematics_interfaces__rosidl_typesupport_fastrtps_c__pyext
[0.632s] Invoked command in '/home/azthorax/fra333_ws/build/cocoa_kinematics_interfaces' returned '0': CMAKE_PREFIX_PATH=${CMAKE_PREFIX_PATH}:/opt/ros/foxy /usr/bin/cmake --build /home/azthorax/fra333_ws/build/cocoa_kinematics_interfaces -- -j12 -l12
[0.722s] Invoking command in '/home/azthorax/fra333_ws/build/cocoa_kinematics_interfaces': CMAKE_PREFIX_PATH=${CMAKE_PREFIX_PATH}:/opt/ros/foxy /usr/bin/cmake --install /home/azthorax/fra333_ws/build/cocoa_kinematics_interfaces
[0.734s] -- Install configuration: ""
[0.735s] -- Execute custom install script
[0.736s] -- Up-to-date symlink: /home/azthorax/fra333_ws/install/cocoa_kinematics_interfaces/share/ament_index/resource_index/rosidl_interfaces/cocoa_kinematics_interfaces
[0.736s] -- Up-to-date symlink: /home/azthorax/fra333_ws/install/cocoa_kinematics_interfaces/include/cocoa_kinematics_interfaces/msg/rosidl_generator_c__visibility_control.h
[0.737s] -- Up-to-date symlink: /home/azthorax/fra333_ws/install/cocoa_kinematics_interfaces/include/cocoa_kinematics_interfaces/srv/cocoa_fk.h
[0.737s] -- Up-to-date symlink: /home/azthorax/fra333_ws/install/cocoa_kinematics_interfaces/include/cocoa_kinematics_interfaces/srv/detail/cocoa_fk__functions.h
[0.737s] -- Up-to-date symlink: /home/azthorax/fra333_ws/install/cocoa_kinematics_interfaces/include/cocoa_kinematics_interfaces/srv/detail/cocoa_fk__struct.h
[0.737s] -- Up-to-date symlink: /home/azthorax/fra333_ws/install/cocoa_kinematics_interfaces/include/cocoa_kinematics_interfaces/srv/detail/cocoa_fk__type_support.h
[0.737s] -- Up-to-date symlink: /home/azthorax/fra333_ws/install/cocoa_kinematics_interfaces/include/cocoa_kinematics_interfaces/srv/detail/solve_ik__functions.h
[0.738s] -- Up-to-date symlink: /home/azthorax/fra333_ws/install/cocoa_kinematics_interfaces/include/cocoa_kinematics_interfaces/srv/detail/solve_ik__struct.h
[0.738s] -- Up-to-date symlink: /home/azthorax/fra333_ws/install/cocoa_kinematics_interfaces/include/cocoa_kinematics_interfaces/srv/detail/solve_ik__type_support.h
[0.738s] -- Up-to-date symlink: /home/azthorax/fra333_ws/install/cocoa_kinematics_interfaces/include/cocoa_kinematics_interfaces/srv/solve_ik.h
[0.738s] -- Up-to-date symlink: /home/azthorax/fra333_ws/install/cocoa_kinematics_interfaces/share/cocoa_kinematics_interfaces/environment/library_path.sh
[0.739s] -- Up-to-date symlink: /home/azthorax/fra333_ws/install/cocoa_kinematics_interfaces/share/cocoa_kinematics_interfaces/environment/library_path.dsv
[0.739s] -- Up-to-date symlink: /home/azthorax/fra333_ws/install/cocoa_kinematics_interfaces/include/cocoa_kinematics_interfaces/msg/rosidl_typesupport_fastrtps_c__visibility_control.h
[0.739s] -- Up-to-date symlink: /home/azthorax/fra333_ws/install/cocoa_kinematics_interfaces/include/cocoa_kinematics_interfaces/srv/detail/cocoa_fk__rosidl_typesupport_fastrtps_c.h
[0.740s] -- Up-to-date symlink: /home/azthorax/fra333_ws/install/cocoa_kinematics_interfaces/include/cocoa_kinematics_interfaces/srv/detail/solve_ik__rosidl_typesupport_fastrtps_c.h
[0.741s] -- Up-to-date symlink: /home/azthorax/fra333_ws/install/cocoa_kinematics_interfaces/lib/libcocoa_kinematics_interfaces__rosidl_typesupport_fastrtps_c.so
[0.741s] -- Up-to-date symlink: /home/azthorax/fra333_ws/install/cocoa_kinematics_interfaces/include/cocoa_kinematics_interfaces/msg/rosidl_typesupport_fastrtps_cpp__visibility_control.h
[0.742s] -- Up-to-date symlink: /home/azthorax/fra333_ws/install/cocoa_kinematics_interfaces/include/cocoa_kinematics_interfaces/srv/detail/cocoa_fk__rosidl_typesupport_fastrtps_cpp.hpp
[0.742s] -- Up-to-date symlink: /home/azthorax/fra333_ws/install/cocoa_kinematics_interfaces/include/cocoa_kinematics_interfaces/srv/detail/solve_ik__rosidl_typesupport_fastrtps_cpp.hpp
[0.742s] -- Up-to-date symlink: /home/azthorax/fra333_ws/install/cocoa_kinematics_interfaces/lib/libcocoa_kinematics_interfaces__rosidl_typesupport_fastrtps_cpp.so
[0.743s] -- Up-to-date symlink: /home/azthorax/fra333_ws/install/cocoa_kinematics_interfaces/include/cocoa_kinematics_interfaces/msg/rosidl_typesupport_introspection_c__visibility_control.h
[0.743s] -- Up-to-date symlink: /home/azthorax/fra333_ws/install/cocoa_kinematics_interfaces/include/cocoa_kinematics_interfaces/srv/detail/cocoa_fk__rosidl_typesupport_introspection_c.h
[0.743s] -- Up-to-date symlink: /home/azthorax/fra333_ws/install/cocoa_kinematics_interfaces/include/cocoa_kinematics_interfaces/srv/detail/solve_ik__rosidl_typesupport_introspection_c.h
[0.744s] -- Up-to-date symlink: /home/azthorax/fra333_ws/install/cocoa_kinematics_interfaces/include/cocoa_kinematics_interfaces/srv/cocoa_fk.hpp
[0.744s] -- Up-to-date symlink: /home/azthorax/fra333_ws/install/cocoa_kinematics_interfaces/include/cocoa_kinematics_interfaces/srv/detail/cocoa_fk__builder.hpp
[0.744s] -- Up-to-date symlink: /home/azthorax/fra333_ws/install/cocoa_kinematics_interfaces/include/cocoa_kinematics_interfaces/srv/detail/cocoa_fk__struct.hpp
[0.744s] -- Up-to-date symlink: /home/azthorax/fra333_ws/install/cocoa_kinematics_interfaces/include/cocoa_kinematics_interfaces/srv/detail/cocoa_fk__traits.hpp
[0.744s] -- Up-to-date symlink: /home/azthorax/fra333_ws/install/cocoa_kinematics_interfaces/include/cocoa_kinematics_interfaces/srv/detail/solve_ik__builder.hpp
[0.745s] -- Up-to-date symlink: /home/azthorax/fra333_ws/install/cocoa_kinematics_interfaces/include/cocoa_kinematics_interfaces/srv/detail/solve_ik__struct.hpp
[0.745s] -- Up-to-date symlink: /home/azthorax/fra333_ws/install/cocoa_kinematics_interfaces/include/cocoa_kinematics_interfaces/srv/detail/solve_ik__traits.hpp
[0.745s] -- Up-to-date symlink: /home/azthorax/fra333_ws/install/cocoa_kinematics_interfaces/include/cocoa_kinematics_interfaces/srv/solve_ik.hpp
[0.745s] -- Up-to-date symlink: /home/azthorax/fra333_ws/install/cocoa_kinematics_interfaces/include/cocoa_kinematics_interfaces/srv/detail/cocoa_fk__rosidl_typesupport_introspection_cpp.hpp
[0.746s] -- Up-to-date symlink: /home/azthorax/fra333_ws/install/cocoa_kinematics_interfaces/include/cocoa_kinematics_interfaces/srv/detail/solve_ik__rosidl_typesupport_introspection_cpp.hpp
[0.746s] -- Up-to-date symlink: /home/azthorax/fra333_ws/install/cocoa_kinematics_interfaces/share/cocoa_kinematics_interfaces/environment/pythonpath.sh
[0.747s] -- Up-to-date symlink: /home/azthorax/fra333_ws/install/cocoa_kinematics_interfaces/share/cocoa_kinematics_interfaces/environment/pythonpath.dsv
[0.747s] -- Up-to-date symlink: /home/azthorax/fra333_ws/install/cocoa_kinematics_interfaces/lib/python3.8/site-packages/cocoa_kinematics_interfaces/__init__.py
[0.748s] -- Up-to-date symlink: /home/azthorax/fra333_ws/install/cocoa_kinematics_interfaces/lib/python3.8/site-packages/cocoa_kinematics_interfaces/srv/__init__.py
[0.748s] -- Up-to-date symlink: /home/azthorax/fra333_ws/install/cocoa_kinematics_interfaces/lib/python3.8/site-packages/cocoa_kinematics_interfaces/srv/_cocoa_fk.py
[0.748s] -- Up-to-date symlink: /home/azthorax/fra333_ws/install/cocoa_kinematics_interfaces/lib/python3.8/site-packages/cocoa_kinematics_interfaces/srv/_solve_ik.py
[0.749s] -- Up-to-date symlink: /home/azthorax/fra333_ws/install/cocoa_kinematics_interfaces/lib/python3.8/site-packages/cocoa_kinematics_interfaces/cocoa_kinematics_interfaces_s__rosidl_typesupport_fastrtps_c.cpython-38-x86_64-linux-gnu.so
[0.750s] -- Up-to-date symlink: /home/azthorax/fra333_ws/install/cocoa_kinematics_interfaces/lib/python3.8/site-packages/cocoa_kinematics_interfaces/cocoa_kinematics_interfaces_s__rosidl_typesupport_introspection_c.cpython-38-x86_64-linux-gnu.so
[0.751s] -- Up-to-date symlink: /home/azthorax/fra333_ws/install/cocoa_kinematics_interfaces/lib/python3.8/site-packages/cocoa_kinematics_interfaces/cocoa_kinematics_interfaces_s__rosidl_typesupport_c.cpython-38-x86_64-linux-gnu.so
[0.751s] -- Up-to-date symlink: /home/azthorax/fra333_ws/install/cocoa_kinematics_interfaces/lib/libcocoa_kinematics_interfaces__python.so
[0.752s] -- Up-to-date symlink: /home/azthorax/fra333_ws/install/cocoa_kinematics_interfaces/share/cocoa_kinematics_interfaces/srv/SolveIK.idl
[0.752s] -- Up-to-date symlink: /home/azthorax/fra333_ws/install/cocoa_kinematics_interfaces/share/cocoa_kinematics_interfaces/srv/CocoaFK.idl
[0.752s] -- Up-to-date symlink: /home/azthorax/fra333_ws/install/cocoa_kinematics_interfaces/share/cocoa_kinematics_interfaces/srv/SolveIK.srv
[0.752s] -- Up-to-date symlink: /home/azthorax/fra333_ws/install/cocoa_kinematics_interfaces/share/cocoa_kinematics_interfaces/srv/SolveIK_Request.msg
[0.752s] -- Up-to-date symlink: /home/azthorax/fra333_ws/install/cocoa_kinematics_interfaces/share/cocoa_kinematics_interfaces/srv/SolveIK_Response.msg
[0.753s] -- Up-to-date symlink: /home/azthorax/fra333_ws/install/cocoa_kinematics_interfaces/share/cocoa_kinematics_interfaces/srv/CocoaFK.srv
[0.753s] -- Up-to-date symlink: /home/azthorax/fra333_ws/install/cocoa_kinematics_interfaces/share/cocoa_kinematics_interfaces/srv/CocoaFK_Request.msg
[0.753s] -- Up-to-date symlink: /home/azthorax/fra333_ws/install/cocoa_kinematics_interfaces/share/cocoa_kinematics_interfaces/srv/CocoaFK_Response.msg
[0.753s] -- Up-to-date symlink: /home/azthorax/fra333_ws/install/cocoa_kinematics_interfaces/share/ament_index/resource_index/package_run_dependencies/cocoa_kinematics_interfaces
[0.754s] -- Up-to-date symlink: /home/azthorax/fra333_ws/install/cocoa_kinematics_interfaces/share/ament_index/resource_index/parent_prefix_path/cocoa_kinematics_interfaces
[0.754s] -- Up-to-date symlink: /home/azthorax/fra333_ws/install/cocoa_kinematics_interfaces/share/cocoa_kinematics_interfaces/environment/ament_prefix_path.sh
[0.755s] -- Up-to-date symlink: /home/azthorax/fra333_ws/install/cocoa_kinematics_interfaces/share/cocoa_kinematics_interfaces/environment/ament_prefix_path.dsv
[0.756s] -- Up-to-date symlink: /home/azthorax/fra333_ws/install/cocoa_kinematics_interfaces/share/cocoa_kinematics_interfaces/environment/path.sh
[0.756s] -- Up-to-date symlink: /home/azthorax/fra333_ws/install/cocoa_kinematics_interfaces/share/cocoa_kinematics_interfaces/environment/path.dsv
[0.757s] -- Up-to-date symlink: /home/azthorax/fra333_ws/install/cocoa_kinematics_interfaces/share/cocoa_kinematics_interfaces/local_setup.bash
[0.757s] -- Up-to-date symlink: /home/azthorax/fra333_ws/install/cocoa_kinematics_interfaces/share/cocoa_kinematics_interfaces/local_setup.sh
[0.758s] -- Up-to-date symlink: /home/azthorax/fra333_ws/install/cocoa_kinematics_interfaces/share/cocoa_kinematics_interfaces/local_setup.zsh
[0.758s] -- Up-to-date symlink: /home/azthorax/fra333_ws/install/cocoa_kinematics_interfaces/share/cocoa_kinematics_interfaces/local_setup.dsv
[0.758s] -- Symlinking: /home/azthorax/fra333_ws/install/cocoa_kinematics_interfaces/share/cocoa_kinematics_interfaces/package.dsv
[0.768s] -- Up-to-date symlink: /home/azthorax/fra333_ws/install/cocoa_kinematics_interfaces/share/ament_index/resource_index/packages/cocoa_kinematics_interfaces
[0.769s] -- Up-to-date symlink: /home/azthorax/fra333_ws/install/cocoa_kinematics_interfaces/share/cocoa_kinematics_interfaces/cmake/rosidl_cmake-extras.cmake
[0.770s] -- Up-to-date symlink: /home/azthorax/fra333_ws/install/cocoa_kinematics_interfaces/share/cocoa_kinematics_interfaces/cmake/ament_cmake_export_dependencies-extras.cmake
[0.770s] -- Up-to-date symlink: /home/azthorax/fra333_ws/install/cocoa_kinematics_interfaces/share/cocoa_kinematics_interfaces/cmake/ament_cmake_export_libraries-extras.cmake
[0.770s] -- Up-to-date symlink: /home/azthorax/fra333_ws/install/cocoa_kinematics_interfaces/share/cocoa_kinematics_interfaces/cmake/ament_cmake_export_targets-extras.cmake
[0.770s] -- Up-to-date symlink: /home/azthorax/fra333_ws/install/cocoa_kinematics_interfaces/share/cocoa_kinematics_interfaces/cmake/ament_cmake_export_include_directories-extras.cmake
[0.770s] -- Up-to-date symlink: /home/azthorax/fra333_ws/install/cocoa_kinematics_interfaces/share/cocoa_kinematics_interfaces/cmake/rosidl_cmake_export_typesupport_libraries-extras.cmake
[0.770s] -- Up-to-date symlink: /home/azthorax/fra333_ws/install/cocoa_kinematics_interfaces/share/cocoa_kinematics_interfaces/cmake/rosidl_cmake_export_typesupport_targets-extras.cmake
[0.771s] -- Up-to-date symlink: /home/azthorax/fra333_ws/install/cocoa_kinematics_interfaces/share/cocoa_kinematics_interfaces/cmake/cocoa_kinematics_interfacesConfig.cmake
[0.771s] -- Up-to-date symlink: /home/azthorax/fra333_ws/install/cocoa_kinematics_interfaces/share/cocoa_kinematics_interfaces/cmake/cocoa_kinematics_interfacesConfig-version.cmake
[0.771s] -- Up-to-date symlink: /home/azthorax/fra333_ws/install/cocoa_kinematics_interfaces/share/cocoa_kinematics_interfaces/package.xml
[0.774s] -- Up-to-date: /home/azthorax/fra333_ws/install/cocoa_kinematics_interfaces/lib/libcocoa_kinematics_interfaces__rosidl_generator_c.so
[0.775s] -- Up-to-date: /home/azthorax/fra333_ws/install/cocoa_kinematics_interfaces/lib/libcocoa_kinematics_interfaces__rosidl_typesupport_introspection_c.so
[0.776s] -- Up-to-date: /home/azthorax/fra333_ws/install/cocoa_kinematics_interfaces/lib/libcocoa_kinematics_interfaces__rosidl_typesupport_c.so
[0.776s] -- Up-to-date: /home/azthorax/fra333_ws/install/cocoa_kinematics_interfaces/lib/libcocoa_kinematics_interfaces__rosidl_typesupport_introspection_cpp.so
[0.777s] -- Up-to-date: /home/azthorax/fra333_ws/install/cocoa_kinematics_interfaces/lib/libcocoa_kinematics_interfaces__rosidl_typesupport_cpp.so
[0.837s] -- Up-to-date: /home/azthorax/fra333_ws/install/cocoa_kinematics_interfaces/share/cocoa_kinematics_interfaces/cmake/cocoa_kinematics_interfaces__rosidl_generator_cExport.cmake
[0.837s] -- Up-to-date: /home/azthorax/fra333_ws/install/cocoa_kinematics_interfaces/share/cocoa_kinematics_interfaces/cmake/cocoa_kinematics_interfaces__rosidl_generator_cExport-noconfig.cmake
[0.838s] -- Up-to-date: /home/azthorax/fra333_ws/install/cocoa_kinematics_interfaces/share/cocoa_kinematics_interfaces/cmake/cocoa_kinematics_interfaces__rosidl_typesupport_introspection_cExport.cmake
[0.838s] -- Up-to-date: /home/azthorax/fra333_ws/install/cocoa_kinematics_interfaces/share/cocoa_kinematics_interfaces/cmake/cocoa_kinematics_interfaces__rosidl_typesupport_introspection_cExport-noconfig.cmake
[0.838s] -- Up-to-date: /home/azthorax/fra333_ws/install/cocoa_kinematics_interfaces/share/cocoa_kinematics_interfaces/cmake/cocoa_kinematics_interfaces__rosidl_typesupport_cExport.cmake
[0.838s] -- Up-to-date: /home/azthorax/fra333_ws/install/cocoa_kinematics_interfaces/share/cocoa_kinematics_interfaces/cmake/cocoa_kinematics_interfaces__rosidl_typesupport_cExport-noconfig.cmake
[0.838s] -- Up-to-date: /home/azthorax/fra333_ws/install/cocoa_kinematics_interfaces/share/cocoa_kinematics_interfaces/cmake/cocoa_kinematics_interfaces__rosidl_generator_cppExport.cmake
[0.838s] -- Up-to-date: /home/azthorax/fra333_ws/install/cocoa_kinematics_interfaces/share/cocoa_kinematics_interfaces/cmake/cocoa_kinematics_interfaces__rosidl_typesupport_introspection_cppExport.cmake
[0.839s] -- Up-to-date: /home/azthorax/fra333_ws/install/cocoa_kinematics_interfaces/share/cocoa_kinematics_interfaces/cmake/cocoa_kinematics_interfaces__rosidl_typesupport_introspection_cppExport-noconfig.cmake
[0.840s] -- Up-to-date: /home/azthorax/fra333_ws/install/cocoa_kinematics_interfaces/share/cocoa_kinematics_interfaces/cmake/cocoa_kinematics_interfaces__rosidl_typesupport_cppExport.cmake
[0.840s] -- Up-to-date: /home/azthorax/fra333_ws/install/cocoa_kinematics_interfaces/share/cocoa_kinematics_interfaces/cmake/cocoa_kinematics_interfaces__rosidl_typesupport_cppExport-noconfig.cmake
[0.876s] Invoked command in '/home/azthorax/fra333_ws/build/cocoa_kinematics_interfaces' returned '0': CMAKE_PREFIX_PATH=${CMAKE_PREFIX_PATH}:/opt/ros/foxy /usr/bin/cmake --install /home/azthorax/fra333_ws/build/cocoa_kinematics_interfaces
