[0.063s] Invoking command in '/home/azthorax/fra333_ws/build/xicro_pkg': CMAKE_PREFIX_PATH=/opt/ros/foxy /usr/bin/cmake /home/azthorax/fra333_ws/src/Xicro/xicro_pkg -DAMENT_CMAKE_SYMLINK_INSTALL=1 -DCMAKE_INSTALL_PREFIX=/home/azthorax/fra333_ws/install/xicro_pkg
[2.176s] -- The C compiler identification is GNU 9.4.0
[2.177s] -- The CXX compiler identification is GNU 9.4.0
[2.177s] -- Check for working C compiler: /usr/bin/cc
[2.177s] -- Check for working C compiler: /usr/bin/cc -- works
[2.177s] -- Detecting C compiler ABI info
[2.177s] -- Detecting C compiler ABI info - done
[2.177s] -- Detecting C compile features
[2.177s] -- Detecting C compile features - done
[2.177s] -- Check for working CXX compiler: /usr/bin/c++
[2.177s] -- Check for working CXX compiler: /usr/bin/c++ -- works
[2.177s] -- Detecting CXX compiler ABI info
[2.177s] -- Detecting CXX compiler ABI info - done
[2.178s] -- Detecting CXX compile features
[2.178s] -- Detecting CXX compile features - done
[2.178s] -- Found ament_cmake: 0.9.11 (/opt/ros/foxy/share/ament_cmake/cmake)
[2.178s] -- Found PythonInterp: /usr/bin/python3 (found suitable version "3.8.10", minimum required is "3") 
[2.178s] -- Using PYTHON_EXECUTABLE: /usr/bin/python3
[2.178s] -- Override CMake install command with custom implementation using symlinks instead of copying resources
[2.178s] -- Found rclcpp: 2.4.2 (/opt/ros/foxy/share/rclcpp/cmake)
[2.178s] -- Using all available rosidl_typesupport_c: rosidl_typesupport_fastrtps_c;rosidl_typesupport_introspection_c
[2.178s] -- Found rosidl_adapter: 1.3.0 (/opt/ros/foxy/share/rosidl_adapter/cmake)
[2.178s] -- Found OpenSSL: /usr/lib/x86_64-linux-gnu/libcrypto.so (found version "1.1.1f")  
[2.179s] -- Found FastRTPS: /opt/ros/foxy/include  
[2.179s] -- Using all available rosidl_typesupport_cpp: rosidl_typesupport_fastrtps_cpp;rosidl_typesupport_introspection_cpp
[2.179s] -- Found rmw_implementation_cmake: 1.0.3 (/opt/ros/foxy/share/rmw_implementation_cmake/cmake)
[2.179s] -- Using RMW implementation 'rmw_fastrtps_cpp' as default
[2.179s] -- Looking for pthread.h
[2.179s] -- Looking for pthread.h - found
[2.179s] -- Performing Test CMAKE_HAVE_LIBC_PTHREAD
[2.179s] -- Performing Test CMAKE_HAVE_LIBC_PTHREAD - Failed
[2.179s] -- Looking for pthread_create in pthreads
[2.179s] -- Looking for pthread_create in pthreads - not found
[2.179s] -- Looking for pthread_create in pthread
[2.179s] -- Looking for pthread_create in pthread - found
[2.179s] -- Found Threads: TRUE  
[2.179s] -- Found rclpy: 1.0.11 (/opt/ros/foxy/share/rclpy/cmake)
[2.181s] -- Configuring done
[2.181s] -- Generating done
[2.183s] -- Build files have been written to: /home/azthorax/fra333_ws/build/xicro_pkg
[2.200s] Invoked command in '/home/azthorax/fra333_ws/build/xicro_pkg' returned '0': CMAKE_PREFIX_PATH=/opt/ros/foxy /usr/bin/cmake /home/azthorax/fra333_ws/src/Xicro/xicro_pkg -DAMENT_CMAKE_SYMLINK_INSTALL=1 -DCMAKE_INSTALL_PREFIX=/home/azthorax/fra333_ws/install/xicro_pkg
[2.203s] Invoking command in '/home/azthorax/fra333_ws/build/xicro_pkg': CMAKE_PREFIX_PATH=/opt/ros/foxy /usr/bin/cmake --build /home/azthorax/fra333_ws/build/xicro_pkg -- -j12 -l12
[2.249s] Invoked command in '/home/azthorax/fra333_ws/build/xicro_pkg' returned '0': CMAKE_PREFIX_PATH=/opt/ros/foxy /usr/bin/cmake --build /home/azthorax/fra333_ws/build/xicro_pkg -- -j12 -l12
[2.298s] Invoking command in '/home/azthorax/fra333_ws/build/xicro_pkg': CMAKE_PREFIX_PATH=/opt/ros/foxy /usr/bin/cmake --install /home/azthorax/fra333_ws/build/xicro_pkg
[2.311s] -- Install configuration: ""
[2.312s] -- Execute custom install script
[2.313s] -- Symlinking: /home/azthorax/fra333_ws/install/xicro_pkg/share/xicro_pkg/environment/pythonpath.sh
[2.324s] -- Symlinking: /home/azthorax/fra333_ws/install/xicro_pkg/share/xicro_pkg/environment/pythonpath.dsv
[2.337s] -- Symlinking: /home/azthorax/fra333_ws/install/xicro_pkg/lib/python3.8/site-packages/xicro_pkg/__init__.py
[2.349s] -- Symlinking: /home/azthorax/fra333_ws/install/xicro_pkg/lib/xicro_pkg/gui_xicro.py
[2.360s] -- Symlinking: /home/azthorax/fra333_ws/install/xicro_pkg/lib/xicro_pkg/generate_library.py
[2.372s] -- Symlinking: /home/azthorax/fra333_ws/install/xicro_pkg/lib/xicro_pkg/generate_xicro_node.py
[2.384s] -- Symlinking: /home/azthorax/fra333_ws/install/xicro_pkg/lib/xicro_pkg/fake_Imu_node.py
[2.393s] -- Symlinking: /home/azthorax/fra333_ws/install/xicro_pkg/lib/xicro_pkg/xicro_node_read_imu_ID_3_arduino.py
[2.404s] -- Symlinking: /home/azthorax/fra333_ws/install/xicro_pkg/share/xicro_pkg/config/.Xicro_node_preSetup.txt
[2.415s] -- Symlinking: /home/azthorax/fra333_ws/install/xicro_pkg/share/xicro_pkg/config/.arduino_cpp_preSetup.txt
[2.427s] -- Symlinking: /home/azthorax/fra333_ws/install/xicro_pkg/share/xicro_pkg/config/.arduino_h_preSetup.txt
[2.438s] -- Symlinking: /home/azthorax/fra333_ws/install/xicro_pkg/share/xicro_pkg/config/.stm32_cpp_preSetup.txt
[2.452s] -- Symlinking: /home/azthorax/fra333_ws/install/xicro_pkg/share/xicro_pkg/config/.stm32_h_preSetup.txt
[2.463s] -- Symlinking: /home/azthorax/fra333_ws/install/xicro_pkg/share/xicro_pkg/config/setup_xicro.yaml
[2.478s] -- Symlinking: /home/azthorax/fra333_ws/install/xicro_pkg/share/ament_index/resource_index/package_run_dependencies/xicro_pkg
[2.488s] -- Symlinking: /home/azthorax/fra333_ws/install/xicro_pkg/share/ament_index/resource_index/parent_prefix_path/xicro_pkg
[2.502s] -- Symlinking: /home/azthorax/fra333_ws/install/xicro_pkg/share/xicro_pkg/environment/ament_prefix_path.sh
[2.511s] -- Symlinking: /home/azthorax/fra333_ws/install/xicro_pkg/share/xicro_pkg/environment/ament_prefix_path.dsv
[2.525s] -- Symlinking: /home/azthorax/fra333_ws/install/xicro_pkg/share/xicro_pkg/environment/path.sh
[2.536s] -- Symlinking: /home/azthorax/fra333_ws/install/xicro_pkg/share/xicro_pkg/environment/path.dsv
[2.546s] -- Symlinking: /home/azthorax/fra333_ws/install/xicro_pkg/share/xicro_pkg/local_setup.bash
[2.557s] -- Symlinking: /home/azthorax/fra333_ws/install/xicro_pkg/share/xicro_pkg/local_setup.sh
[2.568s] -- Symlinking: /home/azthorax/fra333_ws/install/xicro_pkg/share/xicro_pkg/local_setup.zsh
[2.580s] -- Symlinking: /home/azthorax/fra333_ws/install/xicro_pkg/share/xicro_pkg/local_setup.dsv
[2.595s] -- Symlinking: /home/azthorax/fra333_ws/install/xicro_pkg/share/xicro_pkg/package.dsv
[2.618s] -- Symlinking: /home/azthorax/fra333_ws/install/xicro_pkg/share/ament_index/resource_index/packages/xicro_pkg
[2.624s] -- Symlinking: /home/azthorax/fra333_ws/install/xicro_pkg/share/xicro_pkg/cmake/xicro_pkgConfig.cmake
[2.635s] -- Symlinking: /home/azthorax/fra333_ws/install/xicro_pkg/share/xicro_pkg/cmake/xicro_pkgConfig-version.cmake
[2.646s] -- Symlinking: /home/azthorax/fra333_ws/install/xicro_pkg/share/xicro_pkg/package.xml
[2.700s] Listing '/home/azthorax/fra333_ws/install/xicro_pkg/lib/python3.8/site-packages/xicro_pkg'...
[2.700s] Compiling '/home/azthorax/fra333_ws/install/xicro_pkg/lib/python3.8/site-packages/xicro_pkg/__init__.py'...
[2.761s] Invoked command in '/home/azthorax/fra333_ws/build/xicro_pkg' returned '0': CMAKE_PREFIX_PATH=/opt/ros/foxy /usr/bin/cmake --install /home/azthorax/fra333_ws/build/xicro_pkg
