[0.093s] Invoking command in '/home/azthorax/fra333_ws/build/cocoav_kinematics': CMAKE_PREFIX_PATH=${CMAKE_PREFIX_PATH}:/opt/ros/foxy /usr/bin/cmake --build /home/azthorax/fra333_ws/build/cocoav_kinematics -- -j12 -l12
[0.137s] -- Found ament_cmake: 0.9.11 (/opt/ros/foxy/share/ament_cmake/cmake)
[0.184s] -- Using PYTHON_EXECUTABLE: /usr/bin/python3
[0.532s] -- Override CMake install command with custom implementation using symlinks instead of copying resources
[0.555s] -- Found rclcpp: 2.4.2 (/opt/ros/foxy/share/rclcpp/cmake)
[0.610s] -- Using all available rosidl_typesupport_c: rosidl_typesupport_fastrtps_c;rosidl_typesupport_introspection_c
[0.613s] -- Found rosidl_adapter: 1.3.0 (/opt/ros/foxy/share/rosidl_adapter/cmake)
[0.770s] -- Using all available rosidl_typesupport_cpp: rosidl_typesupport_fastrtps_cpp;rosidl_typesupport_introspection_cpp
[0.848s] -- Found rmw_implementation_cmake: 1.0.3 (/opt/ros/foxy/share/rmw_implementation_cmake/cmake)
[0.853s] -- Using RMW implementation 'rmw_fastrtps_cpp' as default
[1.053s] -- Found rclpy: 1.0.11 (/opt/ros/foxy/share/rclpy/cmake)
[1.145s] -- Configuring done
[1.149s] -- Generating done
[1.150s] -- Build files have been written to: /home/azthorax/fra333_ws/build/cocoav_kinematics
[1.183s] Invoked command in '/home/azthorax/fra333_ws/build/cocoav_kinematics' returned '0': CMAKE_PREFIX_PATH=${CMAKE_PREFIX_PATH}:/opt/ros/foxy /usr/bin/cmake --build /home/azthorax/fra333_ws/build/cocoav_kinematics -- -j12 -l12
[1.217s] Invoking command in '/home/azthorax/fra333_ws/build/cocoav_kinematics': CMAKE_PREFIX_PATH=${CMAKE_PREFIX_PATH}:/opt/ros/foxy /usr/bin/cmake --install /home/azthorax/fra333_ws/build/cocoav_kinematics
[1.226s] -- Install configuration: ""
[1.227s] -- Execute custom install script
[1.228s] -- Up-to-date symlink: /home/azthorax/fra333_ws/install/cocoav_kinematics/share/cocoav_kinematics/environment/pythonpath.sh
[1.228s] -- Up-to-date symlink: /home/azthorax/fra333_ws/install/cocoav_kinematics/share/cocoav_kinematics/environment/pythonpath.dsv
[1.228s] -- Up-to-date symlink: /home/azthorax/fra333_ws/install/cocoav_kinematics/lib/python3.8/site-packages/cocoav_kinematics/__init__.py
[1.228s] -- Up-to-date symlink: /home/azthorax/fra333_ws/install/cocoav_kinematics/lib/cocoav_kinematics/fk_ik_server.py
[1.228s] -- Up-to-date symlink: /home/azthorax/fra333_ws/install/cocoav_kinematics/lib/cocoav_kinematics/trajectory_gen.py
[1.228s] -- Up-to-date symlink: /home/azthorax/fra333_ws/install/cocoav_kinematics/lib/cocoav_kinematics/cocoav_imu_calibration.py
[1.229s] -- Up-to-date symlink: /home/azthorax/fra333_ws/install/cocoav_kinematics/lib/cocoav_kinematics/cocoav_trajectory_generator.py
[1.229s] -- Symlinking: /home/azthorax/fra333_ws/install/cocoav_kinematics/lib/cocoav_kinematics/cocoav_calibrator_findconfig.py
[1.234s] -- Up-to-date symlink: /home/azthorax/fra333_ws/install/cocoav_kinematics/lib/cocoav_kinematics/testnode.py
[1.234s] -- Up-to-date symlink: /home/azthorax/fra333_ws/install/cocoav_kinematics/share/cocoav_kinematics/launch/arduino_imu.launch.py
[1.234s] -- Up-to-date symlink: /home/azthorax/fra333_ws/install/cocoav_kinematics/share/cocoav_kinematics/launch/display_with_kinematic.launch.py
[1.234s] -- Up-to-date symlink: /home/azthorax/fra333_ws/install/cocoav_kinematics/share/ament_index/resource_index/package_run_dependencies/cocoav_kinematics
[1.235s] -- Up-to-date symlink: /home/azthorax/fra333_ws/install/cocoav_kinematics/share/ament_index/resource_index/parent_prefix_path/cocoav_kinematics
[1.235s] -- Up-to-date symlink: /home/azthorax/fra333_ws/install/cocoav_kinematics/share/cocoav_kinematics/environment/ament_prefix_path.sh
[1.235s] -- Up-to-date symlink: /home/azthorax/fra333_ws/install/cocoav_kinematics/share/cocoav_kinematics/environment/ament_prefix_path.dsv
[1.235s] -- Up-to-date symlink: /home/azthorax/fra333_ws/install/cocoav_kinematics/share/cocoav_kinematics/environment/path.sh
[1.235s] -- Up-to-date symlink: /home/azthorax/fra333_ws/install/cocoav_kinematics/share/cocoav_kinematics/environment/path.dsv
[1.235s] -- Up-to-date symlink: /home/azthorax/fra333_ws/install/cocoav_kinematics/share/cocoav_kinematics/local_setup.bash
[1.235s] -- Up-to-date symlink: /home/azthorax/fra333_ws/install/cocoav_kinematics/share/cocoav_kinematics/local_setup.sh
[1.235s] -- Up-to-date symlink: /home/azthorax/fra333_ws/install/cocoav_kinematics/share/cocoav_kinematics/local_setup.zsh
[1.235s] -- Up-to-date symlink: /home/azthorax/fra333_ws/install/cocoav_kinematics/share/cocoav_kinematics/local_setup.dsv
[1.236s] -- Symlinking: /home/azthorax/fra333_ws/install/cocoav_kinematics/share/cocoav_kinematics/package.dsv
[1.246s] -- Up-to-date symlink: /home/azthorax/fra333_ws/install/cocoav_kinematics/share/ament_index/resource_index/packages/cocoav_kinematics
[1.246s] -- Up-to-date symlink: /home/azthorax/fra333_ws/install/cocoav_kinematics/share/cocoav_kinematics/cmake/cocoav_kinematicsConfig.cmake
[1.247s] -- Up-to-date symlink: /home/azthorax/fra333_ws/install/cocoav_kinematics/share/cocoav_kinematics/cmake/cocoav_kinematicsConfig-version.cmake
[1.247s] -- Up-to-date symlink: /home/azthorax/fra333_ws/install/cocoav_kinematics/share/cocoav_kinematics/package.xml
[1.292s] Listing '/home/azthorax/fra333_ws/install/cocoav_kinematics/lib/python3.8/site-packages/cocoav_kinematics'...
[1.302s] Invoked command in '/home/azthorax/fra333_ws/build/cocoav_kinematics' returned '0': CMAKE_PREFIX_PATH=${CMAKE_PREFIX_PATH}:/opt/ros/foxy /usr/bin/cmake --install /home/azthorax/fra333_ws/build/cocoav_kinematics
