[0.054s] Invoking command in '/home/azthorax/fra333_ws/build/package_name': CMAKE_PREFIX_PATH=${CMAKE_PREFIX_PATH}:/opt/ros/foxy /usr/bin/cmake --build /home/azthorax/fra333_ws/build/package_name -- -j12 -l12
[0.116s] [100%] Built target cpp_node_test
[0.140s] Invoked command in '/home/azthorax/fra333_ws/build/package_name' returned '0': CMAKE_PREFIX_PATH=${CMAKE_PREFIX_PATH}:/opt/ros/foxy /usr/bin/cmake --build /home/azthorax/fra333_ws/build/package_name -- -j12 -l12
[0.161s] Invoking command in '/home/azthorax/fra333_ws/build/package_name': CMAKE_PREFIX_PATH=${CMAKE_PREFIX_PATH}:/opt/ros/foxy /usr/bin/cmake --install /home/azthorax/fra333_ws/build/package_name
[0.170s] -- Install configuration: ""
[0.170s] -- Up-to-date: /home/azthorax/fra333_ws/install/package_name/share/package_name/environment/pythonpath.sh
[0.170s] -- Up-to-date: /home/azthorax/fra333_ws/install/package_name/share/package_name/environment/pythonpath.dsv
[0.170s] -- Up-to-date: /home/azthorax/fra333_ws/install/package_name/lib/python3.8/site-packages/package_name
[0.170s] -- Up-to-date: /home/azthorax/fra333_ws/install/package_name/lib/python3.8/site-packages/package_name/__init__.py
[0.199s] Listing '/home/azthorax/fra333_ws/install/package_name/lib/python3.8/site-packages/package_name'...
[0.203s] -- Up-to-date: /home/azthorax/fra333_ws/install/package_name/lib/package_name/dummy.py
[0.203s] -- Up-to-date: /home/azthorax/fra333_ws/install/package_name/lib/package_name/cpp_node_test
[0.204s] -- Up-to-date: /home/azthorax/fra333_ws/install/package_name/share/package_name
[0.204s] -- Up-to-date: /home/azthorax/fra333_ws/install/package_name/share/ament_index/resource_index/package_run_dependencies/package_name
[0.204s] -- Up-to-date: /home/azthorax/fra333_ws/install/package_name/share/ament_index/resource_index/parent_prefix_path/package_name
[0.205s] -- Up-to-date: /home/azthorax/fra333_ws/install/package_name/share/package_name/environment/ament_prefix_path.sh
[0.206s] -- Up-to-date: /home/azthorax/fra333_ws/install/package_name/share/package_name/environment/ament_prefix_path.dsv
[0.207s] -- Up-to-date: /home/azthorax/fra333_ws/install/package_name/share/package_name/environment/path.sh
[0.207s] -- Up-to-date: /home/azthorax/fra333_ws/install/package_name/share/package_name/environment/path.dsv
[0.207s] -- Up-to-date: /home/azthorax/fra333_ws/install/package_name/share/package_name/local_setup.bash
[0.208s] -- Up-to-date: /home/azthorax/fra333_ws/install/package_name/share/package_name/local_setup.sh
[0.208s] -- Up-to-date: /home/azthorax/fra333_ws/install/package_name/share/package_name/local_setup.zsh
[0.208s] -- Up-to-date: /home/azthorax/fra333_ws/install/package_name/share/package_name/local_setup.dsv
[0.208s] -- Installing: /home/azthorax/fra333_ws/install/package_name/share/package_name/package.dsv
[0.208s] -- Up-to-date: /home/azthorax/fra333_ws/install/package_name/share/ament_index/resource_index/packages/package_name
[0.208s] -- Up-to-date: /home/azthorax/fra333_ws/install/package_name/share/package_name/cmake/package_nameConfig.cmake
[0.209s] -- Up-to-date: /home/azthorax/fra333_ws/install/package_name/share/package_name/cmake/package_nameConfig-version.cmake
[0.209s] -- Up-to-date: /home/azthorax/fra333_ws/install/package_name/share/package_name/package.xml
[0.258s] Invoked command in '/home/azthorax/fra333_ws/build/package_name' returned '0': CMAKE_PREFIX_PATH=${CMAKE_PREFIX_PATH}:/opt/ros/foxy /usr/bin/cmake --install /home/azthorax/fra333_ws/build/package_name
