[0.075s] Invoking command in '/home/azthorax/fra333_ws/build/cocoa_kinematics': CMAKE_PREFIX_PATH=${CMAKE_PREFIX_PATH}:/opt/ros/foxy /usr/bin/cmake --build /home/azthorax/fra333_ws/build/cocoa_kinematics -- -j12 -l12
[0.123s] Invoked command in '/home/azthorax/fra333_ws/build/cocoa_kinematics' returned '0': CMAKE_PREFIX_PATH=${CMAKE_PREFIX_PATH}:/opt/ros/foxy /usr/bin/cmake --build /home/azthorax/fra333_ws/build/cocoa_kinematics -- -j12 -l12
[0.160s] Invoking command in '/home/azthorax/fra333_ws/build/cocoa_kinematics': CMAKE_PREFIX_PATH=${CMAKE_PREFIX_PATH}:/opt/ros/foxy /usr/bin/cmake --install /home/azthorax/fra333_ws/build/cocoa_kinematics
[0.176s] -- Install configuration: ""
[0.177s] -- Execute custom install script
[0.177s] -- Up-to-date symlink: /home/azthorax/fra333_ws/install/cocoa_kinematics/share/cocoa_kinematics/environment/pythonpath.sh
[0.177s] -- Up-to-date symlink: /home/azthorax/fra333_ws/install/cocoa_kinematics/share/cocoa_kinematics/environment/pythonpath.dsv
[0.179s] -- Up-to-date symlink: /home/azthorax/fra333_ws/install/cocoa_kinematics/lib/python3.8/site-packages/cocoa_kinematics/__init__.py
[0.180s] -- Up-to-date symlink: /home/azthorax/fra333_ws/install/cocoa_kinematics/lib/python3.8/site-packages/cocoa_kinematics/cocoa_module.py
[0.180s] -- Up-to-date symlink: /home/azthorax/fra333_ws/install/cocoa_kinematics/lib/cocoa_kinematics/cocoa_script.py
[0.180s] -- Up-to-date symlink: /home/azthorax/fra333_ws/install/cocoa_kinematics/share/cocoa_kinematics/launch/display_with_kinematics_srv.launch.py
[0.181s] -- Up-to-date symlink: /home/azthorax/fra333_ws/install/cocoa_kinematics/share/ament_index/resource_index/package_run_dependencies/cocoa_kinematics
[0.181s] -- Up-to-date symlink: /home/azthorax/fra333_ws/install/cocoa_kinematics/share/ament_index/resource_index/parent_prefix_path/cocoa_kinematics
[0.181s] -- Up-to-date symlink: /home/azthorax/fra333_ws/install/cocoa_kinematics/share/cocoa_kinematics/environment/ament_prefix_path.sh
[0.181s] -- Up-to-date symlink: /home/azthorax/fra333_ws/install/cocoa_kinematics/share/cocoa_kinematics/environment/ament_prefix_path.dsv
[0.182s] -- Up-to-date symlink: /home/azthorax/fra333_ws/install/cocoa_kinematics/share/cocoa_kinematics/environment/path.sh
[0.183s] -- Up-to-date symlink: /home/azthorax/fra333_ws/install/cocoa_kinematics/share/cocoa_kinematics/environment/path.dsv
[0.183s] -- Up-to-date symlink: /home/azthorax/fra333_ws/install/cocoa_kinematics/share/cocoa_kinematics/local_setup.bash
[0.183s] -- Up-to-date symlink: /home/azthorax/fra333_ws/install/cocoa_kinematics/share/cocoa_kinematics/local_setup.sh
[0.183s] -- Up-to-date symlink: /home/azthorax/fra333_ws/install/cocoa_kinematics/share/cocoa_kinematics/local_setup.zsh
[0.185s] -- Up-to-date symlink: /home/azthorax/fra333_ws/install/cocoa_kinematics/share/cocoa_kinematics/local_setup.dsv
[0.185s] -- Symlinking: /home/azthorax/fra333_ws/install/cocoa_kinematics/share/cocoa_kinematics/package.dsv
[0.195s] -- Up-to-date symlink: /home/azthorax/fra333_ws/install/cocoa_kinematics/share/ament_index/resource_index/packages/cocoa_kinematics
[0.195s] -- Up-to-date symlink: /home/azthorax/fra333_ws/install/cocoa_kinematics/share/cocoa_kinematics/cmake/cocoa_kinematicsConfig.cmake
[0.195s] -- Up-to-date symlink: /home/azthorax/fra333_ws/install/cocoa_kinematics/share/cocoa_kinematics/cmake/cocoa_kinematicsConfig-version.cmake
[0.196s] -- Up-to-date symlink: /home/azthorax/fra333_ws/install/cocoa_kinematics/share/cocoa_kinematics/package.xml
[0.238s] Listing '/home/azthorax/fra333_ws/install/cocoa_kinematics/lib/python3.8/site-packages/cocoa_kinematics'...
[0.265s] Invoked command in '/home/azthorax/fra333_ws/build/cocoa_kinematics' returned '0': CMAKE_PREFIX_PATH=${CMAKE_PREFIX_PATH}:/opt/ros/foxy /usr/bin/cmake --install /home/azthorax/fra333_ws/build/cocoa_kinematics
