-- Found ament_cmake: 0.9.11 (/opt/ros/foxy/share/ament_cmake/cmake)
-- Found PythonInterp: /usr/bin/python3 (found suitable version "3.8.10", minimum required is "3") 
-- Using PYTHON_EXECUTABLE: /usr/bin/python3
-- Override CMake install command with custom implementation using symlinks instead of copying resources
-- Found ament_lint_auto: 0.9.7 (/opt/ros/foxy/share/ament_lint_auto/cmake)
-- Found rosidl_default_generators: 1.0.1 (/opt/ros/foxy/share/rosidl_default_generators/cmake)
-- Using all available rosidl_typesupport_c: rosidl_typesupport_fastrtps_c;rosidl_typesupport_introspection_c
-- Found rosidl_adapter: 1.3.0 (/opt/ros/foxy/share/rosidl_adapter/cmake)
-- Using all available rosidl_typesupport_cpp: rosidl_typesupport_fastrtps_cpp;rosidl_typesupport_introspection_cpp
-- Found geometry_msgs: 2.0.5 (/opt/ros/foxy/share/geometry_msgs/cmake)
-- Found sensor_msgs: 2.0.5 (/opt/ros/foxy/share/sensor_msgs/cmake)
-- Found PythonInterp: /usr/bin/python3 (found version "3.8.10") 
-- Found ament_cmake_ros: 0.9.2 (/opt/ros/foxy/share/ament_cmake_ros/cmake)
-- Using all available rosidl_typesupport_c: rosidl_typesupport_fastrtps_c;rosidl_typesupport_introspection_c
-- Using all available rosidl_typesupport_cpp: rosidl_typesupport_fastrtps_cpp;rosidl_typesupport_introspection_cpp
-- Found PythonInterp: /usr/bin/python3 (found suitable version "3.8.10", minimum required is "3.5") 
-- Found python_cmake_module: 0.8.1 (/opt/ros/foxy/share/python_cmake_module/cmake)
-- Using PYTHON_EXECUTABLE: /usr/bin/python3
-- Using PYTHON_INCLUDE_DIRS: /usr/include/python3.8
-- Using PYTHON_LIBRARIES: /usr/lib/x86_64-linux-gnu/libpython3.8.so
-- Added test 'copyright' to check source files copyright and LICENSE
-- Added test 'lint_cmake' to check CMake code style
-- Added test 'xmllint' to check XML markup files
-- Configuring done
-- Generating done
-- Build files have been written to: /home/azthorax/fra333_ws/build/cocoax_interfaces
[35m[1mScanning dependencies of target cocoax_interfaces__cpp[0m
[  2%] [34m[1mGenerating C code for ROS interfaces[0m
[  4%] [34m[1mGenerating C++ code for ROS interfaces[0m
[  4%] Built target cocoax_interfaces__cpp
[  6%] [34m[1mGenerating C++ type support for eProsima Fast-RTPS[0m
[  8%] [34m[1mGenerating C++ introspection for ROS interfaces[0m
[ 10%] [34m[1mGenerating C++ type support dispatch for ROS interfaces[0m
[35m[1mScanning dependencies of target cocoax_interfaces__rosidl_generator_c[0m
[ 12%] [32mBuilding C object CMakeFiles/cocoax_interfaces__rosidl_generator_c.dir/rosidl_generator_c/cocoax_interfaces/msg/detail/cocoa_control_ref__functions.c.o[0m
[ 14%] [32mBuilding C object CMakeFiles/cocoax_interfaces__rosidl_generator_c.dir/rosidl_generator_c/cocoax_interfaces/srv/detail/cocoa_xfk__functions.c.o[0m
[ 17%] [32mBuilding C object CMakeFiles/cocoax_interfaces__rosidl_generator_c.dir/rosidl_generator_c/cocoax_interfaces/srv/detail/cocoa_xik__functions.c.o[0m
[ 19%] [32m[1mLinking C shared library libcocoax_interfaces__rosidl_generator_c.so[0m
[ 19%] Built target cocoax_interfaces__rosidl_generator_c
[ 21%] [34m[1mGenerating C type support dispatch for ROS interfaces[0m
[ 23%] [34m[1mGenerating C introspection for ROS interfaces[0m
[35m[1mScanning dependencies of target cocoax_interfaces__rosidl_typesupport_cpp[0m
[ 25%] [32mBuilding CXX object CMakeFiles/cocoax_interfaces__rosidl_typesupport_cpp.dir/rosidl_typesupport_cpp/cocoax_interfaces/srv/cocoa_xfk__type_support.cpp.o[0m
[ 27%] [32mBuilding CXX object CMakeFiles/cocoax_interfaces__rosidl_typesupport_cpp.dir/rosidl_typesupport_cpp/cocoax_interfaces/srv/cocoa_xik__type_support.cpp.o[0m
[ 29%] [32mBuilding CXX object CMakeFiles/cocoax_interfaces__rosidl_typesupport_cpp.dir/rosidl_typesupport_cpp/cocoax_interfaces/msg/cocoa_control_ref__type_support.cpp.o[0m
[35m[1mScanning dependencies of target cocoax_interfaces__rosidl_typesupport_introspection_cpp[0m
[ 31%] [32mBuilding CXX object CMakeFiles/cocoax_interfaces__rosidl_typesupport_introspection_cpp.dir/rosidl_typesupport_introspection_cpp/cocoax_interfaces/srv/detail/cocoa_xik__type_support.cpp.o[0m
[ 34%] [32mBuilding CXX object CMakeFiles/cocoax_interfaces__rosidl_typesupport_introspection_cpp.dir/rosidl_typesupport_introspection_cpp/cocoax_interfaces/srv/detail/cocoa_xfk__type_support.cpp.o[0m
[ 36%] [32mBuilding CXX object CMakeFiles/cocoax_interfaces__rosidl_typesupport_introspection_cpp.dir/rosidl_typesupport_introspection_cpp/cocoax_interfaces/msg/detail/cocoa_control_ref__type_support.cpp.o[0m
[35m[1mScanning dependencies of target cocoax_interfaces__rosidl_typesupport_fastrtps_cpp[0m
[ 38%] [32mBuilding CXX object CMakeFiles/cocoax_interfaces__rosidl_typesupport_fastrtps_cpp.dir/rosidl_typesupport_fastrtps_cpp/cocoax_interfaces/srv/detail/dds_fastrtps/cocoa_xfk__type_support.cpp.o[0m
[ 40%] [32mBuilding CXX object CMakeFiles/cocoax_interfaces__rosidl_typesupport_fastrtps_cpp.dir/rosidl_typesupport_fastrtps_cpp/cocoax_interfaces/srv/detail/dds_fastrtps/cocoa_xik__type_support.cpp.o[0m
[ 42%] [32mBuilding CXX object CMakeFiles/cocoax_interfaces__rosidl_typesupport_fastrtps_cpp.dir/rosidl_typesupport_fastrtps_cpp/cocoax_interfaces/msg/detail/dds_fastrtps/cocoa_control_ref__type_support.cpp.o[0m
[35m[1mScanning dependencies of target cocoax_interfaces__rosidl_typesupport_c[0m
[ 44%] [32mBuilding CXX object CMakeFiles/cocoax_interfaces__rosidl_typesupport_c.dir/rosidl_typesupport_c/cocoax_interfaces/srv/cocoa_xik__type_support.cpp.o[0m
[ 46%] [32mBuilding CXX object CMakeFiles/cocoax_interfaces__rosidl_typesupport_c.dir/rosidl_typesupport_c/cocoax_interfaces/srv/cocoa_xfk__type_support.cpp.o[0m
[ 48%] [32mBuilding CXX object CMakeFiles/cocoax_interfaces__rosidl_typesupport_c.dir/rosidl_typesupport_c/cocoax_interfaces/msg/cocoa_control_ref__type_support.cpp.o[0m
[35m[1mScanning dependencies of target cocoax_interfaces__rosidl_typesupport_introspection_c[0m
[ 51%] [32m[1mLinking CXX shared library libcocoax_interfaces__rosidl_typesupport_cpp.so[0m
[ 53%] [32mBuilding C object CMakeFiles/cocoax_interfaces__rosidl_typesupport_introspection_c.dir/rosidl_typesupport_introspection_c/cocoax_interfaces/srv/detail/cocoa_xik__type_support.c.o[0m
[ 55%] [32mBuilding C object CMakeFiles/cocoax_interfaces__rosidl_typesupport_introspection_c.dir/rosidl_typesupport_introspection_c/cocoax_interfaces/msg/detail/cocoa_control_ref__type_support.c.o[0m
[ 57%] [32mBuilding C object CMakeFiles/cocoax_interfaces__rosidl_typesupport_introspection_c.dir/rosidl_typesupport_introspection_c/cocoax_interfaces/srv/detail/cocoa_xfk__type_support.c.o[0m
[ 59%] [32m[1mLinking CXX shared library libcocoax_interfaces__rosidl_typesupport_c.so[0m
[ 59%] Built target cocoax_interfaces__rosidl_typesupport_cpp
[ 61%] [32m[1mLinking C shared library libcocoax_interfaces__rosidl_typesupport_introspection_c.so[0m
[ 63%] [32m[1mLinking CXX shared library libcocoax_interfaces__rosidl_typesupport_introspection_cpp.so[0m
[ 63%] Built target cocoax_interfaces__rosidl_typesupport_c
[ 63%] Built target cocoax_interfaces__rosidl_typesupport_introspection_c
[ 63%] Built target cocoax_interfaces__rosidl_typesupport_introspection_cpp
[ 65%] [32m[1mLinking CXX shared library libcocoax_interfaces__rosidl_typesupport_fastrtps_cpp.so[0m
[ 65%] Built target cocoax_interfaces__rosidl_typesupport_fastrtps_cpp
[ 68%] [34m[1mGenerating C type support for eProsima Fast-RTPS[0m
[35m[1mScanning dependencies of target cocoax_interfaces__rosidl_typesupport_fastrtps_c[0m
[ 72%] [32mBuilding CXX object CMakeFiles/cocoax_interfaces__rosidl_typesupport_fastrtps_c.dir/rosidl_typesupport_fastrtps_c/cocoax_interfaces/srv/detail/cocoa_xfk__type_support_c.cpp.o[0m
[ 72%] [32mBuilding CXX object CMakeFiles/cocoax_interfaces__rosidl_typesupport_fastrtps_c.dir/rosidl_typesupport_fastrtps_c/cocoax_interfaces/srv/detail/cocoa_xik__type_support_c.cpp.o[0m
[ 74%] [32mBuilding CXX object CMakeFiles/cocoax_interfaces__rosidl_typesupport_fastrtps_c.dir/rosidl_typesupport_fastrtps_c/cocoax_interfaces/msg/detail/cocoa_control_ref__type_support_c.cpp.o[0m
[ 76%] [32m[1mLinking CXX shared library libcocoax_interfaces__rosidl_typesupport_fastrtps_c.so[0m
[ 76%] Built target cocoax_interfaces__rosidl_typesupport_fastrtps_c
[ 76%] Built target cocoax_interfaces
[35m[1mScanning dependencies of target cocoax_interfaces__py[0m
[ 78%] [34m[1mGenerating Python code for ROS interfaces[0m
[ 78%] Built target cocoax_interfaces__py
[35m[1mScanning dependencies of target cocoax_interfaces__python[0m
[ 80%] [32mBuilding C object CMakeFiles/cocoax_interfaces__python.dir/rosidl_generator_py/cocoax_interfaces/srv/_cocoa_xik_s.c.o[0m
[ 82%] [32mBuilding C object CMakeFiles/cocoax_interfaces__python.dir/rosidl_generator_py/cocoax_interfaces/srv/_cocoa_xfk_s.c.o[0m
[ 85%] [32mBuilding C object CMakeFiles/cocoax_interfaces__python.dir/rosidl_generator_py/cocoax_interfaces/msg/_cocoa_control_ref_s.c.o[0m
[ 87%] [32m[1mLinking C shared library rosidl_generator_py/cocoax_interfaces/libcocoax_interfaces__python.so[0m
[ 87%] Built target cocoax_interfaces__python
[35m[1mScanning dependencies of target cocoax_interfaces__rosidl_typesupport_introspection_c__pyext[0m
[35m[1mScanning dependencies of target cocoax_interfaces__rosidl_typesupport_c__pyext[0m
[35m[1mScanning dependencies of target cocoax_interfaces__rosidl_typesupport_fastrtps_c__pyext[0m
[ 89%] [32mBuilding C object CMakeFiles/cocoax_interfaces__rosidl_typesupport_introspection_c__pyext.dir/rosidl_generator_py/cocoax_interfaces/_cocoax_interfaces_s.ep.rosidl_typesupport_introspection_c.c.o[0m
[ 91%] [32mBuilding C object CMakeFiles/cocoax_interfaces__rosidl_typesupport_c__pyext.dir/rosidl_generator_py/cocoax_interfaces/_cocoax_interfaces_s.ep.rosidl_typesupport_c.c.o[0m
[ 93%] [32mBuilding C object CMakeFiles/cocoax_interfaces__rosidl_typesupport_fastrtps_c__pyext.dir/rosidl_generator_py/cocoax_interfaces/_cocoax_interfaces_s.ep.rosidl_typesupport_fastrtps_c.c.o[0m
[ 95%] [32m[1mLinking C shared library rosidl_generator_py/cocoax_interfaces/cocoax_interfaces_s__rosidl_typesupport_introspection_c.cpython-38-x86_64-linux-gnu.so[0m
[ 97%] [32m[1mLinking C shared library rosidl_generator_py/cocoax_interfaces/cocoax_interfaces_s__rosidl_typesupport_c.cpython-38-x86_64-linux-gnu.so[0m
[100%] [32m[1mLinking CXX shared library rosidl_generator_py/cocoax_interfaces/cocoax_interfaces_s__rosidl_typesupport_fastrtps_c.cpython-38-x86_64-linux-gnu.so[0m
[100%] Built target cocoax_interfaces__rosidl_typesupport_introspection_c__pyext
[100%] Built target cocoax_interfaces__rosidl_typesupport_c__pyext
[100%] Built target cocoax_interfaces__rosidl_typesupport_fastrtps_c__pyext
-- Install configuration: ""
-- Execute custom install script
-- Up-to-date symlink: /home/azthorax/fra333_ws/install/cocoax_interfaces/share/ament_index/resource_index/rosidl_interfaces/cocoax_interfaces
-- Symlinking: /home/azthorax/fra333_ws/install/cocoax_interfaces/include/cocoax_interfaces/msg/cocoa_control_ref.h
-- Up-to-date symlink: /home/azthorax/fra333_ws/install/cocoax_interfaces/include/cocoax_interfaces/msg/cocoa_test.h
-- Up-to-date symlink: /home/azthorax/fra333_ws/install/cocoax_interfaces/include/cocoax_interfaces/msg/cocoa_ximu.h
-- Symlinking: /home/azthorax/fra333_ws/install/cocoax_interfaces/include/cocoax_interfaces/msg/detail/cocoa_control_ref__functions.h
-- Symlinking: /home/azthorax/fra333_ws/install/cocoax_interfaces/include/cocoax_interfaces/msg/detail/cocoa_control_ref__struct.h
-- Symlinking: /home/azthorax/fra333_ws/install/cocoax_interfaces/include/cocoax_interfaces/msg/detail/cocoa_control_ref__type_support.h
-- Up-to-date symlink: /home/azthorax/fra333_ws/install/cocoax_interfaces/include/cocoax_interfaces/msg/detail/cocoa_test__functions.h
-- Up-to-date symlink: /home/azthorax/fra333_ws/install/cocoax_interfaces/include/cocoax_interfaces/msg/detail/cocoa_test__struct.h
-- Up-to-date symlink: /home/azthorax/fra333_ws/install/cocoax_interfaces/include/cocoax_interfaces/msg/detail/cocoa_test__type_support.h
-- Up-to-date symlink: /home/azthorax/fra333_ws/install/cocoax_interfaces/include/cocoax_interfaces/msg/detail/cocoa_ximu__functions.h
-- Up-to-date symlink: /home/azthorax/fra333_ws/install/cocoax_interfaces/include/cocoax_interfaces/msg/detail/cocoa_ximu__struct.h
-- Up-to-date symlink: /home/azthorax/fra333_ws/install/cocoax_interfaces/include/cocoax_interfaces/msg/detail/cocoa_ximu__type_support.h
-- Up-to-date symlink: /home/azthorax/fra333_ws/install/cocoax_interfaces/include/cocoax_interfaces/msg/rosidl_generator_c__visibility_control.h
-- Up-to-date symlink: /home/azthorax/fra333_ws/install/cocoax_interfaces/include/cocoax_interfaces/srv/cocoa_xfk.h
-- Up-to-date symlink: /home/azthorax/fra333_ws/install/cocoax_interfaces/include/cocoax_interfaces/srv/cocoa_xik.h
-- Up-to-date symlink: /home/azthorax/fra333_ws/install/cocoax_interfaces/include/cocoax_interfaces/srv/detail/cocoa_xfk__functions.h
-- Up-to-date symlink: /home/azthorax/fra333_ws/install/cocoax_interfaces/include/cocoax_interfaces/srv/detail/cocoa_xfk__struct.h
-- Up-to-date symlink: /home/azthorax/fra333_ws/install/cocoax_interfaces/include/cocoax_interfaces/srv/detail/cocoa_xfk__type_support.h
-- Up-to-date symlink: /home/azthorax/fra333_ws/install/cocoax_interfaces/include/cocoax_interfaces/srv/detail/cocoa_xik__functions.h
-- Up-to-date symlink: /home/azthorax/fra333_ws/install/cocoax_interfaces/include/cocoax_interfaces/srv/detail/cocoa_xik__struct.h
-- Up-to-date symlink: /home/azthorax/fra333_ws/install/cocoax_interfaces/include/cocoax_interfaces/srv/detail/cocoa_xik__type_support.h
-- Up-to-date symlink: /home/azthorax/fra333_ws/install/cocoax_interfaces/share/cocoax_interfaces/environment/library_path.sh
-- Up-to-date symlink: /home/azthorax/fra333_ws/install/cocoax_interfaces/share/cocoax_interfaces/environment/library_path.dsv
-- Symlinking: /home/azthorax/fra333_ws/install/cocoax_interfaces/include/cocoax_interfaces/msg/detail/cocoa_control_ref__rosidl_typesupport_fastrtps_c.h
-- Up-to-date symlink: /home/azthorax/fra333_ws/install/cocoax_interfaces/include/cocoax_interfaces/msg/detail/cocoa_test__rosidl_typesupport_fastrtps_c.h
-- Up-to-date symlink: /home/azthorax/fra333_ws/install/cocoax_interfaces/include/cocoax_interfaces/msg/detail/cocoa_ximu__rosidl_typesupport_fastrtps_c.h
-- Up-to-date symlink: /home/azthorax/fra333_ws/install/cocoax_interfaces/include/cocoax_interfaces/msg/rosidl_typesupport_fastrtps_c__visibility_control.h
-- Up-to-date symlink: /home/azthorax/fra333_ws/install/cocoax_interfaces/include/cocoax_interfaces/srv/detail/cocoa_xfk__rosidl_typesupport_fastrtps_c.h
-- Up-to-date symlink: /home/azthorax/fra333_ws/install/cocoax_interfaces/include/cocoax_interfaces/srv/detail/cocoa_xik__rosidl_typesupport_fastrtps_c.h
-- Up-to-date symlink: /home/azthorax/fra333_ws/install/cocoax_interfaces/lib/libcocoax_interfaces__rosidl_typesupport_fastrtps_c.so
-- Symlinking: /home/azthorax/fra333_ws/install/cocoax_interfaces/include/cocoax_interfaces/msg/detail/cocoa_control_ref__rosidl_typesupport_fastrtps_cpp.hpp
-- Up-to-date symlink: /home/azthorax/fra333_ws/install/cocoax_interfaces/include/cocoax_interfaces/msg/detail/cocoa_test__rosidl_typesupport_fastrtps_cpp.hpp
-- Up-to-date symlink: /home/azthorax/fra333_ws/install/cocoax_interfaces/include/cocoax_interfaces/msg/detail/cocoa_ximu__rosidl_typesupport_fastrtps_cpp.hpp
-- Up-to-date symlink: /home/azthorax/fra333_ws/install/cocoax_interfaces/include/cocoax_interfaces/msg/rosidl_typesupport_fastrtps_cpp__visibility_control.h
-- Up-to-date symlink: /home/azthorax/fra333_ws/install/cocoax_interfaces/include/cocoax_interfaces/srv/detail/cocoa_xfk__rosidl_typesupport_fastrtps_cpp.hpp
-- Up-to-date symlink: /home/azthorax/fra333_ws/install/cocoax_interfaces/include/cocoax_interfaces/srv/detail/cocoa_xik__rosidl_typesupport_fastrtps_cpp.hpp
-- Up-to-date symlink: /home/azthorax/fra333_ws/install/cocoax_interfaces/lib/libcocoax_interfaces__rosidl_typesupport_fastrtps_cpp.so
-- Symlinking: /home/azthorax/fra333_ws/install/cocoax_interfaces/include/cocoax_interfaces/msg/detail/cocoa_control_ref__rosidl_typesupport_introspection_c.h
-- Up-to-date symlink: /home/azthorax/fra333_ws/install/cocoax_interfaces/include/cocoax_interfaces/msg/detail/cocoa_test__rosidl_typesupport_introspection_c.h
-- Up-to-date symlink: /home/azthorax/fra333_ws/install/cocoax_interfaces/include/cocoax_interfaces/msg/detail/cocoa_ximu__rosidl_typesupport_introspection_c.h
-- Up-to-date symlink: /home/azthorax/fra333_ws/install/cocoax_interfaces/include/cocoax_interfaces/msg/rosidl_typesupport_introspection_c__visibility_control.h
-- Up-to-date symlink: /home/azthorax/fra333_ws/install/cocoax_interfaces/include/cocoax_interfaces/srv/detail/cocoa_xfk__rosidl_typesupport_introspection_c.h
-- Up-to-date symlink: /home/azthorax/fra333_ws/install/cocoax_interfaces/include/cocoax_interfaces/srv/detail/cocoa_xik__rosidl_typesupport_introspection_c.h
-- Symlinking: /home/azthorax/fra333_ws/install/cocoax_interfaces/include/cocoax_interfaces/msg/cocoa_control_ref.hpp
-- Up-to-date symlink: /home/azthorax/fra333_ws/install/cocoax_interfaces/include/cocoax_interfaces/msg/cocoa_test.hpp
-- Up-to-date symlink: /home/azthorax/fra333_ws/install/cocoax_interfaces/include/cocoax_interfaces/msg/cocoa_ximu.hpp
-- Symlinking: /home/azthorax/fra333_ws/install/cocoax_interfaces/include/cocoax_interfaces/msg/detail/cocoa_control_ref__builder.hpp
-- Symlinking: /home/azthorax/fra333_ws/install/cocoax_interfaces/include/cocoax_interfaces/msg/detail/cocoa_control_ref__struct.hpp
-- Symlinking: /home/azthorax/fra333_ws/install/cocoax_interfaces/include/cocoax_interfaces/msg/detail/cocoa_control_ref__traits.hpp
-- Up-to-date symlink: /home/azthorax/fra333_ws/install/cocoax_interfaces/include/cocoax_interfaces/msg/detail/cocoa_test__builder.hpp
-- Up-to-date symlink: /home/azthorax/fra333_ws/install/cocoax_interfaces/include/cocoax_interfaces/msg/detail/cocoa_test__struct.hpp
-- Up-to-date symlink: /home/azthorax/fra333_ws/install/cocoax_interfaces/include/cocoax_interfaces/msg/detail/cocoa_test__traits.hpp
-- Up-to-date symlink: /home/azthorax/fra333_ws/install/cocoax_interfaces/include/cocoax_interfaces/msg/detail/cocoa_ximu__builder.hpp
-- Up-to-date symlink: /home/azthorax/fra333_ws/install/cocoax_interfaces/include/cocoax_interfaces/msg/detail/cocoa_ximu__struct.hpp
-- Up-to-date symlink: /home/azthorax/fra333_ws/install/cocoax_interfaces/include/cocoax_interfaces/msg/detail/cocoa_ximu__traits.hpp
-- Up-to-date symlink: /home/azthorax/fra333_ws/install/cocoax_interfaces/include/cocoax_interfaces/srv/cocoa_xfk.hpp
-- Up-to-date symlink: /home/azthorax/fra333_ws/install/cocoax_interfaces/include/cocoax_interfaces/srv/cocoa_xik.hpp
-- Up-to-date symlink: /home/azthorax/fra333_ws/install/cocoax_interfaces/include/cocoax_interfaces/srv/detail/cocoa_xfk__builder.hpp
-- Up-to-date symlink: /home/azthorax/fra333_ws/install/cocoax_interfaces/include/cocoax_interfaces/srv/detail/cocoa_xfk__struct.hpp
-- Up-to-date symlink: /home/azthorax/fra333_ws/install/cocoax_interfaces/include/cocoax_interfaces/srv/detail/cocoa_xfk__traits.hpp
-- Up-to-date symlink: /home/azthorax/fra333_ws/install/cocoax_interfaces/include/cocoax_interfaces/srv/detail/cocoa_xik__builder.hpp
-- Up-to-date symlink: /home/azthorax/fra333_ws/install/cocoax_interfaces/include/cocoax_interfaces/srv/detail/cocoa_xik__struct.hpp
-- Up-to-date symlink: /home/azthorax/fra333_ws/install/cocoax_interfaces/include/cocoax_interfaces/srv/detail/cocoa_xik__traits.hpp
-- Symlinking: /home/azthorax/fra333_ws/install/cocoax_interfaces/include/cocoax_interfaces/msg/detail/cocoa_control_ref__rosidl_typesupport_introspection_cpp.hpp
-- Up-to-date symlink: /home/azthorax/fra333_ws/install/cocoax_interfaces/include/cocoax_interfaces/msg/detail/cocoa_test__rosidl_typesupport_introspection_cpp.hpp
-- Up-to-date symlink: /home/azthorax/fra333_ws/install/cocoax_interfaces/include/cocoax_interfaces/msg/detail/cocoa_ximu__rosidl_typesupport_introspection_cpp.hpp
-- Up-to-date symlink: /home/azthorax/fra333_ws/install/cocoax_interfaces/include/cocoax_interfaces/srv/detail/cocoa_xfk__rosidl_typesupport_introspection_cpp.hpp
-- Up-to-date symlink: /home/azthorax/fra333_ws/install/cocoax_interfaces/include/cocoax_interfaces/srv/detail/cocoa_xik__rosidl_typesupport_introspection_cpp.hpp
-- Up-to-date symlink: /home/azthorax/fra333_ws/install/cocoax_interfaces/share/cocoax_interfaces/environment/pythonpath.sh
-- Up-to-date symlink: /home/azthorax/fra333_ws/install/cocoax_interfaces/share/cocoax_interfaces/environment/pythonpath.dsv
-- Up-to-date symlink: /home/azthorax/fra333_ws/install/cocoax_interfaces/lib/python3.8/site-packages/cocoax_interfaces/__init__.py
-- Up-to-date symlink: /home/azthorax/fra333_ws/install/cocoax_interfaces/lib/python3.8/site-packages/cocoax_interfaces/srv/__init__.py
-- Up-to-date symlink: /home/azthorax/fra333_ws/install/cocoax_interfaces/lib/python3.8/site-packages/cocoax_interfaces/srv/_cocoa_xfk.py
-- Up-to-date symlink: /home/azthorax/fra333_ws/install/cocoax_interfaces/lib/python3.8/site-packages/cocoax_interfaces/srv/_cocoa_xik.py
-- Up-to-date symlink: /home/azthorax/fra333_ws/install/cocoax_interfaces/lib/python3.8/site-packages/cocoax_interfaces/msg/__init__.py
-- Symlinking: /home/azthorax/fra333_ws/install/cocoax_interfaces/lib/python3.8/site-packages/cocoax_interfaces/msg/_cocoa_control_ref.py
-- Up-to-date symlink: /home/azthorax/fra333_ws/install/cocoax_interfaces/lib/python3.8/site-packages/cocoax_interfaces/msg/_cocoa_test.py
-- Up-to-date symlink: /home/azthorax/fra333_ws/install/cocoax_interfaces/lib/python3.8/site-packages/cocoax_interfaces/msg/_cocoa_ximu.py
-- Up-to-date symlink: /home/azthorax/fra333_ws/install/cocoax_interfaces/lib/python3.8/site-packages/cocoax_interfaces/cocoax_interfaces_s__rosidl_typesupport_fastrtps_c.cpython-38-x86_64-linux-gnu.so
-- Up-to-date symlink: /home/azthorax/fra333_ws/install/cocoax_interfaces/lib/python3.8/site-packages/cocoax_interfaces/cocoax_interfaces_s__rosidl_typesupport_introspection_c.cpython-38-x86_64-linux-gnu.so
-- Up-to-date symlink: /home/azthorax/fra333_ws/install/cocoax_interfaces/lib/python3.8/site-packages/cocoax_interfaces/cocoax_interfaces_s__rosidl_typesupport_c.cpython-38-x86_64-linux-gnu.so
-- Up-to-date symlink: /home/azthorax/fra333_ws/install/cocoax_interfaces/lib/libcocoax_interfaces__python.so
-- Up-to-date symlink: /home/azthorax/fra333_ws/install/cocoax_interfaces/share/cocoax_interfaces/srv/CocoaXIK.idl
-- Up-to-date symlink: /home/azthorax/fra333_ws/install/cocoax_interfaces/share/cocoax_interfaces/srv/CocoaXFK.idl
-- Symlinking: /home/azthorax/fra333_ws/install/cocoax_interfaces/share/cocoax_interfaces/msg/CocoaControlRef.idl
-- Up-to-date symlink: /home/azthorax/fra333_ws/install/cocoax_interfaces/share/cocoax_interfaces/srv/CocoaXIK.srv
-- Up-to-date symlink: /home/azthorax/fra333_ws/install/cocoax_interfaces/share/cocoax_interfaces/srv/CocoaXIK_Request.msg
-- Up-to-date symlink: /home/azthorax/fra333_ws/install/cocoax_interfaces/share/cocoax_interfaces/srv/CocoaXIK_Response.msg
-- Up-to-date symlink: /home/azthorax/fra333_ws/install/cocoax_interfaces/share/cocoax_interfaces/srv/CocoaXFK.srv
-- Up-to-date symlink: /home/azthorax/fra333_ws/install/cocoax_interfaces/share/cocoax_interfaces/srv/CocoaXFK_Request.msg
-- Up-to-date symlink: /home/azthorax/fra333_ws/install/cocoax_interfaces/share/cocoax_interfaces/srv/CocoaXFK_Response.msg
-- Symlinking: /home/azthorax/fra333_ws/install/cocoax_interfaces/share/cocoax_interfaces/msg/CocoaControlRef.msg
-- Up-to-date symlink: /home/azthorax/fra333_ws/install/cocoax_interfaces/share/ament_index/resource_index/package_run_dependencies/cocoax_interfaces
-- Up-to-date symlink: /home/azthorax/fra333_ws/install/cocoax_interfaces/share/ament_index/resource_index/parent_prefix_path/cocoax_interfaces
-- Up-to-date symlink: /home/azthorax/fra333_ws/install/cocoax_interfaces/share/cocoax_interfaces/environment/ament_prefix_path.sh
-- Up-to-date symlink: /home/azthorax/fra333_ws/install/cocoax_interfaces/share/cocoax_interfaces/environment/ament_prefix_path.dsv
-- Up-to-date symlink: /home/azthorax/fra333_ws/install/cocoax_interfaces/share/cocoax_interfaces/environment/path.sh
-- Up-to-date symlink: /home/azthorax/fra333_ws/install/cocoax_interfaces/share/cocoax_interfaces/environment/path.dsv
-- Up-to-date symlink: /home/azthorax/fra333_ws/install/cocoax_interfaces/share/cocoax_interfaces/local_setup.bash
-- Up-to-date symlink: /home/azthorax/fra333_ws/install/cocoax_interfaces/share/cocoax_interfaces/local_setup.sh
-- Up-to-date symlink: /home/azthorax/fra333_ws/install/cocoax_interfaces/share/cocoax_interfaces/local_setup.zsh
-- Up-to-date symlink: /home/azthorax/fra333_ws/install/cocoax_interfaces/share/cocoax_interfaces/local_setup.dsv
-- Symlinking: /home/azthorax/fra333_ws/install/cocoax_interfaces/share/cocoax_interfaces/package.dsv
-- Up-to-date symlink: /home/azthorax/fra333_ws/install/cocoax_interfaces/share/ament_index/resource_index/packages/cocoax_interfaces
-- Up-to-date symlink: /home/azthorax/fra333_ws/install/cocoax_interfaces/share/cocoax_interfaces/cmake/rosidl_cmake-extras.cmake
-- Up-to-date symlink: /home/azthorax/fra333_ws/install/cocoax_interfaces/share/cocoax_interfaces/cmake/ament_cmake_export_dependencies-extras.cmake
-- Up-to-date symlink: /home/azthorax/fra333_ws/install/cocoax_interfaces/share/cocoax_interfaces/cmake/ament_cmake_export_libraries-extras.cmake
-- Up-to-date symlink: /home/azthorax/fra333_ws/install/cocoax_interfaces/share/cocoax_interfaces/cmake/ament_cmake_export_targets-extras.cmake
-- Up-to-date symlink: /home/azthorax/fra333_ws/install/cocoax_interfaces/share/cocoax_interfaces/cmake/ament_cmake_export_include_directories-extras.cmake
-- Up-to-date symlink: /home/azthorax/fra333_ws/install/cocoax_interfaces/share/cocoax_interfaces/cmake/rosidl_cmake_export_typesupport_libraries-extras.cmake
-- Up-to-date symlink: /home/azthorax/fra333_ws/install/cocoax_interfaces/share/cocoax_interfaces/cmake/rosidl_cmake_export_typesupport_targets-extras.cmake
-- Up-to-date symlink: /home/azthorax/fra333_ws/install/cocoax_interfaces/share/cocoax_interfaces/cmake/cocoax_interfacesConfig.cmake
-- Up-to-date symlink: /home/azthorax/fra333_ws/install/cocoax_interfaces/share/cocoax_interfaces/cmake/cocoax_interfacesConfig-version.cmake
-- Up-to-date symlink: /home/azthorax/fra333_ws/install/cocoax_interfaces/share/cocoax_interfaces/package.xml
-- Installing: /home/azthorax/fra333_ws/install/cocoax_interfaces/lib/libcocoax_interfaces__rosidl_generator_c.so
-- Set runtime path of "/home/azthorax/fra333_ws/install/cocoax_interfaces/lib/libcocoax_interfaces__rosidl_generator_c.so" to ""
-- Installing: /home/azthorax/fra333_ws/install/cocoax_interfaces/lib/libcocoax_interfaces__rosidl_typesupport_introspection_c.so
-- Set runtime path of "/home/azthorax/fra333_ws/install/cocoax_interfaces/lib/libcocoax_interfaces__rosidl_typesupport_introspection_c.so" to ""
-- Installing: /home/azthorax/fra333_ws/install/cocoax_interfaces/lib/libcocoax_interfaces__rosidl_typesupport_c.so
-- Set runtime path of "/home/azthorax/fra333_ws/install/cocoax_interfaces/lib/libcocoax_interfaces__rosidl_typesupport_c.so" to ""
-- Installing: /home/azthorax/fra333_ws/install/cocoax_interfaces/lib/libcocoax_interfaces__rosidl_typesupport_introspection_cpp.so
-- Set runtime path of "/home/azthorax/fra333_ws/install/cocoax_interfaces/lib/libcocoax_interfaces__rosidl_typesupport_introspection_cpp.so" to ""
-- Installing: /home/azthorax/fra333_ws/install/cocoax_interfaces/lib/libcocoax_interfaces__rosidl_typesupport_cpp.so
-- Set runtime path of "/home/azthorax/fra333_ws/install/cocoax_interfaces/lib/libcocoax_interfaces__rosidl_typesupport_cpp.so" to ""
Compiling '/home/azthorax/fra333_ws/install/cocoax_interfaces/lib/python3.8/site-packages/cocoax_interfaces/__init__.py'...
-- Up-to-date: /home/azthorax/fra333_ws/install/cocoax_interfaces/share/cocoax_interfaces/cmake/cocoax_interfaces__rosidl_generator_cExport.cmake
-- Installing: /home/azthorax/fra333_ws/install/cocoax_interfaces/share/cocoax_interfaces/cmake/cocoax_interfaces__rosidl_generator_cExport-noconfig.cmake
-- Up-to-date: /home/azthorax/fra333_ws/install/cocoax_interfaces/share/cocoax_interfaces/cmake/cocoax_interfaces__rosidl_typesupport_introspection_cExport.cmake
-- Installing: /home/azthorax/fra333_ws/install/cocoax_interfaces/share/cocoax_interfaces/cmake/cocoax_interfaces__rosidl_typesupport_introspection_cExport-noconfig.cmake
-- Up-to-date: /home/azthorax/fra333_ws/install/cocoax_interfaces/share/cocoax_interfaces/cmake/cocoax_interfaces__rosidl_typesupport_cExport.cmake
-- Installing: /home/azthorax/fra333_ws/install/cocoax_interfaces/share/cocoax_interfaces/cmake/cocoax_interfaces__rosidl_typesupport_cExport-noconfig.cmake
-- Up-to-date: /home/azthorax/fra333_ws/install/cocoax_interfaces/share/cocoax_interfaces/cmake/cocoax_interfaces__rosidl_generator_cppExport.cmake
-- Up-to-date: /home/azthorax/fra333_ws/install/cocoax_interfaces/share/cocoax_interfaces/cmake/cocoax_interfaces__rosidl_typesupport_introspection_cppExport.cmake
-- Installing: /home/azthorax/fra333_ws/install/cocoax_interfaces/share/cocoax_interfaces/cmake/cocoax_interfaces__rosidl_typesupport_introspection_cppExport-noconfig.cmake
-- Up-to-date: /home/azthorax/fra333_ws/install/cocoax_interfaces/share/cocoax_interfaces/cmake/cocoax_interfaces__rosidl_typesupport_cppExport.cmake
-- Installing: /home/azthorax/fra333_ws/install/cocoax_interfaces/share/cocoax_interfaces/cmake/cocoax_interfaces__rosidl_typesupport_cppExport-noconfig.cmake
