[0.040s] Invoking command in '/home/azthorax/fra333_ws/build/cocoax_interfaces': CMAKE_PREFIX_PATH=${CMAKE_PREFIX_PATH}:/opt/ros/foxy /usr/bin/cmake --build /home/azthorax/fra333_ws/build/cocoax_interfaces -- -j12 -l12
[0.072s] -- Found ament_cmake: 0.9.11 (/opt/ros/foxy/share/ament_cmake/cmake)
[0.096s] -- Found PythonInterp: /usr/bin/python3 (found suitable version "3.8.10", minimum required is "3") 
[0.097s] -- Using PYTHON_EXECUTABLE: /usr/bin/python3
[0.277s] -- Override CMake install command with custom implementation using symlinks instead of copying resources
[0.283s] -- Found ament_lint_auto: 0.9.7 (/opt/ros/foxy/share/ament_lint_auto/cmake)
[0.360s] -- Found rosidl_default_generators: 1.0.1 (/opt/ros/foxy/share/rosidl_default_generators/cmake)
[0.365s] -- Using all available rosidl_typesupport_c: rosidl_typesupport_fastrtps_c;rosidl_typesupport_introspection_c
[0.370s] -- Found rosidl_adapter: 1.3.0 (/opt/ros/foxy/share/rosidl_adapter/cmake)
[0.518s] -- Using all available rosidl_typesupport_cpp: rosidl_typesupport_fastrtps_cpp;rosidl_typesupport_introspection_cpp
[0.545s] -- Found geometry_msgs: 2.0.5 (/opt/ros/foxy/share/geometry_msgs/cmake)
[0.617s] -- Found sensor_msgs: 2.0.5 (/opt/ros/foxy/share/sensor_msgs/cmake)
[0.707s] -- Found PythonInterp: /usr/bin/python3 (found version "3.8.10") 
[0.885s] -- Found ament_cmake_ros: 0.9.2 (/opt/ros/foxy/share/ament_cmake_ros/cmake)
[1.174s] -- Using all available rosidl_typesupport_c: rosidl_typesupport_fastrtps_c;rosidl_typesupport_introspection_c
[1.316s] -- Using all available rosidl_typesupport_cpp: rosidl_typesupport_fastrtps_cpp;rosidl_typesupport_introspection_cpp
[1.345s] -- Found PythonInterp: /usr/bin/python3 (found suitable version "3.8.10", minimum required is "3.5") 
[1.346s] -- Found python_cmake_module: 0.8.1 (/opt/ros/foxy/share/python_cmake_module/cmake)
[1.374s] -- Using PYTHON_EXECUTABLE: /usr/bin/python3
[1.374s] -- Using PYTHON_INCLUDE_DIRS: /usr/include/python3.8
[1.374s] -- Using PYTHON_LIBRARIES: /usr/lib/x86_64-linux-gnu/libpython3.8.so
[1.451s] -- Added test 'copyright' to check source files copyright and LICENSE
[1.452s] -- Added test 'lint_cmake' to check CMake code style
[1.452s] -- Added test 'xmllint' to check XML markup files
[1.458s] -- Configuring done
[1.518s] -- Generating done
[1.521s] -- Build files have been written to: /home/azthorax/fra333_ws/build/cocoax_interfaces
[1.545s] [35m[1mScanning dependencies of target cocoax_interfaces__cpp[0m
[1.546s] [  2%] [34m[1mGenerating C code for ROS interfaces[0m
[1.562s] [  4%] [34m[1mGenerating C++ code for ROS interfaces[0m
[1.874s] [  4%] Built target cocoax_interfaces__cpp
[1.884s] [  6%] [34m[1mGenerating C++ type support for eProsima Fast-RTPS[0m
[1.889s] [  8%] [34m[1mGenerating C++ introspection for ROS interfaces[0m
[1.891s] [ 10%] [34m[1mGenerating C++ type support dispatch for ROS interfaces[0m
[1.924s] [35m[1mScanning dependencies of target cocoax_interfaces__rosidl_generator_c[0m
[1.948s] [ 12%] [32mBuilding C object CMakeFiles/cocoax_interfaces__rosidl_generator_c.dir/rosidl_generator_c/cocoax_interfaces/msg/detail/cocoa_control_ref__functions.c.o[0m
[1.950s] [ 14%] [32mBuilding C object CMakeFiles/cocoax_interfaces__rosidl_generator_c.dir/rosidl_generator_c/cocoax_interfaces/srv/detail/cocoa_xfk__functions.c.o[0m
[1.950s] [ 17%] [32mBuilding C object CMakeFiles/cocoax_interfaces__rosidl_generator_c.dir/rosidl_generator_c/cocoax_interfaces/srv/detail/cocoa_xik__functions.c.o[0m
[2.021s] [ 19%] [32m[1mLinking C shared library libcocoax_interfaces__rosidl_generator_c.so[0m
[2.069s] [ 19%] Built target cocoax_interfaces__rosidl_generator_c
[2.081s] [ 21%] [34m[1mGenerating C type support dispatch for ROS interfaces[0m
[2.084s] [ 23%] [34m[1mGenerating C introspection for ROS interfaces[0m
[2.179s] [35m[1mScanning dependencies of target cocoax_interfaces__rosidl_typesupport_cpp[0m
[2.195s] [ 25%] [32mBuilding CXX object CMakeFiles/cocoax_interfaces__rosidl_typesupport_cpp.dir/rosidl_typesupport_cpp/cocoax_interfaces/srv/cocoa_xfk__type_support.cpp.o[0m
[2.196s] [ 27%] [32mBuilding CXX object CMakeFiles/cocoax_interfaces__rosidl_typesupport_cpp.dir/rosidl_typesupport_cpp/cocoax_interfaces/srv/cocoa_xik__type_support.cpp.o[0m
[2.200s] [ 29%] [32mBuilding CXX object CMakeFiles/cocoax_interfaces__rosidl_typesupport_cpp.dir/rosidl_typesupport_cpp/cocoax_interfaces/msg/cocoa_control_ref__type_support.cpp.o[0m
[2.203s] [35m[1mScanning dependencies of target cocoax_interfaces__rosidl_typesupport_introspection_cpp[0m
[2.218s] [ 31%] [32mBuilding CXX object CMakeFiles/cocoax_interfaces__rosidl_typesupport_introspection_cpp.dir/rosidl_typesupport_introspection_cpp/cocoax_interfaces/srv/detail/cocoa_xik__type_support.cpp.o[0m
[2.219s] [ 34%] [32mBuilding CXX object CMakeFiles/cocoax_interfaces__rosidl_typesupport_introspection_cpp.dir/rosidl_typesupport_introspection_cpp/cocoax_interfaces/srv/detail/cocoa_xfk__type_support.cpp.o[0m
[2.219s] [ 36%] [32mBuilding CXX object CMakeFiles/cocoax_interfaces__rosidl_typesupport_introspection_cpp.dir/rosidl_typesupport_introspection_cpp/cocoax_interfaces/msg/detail/cocoa_control_ref__type_support.cpp.o[0m
[2.242s] [35m[1mScanning dependencies of target cocoax_interfaces__rosidl_typesupport_fastrtps_cpp[0m
[2.266s] [ 38%] [32mBuilding CXX object CMakeFiles/cocoax_interfaces__rosidl_typesupport_fastrtps_cpp.dir/rosidl_typesupport_fastrtps_cpp/cocoax_interfaces/srv/detail/dds_fastrtps/cocoa_xfk__type_support.cpp.o[0m
[2.273s] [ 40%] [32mBuilding CXX object CMakeFiles/cocoax_interfaces__rosidl_typesupport_fastrtps_cpp.dir/rosidl_typesupport_fastrtps_cpp/cocoax_interfaces/srv/detail/dds_fastrtps/cocoa_xik__type_support.cpp.o[0m
[2.274s] [ 42%] [32mBuilding CXX object CMakeFiles/cocoax_interfaces__rosidl_typesupport_fastrtps_cpp.dir/rosidl_typesupport_fastrtps_cpp/cocoax_interfaces/msg/detail/dds_fastrtps/cocoa_control_ref__type_support.cpp.o[0m
[2.476s] [35m[1mScanning dependencies of target cocoax_interfaces__rosidl_typesupport_c[0m
[2.503s] [ 44%] [32mBuilding CXX object CMakeFiles/cocoax_interfaces__rosidl_typesupport_c.dir/rosidl_typesupport_c/cocoax_interfaces/srv/cocoa_xik__type_support.cpp.o[0m
[2.542s] [ 46%] [32mBuilding CXX object CMakeFiles/cocoax_interfaces__rosidl_typesupport_c.dir/rosidl_typesupport_c/cocoax_interfaces/srv/cocoa_xfk__type_support.cpp.o[0m
[2.593s] [ 48%] [32mBuilding CXX object CMakeFiles/cocoax_interfaces__rosidl_typesupport_c.dir/rosidl_typesupport_c/cocoax_interfaces/msg/cocoa_control_ref__type_support.cpp.o[0m
[2.595s] [35m[1mScanning dependencies of target cocoax_interfaces__rosidl_typesupport_introspection_c[0m
[2.610s] [ 51%] [32m[1mLinking CXX shared library libcocoax_interfaces__rosidl_typesupport_cpp.so[0m
[2.616s] [ 53%] [32mBuilding C object CMakeFiles/cocoax_interfaces__rosidl_typesupport_introspection_c.dir/rosidl_typesupport_introspection_c/cocoax_interfaces/srv/detail/cocoa_xik__type_support.c.o[0m
[2.621s] [ 55%] [32mBuilding C object CMakeFiles/cocoax_interfaces__rosidl_typesupport_introspection_c.dir/rosidl_typesupport_introspection_c/cocoax_interfaces/msg/detail/cocoa_control_ref__type_support.c.o[0m
[2.628s] [ 57%] [32mBuilding C object CMakeFiles/cocoax_interfaces__rosidl_typesupport_introspection_c.dir/rosidl_typesupport_introspection_c/cocoax_interfaces/srv/detail/cocoa_xfk__type_support.c.o[0m
[2.635s] [ 59%] [32m[1mLinking CXX shared library libcocoax_interfaces__rosidl_typesupport_c.so[0m
[2.672s] [ 59%] Built target cocoax_interfaces__rosidl_typesupport_cpp
[2.677s] [ 61%] [32m[1mLinking C shared library libcocoax_interfaces__rosidl_typesupport_introspection_c.so[0m
[2.680s] [ 63%] [32m[1mLinking CXX shared library libcocoax_interfaces__rosidl_typesupport_introspection_cpp.so[0m
[2.687s] [ 63%] Built target cocoax_interfaces__rosidl_typesupport_c
[2.709s] [ 63%] Built target cocoax_interfaces__rosidl_typesupport_introspection_c
[2.770s] [ 63%] Built target cocoax_interfaces__rosidl_typesupport_introspection_cpp
[2.863s] [ 65%] [32m[1mLinking CXX shared library libcocoax_interfaces__rosidl_typesupport_fastrtps_cpp.so[0m
[2.973s] [ 65%] Built target cocoax_interfaces__rosidl_typesupport_fastrtps_cpp
[2.989s] [ 68%] [34m[1mGenerating C type support for eProsima Fast-RTPS[0m
[3.273s] [35m[1mScanning dependencies of target cocoax_interfaces__rosidl_typesupport_fastrtps_c[0m
[3.294s] [ 72%] [32mBuilding CXX object CMakeFiles/cocoax_interfaces__rosidl_typesupport_fastrtps_c.dir/rosidl_typesupport_fastrtps_c/cocoax_interfaces/srv/detail/cocoa_xfk__type_support_c.cpp.o[0m
[3.294s] [ 72%] [32mBuilding CXX object CMakeFiles/cocoax_interfaces__rosidl_typesupport_fastrtps_c.dir/rosidl_typesupport_fastrtps_c/cocoax_interfaces/srv/detail/cocoa_xik__type_support_c.cpp.o[0m
[3.296s] [ 74%] [32mBuilding CXX object CMakeFiles/cocoax_interfaces__rosidl_typesupport_fastrtps_c.dir/rosidl_typesupport_fastrtps_c/cocoax_interfaces/msg/detail/cocoa_control_ref__type_support_c.cpp.o[0m
[3.618s] [ 76%] [32m[1mLinking CXX shared library libcocoax_interfaces__rosidl_typesupport_fastrtps_c.so[0m
[3.719s] [ 76%] Built target cocoax_interfaces__rosidl_typesupport_fastrtps_c
[3.746s] [ 76%] Built target cocoax_interfaces
[3.761s] [35m[1mScanning dependencies of target cocoax_interfaces__py[0m
[3.776s] [ 78%] [34m[1mGenerating Python code for ROS interfaces[0m
[4.354s] [ 78%] Built target cocoax_interfaces__py
[4.370s] [35m[1mScanning dependencies of target cocoax_interfaces__python[0m
[4.392s] [ 80%] [32mBuilding C object CMakeFiles/cocoax_interfaces__python.dir/rosidl_generator_py/cocoax_interfaces/srv/_cocoa_xik_s.c.o[0m
[4.394s] [ 82%] [32mBuilding C object CMakeFiles/cocoax_interfaces__python.dir/rosidl_generator_py/cocoax_interfaces/srv/_cocoa_xfk_s.c.o[0m
[4.395s] [ 85%] [32mBuilding C object CMakeFiles/cocoax_interfaces__python.dir/rosidl_generator_py/cocoax_interfaces/msg/_cocoa_control_ref_s.c.o[0m
[4.486s] [ 87%] [32m[1mLinking C shared library rosidl_generator_py/cocoax_interfaces/libcocoax_interfaces__python.so[0m
[4.543s] [ 87%] Built target cocoax_interfaces__python
[4.556s] [35m[1mScanning dependencies of target cocoax_interfaces__rosidl_typesupport_introspection_c__pyext[0m
[4.557s] [35m[1mScanning dependencies of target cocoax_interfaces__rosidl_typesupport_c__pyext[0m
[4.560s] [35m[1mScanning dependencies of target cocoax_interfaces__rosidl_typesupport_fastrtps_c__pyext[0m
[4.572s] [ 89%] [32mBuilding C object CMakeFiles/cocoax_interfaces__rosidl_typesupport_introspection_c__pyext.dir/rosidl_generator_py/cocoax_interfaces/_cocoax_interfaces_s.ep.rosidl_typesupport_introspection_c.c.o[0m
[4.576s] [ 91%] [32mBuilding C object CMakeFiles/cocoax_interfaces__rosidl_typesupport_c__pyext.dir/rosidl_generator_py/cocoax_interfaces/_cocoax_interfaces_s.ep.rosidl_typesupport_c.c.o[0m
[4.579s] [ 93%] [32mBuilding C object CMakeFiles/cocoax_interfaces__rosidl_typesupport_fastrtps_c__pyext.dir/rosidl_generator_py/cocoax_interfaces/_cocoax_interfaces_s.ep.rosidl_typesupport_fastrtps_c.c.o[0m
[4.654s] [ 95%] [32m[1mLinking C shared library rosidl_generator_py/cocoax_interfaces/cocoax_interfaces_s__rosidl_typesupport_introspection_c.cpython-38-x86_64-linux-gnu.so[0m
[4.660s] [ 97%] [32m[1mLinking C shared library rosidl_generator_py/cocoax_interfaces/cocoax_interfaces_s__rosidl_typesupport_c.cpython-38-x86_64-linux-gnu.so[0m
[4.663s] [100%] [32m[1mLinking CXX shared library rosidl_generator_py/cocoax_interfaces/cocoax_interfaces_s__rosidl_typesupport_fastrtps_c.cpython-38-x86_64-linux-gnu.so[0m
[4.698s] [100%] Built target cocoax_interfaces__rosidl_typesupport_introspection_c__pyext
[4.705s] [100%] Built target cocoax_interfaces__rosidl_typesupport_c__pyext
[4.722s] [100%] Built target cocoax_interfaces__rosidl_typesupport_fastrtps_c__pyext
[4.740s] Invoked command in '/home/azthorax/fra333_ws/build/cocoax_interfaces' returned '0': CMAKE_PREFIX_PATH=${CMAKE_PREFIX_PATH}:/opt/ros/foxy /usr/bin/cmake --build /home/azthorax/fra333_ws/build/cocoax_interfaces -- -j12 -l12
[4.863s] Invoking command in '/home/azthorax/fra333_ws/build/cocoax_interfaces': CMAKE_PREFIX_PATH=${CMAKE_PREFIX_PATH}:/opt/ros/foxy /usr/bin/cmake --install /home/azthorax/fra333_ws/build/cocoax_interfaces
[4.871s] -- Install configuration: ""
[4.872s] -- Execute custom install script
[4.873s] -- Up-to-date symlink: /home/azthorax/fra333_ws/install/cocoax_interfaces/share/ament_index/resource_index/rosidl_interfaces/cocoax_interfaces
[4.873s] -- Symlinking: /home/azthorax/fra333_ws/install/cocoax_interfaces/include/cocoax_interfaces/msg/cocoa_control_ref.h
[4.886s] -- Up-to-date symlink: /home/azthorax/fra333_ws/install/cocoax_interfaces/include/cocoax_interfaces/msg/cocoa_test.h
[4.886s] -- Up-to-date symlink: /home/azthorax/fra333_ws/install/cocoax_interfaces/include/cocoax_interfaces/msg/cocoa_ximu.h
[4.886s] -- Symlinking: /home/azthorax/fra333_ws/install/cocoax_interfaces/include/cocoax_interfaces/msg/detail/cocoa_control_ref__functions.h
[4.894s] -- Symlinking: /home/azthorax/fra333_ws/install/cocoax_interfaces/include/cocoax_interfaces/msg/detail/cocoa_control_ref__struct.h
[4.905s] -- Symlinking: /home/azthorax/fra333_ws/install/cocoax_interfaces/include/cocoax_interfaces/msg/detail/cocoa_control_ref__type_support.h
[4.914s] -- Up-to-date symlink: /home/azthorax/fra333_ws/install/cocoax_interfaces/include/cocoax_interfaces/msg/detail/cocoa_test__functions.h
[4.914s] -- Up-to-date symlink: /home/azthorax/fra333_ws/install/cocoax_interfaces/include/cocoax_interfaces/msg/detail/cocoa_test__struct.h
[4.915s] -- Up-to-date symlink: /home/azthorax/fra333_ws/install/cocoax_interfaces/include/cocoax_interfaces/msg/detail/cocoa_test__type_support.h
[4.915s] -- Up-to-date symlink: /home/azthorax/fra333_ws/install/cocoax_interfaces/include/cocoax_interfaces/msg/detail/cocoa_ximu__functions.h
[4.915s] -- Up-to-date symlink: /home/azthorax/fra333_ws/install/cocoax_interfaces/include/cocoax_interfaces/msg/detail/cocoa_ximu__struct.h
[4.916s] -- Up-to-date symlink: /home/azthorax/fra333_ws/install/cocoax_interfaces/include/cocoax_interfaces/msg/detail/cocoa_ximu__type_support.h
[4.916s] -- Up-to-date symlink: /home/azthorax/fra333_ws/install/cocoax_interfaces/include/cocoax_interfaces/msg/rosidl_generator_c__visibility_control.h
[4.916s] -- Up-to-date symlink: /home/azthorax/fra333_ws/install/cocoax_interfaces/include/cocoax_interfaces/srv/cocoa_xfk.h
[4.917s] -- Up-to-date symlink: /home/azthorax/fra333_ws/install/cocoax_interfaces/include/cocoax_interfaces/srv/cocoa_xik.h
[4.917s] -- Up-to-date symlink: /home/azthorax/fra333_ws/install/cocoax_interfaces/include/cocoax_interfaces/srv/detail/cocoa_xfk__functions.h
[4.917s] -- Up-to-date symlink: /home/azthorax/fra333_ws/install/cocoax_interfaces/include/cocoax_interfaces/srv/detail/cocoa_xfk__struct.h
[4.917s] -- Up-to-date symlink: /home/azthorax/fra333_ws/install/cocoax_interfaces/include/cocoax_interfaces/srv/detail/cocoa_xfk__type_support.h
[4.918s] -- Up-to-date symlink: /home/azthorax/fra333_ws/install/cocoax_interfaces/include/cocoax_interfaces/srv/detail/cocoa_xik__functions.h
[4.918s] -- Up-to-date symlink: /home/azthorax/fra333_ws/install/cocoax_interfaces/include/cocoax_interfaces/srv/detail/cocoa_xik__struct.h
[4.918s] -- Up-to-date symlink: /home/azthorax/fra333_ws/install/cocoax_interfaces/include/cocoax_interfaces/srv/detail/cocoa_xik__type_support.h
[4.919s] -- Up-to-date symlink: /home/azthorax/fra333_ws/install/cocoax_interfaces/share/cocoax_interfaces/environment/library_path.sh
[4.919s] -- Up-to-date symlink: /home/azthorax/fra333_ws/install/cocoax_interfaces/share/cocoax_interfaces/environment/library_path.dsv
[4.920s] -- Symlinking: /home/azthorax/fra333_ws/install/cocoax_interfaces/include/cocoax_interfaces/msg/detail/cocoa_control_ref__rosidl_typesupport_fastrtps_c.h
[4.932s] -- Up-to-date symlink: /home/azthorax/fra333_ws/install/cocoax_interfaces/include/cocoax_interfaces/msg/detail/cocoa_test__rosidl_typesupport_fastrtps_c.h
[4.932s] -- Up-to-date symlink: /home/azthorax/fra333_ws/install/cocoax_interfaces/include/cocoax_interfaces/msg/detail/cocoa_ximu__rosidl_typesupport_fastrtps_c.h
[4.932s] -- Up-to-date symlink: /home/azthorax/fra333_ws/install/cocoax_interfaces/include/cocoax_interfaces/msg/rosidl_typesupport_fastrtps_c__visibility_control.h
[4.933s] -- Up-to-date symlink: /home/azthorax/fra333_ws/install/cocoax_interfaces/include/cocoax_interfaces/srv/detail/cocoa_xfk__rosidl_typesupport_fastrtps_c.h
[4.933s] -- Up-to-date symlink: /home/azthorax/fra333_ws/install/cocoax_interfaces/include/cocoax_interfaces/srv/detail/cocoa_xik__rosidl_typesupport_fastrtps_c.h
[4.933s] -- Up-to-date symlink: /home/azthorax/fra333_ws/install/cocoax_interfaces/lib/libcocoax_interfaces__rosidl_typesupport_fastrtps_c.so
[4.934s] -- Symlinking: /home/azthorax/fra333_ws/install/cocoax_interfaces/include/cocoax_interfaces/msg/detail/cocoa_control_ref__rosidl_typesupport_fastrtps_cpp.hpp
[4.947s] -- Up-to-date symlink: /home/azthorax/fra333_ws/install/cocoax_interfaces/include/cocoax_interfaces/msg/detail/cocoa_test__rosidl_typesupport_fastrtps_cpp.hpp
[4.947s] -- Up-to-date symlink: /home/azthorax/fra333_ws/install/cocoax_interfaces/include/cocoax_interfaces/msg/detail/cocoa_ximu__rosidl_typesupport_fastrtps_cpp.hpp
[4.947s] -- Up-to-date symlink: /home/azthorax/fra333_ws/install/cocoax_interfaces/include/cocoax_interfaces/msg/rosidl_typesupport_fastrtps_cpp__visibility_control.h
[4.947s] -- Up-to-date symlink: /home/azthorax/fra333_ws/install/cocoax_interfaces/include/cocoax_interfaces/srv/detail/cocoa_xfk__rosidl_typesupport_fastrtps_cpp.hpp
[4.948s] -- Up-to-date symlink: /home/azthorax/fra333_ws/install/cocoax_interfaces/include/cocoax_interfaces/srv/detail/cocoa_xik__rosidl_typesupport_fastrtps_cpp.hpp
[4.949s] -- Up-to-date symlink: /home/azthorax/fra333_ws/install/cocoax_interfaces/lib/libcocoax_interfaces__rosidl_typesupport_fastrtps_cpp.so
[4.949s] -- Symlinking: /home/azthorax/fra333_ws/install/cocoax_interfaces/include/cocoax_interfaces/msg/detail/cocoa_control_ref__rosidl_typesupport_introspection_c.h
[4.957s] -- Up-to-date symlink: /home/azthorax/fra333_ws/install/cocoax_interfaces/include/cocoax_interfaces/msg/detail/cocoa_test__rosidl_typesupport_introspection_c.h
[4.957s] -- Up-to-date symlink: /home/azthorax/fra333_ws/install/cocoax_interfaces/include/cocoax_interfaces/msg/detail/cocoa_ximu__rosidl_typesupport_introspection_c.h
[4.957s] -- Up-to-date symlink: /home/azthorax/fra333_ws/install/cocoax_interfaces/include/cocoax_interfaces/msg/rosidl_typesupport_introspection_c__visibility_control.h
[4.958s] -- Up-to-date symlink: /home/azthorax/fra333_ws/install/cocoax_interfaces/include/cocoax_interfaces/srv/detail/cocoa_xfk__rosidl_typesupport_introspection_c.h
[4.958s] -- Up-to-date symlink: /home/azthorax/fra333_ws/install/cocoax_interfaces/include/cocoax_interfaces/srv/detail/cocoa_xik__rosidl_typesupport_introspection_c.h
[4.959s] -- Symlinking: /home/azthorax/fra333_ws/install/cocoax_interfaces/include/cocoax_interfaces/msg/cocoa_control_ref.hpp
[4.972s] -- Up-to-date symlink: /home/azthorax/fra333_ws/install/cocoax_interfaces/include/cocoax_interfaces/msg/cocoa_test.hpp
[4.972s] -- Up-to-date symlink: /home/azthorax/fra333_ws/install/cocoax_interfaces/include/cocoax_interfaces/msg/cocoa_ximu.hpp
[4.972s] -- Symlinking: /home/azthorax/fra333_ws/install/cocoax_interfaces/include/cocoax_interfaces/msg/detail/cocoa_control_ref__builder.hpp
[4.982s] -- Symlinking: /home/azthorax/fra333_ws/install/cocoax_interfaces/include/cocoax_interfaces/msg/detail/cocoa_control_ref__struct.hpp
[4.992s] -- Symlinking: /home/azthorax/fra333_ws/install/cocoax_interfaces/include/cocoax_interfaces/msg/detail/cocoa_control_ref__traits.hpp
[5.007s] -- Up-to-date symlink: /home/azthorax/fra333_ws/install/cocoax_interfaces/include/cocoax_interfaces/msg/detail/cocoa_test__builder.hpp
[5.007s] -- Up-to-date symlink: /home/azthorax/fra333_ws/install/cocoax_interfaces/include/cocoax_interfaces/msg/detail/cocoa_test__struct.hpp
[5.007s] -- Up-to-date symlink: /home/azthorax/fra333_ws/install/cocoax_interfaces/include/cocoax_interfaces/msg/detail/cocoa_test__traits.hpp
[5.007s] -- Up-to-date symlink: /home/azthorax/fra333_ws/install/cocoax_interfaces/include/cocoax_interfaces/msg/detail/cocoa_ximu__builder.hpp
[5.008s] -- Up-to-date symlink: /home/azthorax/fra333_ws/install/cocoax_interfaces/include/cocoax_interfaces/msg/detail/cocoa_ximu__struct.hpp
[5.008s] -- Up-to-date symlink: /home/azthorax/fra333_ws/install/cocoax_interfaces/include/cocoax_interfaces/msg/detail/cocoa_ximu__traits.hpp
[5.008s] -- Up-to-date symlink: /home/azthorax/fra333_ws/install/cocoax_interfaces/include/cocoax_interfaces/srv/cocoa_xfk.hpp
[5.009s] -- Up-to-date symlink: /home/azthorax/fra333_ws/install/cocoax_interfaces/include/cocoax_interfaces/srv/cocoa_xik.hpp
[5.009s] -- Up-to-date symlink: /home/azthorax/fra333_ws/install/cocoax_interfaces/include/cocoax_interfaces/srv/detail/cocoa_xfk__builder.hpp
[5.009s] -- Up-to-date symlink: /home/azthorax/fra333_ws/install/cocoax_interfaces/include/cocoax_interfaces/srv/detail/cocoa_xfk__struct.hpp
[5.010s] -- Up-to-date symlink: /home/azthorax/fra333_ws/install/cocoax_interfaces/include/cocoax_interfaces/srv/detail/cocoa_xfk__traits.hpp
[5.010s] -- Up-to-date symlink: /home/azthorax/fra333_ws/install/cocoax_interfaces/include/cocoax_interfaces/srv/detail/cocoa_xik__builder.hpp
[5.010s] -- Up-to-date symlink: /home/azthorax/fra333_ws/install/cocoax_interfaces/include/cocoax_interfaces/srv/detail/cocoa_xik__struct.hpp
[5.011s] -- Up-to-date symlink: /home/azthorax/fra333_ws/install/cocoax_interfaces/include/cocoax_interfaces/srv/detail/cocoa_xik__traits.hpp
[5.011s] -- Symlinking: /home/azthorax/fra333_ws/install/cocoax_interfaces/include/cocoax_interfaces/msg/detail/cocoa_control_ref__rosidl_typesupport_introspection_cpp.hpp
[5.025s] -- Up-to-date symlink: /home/azthorax/fra333_ws/install/cocoax_interfaces/include/cocoax_interfaces/msg/detail/cocoa_test__rosidl_typesupport_introspection_cpp.hpp
[5.025s] -- Up-to-date symlink: /home/azthorax/fra333_ws/install/cocoax_interfaces/include/cocoax_interfaces/msg/detail/cocoa_ximu__rosidl_typesupport_introspection_cpp.hpp
[5.025s] -- Up-to-date symlink: /home/azthorax/fra333_ws/install/cocoax_interfaces/include/cocoax_interfaces/srv/detail/cocoa_xfk__rosidl_typesupport_introspection_cpp.hpp
[5.026s] -- Up-to-date symlink: /home/azthorax/fra333_ws/install/cocoax_interfaces/include/cocoax_interfaces/srv/detail/cocoa_xik__rosidl_typesupport_introspection_cpp.hpp
[5.026s] -- Up-to-date symlink: /home/azthorax/fra333_ws/install/cocoax_interfaces/share/cocoax_interfaces/environment/pythonpath.sh
[5.026s] -- Up-to-date symlink: /home/azthorax/fra333_ws/install/cocoax_interfaces/share/cocoax_interfaces/environment/pythonpath.dsv
[5.026s] -- Up-to-date symlink: /home/azthorax/fra333_ws/install/cocoax_interfaces/lib/python3.8/site-packages/cocoax_interfaces/__init__.py
[5.027s] -- Up-to-date symlink: /home/azthorax/fra333_ws/install/cocoax_interfaces/lib/python3.8/site-packages/cocoax_interfaces/srv/__init__.py
[5.027s] -- Up-to-date symlink: /home/azthorax/fra333_ws/install/cocoax_interfaces/lib/python3.8/site-packages/cocoax_interfaces/srv/_cocoa_xfk.py
[5.027s] -- Up-to-date symlink: /home/azthorax/fra333_ws/install/cocoax_interfaces/lib/python3.8/site-packages/cocoax_interfaces/srv/_cocoa_xik.py
[5.027s] -- Up-to-date symlink: /home/azthorax/fra333_ws/install/cocoax_interfaces/lib/python3.8/site-packages/cocoax_interfaces/msg/__init__.py
[5.027s] -- Symlinking: /home/azthorax/fra333_ws/install/cocoax_interfaces/lib/python3.8/site-packages/cocoax_interfaces/msg/_cocoa_control_ref.py
[5.037s] -- Up-to-date symlink: /home/azthorax/fra333_ws/install/cocoax_interfaces/lib/python3.8/site-packages/cocoax_interfaces/msg/_cocoa_test.py
[5.037s] -- Up-to-date symlink: /home/azthorax/fra333_ws/install/cocoax_interfaces/lib/python3.8/site-packages/cocoax_interfaces/msg/_cocoa_ximu.py
[5.037s] -- Up-to-date symlink: /home/azthorax/fra333_ws/install/cocoax_interfaces/lib/python3.8/site-packages/cocoax_interfaces/cocoax_interfaces_s__rosidl_typesupport_fastrtps_c.cpython-38-x86_64-linux-gnu.so
[5.038s] -- Up-to-date symlink: /home/azthorax/fra333_ws/install/cocoax_interfaces/lib/python3.8/site-packages/cocoax_interfaces/cocoax_interfaces_s__rosidl_typesupport_introspection_c.cpython-38-x86_64-linux-gnu.so
[5.039s] -- Up-to-date symlink: /home/azthorax/fra333_ws/install/cocoax_interfaces/lib/python3.8/site-packages/cocoax_interfaces/cocoax_interfaces_s__rosidl_typesupport_c.cpython-38-x86_64-linux-gnu.so
[5.039s] -- Up-to-date symlink: /home/azthorax/fra333_ws/install/cocoax_interfaces/lib/libcocoax_interfaces__python.so
[5.040s] -- Up-to-date symlink: /home/azthorax/fra333_ws/install/cocoax_interfaces/share/cocoax_interfaces/srv/CocoaXIK.idl
[5.040s] -- Up-to-date symlink: /home/azthorax/fra333_ws/install/cocoax_interfaces/share/cocoax_interfaces/srv/CocoaXFK.idl
[5.041s] -- Symlinking: /home/azthorax/fra333_ws/install/cocoax_interfaces/share/cocoax_interfaces/msg/CocoaControlRef.idl
[5.055s] -- Up-to-date symlink: /home/azthorax/fra333_ws/install/cocoax_interfaces/share/cocoax_interfaces/srv/CocoaXIK.srv
[5.055s] -- Up-to-date symlink: /home/azthorax/fra333_ws/install/cocoax_interfaces/share/cocoax_interfaces/srv/CocoaXIK_Request.msg
[5.055s] -- Up-to-date symlink: /home/azthorax/fra333_ws/install/cocoax_interfaces/share/cocoax_interfaces/srv/CocoaXIK_Response.msg
[5.056s] -- Up-to-date symlink: /home/azthorax/fra333_ws/install/cocoax_interfaces/share/cocoax_interfaces/srv/CocoaXFK.srv
[5.056s] -- Up-to-date symlink: /home/azthorax/fra333_ws/install/cocoax_interfaces/share/cocoax_interfaces/srv/CocoaXFK_Request.msg
[5.056s] -- Up-to-date symlink: /home/azthorax/fra333_ws/install/cocoax_interfaces/share/cocoax_interfaces/srv/CocoaXFK_Response.msg
[5.057s] -- Symlinking: /home/azthorax/fra333_ws/install/cocoax_interfaces/share/cocoax_interfaces/msg/CocoaControlRef.msg
[5.071s] -- Up-to-date symlink: /home/azthorax/fra333_ws/install/cocoax_interfaces/share/ament_index/resource_index/package_run_dependencies/cocoax_interfaces
[5.071s] -- Up-to-date symlink: /home/azthorax/fra333_ws/install/cocoax_interfaces/share/ament_index/resource_index/parent_prefix_path/cocoax_interfaces
[5.072s] -- Up-to-date symlink: /home/azthorax/fra333_ws/install/cocoax_interfaces/share/cocoax_interfaces/environment/ament_prefix_path.sh
[5.072s] -- Up-to-date symlink: /home/azthorax/fra333_ws/install/cocoax_interfaces/share/cocoax_interfaces/environment/ament_prefix_path.dsv
[5.073s] -- Up-to-date symlink: /home/azthorax/fra333_ws/install/cocoax_interfaces/share/cocoax_interfaces/environment/path.sh
[5.073s] -- Up-to-date symlink: /home/azthorax/fra333_ws/install/cocoax_interfaces/share/cocoax_interfaces/environment/path.dsv
[5.074s] -- Up-to-date symlink: /home/azthorax/fra333_ws/install/cocoax_interfaces/share/cocoax_interfaces/local_setup.bash
[5.074s] -- Up-to-date symlink: /home/azthorax/fra333_ws/install/cocoax_interfaces/share/cocoax_interfaces/local_setup.sh
[5.075s] -- Up-to-date symlink: /home/azthorax/fra333_ws/install/cocoax_interfaces/share/cocoax_interfaces/local_setup.zsh
[5.075s] -- Up-to-date symlink: /home/azthorax/fra333_ws/install/cocoax_interfaces/share/cocoax_interfaces/local_setup.dsv
[5.076s] -- Symlinking: /home/azthorax/fra333_ws/install/cocoax_interfaces/share/cocoax_interfaces/package.dsv
[5.091s] -- Up-to-date symlink: /home/azthorax/fra333_ws/install/cocoax_interfaces/share/ament_index/resource_index/packages/cocoax_interfaces
[5.091s] -- Up-to-date symlink: /home/azthorax/fra333_ws/install/cocoax_interfaces/share/cocoax_interfaces/cmake/rosidl_cmake-extras.cmake
[5.092s] -- Up-to-date symlink: /home/azthorax/fra333_ws/install/cocoax_interfaces/share/cocoax_interfaces/cmake/ament_cmake_export_dependencies-extras.cmake
[5.092s] -- Up-to-date symlink: /home/azthorax/fra333_ws/install/cocoax_interfaces/share/cocoax_interfaces/cmake/ament_cmake_export_libraries-extras.cmake
[5.093s] -- Up-to-date symlink: /home/azthorax/fra333_ws/install/cocoax_interfaces/share/cocoax_interfaces/cmake/ament_cmake_export_targets-extras.cmake
[5.093s] -- Up-to-date symlink: /home/azthorax/fra333_ws/install/cocoax_interfaces/share/cocoax_interfaces/cmake/ament_cmake_export_include_directories-extras.cmake
[5.093s] -- Up-to-date symlink: /home/azthorax/fra333_ws/install/cocoax_interfaces/share/cocoax_interfaces/cmake/rosidl_cmake_export_typesupport_libraries-extras.cmake
[5.094s] -- Up-to-date symlink: /home/azthorax/fra333_ws/install/cocoax_interfaces/share/cocoax_interfaces/cmake/rosidl_cmake_export_typesupport_targets-extras.cmake
[5.094s] -- Up-to-date symlink: /home/azthorax/fra333_ws/install/cocoax_interfaces/share/cocoax_interfaces/cmake/cocoax_interfacesConfig.cmake
[5.095s] -- Up-to-date symlink: /home/azthorax/fra333_ws/install/cocoax_interfaces/share/cocoax_interfaces/cmake/cocoax_interfacesConfig-version.cmake
[5.095s] -- Up-to-date symlink: /home/azthorax/fra333_ws/install/cocoax_interfaces/share/cocoax_interfaces/package.xml
[5.096s] -- Installing: /home/azthorax/fra333_ws/install/cocoax_interfaces/lib/libcocoax_interfaces__rosidl_generator_c.so
[5.097s] -- Set runtime path of "/home/azthorax/fra333_ws/install/cocoax_interfaces/lib/libcocoax_interfaces__rosidl_generator_c.so" to ""
[5.097s] -- Installing: /home/azthorax/fra333_ws/install/cocoax_interfaces/lib/libcocoax_interfaces__rosidl_typesupport_introspection_c.so
[5.098s] -- Set runtime path of "/home/azthorax/fra333_ws/install/cocoax_interfaces/lib/libcocoax_interfaces__rosidl_typesupport_introspection_c.so" to ""
[5.098s] -- Installing: /home/azthorax/fra333_ws/install/cocoax_interfaces/lib/libcocoax_interfaces__rosidl_typesupport_c.so
[5.099s] -- Set runtime path of "/home/azthorax/fra333_ws/install/cocoax_interfaces/lib/libcocoax_interfaces__rosidl_typesupport_c.so" to ""
[5.099s] -- Installing: /home/azthorax/fra333_ws/install/cocoax_interfaces/lib/libcocoax_interfaces__rosidl_typesupport_introspection_cpp.so
[5.100s] -- Set runtime path of "/home/azthorax/fra333_ws/install/cocoax_interfaces/lib/libcocoax_interfaces__rosidl_typesupport_introspection_cpp.so" to ""
[5.100s] -- Installing: /home/azthorax/fra333_ws/install/cocoax_interfaces/lib/libcocoax_interfaces__rosidl_typesupport_cpp.so
[5.101s] -- Set runtime path of "/home/azthorax/fra333_ws/install/cocoax_interfaces/lib/libcocoax_interfaces__rosidl_typesupport_cpp.so" to ""
[5.130s] Compiling '/home/azthorax/fra333_ws/install/cocoax_interfaces/lib/python3.8/site-packages/cocoax_interfaces/__init__.py'...
[5.133s] -- Up-to-date: /home/azthorax/fra333_ws/install/cocoax_interfaces/share/cocoax_interfaces/cmake/cocoax_interfaces__rosidl_generator_cExport.cmake
[5.134s] -- Installing: /home/azthorax/fra333_ws/install/cocoax_interfaces/share/cocoax_interfaces/cmake/cocoax_interfaces__rosidl_generator_cExport-noconfig.cmake
[5.134s] -- Up-to-date: /home/azthorax/fra333_ws/install/cocoax_interfaces/share/cocoax_interfaces/cmake/cocoax_interfaces__rosidl_typesupport_introspection_cExport.cmake
[5.134s] -- Installing: /home/azthorax/fra333_ws/install/cocoax_interfaces/share/cocoax_interfaces/cmake/cocoax_interfaces__rosidl_typesupport_introspection_cExport-noconfig.cmake
[5.134s] -- Up-to-date: /home/azthorax/fra333_ws/install/cocoax_interfaces/share/cocoax_interfaces/cmake/cocoax_interfaces__rosidl_typesupport_cExport.cmake
[5.134s] -- Installing: /home/azthorax/fra333_ws/install/cocoax_interfaces/share/cocoax_interfaces/cmake/cocoax_interfaces__rosidl_typesupport_cExport-noconfig.cmake
[5.134s] -- Up-to-date: /home/azthorax/fra333_ws/install/cocoax_interfaces/share/cocoax_interfaces/cmake/cocoax_interfaces__rosidl_generator_cppExport.cmake
[5.135s] -- Up-to-date: /home/azthorax/fra333_ws/install/cocoax_interfaces/share/cocoax_interfaces/cmake/cocoax_interfaces__rosidl_typesupport_introspection_cppExport.cmake
[5.135s] -- Installing: /home/azthorax/fra333_ws/install/cocoax_interfaces/share/cocoax_interfaces/cmake/cocoax_interfaces__rosidl_typesupport_introspection_cppExport-noconfig.cmake
[5.135s] -- Up-to-date: /home/azthorax/fra333_ws/install/cocoax_interfaces/share/cocoax_interfaces/cmake/cocoax_interfaces__rosidl_typesupport_cppExport.cmake
[5.135s] -- Installing: /home/azthorax/fra333_ws/install/cocoax_interfaces/share/cocoax_interfaces/cmake/cocoax_interfaces__rosidl_typesupport_cppExport-noconfig.cmake
[5.139s] Invoked command in '/home/azthorax/fra333_ws/build/cocoax_interfaces' returned '0': CMAKE_PREFIX_PATH=${CMAKE_PREFIX_PATH}:/opt/ros/foxy /usr/bin/cmake --install /home/azthorax/fra333_ws/build/cocoax_interfaces
