[0.017s] Invoking command in '/home/azthorax/fra333_ws/build/dummy': CMAKE_PREFIX_PATH=${CMAKE_PREFIX_PATH}:/opt/ros/foxy /usr/bin/cmake --build /home/azthorax/fra333_ws/build/dummy -- -j12 -l12
[0.045s] -- Found ament_cmake: 0.9.9 (/opt/ros/foxy/share/ament_cmake/cmake)
[0.070s] -- Using PYTHON_EXECUTABLE: /usr/bin/python3
[0.239s] -- Found rclcpp: 2.4.1 (/opt/ros/foxy/share/rclcpp/cmake)
[0.267s] -- Using all available rosidl_typesupport_c: rosidl_typesupport_fastrtps_c;rosidl_typesupport_introspection_c
[0.270s] -- Found rosidl_adapter: 1.2.1 (/opt/ros/foxy/share/rosidl_adapter/cmake)
[0.373s] -- Using all available rosidl_typesupport_cpp: rosidl_typesupport_fastrtps_cpp;rosidl_typesupport_introspection_cpp
[0.415s] -- Found rmw_implementation_cmake: 1.0.3 (/opt/ros/foxy/share/rmw_implementation_cmake/cmake)
[0.416s] -- Using RMW implementation 'rmw_fastrtps_cpp' as default
[0.537s] -- Found rclpy: 1.0.8 (/opt/ros/foxy/share/rclpy/cmake)
[0.594s] -- Configuring done
[0.603s] -- Generating done
[0.604s] -- Build files have been written to: /home/azthorax/fra333_ws/build/dummy
[0.631s] [35m[1mScanning dependencies of target cpp_node_test[0m
[0.646s] [ 50%] [32mBuilding CXX object CMakeFiles/cpp_node_test.dir/src/cpp_node.cpp.o[0m
[0.841s] [100%] [32m[1mLinking CXX executable cpp_node_test[0m
[0.944s] [100%] Built target cpp_node_test
[0.954s] Invoked command in '/home/azthorax/fra333_ws/build/dummy' returned '0': CMAKE_PREFIX_PATH=${CMAKE_PREFIX_PATH}:/opt/ros/foxy /usr/bin/cmake --build /home/azthorax/fra333_ws/build/dummy -- -j12 -l12
[0.991s] Invoking command in '/home/azthorax/fra333_ws/build/dummy': CMAKE_PREFIX_PATH=${CMAKE_PREFIX_PATH}:/opt/ros/foxy /usr/bin/cmake --install /home/azthorax/fra333_ws/build/dummy
[1.004s] -- Install configuration: ""
[1.004s] -- Up-to-date: /home/azthorax/fra333_ws/install/dummy/share/dummy/environment/pythonpath.sh
[1.004s] -- Installing: /home/azthorax/fra333_ws/install/dummy/share/dummy/environment/pythonpath.dsv
[1.004s] -- Up-to-date: /home/azthorax/fra333_ws/install/dummy/lib/python3.8/site-packages/dummy
[1.005s] -- Installing: /home/azthorax/fra333_ws/install/dummy/lib/python3.8/site-packages/dummy/dummy_module.py
[1.005s] -- Installing: /home/azthorax/fra333_ws/install/dummy/lib/python3.8/site-packages/dummy/__init__.py
[1.036s] Listing '/home/azthorax/fra333_ws/install/dummy/lib/python3.8/site-packages/dummy'...
[1.036s] Compiling '/home/azthorax/fra333_ws/install/dummy/lib/python3.8/site-packages/dummy/__init__.py'...
[1.036s] Compiling '/home/azthorax/fra333_ws/install/dummy/lib/python3.8/site-packages/dummy/dummy_module.py'...
[1.040s] -- Installing: /home/azthorax/fra333_ws/install/dummy/lib/dummy/dummy_script.py
[1.040s] -- Installing: /home/azthorax/fra333_ws/install/dummy/lib/dummy/cpp_node_test
[1.041s] -- Set runtime path of "/home/azthorax/fra333_ws/install/dummy/lib/dummy/cpp_node_test" to ""
[1.041s] -- Up-to-date: /home/azthorax/fra333_ws/install/dummy/share/dummy
[1.041s] -- Up-to-date: /home/azthorax/fra333_ws/install/dummy/share/ament_index/resource_index/package_run_dependencies/dummy
[1.041s] -- Installing: /home/azthorax/fra333_ws/install/dummy/share/ament_index/resource_index/parent_prefix_path/dummy
[1.041s] -- Up-to-date: /home/azthorax/fra333_ws/install/dummy/share/dummy/environment/ament_prefix_path.sh
[1.041s] -- Installing: /home/azthorax/fra333_ws/install/dummy/share/dummy/environment/ament_prefix_path.dsv
[1.041s] -- Up-to-date: /home/azthorax/fra333_ws/install/dummy/share/dummy/environment/path.sh
[1.042s] -- Installing: /home/azthorax/fra333_ws/install/dummy/share/dummy/environment/path.dsv
[1.042s] -- Up-to-date: /home/azthorax/fra333_ws/install/dummy/share/dummy/local_setup.bash
[1.042s] -- Up-to-date: /home/azthorax/fra333_ws/install/dummy/share/dummy/local_setup.sh
[1.042s] -- Up-to-date: /home/azthorax/fra333_ws/install/dummy/share/dummy/local_setup.zsh
[1.042s] -- Installing: /home/azthorax/fra333_ws/install/dummy/share/dummy/local_setup.dsv
[1.042s] -- Installing: /home/azthorax/fra333_ws/install/dummy/share/dummy/package.dsv
[1.042s] -- Up-to-date: /home/azthorax/fra333_ws/install/dummy/share/ament_index/resource_index/packages/dummy
[1.043s] -- Up-to-date: /home/azthorax/fra333_ws/install/dummy/share/dummy/cmake/dummyConfig.cmake
[1.043s] -- Up-to-date: /home/azthorax/fra333_ws/install/dummy/share/dummy/cmake/dummyConfig-version.cmake
[1.043s] -- Installing: /home/azthorax/fra333_ws/install/dummy/share/dummy/package.xml
[1.047s] Invoked command in '/home/azthorax/fra333_ws/build/dummy' returned '0': CMAKE_PREFIX_PATH=${CMAKE_PREFIX_PATH}:/opt/ros/foxy /usr/bin/cmake --install /home/azthorax/fra333_ws/build/dummy
