[0.037s] Invoking command in '/home/azthorax/fra333_ws/build/cocoax_control': CMAKE_PREFIX_PATH=/opt/ros/foxy /usr/bin/cmake /home/azthorax/fra333_ws/src/fra333_lab4_25_v1/cocoax_control -DAMENT_CMAKE_SYMLINK_INSTALL=1 -DCMAKE_INSTALL_PREFIX=/home/azthorax/fra333_ws/install/cocoax_control
[0.099s] -- The C compiler identification is GNU 9.4.0
[0.162s] -- The CXX compiler identification is GNU 9.4.0
[0.167s] -- Check for working C compiler: /usr/bin/cc
[0.245s] -- Check for working C compiler: /usr/bin/cc -- works
[0.247s] -- Detecting C compiler ABI info
[0.314s] -- Detecting C compiler ABI info - done
[0.328s] -- Detecting C compile features
[0.328s] -- Detecting C compile features - done
[0.331s] -- Check for working CXX compiler: /usr/bin/c++
[0.403s] -- Check for working CXX compiler: /usr/bin/c++ -- works
[0.405s] -- Detecting CXX compiler ABI info
[0.489s] -- Detecting CXX compiler ABI info - done
[0.503s] -- Detecting CXX compile features
[0.504s] -- Detecting CXX compile features - done
[0.506s] -- Found ament_cmake: 0.9.11 (/opt/ros/foxy/share/ament_cmake/cmake)
[0.529s] -- Found PythonInterp: /usr/bin/python3 (found suitable version "3.8.10", minimum required is "3") 
[0.529s] -- Using PYTHON_EXECUTABLE: /usr/bin/python3
[0.720s] -- Override CMake install command with custom implementation using symlinks instead of copying resources
[0.738s] -- Found rclcpp: 2.4.2 (/opt/ros/foxy/share/rclcpp/cmake)
[0.780s] -- Using all available rosidl_typesupport_c: rosidl_typesupport_fastrtps_c;rosidl_typesupport_introspection_c
[0.786s] -- Found rosidl_adapter: 1.3.0 (/opt/ros/foxy/share/rosidl_adapter/cmake)
[0.887s] -- Found OpenSSL: /usr/lib/x86_64-linux-gnu/libcrypto.so (found version "1.1.1f")  
[0.916s] -- Found FastRTPS: /opt/ros/foxy/include  
[0.991s] -- Using all available rosidl_typesupport_cpp: rosidl_typesupport_fastrtps_cpp;rosidl_typesupport_introspection_cpp
[1.057s] -- Found rmw_implementation_cmake: 1.0.3 (/opt/ros/foxy/share/rmw_implementation_cmake/cmake)
[1.058s] -- Using RMW implementation 'rmw_fastrtps_cpp' as default
[1.060s] -- Looking for pthread.h
[1.137s] -- Looking for pthread.h - found
[1.137s] -- Performing Test CMAKE_HAVE_LIBC_PTHREAD
[1.203s] -- Performing Test CMAKE_HAVE_LIBC_PTHREAD - Failed
[1.204s] -- Looking for pthread_create in pthreads
[1.264s] -- Looking for pthread_create in pthreads - not found
[1.264s] -- Looking for pthread_create in pthread
[1.335s] -- Looking for pthread_create in pthread - found
[1.337s] -- Found Threads: TRUE  
[1.552s] -- Found rclpy: 1.0.11 (/opt/ros/foxy/share/rclpy/cmake)
[1.659s] -- Configuring done
[1.661s] -- Generating done
[1.663s] -- Build files have been written to: /home/azthorax/fra333_ws/build/cocoax_control
[1.673s] Invoked command in '/home/azthorax/fra333_ws/build/cocoax_control' returned '0': CMAKE_PREFIX_PATH=/opt/ros/foxy /usr/bin/cmake /home/azthorax/fra333_ws/src/fra333_lab4_25_v1/cocoax_control -DAMENT_CMAKE_SYMLINK_INSTALL=1 -DCMAKE_INSTALL_PREFIX=/home/azthorax/fra333_ws/install/cocoax_control
[1.676s] Invoking command in '/home/azthorax/fra333_ws/build/cocoax_control': CMAKE_PREFIX_PATH=/opt/ros/foxy /usr/bin/cmake --build /home/azthorax/fra333_ws/build/cocoax_control -- -j12 -l12
[1.713s] Invoked command in '/home/azthorax/fra333_ws/build/cocoax_control' returned '0': CMAKE_PREFIX_PATH=/opt/ros/foxy /usr/bin/cmake --build /home/azthorax/fra333_ws/build/cocoax_control -- -j12 -l12
[1.735s] Invoking command in '/home/azthorax/fra333_ws/build/cocoax_control': CMAKE_PREFIX_PATH=/opt/ros/foxy /usr/bin/cmake --install /home/azthorax/fra333_ws/build/cocoax_control
[1.742s] -- Install configuration: ""
[1.742s] -- Execute custom install script
[1.742s] -- Symlinking: /home/azthorax/fra333_ws/install/cocoax_control/share/cocoax_control/environment/pythonpath.sh
[1.750s] -- Symlinking: /home/azthorax/fra333_ws/install/cocoax_control/share/cocoax_control/environment/pythonpath.dsv
[1.758s] -- Symlinking: /home/azthorax/fra333_ws/install/cocoax_control/lib/python3.8/site-packages/cocoax_control/__init__.py
[1.766s] -- Symlinking: /home/azthorax/fra333_ws/install/cocoax_control/lib/cocoax_control/cocoax_tracker.py
[1.774s] -- Symlinking: /home/azthorax/fra333_ws/install/cocoax_control/lib/cocoax_control/cocoax_generator.py
[1.782s] -- Symlinking: /home/azthorax/fra333_ws/install/cocoax_control/lib/cocoax_control/cocoax_scheduler.py
[1.790s] -- Symlinking: /home/azthorax/fra333_ws/install/cocoax_control/share/cocoax_control/launch/cocoax_control.launch.py
[1.797s] -- Symlinking: /home/azthorax/fra333_ws/install/cocoax_control/share/cocoax_control/launch/test.launch.py
[1.805s] -- Symlinking: /home/azthorax/fra333_ws/install/cocoax_control/share/cocoax_control/config/cocoax_pid_param.yaml
[1.815s] -- Symlinking: /home/azthorax/fra333_ws/install/cocoax_control/share/ament_index/resource_index/package_run_dependencies/cocoax_control
[1.823s] -- Symlinking: /home/azthorax/fra333_ws/install/cocoax_control/share/ament_index/resource_index/parent_prefix_path/cocoax_control
[1.831s] -- Symlinking: /home/azthorax/fra333_ws/install/cocoax_control/share/cocoax_control/environment/ament_prefix_path.sh
[1.839s] -- Symlinking: /home/azthorax/fra333_ws/install/cocoax_control/share/cocoax_control/environment/ament_prefix_path.dsv
[1.849s] -- Symlinking: /home/azthorax/fra333_ws/install/cocoax_control/share/cocoax_control/environment/path.sh
[1.856s] -- Symlinking: /home/azthorax/fra333_ws/install/cocoax_control/share/cocoax_control/environment/path.dsv
[1.863s] -- Symlinking: /home/azthorax/fra333_ws/install/cocoax_control/share/cocoax_control/local_setup.bash
[1.875s] -- Symlinking: /home/azthorax/fra333_ws/install/cocoax_control/share/cocoax_control/local_setup.sh
[1.890s] -- Symlinking: /home/azthorax/fra333_ws/install/cocoax_control/share/cocoax_control/local_setup.zsh
[1.903s] -- Symlinking: /home/azthorax/fra333_ws/install/cocoax_control/share/cocoax_control/local_setup.dsv
[1.917s] -- Symlinking: /home/azthorax/fra333_ws/install/cocoax_control/share/cocoax_control/package.dsv
[1.925s] -- Symlinking: /home/azthorax/fra333_ws/install/cocoax_control/share/ament_index/resource_index/packages/cocoax_control
[1.935s] -- Symlinking: /home/azthorax/fra333_ws/install/cocoax_control/share/cocoax_control/cmake/cocoax_controlConfig.cmake
[1.949s] -- Symlinking: /home/azthorax/fra333_ws/install/cocoax_control/share/cocoax_control/cmake/cocoax_controlConfig-version.cmake
[1.957s] -- Symlinking: /home/azthorax/fra333_ws/install/cocoax_control/share/cocoax_control/package.xml
[1.996s] Listing '/home/azthorax/fra333_ws/install/cocoax_control/lib/python3.8/site-packages/cocoax_control'...
[1.996s] Compiling '/home/azthorax/fra333_ws/install/cocoax_control/lib/python3.8/site-packages/cocoax_control/__init__.py'...
[2.013s] Invoked command in '/home/azthorax/fra333_ws/build/cocoax_control' returned '0': CMAKE_PREFIX_PATH=/opt/ros/foxy /usr/bin/cmake --install /home/azthorax/fra333_ws/build/cocoax_control
