[0.066s] Invoking command in '/home/azthorax/fra333_ws/build/xicro_interfaces': CMAKE_PREFIX_PATH=${CMAKE_PREFIX_PATH}:/opt/ros/foxy /usr/bin/cmake --build /home/azthorax/fra333_ws/build/xicro_interfaces -- -j12 -l12
[0.141s] [  0%] Built target xicro_interfaces__cpp
[0.153s] [ 12%] Built target xicro_interfaces__rosidl_generator_c
[0.171s] [ 24%] Built target xicro_interfaces__rosidl_typesupport_cpp
[0.177s] [ 37%] Built target xicro_interfaces__rosidl_typesupport_introspection_cpp
[0.186s] [ 61%] Built target xicro_interfaces__rosidl_typesupport_fastrtps_cpp
[0.186s] [ 61%] Built target xicro_interfaces__rosidl_typesupport_c
[0.187s] [ 73%] Built target xicro_interfaces__rosidl_typesupport_introspection_c
[0.229s] [ 85%] Built target xicro_interfaces__rosidl_typesupport_fastrtps_c
[0.248s] [ 85%] Built target xicro_interfaces
[0.276s] [ 85%] Built target xicro_interfaces__py
[0.315s] [ 97%] Built target xicro_interfaces__python
[0.342s] [ 98%] Built target xicro_interfaces__rosidl_typesupport_fastrtps_c__pyext
[0.346s] [100%] Built target xicro_interfaces__rosidl_typesupport_introspection_c__pyext
[0.347s] [100%] Built target xicro_interfaces__rosidl_typesupport_c__pyext
[0.413s] Invoked command in '/home/azthorax/fra333_ws/build/xicro_interfaces' returned '0': CMAKE_PREFIX_PATH=${CMAKE_PREFIX_PATH}:/opt/ros/foxy /usr/bin/cmake --build /home/azthorax/fra333_ws/build/xicro_interfaces -- -j12 -l12
[0.910s] Invoking command in '/home/azthorax/fra333_ws/build/xicro_interfaces': CMAKE_PREFIX_PATH=${CMAKE_PREFIX_PATH}:/opt/ros/foxy /usr/bin/cmake --install /home/azthorax/fra333_ws/build/xicro_interfaces
[0.917s] -- Install configuration: ""
[0.918s] -- Execute custom install script
[0.918s] -- Up-to-date symlink: /home/azthorax/fra333_ws/install/xicro_interfaces/share/ament_index/resource_index/rosidl_interfaces/xicro_interfaces
[0.919s] -- Up-to-date symlink: /home/azthorax/fra333_ws/install/xicro_interfaces/include/xicro_interfaces/msg/battery_state.h
[0.920s] -- Up-to-date symlink: /home/azthorax/fra333_ws/install/xicro_interfaces/include/xicro_interfaces/msg/bool.h
[0.920s] -- Up-to-date symlink: /home/azthorax/fra333_ws/install/xicro_interfaces/include/xicro_interfaces/msg/demo_input.h
[0.920s] -- Up-to-date symlink: /home/azthorax/fra333_ws/install/xicro_interfaces/include/xicro_interfaces/msg/demo_output.h
[0.920s] -- Up-to-date symlink: /home/azthorax/fra333_ws/install/xicro_interfaces/include/xicro_interfaces/msg/detail/battery_state__functions.h
[0.921s] -- Up-to-date symlink: /home/azthorax/fra333_ws/install/xicro_interfaces/include/xicro_interfaces/msg/detail/battery_state__struct.h
[0.921s] -- Up-to-date symlink: /home/azthorax/fra333_ws/install/xicro_interfaces/include/xicro_interfaces/msg/detail/battery_state__type_support.h
[0.921s] -- Up-to-date symlink: /home/azthorax/fra333_ws/install/xicro_interfaces/include/xicro_interfaces/msg/detail/bool__functions.h
[0.921s] -- Up-to-date symlink: /home/azthorax/fra333_ws/install/xicro_interfaces/include/xicro_interfaces/msg/detail/bool__struct.h
[0.921s] -- Up-to-date symlink: /home/azthorax/fra333_ws/install/xicro_interfaces/include/xicro_interfaces/msg/detail/bool__type_support.h
[0.922s] -- Up-to-date symlink: /home/azthorax/fra333_ws/install/xicro_interfaces/include/xicro_interfaces/msg/detail/demo_input__functions.h
[0.922s] -- Up-to-date symlink: /home/azthorax/fra333_ws/install/xicro_interfaces/include/xicro_interfaces/msg/detail/demo_input__struct.h
[0.922s] -- Up-to-date symlink: /home/azthorax/fra333_ws/install/xicro_interfaces/include/xicro_interfaces/msg/detail/demo_input__type_support.h
[0.922s] -- Up-to-date symlink: /home/azthorax/fra333_ws/install/xicro_interfaces/include/xicro_interfaces/msg/detail/demo_output__functions.h
[0.922s] -- Up-to-date symlink: /home/azthorax/fra333_ws/install/xicro_interfaces/include/xicro_interfaces/msg/detail/demo_output__struct.h
[0.922s] -- Up-to-date symlink: /home/azthorax/fra333_ws/install/xicro_interfaces/include/xicro_interfaces/msg/detail/demo_output__type_support.h
[0.923s] -- Up-to-date symlink: /home/azthorax/fra333_ws/install/xicro_interfaces/include/xicro_interfaces/msg/detail/float32__functions.h
[0.923s] -- Up-to-date symlink: /home/azthorax/fra333_ws/install/xicro_interfaces/include/xicro_interfaces/msg/detail/float32__struct.h
[0.923s] -- Up-to-date symlink: /home/azthorax/fra333_ws/install/xicro_interfaces/include/xicro_interfaces/msg/detail/float32__type_support.h
[0.923s] -- Up-to-date symlink: /home/azthorax/fra333_ws/install/xicro_interfaces/include/xicro_interfaces/msg/detail/header__functions.h
[0.923s] -- Up-to-date symlink: /home/azthorax/fra333_ws/install/xicro_interfaces/include/xicro_interfaces/msg/detail/header__struct.h
[0.924s] -- Up-to-date symlink: /home/azthorax/fra333_ws/install/xicro_interfaces/include/xicro_interfaces/msg/detail/header__type_support.h
[0.924s] -- Up-to-date symlink: /home/azthorax/fra333_ws/install/xicro_interfaces/include/xicro_interfaces/msg/detail/imu__functions.h
[0.924s] -- Up-to-date symlink: /home/azthorax/fra333_ws/install/xicro_interfaces/include/xicro_interfaces/msg/detail/imu__struct.h
[0.924s] -- Up-to-date symlink: /home/azthorax/fra333_ws/install/xicro_interfaces/include/xicro_interfaces/msg/detail/imu__type_support.h
[0.924s] -- Up-to-date symlink: /home/azthorax/fra333_ws/install/xicro_interfaces/include/xicro_interfaces/msg/detail/int16__functions.h
[0.924s] -- Up-to-date symlink: /home/azthorax/fra333_ws/install/xicro_interfaces/include/xicro_interfaces/msg/detail/int16__struct.h
[0.925s] -- Up-to-date symlink: /home/azthorax/fra333_ws/install/xicro_interfaces/include/xicro_interfaces/msg/detail/int16__type_support.h
[0.925s] -- Up-to-date symlink: /home/azthorax/fra333_ws/install/xicro_interfaces/include/xicro_interfaces/msg/detail/int32__functions.h
[0.925s] -- Up-to-date symlink: /home/azthorax/fra333_ws/install/xicro_interfaces/include/xicro_interfaces/msg/detail/int32__struct.h
[0.925s] -- Up-to-date symlink: /home/azthorax/fra333_ws/install/xicro_interfaces/include/xicro_interfaces/msg/detail/int32__type_support.h
[0.925s] -- Up-to-date symlink: /home/azthorax/fra333_ws/install/xicro_interfaces/include/xicro_interfaces/msg/detail/int64__functions.h
[0.926s] -- Up-to-date symlink: /home/azthorax/fra333_ws/install/xicro_interfaces/include/xicro_interfaces/msg/detail/int64__struct.h
[0.926s] -- Up-to-date symlink: /home/azthorax/fra333_ws/install/xicro_interfaces/include/xicro_interfaces/msg/detail/int64__type_support.h
[0.926s] -- Up-to-date symlink: /home/azthorax/fra333_ws/install/xicro_interfaces/include/xicro_interfaces/msg/detail/int8__functions.h
[0.926s] -- Up-to-date symlink: /home/azthorax/fra333_ws/install/xicro_interfaces/include/xicro_interfaces/msg/detail/int8__struct.h
[0.926s] -- Up-to-date symlink: /home/azthorax/fra333_ws/install/xicro_interfaces/include/xicro_interfaces/msg/detail/int8__type_support.h
[0.926s] -- Up-to-date symlink: /home/azthorax/fra333_ws/install/xicro_interfaces/include/xicro_interfaces/msg/detail/joint_state__functions.h
[0.927s] -- Up-to-date symlink: /home/azthorax/fra333_ws/install/xicro_interfaces/include/xicro_interfaces/msg/detail/joint_state__struct.h
[0.927s] -- Up-to-date symlink: /home/azthorax/fra333_ws/install/xicro_interfaces/include/xicro_interfaces/msg/detail/joint_state__type_support.h
[0.927s] -- Up-to-date symlink: /home/azthorax/fra333_ws/install/xicro_interfaces/include/xicro_interfaces/msg/detail/point__functions.h
[0.927s] -- Up-to-date symlink: /home/azthorax/fra333_ws/install/xicro_interfaces/include/xicro_interfaces/msg/detail/point__struct.h
[0.927s] -- Up-to-date symlink: /home/azthorax/fra333_ws/install/xicro_interfaces/include/xicro_interfaces/msg/detail/point__type_support.h
[0.928s] -- Up-to-date symlink: /home/azthorax/fra333_ws/install/xicro_interfaces/include/xicro_interfaces/msg/detail/pose2_d__functions.h
[0.928s] -- Up-to-date symlink: /home/azthorax/fra333_ws/install/xicro_interfaces/include/xicro_interfaces/msg/detail/pose2_d__struct.h
[0.928s] -- Up-to-date symlink: /home/azthorax/fra333_ws/install/xicro_interfaces/include/xicro_interfaces/msg/detail/pose2_d__type_support.h
[0.928s] -- Up-to-date symlink: /home/azthorax/fra333_ws/install/xicro_interfaces/include/xicro_interfaces/msg/detail/pose__functions.h
[0.928s] -- Up-to-date symlink: /home/azthorax/fra333_ws/install/xicro_interfaces/include/xicro_interfaces/msg/detail/pose__struct.h
[0.929s] -- Up-to-date symlink: /home/azthorax/fra333_ws/install/xicro_interfaces/include/xicro_interfaces/msg/detail/pose__type_support.h
[0.929s] -- Up-to-date symlink: /home/azthorax/fra333_ws/install/xicro_interfaces/include/xicro_interfaces/msg/detail/pose_with_covariance__functions.h
[0.929s] -- Up-to-date symlink: /home/azthorax/fra333_ws/install/xicro_interfaces/include/xicro_interfaces/msg/detail/pose_with_covariance__struct.h
[0.929s] -- Up-to-date symlink: /home/azthorax/fra333_ws/install/xicro_interfaces/include/xicro_interfaces/msg/detail/pose_with_covariance__type_support.h
[0.929s] -- Up-to-date symlink: /home/azthorax/fra333_ws/install/xicro_interfaces/include/xicro_interfaces/msg/detail/quaternion__functions.h
[0.929s] -- Up-to-date symlink: /home/azthorax/fra333_ws/install/xicro_interfaces/include/xicro_interfaces/msg/detail/quaternion__struct.h
[0.929s] -- Up-to-date symlink: /home/azthorax/fra333_ws/install/xicro_interfaces/include/xicro_interfaces/msg/detail/quaternion__type_support.h
[0.929s] -- Up-to-date symlink: /home/azthorax/fra333_ws/install/xicro_interfaces/include/xicro_interfaces/msg/detail/temperature__functions.h
[0.929s] -- Up-to-date symlink: /home/azthorax/fra333_ws/install/xicro_interfaces/include/xicro_interfaces/msg/detail/temperature__struct.h
[0.929s] -- Up-to-date symlink: /home/azthorax/fra333_ws/install/xicro_interfaces/include/xicro_interfaces/msg/detail/temperature__type_support.h
[0.929s] -- Up-to-date symlink: /home/azthorax/fra333_ws/install/xicro_interfaces/include/xicro_interfaces/msg/detail/time__functions.h
[0.930s] -- Up-to-date symlink: /home/azthorax/fra333_ws/install/xicro_interfaces/include/xicro_interfaces/msg/detail/time__struct.h
[0.930s] -- Up-to-date symlink: /home/azthorax/fra333_ws/install/xicro_interfaces/include/xicro_interfaces/msg/detail/time__type_support.h
[0.930s] -- Up-to-date symlink: /home/azthorax/fra333_ws/install/xicro_interfaces/include/xicro_interfaces/msg/detail/twist__functions.h
[0.930s] -- Up-to-date symlink: /home/azthorax/fra333_ws/install/xicro_interfaces/include/xicro_interfaces/msg/detail/twist__struct.h
[0.930s] -- Up-to-date symlink: /home/azthorax/fra333_ws/install/xicro_interfaces/include/xicro_interfaces/msg/detail/twist__type_support.h
[0.930s] -- Up-to-date symlink: /home/azthorax/fra333_ws/install/xicro_interfaces/include/xicro_interfaces/msg/detail/uint16__functions.h
[0.930s] -- Up-to-date symlink: /home/azthorax/fra333_ws/install/xicro_interfaces/include/xicro_interfaces/msg/detail/uint16__struct.h
[0.930s] -- Up-to-date symlink: /home/azthorax/fra333_ws/install/xicro_interfaces/include/xicro_interfaces/msg/detail/uint16__type_support.h
[0.930s] -- Up-to-date symlink: /home/azthorax/fra333_ws/install/xicro_interfaces/include/xicro_interfaces/msg/detail/uint32__functions.h
[0.930s] -- Up-to-date symlink: /home/azthorax/fra333_ws/install/xicro_interfaces/include/xicro_interfaces/msg/detail/uint32__struct.h
[0.930s] -- Up-to-date symlink: /home/azthorax/fra333_ws/install/xicro_interfaces/include/xicro_interfaces/msg/detail/uint32__type_support.h
[0.930s] -- Up-to-date symlink: /home/azthorax/fra333_ws/install/xicro_interfaces/include/xicro_interfaces/msg/detail/uint64__functions.h
[0.930s] -- Up-to-date symlink: /home/azthorax/fra333_ws/install/xicro_interfaces/include/xicro_interfaces/msg/detail/uint64__struct.h
[0.930s] -- Up-to-date symlink: /home/azthorax/fra333_ws/install/xicro_interfaces/include/xicro_interfaces/msg/detail/uint64__type_support.h
[0.930s] -- Up-to-date symlink: /home/azthorax/fra333_ws/install/xicro_interfaces/include/xicro_interfaces/msg/detail/uint8__functions.h
[0.931s] -- Up-to-date symlink: /home/azthorax/fra333_ws/install/xicro_interfaces/include/xicro_interfaces/msg/detail/uint8__struct.h
[0.931s] -- Up-to-date symlink: /home/azthorax/fra333_ws/install/xicro_interfaces/include/xicro_interfaces/msg/detail/uint8__type_support.h
[0.931s] -- Up-to-date symlink: /home/azthorax/fra333_ws/install/xicro_interfaces/include/xicro_interfaces/msg/detail/vector3__functions.h
[0.931s] -- Up-to-date symlink: /home/azthorax/fra333_ws/install/xicro_interfaces/include/xicro_interfaces/msg/detail/vector3__struct.h
[0.931s] -- Up-to-date symlink: /home/azthorax/fra333_ws/install/xicro_interfaces/include/xicro_interfaces/msg/detail/vector3__type_support.h
[0.931s] -- Up-to-date symlink: /home/azthorax/fra333_ws/install/xicro_interfaces/include/xicro_interfaces/msg/float32.h
[0.931s] -- Up-to-date symlink: /home/azthorax/fra333_ws/install/xicro_interfaces/include/xicro_interfaces/msg/header.h
[0.931s] -- Up-to-date symlink: /home/azthorax/fra333_ws/install/xicro_interfaces/include/xicro_interfaces/msg/imu.h
[0.931s] -- Up-to-date symlink: /home/azthorax/fra333_ws/install/xicro_interfaces/include/xicro_interfaces/msg/int16.h
[0.931s] -- Up-to-date symlink: /home/azthorax/fra333_ws/install/xicro_interfaces/include/xicro_interfaces/msg/int32.h
[0.931s] -- Up-to-date symlink: /home/azthorax/fra333_ws/install/xicro_interfaces/include/xicro_interfaces/msg/int64.h
[0.931s] -- Up-to-date symlink: /home/azthorax/fra333_ws/install/xicro_interfaces/include/xicro_interfaces/msg/int8.h
[0.931s] -- Up-to-date symlink: /home/azthorax/fra333_ws/install/xicro_interfaces/include/xicro_interfaces/msg/joint_state.h
[0.931s] -- Up-to-date symlink: /home/azthorax/fra333_ws/install/xicro_interfaces/include/xicro_interfaces/msg/point.h
[0.931s] -- Up-to-date symlink: /home/azthorax/fra333_ws/install/xicro_interfaces/include/xicro_interfaces/msg/pose.h
[0.931s] -- Up-to-date symlink: /home/azthorax/fra333_ws/install/xicro_interfaces/include/xicro_interfaces/msg/pose2_d.h
[0.932s] -- Up-to-date symlink: /home/azthorax/fra333_ws/install/xicro_interfaces/include/xicro_interfaces/msg/pose_with_covariance.h
[0.932s] -- Up-to-date symlink: /home/azthorax/fra333_ws/install/xicro_interfaces/include/xicro_interfaces/msg/quaternion.h
[0.932s] -- Up-to-date symlink: /home/azthorax/fra333_ws/install/xicro_interfaces/include/xicro_interfaces/msg/rosidl_generator_c__visibility_control.h
[0.932s] -- Up-to-date symlink: /home/azthorax/fra333_ws/install/xicro_interfaces/include/xicro_interfaces/msg/temperature.h
[0.932s] -- Up-to-date symlink: /home/azthorax/fra333_ws/install/xicro_interfaces/include/xicro_interfaces/msg/time.h
[0.932s] -- Up-to-date symlink: /home/azthorax/fra333_ws/install/xicro_interfaces/include/xicro_interfaces/msg/twist.h
[0.932s] -- Up-to-date symlink: /home/azthorax/fra333_ws/install/xicro_interfaces/include/xicro_interfaces/msg/uint16.h
[0.932s] -- Up-to-date symlink: /home/azthorax/fra333_ws/install/xicro_interfaces/include/xicro_interfaces/msg/uint32.h
[0.932s] -- Up-to-date symlink: /home/azthorax/fra333_ws/install/xicro_interfaces/include/xicro_interfaces/msg/uint64.h
[0.932s] -- Up-to-date symlink: /home/azthorax/fra333_ws/install/xicro_interfaces/include/xicro_interfaces/msg/uint8.h
[0.932s] -- Up-to-date symlink: /home/azthorax/fra333_ws/install/xicro_interfaces/include/xicro_interfaces/msg/vector3.h
[0.932s] -- Up-to-date symlink: /home/azthorax/fra333_ws/install/xicro_interfaces/share/xicro_interfaces/environment/library_path.sh
[0.932s] -- Up-to-date symlink: /home/azthorax/fra333_ws/install/xicro_interfaces/share/xicro_interfaces/environment/library_path.dsv
[0.935s] -- Up-to-date symlink: /home/azthorax/fra333_ws/install/xicro_interfaces/include/xicro_interfaces/msg/detail/battery_state__rosidl_typesupport_fastrtps_c.h
[0.935s] -- Up-to-date symlink: /home/azthorax/fra333_ws/install/xicro_interfaces/include/xicro_interfaces/msg/detail/bool__rosidl_typesupport_fastrtps_c.h
[0.935s] -- Up-to-date symlink: /home/azthorax/fra333_ws/install/xicro_interfaces/include/xicro_interfaces/msg/detail/demo_input__rosidl_typesupport_fastrtps_c.h
[0.935s] -- Up-to-date symlink: /home/azthorax/fra333_ws/install/xicro_interfaces/include/xicro_interfaces/msg/detail/demo_output__rosidl_typesupport_fastrtps_c.h
[0.935s] -- Up-to-date symlink: /home/azthorax/fra333_ws/install/xicro_interfaces/include/xicro_interfaces/msg/detail/float32__rosidl_typesupport_fastrtps_c.h
[0.935s] -- Up-to-date symlink: /home/azthorax/fra333_ws/install/xicro_interfaces/include/xicro_interfaces/msg/detail/header__rosidl_typesupport_fastrtps_c.h
[0.936s] -- Up-to-date symlink: /home/azthorax/fra333_ws/install/xicro_interfaces/include/xicro_interfaces/msg/detail/imu__rosidl_typesupport_fastrtps_c.h
[0.936s] -- Up-to-date symlink: /home/azthorax/fra333_ws/install/xicro_interfaces/include/xicro_interfaces/msg/detail/int16__rosidl_typesupport_fastrtps_c.h
[0.936s] -- Up-to-date symlink: /home/azthorax/fra333_ws/install/xicro_interfaces/include/xicro_interfaces/msg/detail/int32__rosidl_typesupport_fastrtps_c.h
[0.936s] -- Up-to-date symlink: /home/azthorax/fra333_ws/install/xicro_interfaces/include/xicro_interfaces/msg/detail/int64__rosidl_typesupport_fastrtps_c.h
[0.936s] -- Up-to-date symlink: /home/azthorax/fra333_ws/install/xicro_interfaces/include/xicro_interfaces/msg/detail/int8__rosidl_typesupport_fastrtps_c.h
[0.936s] -- Up-to-date symlink: /home/azthorax/fra333_ws/install/xicro_interfaces/include/xicro_interfaces/msg/detail/joint_state__rosidl_typesupport_fastrtps_c.h
[0.936s] -- Up-to-date symlink: /home/azthorax/fra333_ws/install/xicro_interfaces/include/xicro_interfaces/msg/detail/point__rosidl_typesupport_fastrtps_c.h
[0.936s] -- Up-to-date symlink: /home/azthorax/fra333_ws/install/xicro_interfaces/include/xicro_interfaces/msg/detail/pose2_d__rosidl_typesupport_fastrtps_c.h
[0.937s] -- Up-to-date symlink: /home/azthorax/fra333_ws/install/xicro_interfaces/include/xicro_interfaces/msg/detail/pose__rosidl_typesupport_fastrtps_c.h
[0.937s] -- Up-to-date symlink: /home/azthorax/fra333_ws/install/xicro_interfaces/include/xicro_interfaces/msg/detail/pose_with_covariance__rosidl_typesupport_fastrtps_c.h
[0.937s] -- Up-to-date symlink: /home/azthorax/fra333_ws/install/xicro_interfaces/include/xicro_interfaces/msg/detail/quaternion__rosidl_typesupport_fastrtps_c.h
[0.937s] -- Up-to-date symlink: /home/azthorax/fra333_ws/install/xicro_interfaces/include/xicro_interfaces/msg/detail/temperature__rosidl_typesupport_fastrtps_c.h
[0.937s] -- Up-to-date symlink: /home/azthorax/fra333_ws/install/xicro_interfaces/include/xicro_interfaces/msg/detail/time__rosidl_typesupport_fastrtps_c.h
[0.937s] -- Up-to-date symlink: /home/azthorax/fra333_ws/install/xicro_interfaces/include/xicro_interfaces/msg/detail/twist__rosidl_typesupport_fastrtps_c.h
[0.937s] -- Up-to-date symlink: /home/azthorax/fra333_ws/install/xicro_interfaces/include/xicro_interfaces/msg/detail/uint16__rosidl_typesupport_fastrtps_c.h
[0.937s] -- Up-to-date symlink: /home/azthorax/fra333_ws/install/xicro_interfaces/include/xicro_interfaces/msg/detail/uint32__rosidl_typesupport_fastrtps_c.h
[0.937s] -- Up-to-date symlink: /home/azthorax/fra333_ws/install/xicro_interfaces/include/xicro_interfaces/msg/detail/uint64__rosidl_typesupport_fastrtps_c.h
[0.938s] -- Up-to-date symlink: /home/azthorax/fra333_ws/install/xicro_interfaces/include/xicro_interfaces/msg/detail/uint8__rosidl_typesupport_fastrtps_c.h
[0.938s] -- Up-to-date symlink: /home/azthorax/fra333_ws/install/xicro_interfaces/include/xicro_interfaces/msg/detail/vector3__rosidl_typesupport_fastrtps_c.h
[0.938s] -- Up-to-date symlink: /home/azthorax/fra333_ws/install/xicro_interfaces/include/xicro_interfaces/msg/rosidl_typesupport_fastrtps_c__visibility_control.h
[0.938s] -- Up-to-date symlink: /home/azthorax/fra333_ws/install/xicro_interfaces/lib/libxicro_interfaces__rosidl_typesupport_fastrtps_c.so
[0.939s] -- Up-to-date symlink: /home/azthorax/fra333_ws/install/xicro_interfaces/include/xicro_interfaces/msg/detail/battery_state__rosidl_typesupport_fastrtps_cpp.hpp
[0.939s] -- Up-to-date symlink: /home/azthorax/fra333_ws/install/xicro_interfaces/include/xicro_interfaces/msg/detail/bool__rosidl_typesupport_fastrtps_cpp.hpp
[0.939s] -- Up-to-date symlink: /home/azthorax/fra333_ws/install/xicro_interfaces/include/xicro_interfaces/msg/detail/demo_input__rosidl_typesupport_fastrtps_cpp.hpp
[0.940s] -- Up-to-date symlink: /home/azthorax/fra333_ws/install/xicro_interfaces/include/xicro_interfaces/msg/detail/demo_output__rosidl_typesupport_fastrtps_cpp.hpp
[0.940s] -- Up-to-date symlink: /home/azthorax/fra333_ws/install/xicro_interfaces/include/xicro_interfaces/msg/detail/float32__rosidl_typesupport_fastrtps_cpp.hpp
[0.940s] -- Up-to-date symlink: /home/azthorax/fra333_ws/install/xicro_interfaces/include/xicro_interfaces/msg/detail/header__rosidl_typesupport_fastrtps_cpp.hpp
[0.940s] -- Up-to-date symlink: /home/azthorax/fra333_ws/install/xicro_interfaces/include/xicro_interfaces/msg/detail/imu__rosidl_typesupport_fastrtps_cpp.hpp
[0.940s] -- Up-to-date symlink: /home/azthorax/fra333_ws/install/xicro_interfaces/include/xicro_interfaces/msg/detail/int16__rosidl_typesupport_fastrtps_cpp.hpp
[0.940s] -- Up-to-date symlink: /home/azthorax/fra333_ws/install/xicro_interfaces/include/xicro_interfaces/msg/detail/int32__rosidl_typesupport_fastrtps_cpp.hpp
[0.940s] -- Up-to-date symlink: /home/azthorax/fra333_ws/install/xicro_interfaces/include/xicro_interfaces/msg/detail/int64__rosidl_typesupport_fastrtps_cpp.hpp
[0.940s] -- Up-to-date symlink: /home/azthorax/fra333_ws/install/xicro_interfaces/include/xicro_interfaces/msg/detail/int8__rosidl_typesupport_fastrtps_cpp.hpp
[0.940s] -- Up-to-date symlink: /home/azthorax/fra333_ws/install/xicro_interfaces/include/xicro_interfaces/msg/detail/joint_state__rosidl_typesupport_fastrtps_cpp.hpp
[0.941s] -- Up-to-date symlink: /home/azthorax/fra333_ws/install/xicro_interfaces/include/xicro_interfaces/msg/detail/point__rosidl_typesupport_fastrtps_cpp.hpp
[0.941s] -- Up-to-date symlink: /home/azthorax/fra333_ws/install/xicro_interfaces/include/xicro_interfaces/msg/detail/pose2_d__rosidl_typesupport_fastrtps_cpp.hpp
[0.941s] -- Up-to-date symlink: /home/azthorax/fra333_ws/install/xicro_interfaces/include/xicro_interfaces/msg/detail/pose__rosidl_typesupport_fastrtps_cpp.hpp
[0.941s] -- Up-to-date symlink: /home/azthorax/fra333_ws/install/xicro_interfaces/include/xicro_interfaces/msg/detail/pose_with_covariance__rosidl_typesupport_fastrtps_cpp.hpp
[0.941s] -- Up-to-date symlink: /home/azthorax/fra333_ws/install/xicro_interfaces/include/xicro_interfaces/msg/detail/quaternion__rosidl_typesupport_fastrtps_cpp.hpp
[0.941s] -- Up-to-date symlink: /home/azthorax/fra333_ws/install/xicro_interfaces/include/xicro_interfaces/msg/detail/temperature__rosidl_typesupport_fastrtps_cpp.hpp
[0.941s] -- Up-to-date symlink: /home/azthorax/fra333_ws/install/xicro_interfaces/include/xicro_interfaces/msg/detail/time__rosidl_typesupport_fastrtps_cpp.hpp
[0.941s] -- Up-to-date symlink: /home/azthorax/fra333_ws/install/xicro_interfaces/include/xicro_interfaces/msg/detail/twist__rosidl_typesupport_fastrtps_cpp.hpp
[0.942s] -- Up-to-date symlink: /home/azthorax/fra333_ws/install/xicro_interfaces/include/xicro_interfaces/msg/detail/uint16__rosidl_typesupport_fastrtps_cpp.hpp
[0.942s] -- Up-to-date symlink: /home/azthorax/fra333_ws/install/xicro_interfaces/include/xicro_interfaces/msg/detail/uint32__rosidl_typesupport_fastrtps_cpp.hpp
[0.942s] -- Up-to-date symlink: /home/azthorax/fra333_ws/install/xicro_interfaces/include/xicro_interfaces/msg/detail/uint64__rosidl_typesupport_fastrtps_cpp.hpp
[0.942s] -- Up-to-date symlink: /home/azthorax/fra333_ws/install/xicro_interfaces/include/xicro_interfaces/msg/detail/uint8__rosidl_typesupport_fastrtps_cpp.hpp
[0.942s] -- Up-to-date symlink: /home/azthorax/fra333_ws/install/xicro_interfaces/include/xicro_interfaces/msg/detail/vector3__rosidl_typesupport_fastrtps_cpp.hpp
[0.942s] -- Up-to-date symlink: /home/azthorax/fra333_ws/install/xicro_interfaces/include/xicro_interfaces/msg/rosidl_typesupport_fastrtps_cpp__visibility_control.h
[0.942s] -- Up-to-date symlink: /home/azthorax/fra333_ws/install/xicro_interfaces/lib/libxicro_interfaces__rosidl_typesupport_fastrtps_cpp.so
[0.943s] -- Up-to-date symlink: /home/azthorax/fra333_ws/install/xicro_interfaces/include/xicro_interfaces/msg/detail/battery_state__rosidl_typesupport_introspection_c.h
[0.943s] -- Up-to-date symlink: /home/azthorax/fra333_ws/install/xicro_interfaces/include/xicro_interfaces/msg/detail/bool__rosidl_typesupport_introspection_c.h
[0.943s] -- Up-to-date symlink: /home/azthorax/fra333_ws/install/xicro_interfaces/include/xicro_interfaces/msg/detail/demo_input__rosidl_typesupport_introspection_c.h
[0.943s] -- Up-to-date symlink: /home/azthorax/fra333_ws/install/xicro_interfaces/include/xicro_interfaces/msg/detail/demo_output__rosidl_typesupport_introspection_c.h
[0.944s] -- Up-to-date symlink: /home/azthorax/fra333_ws/install/xicro_interfaces/include/xicro_interfaces/msg/detail/float32__rosidl_typesupport_introspection_c.h
[0.944s] -- Up-to-date symlink: /home/azthorax/fra333_ws/install/xicro_interfaces/include/xicro_interfaces/msg/detail/header__rosidl_typesupport_introspection_c.h
[0.944s] -- Up-to-date symlink: /home/azthorax/fra333_ws/install/xicro_interfaces/include/xicro_interfaces/msg/detail/imu__rosidl_typesupport_introspection_c.h
[0.944s] -- Up-to-date symlink: /home/azthorax/fra333_ws/install/xicro_interfaces/include/xicro_interfaces/msg/detail/int16__rosidl_typesupport_introspection_c.h
[0.944s] -- Up-to-date symlink: /home/azthorax/fra333_ws/install/xicro_interfaces/include/xicro_interfaces/msg/detail/int32__rosidl_typesupport_introspection_c.h
[0.944s] -- Up-to-date symlink: /home/azthorax/fra333_ws/install/xicro_interfaces/include/xicro_interfaces/msg/detail/int64__rosidl_typesupport_introspection_c.h
[0.944s] -- Up-to-date symlink: /home/azthorax/fra333_ws/install/xicro_interfaces/include/xicro_interfaces/msg/detail/int8__rosidl_typesupport_introspection_c.h
[0.944s] -- Up-to-date symlink: /home/azthorax/fra333_ws/install/xicro_interfaces/include/xicro_interfaces/msg/detail/joint_state__rosidl_typesupport_introspection_c.h
[0.944s] -- Up-to-date symlink: /home/azthorax/fra333_ws/install/xicro_interfaces/include/xicro_interfaces/msg/detail/point__rosidl_typesupport_introspection_c.h
[0.945s] -- Up-to-date symlink: /home/azthorax/fra333_ws/install/xicro_interfaces/include/xicro_interfaces/msg/detail/pose2_d__rosidl_typesupport_introspection_c.h
[0.945s] -- Up-to-date symlink: /home/azthorax/fra333_ws/install/xicro_interfaces/include/xicro_interfaces/msg/detail/pose__rosidl_typesupport_introspection_c.h
[0.945s] -- Up-to-date symlink: /home/azthorax/fra333_ws/install/xicro_interfaces/include/xicro_interfaces/msg/detail/pose_with_covariance__rosidl_typesupport_introspection_c.h
[0.945s] -- Up-to-date symlink: /home/azthorax/fra333_ws/install/xicro_interfaces/include/xicro_interfaces/msg/detail/quaternion__rosidl_typesupport_introspection_c.h
[0.945s] -- Up-to-date symlink: /home/azthorax/fra333_ws/install/xicro_interfaces/include/xicro_interfaces/msg/detail/temperature__rosidl_typesupport_introspection_c.h
[0.945s] -- Up-to-date symlink: /home/azthorax/fra333_ws/install/xicro_interfaces/include/xicro_interfaces/msg/detail/time__rosidl_typesupport_introspection_c.h
[0.945s] -- Up-to-date symlink: /home/azthorax/fra333_ws/install/xicro_interfaces/include/xicro_interfaces/msg/detail/twist__rosidl_typesupport_introspection_c.h
[0.945s] -- Up-to-date symlink: /home/azthorax/fra333_ws/install/xicro_interfaces/include/xicro_interfaces/msg/detail/uint16__rosidl_typesupport_introspection_c.h
[0.946s] -- Up-to-date symlink: /home/azthorax/fra333_ws/install/xicro_interfaces/include/xicro_interfaces/msg/detail/uint32__rosidl_typesupport_introspection_c.h
[0.946s] -- Up-to-date symlink: /home/azthorax/fra333_ws/install/xicro_interfaces/include/xicro_interfaces/msg/detail/uint64__rosidl_typesupport_introspection_c.h
[0.946s] -- Up-to-date symlink: /home/azthorax/fra333_ws/install/xicro_interfaces/include/xicro_interfaces/msg/detail/uint8__rosidl_typesupport_introspection_c.h
[0.946s] -- Up-to-date symlink: /home/azthorax/fra333_ws/install/xicro_interfaces/include/xicro_interfaces/msg/detail/vector3__rosidl_typesupport_introspection_c.h
[0.946s] -- Up-to-date symlink: /home/azthorax/fra333_ws/install/xicro_interfaces/include/xicro_interfaces/msg/rosidl_typesupport_introspection_c__visibility_control.h
[0.947s] -- Up-to-date symlink: /home/azthorax/fra333_ws/install/xicro_interfaces/include/xicro_interfaces/msg/battery_state.hpp
[0.947s] -- Up-to-date symlink: /home/azthorax/fra333_ws/install/xicro_interfaces/include/xicro_interfaces/msg/bool.hpp
[0.948s] -- Up-to-date symlink: /home/azthorax/fra333_ws/install/xicro_interfaces/include/xicro_interfaces/msg/demo_input.hpp
[0.948s] -- Up-to-date symlink: /home/azthorax/fra333_ws/install/xicro_interfaces/include/xicro_interfaces/msg/demo_output.hpp
[0.948s] -- Up-to-date symlink: /home/azthorax/fra333_ws/install/xicro_interfaces/include/xicro_interfaces/msg/detail/battery_state__builder.hpp
[0.948s] -- Up-to-date symlink: /home/azthorax/fra333_ws/install/xicro_interfaces/include/xicro_interfaces/msg/detail/battery_state__struct.hpp
[0.948s] -- Up-to-date symlink: /home/azthorax/fra333_ws/install/xicro_interfaces/include/xicro_interfaces/msg/detail/battery_state__traits.hpp
[0.948s] -- Up-to-date symlink: /home/azthorax/fra333_ws/install/xicro_interfaces/include/xicro_interfaces/msg/detail/bool__builder.hpp
[0.949s] -- Up-to-date symlink: /home/azthorax/fra333_ws/install/xicro_interfaces/include/xicro_interfaces/msg/detail/bool__struct.hpp
[0.949s] -- Up-to-date symlink: /home/azthorax/fra333_ws/install/xicro_interfaces/include/xicro_interfaces/msg/detail/bool__traits.hpp
[0.949s] -- Up-to-date symlink: /home/azthorax/fra333_ws/install/xicro_interfaces/include/xicro_interfaces/msg/detail/demo_input__builder.hpp
[0.949s] -- Up-to-date symlink: /home/azthorax/fra333_ws/install/xicro_interfaces/include/xicro_interfaces/msg/detail/demo_input__struct.hpp
[0.949s] -- Up-to-date symlink: /home/azthorax/fra333_ws/install/xicro_interfaces/include/xicro_interfaces/msg/detail/demo_input__traits.hpp
[0.949s] -- Up-to-date symlink: /home/azthorax/fra333_ws/install/xicro_interfaces/include/xicro_interfaces/msg/detail/demo_output__builder.hpp
[0.950s] -- Up-to-date symlink: /home/azthorax/fra333_ws/install/xicro_interfaces/include/xicro_interfaces/msg/detail/demo_output__struct.hpp
[0.950s] -- Up-to-date symlink: /home/azthorax/fra333_ws/install/xicro_interfaces/include/xicro_interfaces/msg/detail/demo_output__traits.hpp
[0.950s] -- Up-to-date symlink: /home/azthorax/fra333_ws/install/xicro_interfaces/include/xicro_interfaces/msg/detail/float32__builder.hpp
[0.950s] -- Up-to-date symlink: /home/azthorax/fra333_ws/install/xicro_interfaces/include/xicro_interfaces/msg/detail/float32__struct.hpp
[0.950s] -- Up-to-date symlink: /home/azthorax/fra333_ws/install/xicro_interfaces/include/xicro_interfaces/msg/detail/float32__traits.hpp
[0.950s] -- Up-to-date symlink: /home/azthorax/fra333_ws/install/xicro_interfaces/include/xicro_interfaces/msg/detail/header__builder.hpp
[0.951s] -- Up-to-date symlink: /home/azthorax/fra333_ws/install/xicro_interfaces/include/xicro_interfaces/msg/detail/header__struct.hpp
[0.951s] -- Up-to-date symlink: /home/azthorax/fra333_ws/install/xicro_interfaces/include/xicro_interfaces/msg/detail/header__traits.hpp
[0.951s] -- Up-to-date symlink: /home/azthorax/fra333_ws/install/xicro_interfaces/include/xicro_interfaces/msg/detail/imu__builder.hpp
[0.951s] -- Up-to-date symlink: /home/azthorax/fra333_ws/install/xicro_interfaces/include/xicro_interfaces/msg/detail/imu__struct.hpp
[0.951s] -- Up-to-date symlink: /home/azthorax/fra333_ws/install/xicro_interfaces/include/xicro_interfaces/msg/detail/imu__traits.hpp
[0.952s] -- Up-to-date symlink: /home/azthorax/fra333_ws/install/xicro_interfaces/include/xicro_interfaces/msg/detail/int16__builder.hpp
[0.952s] -- Up-to-date symlink: /home/azthorax/fra333_ws/install/xicro_interfaces/include/xicro_interfaces/msg/detail/int16__struct.hpp
[0.952s] -- Up-to-date symlink: /home/azthorax/fra333_ws/install/xicro_interfaces/include/xicro_interfaces/msg/detail/int16__traits.hpp
[0.952s] -- Up-to-date symlink: /home/azthorax/fra333_ws/install/xicro_interfaces/include/xicro_interfaces/msg/detail/int32__builder.hpp
[0.952s] -- Up-to-date symlink: /home/azthorax/fra333_ws/install/xicro_interfaces/include/xicro_interfaces/msg/detail/int32__struct.hpp
[0.952s] -- Up-to-date symlink: /home/azthorax/fra333_ws/install/xicro_interfaces/include/xicro_interfaces/msg/detail/int32__traits.hpp
[0.953s] -- Up-to-date symlink: /home/azthorax/fra333_ws/install/xicro_interfaces/include/xicro_interfaces/msg/detail/int64__builder.hpp
[0.953s] -- Up-to-date symlink: /home/azthorax/fra333_ws/install/xicro_interfaces/include/xicro_interfaces/msg/detail/int64__struct.hpp
[0.953s] -- Up-to-date symlink: /home/azthorax/fra333_ws/install/xicro_interfaces/include/xicro_interfaces/msg/detail/int64__traits.hpp
[0.953s] -- Up-to-date symlink: /home/azthorax/fra333_ws/install/xicro_interfaces/include/xicro_interfaces/msg/detail/int8__builder.hpp
[0.953s] -- Up-to-date symlink: /home/azthorax/fra333_ws/install/xicro_interfaces/include/xicro_interfaces/msg/detail/int8__struct.hpp
[0.953s] -- Up-to-date symlink: /home/azthorax/fra333_ws/install/xicro_interfaces/include/xicro_interfaces/msg/detail/int8__traits.hpp
[0.954s] -- Up-to-date symlink: /home/azthorax/fra333_ws/install/xicro_interfaces/include/xicro_interfaces/msg/detail/joint_state__builder.hpp
[0.954s] -- Up-to-date symlink: /home/azthorax/fra333_ws/install/xicro_interfaces/include/xicro_interfaces/msg/detail/joint_state__struct.hpp
[0.954s] -- Up-to-date symlink: /home/azthorax/fra333_ws/install/xicro_interfaces/include/xicro_interfaces/msg/detail/joint_state__traits.hpp
[0.954s] -- Up-to-date symlink: /home/azthorax/fra333_ws/install/xicro_interfaces/include/xicro_interfaces/msg/detail/point__builder.hpp
[0.954s] -- Up-to-date symlink: /home/azthorax/fra333_ws/install/xicro_interfaces/include/xicro_interfaces/msg/detail/point__struct.hpp
[0.955s] -- Up-to-date symlink: /home/azthorax/fra333_ws/install/xicro_interfaces/include/xicro_interfaces/msg/detail/point__traits.hpp
[0.955s] -- Up-to-date symlink: /home/azthorax/fra333_ws/install/xicro_interfaces/include/xicro_interfaces/msg/detail/pose2_d__builder.hpp
[0.955s] -- Up-to-date symlink: /home/azthorax/fra333_ws/install/xicro_interfaces/include/xicro_interfaces/msg/detail/pose2_d__struct.hpp
[0.955s] -- Up-to-date symlink: /home/azthorax/fra333_ws/install/xicro_interfaces/include/xicro_interfaces/msg/detail/pose2_d__traits.hpp
[0.955s] -- Up-to-date symlink: /home/azthorax/fra333_ws/install/xicro_interfaces/include/xicro_interfaces/msg/detail/pose__builder.hpp
[0.955s] -- Up-to-date symlink: /home/azthorax/fra333_ws/install/xicro_interfaces/include/xicro_interfaces/msg/detail/pose__struct.hpp
[0.955s] -- Up-to-date symlink: /home/azthorax/fra333_ws/install/xicro_interfaces/include/xicro_interfaces/msg/detail/pose__traits.hpp
[0.955s] -- Up-to-date symlink: /home/azthorax/fra333_ws/install/xicro_interfaces/include/xicro_interfaces/msg/detail/pose_with_covariance__builder.hpp
[0.955s] -- Up-to-date symlink: /home/azthorax/fra333_ws/install/xicro_interfaces/include/xicro_interfaces/msg/detail/pose_with_covariance__struct.hpp
[0.956s] -- Up-to-date symlink: /home/azthorax/fra333_ws/install/xicro_interfaces/include/xicro_interfaces/msg/detail/pose_with_covariance__traits.hpp
[0.956s] -- Up-to-date symlink: /home/azthorax/fra333_ws/install/xicro_interfaces/include/xicro_interfaces/msg/detail/quaternion__builder.hpp
[0.956s] -- Up-to-date symlink: /home/azthorax/fra333_ws/install/xicro_interfaces/include/xicro_interfaces/msg/detail/quaternion__struct.hpp
[0.956s] -- Up-to-date symlink: /home/azthorax/fra333_ws/install/xicro_interfaces/include/xicro_interfaces/msg/detail/quaternion__traits.hpp
[0.956s] -- Up-to-date symlink: /home/azthorax/fra333_ws/install/xicro_interfaces/include/xicro_interfaces/msg/detail/temperature__builder.hpp
[0.956s] -- Up-to-date symlink: /home/azthorax/fra333_ws/install/xicro_interfaces/include/xicro_interfaces/msg/detail/temperature__struct.hpp
[0.956s] -- Up-to-date symlink: /home/azthorax/fra333_ws/install/xicro_interfaces/include/xicro_interfaces/msg/detail/temperature__traits.hpp
[0.956s] -- Up-to-date symlink: /home/azthorax/fra333_ws/install/xicro_interfaces/include/xicro_interfaces/msg/detail/time__builder.hpp
[0.956s] -- Up-to-date symlink: /home/azthorax/fra333_ws/install/xicro_interfaces/include/xicro_interfaces/msg/detail/time__struct.hpp
[0.956s] -- Up-to-date symlink: /home/azthorax/fra333_ws/install/xicro_interfaces/include/xicro_interfaces/msg/detail/time__traits.hpp
[0.956s] -- Up-to-date symlink: /home/azthorax/fra333_ws/install/xicro_interfaces/include/xicro_interfaces/msg/detail/twist__builder.hpp
[0.956s] -- Up-to-date symlink: /home/azthorax/fra333_ws/install/xicro_interfaces/include/xicro_interfaces/msg/detail/twist__struct.hpp
[0.956s] -- Up-to-date symlink: /home/azthorax/fra333_ws/install/xicro_interfaces/include/xicro_interfaces/msg/detail/twist__traits.hpp
[0.956s] -- Up-to-date symlink: /home/azthorax/fra333_ws/install/xicro_interfaces/include/xicro_interfaces/msg/detail/uint16__builder.hpp
[0.956s] -- Up-to-date symlink: /home/azthorax/fra333_ws/install/xicro_interfaces/include/xicro_interfaces/msg/detail/uint16__struct.hpp
[0.957s] -- Up-to-date symlink: /home/azthorax/fra333_ws/install/xicro_interfaces/include/xicro_interfaces/msg/detail/uint16__traits.hpp
[0.957s] -- Up-to-date symlink: /home/azthorax/fra333_ws/install/xicro_interfaces/include/xicro_interfaces/msg/detail/uint32__builder.hpp
[0.957s] -- Up-to-date symlink: /home/azthorax/fra333_ws/install/xicro_interfaces/include/xicro_interfaces/msg/detail/uint32__struct.hpp
[0.957s] -- Up-to-date symlink: /home/azthorax/fra333_ws/install/xicro_interfaces/include/xicro_interfaces/msg/detail/uint32__traits.hpp
[0.957s] -- Up-to-date symlink: /home/azthorax/fra333_ws/install/xicro_interfaces/include/xicro_interfaces/msg/detail/uint64__builder.hpp
[0.957s] -- Up-to-date symlink: /home/azthorax/fra333_ws/install/xicro_interfaces/include/xicro_interfaces/msg/detail/uint64__struct.hpp
[0.957s] -- Up-to-date symlink: /home/azthorax/fra333_ws/install/xicro_interfaces/include/xicro_interfaces/msg/detail/uint64__traits.hpp
[0.957s] -- Up-to-date symlink: /home/azthorax/fra333_ws/install/xicro_interfaces/include/xicro_interfaces/msg/detail/uint8__builder.hpp
[0.957s] -- Up-to-date symlink: /home/azthorax/fra333_ws/install/xicro_interfaces/include/xicro_interfaces/msg/detail/uint8__struct.hpp
[0.957s] -- Up-to-date symlink: /home/azthorax/fra333_ws/install/xicro_interfaces/include/xicro_interfaces/msg/detail/uint8__traits.hpp
[0.957s] -- Up-to-date symlink: /home/azthorax/fra333_ws/install/xicro_interfaces/include/xicro_interfaces/msg/detail/vector3__builder.hpp
[0.957s] -- Up-to-date symlink: /home/azthorax/fra333_ws/install/xicro_interfaces/include/xicro_interfaces/msg/detail/vector3__struct.hpp
[0.957s] -- Up-to-date symlink: /home/azthorax/fra333_ws/install/xicro_interfaces/include/xicro_interfaces/msg/detail/vector3__traits.hpp
[0.957s] -- Up-to-date symlink: /home/azthorax/fra333_ws/install/xicro_interfaces/include/xicro_interfaces/msg/float32.hpp
[0.958s] -- Up-to-date symlink: /home/azthorax/fra333_ws/install/xicro_interfaces/include/xicro_interfaces/msg/header.hpp
[0.958s] -- Up-to-date symlink: /home/azthorax/fra333_ws/install/xicro_interfaces/include/xicro_interfaces/msg/imu.hpp
[0.958s] -- Up-to-date symlink: /home/azthorax/fra333_ws/install/xicro_interfaces/include/xicro_interfaces/msg/int16.hpp
[0.958s] -- Up-to-date symlink: /home/azthorax/fra333_ws/install/xicro_interfaces/include/xicro_interfaces/msg/int32.hpp
[0.958s] -- Up-to-date symlink: /home/azthorax/fra333_ws/install/xicro_interfaces/include/xicro_interfaces/msg/int64.hpp
[0.958s] -- Up-to-date symlink: /home/azthorax/fra333_ws/install/xicro_interfaces/include/xicro_interfaces/msg/int8.hpp
[0.958s] -- Up-to-date symlink: /home/azthorax/fra333_ws/install/xicro_interfaces/include/xicro_interfaces/msg/joint_state.hpp
[0.958s] -- Up-to-date symlink: /home/azthorax/fra333_ws/install/xicro_interfaces/include/xicro_interfaces/msg/point.hpp
[0.958s] -- Up-to-date symlink: /home/azthorax/fra333_ws/install/xicro_interfaces/include/xicro_interfaces/msg/pose.hpp
[0.958s] -- Up-to-date symlink: /home/azthorax/fra333_ws/install/xicro_interfaces/include/xicro_interfaces/msg/pose2_d.hpp
[0.958s] -- Up-to-date symlink: /home/azthorax/fra333_ws/install/xicro_interfaces/include/xicro_interfaces/msg/pose_with_covariance.hpp
[0.958s] -- Up-to-date symlink: /home/azthorax/fra333_ws/install/xicro_interfaces/include/xicro_interfaces/msg/quaternion.hpp
[0.958s] -- Up-to-date symlink: /home/azthorax/fra333_ws/install/xicro_interfaces/include/xicro_interfaces/msg/temperature.hpp
[0.958s] -- Up-to-date symlink: /home/azthorax/fra333_ws/install/xicro_interfaces/include/xicro_interfaces/msg/time.hpp
[0.959s] -- Up-to-date symlink: /home/azthorax/fra333_ws/install/xicro_interfaces/include/xicro_interfaces/msg/twist.hpp
[0.959s] -- Up-to-date symlink: /home/azthorax/fra333_ws/install/xicro_interfaces/include/xicro_interfaces/msg/uint16.hpp
[0.959s] -- Up-to-date symlink: /home/azthorax/fra333_ws/install/xicro_interfaces/include/xicro_interfaces/msg/uint32.hpp
[0.959s] -- Up-to-date symlink: /home/azthorax/fra333_ws/install/xicro_interfaces/include/xicro_interfaces/msg/uint64.hpp
[0.959s] -- Up-to-date symlink: /home/azthorax/fra333_ws/install/xicro_interfaces/include/xicro_interfaces/msg/uint8.hpp
[0.959s] -- Up-to-date symlink: /home/azthorax/fra333_ws/install/xicro_interfaces/include/xicro_interfaces/msg/vector3.hpp
[0.960s] -- Up-to-date symlink: /home/azthorax/fra333_ws/install/xicro_interfaces/include/xicro_interfaces/msg/detail/battery_state__rosidl_typesupport_introspection_cpp.hpp
[0.960s] -- Up-to-date symlink: /home/azthorax/fra333_ws/install/xicro_interfaces/include/xicro_interfaces/msg/detail/bool__rosidl_typesupport_introspection_cpp.hpp
[0.960s] -- Up-to-date symlink: /home/azthorax/fra333_ws/install/xicro_interfaces/include/xicro_interfaces/msg/detail/demo_input__rosidl_typesupport_introspection_cpp.hpp
[0.960s] -- Up-to-date symlink: /home/azthorax/fra333_ws/install/xicro_interfaces/include/xicro_interfaces/msg/detail/demo_output__rosidl_typesupport_introspection_cpp.hpp
[0.960s] -- Up-to-date symlink: /home/azthorax/fra333_ws/install/xicro_interfaces/include/xicro_interfaces/msg/detail/float32__rosidl_typesupport_introspection_cpp.hpp
[0.960s] -- Up-to-date symlink: /home/azthorax/fra333_ws/install/xicro_interfaces/include/xicro_interfaces/msg/detail/header__rosidl_typesupport_introspection_cpp.hpp
[0.960s] -- Up-to-date symlink: /home/azthorax/fra333_ws/install/xicro_interfaces/include/xicro_interfaces/msg/detail/imu__rosidl_typesupport_introspection_cpp.hpp
[0.960s] -- Up-to-date symlink: /home/azthorax/fra333_ws/install/xicro_interfaces/include/xicro_interfaces/msg/detail/int16__rosidl_typesupport_introspection_cpp.hpp
[0.960s] -- Up-to-date symlink: /home/azthorax/fra333_ws/install/xicro_interfaces/include/xicro_interfaces/msg/detail/int32__rosidl_typesupport_introspection_cpp.hpp
[0.961s] -- Up-to-date symlink: /home/azthorax/fra333_ws/install/xicro_interfaces/include/xicro_interfaces/msg/detail/int64__rosidl_typesupport_introspection_cpp.hpp
[0.961s] -- Up-to-date symlink: /home/azthorax/fra333_ws/install/xicro_interfaces/include/xicro_interfaces/msg/detail/int8__rosidl_typesupport_introspection_cpp.hpp
[0.961s] -- Up-to-date symlink: /home/azthorax/fra333_ws/install/xicro_interfaces/include/xicro_interfaces/msg/detail/joint_state__rosidl_typesupport_introspection_cpp.hpp
[0.961s] -- Up-to-date symlink: /home/azthorax/fra333_ws/install/xicro_interfaces/include/xicro_interfaces/msg/detail/point__rosidl_typesupport_introspection_cpp.hpp
[0.961s] -- Up-to-date symlink: /home/azthorax/fra333_ws/install/xicro_interfaces/include/xicro_interfaces/msg/detail/pose2_d__rosidl_typesupport_introspection_cpp.hpp
[0.961s] -- Up-to-date symlink: /home/azthorax/fra333_ws/install/xicro_interfaces/include/xicro_interfaces/msg/detail/pose__rosidl_typesupport_introspection_cpp.hpp
[0.961s] -- Up-to-date symlink: /home/azthorax/fra333_ws/install/xicro_interfaces/include/xicro_interfaces/msg/detail/pose_with_covariance__rosidl_typesupport_introspection_cpp.hpp
[0.961s] -- Up-to-date symlink: /home/azthorax/fra333_ws/install/xicro_interfaces/include/xicro_interfaces/msg/detail/quaternion__rosidl_typesupport_introspection_cpp.hpp
[0.962s] -- Up-to-date symlink: /home/azthorax/fra333_ws/install/xicro_interfaces/include/xicro_interfaces/msg/detail/temperature__rosidl_typesupport_introspection_cpp.hpp
[0.962s] -- Up-to-date symlink: /home/azthorax/fra333_ws/install/xicro_interfaces/include/xicro_interfaces/msg/detail/time__rosidl_typesupport_introspection_cpp.hpp
[0.962s] -- Up-to-date symlink: /home/azthorax/fra333_ws/install/xicro_interfaces/include/xicro_interfaces/msg/detail/twist__rosidl_typesupport_introspection_cpp.hpp
[0.962s] -- Up-to-date symlink: /home/azthorax/fra333_ws/install/xicro_interfaces/include/xicro_interfaces/msg/detail/uint16__rosidl_typesupport_introspection_cpp.hpp
[0.962s] -- Up-to-date symlink: /home/azthorax/fra333_ws/install/xicro_interfaces/include/xicro_interfaces/msg/detail/uint32__rosidl_typesupport_introspection_cpp.hpp
[0.962s] -- Up-to-date symlink: /home/azthorax/fra333_ws/install/xicro_interfaces/include/xicro_interfaces/msg/detail/uint64__rosidl_typesupport_introspection_cpp.hpp
[0.962s] -- Up-to-date symlink: /home/azthorax/fra333_ws/install/xicro_interfaces/include/xicro_interfaces/msg/detail/uint8__rosidl_typesupport_introspection_cpp.hpp
[0.962s] -- Up-to-date symlink: /home/azthorax/fra333_ws/install/xicro_interfaces/include/xicro_interfaces/msg/detail/vector3__rosidl_typesupport_introspection_cpp.hpp
[0.963s] -- Up-to-date symlink: /home/azthorax/fra333_ws/install/xicro_interfaces/share/xicro_interfaces/environment/pythonpath.sh
[0.963s] -- Up-to-date symlink: /home/azthorax/fra333_ws/install/xicro_interfaces/share/xicro_interfaces/environment/pythonpath.dsv
[0.963s] -- Up-to-date symlink: /home/azthorax/fra333_ws/install/xicro_interfaces/lib/python3.8/site-packages/xicro_interfaces/__init__.py
[0.964s] -- Up-to-date symlink: /home/azthorax/fra333_ws/install/xicro_interfaces/lib/python3.8/site-packages/xicro_interfaces/msg/__init__.py
[0.964s] -- Up-to-date symlink: /home/azthorax/fra333_ws/install/xicro_interfaces/lib/python3.8/site-packages/xicro_interfaces/msg/_battery_state.py
[0.964s] -- Up-to-date symlink: /home/azthorax/fra333_ws/install/xicro_interfaces/lib/python3.8/site-packages/xicro_interfaces/msg/_bool.py
[0.964s] -- Up-to-date symlink: /home/azthorax/fra333_ws/install/xicro_interfaces/lib/python3.8/site-packages/xicro_interfaces/msg/_demo_input.py
[0.964s] -- Up-to-date symlink: /home/azthorax/fra333_ws/install/xicro_interfaces/lib/python3.8/site-packages/xicro_interfaces/msg/_demo_output.py
[0.964s] -- Up-to-date symlink: /home/azthorax/fra333_ws/install/xicro_interfaces/lib/python3.8/site-packages/xicro_interfaces/msg/_float32.py
[0.964s] -- Up-to-date symlink: /home/azthorax/fra333_ws/install/xicro_interfaces/lib/python3.8/site-packages/xicro_interfaces/msg/_header.py
[0.964s] -- Up-to-date symlink: /home/azthorax/fra333_ws/install/xicro_interfaces/lib/python3.8/site-packages/xicro_interfaces/msg/_imu.py
[0.965s] -- Up-to-date symlink: /home/azthorax/fra333_ws/install/xicro_interfaces/lib/python3.8/site-packages/xicro_interfaces/msg/_int16.py
[0.965s] -- Up-to-date symlink: /home/azthorax/fra333_ws/install/xicro_interfaces/lib/python3.8/site-packages/xicro_interfaces/msg/_int32.py
[0.965s] -- Up-to-date symlink: /home/azthorax/fra333_ws/install/xicro_interfaces/lib/python3.8/site-packages/xicro_interfaces/msg/_int64.py
[0.965s] -- Up-to-date symlink: /home/azthorax/fra333_ws/install/xicro_interfaces/lib/python3.8/site-packages/xicro_interfaces/msg/_int8.py
[0.965s] -- Up-to-date symlink: /home/azthorax/fra333_ws/install/xicro_interfaces/lib/python3.8/site-packages/xicro_interfaces/msg/_joint_state.py
[0.965s] -- Up-to-date symlink: /home/azthorax/fra333_ws/install/xicro_interfaces/lib/python3.8/site-packages/xicro_interfaces/msg/_point.py
[0.965s] -- Up-to-date symlink: /home/azthorax/fra333_ws/install/xicro_interfaces/lib/python3.8/site-packages/xicro_interfaces/msg/_pose.py
[0.965s] -- Up-to-date symlink: /home/azthorax/fra333_ws/install/xicro_interfaces/lib/python3.8/site-packages/xicro_interfaces/msg/_pose2_d.py
[0.965s] -- Up-to-date symlink: /home/azthorax/fra333_ws/install/xicro_interfaces/lib/python3.8/site-packages/xicro_interfaces/msg/_pose_with_covariance.py
[0.966s] -- Up-to-date symlink: /home/azthorax/fra333_ws/install/xicro_interfaces/lib/python3.8/site-packages/xicro_interfaces/msg/_quaternion.py
[0.966s] -- Up-to-date symlink: /home/azthorax/fra333_ws/install/xicro_interfaces/lib/python3.8/site-packages/xicro_interfaces/msg/_temperature.py
[0.966s] -- Up-to-date symlink: /home/azthorax/fra333_ws/install/xicro_interfaces/lib/python3.8/site-packages/xicro_interfaces/msg/_time.py
[0.966s] -- Up-to-date symlink: /home/azthorax/fra333_ws/install/xicro_interfaces/lib/python3.8/site-packages/xicro_interfaces/msg/_twist.py
[0.966s] -- Up-to-date symlink: /home/azthorax/fra333_ws/install/xicro_interfaces/lib/python3.8/site-packages/xicro_interfaces/msg/_uint16.py
[0.966s] -- Up-to-date symlink: /home/azthorax/fra333_ws/install/xicro_interfaces/lib/python3.8/site-packages/xicro_interfaces/msg/_uint32.py
[0.966s] -- Up-to-date symlink: /home/azthorax/fra333_ws/install/xicro_interfaces/lib/python3.8/site-packages/xicro_interfaces/msg/_uint64.py
[0.966s] -- Up-to-date symlink: /home/azthorax/fra333_ws/install/xicro_interfaces/lib/python3.8/site-packages/xicro_interfaces/msg/_uint8.py
[0.967s] -- Up-to-date symlink: /home/azthorax/fra333_ws/install/xicro_interfaces/lib/python3.8/site-packages/xicro_interfaces/msg/_vector3.py
[0.967s] -- Up-to-date symlink: /home/azthorax/fra333_ws/install/xicro_interfaces/lib/python3.8/site-packages/xicro_interfaces/xicro_interfaces_s__rosidl_typesupport_fastrtps_c.cpython-38-x86_64-linux-gnu.so
[0.967s] -- Up-to-date symlink: /home/azthorax/fra333_ws/install/xicro_interfaces/lib/python3.8/site-packages/xicro_interfaces/xicro_interfaces_s__rosidl_typesupport_introspection_c.cpython-38-x86_64-linux-gnu.so
[0.967s] -- Up-to-date symlink: /home/azthorax/fra333_ws/install/xicro_interfaces/lib/python3.8/site-packages/xicro_interfaces/xicro_interfaces_s__rosidl_typesupport_c.cpython-38-x86_64-linux-gnu.so
[0.968s] -- Up-to-date symlink: /home/azthorax/fra333_ws/install/xicro_interfaces/lib/libxicro_interfaces__python.so
[0.968s] -- Up-to-date symlink: /home/azthorax/fra333_ws/install/xicro_interfaces/share/xicro_interfaces/msg/Bool.idl
[0.968s] -- Up-to-date symlink: /home/azthorax/fra333_ws/install/xicro_interfaces/share/xicro_interfaces/msg/Uint8.idl
[0.968s] -- Up-to-date symlink: /home/azthorax/fra333_ws/install/xicro_interfaces/share/xicro_interfaces/msg/Uint16.idl
[0.969s] -- Up-to-date symlink: /home/azthorax/fra333_ws/install/xicro_interfaces/share/xicro_interfaces/msg/Uint32.idl
[0.969s] -- Up-to-date symlink: /home/azthorax/fra333_ws/install/xicro_interfaces/share/xicro_interfaces/msg/Uint64.idl
[0.969s] -- Up-to-date symlink: /home/azthorax/fra333_ws/install/xicro_interfaces/share/xicro_interfaces/msg/Int8.idl
[0.969s] -- Up-to-date symlink: /home/azthorax/fra333_ws/install/xicro_interfaces/share/xicro_interfaces/msg/Int16.idl
[0.969s] -- Up-to-date symlink: /home/azthorax/fra333_ws/install/xicro_interfaces/share/xicro_interfaces/msg/Int32.idl
[0.969s] -- Up-to-date symlink: /home/azthorax/fra333_ws/install/xicro_interfaces/share/xicro_interfaces/msg/Int64.idl
[0.970s] -- Up-to-date symlink: /home/azthorax/fra333_ws/install/xicro_interfaces/share/xicro_interfaces/msg/Float32.idl
[0.970s] -- Up-to-date symlink: /home/azthorax/fra333_ws/install/xicro_interfaces/share/xicro_interfaces/msg/Imu.idl
[0.970s] -- Up-to-date symlink: /home/azthorax/fra333_ws/install/xicro_interfaces/share/xicro_interfaces/msg/BatteryState.idl
[0.970s] -- Up-to-date symlink: /home/azthorax/fra333_ws/install/xicro_interfaces/share/xicro_interfaces/msg/JointState.idl
[0.970s] -- Up-to-date symlink: /home/azthorax/fra333_ws/install/xicro_interfaces/share/xicro_interfaces/msg/Temperature.idl
[0.971s] -- Up-to-date symlink: /home/azthorax/fra333_ws/install/xicro_interfaces/share/xicro_interfaces/msg/Point.idl
[0.971s] -- Up-to-date symlink: /home/azthorax/fra333_ws/install/xicro_interfaces/share/xicro_interfaces/msg/Pose.idl
[0.971s] -- Up-to-date symlink: /home/azthorax/fra333_ws/install/xicro_interfaces/share/xicro_interfaces/msg/PoseWithCovariance.idl
[0.971s] -- Up-to-date symlink: /home/azthorax/fra333_ws/install/xicro_interfaces/share/xicro_interfaces/msg/Quaternion.idl
[0.971s] -- Up-to-date symlink: /home/azthorax/fra333_ws/install/xicro_interfaces/share/xicro_interfaces/msg/Pose2D.idl
[0.972s] -- Up-to-date symlink: /home/azthorax/fra333_ws/install/xicro_interfaces/share/xicro_interfaces/msg/Twist.idl
[0.972s] -- Up-to-date symlink: /home/azthorax/fra333_ws/install/xicro_interfaces/share/xicro_interfaces/msg/DemoInput.idl
[0.972s] -- Up-to-date symlink: /home/azthorax/fra333_ws/install/xicro_interfaces/share/xicro_interfaces/msg/DemoOutput.idl
[0.972s] -- Up-to-date symlink: /home/azthorax/fra333_ws/install/xicro_interfaces/share/xicro_interfaces/msg/Vector3.idl
[0.972s] -- Up-to-date symlink: /home/azthorax/fra333_ws/install/xicro_interfaces/share/xicro_interfaces/msg/Time.idl
[0.972s] -- Up-to-date symlink: /home/azthorax/fra333_ws/install/xicro_interfaces/share/xicro_interfaces/msg/Header.idl
[0.973s] -- Up-to-date symlink: /home/azthorax/fra333_ws/install/xicro_interfaces/share/xicro_interfaces/msg/Bool.msg
[0.973s] -- Up-to-date symlink: /home/azthorax/fra333_ws/install/xicro_interfaces/share/xicro_interfaces/msg/Uint8.msg
[0.973s] -- Up-to-date symlink: /home/azthorax/fra333_ws/install/xicro_interfaces/share/xicro_interfaces/msg/Uint16.msg
[0.973s] -- Up-to-date symlink: /home/azthorax/fra333_ws/install/xicro_interfaces/share/xicro_interfaces/msg/Uint32.msg
[0.973s] -- Up-to-date symlink: /home/azthorax/fra333_ws/install/xicro_interfaces/share/xicro_interfaces/msg/Uint64.msg
[0.974s] -- Up-to-date symlink: /home/azthorax/fra333_ws/install/xicro_interfaces/share/xicro_interfaces/msg/Int8.msg
[0.974s] -- Up-to-date symlink: /home/azthorax/fra333_ws/install/xicro_interfaces/share/xicro_interfaces/msg/Int16.msg
[0.974s] -- Up-to-date symlink: /home/azthorax/fra333_ws/install/xicro_interfaces/share/xicro_interfaces/msg/Int32.msg
[0.974s] -- Up-to-date symlink: /home/azthorax/fra333_ws/install/xicro_interfaces/share/xicro_interfaces/msg/Int64.msg
[0.974s] -- Up-to-date symlink: /home/azthorax/fra333_ws/install/xicro_interfaces/share/xicro_interfaces/msg/Float32.msg
[0.975s] -- Up-to-date symlink: /home/azthorax/fra333_ws/install/xicro_interfaces/share/xicro_interfaces/msg/Imu.msg
[0.975s] -- Up-to-date symlink: /home/azthorax/fra333_ws/install/xicro_interfaces/share/xicro_interfaces/msg/BatteryState.msg
[0.975s] -- Up-to-date symlink: /home/azthorax/fra333_ws/install/xicro_interfaces/share/xicro_interfaces/msg/JointState.msg
[0.975s] -- Up-to-date symlink: /home/azthorax/fra333_ws/install/xicro_interfaces/share/xicro_interfaces/msg/Temperature.msg
[0.975s] -- Up-to-date symlink: /home/azthorax/fra333_ws/install/xicro_interfaces/share/xicro_interfaces/msg/Point.msg
[0.976s] -- Up-to-date symlink: /home/azthorax/fra333_ws/install/xicro_interfaces/share/xicro_interfaces/msg/Pose.msg
[0.976s] -- Up-to-date symlink: /home/azthorax/fra333_ws/install/xicro_interfaces/share/xicro_interfaces/msg/PoseWithCovariance.msg
[0.976s] -- Up-to-date symlink: /home/azthorax/fra333_ws/install/xicro_interfaces/share/xicro_interfaces/msg/Quaternion.msg
[0.976s] -- Up-to-date symlink: /home/azthorax/fra333_ws/install/xicro_interfaces/share/xicro_interfaces/msg/Pose2D.msg
[0.976s] -- Up-to-date symlink: /home/azthorax/fra333_ws/install/xicro_interfaces/share/xicro_interfaces/msg/Twist.msg
[0.976s] -- Up-to-date symlink: /home/azthorax/fra333_ws/install/xicro_interfaces/share/xicro_interfaces/msg/DemoInput.msg
[0.977s] -- Up-to-date symlink: /home/azthorax/fra333_ws/install/xicro_interfaces/share/xicro_interfaces/msg/DemoOutput.msg
[0.977s] -- Up-to-date symlink: /home/azthorax/fra333_ws/install/xicro_interfaces/share/xicro_interfaces/msg/Vector3.msg
[0.977s] -- Up-to-date symlink: /home/azthorax/fra333_ws/install/xicro_interfaces/share/xicro_interfaces/msg/Time.msg
[0.977s] -- Up-to-date symlink: /home/azthorax/fra333_ws/install/xicro_interfaces/share/xicro_interfaces/msg/Header.msg
[0.977s] -- Up-to-date symlink: /home/azthorax/fra333_ws/install/xicro_interfaces/share/ament_index/resource_index/package_run_dependencies/xicro_interfaces
[0.977s] -- Up-to-date symlink: /home/azthorax/fra333_ws/install/xicro_interfaces/share/ament_index/resource_index/parent_prefix_path/xicro_interfaces
[0.978s] -- Up-to-date symlink: /home/azthorax/fra333_ws/install/xicro_interfaces/share/xicro_interfaces/environment/ament_prefix_path.sh
[0.978s] -- Up-to-date symlink: /home/azthorax/fra333_ws/install/xicro_interfaces/share/xicro_interfaces/environment/ament_prefix_path.dsv
[0.978s] -- Up-to-date symlink: /home/azthorax/fra333_ws/install/xicro_interfaces/share/xicro_interfaces/environment/path.sh
[0.978s] -- Up-to-date symlink: /home/azthorax/fra333_ws/install/xicro_interfaces/share/xicro_interfaces/environment/path.dsv
[0.978s] -- Up-to-date symlink: /home/azthorax/fra333_ws/install/xicro_interfaces/share/xicro_interfaces/local_setup.bash
[0.979s] -- Up-to-date symlink: /home/azthorax/fra333_ws/install/xicro_interfaces/share/xicro_interfaces/local_setup.sh
[0.979s] -- Up-to-date symlink: /home/azthorax/fra333_ws/install/xicro_interfaces/share/xicro_interfaces/local_setup.zsh
[0.979s] -- Up-to-date symlink: /home/azthorax/fra333_ws/install/xicro_interfaces/share/xicro_interfaces/local_setup.dsv
[0.979s] -- Symlinking: /home/azthorax/fra333_ws/install/xicro_interfaces/share/xicro_interfaces/package.dsv
[0.988s] -- Up-to-date symlink: /home/azthorax/fra333_ws/install/xicro_interfaces/share/ament_index/resource_index/packages/xicro_interfaces
[0.989s] -- Up-to-date symlink: /home/azthorax/fra333_ws/install/xicro_interfaces/share/xicro_interfaces/cmake/rosidl_cmake-extras.cmake
[0.989s] -- Up-to-date symlink: /home/azthorax/fra333_ws/install/xicro_interfaces/share/xicro_interfaces/cmake/ament_cmake_export_dependencies-extras.cmake
[0.989s] -- Up-to-date symlink: /home/azthorax/fra333_ws/install/xicro_interfaces/share/xicro_interfaces/cmake/ament_cmake_export_libraries-extras.cmake
[0.989s] -- Up-to-date symlink: /home/azthorax/fra333_ws/install/xicro_interfaces/share/xicro_interfaces/cmake/ament_cmake_export_targets-extras.cmake
[0.990s] -- Up-to-date symlink: /home/azthorax/fra333_ws/install/xicro_interfaces/share/xicro_interfaces/cmake/ament_cmake_export_include_directories-extras.cmake
[0.990s] -- Up-to-date symlink: /home/azthorax/fra333_ws/install/xicro_interfaces/share/xicro_interfaces/cmake/rosidl_cmake_export_typesupport_libraries-extras.cmake
[0.990s] -- Up-to-date symlink: /home/azthorax/fra333_ws/install/xicro_interfaces/share/xicro_interfaces/cmake/rosidl_cmake_export_typesupport_targets-extras.cmake
[0.990s] -- Up-to-date symlink: /home/azthorax/fra333_ws/install/xicro_interfaces/share/xicro_interfaces/cmake/xicro_interfacesConfig.cmake
[0.990s] -- Up-to-date symlink: /home/azthorax/fra333_ws/install/xicro_interfaces/share/xicro_interfaces/cmake/xicro_interfacesConfig-version.cmake
[0.991s] -- Up-to-date symlink: /home/azthorax/fra333_ws/install/xicro_interfaces/share/xicro_interfaces/package.xml
[0.991s] -- Up-to-date: /home/azthorax/fra333_ws/install/xicro_interfaces/lib/libxicro_interfaces__rosidl_generator_c.so
[0.991s] -- Up-to-date: /home/azthorax/fra333_ws/install/xicro_interfaces/lib/libxicro_interfaces__rosidl_typesupport_introspection_c.so
[0.992s] -- Up-to-date: /home/azthorax/fra333_ws/install/xicro_interfaces/lib/libxicro_interfaces__rosidl_typesupport_c.so
[0.992s] -- Up-to-date: /home/azthorax/fra333_ws/install/xicro_interfaces/lib/libxicro_interfaces__rosidl_typesupport_introspection_cpp.so
[0.992s] -- Up-to-date: /home/azthorax/fra333_ws/install/xicro_interfaces/lib/libxicro_interfaces__rosidl_typesupport_cpp.so
[1.029s] -- Up-to-date: /home/azthorax/fra333_ws/install/xicro_interfaces/share/xicro_interfaces/cmake/xicro_interfaces__rosidl_generator_cExport.cmake
[1.029s] -- Up-to-date: /home/azthorax/fra333_ws/install/xicro_interfaces/share/xicro_interfaces/cmake/xicro_interfaces__rosidl_generator_cExport-noconfig.cmake
[1.029s] -- Up-to-date: /home/azthorax/fra333_ws/install/xicro_interfaces/share/xicro_interfaces/cmake/xicro_interfaces__rosidl_typesupport_introspection_cExport.cmake
[1.030s] -- Up-to-date: /home/azthorax/fra333_ws/install/xicro_interfaces/share/xicro_interfaces/cmake/xicro_interfaces__rosidl_typesupport_introspection_cExport-noconfig.cmake
[1.030s] -- Up-to-date: /home/azthorax/fra333_ws/install/xicro_interfaces/share/xicro_interfaces/cmake/xicro_interfaces__rosidl_typesupport_cExport.cmake
[1.030s] -- Up-to-date: /home/azthorax/fra333_ws/install/xicro_interfaces/share/xicro_interfaces/cmake/xicro_interfaces__rosidl_typesupport_cExport-noconfig.cmake
[1.030s] -- Up-to-date: /home/azthorax/fra333_ws/install/xicro_interfaces/share/xicro_interfaces/cmake/xicro_interfaces__rosidl_generator_cppExport.cmake
[1.031s] -- Up-to-date: /home/azthorax/fra333_ws/install/xicro_interfaces/share/xicro_interfaces/cmake/xicro_interfaces__rosidl_typesupport_introspection_cppExport.cmake
[1.031s] -- Up-to-date: /home/azthorax/fra333_ws/install/xicro_interfaces/share/xicro_interfaces/cmake/xicro_interfaces__rosidl_typesupport_introspection_cppExport-noconfig.cmake
[1.031s] -- Up-to-date: /home/azthorax/fra333_ws/install/xicro_interfaces/share/xicro_interfaces/cmake/xicro_interfaces__rosidl_typesupport_cppExport.cmake
[1.031s] -- Up-to-date: /home/azthorax/fra333_ws/install/xicro_interfaces/share/xicro_interfaces/cmake/xicro_interfaces__rosidl_typesupport_cppExport-noconfig.cmake
[1.041s] Invoked command in '/home/azthorax/fra333_ws/build/xicro_interfaces' returned '0': CMAKE_PREFIX_PATH=${CMAKE_PREFIX_PATH}:/opt/ros/foxy /usr/bin/cmake --install /home/azthorax/fra333_ws/build/xicro_interfaces
