[0.124s] DEBUG:colcon:Command line arguments: ['/usr/bin/colcon', 'build', '--symlink-install']
[0.124s] DEBUG:colcon:Parsed command line arguments: Namespace(allow_overriding=[], ament_cmake_args=None, base_paths=['.'], build_base='build', catkin_cmake_args=None, catkin_skip_building_tests=False, cmake_args=None, cmake_clean_cache=False, cmake_clean_first=False, cmake_force_configure=False, cmake_target=None, cmake_target_skip_unavailable=False, continue_on_error=False, event_handlers=None, executor='parallel', ignore_user_meta=False, install_base='install', log_base=None, log_level=None, main=<bound method BuildVerb.main of <colcon_core.verb.build.BuildVerb object at 0x7fd875a3f820>>, merge_install=False, metas=['./colcon.meta'], packages_above=None, packages_above_and_dependencies=None, packages_above_depth=None, packages_end=None, packages_ignore=None, packages_ignore_regex=None, packages_select=None, packages_select_build_failed=False, packages_select_by_dep=None, packages_select_regex=None, packages_select_test_failures=False, packages_skip=None, packages_skip_build_finished=False, packages_skip_by_dep=None, packages_skip_regex=None, packages_skip_test_passed=False, packages_skip_up_to=None, packages_start=None, packages_up_to=None, packages_up_to_regex=None, parallel_workers=12, paths=None, symlink_install=True, test_result_base=None, verb_extension=<colcon_core.verb.build.BuildVerb object at 0x7fd875a3f820>, verb_name='build', verb_parser=<colcon_defaults.argument_parser.defaults.DefaultArgumentsDecorator object at 0x7fd875a3fd90>)
[0.149s] Level 1:colcon.colcon_core.package_discovery:discover_packages(colcon_meta) check parameters
[0.149s] Level 1:colcon.colcon_core.package_discovery:discover_packages(recursive) check parameters
[0.149s] Level 1:colcon.colcon_core.package_discovery:discover_packages(ignore) check parameters
[0.149s] Level 1:colcon.colcon_core.package_discovery:discover_packages(path) check parameters
[0.149s] Level 1:colcon.colcon_core.package_discovery:discover_packages(colcon_meta) discover
[0.149s] Level 1:colcon.colcon_core.package_discovery:discover_packages(recursive) discover
[0.149s] INFO:colcon.colcon_core.package_discovery:Crawling recursively for packages in '/home/azthorax/fra333_ws'
[0.149s] Level 1:colcon.colcon_core.package_identification:_identify(.) by extensions ['ignore', 'ignore_ament_install']
[0.150s] Level 1:colcon.colcon_core.package_identification:_identify(.) by extension 'ignore'
[0.150s] Level 1:colcon.colcon_core.package_identification:_identify(.) by extension 'ignore_ament_install'
[0.150s] Level 1:colcon.colcon_core.package_identification:_identify(.) by extensions ['colcon_pkg']
[0.150s] Level 1:colcon.colcon_core.package_identification:_identify(.) by extension 'colcon_pkg'
[0.150s] Level 1:colcon.colcon_core.package_identification:_identify(.) by extensions ['colcon_meta']
[0.150s] Level 1:colcon.colcon_core.package_identification:_identify(.) by extension 'colcon_meta'
[0.150s] Level 1:colcon.colcon_core.package_identification:_identify(.) by extensions ['ros']
[0.150s] Level 1:colcon.colcon_core.package_identification:_identify(.) by extension 'ros'
[0.159s] Level 1:colcon.colcon_core.package_identification:_identify(.) by extensions ['cmake', 'python']
[0.159s] Level 1:colcon.colcon_core.package_identification:_identify(.) by extension 'cmake'
[0.159s] Level 1:colcon.colcon_core.package_identification:_identify(.) by extension 'python'
[0.159s] Level 1:colcon.colcon_core.package_identification:_identify(.) by extensions ['python_setup_py']
[0.159s] Level 1:colcon.colcon_core.package_identification:_identify(.) by extension 'python_setup_py'
[0.159s] Level 1:colcon.colcon_core.package_identification:_identify(build) by extensions ['ignore', 'ignore_ament_install']
[0.159s] Level 1:colcon.colcon_core.package_identification:_identify(build) by extension 'ignore'
[0.159s] Level 1:colcon.colcon_core.package_identification:_identify(build) ignored
[0.159s] Level 1:colcon.colcon_core.package_identification:_identify(install) by extensions ['ignore', 'ignore_ament_install']
[0.159s] Level 1:colcon.colcon_core.package_identification:_identify(install) by extension 'ignore'
[0.159s] Level 1:colcon.colcon_core.package_identification:_identify(install) ignored
[0.159s] Level 1:colcon.colcon_core.package_identification:_identify(log) by extensions ['ignore', 'ignore_ament_install']
[0.159s] Level 1:colcon.colcon_core.package_identification:_identify(log) by extension 'ignore'
[0.159s] Level 1:colcon.colcon_core.package_identification:_identify(log) ignored
[0.159s] Level 1:colcon.colcon_core.package_identification:_identify(src) by extensions ['ignore', 'ignore_ament_install']
[0.159s] Level 1:colcon.colcon_core.package_identification:_identify(src) by extension 'ignore'
[0.160s] Level 1:colcon.colcon_core.package_identification:_identify(src) by extension 'ignore_ament_install'
[0.160s] Level 1:colcon.colcon_core.package_identification:_identify(src) by extensions ['colcon_pkg']
[0.160s] Level 1:colcon.colcon_core.package_identification:_identify(src) by extension 'colcon_pkg'
[0.160s] Level 1:colcon.colcon_core.package_identification:_identify(src) by extensions ['colcon_meta']
[0.160s] Level 1:colcon.colcon_core.package_identification:_identify(src) by extension 'colcon_meta'
[0.160s] Level 1:colcon.colcon_core.package_identification:_identify(src) by extensions ['ros']
[0.160s] Level 1:colcon.colcon_core.package_identification:_identify(src) by extension 'ros'
[0.160s] Level 1:colcon.colcon_core.package_identification:_identify(src) by extensions ['cmake', 'python']
[0.160s] Level 1:colcon.colcon_core.package_identification:_identify(src) by extension 'cmake'
[0.160s] Level 1:colcon.colcon_core.package_identification:_identify(src) by extension 'python'
[0.160s] Level 1:colcon.colcon_core.package_identification:_identify(src) by extensions ['python_setup_py']
[0.160s] Level 1:colcon.colcon_core.package_identification:_identify(src) by extension 'python_setup_py'
[0.160s] Level 1:colcon.colcon_core.package_identification:_identify(src/HW1_with_testcase) by extensions ['ignore', 'ignore_ament_install']
[0.160s] Level 1:colcon.colcon_core.package_identification:_identify(src/HW1_with_testcase) by extension 'ignore'
[0.160s] Level 1:colcon.colcon_core.package_identification:_identify(src/HW1_with_testcase) by extension 'ignore_ament_install'
[0.160s] Level 1:colcon.colcon_core.package_identification:_identify(src/HW1_with_testcase) by extensions ['colcon_pkg']
[0.160s] Level 1:colcon.colcon_core.package_identification:_identify(src/HW1_with_testcase) by extension 'colcon_pkg'
[0.160s] Level 1:colcon.colcon_core.package_identification:_identify(src/HW1_with_testcase) by extensions ['colcon_meta']
[0.160s] Level 1:colcon.colcon_core.package_identification:_identify(src/HW1_with_testcase) by extension 'colcon_meta'
[0.160s] Level 1:colcon.colcon_core.package_identification:_identify(src/HW1_with_testcase) by extensions ['ros']
[0.160s] Level 1:colcon.colcon_core.package_identification:_identify(src/HW1_with_testcase) by extension 'ros'
[0.160s] Level 1:colcon.colcon_core.package_identification:_identify(src/HW1_with_testcase) by extensions ['cmake', 'python']
[0.160s] Level 1:colcon.colcon_core.package_identification:_identify(src/HW1_with_testcase) by extension 'cmake'
[0.160s] Level 1:colcon.colcon_core.package_identification:_identify(src/HW1_with_testcase) by extension 'python'
[0.160s] Level 1:colcon.colcon_core.package_identification:_identify(src/HW1_with_testcase) by extensions ['python_setup_py']
[0.160s] Level 1:colcon.colcon_core.package_identification:_identify(src/HW1_with_testcase) by extension 'python_setup_py'
[0.161s] Level 1:colcon.colcon_core.package_identification:_identify(src/HW1_with_testcase/doc) by extensions ['ignore', 'ignore_ament_install']
[0.161s] Level 1:colcon.colcon_core.package_identification:_identify(src/HW1_with_testcase/doc) by extension 'ignore'
[0.161s] Level 1:colcon.colcon_core.package_identification:_identify(src/HW1_with_testcase/doc) by extension 'ignore_ament_install'
[0.161s] Level 1:colcon.colcon_core.package_identification:_identify(src/HW1_with_testcase/doc) by extensions ['colcon_pkg']
[0.161s] Level 1:colcon.colcon_core.package_identification:_identify(src/HW1_with_testcase/doc) by extension 'colcon_pkg'
[0.161s] Level 1:colcon.colcon_core.package_identification:_identify(src/HW1_with_testcase/doc) by extensions ['colcon_meta']
[0.161s] Level 1:colcon.colcon_core.package_identification:_identify(src/HW1_with_testcase/doc) by extension 'colcon_meta'
[0.161s] Level 1:colcon.colcon_core.package_identification:_identify(src/HW1_with_testcase/doc) by extensions ['ros']
[0.161s] Level 1:colcon.colcon_core.package_identification:_identify(src/HW1_with_testcase/doc) by extension 'ros'
[0.161s] Level 1:colcon.colcon_core.package_identification:_identify(src/HW1_with_testcase/doc) by extensions ['cmake', 'python']
[0.161s] Level 1:colcon.colcon_core.package_identification:_identify(src/HW1_with_testcase/doc) by extension 'cmake'
[0.161s] Level 1:colcon.colcon_core.package_identification:_identify(src/HW1_with_testcase/doc) by extension 'python'
[0.161s] Level 1:colcon.colcon_core.package_identification:_identify(src/HW1_with_testcase/doc) by extensions ['python_setup_py']
[0.161s] Level 1:colcon.colcon_core.package_identification:_identify(src/HW1_with_testcase/doc) by extension 'python_setup_py'
[0.161s] Level 1:colcon.colcon_core.package_identification:_identify(src/HW1_with_testcase/doc/pic) by extensions ['ignore', 'ignore_ament_install']
[0.161s] Level 1:colcon.colcon_core.package_identification:_identify(src/HW1_with_testcase/doc/pic) by extension 'ignore'
[0.161s] Level 1:colcon.colcon_core.package_identification:_identify(src/HW1_with_testcase/doc/pic) by extension 'ignore_ament_install'
[0.161s] Level 1:colcon.colcon_core.package_identification:_identify(src/HW1_with_testcase/doc/pic) by extensions ['colcon_pkg']
[0.161s] Level 1:colcon.colcon_core.package_identification:_identify(src/HW1_with_testcase/doc/pic) by extension 'colcon_pkg'
[0.161s] Level 1:colcon.colcon_core.package_identification:_identify(src/HW1_with_testcase/doc/pic) by extensions ['colcon_meta']
[0.161s] Level 1:colcon.colcon_core.package_identification:_identify(src/HW1_with_testcase/doc/pic) by extension 'colcon_meta'
[0.161s] Level 1:colcon.colcon_core.package_identification:_identify(src/HW1_with_testcase/doc/pic) by extensions ['ros']
[0.161s] Level 1:colcon.colcon_core.package_identification:_identify(src/HW1_with_testcase/doc/pic) by extension 'ros'
[0.161s] Level 1:colcon.colcon_core.package_identification:_identify(src/HW1_with_testcase/doc/pic) by extensions ['cmake', 'python']
[0.162s] Level 1:colcon.colcon_core.package_identification:_identify(src/HW1_with_testcase/doc/pic) by extension 'cmake'
[0.162s] Level 1:colcon.colcon_core.package_identification:_identify(src/HW1_with_testcase/doc/pic) by extension 'python'
[0.162s] Level 1:colcon.colcon_core.package_identification:_identify(src/HW1_with_testcase/doc/pic) by extensions ['python_setup_py']
[0.162s] Level 1:colcon.colcon_core.package_identification:_identify(src/HW1_with_testcase/doc/pic) by extension 'python_setup_py'
[0.162s] Level 1:colcon.colcon_core.package_identification:_identify(src/dummy) by extensions ['ignore', 'ignore_ament_install']
[0.162s] Level 1:colcon.colcon_core.package_identification:_identify(src/dummy) by extension 'ignore'
[0.162s] Level 1:colcon.colcon_core.package_identification:_identify(src/dummy) by extension 'ignore_ament_install'
[0.162s] Level 1:colcon.colcon_core.package_identification:_identify(src/dummy) by extensions ['colcon_pkg']
[0.162s] Level 1:colcon.colcon_core.package_identification:_identify(src/dummy) by extension 'colcon_pkg'
[0.162s] Level 1:colcon.colcon_core.package_identification:_identify(src/dummy) by extensions ['colcon_meta']
[0.162s] Level 1:colcon.colcon_core.package_identification:_identify(src/dummy) by extension 'colcon_meta'
[0.162s] Level 1:colcon.colcon_core.package_identification:_identify(src/dummy) by extensions ['ros']
[0.162s] Level 1:colcon.colcon_core.package_identification:_identify(src/dummy) by extension 'ros'
[0.164s] DEBUG:colcon.colcon_core.package_identification:Package 'src/dummy' with type 'ros.ament_cmake' and name 'dummy'
[0.164s] Level 1:colcon.colcon_core.package_identification:_identify(src/fra333_lab1_25) by extensions ['ignore', 'ignore_ament_install']
[0.164s] Level 1:colcon.colcon_core.package_identification:_identify(src/fra333_lab1_25) by extension 'ignore'
[0.164s] Level 1:colcon.colcon_core.package_identification:_identify(src/fra333_lab1_25) by extension 'ignore_ament_install'
[0.164s] Level 1:colcon.colcon_core.package_identification:_identify(src/fra333_lab1_25) by extensions ['colcon_pkg']
[0.164s] Level 1:colcon.colcon_core.package_identification:_identify(src/fra333_lab1_25) by extension 'colcon_pkg'
[0.164s] Level 1:colcon.colcon_core.package_identification:_identify(src/fra333_lab1_25) by extensions ['colcon_meta']
[0.164s] Level 1:colcon.colcon_core.package_identification:_identify(src/fra333_lab1_25) by extension 'colcon_meta'
[0.164s] Level 1:colcon.colcon_core.package_identification:_identify(src/fra333_lab1_25) by extensions ['ros']
[0.164s] Level 1:colcon.colcon_core.package_identification:_identify(src/fra333_lab1_25) by extension 'ros'
[0.165s] Level 1:colcon.colcon_core.package_identification:_identify(src/fra333_lab1_25) by extensions ['cmake', 'python']
[0.165s] Level 1:colcon.colcon_core.package_identification:_identify(src/fra333_lab1_25) by extension 'cmake'
[0.165s] Level 1:colcon.colcon_core.package_identification:_identify(src/fra333_lab1_25) by extension 'python'
[0.165s] Level 1:colcon.colcon_core.package_identification:_identify(src/fra333_lab1_25) by extensions ['python_setup_py']
[0.165s] Level 1:colcon.colcon_core.package_identification:_identify(src/fra333_lab1_25) by extension 'python_setup_py'
[0.165s] Level 1:colcon.colcon_core.package_identification:_identify(src/fra333_lab1_25/doc) by extensions ['ignore', 'ignore_ament_install']
[0.165s] Level 1:colcon.colcon_core.package_identification:_identify(src/fra333_lab1_25/doc) by extension 'ignore'
[0.165s] Level 1:colcon.colcon_core.package_identification:_identify(src/fra333_lab1_25/doc) by extension 'ignore_ament_install'
[0.165s] Level 1:colcon.colcon_core.package_identification:_identify(src/fra333_lab1_25/doc) by extensions ['colcon_pkg']
[0.165s] Level 1:colcon.colcon_core.package_identification:_identify(src/fra333_lab1_25/doc) by extension 'colcon_pkg'
[0.165s] Level 1:colcon.colcon_core.package_identification:_identify(src/fra333_lab1_25/doc) by extensions ['colcon_meta']
[0.165s] Level 1:colcon.colcon_core.package_identification:_identify(src/fra333_lab1_25/doc) by extension 'colcon_meta'
[0.165s] Level 1:colcon.colcon_core.package_identification:_identify(src/fra333_lab1_25/doc) by extensions ['ros']
[0.165s] Level 1:colcon.colcon_core.package_identification:_identify(src/fra333_lab1_25/doc) by extension 'ros'
[0.165s] Level 1:colcon.colcon_core.package_identification:_identify(src/fra333_lab1_25/doc) by extensions ['cmake', 'python']
[0.165s] Level 1:colcon.colcon_core.package_identification:_identify(src/fra333_lab1_25/doc) by extension 'cmake'
[0.165s] Level 1:colcon.colcon_core.package_identification:_identify(src/fra333_lab1_25/doc) by extension 'python'
[0.165s] Level 1:colcon.colcon_core.package_identification:_identify(src/fra333_lab1_25/doc) by extensions ['python_setup_py']
[0.165s] Level 1:colcon.colcon_core.package_identification:_identify(src/fra333_lab1_25/doc) by extension 'python_setup_py'
[0.165s] Level 1:colcon.colcon_core.package_identification:_identify(src/fra333_lab1_25/doc/pic) by extensions ['ignore', 'ignore_ament_install']
[0.165s] Level 1:colcon.colcon_core.package_identification:_identify(src/fra333_lab1_25/doc/pic) by extension 'ignore'
[0.165s] Level 1:colcon.colcon_core.package_identification:_identify(src/fra333_lab1_25/doc/pic) by extension 'ignore_ament_install'
[0.165s] Level 1:colcon.colcon_core.package_identification:_identify(src/fra333_lab1_25/doc/pic) by extensions ['colcon_pkg']
[0.165s] Level 1:colcon.colcon_core.package_identification:_identify(src/fra333_lab1_25/doc/pic) by extension 'colcon_pkg'
[0.166s] Level 1:colcon.colcon_core.package_identification:_identify(src/fra333_lab1_25/doc/pic) by extensions ['colcon_meta']
[0.166s] Level 1:colcon.colcon_core.package_identification:_identify(src/fra333_lab1_25/doc/pic) by extension 'colcon_meta'
[0.166s] Level 1:colcon.colcon_core.package_identification:_identify(src/fra333_lab1_25/doc/pic) by extensions ['ros']
[0.166s] Level 1:colcon.colcon_core.package_identification:_identify(src/fra333_lab1_25/doc/pic) by extension 'ros'
[0.166s] Level 1:colcon.colcon_core.package_identification:_identify(src/fra333_lab1_25/doc/pic) by extensions ['cmake', 'python']
[0.166s] Level 1:colcon.colcon_core.package_identification:_identify(src/fra333_lab1_25/doc/pic) by extension 'cmake'
[0.166s] Level 1:colcon.colcon_core.package_identification:_identify(src/fra333_lab1_25/doc/pic) by extension 'python'
[0.166s] Level 1:colcon.colcon_core.package_identification:_identify(src/fra333_lab1_25/doc/pic) by extensions ['python_setup_py']
[0.166s] Level 1:colcon.colcon_core.package_identification:_identify(src/fra333_lab1_25/doc/pic) by extension 'python_setup_py'
[0.166s] Level 1:colcon.colcon_core.package_identification:_identify(src/fra333_lab1_25/fra333_lab1_25) by extensions ['ignore', 'ignore_ament_install']
[0.166s] Level 1:colcon.colcon_core.package_identification:_identify(src/fra333_lab1_25/fra333_lab1_25) by extension 'ignore'
[0.166s] Level 1:colcon.colcon_core.package_identification:_identify(src/fra333_lab1_25/fra333_lab1_25) by extension 'ignore_ament_install'
[0.166s] Level 1:colcon.colcon_core.package_identification:_identify(src/fra333_lab1_25/fra333_lab1_25) by extensions ['colcon_pkg']
[0.166s] Level 1:colcon.colcon_core.package_identification:_identify(src/fra333_lab1_25/fra333_lab1_25) by extension 'colcon_pkg'
[0.166s] Level 1:colcon.colcon_core.package_identification:_identify(src/fra333_lab1_25/fra333_lab1_25) by extensions ['colcon_meta']
[0.166s] Level 1:colcon.colcon_core.package_identification:_identify(src/fra333_lab1_25/fra333_lab1_25) by extension 'colcon_meta'
[0.166s] Level 1:colcon.colcon_core.package_identification:_identify(src/fra333_lab1_25/fra333_lab1_25) by extensions ['ros']
[0.166s] Level 1:colcon.colcon_core.package_identification:_identify(src/fra333_lab1_25/fra333_lab1_25) by extension 'ros'
[0.167s] DEBUG:colcon.colcon_core.package_identification:Package 'src/fra333_lab1_25/fra333_lab1_25' with type 'ros.ament_cmake' and name 'fra333_lab1_25'
[0.167s] Level 1:colcon.colcon_core.package_identification:_identify(src/fra333_lab1_25/lab1_interfaces) by extensions ['ignore', 'ignore_ament_install']
[0.167s] Level 1:colcon.colcon_core.package_identification:_identify(src/fra333_lab1_25/lab1_interfaces) by extension 'ignore'
[0.167s] Level 1:colcon.colcon_core.package_identification:_identify(src/fra333_lab1_25/lab1_interfaces) by extension 'ignore_ament_install'
[0.167s] Level 1:colcon.colcon_core.package_identification:_identify(src/fra333_lab1_25/lab1_interfaces) by extensions ['colcon_pkg']
[0.167s] Level 1:colcon.colcon_core.package_identification:_identify(src/fra333_lab1_25/lab1_interfaces) by extension 'colcon_pkg'
[0.167s] Level 1:colcon.colcon_core.package_identification:_identify(src/fra333_lab1_25/lab1_interfaces) by extensions ['colcon_meta']
[0.167s] Level 1:colcon.colcon_core.package_identification:_identify(src/fra333_lab1_25/lab1_interfaces) by extension 'colcon_meta'
[0.167s] Level 1:colcon.colcon_core.package_identification:_identify(src/fra333_lab1_25/lab1_interfaces) by extensions ['ros']
[0.167s] Level 1:colcon.colcon_core.package_identification:_identify(src/fra333_lab1_25/lab1_interfaces) by extension 'ros'
[0.168s] DEBUG:colcon.colcon_core.package_identification:Package 'src/fra333_lab1_25/lab1_interfaces' with type 'ros.ament_cmake' and name 'lab1_interfaces'
[0.168s] Level 1:colcon.colcon_core.package_identification:_identify(src/fra333_lab2_25_v1) by extensions ['ignore', 'ignore_ament_install']
[0.168s] Level 1:colcon.colcon_core.package_identification:_identify(src/fra333_lab2_25_v1) by extension 'ignore'
[0.168s] Level 1:colcon.colcon_core.package_identification:_identify(src/fra333_lab2_25_v1) by extension 'ignore_ament_install'
[0.168s] Level 1:colcon.colcon_core.package_identification:_identify(src/fra333_lab2_25_v1) by extensions ['colcon_pkg']
[0.168s] Level 1:colcon.colcon_core.package_identification:_identify(src/fra333_lab2_25_v1) by extension 'colcon_pkg'
[0.168s] Level 1:colcon.colcon_core.package_identification:_identify(src/fra333_lab2_25_v1) by extensions ['colcon_meta']
[0.168s] Level 1:colcon.colcon_core.package_identification:_identify(src/fra333_lab2_25_v1) by extension 'colcon_meta'
[0.168s] Level 1:colcon.colcon_core.package_identification:_identify(src/fra333_lab2_25_v1) by extensions ['ros']
[0.168s] Level 1:colcon.colcon_core.package_identification:_identify(src/fra333_lab2_25_v1) by extension 'ros'
[0.168s] Level 1:colcon.colcon_core.package_identification:_identify(src/fra333_lab2_25_v1) by extensions ['cmake', 'python']
[0.168s] Level 1:colcon.colcon_core.package_identification:_identify(src/fra333_lab2_25_v1) by extension 'cmake'
[0.168s] Level 1:colcon.colcon_core.package_identification:_identify(src/fra333_lab2_25_v1) by extension 'python'
[0.168s] Level 1:colcon.colcon_core.package_identification:_identify(src/fra333_lab2_25_v1) by extensions ['python_setup_py']
[0.168s] Level 1:colcon.colcon_core.package_identification:_identify(src/fra333_lab2_25_v1) by extension 'python_setup_py'
[0.168s] Level 1:colcon.colcon_core.package_identification:_identify(src/fra333_lab2_25_v1/cocoa_description) by extensions ['ignore', 'ignore_ament_install']
[0.168s] Level 1:colcon.colcon_core.package_identification:_identify(src/fra333_lab2_25_v1/cocoa_description) by extension 'ignore'
[0.168s] Level 1:colcon.colcon_core.package_identification:_identify(src/fra333_lab2_25_v1/cocoa_description) by extension 'ignore_ament_install'
[0.168s] Level 1:colcon.colcon_core.package_identification:_identify(src/fra333_lab2_25_v1/cocoa_description) by extensions ['colcon_pkg']
[0.168s] Level 1:colcon.colcon_core.package_identification:_identify(src/fra333_lab2_25_v1/cocoa_description) by extension 'colcon_pkg'
[0.168s] Level 1:colcon.colcon_core.package_identification:_identify(src/fra333_lab2_25_v1/cocoa_description) by extensions ['colcon_meta']
[0.168s] Level 1:colcon.colcon_core.package_identification:_identify(src/fra333_lab2_25_v1/cocoa_description) by extension 'colcon_meta'
[0.169s] Level 1:colcon.colcon_core.package_identification:_identify(src/fra333_lab2_25_v1/cocoa_description) by extensions ['ros']
[0.169s] Level 1:colcon.colcon_core.package_identification:_identify(src/fra333_lab2_25_v1/cocoa_description) by extension 'ros'
[0.169s] DEBUG:colcon.colcon_core.package_identification:Package 'src/fra333_lab2_25_v1/cocoa_description' with type 'ros.ament_cmake' and name 'cocoa_description'
[0.169s] Level 1:colcon.colcon_core.package_identification:_identify(src/fra333_lab2_25_v1/cocoa_kinematics) by extensions ['ignore', 'ignore_ament_install']
[0.169s] Level 1:colcon.colcon_core.package_identification:_identify(src/fra333_lab2_25_v1/cocoa_kinematics) by extension 'ignore'
[0.169s] Level 1:colcon.colcon_core.package_identification:_identify(src/fra333_lab2_25_v1/cocoa_kinematics) by extension 'ignore_ament_install'
[0.169s] Level 1:colcon.colcon_core.package_identification:_identify(src/fra333_lab2_25_v1/cocoa_kinematics) by extensions ['colcon_pkg']
[0.169s] Level 1:colcon.colcon_core.package_identification:_identify(src/fra333_lab2_25_v1/cocoa_kinematics) by extension 'colcon_pkg'
[0.169s] Level 1:colcon.colcon_core.package_identification:_identify(src/fra333_lab2_25_v1/cocoa_kinematics) by extensions ['colcon_meta']
[0.169s] Level 1:colcon.colcon_core.package_identification:_identify(src/fra333_lab2_25_v1/cocoa_kinematics) by extension 'colcon_meta'
[0.169s] Level 1:colcon.colcon_core.package_identification:_identify(src/fra333_lab2_25_v1/cocoa_kinematics) by extensions ['ros']
[0.169s] Level 1:colcon.colcon_core.package_identification:_identify(src/fra333_lab2_25_v1/cocoa_kinematics) by extension 'ros'
[0.170s] DEBUG:colcon.colcon_core.package_identification:Package 'src/fra333_lab2_25_v1/cocoa_kinematics' with type 'ros.ament_cmake' and name 'cocoa_kinematics'
[0.170s] Level 1:colcon.colcon_core.package_identification:_identify(src/fra333_lab2_25_v1/cocoa_kinematics_interfaces) by extensions ['ignore', 'ignore_ament_install']
[0.170s] Level 1:colcon.colcon_core.package_identification:_identify(src/fra333_lab2_25_v1/cocoa_kinematics_interfaces) by extension 'ignore'
[0.170s] Level 1:colcon.colcon_core.package_identification:_identify(src/fra333_lab2_25_v1/cocoa_kinematics_interfaces) by extension 'ignore_ament_install'
[0.170s] Level 1:colcon.colcon_core.package_identification:_identify(src/fra333_lab2_25_v1/cocoa_kinematics_interfaces) by extensions ['colcon_pkg']
[0.170s] Level 1:colcon.colcon_core.package_identification:_identify(src/fra333_lab2_25_v1/cocoa_kinematics_interfaces) by extension 'colcon_pkg'
[0.170s] Level 1:colcon.colcon_core.package_identification:_identify(src/fra333_lab2_25_v1/cocoa_kinematics_interfaces) by extensions ['colcon_meta']
[0.170s] Level 1:colcon.colcon_core.package_identification:_identify(src/fra333_lab2_25_v1/cocoa_kinematics_interfaces) by extension 'colcon_meta'
[0.170s] Level 1:colcon.colcon_core.package_identification:_identify(src/fra333_lab2_25_v1/cocoa_kinematics_interfaces) by extensions ['ros']
[0.170s] Level 1:colcon.colcon_core.package_identification:_identify(src/fra333_lab2_25_v1/cocoa_kinematics_interfaces) by extension 'ros'
[0.171s] DEBUG:colcon.colcon_core.package_identification:Package 'src/fra333_lab2_25_v1/cocoa_kinematics_interfaces' with type 'ros.ament_cmake' and name 'cocoa_kinematics_interfaces'
[0.171s] Level 1:colcon.colcon_core.package_identification:_identify(src/fra333_lab2_25_v1/doc) by extensions ['ignore', 'ignore_ament_install']
[0.171s] Level 1:colcon.colcon_core.package_identification:_identify(src/fra333_lab2_25_v1/doc) by extension 'ignore'
[0.171s] Level 1:colcon.colcon_core.package_identification:_identify(src/fra333_lab2_25_v1/doc) by extension 'ignore_ament_install'
[0.171s] Level 1:colcon.colcon_core.package_identification:_identify(src/fra333_lab2_25_v1/doc) by extensions ['colcon_pkg']
[0.171s] Level 1:colcon.colcon_core.package_identification:_identify(src/fra333_lab2_25_v1/doc) by extension 'colcon_pkg'
[0.171s] Level 1:colcon.colcon_core.package_identification:_identify(src/fra333_lab2_25_v1/doc) by extensions ['colcon_meta']
[0.171s] Level 1:colcon.colcon_core.package_identification:_identify(src/fra333_lab2_25_v1/doc) by extension 'colcon_meta'
[0.171s] Level 1:colcon.colcon_core.package_identification:_identify(src/fra333_lab2_25_v1/doc) by extensions ['ros']
[0.171s] Level 1:colcon.colcon_core.package_identification:_identify(src/fra333_lab2_25_v1/doc) by extension 'ros'
[0.171s] Level 1:colcon.colcon_core.package_identification:_identify(src/fra333_lab2_25_v1/doc) by extensions ['cmake', 'python']
[0.171s] Level 1:colcon.colcon_core.package_identification:_identify(src/fra333_lab2_25_v1/doc) by extension 'cmake'
[0.171s] Level 1:colcon.colcon_core.package_identification:_identify(src/fra333_lab2_25_v1/doc) by extension 'python'
[0.171s] Level 1:colcon.colcon_core.package_identification:_identify(src/fra333_lab2_25_v1/doc) by extensions ['python_setup_py']
[0.171s] Level 1:colcon.colcon_core.package_identification:_identify(src/fra333_lab2_25_v1/doc) by extension 'python_setup_py'
[0.171s] Level 1:colcon.colcon_core.package_identification:_identify(src/fra333_lab2_25_v1/doc/pic) by extensions ['ignore', 'ignore_ament_install']
[0.171s] Level 1:colcon.colcon_core.package_identification:_identify(src/fra333_lab2_25_v1/doc/pic) by extension 'ignore'
[0.171s] Level 1:colcon.colcon_core.package_identification:_identify(src/fra333_lab2_25_v1/doc/pic) by extension 'ignore_ament_install'
[0.172s] Level 1:colcon.colcon_core.package_identification:_identify(src/fra333_lab2_25_v1/doc/pic) by extensions ['colcon_pkg']
[0.172s] Level 1:colcon.colcon_core.package_identification:_identify(src/fra333_lab2_25_v1/doc/pic) by extension 'colcon_pkg'
[0.172s] Level 1:colcon.colcon_core.package_identification:_identify(src/fra333_lab2_25_v1/doc/pic) by extensions ['colcon_meta']
[0.172s] Level 1:colcon.colcon_core.package_identification:_identify(src/fra333_lab2_25_v1/doc/pic) by extension 'colcon_meta'
[0.172s] Level 1:colcon.colcon_core.package_identification:_identify(src/fra333_lab2_25_v1/doc/pic) by extensions ['ros']
[0.172s] Level 1:colcon.colcon_core.package_identification:_identify(src/fra333_lab2_25_v1/doc/pic) by extension 'ros'
[0.172s] Level 1:colcon.colcon_core.package_identification:_identify(src/fra333_lab2_25_v1/doc/pic) by extensions ['cmake', 'python']
[0.172s] Level 1:colcon.colcon_core.package_identification:_identify(src/fra333_lab2_25_v1/doc/pic) by extension 'cmake'
[0.172s] Level 1:colcon.colcon_core.package_identification:_identify(src/fra333_lab2_25_v1/doc/pic) by extension 'python'
[0.172s] Level 1:colcon.colcon_core.package_identification:_identify(src/fra333_lab2_25_v1/doc/pic) by extensions ['python_setup_py']
[0.172s] Level 1:colcon.colcon_core.package_identification:_identify(src/fra333_lab2_25_v1/doc/pic) by extension 'python_setup_py'
[0.172s] Level 1:colcon.colcon_core.package_identification:_identify(src/my_first_package) by extensions ['ignore', 'ignore_ament_install']
[0.172s] Level 1:colcon.colcon_core.package_identification:_identify(src/my_first_package) by extension 'ignore'
[0.172s] Level 1:colcon.colcon_core.package_identification:_identify(src/my_first_package) by extension 'ignore_ament_install'
[0.172s] Level 1:colcon.colcon_core.package_identification:_identify(src/my_first_package) by extensions ['colcon_pkg']
[0.172s] Level 1:colcon.colcon_core.package_identification:_identify(src/my_first_package) by extension 'colcon_pkg'
[0.172s] Level 1:colcon.colcon_core.package_identification:_identify(src/my_first_package) by extensions ['colcon_meta']
[0.172s] Level 1:colcon.colcon_core.package_identification:_identify(src/my_first_package) by extension 'colcon_meta'
[0.172s] Level 1:colcon.colcon_core.package_identification:_identify(src/my_first_package) by extensions ['ros']
[0.172s] Level 1:colcon.colcon_core.package_identification:_identify(src/my_first_package) by extension 'ros'
[0.173s] DEBUG:colcon.colcon_core.package_identification:Package 'src/my_first_package' with type 'ros.ament_cmake' and name 'my_first_package'
[0.173s] Level 1:colcon.colcon_core.package_discovery:discover_packages(recursive) using defaults
[0.173s] Level 1:colcon.colcon_core.package_discovery:discover_packages(ignore) discover
[0.173s] Level 1:colcon.colcon_core.package_discovery:discover_packages(ignore) using defaults
[0.173s] Level 1:colcon.colcon_core.package_discovery:discover_packages(path) discover
[0.173s] Level 1:colcon.colcon_core.package_discovery:discover_packages(path) using defaults
[0.192s] Level 1:colcon.colcon_core.package_discovery:discover_packages(prefix_path) check parameters
[0.192s] Level 1:colcon.colcon_core.package_discovery:discover_packages(prefix_path) discover
[0.194s] DEBUG:colcon.colcon_installed_package_information.package_discovery:Found 7 installed packages in /home/azthorax/fra333_ws/install
[0.195s] DEBUG:colcon.colcon_installed_package_information.package_discovery:Found 265 installed packages in /opt/ros/foxy
[0.197s] Level 1:colcon.colcon_core.package_discovery:discover_packages(prefix_path) using defaults
[0.251s] Level 5:colcon.colcon_core.verb:set package 'cocoa_description' build argument 'cmake_args' from command line to 'None'
[0.251s] Level 5:colcon.colcon_core.verb:set package 'cocoa_description' build argument 'cmake_target' from command line to 'None'
[0.251s] Level 5:colcon.colcon_core.verb:set package 'cocoa_description' build argument 'cmake_target_skip_unavailable' from command line to 'False'
[0.252s] Level 5:colcon.colcon_core.verb:set package 'cocoa_description' build argument 'cmake_clean_cache' from command line to 'False'
[0.252s] Level 5:colcon.colcon_core.verb:set package 'cocoa_description' build argument 'cmake_clean_first' from command line to 'False'
[0.252s] Level 5:colcon.colcon_core.verb:set package 'cocoa_description' build argument 'cmake_force_configure' from command line to 'False'
[0.252s] Level 5:colcon.colcon_core.verb:set package 'cocoa_description' build argument 'ament_cmake_args' from command line to 'None'
[0.252s] Level 5:colcon.colcon_core.verb:set package 'cocoa_description' build argument 'catkin_cmake_args' from command line to 'None'
[0.252s] Level 5:colcon.colcon_core.verb:set package 'cocoa_description' build argument 'catkin_skip_building_tests' from command line to 'False'
[0.252s] DEBUG:colcon.colcon_core.verb:Building package 'cocoa_description' with the following arguments: {'ament_cmake_args': None, 'build_base': '/home/azthorax/fra333_ws/build/cocoa_description', 'catkin_cmake_args': None, 'catkin_skip_building_tests': False, 'cmake_args': None, 'cmake_clean_cache': False, 'cmake_clean_first': False, 'cmake_force_configure': False, 'cmake_target': None, 'cmake_target_skip_unavailable': False, 'install_base': '/home/azthorax/fra333_ws/install/cocoa_description', 'merge_install': False, 'path': '/home/azthorax/fra333_ws/src/fra333_lab2_25_v1/cocoa_description', 'symlink_install': True, 'test_result_base': None}
[0.253s] Level 5:colcon.colcon_core.verb:set package 'cocoa_kinematics' build argument 'cmake_args' from command line to 'None'
[0.253s] Level 5:colcon.colcon_core.verb:set package 'cocoa_kinematics' build argument 'cmake_target' from command line to 'None'
[0.253s] Level 5:colcon.colcon_core.verb:set package 'cocoa_kinematics' build argument 'cmake_target_skip_unavailable' from command line to 'False'
[0.253s] Level 5:colcon.colcon_core.verb:set package 'cocoa_kinematics' build argument 'cmake_clean_cache' from command line to 'False'
[0.253s] Level 5:colcon.colcon_core.verb:set package 'cocoa_kinematics' build argument 'cmake_clean_first' from command line to 'False'
[0.253s] Level 5:colcon.colcon_core.verb:set package 'cocoa_kinematics' build argument 'cmake_force_configure' from command line to 'False'
[0.253s] Level 5:colcon.colcon_core.verb:set package 'cocoa_kinematics' build argument 'ament_cmake_args' from command line to 'None'
[0.253s] Level 5:colcon.colcon_core.verb:set package 'cocoa_kinematics' build argument 'catkin_cmake_args' from command line to 'None'
[0.253s] Level 5:colcon.colcon_core.verb:set package 'cocoa_kinematics' build argument 'catkin_skip_building_tests' from command line to 'False'
[0.253s] DEBUG:colcon.colcon_core.verb:Building package 'cocoa_kinematics' with the following arguments: {'ament_cmake_args': None, 'build_base': '/home/azthorax/fra333_ws/build/cocoa_kinematics', 'catkin_cmake_args': None, 'catkin_skip_building_tests': False, 'cmake_args': None, 'cmake_clean_cache': False, 'cmake_clean_first': False, 'cmake_force_configure': False, 'cmake_target': None, 'cmake_target_skip_unavailable': False, 'install_base': '/home/azthorax/fra333_ws/install/cocoa_kinematics', 'merge_install': False, 'path': '/home/azthorax/fra333_ws/src/fra333_lab2_25_v1/cocoa_kinematics', 'symlink_install': True, 'test_result_base': None}
[0.254s] Level 5:colcon.colcon_core.verb:set package 'cocoa_kinematics_interfaces' build argument 'cmake_args' from command line to 'None'
[0.254s] Level 5:colcon.colcon_core.verb:set package 'cocoa_kinematics_interfaces' build argument 'cmake_target' from command line to 'None'
[0.254s] Level 5:colcon.colcon_core.verb:set package 'cocoa_kinematics_interfaces' build argument 'cmake_target_skip_unavailable' from command line to 'False'
[0.254s] Level 5:colcon.colcon_core.verb:set package 'cocoa_kinematics_interfaces' build argument 'cmake_clean_cache' from command line to 'False'
[0.254s] Level 5:colcon.colcon_core.verb:set package 'cocoa_kinematics_interfaces' build argument 'cmake_clean_first' from command line to 'False'
[0.254s] Level 5:colcon.colcon_core.verb:set package 'cocoa_kinematics_interfaces' build argument 'cmake_force_configure' from command line to 'False'
[0.254s] Level 5:colcon.colcon_core.verb:set package 'cocoa_kinematics_interfaces' build argument 'ament_cmake_args' from command line to 'None'
[0.254s] Level 5:colcon.colcon_core.verb:set package 'cocoa_kinematics_interfaces' build argument 'catkin_cmake_args' from command line to 'None'
[0.254s] Level 5:colcon.colcon_core.verb:set package 'cocoa_kinematics_interfaces' build argument 'catkin_skip_building_tests' from command line to 'False'
[0.254s] DEBUG:colcon.colcon_core.verb:Building package 'cocoa_kinematics_interfaces' with the following arguments: {'ament_cmake_args': None, 'build_base': '/home/azthorax/fra333_ws/build/cocoa_kinematics_interfaces', 'catkin_cmake_args': None, 'catkin_skip_building_tests': False, 'cmake_args': None, 'cmake_clean_cache': False, 'cmake_clean_first': False, 'cmake_force_configure': False, 'cmake_target': None, 'cmake_target_skip_unavailable': False, 'install_base': '/home/azthorax/fra333_ws/install/cocoa_kinematics_interfaces', 'merge_install': False, 'path': '/home/azthorax/fra333_ws/src/fra333_lab2_25_v1/cocoa_kinematics_interfaces', 'symlink_install': True, 'test_result_base': None}
[0.255s] Level 5:colcon.colcon_core.verb:set package 'dummy' build argument 'cmake_args' from command line to 'None'
[0.255s] Level 5:colcon.colcon_core.verb:set package 'dummy' build argument 'cmake_target' from command line to 'None'
[0.255s] Level 5:colcon.colcon_core.verb:set package 'dummy' build argument 'cmake_target_skip_unavailable' from command line to 'False'
[0.255s] Level 5:colcon.colcon_core.verb:set package 'dummy' build argument 'cmake_clean_cache' from command line to 'False'
[0.255s] Level 5:colcon.colcon_core.verb:set package 'dummy' build argument 'cmake_clean_first' from command line to 'False'
[0.255s] Level 5:colcon.colcon_core.verb:set package 'dummy' build argument 'cmake_force_configure' from command line to 'False'
[0.255s] Level 5:colcon.colcon_core.verb:set package 'dummy' build argument 'ament_cmake_args' from command line to 'None'
[0.255s] Level 5:colcon.colcon_core.verb:set package 'dummy' build argument 'catkin_cmake_args' from command line to 'None'
[0.255s] Level 5:colcon.colcon_core.verb:set package 'dummy' build argument 'catkin_skip_building_tests' from command line to 'False'
[0.255s] DEBUG:colcon.colcon_core.verb:Building package 'dummy' with the following arguments: {'ament_cmake_args': None, 'build_base': '/home/azthorax/fra333_ws/build/dummy', 'catkin_cmake_args': None, 'catkin_skip_building_tests': False, 'cmake_args': None, 'cmake_clean_cache': False, 'cmake_clean_first': False, 'cmake_force_configure': False, 'cmake_target': None, 'cmake_target_skip_unavailable': False, 'install_base': '/home/azthorax/fra333_ws/install/dummy', 'merge_install': False, 'path': '/home/azthorax/fra333_ws/src/dummy', 'symlink_install': True, 'test_result_base': None}
[0.256s] Level 5:colcon.colcon_core.verb:set package 'fra333_lab1_25' build argument 'cmake_args' from command line to 'None'
[0.256s] Level 5:colcon.colcon_core.verb:set package 'fra333_lab1_25' build argument 'cmake_target' from command line to 'None'
[0.256s] Level 5:colcon.colcon_core.verb:set package 'fra333_lab1_25' build argument 'cmake_target_skip_unavailable' from command line to 'False'
[0.256s] Level 5:colcon.colcon_core.verb:set package 'fra333_lab1_25' build argument 'cmake_clean_cache' from command line to 'False'
[0.256s] Level 5:colcon.colcon_core.verb:set package 'fra333_lab1_25' build argument 'cmake_clean_first' from command line to 'False'
[0.256s] Level 5:colcon.colcon_core.verb:set package 'fra333_lab1_25' build argument 'cmake_force_configure' from command line to 'False'
[0.256s] Level 5:colcon.colcon_core.verb:set package 'fra333_lab1_25' build argument 'ament_cmake_args' from command line to 'None'
[0.256s] Level 5:colcon.colcon_core.verb:set package 'fra333_lab1_25' build argument 'catkin_cmake_args' from command line to 'None'
[0.256s] Level 5:colcon.colcon_core.verb:set package 'fra333_lab1_25' build argument 'catkin_skip_building_tests' from command line to 'False'
[0.256s] DEBUG:colcon.colcon_core.verb:Building package 'fra333_lab1_25' with the following arguments: {'ament_cmake_args': None, 'build_base': '/home/azthorax/fra333_ws/build/fra333_lab1_25', 'catkin_cmake_args': None, 'catkin_skip_building_tests': False, 'cmake_args': None, 'cmake_clean_cache': False, 'cmake_clean_first': False, 'cmake_force_configure': False, 'cmake_target': None, 'cmake_target_skip_unavailable': False, 'install_base': '/home/azthorax/fra333_ws/install/fra333_lab1_25', 'merge_install': False, 'path': '/home/azthorax/fra333_ws/src/fra333_lab1_25/fra333_lab1_25', 'symlink_install': True, 'test_result_base': None}
[0.257s] Level 5:colcon.colcon_core.verb:set package 'lab1_interfaces' build argument 'cmake_args' from command line to 'None'
[0.257s] Level 5:colcon.colcon_core.verb:set package 'lab1_interfaces' build argument 'cmake_target' from command line to 'None'
[0.257s] Level 5:colcon.colcon_core.verb:set package 'lab1_interfaces' build argument 'cmake_target_skip_unavailable' from command line to 'False'
[0.257s] Level 5:colcon.colcon_core.verb:set package 'lab1_interfaces' build argument 'cmake_clean_cache' from command line to 'False'
[0.257s] Level 5:colcon.colcon_core.verb:set package 'lab1_interfaces' build argument 'cmake_clean_first' from command line to 'False'
[0.258s] Level 5:colcon.colcon_core.verb:set package 'lab1_interfaces' build argument 'cmake_force_configure' from command line to 'False'
[0.258s] Level 5:colcon.colcon_core.verb:set package 'lab1_interfaces' build argument 'ament_cmake_args' from command line to 'None'
[0.258s] Level 5:colcon.colcon_core.verb:set package 'lab1_interfaces' build argument 'catkin_cmake_args' from command line to 'None'
[0.258s] Level 5:colcon.colcon_core.verb:set package 'lab1_interfaces' build argument 'catkin_skip_building_tests' from command line to 'False'
[0.258s] DEBUG:colcon.colcon_core.verb:Building package 'lab1_interfaces' with the following arguments: {'ament_cmake_args': None, 'build_base': '/home/azthorax/fra333_ws/build/lab1_interfaces', 'catkin_cmake_args': None, 'catkin_skip_building_tests': False, 'cmake_args': None, 'cmake_clean_cache': False, 'cmake_clean_first': False, 'cmake_force_configure': False, 'cmake_target': None, 'cmake_target_skip_unavailable': False, 'install_base': '/home/azthorax/fra333_ws/install/lab1_interfaces', 'merge_install': False, 'path': '/home/azthorax/fra333_ws/src/fra333_lab1_25/lab1_interfaces', 'symlink_install': True, 'test_result_base': None}
[0.258s] Level 5:colcon.colcon_core.verb:set package 'my_first_package' build argument 'cmake_args' from command line to 'None'
[0.259s] Level 5:colcon.colcon_core.verb:set package 'my_first_package' build argument 'cmake_target' from command line to 'None'
[0.259s] Level 5:colcon.colcon_core.verb:set package 'my_first_package' build argument 'cmake_target_skip_unavailable' from command line to 'False'
[0.259s] Level 5:colcon.colcon_core.verb:set package 'my_first_package' build argument 'cmake_clean_cache' from command line to 'False'
[0.259s] Level 5:colcon.colcon_core.verb:set package 'my_first_package' build argument 'cmake_clean_first' from command line to 'False'
[0.259s] Level 5:colcon.colcon_core.verb:set package 'my_first_package' build argument 'cmake_force_configure' from command line to 'False'
[0.259s] Level 5:colcon.colcon_core.verb:set package 'my_first_package' build argument 'ament_cmake_args' from command line to 'None'
[0.259s] Level 5:colcon.colcon_core.verb:set package 'my_first_package' build argument 'catkin_cmake_args' from command line to 'None'
[0.259s] Level 5:colcon.colcon_core.verb:set package 'my_first_package' build argument 'catkin_skip_building_tests' from command line to 'False'
[0.259s] DEBUG:colcon.colcon_core.verb:Building package 'my_first_package' with the following arguments: {'ament_cmake_args': None, 'build_base': '/home/azthorax/fra333_ws/build/my_first_package', 'catkin_cmake_args': None, 'catkin_skip_building_tests': False, 'cmake_args': None, 'cmake_clean_cache': False, 'cmake_clean_first': False, 'cmake_force_configure': False, 'cmake_target': None, 'cmake_target_skip_unavailable': False, 'install_base': '/home/azthorax/fra333_ws/install/my_first_package', 'merge_install': False, 'path': '/home/azthorax/fra333_ws/src/my_first_package', 'symlink_install': True, 'test_result_base': None}
[0.259s] INFO:colcon.colcon_core.executor:Executing jobs using 'parallel' executor
[0.263s] DEBUG:colcon.colcon_parallel_executor.executor.parallel:run_until_complete
[0.263s] INFO:colcon.colcon_ros.task.ament_cmake.build:Building ROS package in '/home/azthorax/fra333_ws/src/fra333_lab2_25_v1/cocoa_description' with build type 'ament_cmake'
[0.263s] INFO:colcon.colcon_cmake.task.cmake.build:Building CMake package in '/home/azthorax/fra333_ws/src/fra333_lab2_25_v1/cocoa_description'
[0.268s] INFO:colcon.colcon_core.plugin_system:Skipping extension 'colcon_core.shell.bat': Not used on non-Windows systems
[0.268s] INFO:colcon.colcon_core.shell:Skip shell extension 'powershell' for command environment: Not usable outside of PowerShell
[0.268s] DEBUG:colcon.colcon_core.shell:Skip shell extension 'dsv' for command environment
[0.274s] INFO:colcon.colcon_ros.task.ament_cmake.build:Building ROS package in '/home/azthorax/fra333_ws/src/fra333_lab2_25_v1/cocoa_kinematics' with build type 'ament_cmake'
[0.274s] INFO:colcon.colcon_cmake.task.cmake.build:Building CMake package in '/home/azthorax/fra333_ws/src/fra333_lab2_25_v1/cocoa_kinematics'
[0.276s] INFO:colcon.colcon_core.shell:Skip shell extension 'powershell' for command environment: Not usable outside of PowerShell
[0.276s] DEBUG:colcon.colcon_core.shell:Skip shell extension 'dsv' for command environment
[0.283s] INFO:colcon.colcon_ros.task.ament_cmake.build:Building ROS package in '/home/azthorax/fra333_ws/src/fra333_lab2_25_v1/cocoa_kinematics_interfaces' with build type 'ament_cmake'
[0.283s] INFO:colcon.colcon_cmake.task.cmake.build:Building CMake package in '/home/azthorax/fra333_ws/src/fra333_lab2_25_v1/cocoa_kinematics_interfaces'
[0.285s] INFO:colcon.colcon_core.shell:Skip shell extension 'powershell' for command environment: Not usable outside of PowerShell
[0.285s] DEBUG:colcon.colcon_core.shell:Skip shell extension 'dsv' for command environment
[0.291s] INFO:colcon.colcon_ros.task.ament_cmake.build:Building ROS package in '/home/azthorax/fra333_ws/src/dummy' with build type 'ament_cmake'
[0.291s] INFO:colcon.colcon_cmake.task.cmake.build:Building CMake package in '/home/azthorax/fra333_ws/src/dummy'
[0.293s] INFO:colcon.colcon_core.shell:Skip shell extension 'powershell' for command environment: Not usable outside of PowerShell
[0.293s] DEBUG:colcon.colcon_core.shell:Skip shell extension 'dsv' for command environment
[0.299s] INFO:colcon.colcon_ros.task.ament_cmake.build:Building ROS package in '/home/azthorax/fra333_ws/src/fra333_lab1_25/fra333_lab1_25' with build type 'ament_cmake'
[0.299s] INFO:colcon.colcon_cmake.task.cmake.build:Building CMake package in '/home/azthorax/fra333_ws/src/fra333_lab1_25/fra333_lab1_25'
[0.300s] INFO:colcon.colcon_core.shell:Skip shell extension 'powershell' for command environment: Not usable outside of PowerShell
[0.301s] DEBUG:colcon.colcon_core.shell:Skip shell extension 'dsv' for command environment
[0.307s] INFO:colcon.colcon_ros.task.ament_cmake.build:Building ROS package in '/home/azthorax/fra333_ws/src/fra333_lab1_25/lab1_interfaces' with build type 'ament_cmake'
[0.307s] INFO:colcon.colcon_cmake.task.cmake.build:Building CMake package in '/home/azthorax/fra333_ws/src/fra333_lab1_25/lab1_interfaces'
[0.309s] INFO:colcon.colcon_core.shell:Skip shell extension 'powershell' for command environment: Not usable outside of PowerShell
[0.309s] DEBUG:colcon.colcon_core.shell:Skip shell extension 'dsv' for command environment
[0.315s] INFO:colcon.colcon_ros.task.ament_cmake.build:Building ROS package in '/home/azthorax/fra333_ws/src/my_first_package' with build type 'ament_cmake'
[0.315s] INFO:colcon.colcon_cmake.task.cmake.build:Building CMake package in '/home/azthorax/fra333_ws/src/my_first_package'
[0.318s] INFO:colcon.colcon_core.shell:Skip shell extension 'powershell' for command environment: Not usable outside of PowerShell
[0.318s] DEBUG:colcon.colcon_core.shell:Skip shell extension 'dsv' for command environment
[0.330s] DEBUG:colcon.colcon_core.event_handler.log_command:Invoking command in '/home/azthorax/fra333_ws/build/cocoa_description': CMAKE_PREFIX_PATH=${CMAKE_PREFIX_PATH}:/home/azthorax/fra333_ws/install/my_first_package:/opt/ros/foxy /usr/bin/cmake /home/azthorax/fra333_ws/src/fra333_lab2_25_v1/cocoa_description -DAMENT_CMAKE_SYMLINK_INSTALL=1 -DCMAKE_INSTALL_PREFIX=/home/azthorax/fra333_ws/install/cocoa_description
[0.335s] DEBUG:colcon.colcon_core.event_handler.log_command:Invoking command in '/home/azthorax/fra333_ws/build/cocoa_kinematics': CMAKE_PREFIX_PATH=${CMAKE_PREFIX_PATH}:/home/azthorax/fra333_ws/install/my_first_package:/opt/ros/foxy /usr/bin/cmake /home/azthorax/fra333_ws/src/fra333_lab2_25_v1/cocoa_kinematics -DAMENT_CMAKE_SYMLINK_INSTALL=1 -DCMAKE_INSTALL_PREFIX=/home/azthorax/fra333_ws/install/cocoa_kinematics
[0.339s] DEBUG:colcon.colcon_core.event_handler.log_command:Invoking command in '/home/azthorax/fra333_ws/build/cocoa_kinematics_interfaces': CMAKE_PREFIX_PATH=${CMAKE_PREFIX_PATH}:/home/azthorax/fra333_ws/install/my_first_package:/opt/ros/foxy /usr/bin/cmake /home/azthorax/fra333_ws/src/fra333_lab2_25_v1/cocoa_kinematics_interfaces -DAMENT_CMAKE_SYMLINK_INSTALL=1 -DCMAKE_INSTALL_PREFIX=/home/azthorax/fra333_ws/install/cocoa_kinematics_interfaces
[0.344s] DEBUG:colcon.colcon_core.event_handler.log_command:Invoking command in '/home/azthorax/fra333_ws/build/dummy': CMAKE_PREFIX_PATH=${CMAKE_PREFIX_PATH}:/home/azthorax/fra333_ws/install/my_first_package:/opt/ros/foxy /usr/bin/cmake --build /home/azthorax/fra333_ws/build/dummy -- -j12 -l12
[0.350s] DEBUG:colcon.colcon_core.event_handler.log_command:Invoking command in '/home/azthorax/fra333_ws/build/fra333_lab1_25': CMAKE_PREFIX_PATH=${CMAKE_PREFIX_PATH}:/home/azthorax/fra333_ws/install/my_first_package:/opt/ros/foxy /usr/bin/cmake --build /home/azthorax/fra333_ws/build/fra333_lab1_25 -- -j12 -l12
[0.355s] DEBUG:colcon.colcon_core.event_handler.log_command:Invoking command in '/home/azthorax/fra333_ws/build/lab1_interfaces': CMAKE_PREFIX_PATH=${CMAKE_PREFIX_PATH}:/home/azthorax/fra333_ws/install/my_first_package:/opt/ros/foxy /usr/bin/cmake --build /home/azthorax/fra333_ws/build/lab1_interfaces -- -j12 -l12
[0.367s] DEBUG:colcon.colcon_core.event_handler.log_command:Invoking command in '/home/azthorax/fra333_ws/build/my_first_package': CMAKE_PREFIX_PATH=${CMAKE_PREFIX_PATH}:/home/azthorax/fra333_ws/install/my_first_package:/opt/ros/foxy /usr/bin/cmake --build /home/azthorax/fra333_ws/build/my_first_package -- -j12 -l12
[0.397s] DEBUG:colcon.colcon_core.event_handler.log_command:Invoked command in '/home/azthorax/fra333_ws/build/fra333_lab1_25' returned '0': CMAKE_PREFIX_PATH=${CMAKE_PREFIX_PATH}:/home/azthorax/fra333_ws/install/my_first_package:/opt/ros/foxy /usr/bin/cmake --build /home/azthorax/fra333_ws/build/fra333_lab1_25 -- -j12 -l12
[0.416s] DEBUG:colcon.colcon_core.event_handler.log_command:Invoked command in '/home/azthorax/fra333_ws/build/dummy' returned '0': CMAKE_PREFIX_PATH=${CMAKE_PREFIX_PATH}:/home/azthorax/fra333_ws/install/my_first_package:/opt/ros/foxy /usr/bin/cmake --build /home/azthorax/fra333_ws/build/dummy -- -j12 -l12
[0.444s] DEBUG:colcon.colcon_core.event_handler.log_command:Invoking command in '/home/azthorax/fra333_ws/build/fra333_lab1_25': CMAKE_PREFIX_PATH=${CMAKE_PREFIX_PATH}:/home/azthorax/fra333_ws/install/my_first_package:/opt/ros/foxy /usr/bin/cmake --install /home/azthorax/fra333_ws/build/fra333_lab1_25
[0.465s] DEBUG:colcon.colcon_core.event_handler.log_command:Invoking command in '/home/azthorax/fra333_ws/build/dummy': CMAKE_PREFIX_PATH=${CMAKE_PREFIX_PATH}:/home/azthorax/fra333_ws/install/my_first_package:/opt/ros/foxy /usr/bin/cmake --install /home/azthorax/fra333_ws/build/dummy
[0.507s] Level 1:colcon.colcon_core.environment:create_environment_scripts_only(fra333_lab1_25)
[0.508s] DEBUG:colcon.colcon_core.event_handler.log_command:Invoked command in '/home/azthorax/fra333_ws/build/fra333_lab1_25' returned '0': CMAKE_PREFIX_PATH=${CMAKE_PREFIX_PATH}:/home/azthorax/fra333_ws/install/my_first_package:/opt/ros/foxy /usr/bin/cmake --install /home/azthorax/fra333_ws/build/fra333_lab1_25
[0.516s] Level 1:colcon.colcon_core.environment:checking '/home/azthorax/fra333_ws/install/fra333_lab1_25' for CMake module files
[0.517s] Level 1:colcon.colcon_core.environment:checking '/home/azthorax/fra333_ws/install/fra333_lab1_25' for CMake config files
[0.517s] Level 1:colcon.colcon_core.shell:create_environment_hook('fra333_lab1_25', 'cmake_prefix_path')
[0.519s] INFO:colcon.colcon_core.shell:Creating environment hook '/home/azthorax/fra333_ws/install/fra333_lab1_25/share/fra333_lab1_25/hook/cmake_prefix_path.ps1'
[0.519s] INFO:colcon.colcon_core.shell:Creating environment descriptor '/home/azthorax/fra333_ws/install/fra333_lab1_25/share/fra333_lab1_25/hook/cmake_prefix_path.dsv'
[0.520s] INFO:colcon.colcon_core.shell:Creating environment hook '/home/azthorax/fra333_ws/install/fra333_lab1_25/share/fra333_lab1_25/hook/cmake_prefix_path.sh'
[0.521s] Level 1:colcon.colcon_core.environment:checking '/home/azthorax/fra333_ws/install/fra333_lab1_25/lib'
[0.521s] Level 1:colcon.colcon_core.environment:checking '/home/azthorax/fra333_ws/install/fra333_lab1_25/bin'
[0.521s] Level 1:colcon.colcon_core.environment:checking '/home/azthorax/fra333_ws/install/fra333_lab1_25/lib/pkgconfig/fra333_lab1_25.pc'
[0.521s] Level 1:colcon.colcon_core.environment:checking '/home/azthorax/fra333_ws/install/fra333_lab1_25/lib/python3.8/site-packages'
[0.521s] Level 1:colcon.colcon_core.shell:create_environment_hook('fra333_lab1_25', 'pythonpath')
[0.523s] INFO:colcon.colcon_core.shell:Creating environment hook '/home/azthorax/fra333_ws/install/fra333_lab1_25/share/fra333_lab1_25/hook/pythonpath.ps1'
[0.524s] INFO:colcon.colcon_core.shell:Creating environment descriptor '/home/azthorax/fra333_ws/install/fra333_lab1_25/share/fra333_lab1_25/hook/pythonpath.dsv'
[0.524s] INFO:colcon.colcon_core.shell:Creating environment hook '/home/azthorax/fra333_ws/install/fra333_lab1_25/share/fra333_lab1_25/hook/pythonpath.sh'
[0.524s] Level 1:colcon.colcon_core.environment:checking '/home/azthorax/fra333_ws/install/fra333_lab1_25/bin'
[0.526s] INFO:colcon.colcon_core.shell:Creating package script '/home/azthorax/fra333_ws/install/fra333_lab1_25/share/fra333_lab1_25/package.ps1'
[0.527s] INFO:colcon.colcon_core.shell:Creating package descriptor '/home/azthorax/fra333_ws/install/fra333_lab1_25/share/fra333_lab1_25/package.dsv'
[0.528s] INFO:colcon.colcon_core.shell:Creating package script '/home/azthorax/fra333_ws/install/fra333_lab1_25/share/fra333_lab1_25/package.sh'
[0.528s] INFO:colcon.colcon_core.shell:Creating package script '/home/azthorax/fra333_ws/install/fra333_lab1_25/share/fra333_lab1_25/package.bash'
[0.529s] INFO:colcon.colcon_core.shell:Creating package script '/home/azthorax/fra333_ws/install/fra333_lab1_25/share/fra333_lab1_25/package.zsh'
[0.530s] Level 1:colcon.colcon_core.environment:create_file_with_runtime_dependencies(/home/azthorax/fra333_ws/install/fra333_lab1_25/share/colcon-core/packages/fra333_lab1_25)
[0.534s] Level 1:colcon.colcon_core.environment:create_environment_scripts_only(dummy)
[0.537s] Level 1:colcon.colcon_core.environment:checking '/home/azthorax/fra333_ws/install/dummy' for CMake module files
[0.538s] DEBUG:colcon.colcon_core.event_handler.log_command:Invoked command in '/home/azthorax/fra333_ws/build/dummy' returned '0': CMAKE_PREFIX_PATH=${CMAKE_PREFIX_PATH}:/home/azthorax/fra333_ws/install/my_first_package:/opt/ros/foxy /usr/bin/cmake --install /home/azthorax/fra333_ws/build/dummy
[0.539s] Level 1:colcon.colcon_core.environment:checking '/home/azthorax/fra333_ws/install/dummy' for CMake config files
[0.539s] Level 1:colcon.colcon_core.shell:create_environment_hook('dummy', 'cmake_prefix_path')
[0.542s] INFO:colcon.colcon_core.shell:Creating environment hook '/home/azthorax/fra333_ws/install/dummy/share/dummy/hook/cmake_prefix_path.ps1'
[0.543s] INFO:colcon.colcon_core.shell:Creating environment descriptor '/home/azthorax/fra333_ws/install/dummy/share/dummy/hook/cmake_prefix_path.dsv'
[0.543s] INFO:colcon.colcon_core.shell:Creating environment hook '/home/azthorax/fra333_ws/install/dummy/share/dummy/hook/cmake_prefix_path.sh'
[0.544s] Level 1:colcon.colcon_core.environment:checking '/home/azthorax/fra333_ws/install/dummy/lib'
[0.544s] Level 1:colcon.colcon_core.environment:checking '/home/azthorax/fra333_ws/install/dummy/bin'
[0.544s] Level 1:colcon.colcon_core.environment:checking '/home/azthorax/fra333_ws/install/dummy/lib/pkgconfig/dummy.pc'
[0.544s] Level 1:colcon.colcon_core.environment:checking '/home/azthorax/fra333_ws/install/dummy/lib/python3.8/site-packages'
[0.544s] Level 1:colcon.colcon_core.shell:create_environment_hook('dummy', 'pythonpath')
[0.546s] INFO:colcon.colcon_core.shell:Creating environment hook '/home/azthorax/fra333_ws/install/dummy/share/dummy/hook/pythonpath.ps1'
[0.547s] INFO:colcon.colcon_core.shell:Creating environment descriptor '/home/azthorax/fra333_ws/install/dummy/share/dummy/hook/pythonpath.dsv'
[0.547s] INFO:colcon.colcon_core.shell:Creating environment hook '/home/azthorax/fra333_ws/install/dummy/share/dummy/hook/pythonpath.sh'
[0.548s] Level 1:colcon.colcon_core.environment:checking '/home/azthorax/fra333_ws/install/dummy/bin'
[0.550s] INFO:colcon.colcon_core.shell:Creating package script '/home/azthorax/fra333_ws/install/dummy/share/dummy/package.ps1'
[0.550s] INFO:colcon.colcon_core.shell:Creating package descriptor '/home/azthorax/fra333_ws/install/dummy/share/dummy/package.dsv'
[0.551s] INFO:colcon.colcon_core.shell:Creating package script '/home/azthorax/fra333_ws/install/dummy/share/dummy/package.sh'
[0.551s] INFO:colcon.colcon_core.shell:Creating package script '/home/azthorax/fra333_ws/install/dummy/share/dummy/package.bash'
[0.552s] INFO:colcon.colcon_core.shell:Creating package script '/home/azthorax/fra333_ws/install/dummy/share/dummy/package.zsh'
[0.552s] Level 1:colcon.colcon_core.environment:create_file_with_runtime_dependencies(/home/azthorax/fra333_ws/install/dummy/share/colcon-core/packages/dummy)
[0.560s] Level 1:colcon.colcon_core.environment:create_environment_scripts_only(fra333_lab1_25)
[0.563s] Level 1:colcon.colcon_core.environment:checking '/home/azthorax/fra333_ws/install/fra333_lab1_25' for CMake module files
[0.564s] Level 1:colcon.colcon_core.environment:checking '/home/azthorax/fra333_ws/install/fra333_lab1_25' for CMake config files
[0.565s] Level 1:colcon.colcon_core.shell:create_environment_hook('fra333_lab1_25', 'cmake_prefix_path')
[0.567s] INFO:colcon.colcon_core.shell:Creating environment hook '/home/azthorax/fra333_ws/install/fra333_lab1_25/share/fra333_lab1_25/hook/cmake_prefix_path.ps1'
[0.568s] INFO:colcon.colcon_core.shell:Creating environment descriptor '/home/azthorax/fra333_ws/install/fra333_lab1_25/share/fra333_lab1_25/hook/cmake_prefix_path.dsv'
[0.568s] INFO:colcon.colcon_core.shell:Creating environment hook '/home/azthorax/fra333_ws/install/fra333_lab1_25/share/fra333_lab1_25/hook/cmake_prefix_path.sh'
[0.569s] Level 1:colcon.colcon_core.environment:checking '/home/azthorax/fra333_ws/install/fra333_lab1_25/lib'
[0.570s] Level 1:colcon.colcon_core.environment:checking '/home/azthorax/fra333_ws/install/fra333_lab1_25/bin'
[0.570s] Level 1:colcon.colcon_core.environment:checking '/home/azthorax/fra333_ws/install/fra333_lab1_25/lib/pkgconfig/fra333_lab1_25.pc'
[0.570s] Level 1:colcon.colcon_core.environment:checking '/home/azthorax/fra333_ws/install/fra333_lab1_25/lib/python3.8/site-packages'
[0.570s] Level 1:colcon.colcon_core.shell:create_environment_hook('fra333_lab1_25', 'pythonpath')
[0.572s] INFO:colcon.colcon_core.shell:Creating environment hook '/home/azthorax/fra333_ws/install/fra333_lab1_25/share/fra333_lab1_25/hook/pythonpath.ps1'
[0.573s] INFO:colcon.colcon_core.shell:Creating environment descriptor '/home/azthorax/fra333_ws/install/fra333_lab1_25/share/fra333_lab1_25/hook/pythonpath.dsv'
[0.574s] INFO:colcon.colcon_core.shell:Creating environment hook '/home/azthorax/fra333_ws/install/fra333_lab1_25/share/fra333_lab1_25/hook/pythonpath.sh'
[0.575s] Level 1:colcon.colcon_core.environment:checking '/home/azthorax/fra333_ws/install/fra333_lab1_25/bin'
[0.577s] INFO:colcon.colcon_core.shell:Creating package script '/home/azthorax/fra333_ws/install/fra333_lab1_25/share/fra333_lab1_25/package.ps1'
[0.578s] INFO:colcon.colcon_core.shell:Creating package descriptor '/home/azthorax/fra333_ws/install/fra333_lab1_25/share/fra333_lab1_25/package.dsv'
[0.579s] INFO:colcon.colcon_core.shell:Creating package script '/home/azthorax/fra333_ws/install/fra333_lab1_25/share/fra333_lab1_25/package.sh'
[0.580s] INFO:colcon.colcon_core.shell:Creating package script '/home/azthorax/fra333_ws/install/fra333_lab1_25/share/fra333_lab1_25/package.bash'
[0.580s] INFO:colcon.colcon_core.shell:Creating package script '/home/azthorax/fra333_ws/install/fra333_lab1_25/share/fra333_lab1_25/package.zsh'
[0.581s] Level 1:colcon.colcon_core.environment:create_file_with_runtime_dependencies(/home/azthorax/fra333_ws/install/fra333_lab1_25/share/colcon-core/packages/fra333_lab1_25)
[0.584s] Level 1:colcon.colcon_core.environment:create_environment_scripts_only(dummy)
[0.587s] Level 1:colcon.colcon_core.environment:checking '/home/azthorax/fra333_ws/install/dummy' for CMake module files
[0.587s] Level 1:colcon.colcon_core.environment:checking '/home/azthorax/fra333_ws/install/dummy' for CMake config files
[0.588s] Level 1:colcon.colcon_core.shell:create_environment_hook('dummy', 'cmake_prefix_path')
[0.590s] INFO:colcon.colcon_core.shell:Creating environment hook '/home/azthorax/fra333_ws/install/dummy/share/dummy/hook/cmake_prefix_path.ps1'
[0.591s] INFO:colcon.colcon_core.shell:Creating environment descriptor '/home/azthorax/fra333_ws/install/dummy/share/dummy/hook/cmake_prefix_path.dsv'
[0.591s] INFO:colcon.colcon_core.shell:Creating environment hook '/home/azthorax/fra333_ws/install/dummy/share/dummy/hook/cmake_prefix_path.sh'
[0.592s] Level 1:colcon.colcon_core.environment:checking '/home/azthorax/fra333_ws/install/dummy/lib'
[0.592s] Level 1:colcon.colcon_core.environment:checking '/home/azthorax/fra333_ws/install/dummy/bin'
[0.592s] Level 1:colcon.colcon_core.environment:checking '/home/azthorax/fra333_ws/install/dummy/lib/pkgconfig/dummy.pc'
[0.593s] Level 1:colcon.colcon_core.environment:checking '/home/azthorax/fra333_ws/install/dummy/lib/python3.8/site-packages'
[0.593s] Level 1:colcon.colcon_core.shell:create_environment_hook('dummy', 'pythonpath')
[0.595s] INFO:colcon.colcon_core.shell:Creating environment hook '/home/azthorax/fra333_ws/install/dummy/share/dummy/hook/pythonpath.ps1'
[0.595s] INFO:colcon.colcon_core.shell:Creating environment descriptor '/home/azthorax/fra333_ws/install/dummy/share/dummy/hook/pythonpath.dsv'
[0.596s] INFO:colcon.colcon_core.shell:Creating environment hook '/home/azthorax/fra333_ws/install/dummy/share/dummy/hook/pythonpath.sh'
[0.597s] Level 1:colcon.colcon_core.environment:checking '/home/azthorax/fra333_ws/install/dummy/bin'
[0.599s] INFO:colcon.colcon_core.shell:Creating package script '/home/azthorax/fra333_ws/install/dummy/share/dummy/package.ps1'
[0.600s] INFO:colcon.colcon_core.shell:Creating package descriptor '/home/azthorax/fra333_ws/install/dummy/share/dummy/package.dsv'
[0.601s] INFO:colcon.colcon_core.shell:Creating package script '/home/azthorax/fra333_ws/install/dummy/share/dummy/package.sh'
[0.602s] INFO:colcon.colcon_core.shell:Creating package script '/home/azthorax/fra333_ws/install/dummy/share/dummy/package.bash'
[0.602s] INFO:colcon.colcon_core.shell:Creating package script '/home/azthorax/fra333_ws/install/dummy/share/dummy/package.zsh'
[0.603s] Level 1:colcon.colcon_core.environment:create_file_with_runtime_dependencies(/home/azthorax/fra333_ws/install/dummy/share/colcon-core/packages/dummy)
[0.607s] DEBUG:colcon.colcon_core.event_handler.log_command:Invoked command in '/home/azthorax/fra333_ws/build/lab1_interfaces' returned '0': CMAKE_PREFIX_PATH=${CMAKE_PREFIX_PATH}:/home/azthorax/fra333_ws/install/my_first_package:/opt/ros/foxy /usr/bin/cmake --build /home/azthorax/fra333_ws/build/lab1_interfaces -- -j12 -l12
[0.646s] DEBUG:colcon.colcon_core.event_handler.log_command:Invoked command in '/home/azthorax/fra333_ws/build/my_first_package' returned '0': CMAKE_PREFIX_PATH=${CMAKE_PREFIX_PATH}:/home/azthorax/fra333_ws/install/my_first_package:/opt/ros/foxy /usr/bin/cmake --build /home/azthorax/fra333_ws/build/my_first_package -- -j12 -l12
[0.659s] DEBUG:colcon.colcon_core.event_handler.log_command:Invoking command in '/home/azthorax/fra333_ws/build/lab1_interfaces': CMAKE_PREFIX_PATH=${CMAKE_PREFIX_PATH}:/home/azthorax/fra333_ws/install/my_first_package:/opt/ros/foxy /usr/bin/cmake --install /home/azthorax/fra333_ws/build/lab1_interfaces
[0.742s] Level 1:colcon.colcon_core.environment:create_environment_scripts_only(lab1_interfaces)
[0.747s] Level 1:colcon.colcon_core.environment:checking '/home/azthorax/fra333_ws/install/lab1_interfaces' for CMake module files
[0.748s] DEBUG:colcon.colcon_core.event_handler.log_command:Invoked command in '/home/azthorax/fra333_ws/build/lab1_interfaces' returned '0': CMAKE_PREFIX_PATH=${CMAKE_PREFIX_PATH}:/home/azthorax/fra333_ws/install/my_first_package:/opt/ros/foxy /usr/bin/cmake --install /home/azthorax/fra333_ws/build/lab1_interfaces
[0.749s] Level 1:colcon.colcon_core.environment:checking '/home/azthorax/fra333_ws/install/lab1_interfaces' for CMake config files
[0.750s] Level 1:colcon.colcon_core.shell:create_environment_hook('lab1_interfaces', 'cmake_prefix_path')
[0.751s] INFO:colcon.colcon_core.shell:Creating environment hook '/home/azthorax/fra333_ws/install/lab1_interfaces/share/lab1_interfaces/hook/cmake_prefix_path.ps1'
[0.752s] INFO:colcon.colcon_core.shell:Creating environment descriptor '/home/azthorax/fra333_ws/install/lab1_interfaces/share/lab1_interfaces/hook/cmake_prefix_path.dsv'
[0.752s] INFO:colcon.colcon_core.shell:Creating environment hook '/home/azthorax/fra333_ws/install/lab1_interfaces/share/lab1_interfaces/hook/cmake_prefix_path.sh'
[0.753s] Level 1:colcon.colcon_core.environment:checking '/home/azthorax/fra333_ws/install/lab1_interfaces/lib'
[0.753s] Level 1:colcon.colcon_core.shell:create_environment_hook('lab1_interfaces', 'ld_library_path_lib')
[0.754s] INFO:colcon.colcon_core.shell:Creating environment hook '/home/azthorax/fra333_ws/install/lab1_interfaces/share/lab1_interfaces/hook/ld_library_path_lib.ps1'
[0.755s] INFO:colcon.colcon_core.shell:Creating environment descriptor '/home/azthorax/fra333_ws/install/lab1_interfaces/share/lab1_interfaces/hook/ld_library_path_lib.dsv'
[0.755s] INFO:colcon.colcon_core.shell:Creating environment hook '/home/azthorax/fra333_ws/install/lab1_interfaces/share/lab1_interfaces/hook/ld_library_path_lib.sh'
[0.755s] Level 1:colcon.colcon_core.environment:checking '/home/azthorax/fra333_ws/install/lab1_interfaces/bin'
[0.755s] Level 1:colcon.colcon_core.environment:checking '/home/azthorax/fra333_ws/install/lab1_interfaces/lib/pkgconfig/lab1_interfaces.pc'
[0.756s] Level 1:colcon.colcon_core.environment:checking '/home/azthorax/fra333_ws/install/lab1_interfaces/lib/python3.8/site-packages'
[0.756s] Level 1:colcon.colcon_core.shell:create_environment_hook('lab1_interfaces', 'pythonpath')
[0.757s] INFO:colcon.colcon_core.shell:Creating environment hook '/home/azthorax/fra333_ws/install/lab1_interfaces/share/lab1_interfaces/hook/pythonpath.ps1'
[0.757s] INFO:colcon.colcon_core.shell:Creating environment descriptor '/home/azthorax/fra333_ws/install/lab1_interfaces/share/lab1_interfaces/hook/pythonpath.dsv'
[0.758s] INFO:colcon.colcon_core.shell:Creating environment hook '/home/azthorax/fra333_ws/install/lab1_interfaces/share/lab1_interfaces/hook/pythonpath.sh'
[0.758s] Level 1:colcon.colcon_core.environment:checking '/home/azthorax/fra333_ws/install/lab1_interfaces/bin'
[0.760s] INFO:colcon.colcon_core.shell:Creating package script '/home/azthorax/fra333_ws/install/lab1_interfaces/share/lab1_interfaces/package.ps1'
[0.760s] INFO:colcon.colcon_core.shell:Creating package descriptor '/home/azthorax/fra333_ws/install/lab1_interfaces/share/lab1_interfaces/package.dsv'
[0.761s] INFO:colcon.colcon_core.shell:Creating package script '/home/azthorax/fra333_ws/install/lab1_interfaces/share/lab1_interfaces/package.sh'
[0.761s] INFO:colcon.colcon_core.shell:Creating package script '/home/azthorax/fra333_ws/install/lab1_interfaces/share/lab1_interfaces/package.bash'
[0.762s] INFO:colcon.colcon_core.shell:Creating package script '/home/azthorax/fra333_ws/install/lab1_interfaces/share/lab1_interfaces/package.zsh'
[0.762s] Level 1:colcon.colcon_core.environment:create_file_with_runtime_dependencies(/home/azthorax/fra333_ws/install/lab1_interfaces/share/colcon-core/packages/lab1_interfaces)
[0.811s] Level 1:colcon.colcon_core.environment:create_environment_scripts_only(lab1_interfaces)
[0.815s] Level 1:colcon.colcon_core.environment:checking '/home/azthorax/fra333_ws/install/lab1_interfaces' for CMake module files
[0.816s] Level 1:colcon.colcon_core.environment:checking '/home/azthorax/fra333_ws/install/lab1_interfaces' for CMake config files
[0.816s] Level 1:colcon.colcon_core.shell:create_environment_hook('lab1_interfaces', 'cmake_prefix_path')
[0.817s] INFO:colcon.colcon_core.shell:Creating environment hook '/home/azthorax/fra333_ws/install/lab1_interfaces/share/lab1_interfaces/hook/cmake_prefix_path.ps1'
[0.818s] INFO:colcon.colcon_core.shell:Creating environment descriptor '/home/azthorax/fra333_ws/install/lab1_interfaces/share/lab1_interfaces/hook/cmake_prefix_path.dsv'
[0.818s] INFO:colcon.colcon_core.shell:Creating environment hook '/home/azthorax/fra333_ws/install/lab1_interfaces/share/lab1_interfaces/hook/cmake_prefix_path.sh'
[0.818s] Level 1:colcon.colcon_core.environment:checking '/home/azthorax/fra333_ws/install/lab1_interfaces/lib'
[0.819s] Level 1:colcon.colcon_core.shell:create_environment_hook('lab1_interfaces', 'ld_library_path_lib')
[0.820s] INFO:colcon.colcon_core.shell:Creating environment hook '/home/azthorax/fra333_ws/install/lab1_interfaces/share/lab1_interfaces/hook/ld_library_path_lib.ps1'
[0.820s] INFO:colcon.colcon_core.shell:Creating environment descriptor '/home/azthorax/fra333_ws/install/lab1_interfaces/share/lab1_interfaces/hook/ld_library_path_lib.dsv'
[0.821s] INFO:colcon.colcon_core.shell:Creating environment hook '/home/azthorax/fra333_ws/install/lab1_interfaces/share/lab1_interfaces/hook/ld_library_path_lib.sh'
[0.821s] Level 1:colcon.colcon_core.environment:checking '/home/azthorax/fra333_ws/install/lab1_interfaces/bin'
[0.821s] Level 1:colcon.colcon_core.environment:checking '/home/azthorax/fra333_ws/install/lab1_interfaces/lib/pkgconfig/lab1_interfaces.pc'
[0.821s] Level 1:colcon.colcon_core.environment:checking '/home/azthorax/fra333_ws/install/lab1_interfaces/lib/python3.8/site-packages'
[0.821s] Level 1:colcon.colcon_core.shell:create_environment_hook('lab1_interfaces', 'pythonpath')
[0.823s] INFO:colcon.colcon_core.shell:Creating environment hook '/home/azthorax/fra333_ws/install/lab1_interfaces/share/lab1_interfaces/hook/pythonpath.ps1'
[0.823s] INFO:colcon.colcon_core.shell:Creating environment descriptor '/home/azthorax/fra333_ws/install/lab1_interfaces/share/lab1_interfaces/hook/pythonpath.dsv'
[0.823s] INFO:colcon.colcon_core.shell:Creating environment hook '/home/azthorax/fra333_ws/install/lab1_interfaces/share/lab1_interfaces/hook/pythonpath.sh'
[0.824s] Level 1:colcon.colcon_core.environment:checking '/home/azthorax/fra333_ws/install/lab1_interfaces/bin'
[0.825s] INFO:colcon.colcon_core.shell:Creating package script '/home/azthorax/fra333_ws/install/lab1_interfaces/share/lab1_interfaces/package.ps1'
[0.826s] INFO:colcon.colcon_core.shell:Creating package descriptor '/home/azthorax/fra333_ws/install/lab1_interfaces/share/lab1_interfaces/package.dsv'
[0.826s] INFO:colcon.colcon_core.shell:Creating package script '/home/azthorax/fra333_ws/install/lab1_interfaces/share/lab1_interfaces/package.sh'
[0.827s] INFO:colcon.colcon_core.shell:Creating package script '/home/azthorax/fra333_ws/install/lab1_interfaces/share/lab1_interfaces/package.bash'
[0.827s] INFO:colcon.colcon_core.shell:Creating package script '/home/azthorax/fra333_ws/install/lab1_interfaces/share/lab1_interfaces/package.zsh'
[0.827s] Level 1:colcon.colcon_core.environment:create_file_with_runtime_dependencies(/home/azthorax/fra333_ws/install/lab1_interfaces/share/colcon-core/packages/lab1_interfaces)
[0.831s] DEBUG:colcon.colcon_core.event_handler.log_command:Invoking command in '/home/azthorax/fra333_ws/build/my_first_package': CMAKE_PREFIX_PATH=${CMAKE_PREFIX_PATH}:/home/azthorax/fra333_ws/install/my_first_package:/opt/ros/foxy /usr/bin/cmake --install /home/azthorax/fra333_ws/build/my_first_package
[0.906s] DEBUG:colcon.colcon_core.event_handler.log_command:Invoked command in '/home/azthorax/fra333_ws/build/cocoa_kinematics_interfaces' returned '1': CMAKE_PREFIX_PATH=${CMAKE_PREFIX_PATH}:/home/azthorax/fra333_ws/install/my_first_package:/opt/ros/foxy /usr/bin/cmake /home/azthorax/fra333_ws/src/fra333_lab2_25_v1/cocoa_kinematics_interfaces -DAMENT_CMAKE_SYMLINK_INSTALL=1 -DCMAKE_INSTALL_PREFIX=/home/azthorax/fra333_ws/install/cocoa_kinematics_interfaces
[0.920s] Level 1:colcon.colcon_core.environment:create_environment_scripts_only(cocoa_kinematics_interfaces)
[0.925s] Level 1:colcon.colcon_core.environment:checking '/home/azthorax/fra333_ws/install/cocoa_kinematics_interfaces' for CMake module files
[0.926s] Level 1:colcon.colcon_core.environment:checking '/home/azthorax/fra333_ws/install/cocoa_kinematics_interfaces' for CMake config files
[0.927s] Level 1:colcon.colcon_core.environment:checking '/home/azthorax/fra333_ws/install/cocoa_kinematics_interfaces/bin'
[0.927s] Level 1:colcon.colcon_core.environment:checking '/home/azthorax/fra333_ws/install/cocoa_kinematics_interfaces/lib/pkgconfig/cocoa_kinematics_interfaces.pc'
[0.928s] Level 1:colcon.colcon_core.environment:checking '/home/azthorax/fra333_ws/install/cocoa_kinematics_interfaces/lib/python3.8/site-packages'
[0.928s] Level 1:colcon.colcon_core.environment:checking '/home/azthorax/fra333_ws/install/cocoa_kinematics_interfaces/bin'
[0.929s] INFO:colcon.colcon_core.shell:Creating package script '/home/azthorax/fra333_ws/install/cocoa_kinematics_interfaces/share/cocoa_kinematics_interfaces/package.ps1'
[0.930s] INFO:colcon.colcon_core.shell:Creating package descriptor '/home/azthorax/fra333_ws/install/cocoa_kinematics_interfaces/share/cocoa_kinematics_interfaces/package.dsv'
[0.931s] INFO:colcon.colcon_core.shell:Creating package script '/home/azthorax/fra333_ws/install/cocoa_kinematics_interfaces/share/cocoa_kinematics_interfaces/package.sh'
[0.931s] INFO:colcon.colcon_core.shell:Creating package script '/home/azthorax/fra333_ws/install/cocoa_kinematics_interfaces/share/cocoa_kinematics_interfaces/package.bash'
[0.932s] INFO:colcon.colcon_core.shell:Creating package script '/home/azthorax/fra333_ws/install/cocoa_kinematics_interfaces/share/cocoa_kinematics_interfaces/package.zsh'
[0.933s] Level 1:colcon.colcon_core.environment:create_file_with_runtime_dependencies(/home/azthorax/fra333_ws/install/cocoa_kinematics_interfaces/share/colcon-core/packages/cocoa_kinematics_interfaces)
[1.014s] DEBUG:colcon.colcon_parallel_executor.executor.parallel:closing loop
[1.014s] DEBUG:colcon.colcon_parallel_executor.executor.parallel:loop closed
[1.015s] DEBUG:colcon.colcon_parallel_executor.executor.parallel:run_until_complete finished with '1'
[1.015s] DEBUG:colcon.colcon_core.event_reactor:joining thread
[1.027s] INFO:colcon.colcon_core.plugin_system:Skipping extension 'colcon_notification.desktop_notification.terminal_notifier': Not used on non-Darwin systems
[1.028s] INFO:colcon.colcon_core.plugin_system:Skipping extension 'colcon_notification.desktop_notification.win32': Not used on non-Windows systems
[1.028s] INFO:colcon.colcon_notification.desktop_notification:Sending desktop notification using 'notify2'
[1.045s] DEBUG:colcon.colcon_core.event_reactor:joined thread
[1.049s] INFO:colcon.colcon_core.shell:Creating prefix script '/home/azthorax/fra333_ws/install/local_setup.ps1'
[1.051s] INFO:colcon.colcon_core.shell:Creating prefix util module '/home/azthorax/fra333_ws/install/_local_setup_util_ps1.py'
[1.053s] INFO:colcon.colcon_core.shell:Creating prefix chain script '/home/azthorax/fra333_ws/install/setup.ps1'
[1.055s] INFO:colcon.colcon_core.shell:Creating prefix script '/home/azthorax/fra333_ws/install/local_setup.sh'
[1.056s] INFO:colcon.colcon_core.shell:Creating prefix util module '/home/azthorax/fra333_ws/install/_local_setup_util_sh.py'
[1.057s] INFO:colcon.colcon_core.shell:Creating prefix chain script '/home/azthorax/fra333_ws/install/setup.sh'
[1.059s] INFO:colcon.colcon_core.shell:Creating prefix script '/home/azthorax/fra333_ws/install/local_setup.bash'
[1.059s] INFO:colcon.colcon_core.shell:Creating prefix chain script '/home/azthorax/fra333_ws/install/setup.bash'
[1.060s] INFO:colcon.colcon_core.shell:Creating prefix script '/home/azthorax/fra333_ws/install/local_setup.zsh'
[1.061s] INFO:colcon.colcon_core.shell:Creating prefix chain script '/home/azthorax/fra333_ws/install/setup.zsh'
