[0.043s] Invoking command in '/home/azthorax/fra333_ws/build/cocoax_interfaces': CMAKE_PREFIX_PATH=${CMAKE_PREFIX_PATH}:/opt/ros/foxy /usr/bin/cmake --build /home/azthorax/fra333_ws/build/cocoax_interfaces -- -j12 -l12
[0.076s] -- Found ament_cmake: 0.9.11 (/opt/ros/foxy/share/ament_cmake/cmake)
[0.103s] -- Found PythonInterp: /usr/bin/python3 (found suitable version "3.8.10", minimum required is "3") 
[0.103s] -- Using PYTHON_EXECUTABLE: /usr/bin/python3
[0.294s] -- Override CMake install command with custom implementation using symlinks instead of copying resources
[0.305s] -- Found ament_lint_auto: 0.9.7 (/opt/ros/foxy/share/ament_lint_auto/cmake)
[0.366s] -- Found rosidl_default_generators: 1.0.1 (/opt/ros/foxy/share/rosidl_default_generators/cmake)
[0.368s] -- Using all available rosidl_typesupport_c: rosidl_typesupport_fastrtps_c;rosidl_typesupport_introspection_c
[0.371s] -- Found rosidl_adapter: 1.3.0 (/opt/ros/foxy/share/rosidl_adapter/cmake)
[0.516s] -- Using all available rosidl_typesupport_cpp: rosidl_typesupport_fastrtps_cpp;rosidl_typesupport_introspection_cpp
[0.535s] -- Found geometry_msgs: 2.0.5 (/opt/ros/foxy/share/geometry_msgs/cmake)
[0.596s] -- Found sensor_msgs: 2.0.5 (/opt/ros/foxy/share/sensor_msgs/cmake)
[0.685s] -- Found PythonInterp: /usr/bin/python3 (found version "3.8.10") 
[0.857s] -- Found ament_cmake_ros: 0.9.2 (/opt/ros/foxy/share/ament_cmake_ros/cmake)
[1.158s] -- Using all available rosidl_typesupport_c: rosidl_typesupport_fastrtps_c;rosidl_typesupport_introspection_c
[1.301s] -- Using all available rosidl_typesupport_cpp: rosidl_typesupport_fastrtps_cpp;rosidl_typesupport_introspection_cpp
[1.331s] -- Found PythonInterp: /usr/bin/python3 (found suitable version "3.8.10", minimum required is "3.5") 
[1.331s] -- Found python_cmake_module: 0.8.1 (/opt/ros/foxy/share/python_cmake_module/cmake)
[1.358s] -- Using PYTHON_EXECUTABLE: /usr/bin/python3
[1.358s] -- Using PYTHON_INCLUDE_DIRS: /usr/include/python3.8
[1.358s] -- Using PYTHON_LIBRARIES: /usr/lib/x86_64-linux-gnu/libpython3.8.so
[1.433s] -- Added test 'copyright' to check source files copyright and LICENSE
[1.434s] -- Added test 'lint_cmake' to check CMake code style
[1.434s] -- Added test 'xmllint' to check XML markup files
[1.440s] -- Configuring done
[1.500s] -- Generating done
[1.503s] -- Build files have been written to: /home/azthorax/fra333_ws/build/cocoax_interfaces
[1.535s] [  1%] [34m[1mGenerating C code for ROS interfaces[0m
[1.553s] [  3%] [34m[1mGenerating C++ code for ROS interfaces[0m
[1.954s] [  3%] Built target cocoax_interfaces__cpp
[1.968s] [  4%] [34m[1mGenerating C++ type support for eProsima Fast-RTPS[0m
[1.972s] [  6%] [34m[1mGenerating C++ type support dispatch for ROS interfaces[0m
[1.975s] [  7%] [34m[1mGenerating C++ introspection for ROS interfaces[0m
[1.994s] [35m[1mScanning dependencies of target cocoax_interfaces__rosidl_generator_c[0m
[2.010s] [ 12%] [32mBuilding C object CMakeFiles/cocoax_interfaces__rosidl_generator_c.dir/rosidl_generator_c/cocoax_interfaces/srv/detail/cocoa_xfk__functions.c.o[0m
[2.010s] [ 12%] [32mBuilding C object CMakeFiles/cocoax_interfaces__rosidl_generator_c.dir/rosidl_generator_c/cocoax_interfaces/srv/detail/cocoa_xik__functions.c.o[0m
[2.010s] [ 12%] [32mBuilding C object CMakeFiles/cocoax_interfaces__rosidl_generator_c.dir/rosidl_generator_c/cocoax_interfaces/srv/detail/cocoa_x_enable__functions.c.o[0m
[2.012s] [ 14%] [32mBuilding C object CMakeFiles/cocoax_interfaces__rosidl_generator_c.dir/rosidl_generator_c/cocoax_interfaces/srv/detail/cocoa_x_generator__functions.c.o[0m
[2.012s] [ 15%] [32mBuilding C object CMakeFiles/cocoax_interfaces__rosidl_generator_c.dir/rosidl_generator_c/cocoax_interfaces/msg/detail/cocoa_control_ref__functions.c.o[0m
[2.079s] [ 17%] [32m[1mLinking C shared library libcocoax_interfaces__rosidl_generator_c.so[0m
[2.129s] [ 17%] Built target cocoax_interfaces__rosidl_generator_c
[2.139s] [ 19%] [34m[1mGenerating C type support dispatch for ROS interfaces[0m
[2.145s] [ 20%] [34m[1mGenerating C introspection for ROS interfaces[0m
[2.292s] [35m[1mScanning dependencies of target cocoax_interfaces__rosidl_typesupport_cpp[0m
[2.308s] [ 25%] [32mBuilding CXX object CMakeFiles/cocoax_interfaces__rosidl_typesupport_cpp.dir/rosidl_typesupport_cpp/cocoax_interfaces/srv/cocoa_xfk__type_support.cpp.o[0m
[2.308s] [ 25%] [32mBuilding CXX object CMakeFiles/cocoax_interfaces__rosidl_typesupport_cpp.dir/rosidl_typesupport_cpp/cocoax_interfaces/msg/cocoa_control_ref__type_support.cpp.o[0m
[2.309s] [ 25%] [32mBuilding CXX object CMakeFiles/cocoax_interfaces__rosidl_typesupport_cpp.dir/rosidl_typesupport_cpp/cocoax_interfaces/srv/cocoa_x_generator__type_support.cpp.o[0m
[2.315s] [ 28%] [32mBuilding CXX object CMakeFiles/cocoax_interfaces__rosidl_typesupport_cpp.dir/rosidl_typesupport_cpp/cocoax_interfaces/srv/cocoa_x_enable__type_support.cpp.o[0m
[2.315s] [ 28%] [32mBuilding CXX object CMakeFiles/cocoax_interfaces__rosidl_typesupport_cpp.dir/rosidl_typesupport_cpp/cocoax_interfaces/srv/cocoa_xik__type_support.cpp.o[0m
[2.350s] [35m[1mScanning dependencies of target cocoax_interfaces__rosidl_typesupport_introspection_cpp[0m
[2.368s] [ 31%] [32mBuilding CXX object CMakeFiles/cocoax_interfaces__rosidl_typesupport_introspection_cpp.dir/rosidl_typesupport_introspection_cpp/cocoax_interfaces/srv/detail/cocoa_x_generator__type_support.cpp.o[0m
[2.369s] [ 31%] [32mBuilding CXX object CMakeFiles/cocoax_interfaces__rosidl_typesupport_introspection_cpp.dir/rosidl_typesupport_introspection_cpp/cocoax_interfaces/srv/detail/cocoa_xfk__type_support.cpp.o[0m
[2.374s] [ 34%] [32mBuilding CXX object CMakeFiles/cocoax_interfaces__rosidl_typesupport_introspection_cpp.dir/rosidl_typesupport_introspection_cpp/cocoax_interfaces/srv/detail/cocoa_xik__type_support.cpp.o[0m
[2.374s] [ 34%] [32mBuilding CXX object CMakeFiles/cocoax_interfaces__rosidl_typesupport_introspection_cpp.dir/rosidl_typesupport_introspection_cpp/cocoax_interfaces/srv/detail/cocoa_x_enable__type_support.cpp.o[0m
[2.510s] [35m[1mScanning dependencies of target cocoax_interfaces__rosidl_typesupport_fastrtps_cpp[0m
[2.540s] [ 36%] [32mBuilding CXX object CMakeFiles/cocoax_interfaces__rosidl_typesupport_fastrtps_cpp.dir/rosidl_typesupport_fastrtps_cpp/cocoax_interfaces/srv/detail/dds_fastrtps/cocoa_xik__type_support.cpp.o[0m
[2.553s] [35m[1mScanning dependencies of target cocoax_interfaces__rosidl_typesupport_c[0m
[2.584s] [ 38%] [32mBuilding CXX object CMakeFiles/cocoax_interfaces__rosidl_typesupport_c.dir/rosidl_typesupport_c/cocoax_interfaces/srv/cocoa_xik__type_support.cpp.o[0m
[2.631s] [ 39%] [32mBuilding CXX object CMakeFiles/cocoax_interfaces__rosidl_typesupport_c.dir/rosidl_typesupport_c/cocoax_interfaces/srv/cocoa_xfk__type_support.cpp.o[0m
[2.646s] [ 41%] [32mBuilding CXX object CMakeFiles/cocoax_interfaces__rosidl_typesupport_fastrtps_cpp.dir/rosidl_typesupport_fastrtps_cpp/cocoax_interfaces/srv/detail/dds_fastrtps/cocoa_xfk__type_support.cpp.o[0m
[2.652s] [ 42%] [32mBuilding CXX object CMakeFiles/cocoax_interfaces__rosidl_typesupport_introspection_cpp.dir/rosidl_typesupport_introspection_cpp/cocoax_interfaces/msg/detail/cocoa_control_ref__type_support.cpp.o[0m
[2.673s] [ 44%] [32mBuilding CXX object CMakeFiles/cocoax_interfaces__rosidl_typesupport_fastrtps_cpp.dir/rosidl_typesupport_fastrtps_cpp/cocoax_interfaces/srv/detail/dds_fastrtps/cocoa_x_enable__type_support.cpp.o[0m
[2.674s] [ 46%] [32mBuilding CXX object CMakeFiles/cocoax_interfaces__rosidl_typesupport_c.dir/rosidl_typesupport_c/cocoax_interfaces/srv/cocoa_x_enable__type_support.cpp.o[0m
[2.702s] [ 47%] [32m[1mLinking CXX shared library libcocoax_interfaces__rosidl_typesupport_cpp.so[0m
[2.705s] [ 49%] [32mBuilding CXX object CMakeFiles/cocoax_interfaces__rosidl_typesupport_fastrtps_cpp.dir/rosidl_typesupport_fastrtps_cpp/cocoax_interfaces/srv/detail/dds_fastrtps/cocoa_x_generator__type_support.cpp.o[0m
[2.712s] [ 50%] [32mBuilding CXX object CMakeFiles/cocoax_interfaces__rosidl_typesupport_c.dir/rosidl_typesupport_c/cocoax_interfaces/srv/cocoa_x_generator__type_support.cpp.o[0m
[2.714s] [35m[1mScanning dependencies of target cocoax_interfaces__rosidl_typesupport_introspection_c[0m
[2.735s] [ 52%] [32mBuilding CXX object CMakeFiles/cocoax_interfaces__rosidl_typesupport_c.dir/rosidl_typesupport_c/cocoax_interfaces/msg/cocoa_control_ref__type_support.cpp.o[0m
[2.738s] [ 53%] [32mBuilding C object CMakeFiles/cocoax_interfaces__rosidl_typesupport_introspection_c.dir/rosidl_typesupport_introspection_c/cocoax_interfaces/srv/detail/cocoa_xik__type_support.c.o[0m
[2.760s] [ 53%] Built target cocoax_interfaces__rosidl_typesupport_cpp
[2.765s] [ 55%] [32mBuilding C object CMakeFiles/cocoax_interfaces__rosidl_typesupport_introspection_c.dir/rosidl_typesupport_introspection_c/cocoax_interfaces/srv/detail/cocoa_xfk__type_support.c.o[0m
[2.772s] [ 57%] [32mBuilding C object CMakeFiles/cocoax_interfaces__rosidl_typesupport_introspection_c.dir/rosidl_typesupport_introspection_c/cocoax_interfaces/srv/detail/cocoa_x_enable__type_support.c.o[0m
[2.774s] [ 58%] [32m[1mLinking CXX shared library libcocoax_interfaces__rosidl_typesupport_c.so[0m
[2.788s] [ 60%] [32mBuilding C object CMakeFiles/cocoax_interfaces__rosidl_typesupport_introspection_c.dir/rosidl_typesupport_introspection_c/cocoax_interfaces/srv/detail/cocoa_x_generator__type_support.c.o[0m
[2.800s] [ 61%] [32mBuilding C object CMakeFiles/cocoax_interfaces__rosidl_typesupport_introspection_c.dir/rosidl_typesupport_introspection_c/cocoax_interfaces/msg/detail/cocoa_control_ref__type_support.c.o[0m
[2.809s] [ 63%] [32mBuilding CXX object CMakeFiles/cocoax_interfaces__rosidl_typesupport_fastrtps_cpp.dir/rosidl_typesupport_fastrtps_cpp/cocoax_interfaces/msg/detail/dds_fastrtps/cocoa_control_ref__type_support.cpp.o[0m
[2.826s] [ 63%] Built target cocoax_interfaces__rosidl_typesupport_c
[2.834s] [ 65%] [32m[1mLinking C shared library libcocoax_interfaces__rosidl_typesupport_introspection_c.so[0m
[2.874s] [ 65%] Built target cocoax_interfaces__rosidl_typesupport_introspection_c
[3.026s] [ 66%] [32m[1mLinking CXX shared library libcocoax_interfaces__rosidl_typesupport_introspection_cpp.so[0m
[3.155s] [ 66%] Built target cocoax_interfaces__rosidl_typesupport_introspection_cpp
[3.183s] [ 68%] [32m[1mLinking CXX shared library libcocoax_interfaces__rosidl_typesupport_fastrtps_cpp.so[0m
[3.272s] [ 68%] Built target cocoax_interfaces__rosidl_typesupport_fastrtps_cpp
[3.291s] [ 69%] [34m[1mGenerating C type support for eProsima Fast-RTPS[0m
[3.657s] [35m[1mScanning dependencies of target cocoax_interfaces__rosidl_typesupport_fastrtps_c[0m
[3.681s] [ 71%] [32mBuilding CXX object CMakeFiles/cocoax_interfaces__rosidl_typesupport_fastrtps_c.dir/rosidl_typesupport_fastrtps_c/cocoax_interfaces/srv/detail/cocoa_x_generator__type_support_c.cpp.o[0m
[3.682s] [ 73%] [32mBuilding CXX object CMakeFiles/cocoax_interfaces__rosidl_typesupport_fastrtps_c.dir/rosidl_typesupport_fastrtps_c/cocoax_interfaces/srv/detail/cocoa_x_enable__type_support_c.cpp.o[0m
[3.684s] [ 74%] [32mBuilding CXX object CMakeFiles/cocoax_interfaces__rosidl_typesupport_fastrtps_c.dir/rosidl_typesupport_fastrtps_c/cocoax_interfaces/srv/detail/cocoa_xik__type_support_c.cpp.o[0m
[3.684s] [ 76%] [32mBuilding CXX object CMakeFiles/cocoax_interfaces__rosidl_typesupport_fastrtps_c.dir/rosidl_typesupport_fastrtps_c/cocoax_interfaces/srv/detail/cocoa_xfk__type_support_c.cpp.o[0m
[3.685s] [ 77%] [32mBuilding CXX object CMakeFiles/cocoax_interfaces__rosidl_typesupport_fastrtps_c.dir/rosidl_typesupport_fastrtps_c/cocoax_interfaces/msg/detail/cocoa_control_ref__type_support_c.cpp.o[0m
[4.064s] [ 79%] [32m[1mLinking CXX shared library libcocoax_interfaces__rosidl_typesupport_fastrtps_c.so[0m
[4.167s] [ 79%] Built target cocoax_interfaces__rosidl_typesupport_fastrtps_c
[4.195s] [ 79%] Built target cocoax_interfaces
[4.227s] [ 80%] [34m[1mGenerating Python code for ROS interfaces[0m
[5.003s] [ 80%] Built target cocoax_interfaces__py
[5.014s] [35m[1mScanning dependencies of target cocoax_interfaces__python[0m
[5.039s] [ 82%] [32mBuilding C object CMakeFiles/cocoax_interfaces__python.dir/rosidl_generator_py/cocoax_interfaces/srv/_cocoa_x_generator_s.c.o[0m
[5.042s] [ 85%] [32mBuilding C object CMakeFiles/cocoax_interfaces__python.dir/rosidl_generator_py/cocoax_interfaces/srv/_cocoa_xik_s.c.o[0m
[5.042s] [ 85%] [32mBuilding C object CMakeFiles/cocoax_interfaces__python.dir/rosidl_generator_py/cocoax_interfaces/msg/_cocoa_control_ref_s.c.o[0m
[5.045s] [ 88%] [32mBuilding C object CMakeFiles/cocoax_interfaces__python.dir/rosidl_generator_py/cocoax_interfaces/srv/_cocoa_xfk_s.c.o[0m
[5.045s] [ 88%] [32mBuilding C object CMakeFiles/cocoax_interfaces__python.dir/rosidl_generator_py/cocoax_interfaces/srv/_cocoa_x_enable_s.c.o[0m
[5.144s] [ 90%] [32m[1mLinking C shared library rosidl_generator_py/cocoax_interfaces/libcocoax_interfaces__python.so[0m
[5.188s] [ 90%] Built target cocoax_interfaces__python
[5.198s] [35m[1mScanning dependencies of target cocoax_interfaces__rosidl_typesupport_fastrtps_c__pyext[0m
[5.203s] [35m[1mScanning dependencies of target cocoax_interfaces__rosidl_typesupport_c__pyext[0m
[5.205s] [35m[1mScanning dependencies of target cocoax_interfaces__rosidl_typesupport_introspection_c__pyext[0m
[5.216s] [ 92%] [32mBuilding C object CMakeFiles/cocoax_interfaces__rosidl_typesupport_fastrtps_c__pyext.dir/rosidl_generator_py/cocoax_interfaces/_cocoax_interfaces_s.ep.rosidl_typesupport_fastrtps_c.c.o[0m
[5.218s] [ 93%] [32mBuilding C object CMakeFiles/cocoax_interfaces__rosidl_typesupport_c__pyext.dir/rosidl_generator_py/cocoax_interfaces/_cocoax_interfaces_s.ep.rosidl_typesupport_c.c.o[0m
[5.222s] [ 95%] [32mBuilding C object CMakeFiles/cocoax_interfaces__rosidl_typesupport_introspection_c__pyext.dir/rosidl_generator_py/cocoax_interfaces/_cocoax_interfaces_s.ep.rosidl_typesupport_introspection_c.c.o[0m
[5.314s] [ 96%] [32m[1mLinking C shared library rosidl_generator_py/cocoax_interfaces/cocoax_interfaces_s__rosidl_typesupport_introspection_c.cpython-38-x86_64-linux-gnu.so[0m
[5.318s] [ 98%] [32m[1mLinking C shared library rosidl_generator_py/cocoax_interfaces/cocoax_interfaces_s__rosidl_typesupport_c.cpython-38-x86_64-linux-gnu.so[0m
[5.327s] [100%] [32m[1mLinking CXX shared library rosidl_generator_py/cocoax_interfaces/cocoax_interfaces_s__rosidl_typesupport_fastrtps_c.cpython-38-x86_64-linux-gnu.so[0m
[5.361s] [100%] Built target cocoax_interfaces__rosidl_typesupport_c__pyext
[5.362s] [100%] Built target cocoax_interfaces__rosidl_typesupport_introspection_c__pyext
[5.402s] [100%] Built target cocoax_interfaces__rosidl_typesupport_fastrtps_c__pyext
[5.420s] Invoked command in '/home/azthorax/fra333_ws/build/cocoax_interfaces' returned '0': CMAKE_PREFIX_PATH=${CMAKE_PREFIX_PATH}:/opt/ros/foxy /usr/bin/cmake --build /home/azthorax/fra333_ws/build/cocoax_interfaces -- -j12 -l12
[5.511s] Invoking command in '/home/azthorax/fra333_ws/build/cocoax_interfaces': CMAKE_PREFIX_PATH=${CMAKE_PREFIX_PATH}:/opt/ros/foxy /usr/bin/cmake --install /home/azthorax/fra333_ws/build/cocoax_interfaces
[5.525s] -- Install configuration: ""
[5.525s] -- Execute custom install script
[5.525s] -- Up-to-date symlink: /home/azthorax/fra333_ws/install/cocoax_interfaces/share/ament_index/resource_index/rosidl_interfaces/cocoax_interfaces
[5.526s] -- Up-to-date symlink: /home/azthorax/fra333_ws/install/cocoax_interfaces/include/cocoax_interfaces/msg/cocoa_control_ref.h
[5.526s] -- Up-to-date symlink: /home/azthorax/fra333_ws/install/cocoax_interfaces/include/cocoax_interfaces/msg/detail/cocoa_control_ref__functions.h
[5.526s] -- Up-to-date symlink: /home/azthorax/fra333_ws/install/cocoax_interfaces/include/cocoax_interfaces/msg/detail/cocoa_control_ref__struct.h
[5.526s] -- Up-to-date symlink: /home/azthorax/fra333_ws/install/cocoax_interfaces/include/cocoax_interfaces/msg/detail/cocoa_control_ref__type_support.h
[5.526s] -- Up-to-date symlink: /home/azthorax/fra333_ws/install/cocoax_interfaces/include/cocoax_interfaces/msg/rosidl_generator_c__visibility_control.h
[5.526s] -- Up-to-date symlink: /home/azthorax/fra333_ws/install/cocoax_interfaces/include/cocoax_interfaces/srv/cocoa_x_enable.h
[5.526s] -- Up-to-date symlink: /home/azthorax/fra333_ws/install/cocoax_interfaces/include/cocoax_interfaces/srv/cocoa_x_generator.h
[5.527s] -- Up-to-date symlink: /home/azthorax/fra333_ws/install/cocoax_interfaces/include/cocoax_interfaces/srv/cocoa_xfk.h
[5.527s] -- Up-to-date symlink: /home/azthorax/fra333_ws/install/cocoax_interfaces/include/cocoax_interfaces/srv/cocoa_xik.h
[5.527s] -- Up-to-date symlink: /home/azthorax/fra333_ws/install/cocoax_interfaces/include/cocoax_interfaces/srv/detail/cocoa_x_enable__functions.h
[5.527s] -- Up-to-date symlink: /home/azthorax/fra333_ws/install/cocoax_interfaces/include/cocoax_interfaces/srv/detail/cocoa_x_enable__struct.h
[5.527s] -- Up-to-date symlink: /home/azthorax/fra333_ws/install/cocoax_interfaces/include/cocoax_interfaces/srv/detail/cocoa_x_enable__type_support.h
[5.527s] -- Up-to-date symlink: /home/azthorax/fra333_ws/install/cocoax_interfaces/include/cocoax_interfaces/srv/detail/cocoa_x_generator__functions.h
[5.527s] -- Up-to-date symlink: /home/azthorax/fra333_ws/install/cocoax_interfaces/include/cocoax_interfaces/srv/detail/cocoa_x_generator__struct.h
[5.527s] -- Up-to-date symlink: /home/azthorax/fra333_ws/install/cocoax_interfaces/include/cocoax_interfaces/srv/detail/cocoa_x_generator__type_support.h
[5.528s] -- Up-to-date symlink: /home/azthorax/fra333_ws/install/cocoax_interfaces/include/cocoax_interfaces/srv/detail/cocoa_xfk__functions.h
[5.528s] -- Up-to-date symlink: /home/azthorax/fra333_ws/install/cocoax_interfaces/include/cocoax_interfaces/srv/detail/cocoa_xfk__struct.h
[5.528s] -- Up-to-date symlink: /home/azthorax/fra333_ws/install/cocoax_interfaces/include/cocoax_interfaces/srv/detail/cocoa_xfk__type_support.h
[5.528s] -- Up-to-date symlink: /home/azthorax/fra333_ws/install/cocoax_interfaces/include/cocoax_interfaces/srv/detail/cocoa_xik__functions.h
[5.528s] -- Up-to-date symlink: /home/azthorax/fra333_ws/install/cocoax_interfaces/include/cocoax_interfaces/srv/detail/cocoa_xik__struct.h
[5.528s] -- Up-to-date symlink: /home/azthorax/fra333_ws/install/cocoax_interfaces/include/cocoax_interfaces/srv/detail/cocoa_xik__type_support.h
[5.528s] -- Up-to-date symlink: /home/azthorax/fra333_ws/install/cocoax_interfaces/share/cocoax_interfaces/environment/library_path.sh
[5.529s] -- Up-to-date symlink: /home/azthorax/fra333_ws/install/cocoax_interfaces/share/cocoax_interfaces/environment/library_path.dsv
[5.529s] -- Up-to-date symlink: /home/azthorax/fra333_ws/install/cocoax_interfaces/include/cocoax_interfaces/msg/detail/cocoa_control_ref__rosidl_typesupport_fastrtps_c.h
[5.529s] -- Up-to-date symlink: /home/azthorax/fra333_ws/install/cocoax_interfaces/include/cocoax_interfaces/msg/rosidl_typesupport_fastrtps_c__visibility_control.h
[5.529s] -- Up-to-date symlink: /home/azthorax/fra333_ws/install/cocoax_interfaces/include/cocoax_interfaces/srv/detail/cocoa_x_enable__rosidl_typesupport_fastrtps_c.h
[5.530s] -- Up-to-date symlink: /home/azthorax/fra333_ws/install/cocoax_interfaces/include/cocoax_interfaces/srv/detail/cocoa_x_generator__rosidl_typesupport_fastrtps_c.h
[5.530s] -- Up-to-date symlink: /home/azthorax/fra333_ws/install/cocoax_interfaces/include/cocoax_interfaces/srv/detail/cocoa_xfk__rosidl_typesupport_fastrtps_c.h
[5.530s] -- Up-to-date symlink: /home/azthorax/fra333_ws/install/cocoax_interfaces/include/cocoax_interfaces/srv/detail/cocoa_xik__rosidl_typesupport_fastrtps_c.h
[5.530s] -- Up-to-date symlink: /home/azthorax/fra333_ws/install/cocoax_interfaces/lib/libcocoax_interfaces__rosidl_typesupport_fastrtps_c.so
[5.531s] -- Up-to-date symlink: /home/azthorax/fra333_ws/install/cocoax_interfaces/include/cocoax_interfaces/msg/detail/cocoa_control_ref__rosidl_typesupport_fastrtps_cpp.hpp
[5.531s] -- Up-to-date symlink: /home/azthorax/fra333_ws/install/cocoax_interfaces/include/cocoax_interfaces/msg/rosidl_typesupport_fastrtps_cpp__visibility_control.h
[5.531s] -- Up-to-date symlink: /home/azthorax/fra333_ws/install/cocoax_interfaces/include/cocoax_interfaces/srv/detail/cocoa_x_enable__rosidl_typesupport_fastrtps_cpp.hpp
[5.531s] -- Up-to-date symlink: /home/azthorax/fra333_ws/install/cocoax_interfaces/include/cocoax_interfaces/srv/detail/cocoa_x_generator__rosidl_typesupport_fastrtps_cpp.hpp
[5.531s] -- Up-to-date symlink: /home/azthorax/fra333_ws/install/cocoax_interfaces/include/cocoax_interfaces/srv/detail/cocoa_xfk__rosidl_typesupport_fastrtps_cpp.hpp
[5.531s] -- Up-to-date symlink: /home/azthorax/fra333_ws/install/cocoax_interfaces/include/cocoax_interfaces/srv/detail/cocoa_xik__rosidl_typesupport_fastrtps_cpp.hpp
[5.532s] -- Up-to-date symlink: /home/azthorax/fra333_ws/install/cocoax_interfaces/lib/libcocoax_interfaces__rosidl_typesupport_fastrtps_cpp.so
[5.532s] -- Up-to-date symlink: /home/azthorax/fra333_ws/install/cocoax_interfaces/include/cocoax_interfaces/msg/detail/cocoa_control_ref__rosidl_typesupport_introspection_c.h
[5.532s] -- Up-to-date symlink: /home/azthorax/fra333_ws/install/cocoax_interfaces/include/cocoax_interfaces/msg/rosidl_typesupport_introspection_c__visibility_control.h
[5.532s] -- Up-to-date symlink: /home/azthorax/fra333_ws/install/cocoax_interfaces/include/cocoax_interfaces/srv/detail/cocoa_x_enable__rosidl_typesupport_introspection_c.h
[5.532s] -- Up-to-date symlink: /home/azthorax/fra333_ws/install/cocoax_interfaces/include/cocoax_interfaces/srv/detail/cocoa_x_generator__rosidl_typesupport_introspection_c.h
[5.532s] -- Up-to-date symlink: /home/azthorax/fra333_ws/install/cocoax_interfaces/include/cocoax_interfaces/srv/detail/cocoa_xfk__rosidl_typesupport_introspection_c.h
[5.533s] -- Up-to-date symlink: /home/azthorax/fra333_ws/install/cocoax_interfaces/include/cocoax_interfaces/srv/detail/cocoa_xik__rosidl_typesupport_introspection_c.h
[5.533s] -- Up-to-date symlink: /home/azthorax/fra333_ws/install/cocoax_interfaces/include/cocoax_interfaces/msg/cocoa_control_ref.hpp
[5.533s] -- Up-to-date symlink: /home/azthorax/fra333_ws/install/cocoax_interfaces/include/cocoax_interfaces/msg/detail/cocoa_control_ref__builder.hpp
[5.533s] -- Up-to-date symlink: /home/azthorax/fra333_ws/install/cocoax_interfaces/include/cocoax_interfaces/msg/detail/cocoa_control_ref__struct.hpp
[5.533s] -- Up-to-date symlink: /home/azthorax/fra333_ws/install/cocoax_interfaces/include/cocoax_interfaces/msg/detail/cocoa_control_ref__traits.hpp
[5.534s] -- Up-to-date symlink: /home/azthorax/fra333_ws/install/cocoax_interfaces/include/cocoax_interfaces/srv/cocoa_x_enable.hpp
[5.534s] -- Up-to-date symlink: /home/azthorax/fra333_ws/install/cocoax_interfaces/include/cocoax_interfaces/srv/cocoa_x_generator.hpp
[5.534s] -- Up-to-date symlink: /home/azthorax/fra333_ws/install/cocoax_interfaces/include/cocoax_interfaces/srv/cocoa_xfk.hpp
[5.534s] -- Up-to-date symlink: /home/azthorax/fra333_ws/install/cocoax_interfaces/include/cocoax_interfaces/srv/cocoa_xik.hpp
[5.534s] -- Up-to-date symlink: /home/azthorax/fra333_ws/install/cocoax_interfaces/include/cocoax_interfaces/srv/detail/cocoa_x_enable__builder.hpp
[5.534s] -- Up-to-date symlink: /home/azthorax/fra333_ws/install/cocoax_interfaces/include/cocoax_interfaces/srv/detail/cocoa_x_enable__struct.hpp
[5.534s] -- Up-to-date symlink: /home/azthorax/fra333_ws/install/cocoax_interfaces/include/cocoax_interfaces/srv/detail/cocoa_x_enable__traits.hpp
[5.534s] -- Up-to-date symlink: /home/azthorax/fra333_ws/install/cocoax_interfaces/include/cocoax_interfaces/srv/detail/cocoa_x_generator__builder.hpp
[5.535s] -- Up-to-date symlink: /home/azthorax/fra333_ws/install/cocoax_interfaces/include/cocoax_interfaces/srv/detail/cocoa_x_generator__struct.hpp
[5.535s] -- Up-to-date symlink: /home/azthorax/fra333_ws/install/cocoax_interfaces/include/cocoax_interfaces/srv/detail/cocoa_x_generator__traits.hpp
[5.535s] -- Up-to-date symlink: /home/azthorax/fra333_ws/install/cocoax_interfaces/include/cocoax_interfaces/srv/detail/cocoa_xfk__builder.hpp
[5.535s] -- Up-to-date symlink: /home/azthorax/fra333_ws/install/cocoax_interfaces/include/cocoax_interfaces/srv/detail/cocoa_xfk__struct.hpp
[5.535s] -- Up-to-date symlink: /home/azthorax/fra333_ws/install/cocoax_interfaces/include/cocoax_interfaces/srv/detail/cocoa_xfk__traits.hpp
[5.536s] -- Up-to-date symlink: /home/azthorax/fra333_ws/install/cocoax_interfaces/include/cocoax_interfaces/srv/detail/cocoa_xik__builder.hpp
[5.536s] -- Up-to-date symlink: /home/azthorax/fra333_ws/install/cocoax_interfaces/include/cocoax_interfaces/srv/detail/cocoa_xik__struct.hpp
[5.536s] -- Up-to-date symlink: /home/azthorax/fra333_ws/install/cocoax_interfaces/include/cocoax_interfaces/srv/detail/cocoa_xik__traits.hpp
[5.536s] -- Up-to-date symlink: /home/azthorax/fra333_ws/install/cocoax_interfaces/include/cocoax_interfaces/msg/detail/cocoa_control_ref__rosidl_typesupport_introspection_cpp.hpp
[5.536s] -- Up-to-date symlink: /home/azthorax/fra333_ws/install/cocoax_interfaces/include/cocoax_interfaces/srv/detail/cocoa_x_enable__rosidl_typesupport_introspection_cpp.hpp
[5.536s] -- Up-to-date symlink: /home/azthorax/fra333_ws/install/cocoax_interfaces/include/cocoax_interfaces/srv/detail/cocoa_x_generator__rosidl_typesupport_introspection_cpp.hpp
[5.536s] -- Up-to-date symlink: /home/azthorax/fra333_ws/install/cocoax_interfaces/include/cocoax_interfaces/srv/detail/cocoa_xfk__rosidl_typesupport_introspection_cpp.hpp
[5.536s] -- Up-to-date symlink: /home/azthorax/fra333_ws/install/cocoax_interfaces/include/cocoax_interfaces/srv/detail/cocoa_xik__rosidl_typesupport_introspection_cpp.hpp
[5.537s] -- Up-to-date symlink: /home/azthorax/fra333_ws/install/cocoax_interfaces/share/cocoax_interfaces/environment/pythonpath.sh
[5.537s] -- Up-to-date symlink: /home/azthorax/fra333_ws/install/cocoax_interfaces/share/cocoax_interfaces/environment/pythonpath.dsv
[5.537s] -- Up-to-date symlink: /home/azthorax/fra333_ws/install/cocoax_interfaces/lib/python3.8/site-packages/cocoax_interfaces/__init__.py
[5.537s] -- Up-to-date symlink: /home/azthorax/fra333_ws/install/cocoax_interfaces/lib/python3.8/site-packages/cocoax_interfaces/srv/__init__.py
[5.538s] -- Up-to-date symlink: /home/azthorax/fra333_ws/install/cocoax_interfaces/lib/python3.8/site-packages/cocoax_interfaces/srv/_cocoa_x_enable.py
[5.538s] -- Up-to-date symlink: /home/azthorax/fra333_ws/install/cocoax_interfaces/lib/python3.8/site-packages/cocoax_interfaces/srv/_cocoa_x_generator.py
[5.538s] -- Up-to-date symlink: /home/azthorax/fra333_ws/install/cocoax_interfaces/lib/python3.8/site-packages/cocoax_interfaces/srv/_cocoa_xfk.py
[5.538s] -- Up-to-date symlink: /home/azthorax/fra333_ws/install/cocoax_interfaces/lib/python3.8/site-packages/cocoax_interfaces/srv/_cocoa_xik.py
[5.538s] -- Up-to-date symlink: /home/azthorax/fra333_ws/install/cocoax_interfaces/lib/python3.8/site-packages/cocoax_interfaces/msg/__init__.py
[5.538s] -- Up-to-date symlink: /home/azthorax/fra333_ws/install/cocoax_interfaces/lib/python3.8/site-packages/cocoax_interfaces/msg/_cocoa_control_ref.py
[5.539s] -- Up-to-date symlink: /home/azthorax/fra333_ws/install/cocoax_interfaces/lib/python3.8/site-packages/cocoax_interfaces/cocoax_interfaces_s__rosidl_typesupport_fastrtps_c.cpython-38-x86_64-linux-gnu.so
[5.539s] -- Up-to-date symlink: /home/azthorax/fra333_ws/install/cocoax_interfaces/lib/python3.8/site-packages/cocoax_interfaces/cocoax_interfaces_s__rosidl_typesupport_introspection_c.cpython-38-x86_64-linux-gnu.so
[5.539s] -- Up-to-date symlink: /home/azthorax/fra333_ws/install/cocoax_interfaces/lib/python3.8/site-packages/cocoax_interfaces/cocoax_interfaces_s__rosidl_typesupport_c.cpython-38-x86_64-linux-gnu.so
[5.540s] -- Up-to-date symlink: /home/azthorax/fra333_ws/install/cocoax_interfaces/lib/libcocoax_interfaces__python.so
[5.540s] -- Up-to-date symlink: /home/azthorax/fra333_ws/install/cocoax_interfaces/share/cocoax_interfaces/srv/CocoaXIK.idl
[5.540s] -- Up-to-date symlink: /home/azthorax/fra333_ws/install/cocoax_interfaces/share/cocoax_interfaces/srv/CocoaXFK.idl
[5.541s] -- Up-to-date symlink: /home/azthorax/fra333_ws/install/cocoax_interfaces/share/cocoax_interfaces/srv/CocoaXEnable.idl
[5.541s] -- Up-to-date symlink: /home/azthorax/fra333_ws/install/cocoax_interfaces/share/cocoax_interfaces/srv/CocoaXGenerator.idl
[5.542s] -- Up-to-date symlink: /home/azthorax/fra333_ws/install/cocoax_interfaces/share/cocoax_interfaces/msg/CocoaControlRef.idl
[5.542s] -- Up-to-date symlink: /home/azthorax/fra333_ws/install/cocoax_interfaces/share/cocoax_interfaces/srv/CocoaXIK.srv
[5.542s] -- Up-to-date symlink: /home/azthorax/fra333_ws/install/cocoax_interfaces/share/cocoax_interfaces/srv/CocoaXIK_Request.msg
[5.542s] -- Up-to-date symlink: /home/azthorax/fra333_ws/install/cocoax_interfaces/share/cocoax_interfaces/srv/CocoaXIK_Response.msg
[5.542s] -- Up-to-date symlink: /home/azthorax/fra333_ws/install/cocoax_interfaces/share/cocoax_interfaces/srv/CocoaXFK.srv
[5.543s] -- Up-to-date symlink: /home/azthorax/fra333_ws/install/cocoax_interfaces/share/cocoax_interfaces/srv/CocoaXFK_Request.msg
[5.543s] -- Up-to-date symlink: /home/azthorax/fra333_ws/install/cocoax_interfaces/share/cocoax_interfaces/srv/CocoaXFK_Response.msg
[5.543s] -- Up-to-date symlink: /home/azthorax/fra333_ws/install/cocoax_interfaces/share/cocoax_interfaces/srv/CocoaXEnable.srv
[5.543s] -- Up-to-date symlink: /home/azthorax/fra333_ws/install/cocoax_interfaces/share/cocoax_interfaces/srv/CocoaXEnable_Request.msg
[5.543s] -- Up-to-date symlink: /home/azthorax/fra333_ws/install/cocoax_interfaces/share/cocoax_interfaces/srv/CocoaXEnable_Response.msg
[5.544s] -- Up-to-date symlink: /home/azthorax/fra333_ws/install/cocoax_interfaces/share/cocoax_interfaces/srv/CocoaXGenerator.srv
[5.544s] -- Up-to-date symlink: /home/azthorax/fra333_ws/install/cocoax_interfaces/share/cocoax_interfaces/srv/CocoaXGenerator_Request.msg
[5.544s] -- Up-to-date symlink: /home/azthorax/fra333_ws/install/cocoax_interfaces/share/cocoax_interfaces/srv/CocoaXGenerator_Response.msg
[5.544s] -- Up-to-date symlink: /home/azthorax/fra333_ws/install/cocoax_interfaces/share/cocoax_interfaces/msg/CocoaControlRef.msg
[5.544s] -- Up-to-date symlink: /home/azthorax/fra333_ws/install/cocoax_interfaces/share/ament_index/resource_index/package_run_dependencies/cocoax_interfaces
[5.545s] -- Up-to-date symlink: /home/azthorax/fra333_ws/install/cocoax_interfaces/share/ament_index/resource_index/parent_prefix_path/cocoax_interfaces
[5.545s] -- Up-to-date symlink: /home/azthorax/fra333_ws/install/cocoax_interfaces/share/cocoax_interfaces/environment/ament_prefix_path.sh
[5.545s] -- Up-to-date symlink: /home/azthorax/fra333_ws/install/cocoax_interfaces/share/cocoax_interfaces/environment/ament_prefix_path.dsv
[5.545s] -- Up-to-date symlink: /home/azthorax/fra333_ws/install/cocoax_interfaces/share/cocoax_interfaces/environment/path.sh
[5.545s] -- Up-to-date symlink: /home/azthorax/fra333_ws/install/cocoax_interfaces/share/cocoax_interfaces/environment/path.dsv
[5.546s] -- Up-to-date symlink: /home/azthorax/fra333_ws/install/cocoax_interfaces/share/cocoax_interfaces/local_setup.bash
[5.546s] -- Up-to-date symlink: /home/azthorax/fra333_ws/install/cocoax_interfaces/share/cocoax_interfaces/local_setup.sh
[5.546s] -- Up-to-date symlink: /home/azthorax/fra333_ws/install/cocoax_interfaces/share/cocoax_interfaces/local_setup.zsh
[5.546s] -- Up-to-date symlink: /home/azthorax/fra333_ws/install/cocoax_interfaces/share/cocoax_interfaces/local_setup.dsv
[5.546s] -- Symlinking: /home/azthorax/fra333_ws/install/cocoax_interfaces/share/cocoax_interfaces/package.dsv
[5.561s] -- Up-to-date symlink: /home/azthorax/fra333_ws/install/cocoax_interfaces/share/ament_index/resource_index/packages/cocoax_interfaces
[5.562s] -- Up-to-date symlink: /home/azthorax/fra333_ws/install/cocoax_interfaces/share/cocoax_interfaces/cmake/rosidl_cmake-extras.cmake
[5.562s] -- Up-to-date symlink: /home/azthorax/fra333_ws/install/cocoax_interfaces/share/cocoax_interfaces/cmake/ament_cmake_export_dependencies-extras.cmake
[5.563s] -- Up-to-date symlink: /home/azthorax/fra333_ws/install/cocoax_interfaces/share/cocoax_interfaces/cmake/ament_cmake_export_libraries-extras.cmake
[5.563s] -- Up-to-date symlink: /home/azthorax/fra333_ws/install/cocoax_interfaces/share/cocoax_interfaces/cmake/ament_cmake_export_targets-extras.cmake
[5.563s] -- Up-to-date symlink: /home/azthorax/fra333_ws/install/cocoax_interfaces/share/cocoax_interfaces/cmake/ament_cmake_export_include_directories-extras.cmake
[5.564s] -- Up-to-date symlink: /home/azthorax/fra333_ws/install/cocoax_interfaces/share/cocoax_interfaces/cmake/rosidl_cmake_export_typesupport_libraries-extras.cmake
[5.564s] -- Up-to-date symlink: /home/azthorax/fra333_ws/install/cocoax_interfaces/share/cocoax_interfaces/cmake/rosidl_cmake_export_typesupport_targets-extras.cmake
[5.565s] -- Up-to-date symlink: /home/azthorax/fra333_ws/install/cocoax_interfaces/share/cocoax_interfaces/cmake/cocoax_interfacesConfig.cmake
[5.565s] -- Up-to-date symlink: /home/azthorax/fra333_ws/install/cocoax_interfaces/share/cocoax_interfaces/cmake/cocoax_interfacesConfig-version.cmake
[5.565s] -- Up-to-date symlink: /home/azthorax/fra333_ws/install/cocoax_interfaces/share/cocoax_interfaces/package.xml
[5.566s] -- Installing: /home/azthorax/fra333_ws/install/cocoax_interfaces/lib/libcocoax_interfaces__rosidl_generator_c.so
[5.566s] -- Set runtime path of "/home/azthorax/fra333_ws/install/cocoax_interfaces/lib/libcocoax_interfaces__rosidl_generator_c.so" to ""
[5.567s] -- Installing: /home/azthorax/fra333_ws/install/cocoax_interfaces/lib/libcocoax_interfaces__rosidl_typesupport_introspection_c.so
[5.567s] -- Set runtime path of "/home/azthorax/fra333_ws/install/cocoax_interfaces/lib/libcocoax_interfaces__rosidl_typesupport_introspection_c.so" to ""
[5.568s] -- Installing: /home/azthorax/fra333_ws/install/cocoax_interfaces/lib/libcocoax_interfaces__rosidl_typesupport_c.so
[5.568s] -- Set runtime path of "/home/azthorax/fra333_ws/install/cocoax_interfaces/lib/libcocoax_interfaces__rosidl_typesupport_c.so" to ""
[5.569s] -- Installing: /home/azthorax/fra333_ws/install/cocoax_interfaces/lib/libcocoax_interfaces__rosidl_typesupport_introspection_cpp.so
[5.570s] -- Set runtime path of "/home/azthorax/fra333_ws/install/cocoax_interfaces/lib/libcocoax_interfaces__rosidl_typesupport_introspection_cpp.so" to ""
[5.570s] -- Installing: /home/azthorax/fra333_ws/install/cocoax_interfaces/lib/libcocoax_interfaces__rosidl_typesupport_cpp.so
[5.571s] -- Set runtime path of "/home/azthorax/fra333_ws/install/cocoax_interfaces/lib/libcocoax_interfaces__rosidl_typesupport_cpp.so" to ""
[5.599s] Compiling '/home/azthorax/fra333_ws/install/cocoax_interfaces/lib/python3.8/site-packages/cocoax_interfaces/__init__.py'...
[5.603s] -- Up-to-date: /home/azthorax/fra333_ws/install/cocoax_interfaces/share/cocoax_interfaces/cmake/cocoax_interfaces__rosidl_generator_cExport.cmake
[5.603s] -- Installing: /home/azthorax/fra333_ws/install/cocoax_interfaces/share/cocoax_interfaces/cmake/cocoax_interfaces__rosidl_generator_cExport-noconfig.cmake
[5.603s] -- Up-to-date: /home/azthorax/fra333_ws/install/cocoax_interfaces/share/cocoax_interfaces/cmake/cocoax_interfaces__rosidl_typesupport_introspection_cExport.cmake
[5.604s] -- Installing: /home/azthorax/fra333_ws/install/cocoax_interfaces/share/cocoax_interfaces/cmake/cocoax_interfaces__rosidl_typesupport_introspection_cExport-noconfig.cmake
[5.604s] -- Up-to-date: /home/azthorax/fra333_ws/install/cocoax_interfaces/share/cocoax_interfaces/cmake/cocoax_interfaces__rosidl_typesupport_cExport.cmake
[5.604s] -- Installing: /home/azthorax/fra333_ws/install/cocoax_interfaces/share/cocoax_interfaces/cmake/cocoax_interfaces__rosidl_typesupport_cExport-noconfig.cmake
[5.604s] -- Up-to-date: /home/azthorax/fra333_ws/install/cocoax_interfaces/share/cocoax_interfaces/cmake/cocoax_interfaces__rosidl_generator_cppExport.cmake
[5.605s] -- Up-to-date: /home/azthorax/fra333_ws/install/cocoax_interfaces/share/cocoax_interfaces/cmake/cocoax_interfaces__rosidl_typesupport_introspection_cppExport.cmake
[5.605s] -- Installing: /home/azthorax/fra333_ws/install/cocoax_interfaces/share/cocoax_interfaces/cmake/cocoax_interfaces__rosidl_typesupport_introspection_cppExport-noconfig.cmake
[5.605s] -- Up-to-date: /home/azthorax/fra333_ws/install/cocoax_interfaces/share/cocoax_interfaces/cmake/cocoax_interfaces__rosidl_typesupport_cppExport.cmake
[5.605s] -- Installing: /home/azthorax/fra333_ws/install/cocoax_interfaces/share/cocoax_interfaces/cmake/cocoax_interfaces__rosidl_typesupport_cppExport-noconfig.cmake
[5.614s] Invoked command in '/home/azthorax/fra333_ws/build/cocoax_interfaces' returned '0': CMAKE_PREFIX_PATH=${CMAKE_PREFIX_PATH}:/opt/ros/foxy /usr/bin/cmake --install /home/azthorax/fra333_ws/build/cocoax_interfaces
