-- Found rosidl_default_generators: 1.0.1 (/opt/ros/foxy/share/rosidl_default_generators/cmake)
-- Found ament_cmake_core: 0.9.11 (/opt/ros/foxy/share/ament_cmake_core/cmake)
-- Using PYTHON_EXECUTABLE: /usr/bin/python3
-- Override CMake install command with custom implementation using symlinks instead of copying resources
-- Using all available rosidl_typesupport_c: rosidl_typesupport_fastrtps_c;rosidl_typesupport_introspection_c
-- Found rosidl_adapter: 1.3.0 (/opt/ros/foxy/share/rosidl_adapter/cmake)
-- Using all available rosidl_typesupport_cpp: rosidl_typesupport_fastrtps_cpp;rosidl_typesupport_introspection_cpp
-- Found geometry_msgs: 2.0.5 (/opt/ros/foxy/share/geometry_msgs/cmake)
-- Found rclcpp: 2.4.2 (/opt/ros/foxy/share/rclcpp/cmake)
-- Found rmw_implementation_cmake: 1.0.3 (/opt/ros/foxy/share/rmw_implementation_cmake/cmake)
-- Using RMW implementation 'rmw_fastrtps_cpp' as default
-- Found rclpy: 1.0.11 (/opt/ros/foxy/share/rclpy/cmake)
-- Configuring done
-- Generating done
-- Build files have been written to: /home/azthorax/fra333_ws/build/fra333_lab3_25_v1
-- Install configuration: ""
-- Execute custom install script
-- Up-to-date symlink: /home/azthorax/fra333_ws/install/fra333_lab3_25_v1/share/fra333_lab3_25_v1/environment/pythonpath.sh
-- Up-to-date symlink: /home/azthorax/fra333_ws/install/fra333_lab3_25_v1/share/fra333_lab3_25_v1/environment/pythonpath.dsv
-- Up-to-date symlink: /home/azthorax/fra333_ws/install/fra333_lab3_25_v1/lib/python3.8/site-packages/fra333_lab3_25_v1/__init__.py
-- Up-to-date symlink: /home/azthorax/fra333_ws/install/fra333_lab3_25_v1/lib/fra333_lab3_25_v1/trajectory_gen.py
-- Symlinking: /home/azthorax/fra333_ws/install/fra333_lab3_25_v1/share/fra333_lab3_25_v1/description/cocoa_gazebo.xacro
-- Symlinking: /home/azthorax/fra333_ws/install/fra333_lab3_25_v1/share/fra333_lab3_25_v1/description/cocoa_include.xacro
-- Symlinking: /home/azthorax/fra333_ws/install/fra333_lab3_25_v1/share/fra333_lab3_25_v1/description/cocoa_robot.urdf.xacro
-- Symlinking: /home/azthorax/fra333_ws/install/fra333_lab3_25_v1/share/fra333_lab3_25_v1/description/cocoa_set.zip
-- Up-to-date symlink: /home/azthorax/fra333_ws/install/fra333_lab3_25_v1/share/fra333_lab3_25_v1/description/example_gazebo.xacro
-- Up-to-date symlink: /home/azthorax/fra333_ws/install/fra333_lab3_25_v1/share/fra333_lab3_25_v1/description/example_include.xacro
-- Up-to-date symlink: /home/azthorax/fra333_ws/install/fra333_lab3_25_v1/share/fra333_lab3_25_v1/description/example_robot.urdf.xacro
-- Up-to-date symlink: /home/azthorax/fra333_ws/install/fra333_lab3_25_v1/share/fra333_lab3_25_v1/launch/dummy_gazebo.launch.py
-- Up-to-date symlink: /home/azthorax/fra333_ws/install/fra333_lab3_25_v1/share/fra333_lab3_25_v1/config/myrobot_controllers.yaml
-- Up-to-date symlink: /home/azthorax/fra333_ws/install/fra333_lab3_25_v1/share/fra333_lab3_25_v1/scripts/trajectory_gen.py
-- Symlinking: /home/azthorax/fra333_ws/install/fra333_lab3_25_v1/share/fra333_lab3_25_v1/meshes/CocoaV4_STL.zip
-- Symlinking: /home/azthorax/fra333_ws/install/fra333_lab3_25_v1/share/fra333_lab3_25_v1/meshes/end_effector.STL
-- Up-to-date symlink: /home/azthorax/fra333_ws/install/fra333_lab3_25_v1/share/fra333_lab3_25_v1/meshes/link_0.stl
-- Up-to-date symlink: /home/azthorax/fra333_ws/install/fra333_lab3_25_v1/share/fra333_lab3_25_v1/meshes/link_1.stl
-- Up-to-date symlink: /home/azthorax/fra333_ws/install/fra333_lab3_25_v1/share/fra333_lab3_25_v1/meshes/link_2.stl
-- Up-to-date symlink: /home/azthorax/fra333_ws/install/fra333_lab3_25_v1/share/fra333_lab3_25_v1/meshes/link_3.stl
-- Up-to-date symlink: /home/azthorax/fra333_ws/install/fra333_lab3_25_v1/share/ament_index/resource_index/package_run_dependencies/fra333_lab3_25_v1
-- Up-to-date symlink: /home/azthorax/fra333_ws/install/fra333_lab3_25_v1/share/ament_index/resource_index/parent_prefix_path/fra333_lab3_25_v1
-- Up-to-date symlink: /home/azthorax/fra333_ws/install/fra333_lab3_25_v1/share/fra333_lab3_25_v1/environment/ament_prefix_path.sh
-- Up-to-date symlink: /home/azthorax/fra333_ws/install/fra333_lab3_25_v1/share/fra333_lab3_25_v1/environment/ament_prefix_path.dsv
-- Up-to-date symlink: /home/azthorax/fra333_ws/install/fra333_lab3_25_v1/share/fra333_lab3_25_v1/environment/path.sh
-- Up-to-date symlink: /home/azthorax/fra333_ws/install/fra333_lab3_25_v1/share/fra333_lab3_25_v1/environment/path.dsv
-- Up-to-date symlink: /home/azthorax/fra333_ws/install/fra333_lab3_25_v1/share/fra333_lab3_25_v1/local_setup.bash
-- Up-to-date symlink: /home/azthorax/fra333_ws/install/fra333_lab3_25_v1/share/fra333_lab3_25_v1/local_setup.sh
-- Up-to-date symlink: /home/azthorax/fra333_ws/install/fra333_lab3_25_v1/share/fra333_lab3_25_v1/local_setup.zsh
-- Up-to-date symlink: /home/azthorax/fra333_ws/install/fra333_lab3_25_v1/share/fra333_lab3_25_v1/local_setup.dsv
-- Symlinking: /home/azthorax/fra333_ws/install/fra333_lab3_25_v1/share/fra333_lab3_25_v1/package.dsv
-- Up-to-date symlink: /home/azthorax/fra333_ws/install/fra333_lab3_25_v1/share/ament_index/resource_index/packages/fra333_lab3_25_v1
-- Up-to-date symlink: /home/azthorax/fra333_ws/install/fra333_lab3_25_v1/share/fra333_lab3_25_v1/cmake/fra333_lab3_25_v1Config.cmake
-- Up-to-date symlink: /home/azthorax/fra333_ws/install/fra333_lab3_25_v1/share/fra333_lab3_25_v1/cmake/fra333_lab3_25_v1Config-version.cmake
-- Up-to-date symlink: /home/azthorax/fra333_ws/install/fra333_lab3_25_v1/share/fra333_lab3_25_v1/package.xml
Listing '/home/azthorax/fra333_ws/install/fra333_lab3_25_v1/lib/python3.8/site-packages/fra333_lab3_25_v1'...
