[0.084s] Invoking command in '/home/azthorax/fra333_ws/build/fra333_lab3_25_v1': CMAKE_PREFIX_PATH=${CMAKE_PREFIX_PATH}:/opt/ros/foxy /usr/bin/cmake /home/azthorax/fra333_ws/src/fra333_lab3_25_v1 -DCMAKE_INSTALL_PREFIX=/home/azthorax/fra333_ws/install/fra333_lab3_25_v1
[0.113s] -- Found rosidl_default_generators: 1.0.1 (/opt/ros/foxy/share/rosidl_default_generators/cmake)
[0.114s] -- Found ament_cmake_core: 0.9.11 (/opt/ros/foxy/share/ament_cmake_core/cmake)
[0.132s] -- Using PYTHON_EXECUTABLE: /usr/bin/python3
[0.462s] -- Override CMake install command with custom implementation using symlinks instead of copying resources
[0.464s] -- Using all available rosidl_typesupport_c: rosidl_typesupport_fastrtps_c;rosidl_typesupport_introspection_c
[0.471s] -- Found rosidl_adapter: 1.3.0 (/opt/ros/foxy/share/rosidl_adapter/cmake)
[0.667s] -- Using all available rosidl_typesupport_cpp: rosidl_typesupport_fastrtps_cpp;rosidl_typesupport_introspection_cpp
[0.698s] -- Found geometry_msgs: 2.0.5 (/opt/ros/foxy/share/geometry_msgs/cmake)
[0.790s] -- Found rclcpp: 2.4.2 (/opt/ros/foxy/share/rclcpp/cmake)
[0.839s] -- Found rmw_implementation_cmake: 1.0.3 (/opt/ros/foxy/share/rmw_implementation_cmake/cmake)
[0.841s] -- Using RMW implementation 'rmw_fastrtps_cpp' as default
[1.029s] -- Found rclpy: 1.0.11 (/opt/ros/foxy/share/rclpy/cmake)
[1.126s] -- Configuring done
[1.131s] -- Generating done
[1.136s] -- Build files have been written to: /home/azthorax/fra333_ws/build/fra333_lab3_25_v1
[1.167s] Invoked command in '/home/azthorax/fra333_ws/build/fra333_lab3_25_v1' returned '0': CMAKE_PREFIX_PATH=${CMAKE_PREFIX_PATH}:/opt/ros/foxy /usr/bin/cmake /home/azthorax/fra333_ws/src/fra333_lab3_25_v1 -DCMAKE_INSTALL_PREFIX=/home/azthorax/fra333_ws/install/fra333_lab3_25_v1
[1.169s] Invoking command in '/home/azthorax/fra333_ws/build/fra333_lab3_25_v1': CMAKE_PREFIX_PATH=${CMAKE_PREFIX_PATH}:/opt/ros/foxy /usr/bin/cmake --build /home/azthorax/fra333_ws/build/fra333_lab3_25_v1 -- -j12 -l12
[1.222s] Invoked command in '/home/azthorax/fra333_ws/build/fra333_lab3_25_v1' returned '0': CMAKE_PREFIX_PATH=${CMAKE_PREFIX_PATH}:/opt/ros/foxy /usr/bin/cmake --build /home/azthorax/fra333_ws/build/fra333_lab3_25_v1 -- -j12 -l12
[1.312s] Invoking command in '/home/azthorax/fra333_ws/build/fra333_lab3_25_v1': CMAKE_PREFIX_PATH=${CMAKE_PREFIX_PATH}:/opt/ros/foxy /usr/bin/cmake --install /home/azthorax/fra333_ws/build/fra333_lab3_25_v1
[1.340s] -- Install configuration: ""
[1.341s] -- Execute custom install script
[1.341s] -- Up-to-date symlink: /home/azthorax/fra333_ws/install/fra333_lab3_25_v1/share/fra333_lab3_25_v1/environment/pythonpath.sh
[1.341s] -- Up-to-date symlink: /home/azthorax/fra333_ws/install/fra333_lab3_25_v1/share/fra333_lab3_25_v1/environment/pythonpath.dsv
[1.341s] -- Up-to-date symlink: /home/azthorax/fra333_ws/install/fra333_lab3_25_v1/lib/python3.8/site-packages/fra333_lab3_25_v1/__init__.py
[1.341s] -- Up-to-date symlink: /home/azthorax/fra333_ws/install/fra333_lab3_25_v1/lib/fra333_lab3_25_v1/trajectory_gen.py
[1.341s] -- Symlinking: /home/azthorax/fra333_ws/install/fra333_lab3_25_v1/share/fra333_lab3_25_v1/description/cocoa_gazebo.xacro
[1.342s] -- Symlinking: /home/azthorax/fra333_ws/install/fra333_lab3_25_v1/share/fra333_lab3_25_v1/description/cocoa_include.xacro
[1.343s] -- Symlinking: /home/azthorax/fra333_ws/install/fra333_lab3_25_v1/share/fra333_lab3_25_v1/description/cocoa_robot.urdf.xacro
[1.355s] -- Symlinking: /home/azthorax/fra333_ws/install/fra333_lab3_25_v1/share/fra333_lab3_25_v1/description/cocoa_set.zip
[1.368s] -- Up-to-date symlink: /home/azthorax/fra333_ws/install/fra333_lab3_25_v1/share/fra333_lab3_25_v1/description/example_gazebo.xacro
[1.368s] -- Up-to-date symlink: /home/azthorax/fra333_ws/install/fra333_lab3_25_v1/share/fra333_lab3_25_v1/description/example_include.xacro
[1.368s] -- Up-to-date symlink: /home/azthorax/fra333_ws/install/fra333_lab3_25_v1/share/fra333_lab3_25_v1/description/example_robot.urdf.xacro
[1.369s] -- Up-to-date symlink: /home/azthorax/fra333_ws/install/fra333_lab3_25_v1/share/fra333_lab3_25_v1/launch/dummy_gazebo.launch.py
[1.371s] -- Up-to-date symlink: /home/azthorax/fra333_ws/install/fra333_lab3_25_v1/share/fra333_lab3_25_v1/config/myrobot_controllers.yaml
[1.371s] -- Up-to-date symlink: /home/azthorax/fra333_ws/install/fra333_lab3_25_v1/share/fra333_lab3_25_v1/scripts/trajectory_gen.py
[1.371s] -- Symlinking: /home/azthorax/fra333_ws/install/fra333_lab3_25_v1/share/fra333_lab3_25_v1/meshes/CocoaV4_STL.zip
[1.378s] -- Symlinking: /home/azthorax/fra333_ws/install/fra333_lab3_25_v1/share/fra333_lab3_25_v1/meshes/end_effector.STL
[1.388s] -- Up-to-date symlink: /home/azthorax/fra333_ws/install/fra333_lab3_25_v1/share/fra333_lab3_25_v1/meshes/link_0.stl
[1.388s] -- Up-to-date symlink: /home/azthorax/fra333_ws/install/fra333_lab3_25_v1/share/fra333_lab3_25_v1/meshes/link_1.stl
[1.388s] -- Up-to-date symlink: /home/azthorax/fra333_ws/install/fra333_lab3_25_v1/share/fra333_lab3_25_v1/meshes/link_2.stl
[1.388s] -- Up-to-date symlink: /home/azthorax/fra333_ws/install/fra333_lab3_25_v1/share/fra333_lab3_25_v1/meshes/link_3.stl
[1.388s] -- Up-to-date symlink: /home/azthorax/fra333_ws/install/fra333_lab3_25_v1/share/ament_index/resource_index/package_run_dependencies/fra333_lab3_25_v1
[1.389s] -- Up-to-date symlink: /home/azthorax/fra333_ws/install/fra333_lab3_25_v1/share/ament_index/resource_index/parent_prefix_path/fra333_lab3_25_v1
[1.389s] -- Up-to-date symlink: /home/azthorax/fra333_ws/install/fra333_lab3_25_v1/share/fra333_lab3_25_v1/environment/ament_prefix_path.sh
[1.390s] -- Up-to-date symlink: /home/azthorax/fra333_ws/install/fra333_lab3_25_v1/share/fra333_lab3_25_v1/environment/ament_prefix_path.dsv
[1.392s] -- Up-to-date symlink: /home/azthorax/fra333_ws/install/fra333_lab3_25_v1/share/fra333_lab3_25_v1/environment/path.sh
[1.395s] -- Up-to-date symlink: /home/azthorax/fra333_ws/install/fra333_lab3_25_v1/share/fra333_lab3_25_v1/environment/path.dsv
[1.395s] -- Up-to-date symlink: /home/azthorax/fra333_ws/install/fra333_lab3_25_v1/share/fra333_lab3_25_v1/local_setup.bash
[1.395s] -- Up-to-date symlink: /home/azthorax/fra333_ws/install/fra333_lab3_25_v1/share/fra333_lab3_25_v1/local_setup.sh
[1.395s] -- Up-to-date symlink: /home/azthorax/fra333_ws/install/fra333_lab3_25_v1/share/fra333_lab3_25_v1/local_setup.zsh
[1.395s] -- Up-to-date symlink: /home/azthorax/fra333_ws/install/fra333_lab3_25_v1/share/fra333_lab3_25_v1/local_setup.dsv
[1.395s] -- Symlinking: /home/azthorax/fra333_ws/install/fra333_lab3_25_v1/share/fra333_lab3_25_v1/package.dsv
[1.404s] -- Up-to-date symlink: /home/azthorax/fra333_ws/install/fra333_lab3_25_v1/share/ament_index/resource_index/packages/fra333_lab3_25_v1
[1.404s] -- Up-to-date symlink: /home/azthorax/fra333_ws/install/fra333_lab3_25_v1/share/fra333_lab3_25_v1/cmake/fra333_lab3_25_v1Config.cmake
[1.404s] -- Up-to-date symlink: /home/azthorax/fra333_ws/install/fra333_lab3_25_v1/share/fra333_lab3_25_v1/cmake/fra333_lab3_25_v1Config-version.cmake
[1.404s] -- Up-to-date symlink: /home/azthorax/fra333_ws/install/fra333_lab3_25_v1/share/fra333_lab3_25_v1/package.xml
[1.441s] Listing '/home/azthorax/fra333_ws/install/fra333_lab3_25_v1/lib/python3.8/site-packages/fra333_lab3_25_v1'...
[1.502s] Invoked command in '/home/azthorax/fra333_ws/build/fra333_lab3_25_v1' returned '0': CMAKE_PREFIX_PATH=${CMAKE_PREFIX_PATH}:/opt/ros/foxy /usr/bin/cmake --install /home/azthorax/fra333_ws/build/fra333_lab3_25_v1
