[0.076s] Invoking command in '/home/azthorax/fra333_ws/build/cocoa_kinematics_interfaces': CMAKE_PREFIX_PATH=${CMAKE_PREFIX_PATH}:/opt/ros/foxy /usr/bin/cmake /home/azthorax/fra333_ws/src/fra333_lab2_25_v1/cocoa_kinematics_interfaces -DCMAKE_INSTALL_PREFIX=/home/azthorax/fra333_ws/install/cocoa_kinematics_interfaces
[0.104s] -- Found ament_cmake: 0.9.9 (/opt/ros/foxy/share/ament_cmake/cmake)
[0.131s] -- Found PythonInterp: /usr/bin/python3 (found suitable version "3.8.10", minimum required is "3") 
[0.131s] -- Using PYTHON_EXECUTABLE: /usr/bin/python3
[0.380s] -- Override CMake install command with custom implementation using symlinks instead of copying resources
[0.390s] -- Found ament_lint_auto: 0.9.6 (/opt/ros/foxy/share/ament_lint_auto/cmake)
[0.476s] -- Found rosidl_default_generators: 1.0.1 (/opt/ros/foxy/share/rosidl_default_generators/cmake)
[0.478s] -- Using all available rosidl_typesupport_c: rosidl_typesupport_fastrtps_c;rosidl_typesupport_introspection_c
[0.481s] -- Found rosidl_adapter: 1.2.1 (/opt/ros/foxy/share/rosidl_adapter/cmake)
[0.634s] -- Using all available rosidl_typesupport_cpp: rosidl_typesupport_fastrtps_cpp;rosidl_typesupport_introspection_cpp
[0.658s] -- Found geometry_msgs: 2.0.5 (/opt/ros/foxy/share/geometry_msgs/cmake)
[0.756s] -- Found PythonInterp: /usr/bin/python3 (found version "3.8.10") 
[0.927s] -- Found ament_cmake_ros: 0.9.2 (/opt/ros/foxy/share/ament_cmake_ros/cmake)
[1.261s] -- Using all available rosidl_typesupport_c: rosidl_typesupport_fastrtps_c;rosidl_typesupport_introspection_c
[1.414s] -- Using all available rosidl_typesupport_cpp: rosidl_typesupport_fastrtps_cpp;rosidl_typesupport_introspection_cpp
[1.442s] -- Found PythonInterp: /usr/bin/python3 (found suitable version "3.8.10", minimum required is "3.5") 
[1.443s] -- Found python_cmake_module: 0.8.1 (/opt/ros/foxy/share/python_cmake_module/cmake)
[1.474s] -- Using PYTHON_EXECUTABLE: /usr/bin/python3
[1.474s] -- Using PYTHON_INCLUDE_DIRS: /usr/include/python3.8
[1.475s] -- Using PYTHON_LIBRARIES: /usr/lib/x86_64-linux-gnu/libpython3.8.so
[1.560s] -- Added test 'copyright' to check source files copyright and LICENSE
[1.566s] -- Added test 'lint_cmake' to check CMake code style
[1.567s] -- Added test 'xmllint' to check XML markup files
[1.583s] -- Configuring done
[1.661s] -- Generating done
[1.665s] -- Build files have been written to: /home/azthorax/fra333_ws/build/cocoa_kinematics_interfaces
[1.674s] Invoked command in '/home/azthorax/fra333_ws/build/cocoa_kinematics_interfaces' returned '0': CMAKE_PREFIX_PATH=${CMAKE_PREFIX_PATH}:/opt/ros/foxy /usr/bin/cmake /home/azthorax/fra333_ws/src/fra333_lab2_25_v1/cocoa_kinematics_interfaces -DCMAKE_INSTALL_PREFIX=/home/azthorax/fra333_ws/install/cocoa_kinematics_interfaces
[1.677s] Invoking command in '/home/azthorax/fra333_ws/build/cocoa_kinematics_interfaces': CMAKE_PREFIX_PATH=${CMAKE_PREFIX_PATH}:/opt/ros/foxy /usr/bin/cmake --build /home/azthorax/fra333_ws/build/cocoa_kinematics_interfaces -- -j12 -l12
[1.754s] [ 10%] Built target cocoa_kinematics_interfaces__rosidl_generator_c
[1.760s] [ 12%] Built target cocoa_kinematics_interfaces__cpp
[1.790s] [ 33%] Built target cocoa_kinematics_interfaces__rosidl_typesupport_c
[1.790s] [ 33%] Built target cocoa_kinematics_interfaces__rosidl_typesupport_introspection_cpp
[1.792s] [ 43%] Built target cocoa_kinematics_interfaces__rosidl_typesupport_introspection_c
[1.802s] [ 61%] Built target cocoa_kinematics_interfaces__rosidl_typesupport_cpp
[1.802s] [ 64%] Built target cocoa_kinematics_interfaces__rosidl_typesupport_fastrtps_cpp
[1.842s] [ 74%] Built target cocoa_kinematics_interfaces__rosidl_typesupport_fastrtps_c
[1.868s] [ 74%] Built target cocoa_kinematics_interfaces
[1.895s] [ 76%] Built target cocoa_kinematics_interfaces__py
[1.925s] [ 84%] Built target cocoa_kinematics_interfaces__python
[1.956s] [100%] Built target cocoa_kinematics_interfaces__rosidl_typesupport_c__pyext
[1.957s] [100%] Built target cocoa_kinematics_interfaces__rosidl_typesupport_introspection_c__pyext
[1.957s] [100%] Built target cocoa_kinematics_interfaces__rosidl_typesupport_fastrtps_c__pyext
[1.974s] Invoked command in '/home/azthorax/fra333_ws/build/cocoa_kinematics_interfaces' returned '0': CMAKE_PREFIX_PATH=${CMAKE_PREFIX_PATH}:/opt/ros/foxy /usr/bin/cmake --build /home/azthorax/fra333_ws/build/cocoa_kinematics_interfaces -- -j12 -l12
[2.055s] Invoking command in '/home/azthorax/fra333_ws/build/cocoa_kinematics_interfaces': CMAKE_PREFIX_PATH=${CMAKE_PREFIX_PATH}:/opt/ros/foxy /usr/bin/cmake --install /home/azthorax/fra333_ws/build/cocoa_kinematics_interfaces
[2.067s] -- Install configuration: ""
[2.067s] -- Execute custom install script
[2.068s] -- Up-to-date symlink: /home/azthorax/fra333_ws/install/cocoa_kinematics_interfaces/share/ament_index/resource_index/rosidl_interfaces/cocoa_kinematics_interfaces
[2.068s] -- Up-to-date symlink: /home/azthorax/fra333_ws/install/cocoa_kinematics_interfaces/include/cocoa_kinematics_interfaces/msg/rosidl_generator_c__visibility_control.h
[2.068s] -- Up-to-date symlink: /home/azthorax/fra333_ws/install/cocoa_kinematics_interfaces/include/cocoa_kinematics_interfaces/srv/detail/get_position__functions.h
[2.069s] -- Up-to-date symlink: /home/azthorax/fra333_ws/install/cocoa_kinematics_interfaces/include/cocoa_kinematics_interfaces/srv/detail/get_position__struct.h
[2.069s] -- Up-to-date symlink: /home/azthorax/fra333_ws/install/cocoa_kinematics_interfaces/include/cocoa_kinematics_interfaces/srv/detail/get_position__type_support.h
[2.069s] -- Up-to-date symlink: /home/azthorax/fra333_ws/install/cocoa_kinematics_interfaces/include/cocoa_kinematics_interfaces/srv/detail/solve_ik__functions.h
[2.069s] -- Up-to-date symlink: /home/azthorax/fra333_ws/install/cocoa_kinematics_interfaces/include/cocoa_kinematics_interfaces/srv/detail/solve_ik__struct.h
[2.069s] -- Up-to-date symlink: /home/azthorax/fra333_ws/install/cocoa_kinematics_interfaces/include/cocoa_kinematics_interfaces/srv/detail/solve_ik__type_support.h
[2.069s] -- Up-to-date symlink: /home/azthorax/fra333_ws/install/cocoa_kinematics_interfaces/include/cocoa_kinematics_interfaces/srv/get_position.h
[2.069s] -- Up-to-date symlink: /home/azthorax/fra333_ws/install/cocoa_kinematics_interfaces/include/cocoa_kinematics_interfaces/srv/solve_ik.h
[2.069s] -- Up-to-date symlink: /home/azthorax/fra333_ws/install/cocoa_kinematics_interfaces/share/cocoa_kinematics_interfaces/environment/library_path.sh
[2.070s] -- Up-to-date symlink: /home/azthorax/fra333_ws/install/cocoa_kinematics_interfaces/share/cocoa_kinematics_interfaces/environment/library_path.dsv
[2.070s] -- Up-to-date symlink: /home/azthorax/fra333_ws/install/cocoa_kinematics_interfaces/include/cocoa_kinematics_interfaces/msg/rosidl_typesupport_fastrtps_c__visibility_control.h
[2.071s] -- Up-to-date symlink: /home/azthorax/fra333_ws/install/cocoa_kinematics_interfaces/include/cocoa_kinematics_interfaces/srv/detail/get_position__rosidl_typesupport_fastrtps_c.h
[2.071s] -- Up-to-date symlink: /home/azthorax/fra333_ws/install/cocoa_kinematics_interfaces/include/cocoa_kinematics_interfaces/srv/detail/solve_ik__rosidl_typesupport_fastrtps_c.h
[2.071s] -- Up-to-date symlink: /home/azthorax/fra333_ws/install/cocoa_kinematics_interfaces/lib/libcocoa_kinematics_interfaces__rosidl_typesupport_fastrtps_c.so
[2.072s] -- Up-to-date symlink: /home/azthorax/fra333_ws/install/cocoa_kinematics_interfaces/include/cocoa_kinematics_interfaces/msg/rosidl_typesupport_fastrtps_cpp__visibility_control.h
[2.072s] -- Up-to-date symlink: /home/azthorax/fra333_ws/install/cocoa_kinematics_interfaces/include/cocoa_kinematics_interfaces/srv/detail/get_position__rosidl_typesupport_fastrtps_cpp.hpp
[2.072s] -- Up-to-date symlink: /home/azthorax/fra333_ws/install/cocoa_kinematics_interfaces/include/cocoa_kinematics_interfaces/srv/detail/solve_ik__rosidl_typesupport_fastrtps_cpp.hpp
[2.072s] -- Up-to-date symlink: /home/azthorax/fra333_ws/install/cocoa_kinematics_interfaces/lib/libcocoa_kinematics_interfaces__rosidl_typesupport_fastrtps_cpp.so
[2.073s] -- Up-to-date symlink: /home/azthorax/fra333_ws/install/cocoa_kinematics_interfaces/include/cocoa_kinematics_interfaces/msg/rosidl_typesupport_introspection_c__visibility_control.h
[2.073s] -- Up-to-date symlink: /home/azthorax/fra333_ws/install/cocoa_kinematics_interfaces/include/cocoa_kinematics_interfaces/srv/detail/get_position__rosidl_typesupport_introspection_c.h
[2.073s] -- Up-to-date symlink: /home/azthorax/fra333_ws/install/cocoa_kinematics_interfaces/include/cocoa_kinematics_interfaces/srv/detail/solve_ik__rosidl_typesupport_introspection_c.h
[2.073s] -- Up-to-date symlink: /home/azthorax/fra333_ws/install/cocoa_kinematics_interfaces/include/cocoa_kinematics_interfaces/srv/detail/get_position__builder.hpp
[2.073s] -- Up-to-date symlink: /home/azthorax/fra333_ws/install/cocoa_kinematics_interfaces/include/cocoa_kinematics_interfaces/srv/detail/get_position__struct.hpp
[2.074s] -- Up-to-date symlink: /home/azthorax/fra333_ws/install/cocoa_kinematics_interfaces/include/cocoa_kinematics_interfaces/srv/detail/get_position__traits.hpp
[2.074s] -- Up-to-date symlink: /home/azthorax/fra333_ws/install/cocoa_kinematics_interfaces/include/cocoa_kinematics_interfaces/srv/detail/solve_ik__builder.hpp
[2.074s] -- Up-to-date symlink: /home/azthorax/fra333_ws/install/cocoa_kinematics_interfaces/include/cocoa_kinematics_interfaces/srv/detail/solve_ik__struct.hpp
[2.074s] -- Up-to-date symlink: /home/azthorax/fra333_ws/install/cocoa_kinematics_interfaces/include/cocoa_kinematics_interfaces/srv/detail/solve_ik__traits.hpp
[2.074s] -- Up-to-date symlink: /home/azthorax/fra333_ws/install/cocoa_kinematics_interfaces/include/cocoa_kinematics_interfaces/srv/get_position.hpp
[2.075s] -- Up-to-date symlink: /home/azthorax/fra333_ws/install/cocoa_kinematics_interfaces/include/cocoa_kinematics_interfaces/srv/solve_ik.hpp
[2.075s] -- Up-to-date symlink: /home/azthorax/fra333_ws/install/cocoa_kinematics_interfaces/include/cocoa_kinematics_interfaces/srv/detail/get_position__rosidl_typesupport_introspection_cpp.hpp
[2.075s] -- Up-to-date symlink: /home/azthorax/fra333_ws/install/cocoa_kinematics_interfaces/include/cocoa_kinematics_interfaces/srv/detail/solve_ik__rosidl_typesupport_introspection_cpp.hpp
[2.076s] -- Up-to-date symlink: /home/azthorax/fra333_ws/install/cocoa_kinematics_interfaces/share/cocoa_kinematics_interfaces/environment/pythonpath.sh
[2.076s] -- Up-to-date symlink: /home/azthorax/fra333_ws/install/cocoa_kinematics_interfaces/share/cocoa_kinematics_interfaces/environment/pythonpath.dsv
[2.076s] -- Up-to-date symlink: /home/azthorax/fra333_ws/install/cocoa_kinematics_interfaces/lib/python3.8/site-packages/cocoa_kinematics_interfaces/__init__.py
[2.077s] -- Up-to-date symlink: /home/azthorax/fra333_ws/install/cocoa_kinematics_interfaces/lib/python3.8/site-packages/cocoa_kinematics_interfaces/srv/__init__.py
[2.077s] -- Up-to-date symlink: /home/azthorax/fra333_ws/install/cocoa_kinematics_interfaces/lib/python3.8/site-packages/cocoa_kinematics_interfaces/srv/_get_position.py
[2.077s] -- Up-to-date symlink: /home/azthorax/fra333_ws/install/cocoa_kinematics_interfaces/lib/python3.8/site-packages/cocoa_kinematics_interfaces/srv/_solve_ik.py
[2.077s] -- Up-to-date symlink: /home/azthorax/fra333_ws/install/cocoa_kinematics_interfaces/lib/python3.8/site-packages/cocoa_kinematics_interfaces/cocoa_kinematics_interfaces_s__rosidl_typesupport_fastrtps_c.cpython-38-x86_64-linux-gnu.so
[2.078s] -- Up-to-date symlink: /home/azthorax/fra333_ws/install/cocoa_kinematics_interfaces/lib/python3.8/site-packages/cocoa_kinematics_interfaces/cocoa_kinematics_interfaces_s__rosidl_typesupport_introspection_c.cpython-38-x86_64-linux-gnu.so
[2.078s] -- Up-to-date symlink: /home/azthorax/fra333_ws/install/cocoa_kinematics_interfaces/lib/python3.8/site-packages/cocoa_kinematics_interfaces/cocoa_kinematics_interfaces_s__rosidl_typesupport_c.cpython-38-x86_64-linux-gnu.so
[2.079s] -- Up-to-date symlink: /home/azthorax/fra333_ws/install/cocoa_kinematics_interfaces/lib/libcocoa_kinematics_interfaces__python.so
[2.079s] -- Up-to-date symlink: /home/azthorax/fra333_ws/install/cocoa_kinematics_interfaces/share/cocoa_kinematics_interfaces/srv/SolveIK.idl
[2.079s] -- Up-to-date symlink: /home/azthorax/fra333_ws/install/cocoa_kinematics_interfaces/share/cocoa_kinematics_interfaces/srv/GetPosition.idl
[2.079s] -- Up-to-date symlink: /home/azthorax/fra333_ws/install/cocoa_kinematics_interfaces/share/cocoa_kinematics_interfaces/srv/SolveIK.srv
[2.080s] -- Up-to-date symlink: /home/azthorax/fra333_ws/install/cocoa_kinematics_interfaces/share/cocoa_kinematics_interfaces/srv/SolveIK_Request.msg
[2.080s] -- Up-to-date symlink: /home/azthorax/fra333_ws/install/cocoa_kinematics_interfaces/share/cocoa_kinematics_interfaces/srv/SolveIK_Response.msg
[2.080s] -- Up-to-date symlink: /home/azthorax/fra333_ws/install/cocoa_kinematics_interfaces/share/cocoa_kinematics_interfaces/srv/GetPosition.srv
[2.080s] -- Up-to-date symlink: /home/azthorax/fra333_ws/install/cocoa_kinematics_interfaces/share/cocoa_kinematics_interfaces/srv/GetPosition_Request.msg
[2.081s] -- Up-to-date symlink: /home/azthorax/fra333_ws/install/cocoa_kinematics_interfaces/share/cocoa_kinematics_interfaces/srv/GetPosition_Response.msg
[2.081s] -- Up-to-date symlink: /home/azthorax/fra333_ws/install/cocoa_kinematics_interfaces/share/ament_index/resource_index/package_run_dependencies/cocoa_kinematics_interfaces
[2.081s] -- Up-to-date symlink: /home/azthorax/fra333_ws/install/cocoa_kinematics_interfaces/share/ament_index/resource_index/parent_prefix_path/cocoa_kinematics_interfaces
[2.081s] -- Up-to-date symlink: /home/azthorax/fra333_ws/install/cocoa_kinematics_interfaces/share/cocoa_kinematics_interfaces/environment/ament_prefix_path.sh
[2.082s] -- Up-to-date symlink: /home/azthorax/fra333_ws/install/cocoa_kinematics_interfaces/share/cocoa_kinematics_interfaces/environment/ament_prefix_path.dsv
[2.082s] -- Up-to-date symlink: /home/azthorax/fra333_ws/install/cocoa_kinematics_interfaces/share/cocoa_kinematics_interfaces/environment/path.sh
[2.082s] -- Up-to-date symlink: /home/azthorax/fra333_ws/install/cocoa_kinematics_interfaces/share/cocoa_kinematics_interfaces/environment/path.dsv
[2.082s] -- Up-to-date symlink: /home/azthorax/fra333_ws/install/cocoa_kinematics_interfaces/share/cocoa_kinematics_interfaces/local_setup.bash
[2.083s] -- Up-to-date symlink: /home/azthorax/fra333_ws/install/cocoa_kinematics_interfaces/share/cocoa_kinematics_interfaces/local_setup.sh
[2.083s] -- Up-to-date symlink: /home/azthorax/fra333_ws/install/cocoa_kinematics_interfaces/share/cocoa_kinematics_interfaces/local_setup.zsh
[2.083s] -- Up-to-date symlink: /home/azthorax/fra333_ws/install/cocoa_kinematics_interfaces/share/cocoa_kinematics_interfaces/local_setup.dsv
[2.083s] -- Symlinking: /home/azthorax/fra333_ws/install/cocoa_kinematics_interfaces/share/cocoa_kinematics_interfaces/package.dsv
[2.093s] -- Up-to-date symlink: /home/azthorax/fra333_ws/install/cocoa_kinematics_interfaces/share/ament_index/resource_index/packages/cocoa_kinematics_interfaces
[2.093s] -- Up-to-date symlink: /home/azthorax/fra333_ws/install/cocoa_kinematics_interfaces/share/cocoa_kinematics_interfaces/cmake/rosidl_cmake-extras.cmake
[2.093s] -- Up-to-date symlink: /home/azthorax/fra333_ws/install/cocoa_kinematics_interfaces/share/cocoa_kinematics_interfaces/cmake/ament_cmake_export_dependencies-extras.cmake
[2.093s] -- Up-to-date symlink: /home/azthorax/fra333_ws/install/cocoa_kinematics_interfaces/share/cocoa_kinematics_interfaces/cmake/ament_cmake_export_libraries-extras.cmake
[2.094s] -- Up-to-date symlink: /home/azthorax/fra333_ws/install/cocoa_kinematics_interfaces/share/cocoa_kinematics_interfaces/cmake/ament_cmake_export_targets-extras.cmake
[2.094s] -- Up-to-date symlink: /home/azthorax/fra333_ws/install/cocoa_kinematics_interfaces/share/cocoa_kinematics_interfaces/cmake/ament_cmake_export_include_directories-extras.cmake
[2.094s] -- Up-to-date symlink: /home/azthorax/fra333_ws/install/cocoa_kinematics_interfaces/share/cocoa_kinematics_interfaces/cmake/rosidl_cmake_export_typesupport_libraries-extras.cmake
[2.094s] -- Up-to-date symlink: /home/azthorax/fra333_ws/install/cocoa_kinematics_interfaces/share/cocoa_kinematics_interfaces/cmake/rosidl_cmake_export_typesupport_targets-extras.cmake
[2.094s] -- Up-to-date symlink: /home/azthorax/fra333_ws/install/cocoa_kinematics_interfaces/share/cocoa_kinematics_interfaces/cmake/cocoa_kinematics_interfacesConfig.cmake
[2.094s] -- Up-to-date symlink: /home/azthorax/fra333_ws/install/cocoa_kinematics_interfaces/share/cocoa_kinematics_interfaces/cmake/cocoa_kinematics_interfacesConfig-version.cmake
[2.095s] -- Up-to-date symlink: /home/azthorax/fra333_ws/install/cocoa_kinematics_interfaces/share/cocoa_kinematics_interfaces/package.xml
[2.095s] -- Up-to-date: /home/azthorax/fra333_ws/install/cocoa_kinematics_interfaces/lib/libcocoa_kinematics_interfaces__rosidl_generator_c.so
[2.096s] -- Up-to-date: /home/azthorax/fra333_ws/install/cocoa_kinematics_interfaces/lib/libcocoa_kinematics_interfaces__rosidl_typesupport_introspection_c.so
[2.096s] -- Up-to-date: /home/azthorax/fra333_ws/install/cocoa_kinematics_interfaces/lib/libcocoa_kinematics_interfaces__rosidl_typesupport_c.so
[2.097s] -- Up-to-date: /home/azthorax/fra333_ws/install/cocoa_kinematics_interfaces/lib/libcocoa_kinematics_interfaces__rosidl_typesupport_introspection_cpp.so
[2.097s] -- Up-to-date: /home/azthorax/fra333_ws/install/cocoa_kinematics_interfaces/lib/libcocoa_kinematics_interfaces__rosidl_typesupport_cpp.so
[2.132s] Compiling '/home/azthorax/fra333_ws/install/cocoa_kinematics_interfaces/lib/python3.8/site-packages/cocoa_kinematics_interfaces/__init__.py'...
[2.138s] -- Up-to-date: /home/azthorax/fra333_ws/install/cocoa_kinematics_interfaces/share/cocoa_kinematics_interfaces/cmake/cocoa_kinematics_interfaces__rosidl_generator_cExport.cmake
[2.138s] -- Installing: /home/azthorax/fra333_ws/install/cocoa_kinematics_interfaces/share/cocoa_kinematics_interfaces/cmake/cocoa_kinematics_interfaces__rosidl_generator_cExport-noconfig.cmake
[2.138s] -- Up-to-date: /home/azthorax/fra333_ws/install/cocoa_kinematics_interfaces/share/cocoa_kinematics_interfaces/cmake/cocoa_kinematics_interfaces__rosidl_typesupport_introspection_cExport.cmake
[2.139s] -- Installing: /home/azthorax/fra333_ws/install/cocoa_kinematics_interfaces/share/cocoa_kinematics_interfaces/cmake/cocoa_kinematics_interfaces__rosidl_typesupport_introspection_cExport-noconfig.cmake
[2.139s] -- Up-to-date: /home/azthorax/fra333_ws/install/cocoa_kinematics_interfaces/share/cocoa_kinematics_interfaces/cmake/cocoa_kinematics_interfaces__rosidl_typesupport_cExport.cmake
[2.139s] -- Installing: /home/azthorax/fra333_ws/install/cocoa_kinematics_interfaces/share/cocoa_kinematics_interfaces/cmake/cocoa_kinematics_interfaces__rosidl_typesupport_cExport-noconfig.cmake
[2.139s] -- Up-to-date: /home/azthorax/fra333_ws/install/cocoa_kinematics_interfaces/share/cocoa_kinematics_interfaces/cmake/cocoa_kinematics_interfaces__rosidl_generator_cppExport.cmake
[2.140s] -- Up-to-date: /home/azthorax/fra333_ws/install/cocoa_kinematics_interfaces/share/cocoa_kinematics_interfaces/cmake/cocoa_kinematics_interfaces__rosidl_typesupport_introspection_cppExport.cmake
[2.140s] -- Installing: /home/azthorax/fra333_ws/install/cocoa_kinematics_interfaces/share/cocoa_kinematics_interfaces/cmake/cocoa_kinematics_interfaces__rosidl_typesupport_introspection_cppExport-noconfig.cmake
[2.140s] -- Up-to-date: /home/azthorax/fra333_ws/install/cocoa_kinematics_interfaces/share/cocoa_kinematics_interfaces/cmake/cocoa_kinematics_interfaces__rosidl_typesupport_cppExport.cmake
[2.141s] -- Installing: /home/azthorax/fra333_ws/install/cocoa_kinematics_interfaces/share/cocoa_kinematics_interfaces/cmake/cocoa_kinematics_interfaces__rosidl_typesupport_cppExport-noconfig.cmake
[2.147s] Invoked command in '/home/azthorax/fra333_ws/build/cocoa_kinematics_interfaces' returned '0': CMAKE_PREFIX_PATH=${CMAKE_PREFIX_PATH}:/opt/ros/foxy /usr/bin/cmake --install /home/azthorax/fra333_ws/build/cocoa_kinematics_interfaces
