[0.154s] DEBUG:colcon:Command line arguments: ['/usr/bin/colcon', 'build']
[0.154s] DEBUG:colcon:Parsed command line arguments: Namespace(allow_overriding=[], ament_cmake_args=None, base_paths=['.'], build_base='build', catkin_cmake_args=None, catkin_skip_building_tests=False, cmake_args=None, cmake_clean_cache=False, cmake_clean_first=False, cmake_force_configure=False, cmake_target=None, cmake_target_skip_unavailable=False, continue_on_error=False, event_handlers=None, executor='parallel', ignore_user_meta=False, install_base='install', log_base=None, log_level=None, main=<bound method BuildVerb.main of <colcon_core.verb.build.BuildVerb object at 0x7f7a0674dc10>>, merge_install=False, metas=['./colcon.meta'], packages_above=None, packages_above_and_dependencies=None, packages_above_depth=None, packages_end=None, packages_ignore=None, packages_ignore_regex=None, packages_select=None, packages_select_build_failed=False, packages_select_by_dep=None, packages_select_regex=None, packages_select_test_failures=False, packages_skip=None, packages_skip_build_finished=False, packages_skip_by_dep=None, packages_skip_regex=None, packages_skip_test_passed=False, packages_skip_up_to=None, packages_start=None, packages_up_to=None, packages_up_to_regex=None, parallel_workers=12, paths=None, symlink_install=False, test_result_base=None, verb_extension=<colcon_core.verb.build.BuildVerb object at 0x7f7a0674dc10>, verb_name='build', verb_parser=<colcon_defaults.argument_parser.defaults.DefaultArgumentsDecorator object at 0x7f7a066cd1c0>)
[0.185s] Level 1:colcon.colcon_core.package_discovery:discover_packages(colcon_meta) check parameters
[0.185s] Level 1:colcon.colcon_core.package_discovery:discover_packages(recursive) check parameters
[0.185s] Level 1:colcon.colcon_core.package_discovery:discover_packages(ignore) check parameters
[0.185s] Level 1:colcon.colcon_core.package_discovery:discover_packages(path) check parameters
[0.185s] Level 1:colcon.colcon_core.package_discovery:discover_packages(colcon_meta) discover
[0.185s] Level 1:colcon.colcon_core.package_discovery:discover_packages(recursive) discover
[0.185s] INFO:colcon.colcon_core.package_discovery:Crawling recursively for packages in '/home/azthorax/fra333_ws'
[0.186s] Level 1:colcon.colcon_core.package_identification:_identify(.) by extensions ['ignore', 'ignore_ament_install']
[0.186s] Level 1:colcon.colcon_core.package_identification:_identify(.) by extension 'ignore'
[0.186s] Level 1:colcon.colcon_core.package_identification:_identify(.) by extension 'ignore_ament_install'
[0.186s] Level 1:colcon.colcon_core.package_identification:_identify(.) by extensions ['colcon_pkg']
[0.186s] Level 1:colcon.colcon_core.package_identification:_identify(.) by extension 'colcon_pkg'
[0.186s] Level 1:colcon.colcon_core.package_identification:_identify(.) by extensions ['colcon_meta']
[0.186s] Level 1:colcon.colcon_core.package_identification:_identify(.) by extension 'colcon_meta'
[0.186s] Level 1:colcon.colcon_core.package_identification:_identify(.) by extensions ['ros']
[0.186s] Level 1:colcon.colcon_core.package_identification:_identify(.) by extension 'ros'
[0.196s] Level 1:colcon.colcon_core.package_identification:_identify(.) by extensions ['cmake', 'python']
[0.196s] Level 1:colcon.colcon_core.package_identification:_identify(.) by extension 'cmake'
[0.196s] Level 1:colcon.colcon_core.package_identification:_identify(.) by extension 'python'
[0.196s] Level 1:colcon.colcon_core.package_identification:_identify(.) by extensions ['python_setup_py']
[0.196s] Level 1:colcon.colcon_core.package_identification:_identify(.) by extension 'python_setup_py'
[0.196s] Level 1:colcon.colcon_core.package_identification:_identify(build) by extensions ['ignore', 'ignore_ament_install']
[0.196s] Level 1:colcon.colcon_core.package_identification:_identify(build) by extension 'ignore'
[0.196s] Level 1:colcon.colcon_core.package_identification:_identify(build) ignored
[0.196s] Level 1:colcon.colcon_core.package_identification:_identify(install) by extensions ['ignore', 'ignore_ament_install']
[0.196s] Level 1:colcon.colcon_core.package_identification:_identify(install) by extension 'ignore'
[0.196s] Level 1:colcon.colcon_core.package_identification:_identify(install) ignored
[0.197s] Level 1:colcon.colcon_core.package_identification:_identify(log) by extensions ['ignore', 'ignore_ament_install']
[0.197s] Level 1:colcon.colcon_core.package_identification:_identify(log) by extension 'ignore'
[0.197s] Level 1:colcon.colcon_core.package_identification:_identify(log) ignored
[0.197s] Level 1:colcon.colcon_core.package_identification:_identify(src) by extensions ['ignore', 'ignore_ament_install']
[0.197s] Level 1:colcon.colcon_core.package_identification:_identify(src) by extension 'ignore'
[0.197s] Level 1:colcon.colcon_core.package_identification:_identify(src) by extension 'ignore_ament_install'
[0.197s] Level 1:colcon.colcon_core.package_identification:_identify(src) by extensions ['colcon_pkg']
[0.197s] Level 1:colcon.colcon_core.package_identification:_identify(src) by extension 'colcon_pkg'
[0.197s] Level 1:colcon.colcon_core.package_identification:_identify(src) by extensions ['colcon_meta']
[0.197s] Level 1:colcon.colcon_core.package_identification:_identify(src) by extension 'colcon_meta'
[0.197s] Level 1:colcon.colcon_core.package_identification:_identify(src) by extensions ['ros']
[0.197s] Level 1:colcon.colcon_core.package_identification:_identify(src) by extension 'ros'
[0.197s] Level 1:colcon.colcon_core.package_identification:_identify(src) by extensions ['cmake', 'python']
[0.197s] Level 1:colcon.colcon_core.package_identification:_identify(src) by extension 'cmake'
[0.197s] Level 1:colcon.colcon_core.package_identification:_identify(src) by extension 'python'
[0.197s] Level 1:colcon.colcon_core.package_identification:_identify(src) by extensions ['python_setup_py']
[0.197s] Level 1:colcon.colcon_core.package_identification:_identify(src) by extension 'python_setup_py'
[0.197s] Level 1:colcon.colcon_core.package_identification:_identify(src/HW1_with_testcase) by extensions ['ignore', 'ignore_ament_install']
[0.197s] Level 1:colcon.colcon_core.package_identification:_identify(src/HW1_with_testcase) by extension 'ignore'
[0.197s] Level 1:colcon.colcon_core.package_identification:_identify(src/HW1_with_testcase) by extension 'ignore_ament_install'
[0.197s] Level 1:colcon.colcon_core.package_identification:_identify(src/HW1_with_testcase) by extensions ['colcon_pkg']
[0.197s] Level 1:colcon.colcon_core.package_identification:_identify(src/HW1_with_testcase) by extension 'colcon_pkg'
[0.197s] Level 1:colcon.colcon_core.package_identification:_identify(src/HW1_with_testcase) by extensions ['colcon_meta']
[0.197s] Level 1:colcon.colcon_core.package_identification:_identify(src/HW1_with_testcase) by extension 'colcon_meta'
[0.198s] Level 1:colcon.colcon_core.package_identification:_identify(src/HW1_with_testcase) by extensions ['ros']
[0.198s] Level 1:colcon.colcon_core.package_identification:_identify(src/HW1_with_testcase) by extension 'ros'
[0.198s] Level 1:colcon.colcon_core.package_identification:_identify(src/HW1_with_testcase) by extensions ['cmake', 'python']
[0.198s] Level 1:colcon.colcon_core.package_identification:_identify(src/HW1_with_testcase) by extension 'cmake'
[0.198s] Level 1:colcon.colcon_core.package_identification:_identify(src/HW1_with_testcase) by extension 'python'
[0.198s] Level 1:colcon.colcon_core.package_identification:_identify(src/HW1_with_testcase) by extensions ['python_setup_py']
[0.198s] Level 1:colcon.colcon_core.package_identification:_identify(src/HW1_with_testcase) by extension 'python_setup_py'
[0.198s] Level 1:colcon.colcon_core.package_identification:_identify(src/HW1_with_testcase/doc) by extensions ['ignore', 'ignore_ament_install']
[0.198s] Level 1:colcon.colcon_core.package_identification:_identify(src/HW1_with_testcase/doc) by extension 'ignore'
[0.198s] Level 1:colcon.colcon_core.package_identification:_identify(src/HW1_with_testcase/doc) by extension 'ignore_ament_install'
[0.198s] Level 1:colcon.colcon_core.package_identification:_identify(src/HW1_with_testcase/doc) by extensions ['colcon_pkg']
[0.198s] Level 1:colcon.colcon_core.package_identification:_identify(src/HW1_with_testcase/doc) by extension 'colcon_pkg'
[0.198s] Level 1:colcon.colcon_core.package_identification:_identify(src/HW1_with_testcase/doc) by extensions ['colcon_meta']
[0.198s] Level 1:colcon.colcon_core.package_identification:_identify(src/HW1_with_testcase/doc) by extension 'colcon_meta'
[0.198s] Level 1:colcon.colcon_core.package_identification:_identify(src/HW1_with_testcase/doc) by extensions ['ros']
[0.198s] Level 1:colcon.colcon_core.package_identification:_identify(src/HW1_with_testcase/doc) by extension 'ros'
[0.198s] Level 1:colcon.colcon_core.package_identification:_identify(src/HW1_with_testcase/doc) by extensions ['cmake', 'python']
[0.198s] Level 1:colcon.colcon_core.package_identification:_identify(src/HW1_with_testcase/doc) by extension 'cmake'
[0.198s] Level 1:colcon.colcon_core.package_identification:_identify(src/HW1_with_testcase/doc) by extension 'python'
[0.198s] Level 1:colcon.colcon_core.package_identification:_identify(src/HW1_with_testcase/doc) by extensions ['python_setup_py']
[0.198s] Level 1:colcon.colcon_core.package_identification:_identify(src/HW1_with_testcase/doc) by extension 'python_setup_py'
[0.198s] Level 1:colcon.colcon_core.package_identification:_identify(src/HW1_with_testcase/doc/pic) by extensions ['ignore', 'ignore_ament_install']
[0.199s] Level 1:colcon.colcon_core.package_identification:_identify(src/HW1_with_testcase/doc/pic) by extension 'ignore'
[0.199s] Level 1:colcon.colcon_core.package_identification:_identify(src/HW1_with_testcase/doc/pic) by extension 'ignore_ament_install'
[0.199s] Level 1:colcon.colcon_core.package_identification:_identify(src/HW1_with_testcase/doc/pic) by extensions ['colcon_pkg']
[0.199s] Level 1:colcon.colcon_core.package_identification:_identify(src/HW1_with_testcase/doc/pic) by extension 'colcon_pkg'
[0.199s] Level 1:colcon.colcon_core.package_identification:_identify(src/HW1_with_testcase/doc/pic) by extensions ['colcon_meta']
[0.199s] Level 1:colcon.colcon_core.package_identification:_identify(src/HW1_with_testcase/doc/pic) by extension 'colcon_meta'
[0.199s] Level 1:colcon.colcon_core.package_identification:_identify(src/HW1_with_testcase/doc/pic) by extensions ['ros']
[0.199s] Level 1:colcon.colcon_core.package_identification:_identify(src/HW1_with_testcase/doc/pic) by extension 'ros'
[0.199s] Level 1:colcon.colcon_core.package_identification:_identify(src/HW1_with_testcase/doc/pic) by extensions ['cmake', 'python']
[0.199s] Level 1:colcon.colcon_core.package_identification:_identify(src/HW1_with_testcase/doc/pic) by extension 'cmake'
[0.199s] Level 1:colcon.colcon_core.package_identification:_identify(src/HW1_with_testcase/doc/pic) by extension 'python'
[0.199s] Level 1:colcon.colcon_core.package_identification:_identify(src/HW1_with_testcase/doc/pic) by extensions ['python_setup_py']
[0.199s] Level 1:colcon.colcon_core.package_identification:_identify(src/HW1_with_testcase/doc/pic) by extension 'python_setup_py'
[0.199s] Level 1:colcon.colcon_core.package_identification:_identify(src/dummy) by extensions ['ignore', 'ignore_ament_install']
[0.199s] Level 1:colcon.colcon_core.package_identification:_identify(src/dummy) by extension 'ignore'
[0.199s] Level 1:colcon.colcon_core.package_identification:_identify(src/dummy) by extension 'ignore_ament_install'
[0.199s] Level 1:colcon.colcon_core.package_identification:_identify(src/dummy) by extensions ['colcon_pkg']
[0.199s] Level 1:colcon.colcon_core.package_identification:_identify(src/dummy) by extension 'colcon_pkg'
[0.199s] Level 1:colcon.colcon_core.package_identification:_identify(src/dummy) by extensions ['colcon_meta']
[0.199s] Level 1:colcon.colcon_core.package_identification:_identify(src/dummy) by extension 'colcon_meta'
[0.199s] Level 1:colcon.colcon_core.package_identification:_identify(src/dummy) by extensions ['ros']
[0.199s] Level 1:colcon.colcon_core.package_identification:_identify(src/dummy) by extension 'ros'
[0.202s] DEBUG:colcon.colcon_core.package_identification:Package 'src/dummy' with type 'ros.ament_cmake' and name 'dummy'
[0.202s] Level 1:colcon.colcon_core.package_identification:_identify(src/fra333_lab1_25) by extensions ['ignore', 'ignore_ament_install']
[0.202s] Level 1:colcon.colcon_core.package_identification:_identify(src/fra333_lab1_25) by extension 'ignore'
[0.202s] Level 1:colcon.colcon_core.package_identification:_identify(src/fra333_lab1_25) by extension 'ignore_ament_install'
[0.202s] Level 1:colcon.colcon_core.package_identification:_identify(src/fra333_lab1_25) by extensions ['colcon_pkg']
[0.202s] Level 1:colcon.colcon_core.package_identification:_identify(src/fra333_lab1_25) by extension 'colcon_pkg'
[0.202s] Level 1:colcon.colcon_core.package_identification:_identify(src/fra333_lab1_25) by extensions ['colcon_meta']
[0.202s] Level 1:colcon.colcon_core.package_identification:_identify(src/fra333_lab1_25) by extension 'colcon_meta'
[0.202s] Level 1:colcon.colcon_core.package_identification:_identify(src/fra333_lab1_25) by extensions ['ros']
[0.202s] Level 1:colcon.colcon_core.package_identification:_identify(src/fra333_lab1_25) by extension 'ros'
[0.202s] Level 1:colcon.colcon_core.package_identification:_identify(src/fra333_lab1_25) by extensions ['cmake', 'python']
[0.202s] Level 1:colcon.colcon_core.package_identification:_identify(src/fra333_lab1_25) by extension 'cmake'
[0.202s] Level 1:colcon.colcon_core.package_identification:_identify(src/fra333_lab1_25) by extension 'python'
[0.202s] Level 1:colcon.colcon_core.package_identification:_identify(src/fra333_lab1_25) by extensions ['python_setup_py']
[0.202s] Level 1:colcon.colcon_core.package_identification:_identify(src/fra333_lab1_25) by extension 'python_setup_py'
[0.202s] Level 1:colcon.colcon_core.package_identification:_identify(src/fra333_lab1_25/doc) by extensions ['ignore', 'ignore_ament_install']
[0.203s] Level 1:colcon.colcon_core.package_identification:_identify(src/fra333_lab1_25/doc) by extension 'ignore'
[0.203s] Level 1:colcon.colcon_core.package_identification:_identify(src/fra333_lab1_25/doc) by extension 'ignore_ament_install'
[0.203s] Level 1:colcon.colcon_core.package_identification:_identify(src/fra333_lab1_25/doc) by extensions ['colcon_pkg']
[0.203s] Level 1:colcon.colcon_core.package_identification:_identify(src/fra333_lab1_25/doc) by extension 'colcon_pkg'
[0.203s] Level 1:colcon.colcon_core.package_identification:_identify(src/fra333_lab1_25/doc) by extensions ['colcon_meta']
[0.203s] Level 1:colcon.colcon_core.package_identification:_identify(src/fra333_lab1_25/doc) by extension 'colcon_meta'
[0.203s] Level 1:colcon.colcon_core.package_identification:_identify(src/fra333_lab1_25/doc) by extensions ['ros']
[0.203s] Level 1:colcon.colcon_core.package_identification:_identify(src/fra333_lab1_25/doc) by extension 'ros'
[0.203s] Level 1:colcon.colcon_core.package_identification:_identify(src/fra333_lab1_25/doc) by extensions ['cmake', 'python']
[0.203s] Level 1:colcon.colcon_core.package_identification:_identify(src/fra333_lab1_25/doc) by extension 'cmake'
[0.203s] Level 1:colcon.colcon_core.package_identification:_identify(src/fra333_lab1_25/doc) by extension 'python'
[0.203s] Level 1:colcon.colcon_core.package_identification:_identify(src/fra333_lab1_25/doc) by extensions ['python_setup_py']
[0.203s] Level 1:colcon.colcon_core.package_identification:_identify(src/fra333_lab1_25/doc) by extension 'python_setup_py'
[0.203s] Level 1:colcon.colcon_core.package_identification:_identify(src/fra333_lab1_25/doc/pic) by extensions ['ignore', 'ignore_ament_install']
[0.203s] Level 1:colcon.colcon_core.package_identification:_identify(src/fra333_lab1_25/doc/pic) by extension 'ignore'
[0.203s] Level 1:colcon.colcon_core.package_identification:_identify(src/fra333_lab1_25/doc/pic) by extension 'ignore_ament_install'
[0.203s] Level 1:colcon.colcon_core.package_identification:_identify(src/fra333_lab1_25/doc/pic) by extensions ['colcon_pkg']
[0.203s] Level 1:colcon.colcon_core.package_identification:_identify(src/fra333_lab1_25/doc/pic) by extension 'colcon_pkg'
[0.203s] Level 1:colcon.colcon_core.package_identification:_identify(src/fra333_lab1_25/doc/pic) by extensions ['colcon_meta']
[0.203s] Level 1:colcon.colcon_core.package_identification:_identify(src/fra333_lab1_25/doc/pic) by extension 'colcon_meta'
[0.203s] Level 1:colcon.colcon_core.package_identification:_identify(src/fra333_lab1_25/doc/pic) by extensions ['ros']
[0.203s] Level 1:colcon.colcon_core.package_identification:_identify(src/fra333_lab1_25/doc/pic) by extension 'ros'
[0.203s] Level 1:colcon.colcon_core.package_identification:_identify(src/fra333_lab1_25/doc/pic) by extensions ['cmake', 'python']
[0.203s] Level 1:colcon.colcon_core.package_identification:_identify(src/fra333_lab1_25/doc/pic) by extension 'cmake'
[0.203s] Level 1:colcon.colcon_core.package_identification:_identify(src/fra333_lab1_25/doc/pic) by extension 'python'
[0.203s] Level 1:colcon.colcon_core.package_identification:_identify(src/fra333_lab1_25/doc/pic) by extensions ['python_setup_py']
[0.203s] Level 1:colcon.colcon_core.package_identification:_identify(src/fra333_lab1_25/doc/pic) by extension 'python_setup_py'
[0.204s] Level 1:colcon.colcon_core.package_identification:_identify(src/fra333_lab1_25/fra333_lab1_25) by extensions ['ignore', 'ignore_ament_install']
[0.204s] Level 1:colcon.colcon_core.package_identification:_identify(src/fra333_lab1_25/fra333_lab1_25) by extension 'ignore'
[0.204s] Level 1:colcon.colcon_core.package_identification:_identify(src/fra333_lab1_25/fra333_lab1_25) by extension 'ignore_ament_install'
[0.204s] Level 1:colcon.colcon_core.package_identification:_identify(src/fra333_lab1_25/fra333_lab1_25) by extensions ['colcon_pkg']
[0.204s] Level 1:colcon.colcon_core.package_identification:_identify(src/fra333_lab1_25/fra333_lab1_25) by extension 'colcon_pkg'
[0.204s] Level 1:colcon.colcon_core.package_identification:_identify(src/fra333_lab1_25/fra333_lab1_25) by extensions ['colcon_meta']
[0.204s] Level 1:colcon.colcon_core.package_identification:_identify(src/fra333_lab1_25/fra333_lab1_25) by extension 'colcon_meta'
[0.204s] Level 1:colcon.colcon_core.package_identification:_identify(src/fra333_lab1_25/fra333_lab1_25) by extensions ['ros']
[0.204s] Level 1:colcon.colcon_core.package_identification:_identify(src/fra333_lab1_25/fra333_lab1_25) by extension 'ros'
[0.205s] DEBUG:colcon.colcon_core.package_identification:Package 'src/fra333_lab1_25/fra333_lab1_25' with type 'ros.ament_cmake' and name 'fra333_lab1_25'
[0.205s] Level 1:colcon.colcon_core.package_identification:_identify(src/fra333_lab1_25/lab1_interfaces) by extensions ['ignore', 'ignore_ament_install']
[0.205s] Level 1:colcon.colcon_core.package_identification:_identify(src/fra333_lab1_25/lab1_interfaces) by extension 'ignore'
[0.205s] Level 1:colcon.colcon_core.package_identification:_identify(src/fra333_lab1_25/lab1_interfaces) by extension 'ignore_ament_install'
[0.205s] Level 1:colcon.colcon_core.package_identification:_identify(src/fra333_lab1_25/lab1_interfaces) by extensions ['colcon_pkg']
[0.205s] Level 1:colcon.colcon_core.package_identification:_identify(src/fra333_lab1_25/lab1_interfaces) by extension 'colcon_pkg'
[0.205s] Level 1:colcon.colcon_core.package_identification:_identify(src/fra333_lab1_25/lab1_interfaces) by extensions ['colcon_meta']
[0.205s] Level 1:colcon.colcon_core.package_identification:_identify(src/fra333_lab1_25/lab1_interfaces) by extension 'colcon_meta'
[0.205s] Level 1:colcon.colcon_core.package_identification:_identify(src/fra333_lab1_25/lab1_interfaces) by extensions ['ros']
[0.205s] Level 1:colcon.colcon_core.package_identification:_identify(src/fra333_lab1_25/lab1_interfaces) by extension 'ros'
[0.206s] DEBUG:colcon.colcon_core.package_identification:Package 'src/fra333_lab1_25/lab1_interfaces' with type 'ros.ament_cmake' and name 'lab1_interfaces'
[0.206s] Level 1:colcon.colcon_core.package_identification:_identify(src/fra333_lab2_25_v1) by extensions ['ignore', 'ignore_ament_install']
[0.206s] Level 1:colcon.colcon_core.package_identification:_identify(src/fra333_lab2_25_v1) by extension 'ignore'
[0.206s] Level 1:colcon.colcon_core.package_identification:_identify(src/fra333_lab2_25_v1) by extension 'ignore_ament_install'
[0.206s] Level 1:colcon.colcon_core.package_identification:_identify(src/fra333_lab2_25_v1) by extensions ['colcon_pkg']
[0.206s] Level 1:colcon.colcon_core.package_identification:_identify(src/fra333_lab2_25_v1) by extension 'colcon_pkg'
[0.206s] Level 1:colcon.colcon_core.package_identification:_identify(src/fra333_lab2_25_v1) by extensions ['colcon_meta']
[0.206s] Level 1:colcon.colcon_core.package_identification:_identify(src/fra333_lab2_25_v1) by extension 'colcon_meta'
[0.206s] Level 1:colcon.colcon_core.package_identification:_identify(src/fra333_lab2_25_v1) by extensions ['ros']
[0.206s] Level 1:colcon.colcon_core.package_identification:_identify(src/fra333_lab2_25_v1) by extension 'ros'
[0.206s] Level 1:colcon.colcon_core.package_identification:_identify(src/fra333_lab2_25_v1) by extensions ['cmake', 'python']
[0.206s] Level 1:colcon.colcon_core.package_identification:_identify(src/fra333_lab2_25_v1) by extension 'cmake'
[0.206s] Level 1:colcon.colcon_core.package_identification:_identify(src/fra333_lab2_25_v1) by extension 'python'
[0.206s] Level 1:colcon.colcon_core.package_identification:_identify(src/fra333_lab2_25_v1) by extensions ['python_setup_py']
[0.206s] Level 1:colcon.colcon_core.package_identification:_identify(src/fra333_lab2_25_v1) by extension 'python_setup_py'
[0.206s] Level 1:colcon.colcon_core.package_identification:_identify(src/fra333_lab2_25_v1/Note) by extensions ['ignore', 'ignore_ament_install']
[0.206s] Level 1:colcon.colcon_core.package_identification:_identify(src/fra333_lab2_25_v1/Note) by extension 'ignore'
[0.206s] Level 1:colcon.colcon_core.package_identification:_identify(src/fra333_lab2_25_v1/Note) by extension 'ignore_ament_install'
[0.206s] Level 1:colcon.colcon_core.package_identification:_identify(src/fra333_lab2_25_v1/Note) by extensions ['colcon_pkg']
[0.206s] Level 1:colcon.colcon_core.package_identification:_identify(src/fra333_lab2_25_v1/Note) by extension 'colcon_pkg'
[0.206s] Level 1:colcon.colcon_core.package_identification:_identify(src/fra333_lab2_25_v1/Note) by extensions ['colcon_meta']
[0.206s] Level 1:colcon.colcon_core.package_identification:_identify(src/fra333_lab2_25_v1/Note) by extension 'colcon_meta'
[0.206s] Level 1:colcon.colcon_core.package_identification:_identify(src/fra333_lab2_25_v1/Note) by extensions ['ros']
[0.206s] Level 1:colcon.colcon_core.package_identification:_identify(src/fra333_lab2_25_v1/Note) by extension 'ros'
[0.207s] Level 1:colcon.colcon_core.package_identification:_identify(src/fra333_lab2_25_v1/Note) by extensions ['cmake', 'python']
[0.207s] Level 1:colcon.colcon_core.package_identification:_identify(src/fra333_lab2_25_v1/Note) by extension 'cmake'
[0.207s] Level 1:colcon.colcon_core.package_identification:_identify(src/fra333_lab2_25_v1/Note) by extension 'python'
[0.207s] Level 1:colcon.colcon_core.package_identification:_identify(src/fra333_lab2_25_v1/Note) by extensions ['python_setup_py']
[0.207s] Level 1:colcon.colcon_core.package_identification:_identify(src/fra333_lab2_25_v1/Note) by extension 'python_setup_py'
[0.207s] Level 1:colcon.colcon_core.package_identification:_identify(src/fra333_lab2_25_v1/cocoa_description) by extensions ['ignore', 'ignore_ament_install']
[0.207s] Level 1:colcon.colcon_core.package_identification:_identify(src/fra333_lab2_25_v1/cocoa_description) by extension 'ignore'
[0.207s] Level 1:colcon.colcon_core.package_identification:_identify(src/fra333_lab2_25_v1/cocoa_description) by extension 'ignore_ament_install'
[0.207s] Level 1:colcon.colcon_core.package_identification:_identify(src/fra333_lab2_25_v1/cocoa_description) by extensions ['colcon_pkg']
[0.207s] Level 1:colcon.colcon_core.package_identification:_identify(src/fra333_lab2_25_v1/cocoa_description) by extension 'colcon_pkg'
[0.207s] Level 1:colcon.colcon_core.package_identification:_identify(src/fra333_lab2_25_v1/cocoa_description) by extensions ['colcon_meta']
[0.207s] Level 1:colcon.colcon_core.package_identification:_identify(src/fra333_lab2_25_v1/cocoa_description) by extension 'colcon_meta'
[0.207s] Level 1:colcon.colcon_core.package_identification:_identify(src/fra333_lab2_25_v1/cocoa_description) by extensions ['ros']
[0.207s] Level 1:colcon.colcon_core.package_identification:_identify(src/fra333_lab2_25_v1/cocoa_description) by extension 'ros'
[0.208s] DEBUG:colcon.colcon_core.package_identification:Package 'src/fra333_lab2_25_v1/cocoa_description' with type 'ros.ament_cmake' and name 'cocoa_description'
[0.208s] Level 1:colcon.colcon_core.package_identification:_identify(src/fra333_lab2_25_v1/cocoa_kinematics) by extensions ['ignore', 'ignore_ament_install']
[0.208s] Level 1:colcon.colcon_core.package_identification:_identify(src/fra333_lab2_25_v1/cocoa_kinematics) by extension 'ignore'
[0.208s] Level 1:colcon.colcon_core.package_identification:_identify(src/fra333_lab2_25_v1/cocoa_kinematics) by extension 'ignore_ament_install'
[0.208s] Level 1:colcon.colcon_core.package_identification:_identify(src/fra333_lab2_25_v1/cocoa_kinematics) by extensions ['colcon_pkg']
[0.208s] Level 1:colcon.colcon_core.package_identification:_identify(src/fra333_lab2_25_v1/cocoa_kinematics) by extension 'colcon_pkg'
[0.208s] Level 1:colcon.colcon_core.package_identification:_identify(src/fra333_lab2_25_v1/cocoa_kinematics) by extensions ['colcon_meta']
[0.208s] Level 1:colcon.colcon_core.package_identification:_identify(src/fra333_lab2_25_v1/cocoa_kinematics) by extension 'colcon_meta'
[0.208s] Level 1:colcon.colcon_core.package_identification:_identify(src/fra333_lab2_25_v1/cocoa_kinematics) by extensions ['ros']
[0.208s] Level 1:colcon.colcon_core.package_identification:_identify(src/fra333_lab2_25_v1/cocoa_kinematics) by extension 'ros'
[0.209s] DEBUG:colcon.colcon_core.package_identification:Package 'src/fra333_lab2_25_v1/cocoa_kinematics' with type 'ros.ament_cmake' and name 'cocoa_kinematics'
[0.209s] Level 1:colcon.colcon_core.package_identification:_identify(src/fra333_lab2_25_v1/cocoa_kinematics_interfaces) by extensions ['ignore', 'ignore_ament_install']
[0.209s] Level 1:colcon.colcon_core.package_identification:_identify(src/fra333_lab2_25_v1/cocoa_kinematics_interfaces) by extension 'ignore'
[0.209s] Level 1:colcon.colcon_core.package_identification:_identify(src/fra333_lab2_25_v1/cocoa_kinematics_interfaces) by extension 'ignore_ament_install'
[0.209s] Level 1:colcon.colcon_core.package_identification:_identify(src/fra333_lab2_25_v1/cocoa_kinematics_interfaces) by extensions ['colcon_pkg']
[0.209s] Level 1:colcon.colcon_core.package_identification:_identify(src/fra333_lab2_25_v1/cocoa_kinematics_interfaces) by extension 'colcon_pkg'
[0.209s] Level 1:colcon.colcon_core.package_identification:_identify(src/fra333_lab2_25_v1/cocoa_kinematics_interfaces) by extensions ['colcon_meta']
[0.209s] Level 1:colcon.colcon_core.package_identification:_identify(src/fra333_lab2_25_v1/cocoa_kinematics_interfaces) by extension 'colcon_meta'
[0.209s] Level 1:colcon.colcon_core.package_identification:_identify(src/fra333_lab2_25_v1/cocoa_kinematics_interfaces) by extensions ['ros']
[0.209s] Level 1:colcon.colcon_core.package_identification:_identify(src/fra333_lab2_25_v1/cocoa_kinematics_interfaces) by extension 'ros'
[0.210s] DEBUG:colcon.colcon_core.package_identification:Package 'src/fra333_lab2_25_v1/cocoa_kinematics_interfaces' with type 'ros.ament_cmake' and name 'cocoa_kinematics_interfaces'
[0.210s] Level 1:colcon.colcon_core.package_identification:_identify(src/fra333_lab2_25_v1/doc) by extensions ['ignore', 'ignore_ament_install']
[0.210s] Level 1:colcon.colcon_core.package_identification:_identify(src/fra333_lab2_25_v1/doc) by extension 'ignore'
[0.210s] Level 1:colcon.colcon_core.package_identification:_identify(src/fra333_lab2_25_v1/doc) by extension 'ignore_ament_install'
[0.210s] Level 1:colcon.colcon_core.package_identification:_identify(src/fra333_lab2_25_v1/doc) by extensions ['colcon_pkg']
[0.210s] Level 1:colcon.colcon_core.package_identification:_identify(src/fra333_lab2_25_v1/doc) by extension 'colcon_pkg'
[0.210s] Level 1:colcon.colcon_core.package_identification:_identify(src/fra333_lab2_25_v1/doc) by extensions ['colcon_meta']
[0.210s] Level 1:colcon.colcon_core.package_identification:_identify(src/fra333_lab2_25_v1/doc) by extension 'colcon_meta'
[0.210s] Level 1:colcon.colcon_core.package_identification:_identify(src/fra333_lab2_25_v1/doc) by extensions ['ros']
[0.210s] Level 1:colcon.colcon_core.package_identification:_identify(src/fra333_lab2_25_v1/doc) by extension 'ros'
[0.210s] Level 1:colcon.colcon_core.package_identification:_identify(src/fra333_lab2_25_v1/doc) by extensions ['cmake', 'python']
[0.210s] Level 1:colcon.colcon_core.package_identification:_identify(src/fra333_lab2_25_v1/doc) by extension 'cmake'
[0.210s] Level 1:colcon.colcon_core.package_identification:_identify(src/fra333_lab2_25_v1/doc) by extension 'python'
[0.210s] Level 1:colcon.colcon_core.package_identification:_identify(src/fra333_lab2_25_v1/doc) by extensions ['python_setup_py']
[0.210s] Level 1:colcon.colcon_core.package_identification:_identify(src/fra333_lab2_25_v1/doc) by extension 'python_setup_py'
[0.210s] Level 1:colcon.colcon_core.package_identification:_identify(src/fra333_lab2_25_v1/doc/img) by extensions ['ignore', 'ignore_ament_install']
[0.210s] Level 1:colcon.colcon_core.package_identification:_identify(src/fra333_lab2_25_v1/doc/img) by extension 'ignore'
[0.210s] Level 1:colcon.colcon_core.package_identification:_identify(src/fra333_lab2_25_v1/doc/img) by extension 'ignore_ament_install'
[0.210s] Level 1:colcon.colcon_core.package_identification:_identify(src/fra333_lab2_25_v1/doc/img) by extensions ['colcon_pkg']
[0.210s] Level 1:colcon.colcon_core.package_identification:_identify(src/fra333_lab2_25_v1/doc/img) by extension 'colcon_pkg'
[0.210s] Level 1:colcon.colcon_core.package_identification:_identify(src/fra333_lab2_25_v1/doc/img) by extensions ['colcon_meta']
[0.210s] Level 1:colcon.colcon_core.package_identification:_identify(src/fra333_lab2_25_v1/doc/img) by extension 'colcon_meta'
[0.211s] Level 1:colcon.colcon_core.package_identification:_identify(src/fra333_lab2_25_v1/doc/img) by extensions ['ros']
[0.211s] Level 1:colcon.colcon_core.package_identification:_identify(src/fra333_lab2_25_v1/doc/img) by extension 'ros'
[0.211s] Level 1:colcon.colcon_core.package_identification:_identify(src/fra333_lab2_25_v1/doc/img) by extensions ['cmake', 'python']
[0.211s] Level 1:colcon.colcon_core.package_identification:_identify(src/fra333_lab2_25_v1/doc/img) by extension 'cmake'
[0.211s] Level 1:colcon.colcon_core.package_identification:_identify(src/fra333_lab2_25_v1/doc/img) by extension 'python'
[0.211s] Level 1:colcon.colcon_core.package_identification:_identify(src/fra333_lab2_25_v1/doc/img) by extensions ['python_setup_py']
[0.211s] Level 1:colcon.colcon_core.package_identification:_identify(src/fra333_lab2_25_v1/doc/img) by extension 'python_setup_py'
[0.211s] Level 1:colcon.colcon_core.package_identification:_identify(src/fra333_lab2_25_v1/doc/pic) by extensions ['ignore', 'ignore_ament_install']
[0.211s] Level 1:colcon.colcon_core.package_identification:_identify(src/fra333_lab2_25_v1/doc/pic) by extension 'ignore'
[0.211s] Level 1:colcon.colcon_core.package_identification:_identify(src/fra333_lab2_25_v1/doc/pic) by extension 'ignore_ament_install'
[0.211s] Level 1:colcon.colcon_core.package_identification:_identify(src/fra333_lab2_25_v1/doc/pic) by extensions ['colcon_pkg']
[0.211s] Level 1:colcon.colcon_core.package_identification:_identify(src/fra333_lab2_25_v1/doc/pic) by extension 'colcon_pkg'
[0.211s] Level 1:colcon.colcon_core.package_identification:_identify(src/fra333_lab2_25_v1/doc/pic) by extensions ['colcon_meta']
[0.211s] Level 1:colcon.colcon_core.package_identification:_identify(src/fra333_lab2_25_v1/doc/pic) by extension 'colcon_meta'
[0.211s] Level 1:colcon.colcon_core.package_identification:_identify(src/fra333_lab2_25_v1/doc/pic) by extensions ['ros']
[0.211s] Level 1:colcon.colcon_core.package_identification:_identify(src/fra333_lab2_25_v1/doc/pic) by extension 'ros'
[0.211s] Level 1:colcon.colcon_core.package_identification:_identify(src/fra333_lab2_25_v1/doc/pic) by extensions ['cmake', 'python']
[0.211s] Level 1:colcon.colcon_core.package_identification:_identify(src/fra333_lab2_25_v1/doc/pic) by extension 'cmake'
[0.211s] Level 1:colcon.colcon_core.package_identification:_identify(src/fra333_lab2_25_v1/doc/pic) by extension 'python'
[0.211s] Level 1:colcon.colcon_core.package_identification:_identify(src/fra333_lab2_25_v1/doc/pic) by extensions ['python_setup_py']
[0.211s] Level 1:colcon.colcon_core.package_identification:_identify(src/fra333_lab2_25_v1/doc/pic) by extension 'python_setup_py'
[0.211s] Level 1:colcon.colcon_core.package_identification:_identify(src/my_first_package) by extensions ['ignore', 'ignore_ament_install']
[0.211s] Level 1:colcon.colcon_core.package_identification:_identify(src/my_first_package) by extension 'ignore'
[0.211s] Level 1:colcon.colcon_core.package_identification:_identify(src/my_first_package) by extension 'ignore_ament_install'
[0.211s] Level 1:colcon.colcon_core.package_identification:_identify(src/my_first_package) by extensions ['colcon_pkg']
[0.212s] Level 1:colcon.colcon_core.package_identification:_identify(src/my_first_package) by extension 'colcon_pkg'
[0.212s] Level 1:colcon.colcon_core.package_identification:_identify(src/my_first_package) by extensions ['colcon_meta']
[0.212s] Level 1:colcon.colcon_core.package_identification:_identify(src/my_first_package) by extension 'colcon_meta'
[0.212s] Level 1:colcon.colcon_core.package_identification:_identify(src/my_first_package) by extensions ['ros']
[0.212s] Level 1:colcon.colcon_core.package_identification:_identify(src/my_first_package) by extension 'ros'
[0.212s] DEBUG:colcon.colcon_core.package_identification:Package 'src/my_first_package' with type 'ros.ament_cmake' and name 'my_first_package'
[0.212s] Level 1:colcon.colcon_core.package_discovery:discover_packages(recursive) using defaults
[0.213s] Level 1:colcon.colcon_core.package_discovery:discover_packages(ignore) discover
[0.213s] Level 1:colcon.colcon_core.package_discovery:discover_packages(ignore) using defaults
[0.213s] Level 1:colcon.colcon_core.package_discovery:discover_packages(path) discover
[0.213s] Level 1:colcon.colcon_core.package_discovery:discover_packages(path) using defaults
[0.234s] Level 1:colcon.colcon_core.package_discovery:discover_packages(prefix_path) check parameters
[0.234s] Level 1:colcon.colcon_core.package_discovery:discover_packages(prefix_path) discover
[0.237s] DEBUG:colcon.colcon_installed_package_information.package_discovery:Found 7 installed packages in /home/azthorax/fra333_ws/install
[0.238s] DEBUG:colcon.colcon_installed_package_information.package_discovery:Found 268 installed packages in /opt/ros/foxy
[0.240s] Level 1:colcon.colcon_core.package_discovery:discover_packages(prefix_path) using defaults
[0.312s] Level 5:colcon.colcon_core.verb:set package 'cocoa_description' build argument 'cmake_args' from command line to 'None'
[0.312s] Level 5:colcon.colcon_core.verb:set package 'cocoa_description' build argument 'cmake_target' from command line to 'None'
[0.312s] Level 5:colcon.colcon_core.verb:set package 'cocoa_description' build argument 'cmake_target_skip_unavailable' from command line to 'False'
[0.312s] Level 5:colcon.colcon_core.verb:set package 'cocoa_description' build argument 'cmake_clean_cache' from command line to 'False'
[0.312s] Level 5:colcon.colcon_core.verb:set package 'cocoa_description' build argument 'cmake_clean_first' from command line to 'False'
[0.312s] Level 5:colcon.colcon_core.verb:set package 'cocoa_description' build argument 'cmake_force_configure' from command line to 'False'
[0.312s] Level 5:colcon.colcon_core.verb:set package 'cocoa_description' build argument 'ament_cmake_args' from command line to 'None'
[0.312s] Level 5:colcon.colcon_core.verb:set package 'cocoa_description' build argument 'catkin_cmake_args' from command line to 'None'
[0.312s] Level 5:colcon.colcon_core.verb:set package 'cocoa_description' build argument 'catkin_skip_building_tests' from command line to 'False'
[0.312s] DEBUG:colcon.colcon_core.verb:Building package 'cocoa_description' with the following arguments: {'ament_cmake_args': None, 'build_base': '/home/azthorax/fra333_ws/build/cocoa_description', 'catkin_cmake_args': None, 'catkin_skip_building_tests': False, 'cmake_args': None, 'cmake_clean_cache': False, 'cmake_clean_first': False, 'cmake_force_configure': False, 'cmake_target': None, 'cmake_target_skip_unavailable': False, 'install_base': '/home/azthorax/fra333_ws/install/cocoa_description', 'merge_install': False, 'path': '/home/azthorax/fra333_ws/src/fra333_lab2_25_v1/cocoa_description', 'symlink_install': False, 'test_result_base': None}
[0.313s] Level 5:colcon.colcon_core.verb:set package 'cocoa_kinematics' build argument 'cmake_args' from command line to 'None'
[0.313s] Level 5:colcon.colcon_core.verb:set package 'cocoa_kinematics' build argument 'cmake_target' from command line to 'None'
[0.313s] Level 5:colcon.colcon_core.verb:set package 'cocoa_kinematics' build argument 'cmake_target_skip_unavailable' from command line to 'False'
[0.313s] Level 5:colcon.colcon_core.verb:set package 'cocoa_kinematics' build argument 'cmake_clean_cache' from command line to 'False'
[0.313s] Level 5:colcon.colcon_core.verb:set package 'cocoa_kinematics' build argument 'cmake_clean_first' from command line to 'False'
[0.313s] Level 5:colcon.colcon_core.verb:set package 'cocoa_kinematics' build argument 'cmake_force_configure' from command line to 'False'
[0.313s] Level 5:colcon.colcon_core.verb:set package 'cocoa_kinematics' build argument 'ament_cmake_args' from command line to 'None'
[0.313s] Level 5:colcon.colcon_core.verb:set package 'cocoa_kinematics' build argument 'catkin_cmake_args' from command line to 'None'
[0.313s] Level 5:colcon.colcon_core.verb:set package 'cocoa_kinematics' build argument 'catkin_skip_building_tests' from command line to 'False'
[0.313s] DEBUG:colcon.colcon_core.verb:Building package 'cocoa_kinematics' with the following arguments: {'ament_cmake_args': None, 'build_base': '/home/azthorax/fra333_ws/build/cocoa_kinematics', 'catkin_cmake_args': None, 'catkin_skip_building_tests': False, 'cmake_args': None, 'cmake_clean_cache': False, 'cmake_clean_first': False, 'cmake_force_configure': False, 'cmake_target': None, 'cmake_target_skip_unavailable': False, 'install_base': '/home/azthorax/fra333_ws/install/cocoa_kinematics', 'merge_install': False, 'path': '/home/azthorax/fra333_ws/src/fra333_lab2_25_v1/cocoa_kinematics', 'symlink_install': False, 'test_result_base': None}
[0.314s] Level 5:colcon.colcon_core.verb:set package 'cocoa_kinematics_interfaces' build argument 'cmake_args' from command line to 'None'
[0.314s] Level 5:colcon.colcon_core.verb:set package 'cocoa_kinematics_interfaces' build argument 'cmake_target' from command line to 'None'
[0.314s] Level 5:colcon.colcon_core.verb:set package 'cocoa_kinematics_interfaces' build argument 'cmake_target_skip_unavailable' from command line to 'False'
[0.314s] Level 5:colcon.colcon_core.verb:set package 'cocoa_kinematics_interfaces' build argument 'cmake_clean_cache' from command line to 'False'
[0.314s] Level 5:colcon.colcon_core.verb:set package 'cocoa_kinematics_interfaces' build argument 'cmake_clean_first' from command line to 'False'
[0.314s] Level 5:colcon.colcon_core.verb:set package 'cocoa_kinematics_interfaces' build argument 'cmake_force_configure' from command line to 'False'
[0.314s] Level 5:colcon.colcon_core.verb:set package 'cocoa_kinematics_interfaces' build argument 'ament_cmake_args' from command line to 'None'
[0.314s] Level 5:colcon.colcon_core.verb:set package 'cocoa_kinematics_interfaces' build argument 'catkin_cmake_args' from command line to 'None'
[0.314s] Level 5:colcon.colcon_core.verb:set package 'cocoa_kinematics_interfaces' build argument 'catkin_skip_building_tests' from command line to 'False'
[0.314s] DEBUG:colcon.colcon_core.verb:Building package 'cocoa_kinematics_interfaces' with the following arguments: {'ament_cmake_args': None, 'build_base': '/home/azthorax/fra333_ws/build/cocoa_kinematics_interfaces', 'catkin_cmake_args': None, 'catkin_skip_building_tests': False, 'cmake_args': None, 'cmake_clean_cache': False, 'cmake_clean_first': False, 'cmake_force_configure': False, 'cmake_target': None, 'cmake_target_skip_unavailable': False, 'install_base': '/home/azthorax/fra333_ws/install/cocoa_kinematics_interfaces', 'merge_install': False, 'path': '/home/azthorax/fra333_ws/src/fra333_lab2_25_v1/cocoa_kinematics_interfaces', 'symlink_install': False, 'test_result_base': None}
[0.315s] Level 5:colcon.colcon_core.verb:set package 'dummy' build argument 'cmake_args' from command line to 'None'
[0.315s] Level 5:colcon.colcon_core.verb:set package 'dummy' build argument 'cmake_target' from command line to 'None'
[0.315s] Level 5:colcon.colcon_core.verb:set package 'dummy' build argument 'cmake_target_skip_unavailable' from command line to 'False'
[0.315s] Level 5:colcon.colcon_core.verb:set package 'dummy' build argument 'cmake_clean_cache' from command line to 'False'
[0.315s] Level 5:colcon.colcon_core.verb:set package 'dummy' build argument 'cmake_clean_first' from command line to 'False'
[0.315s] Level 5:colcon.colcon_core.verb:set package 'dummy' build argument 'cmake_force_configure' from command line to 'False'
[0.315s] Level 5:colcon.colcon_core.verb:set package 'dummy' build argument 'ament_cmake_args' from command line to 'None'
[0.315s] Level 5:colcon.colcon_core.verb:set package 'dummy' build argument 'catkin_cmake_args' from command line to 'None'
[0.315s] Level 5:colcon.colcon_core.verb:set package 'dummy' build argument 'catkin_skip_building_tests' from command line to 'False'
[0.315s] DEBUG:colcon.colcon_core.verb:Building package 'dummy' with the following arguments: {'ament_cmake_args': None, 'build_base': '/home/azthorax/fra333_ws/build/dummy', 'catkin_cmake_args': None, 'catkin_skip_building_tests': False, 'cmake_args': None, 'cmake_clean_cache': False, 'cmake_clean_first': False, 'cmake_force_configure': False, 'cmake_target': None, 'cmake_target_skip_unavailable': False, 'install_base': '/home/azthorax/fra333_ws/install/dummy', 'merge_install': False, 'path': '/home/azthorax/fra333_ws/src/dummy', 'symlink_install': False, 'test_result_base': None}
[0.316s] Level 5:colcon.colcon_core.verb:set package 'fra333_lab1_25' build argument 'cmake_args' from command line to 'None'
[0.316s] Level 5:colcon.colcon_core.verb:set package 'fra333_lab1_25' build argument 'cmake_target' from command line to 'None'
[0.316s] Level 5:colcon.colcon_core.verb:set package 'fra333_lab1_25' build argument 'cmake_target_skip_unavailable' from command line to 'False'
[0.316s] Level 5:colcon.colcon_core.verb:set package 'fra333_lab1_25' build argument 'cmake_clean_cache' from command line to 'False'
[0.316s] Level 5:colcon.colcon_core.verb:set package 'fra333_lab1_25' build argument 'cmake_clean_first' from command line to 'False'
[0.316s] Level 5:colcon.colcon_core.verb:set package 'fra333_lab1_25' build argument 'cmake_force_configure' from command line to 'False'
[0.317s] Level 5:colcon.colcon_core.verb:set package 'fra333_lab1_25' build argument 'ament_cmake_args' from command line to 'None'
[0.317s] Level 5:colcon.colcon_core.verb:set package 'fra333_lab1_25' build argument 'catkin_cmake_args' from command line to 'None'
[0.317s] Level 5:colcon.colcon_core.verb:set package 'fra333_lab1_25' build argument 'catkin_skip_building_tests' from command line to 'False'
[0.317s] DEBUG:colcon.colcon_core.verb:Building package 'fra333_lab1_25' with the following arguments: {'ament_cmake_args': None, 'build_base': '/home/azthorax/fra333_ws/build/fra333_lab1_25', 'catkin_cmake_args': None, 'catkin_skip_building_tests': False, 'cmake_args': None, 'cmake_clean_cache': False, 'cmake_clean_first': False, 'cmake_force_configure': False, 'cmake_target': None, 'cmake_target_skip_unavailable': False, 'install_base': '/home/azthorax/fra333_ws/install/fra333_lab1_25', 'merge_install': False, 'path': '/home/azthorax/fra333_ws/src/fra333_lab1_25/fra333_lab1_25', 'symlink_install': False, 'test_result_base': None}
[0.317s] Level 5:colcon.colcon_core.verb:set package 'lab1_interfaces' build argument 'cmake_args' from command line to 'None'
[0.317s] Level 5:colcon.colcon_core.verb:set package 'lab1_interfaces' build argument 'cmake_target' from command line to 'None'
[0.317s] Level 5:colcon.colcon_core.verb:set package 'lab1_interfaces' build argument 'cmake_target_skip_unavailable' from command line to 'False'
[0.318s] Level 5:colcon.colcon_core.verb:set package 'lab1_interfaces' build argument 'cmake_clean_cache' from command line to 'False'
[0.318s] Level 5:colcon.colcon_core.verb:set package 'lab1_interfaces' build argument 'cmake_clean_first' from command line to 'False'
[0.318s] Level 5:colcon.colcon_core.verb:set package 'lab1_interfaces' build argument 'cmake_force_configure' from command line to 'False'
[0.318s] Level 5:colcon.colcon_core.verb:set package 'lab1_interfaces' build argument 'ament_cmake_args' from command line to 'None'
[0.318s] Level 5:colcon.colcon_core.verb:set package 'lab1_interfaces' build argument 'catkin_cmake_args' from command line to 'None'
[0.318s] Level 5:colcon.colcon_core.verb:set package 'lab1_interfaces' build argument 'catkin_skip_building_tests' from command line to 'False'
[0.318s] DEBUG:colcon.colcon_core.verb:Building package 'lab1_interfaces' with the following arguments: {'ament_cmake_args': None, 'build_base': '/home/azthorax/fra333_ws/build/lab1_interfaces', 'catkin_cmake_args': None, 'catkin_skip_building_tests': False, 'cmake_args': None, 'cmake_clean_cache': False, 'cmake_clean_first': False, 'cmake_force_configure': False, 'cmake_target': None, 'cmake_target_skip_unavailable': False, 'install_base': '/home/azthorax/fra333_ws/install/lab1_interfaces', 'merge_install': False, 'path': '/home/azthorax/fra333_ws/src/fra333_lab1_25/lab1_interfaces', 'symlink_install': False, 'test_result_base': None}
[0.319s] Level 5:colcon.colcon_core.verb:set package 'my_first_package' build argument 'cmake_args' from command line to 'None'
[0.319s] Level 5:colcon.colcon_core.verb:set package 'my_first_package' build argument 'cmake_target' from command line to 'None'
[0.319s] Level 5:colcon.colcon_core.verb:set package 'my_first_package' build argument 'cmake_target_skip_unavailable' from command line to 'False'
[0.319s] Level 5:colcon.colcon_core.verb:set package 'my_first_package' build argument 'cmake_clean_cache' from command line to 'False'
[0.319s] Level 5:colcon.colcon_core.verb:set package 'my_first_package' build argument 'cmake_clean_first' from command line to 'False'
[0.319s] Level 5:colcon.colcon_core.verb:set package 'my_first_package' build argument 'cmake_force_configure' from command line to 'False'
[0.319s] Level 5:colcon.colcon_core.verb:set package 'my_first_package' build argument 'ament_cmake_args' from command line to 'None'
[0.319s] Level 5:colcon.colcon_core.verb:set package 'my_first_package' build argument 'catkin_cmake_args' from command line to 'None'
[0.319s] Level 5:colcon.colcon_core.verb:set package 'my_first_package' build argument 'catkin_skip_building_tests' from command line to 'False'
[0.319s] DEBUG:colcon.colcon_core.verb:Building package 'my_first_package' with the following arguments: {'ament_cmake_args': None, 'build_base': '/home/azthorax/fra333_ws/build/my_first_package', 'catkin_cmake_args': None, 'catkin_skip_building_tests': False, 'cmake_args': None, 'cmake_clean_cache': False, 'cmake_clean_first': False, 'cmake_force_configure': False, 'cmake_target': None, 'cmake_target_skip_unavailable': False, 'install_base': '/home/azthorax/fra333_ws/install/my_first_package', 'merge_install': False, 'path': '/home/azthorax/fra333_ws/src/my_first_package', 'symlink_install': False, 'test_result_base': None}
[0.319s] INFO:colcon.colcon_core.executor:Executing jobs using 'parallel' executor
[0.323s] DEBUG:colcon.colcon_parallel_executor.executor.parallel:run_until_complete
[0.324s] INFO:colcon.colcon_ros.task.ament_cmake.build:Building ROS package in '/home/azthorax/fra333_ws/src/fra333_lab2_25_v1/cocoa_description' with build type 'ament_cmake'
[0.324s] INFO:colcon.colcon_cmake.task.cmake.build:Building CMake package in '/home/azthorax/fra333_ws/src/fra333_lab2_25_v1/cocoa_description'
[0.330s] INFO:colcon.colcon_core.plugin_system:Skipping extension 'colcon_core.shell.bat': Not used on non-Windows systems
[0.330s] INFO:colcon.colcon_core.shell:Skip shell extension 'powershell' for command environment: Not usable outside of PowerShell
[0.330s] DEBUG:colcon.colcon_core.shell:Skip shell extension 'dsv' for command environment
[0.336s] INFO:colcon.colcon_ros.task.ament_cmake.build:Building ROS package in '/home/azthorax/fra333_ws/src/fra333_lab2_25_v1/cocoa_kinematics' with build type 'ament_cmake'
[0.336s] INFO:colcon.colcon_cmake.task.cmake.build:Building CMake package in '/home/azthorax/fra333_ws/src/fra333_lab2_25_v1/cocoa_kinematics'
[0.339s] INFO:colcon.colcon_core.shell:Skip shell extension 'powershell' for command environment: Not usable outside of PowerShell
[0.339s] DEBUG:colcon.colcon_core.shell:Skip shell extension 'dsv' for command environment
[0.345s] INFO:colcon.colcon_ros.task.ament_cmake.build:Building ROS package in '/home/azthorax/fra333_ws/src/fra333_lab2_25_v1/cocoa_kinematics_interfaces' with build type 'ament_cmake'
[0.345s] INFO:colcon.colcon_cmake.task.cmake.build:Building CMake package in '/home/azthorax/fra333_ws/src/fra333_lab2_25_v1/cocoa_kinematics_interfaces'
[0.347s] INFO:colcon.colcon_core.shell:Skip shell extension 'powershell' for command environment: Not usable outside of PowerShell
[0.347s] DEBUG:colcon.colcon_core.shell:Skip shell extension 'dsv' for command environment
[0.354s] INFO:colcon.colcon_ros.task.ament_cmake.build:Building ROS package in '/home/azthorax/fra333_ws/src/dummy' with build type 'ament_cmake'
[0.354s] INFO:colcon.colcon_cmake.task.cmake.build:Building CMake package in '/home/azthorax/fra333_ws/src/dummy'
[0.356s] INFO:colcon.colcon_core.shell:Skip shell extension 'powershell' for command environment: Not usable outside of PowerShell
[0.356s] DEBUG:colcon.colcon_core.shell:Skip shell extension 'dsv' for command environment
[0.363s] INFO:colcon.colcon_ros.task.ament_cmake.build:Building ROS package in '/home/azthorax/fra333_ws/src/fra333_lab1_25/fra333_lab1_25' with build type 'ament_cmake'
[0.363s] INFO:colcon.colcon_cmake.task.cmake.build:Building CMake package in '/home/azthorax/fra333_ws/src/fra333_lab1_25/fra333_lab1_25'
[0.365s] INFO:colcon.colcon_core.shell:Skip shell extension 'powershell' for command environment: Not usable outside of PowerShell
[0.365s] DEBUG:colcon.colcon_core.shell:Skip shell extension 'dsv' for command environment
[0.371s] INFO:colcon.colcon_ros.task.ament_cmake.build:Building ROS package in '/home/azthorax/fra333_ws/src/fra333_lab1_25/lab1_interfaces' with build type 'ament_cmake'
[0.371s] INFO:colcon.colcon_cmake.task.cmake.build:Building CMake package in '/home/azthorax/fra333_ws/src/fra333_lab1_25/lab1_interfaces'
[0.373s] INFO:colcon.colcon_core.shell:Skip shell extension 'powershell' for command environment: Not usable outside of PowerShell
[0.373s] DEBUG:colcon.colcon_core.shell:Skip shell extension 'dsv' for command environment
[0.379s] INFO:colcon.colcon_ros.task.ament_cmake.build:Building ROS package in '/home/azthorax/fra333_ws/src/my_first_package' with build type 'ament_cmake'
[0.379s] INFO:colcon.colcon_cmake.task.cmake.build:Building CMake package in '/home/azthorax/fra333_ws/src/my_first_package'
[0.381s] INFO:colcon.colcon_core.shell:Skip shell extension 'powershell' for command environment: Not usable outside of PowerShell
[0.381s] DEBUG:colcon.colcon_core.shell:Skip shell extension 'dsv' for command environment
[0.393s] DEBUG:colcon.colcon_core.event_handler.log_command:Invoking command in '/home/azthorax/fra333_ws/build/cocoa_description': CMAKE_PREFIX_PATH=${CMAKE_PREFIX_PATH}:/opt/ros/foxy /usr/bin/cmake --build /home/azthorax/fra333_ws/build/cocoa_description -- -j12 -l12
[0.400s] DEBUG:colcon.colcon_core.event_handler.log_command:Invoking command in '/home/azthorax/fra333_ws/build/cocoa_kinematics': CMAKE_PREFIX_PATH=${CMAKE_PREFIX_PATH}:/opt/ros/foxy /usr/bin/cmake --build /home/azthorax/fra333_ws/build/cocoa_kinematics -- -j12 -l12
[0.406s] DEBUG:colcon.colcon_core.event_handler.log_command:Invoking command in '/home/azthorax/fra333_ws/build/cocoa_kinematics_interfaces': CMAKE_PREFIX_PATH=${CMAKE_PREFIX_PATH}:/opt/ros/foxy /usr/bin/cmake --build /home/azthorax/fra333_ws/build/cocoa_kinematics_interfaces -- -j12 -l12
[0.413s] DEBUG:colcon.colcon_core.event_handler.log_command:Invoking command in '/home/azthorax/fra333_ws/build/dummy': CMAKE_PREFIX_PATH=${CMAKE_PREFIX_PATH}:/opt/ros/foxy /usr/bin/cmake --build /home/azthorax/fra333_ws/build/dummy -- -j12 -l12
[0.421s] DEBUG:colcon.colcon_core.event_handler.log_command:Invoking command in '/home/azthorax/fra333_ws/build/fra333_lab1_25': CMAKE_PREFIX_PATH=${CMAKE_PREFIX_PATH}:/opt/ros/foxy /usr/bin/cmake --build /home/azthorax/fra333_ws/build/fra333_lab1_25 -- -j12 -l12
[0.427s] DEBUG:colcon.colcon_core.event_handler.log_command:Invoking command in '/home/azthorax/fra333_ws/build/lab1_interfaces': CMAKE_PREFIX_PATH=${CMAKE_PREFIX_PATH}:/opt/ros/foxy /usr/bin/cmake --build /home/azthorax/fra333_ws/build/lab1_interfaces -- -j12 -l12
[0.436s] DEBUG:colcon.colcon_core.event_handler.log_command:Invoking command in '/home/azthorax/fra333_ws/build/my_first_package': CMAKE_PREFIX_PATH=${CMAKE_PREFIX_PATH}:/opt/ros/foxy /usr/bin/cmake --build /home/azthorax/fra333_ws/build/my_first_package -- -j12 -l12
[0.456s] DEBUG:colcon.colcon_core.event_handler.log_command:Invoked command in '/home/azthorax/fra333_ws/build/cocoa_description' returned '0': CMAKE_PREFIX_PATH=${CMAKE_PREFIX_PATH}:/opt/ros/foxy /usr/bin/cmake --build /home/azthorax/fra333_ws/build/cocoa_description -- -j12 -l12
[0.461s] DEBUG:colcon.colcon_core.event_handler.log_command:Invoked command in '/home/azthorax/fra333_ws/build/cocoa_kinematics' returned '0': CMAKE_PREFIX_PATH=${CMAKE_PREFIX_PATH}:/opt/ros/foxy /usr/bin/cmake --build /home/azthorax/fra333_ws/build/cocoa_kinematics -- -j12 -l12
[0.465s] DEBUG:colcon.colcon_core.event_handler.log_command:Invoked command in '/home/azthorax/fra333_ws/build/fra333_lab1_25' returned '0': CMAKE_PREFIX_PATH=${CMAKE_PREFIX_PATH}:/opt/ros/foxy /usr/bin/cmake --build /home/azthorax/fra333_ws/build/fra333_lab1_25 -- -j12 -l12
[0.496s] DEBUG:colcon.colcon_core.event_handler.log_command:Invoking command in '/home/azthorax/fra333_ws/build/cocoa_description': CMAKE_PREFIX_PATH=${CMAKE_PREFIX_PATH}:/opt/ros/foxy /usr/bin/cmake --install /home/azthorax/fra333_ws/build/cocoa_description
[0.503s] DEBUG:colcon.colcon_core.event_handler.log_command:Invoking command in '/home/azthorax/fra333_ws/build/cocoa_kinematics': CMAKE_PREFIX_PATH=${CMAKE_PREFIX_PATH}:/opt/ros/foxy /usr/bin/cmake --install /home/azthorax/fra333_ws/build/cocoa_kinematics
[0.508s] DEBUG:colcon.colcon_core.event_handler.log_command:Invoking command in '/home/azthorax/fra333_ws/build/fra333_lab1_25': CMAKE_PREFIX_PATH=${CMAKE_PREFIX_PATH}:/opt/ros/foxy /usr/bin/cmake --install /home/azthorax/fra333_ws/build/fra333_lab1_25
[0.592s] Level 1:colcon.colcon_core.environment:create_environment_scripts_only(cocoa_description)
[0.594s] DEBUG:colcon.colcon_core.event_handler.log_command:Invoked command in '/home/azthorax/fra333_ws/build/cocoa_description' returned '0': CMAKE_PREFIX_PATH=${CMAKE_PREFIX_PATH}:/opt/ros/foxy /usr/bin/cmake --install /home/azthorax/fra333_ws/build/cocoa_description
[0.603s] Level 1:colcon.colcon_core.environment:checking '/home/azthorax/fra333_ws/install/cocoa_description' for CMake module files
[0.604s] Level 1:colcon.colcon_core.environment:checking '/home/azthorax/fra333_ws/install/cocoa_description' for CMake config files
[0.604s] Level 1:colcon.colcon_core.shell:create_environment_hook('cocoa_description', 'cmake_prefix_path')
[0.607s] INFO:colcon.colcon_core.shell:Creating environment hook '/home/azthorax/fra333_ws/install/cocoa_description/share/cocoa_description/hook/cmake_prefix_path.ps1'
[0.608s] INFO:colcon.colcon_core.shell:Creating environment descriptor '/home/azthorax/fra333_ws/install/cocoa_description/share/cocoa_description/hook/cmake_prefix_path.dsv'
[0.609s] INFO:colcon.colcon_core.shell:Creating environment hook '/home/azthorax/fra333_ws/install/cocoa_description/share/cocoa_description/hook/cmake_prefix_path.sh'
[0.611s] Level 1:colcon.colcon_core.environment:checking '/home/azthorax/fra333_ws/install/cocoa_description/lib'
[0.611s] Level 1:colcon.colcon_core.environment:checking '/home/azthorax/fra333_ws/install/cocoa_description/bin'
[0.612s] Level 1:colcon.colcon_core.environment:checking '/home/azthorax/fra333_ws/install/cocoa_description/lib/pkgconfig/cocoa_description.pc'
[0.612s] Level 1:colcon.colcon_core.environment:checking '/home/azthorax/fra333_ws/install/cocoa_description/lib/python3.8/site-packages'
[0.612s] Level 1:colcon.colcon_core.shell:create_environment_hook('cocoa_description', 'pythonpath')
[0.614s] INFO:colcon.colcon_core.shell:Creating environment hook '/home/azthorax/fra333_ws/install/cocoa_description/share/cocoa_description/hook/pythonpath.ps1'
[0.615s] INFO:colcon.colcon_core.shell:Creating environment descriptor '/home/azthorax/fra333_ws/install/cocoa_description/share/cocoa_description/hook/pythonpath.dsv'
[0.616s] INFO:colcon.colcon_core.shell:Creating environment hook '/home/azthorax/fra333_ws/install/cocoa_description/share/cocoa_description/hook/pythonpath.sh'
[0.617s] Level 1:colcon.colcon_core.environment:checking '/home/azthorax/fra333_ws/install/cocoa_description/bin'
[0.619s] INFO:colcon.colcon_core.shell:Creating package script '/home/azthorax/fra333_ws/install/cocoa_description/share/cocoa_description/package.ps1'
[0.620s] INFO:colcon.colcon_core.shell:Creating package descriptor '/home/azthorax/fra333_ws/install/cocoa_description/share/cocoa_description/package.dsv'
[0.621s] INFO:colcon.colcon_core.shell:Creating package script '/home/azthorax/fra333_ws/install/cocoa_description/share/cocoa_description/package.sh'
[0.622s] INFO:colcon.colcon_core.shell:Creating package script '/home/azthorax/fra333_ws/install/cocoa_description/share/cocoa_description/package.bash'
[0.623s] INFO:colcon.colcon_core.shell:Creating package script '/home/azthorax/fra333_ws/install/cocoa_description/share/cocoa_description/package.zsh'
[0.624s] Level 1:colcon.colcon_core.environment:create_file_with_runtime_dependencies(/home/azthorax/fra333_ws/install/cocoa_description/share/colcon-core/packages/cocoa_description)
[0.628s] Level 1:colcon.colcon_core.environment:create_environment_scripts_only(fra333_lab1_25)
[0.628s] DEBUG:colcon.colcon_core.event_handler.log_command:Invoked command in '/home/azthorax/fra333_ws/build/fra333_lab1_25' returned '0': CMAKE_PREFIX_PATH=${CMAKE_PREFIX_PATH}:/opt/ros/foxy /usr/bin/cmake --install /home/azthorax/fra333_ws/build/fra333_lab1_25
[0.631s] Level 1:colcon.colcon_core.environment:checking '/home/azthorax/fra333_ws/install/fra333_lab1_25' for CMake module files
[0.632s] Level 1:colcon.colcon_core.environment:checking '/home/azthorax/fra333_ws/install/fra333_lab1_25' for CMake config files
[0.632s] Level 1:colcon.colcon_core.shell:create_environment_hook('fra333_lab1_25', 'cmake_prefix_path')
[0.634s] INFO:colcon.colcon_core.shell:Creating environment hook '/home/azthorax/fra333_ws/install/fra333_lab1_25/share/fra333_lab1_25/hook/cmake_prefix_path.ps1'
[0.634s] INFO:colcon.colcon_core.shell:Creating environment descriptor '/home/azthorax/fra333_ws/install/fra333_lab1_25/share/fra333_lab1_25/hook/cmake_prefix_path.dsv'
[0.635s] INFO:colcon.colcon_core.shell:Creating environment hook '/home/azthorax/fra333_ws/install/fra333_lab1_25/share/fra333_lab1_25/hook/cmake_prefix_path.sh'
[0.636s] Level 1:colcon.colcon_core.environment:checking '/home/azthorax/fra333_ws/install/fra333_lab1_25/lib'
[0.636s] Level 1:colcon.colcon_core.environment:checking '/home/azthorax/fra333_ws/install/fra333_lab1_25/bin'
[0.636s] Level 1:colcon.colcon_core.environment:checking '/home/azthorax/fra333_ws/install/fra333_lab1_25/lib/pkgconfig/fra333_lab1_25.pc'
[0.636s] Level 1:colcon.colcon_core.environment:checking '/home/azthorax/fra333_ws/install/fra333_lab1_25/lib/python3.8/site-packages'
[0.636s] Level 1:colcon.colcon_core.shell:create_environment_hook('fra333_lab1_25', 'pythonpath')
[0.639s] INFO:colcon.colcon_core.shell:Creating environment hook '/home/azthorax/fra333_ws/install/fra333_lab1_25/share/fra333_lab1_25/hook/pythonpath.ps1'
[0.639s] INFO:colcon.colcon_core.shell:Creating environment descriptor '/home/azthorax/fra333_ws/install/fra333_lab1_25/share/fra333_lab1_25/hook/pythonpath.dsv'
[0.640s] INFO:colcon.colcon_core.shell:Creating environment hook '/home/azthorax/fra333_ws/install/fra333_lab1_25/share/fra333_lab1_25/hook/pythonpath.sh'
[0.640s] Level 1:colcon.colcon_core.environment:checking '/home/azthorax/fra333_ws/install/fra333_lab1_25/bin'
[0.643s] INFO:colcon.colcon_core.shell:Creating package script '/home/azthorax/fra333_ws/install/fra333_lab1_25/share/fra333_lab1_25/package.ps1'
[0.644s] INFO:colcon.colcon_core.shell:Creating package descriptor '/home/azthorax/fra333_ws/install/fra333_lab1_25/share/fra333_lab1_25/package.dsv'
[0.644s] INFO:colcon.colcon_core.shell:Creating package script '/home/azthorax/fra333_ws/install/fra333_lab1_25/share/fra333_lab1_25/package.sh'
[0.645s] INFO:colcon.colcon_core.shell:Creating package script '/home/azthorax/fra333_ws/install/fra333_lab1_25/share/fra333_lab1_25/package.bash'
[0.646s] INFO:colcon.colcon_core.shell:Creating package script '/home/azthorax/fra333_ws/install/fra333_lab1_25/share/fra333_lab1_25/package.zsh'
[0.647s] Level 1:colcon.colcon_core.environment:create_file_with_runtime_dependencies(/home/azthorax/fra333_ws/install/fra333_lab1_25/share/colcon-core/packages/fra333_lab1_25)
[0.651s] Level 1:colcon.colcon_core.environment:create_environment_scripts_only(cocoa_kinematics)
[0.655s] Level 1:colcon.colcon_core.environment:checking '/home/azthorax/fra333_ws/install/cocoa_kinematics' for CMake module files
[0.656s] DEBUG:colcon.colcon_core.event_handler.log_command:Invoked command in '/home/azthorax/fra333_ws/build/cocoa_kinematics' returned '0': CMAKE_PREFIX_PATH=${CMAKE_PREFIX_PATH}:/opt/ros/foxy /usr/bin/cmake --install /home/azthorax/fra333_ws/build/cocoa_kinematics
[0.656s] Level 1:colcon.colcon_core.environment:checking '/home/azthorax/fra333_ws/install/cocoa_kinematics' for CMake config files
[0.657s] Level 1:colcon.colcon_core.shell:create_environment_hook('cocoa_kinematics', 'cmake_prefix_path')
[0.659s] INFO:colcon.colcon_core.shell:Creating environment hook '/home/azthorax/fra333_ws/install/cocoa_kinematics/share/cocoa_kinematics/hook/cmake_prefix_path.ps1'
[0.659s] INFO:colcon.colcon_core.shell:Creating environment descriptor '/home/azthorax/fra333_ws/install/cocoa_kinematics/share/cocoa_kinematics/hook/cmake_prefix_path.dsv'
[0.660s] INFO:colcon.colcon_core.shell:Creating environment hook '/home/azthorax/fra333_ws/install/cocoa_kinematics/share/cocoa_kinematics/hook/cmake_prefix_path.sh'
[0.660s] Level 1:colcon.colcon_core.environment:checking '/home/azthorax/fra333_ws/install/cocoa_kinematics/lib'
[0.660s] Level 1:colcon.colcon_core.environment:checking '/home/azthorax/fra333_ws/install/cocoa_kinematics/bin'
[0.660s] Level 1:colcon.colcon_core.environment:checking '/home/azthorax/fra333_ws/install/cocoa_kinematics/lib/pkgconfig/cocoa_kinematics.pc'
[0.661s] Level 1:colcon.colcon_core.environment:checking '/home/azthorax/fra333_ws/install/cocoa_kinematics/lib/python3.8/site-packages'
[0.661s] Level 1:colcon.colcon_core.shell:create_environment_hook('cocoa_kinematics', 'pythonpath')
[0.663s] INFO:colcon.colcon_core.shell:Creating environment hook '/home/azthorax/fra333_ws/install/cocoa_kinematics/share/cocoa_kinematics/hook/pythonpath.ps1'
[0.663s] INFO:colcon.colcon_core.shell:Creating environment descriptor '/home/azthorax/fra333_ws/install/cocoa_kinematics/share/cocoa_kinematics/hook/pythonpath.dsv'
[0.663s] INFO:colcon.colcon_core.shell:Creating environment hook '/home/azthorax/fra333_ws/install/cocoa_kinematics/share/cocoa_kinematics/hook/pythonpath.sh'
[0.664s] Level 1:colcon.colcon_core.environment:checking '/home/azthorax/fra333_ws/install/cocoa_kinematics/bin'
[0.666s] INFO:colcon.colcon_core.shell:Creating package script '/home/azthorax/fra333_ws/install/cocoa_kinematics/share/cocoa_kinematics/package.ps1'
[0.666s] INFO:colcon.colcon_core.shell:Creating package descriptor '/home/azthorax/fra333_ws/install/cocoa_kinematics/share/cocoa_kinematics/package.dsv'
[0.667s] INFO:colcon.colcon_core.shell:Creating package script '/home/azthorax/fra333_ws/install/cocoa_kinematics/share/cocoa_kinematics/package.sh'
[0.667s] INFO:colcon.colcon_core.shell:Creating package script '/home/azthorax/fra333_ws/install/cocoa_kinematics/share/cocoa_kinematics/package.bash'
[0.668s] INFO:colcon.colcon_core.shell:Creating package script '/home/azthorax/fra333_ws/install/cocoa_kinematics/share/cocoa_kinematics/package.zsh'
[0.668s] Level 1:colcon.colcon_core.environment:create_file_with_runtime_dependencies(/home/azthorax/fra333_ws/install/cocoa_kinematics/share/colcon-core/packages/cocoa_kinematics)
[0.675s] Level 1:colcon.colcon_core.environment:create_environment_scripts_only(cocoa_description)
[0.678s] Level 1:colcon.colcon_core.environment:checking '/home/azthorax/fra333_ws/install/cocoa_description' for CMake module files
[0.678s] Level 1:colcon.colcon_core.environment:checking '/home/azthorax/fra333_ws/install/cocoa_description' for CMake config files
[0.679s] Level 1:colcon.colcon_core.shell:create_environment_hook('cocoa_description', 'cmake_prefix_path')
[0.680s] INFO:colcon.colcon_core.shell:Creating environment hook '/home/azthorax/fra333_ws/install/cocoa_description/share/cocoa_description/hook/cmake_prefix_path.ps1'
[0.680s] INFO:colcon.colcon_core.shell:Creating environment descriptor '/home/azthorax/fra333_ws/install/cocoa_description/share/cocoa_description/hook/cmake_prefix_path.dsv'
[0.681s] INFO:colcon.colcon_core.shell:Creating environment hook '/home/azthorax/fra333_ws/install/cocoa_description/share/cocoa_description/hook/cmake_prefix_path.sh'
[0.681s] Level 1:colcon.colcon_core.environment:checking '/home/azthorax/fra333_ws/install/cocoa_description/lib'
[0.681s] Level 1:colcon.colcon_core.environment:checking '/home/azthorax/fra333_ws/install/cocoa_description/bin'
[0.681s] Level 1:colcon.colcon_core.environment:checking '/home/azthorax/fra333_ws/install/cocoa_description/lib/pkgconfig/cocoa_description.pc'
[0.682s] Level 1:colcon.colcon_core.environment:checking '/home/azthorax/fra333_ws/install/cocoa_description/lib/python3.8/site-packages'
[0.682s] Level 1:colcon.colcon_core.shell:create_environment_hook('cocoa_description', 'pythonpath')
[0.683s] INFO:colcon.colcon_core.shell:Creating environment hook '/home/azthorax/fra333_ws/install/cocoa_description/share/cocoa_description/hook/pythonpath.ps1'
[0.684s] INFO:colcon.colcon_core.shell:Creating environment descriptor '/home/azthorax/fra333_ws/install/cocoa_description/share/cocoa_description/hook/pythonpath.dsv'
[0.684s] INFO:colcon.colcon_core.shell:Creating environment hook '/home/azthorax/fra333_ws/install/cocoa_description/share/cocoa_description/hook/pythonpath.sh'
[0.685s] Level 1:colcon.colcon_core.environment:checking '/home/azthorax/fra333_ws/install/cocoa_description/bin'
[0.686s] INFO:colcon.colcon_core.shell:Creating package script '/home/azthorax/fra333_ws/install/cocoa_description/share/cocoa_description/package.ps1'
[0.687s] INFO:colcon.colcon_core.shell:Creating package descriptor '/home/azthorax/fra333_ws/install/cocoa_description/share/cocoa_description/package.dsv'
[0.688s] INFO:colcon.colcon_core.shell:Creating package script '/home/azthorax/fra333_ws/install/cocoa_description/share/cocoa_description/package.sh'
[0.688s] INFO:colcon.colcon_core.shell:Creating package script '/home/azthorax/fra333_ws/install/cocoa_description/share/cocoa_description/package.bash'
[0.689s] INFO:colcon.colcon_core.shell:Creating package script '/home/azthorax/fra333_ws/install/cocoa_description/share/cocoa_description/package.zsh'
[0.689s] Level 1:colcon.colcon_core.environment:create_file_with_runtime_dependencies(/home/azthorax/fra333_ws/install/cocoa_description/share/colcon-core/packages/cocoa_description)
[0.693s] DEBUG:colcon.colcon_core.event_handler.log_command:Invoked command in '/home/azthorax/fra333_ws/build/dummy' returned '0': CMAKE_PREFIX_PATH=${CMAKE_PREFIX_PATH}:/opt/ros/foxy /usr/bin/cmake --build /home/azthorax/fra333_ws/build/dummy -- -j12 -l12
[0.696s] Level 1:colcon.colcon_core.environment:create_environment_scripts_only(fra333_lab1_25)
[0.699s] Level 1:colcon.colcon_core.environment:checking '/home/azthorax/fra333_ws/install/fra333_lab1_25' for CMake module files
[0.701s] Level 1:colcon.colcon_core.environment:checking '/home/azthorax/fra333_ws/install/fra333_lab1_25' for CMake config files
[0.701s] Level 1:colcon.colcon_core.shell:create_environment_hook('fra333_lab1_25', 'cmake_prefix_path')
[0.703s] INFO:colcon.colcon_core.shell:Creating environment hook '/home/azthorax/fra333_ws/install/fra333_lab1_25/share/fra333_lab1_25/hook/cmake_prefix_path.ps1'
[0.704s] INFO:colcon.colcon_core.shell:Creating environment descriptor '/home/azthorax/fra333_ws/install/fra333_lab1_25/share/fra333_lab1_25/hook/cmake_prefix_path.dsv'
[0.704s] INFO:colcon.colcon_core.shell:Creating environment hook '/home/azthorax/fra333_ws/install/fra333_lab1_25/share/fra333_lab1_25/hook/cmake_prefix_path.sh'
[0.705s] Level 1:colcon.colcon_core.environment:checking '/home/azthorax/fra333_ws/install/fra333_lab1_25/lib'
[0.705s] Level 1:colcon.colcon_core.environment:checking '/home/azthorax/fra333_ws/install/fra333_lab1_25/bin'
[0.705s] Level 1:colcon.colcon_core.environment:checking '/home/azthorax/fra333_ws/install/fra333_lab1_25/lib/pkgconfig/fra333_lab1_25.pc'
[0.705s] Level 1:colcon.colcon_core.environment:checking '/home/azthorax/fra333_ws/install/fra333_lab1_25/lib/python3.8/site-packages'
[0.705s] Level 1:colcon.colcon_core.shell:create_environment_hook('fra333_lab1_25', 'pythonpath')
[0.707s] INFO:colcon.colcon_core.shell:Creating environment hook '/home/azthorax/fra333_ws/install/fra333_lab1_25/share/fra333_lab1_25/hook/pythonpath.ps1'
[0.707s] INFO:colcon.colcon_core.shell:Creating environment descriptor '/home/azthorax/fra333_ws/install/fra333_lab1_25/share/fra333_lab1_25/hook/pythonpath.dsv'
[0.708s] INFO:colcon.colcon_core.shell:Creating environment hook '/home/azthorax/fra333_ws/install/fra333_lab1_25/share/fra333_lab1_25/hook/pythonpath.sh'
[0.708s] Level 1:colcon.colcon_core.environment:checking '/home/azthorax/fra333_ws/install/fra333_lab1_25/bin'
[0.710s] INFO:colcon.colcon_core.shell:Creating package script '/home/azthorax/fra333_ws/install/fra333_lab1_25/share/fra333_lab1_25/package.ps1'
[0.710s] INFO:colcon.colcon_core.shell:Creating package descriptor '/home/azthorax/fra333_ws/install/fra333_lab1_25/share/fra333_lab1_25/package.dsv'
[0.711s] INFO:colcon.colcon_core.shell:Creating package script '/home/azthorax/fra333_ws/install/fra333_lab1_25/share/fra333_lab1_25/package.sh'
[0.711s] INFO:colcon.colcon_core.shell:Creating package script '/home/azthorax/fra333_ws/install/fra333_lab1_25/share/fra333_lab1_25/package.bash'
[0.712s] INFO:colcon.colcon_core.shell:Creating package script '/home/azthorax/fra333_ws/install/fra333_lab1_25/share/fra333_lab1_25/package.zsh'
[0.712s] Level 1:colcon.colcon_core.environment:create_file_with_runtime_dependencies(/home/azthorax/fra333_ws/install/fra333_lab1_25/share/colcon-core/packages/fra333_lab1_25)
[0.714s] DEBUG:colcon.colcon_core.event_handler.log_command:Invoked command in '/home/azthorax/fra333_ws/build/my_first_package' returned '2': CMAKE_PREFIX_PATH=${CMAKE_PREFIX_PATH}:/opt/ros/foxy /usr/bin/cmake --build /home/azthorax/fra333_ws/build/my_first_package -- -j12 -l12
[0.720s] Level 1:colcon.colcon_core.environment:create_environment_scripts_only(cocoa_kinematics)
[0.722s] Level 1:colcon.colcon_core.environment:checking '/home/azthorax/fra333_ws/install/cocoa_kinematics' for CMake module files
[0.723s] Level 1:colcon.colcon_core.environment:checking '/home/azthorax/fra333_ws/install/cocoa_kinematics' for CMake config files
[0.723s] Level 1:colcon.colcon_core.shell:create_environment_hook('cocoa_kinematics', 'cmake_prefix_path')
[0.725s] INFO:colcon.colcon_core.shell:Creating environment hook '/home/azthorax/fra333_ws/install/cocoa_kinematics/share/cocoa_kinematics/hook/cmake_prefix_path.ps1'
[0.725s] INFO:colcon.colcon_core.shell:Creating environment descriptor '/home/azthorax/fra333_ws/install/cocoa_kinematics/share/cocoa_kinematics/hook/cmake_prefix_path.dsv'
[0.726s] INFO:colcon.colcon_core.shell:Creating environment hook '/home/azthorax/fra333_ws/install/cocoa_kinematics/share/cocoa_kinematics/hook/cmake_prefix_path.sh'
[0.726s] Level 1:colcon.colcon_core.environment:checking '/home/azthorax/fra333_ws/install/cocoa_kinematics/lib'
[0.726s] Level 1:colcon.colcon_core.environment:checking '/home/azthorax/fra333_ws/install/cocoa_kinematics/bin'
[0.727s] Level 1:colcon.colcon_core.environment:checking '/home/azthorax/fra333_ws/install/cocoa_kinematics/lib/pkgconfig/cocoa_kinematics.pc'
[0.727s] Level 1:colcon.colcon_core.environment:checking '/home/azthorax/fra333_ws/install/cocoa_kinematics/lib/python3.8/site-packages'
[0.727s] Level 1:colcon.colcon_core.shell:create_environment_hook('cocoa_kinematics', 'pythonpath')
[0.728s] INFO:colcon.colcon_core.shell:Creating environment hook '/home/azthorax/fra333_ws/install/cocoa_kinematics/share/cocoa_kinematics/hook/pythonpath.ps1'
[0.729s] INFO:colcon.colcon_core.shell:Creating environment descriptor '/home/azthorax/fra333_ws/install/cocoa_kinematics/share/cocoa_kinematics/hook/pythonpath.dsv'
[0.729s] INFO:colcon.colcon_core.shell:Creating environment hook '/home/azthorax/fra333_ws/install/cocoa_kinematics/share/cocoa_kinematics/hook/pythonpath.sh'
[0.730s] Level 1:colcon.colcon_core.environment:checking '/home/azthorax/fra333_ws/install/cocoa_kinematics/bin'
[0.731s] INFO:colcon.colcon_core.shell:Creating package script '/home/azthorax/fra333_ws/install/cocoa_kinematics/share/cocoa_kinematics/package.ps1'
[0.732s] INFO:colcon.colcon_core.shell:Creating package descriptor '/home/azthorax/fra333_ws/install/cocoa_kinematics/share/cocoa_kinematics/package.dsv'
[0.733s] INFO:colcon.colcon_core.shell:Creating package script '/home/azthorax/fra333_ws/install/cocoa_kinematics/share/cocoa_kinematics/package.sh'
[0.733s] INFO:colcon.colcon_core.shell:Creating package script '/home/azthorax/fra333_ws/install/cocoa_kinematics/share/cocoa_kinematics/package.bash'
[0.734s] INFO:colcon.colcon_core.shell:Creating package script '/home/azthorax/fra333_ws/install/cocoa_kinematics/share/cocoa_kinematics/package.zsh'
[0.734s] Level 1:colcon.colcon_core.environment:create_file_with_runtime_dependencies(/home/azthorax/fra333_ws/install/cocoa_kinematics/share/colcon-core/packages/cocoa_kinematics)
[0.739s] DEBUG:colcon.colcon_core.event_handler.log_command:Invoking command in '/home/azthorax/fra333_ws/build/dummy': CMAKE_PREFIX_PATH=${CMAKE_PREFIX_PATH}:/opt/ros/foxy /usr/bin/cmake --install /home/azthorax/fra333_ws/build/dummy
[0.828s] Level 1:colcon.colcon_core.environment:create_environment_scripts_only(dummy)
[0.831s] Level 1:colcon.colcon_core.environment:checking '/home/azthorax/fra333_ws/install/dummy' for CMake module files
[0.832s] DEBUG:colcon.colcon_core.event_handler.log_command:Invoked command in '/home/azthorax/fra333_ws/build/dummy' returned '0': CMAKE_PREFIX_PATH=${CMAKE_PREFIX_PATH}:/opt/ros/foxy /usr/bin/cmake --install /home/azthorax/fra333_ws/build/dummy
[0.832s] Level 1:colcon.colcon_core.environment:checking '/home/azthorax/fra333_ws/install/dummy' for CMake config files
[0.833s] Level 1:colcon.colcon_core.shell:create_environment_hook('dummy', 'cmake_prefix_path')
[0.835s] INFO:colcon.colcon_core.shell:Creating environment hook '/home/azthorax/fra333_ws/install/dummy/share/dummy/hook/cmake_prefix_path.ps1'
[0.836s] INFO:colcon.colcon_core.shell:Creating environment descriptor '/home/azthorax/fra333_ws/install/dummy/share/dummy/hook/cmake_prefix_path.dsv'
[0.836s] INFO:colcon.colcon_core.shell:Creating environment hook '/home/azthorax/fra333_ws/install/dummy/share/dummy/hook/cmake_prefix_path.sh'
[0.837s] Level 1:colcon.colcon_core.environment:checking '/home/azthorax/fra333_ws/install/dummy/lib'
[0.837s] Level 1:colcon.colcon_core.environment:checking '/home/azthorax/fra333_ws/install/dummy/bin'
[0.837s] Level 1:colcon.colcon_core.environment:checking '/home/azthorax/fra333_ws/install/dummy/lib/pkgconfig/dummy.pc'
[0.838s] Level 1:colcon.colcon_core.environment:checking '/home/azthorax/fra333_ws/install/dummy/lib/python3.8/site-packages'
[0.838s] Level 1:colcon.colcon_core.shell:create_environment_hook('dummy', 'pythonpath')
[0.840s] INFO:colcon.colcon_core.shell:Creating environment hook '/home/azthorax/fra333_ws/install/dummy/share/dummy/hook/pythonpath.ps1'
[0.841s] INFO:colcon.colcon_core.shell:Creating environment descriptor '/home/azthorax/fra333_ws/install/dummy/share/dummy/hook/pythonpath.dsv'
[0.841s] INFO:colcon.colcon_core.shell:Creating environment hook '/home/azthorax/fra333_ws/install/dummy/share/dummy/hook/pythonpath.sh'
[0.842s] Level 1:colcon.colcon_core.environment:checking '/home/azthorax/fra333_ws/install/dummy/bin'
[0.844s] INFO:colcon.colcon_core.shell:Creating package script '/home/azthorax/fra333_ws/install/dummy/share/dummy/package.ps1'
[0.845s] INFO:colcon.colcon_core.shell:Creating package descriptor '/home/azthorax/fra333_ws/install/dummy/share/dummy/package.dsv'
[0.846s] INFO:colcon.colcon_core.shell:Creating package script '/home/azthorax/fra333_ws/install/dummy/share/dummy/package.sh'
[0.846s] INFO:colcon.colcon_core.shell:Creating package script '/home/azthorax/fra333_ws/install/dummy/share/dummy/package.bash'
[0.847s] INFO:colcon.colcon_core.shell:Creating package script '/home/azthorax/fra333_ws/install/dummy/share/dummy/package.zsh'
[0.847s] Level 1:colcon.colcon_core.environment:create_file_with_runtime_dependencies(/home/azthorax/fra333_ws/install/dummy/share/colcon-core/packages/dummy)
[0.890s] Level 1:colcon.colcon_core.environment:create_environment_scripts_only(dummy)
[0.893s] Level 1:colcon.colcon_core.environment:checking '/home/azthorax/fra333_ws/install/dummy' for CMake module files
[0.894s] Level 1:colcon.colcon_core.environment:checking '/home/azthorax/fra333_ws/install/dummy' for CMake config files
[0.895s] Level 1:colcon.colcon_core.shell:create_environment_hook('dummy', 'cmake_prefix_path')
[0.897s] INFO:colcon.colcon_core.shell:Creating environment hook '/home/azthorax/fra333_ws/install/dummy/share/dummy/hook/cmake_prefix_path.ps1'
[0.898s] INFO:colcon.colcon_core.shell:Creating environment descriptor '/home/azthorax/fra333_ws/install/dummy/share/dummy/hook/cmake_prefix_path.dsv'
[0.898s] INFO:colcon.colcon_core.shell:Creating environment hook '/home/azthorax/fra333_ws/install/dummy/share/dummy/hook/cmake_prefix_path.sh'
[0.899s] Level 1:colcon.colcon_core.environment:checking '/home/azthorax/fra333_ws/install/dummy/lib'
[0.900s] Level 1:colcon.colcon_core.environment:checking '/home/azthorax/fra333_ws/install/dummy/bin'
[0.900s] Level 1:colcon.colcon_core.environment:checking '/home/azthorax/fra333_ws/install/dummy/lib/pkgconfig/dummy.pc'
[0.900s] Level 1:colcon.colcon_core.environment:checking '/home/azthorax/fra333_ws/install/dummy/lib/python3.8/site-packages'
[0.900s] Level 1:colcon.colcon_core.shell:create_environment_hook('dummy', 'pythonpath')
[0.902s] INFO:colcon.colcon_core.shell:Creating environment hook '/home/azthorax/fra333_ws/install/dummy/share/dummy/hook/pythonpath.ps1'
[0.903s] INFO:colcon.colcon_core.shell:Creating environment descriptor '/home/azthorax/fra333_ws/install/dummy/share/dummy/hook/pythonpath.dsv'
[0.904s] INFO:colcon.colcon_core.shell:Creating environment hook '/home/azthorax/fra333_ws/install/dummy/share/dummy/hook/pythonpath.sh'
[0.904s] Level 1:colcon.colcon_core.environment:checking '/home/azthorax/fra333_ws/install/dummy/bin'
[0.908s] INFO:colcon.colcon_core.shell:Creating package script '/home/azthorax/fra333_ws/install/dummy/share/dummy/package.ps1'
[0.908s] INFO:colcon.colcon_core.shell:Creating package descriptor '/home/azthorax/fra333_ws/install/dummy/share/dummy/package.dsv'
[0.909s] INFO:colcon.colcon_core.shell:Creating package script '/home/azthorax/fra333_ws/install/dummy/share/dummy/package.sh'
[0.910s] INFO:colcon.colcon_core.shell:Creating package script '/home/azthorax/fra333_ws/install/dummy/share/dummy/package.bash'
[0.911s] INFO:colcon.colcon_core.shell:Creating package script '/home/azthorax/fra333_ws/install/dummy/share/dummy/package.zsh'
[0.912s] Level 1:colcon.colcon_core.environment:create_file_with_runtime_dependencies(/home/azthorax/fra333_ws/install/dummy/share/colcon-core/packages/dummy)
[0.961s] Level 1:colcon.colcon_core.environment:create_environment_scripts_only(my_first_package)
[0.964s] Level 1:colcon.colcon_core.environment:checking '/home/azthorax/fra333_ws/install/my_first_package' for CMake module files
[0.965s] Level 1:colcon.colcon_core.environment:checking '/home/azthorax/fra333_ws/install/my_first_package' for CMake config files
[0.966s] Level 1:colcon.colcon_core.shell:create_environment_hook('my_first_package', 'cmake_prefix_path')
[0.969s] INFO:colcon.colcon_core.shell:Creating environment hook '/home/azthorax/fra333_ws/install/my_first_package/share/my_first_package/hook/cmake_prefix_path.ps1'
[0.970s] INFO:colcon.colcon_core.shell:Creating environment descriptor '/home/azthorax/fra333_ws/install/my_first_package/share/my_first_package/hook/cmake_prefix_path.dsv'
[0.970s] INFO:colcon.colcon_core.shell:Creating environment hook '/home/azthorax/fra333_ws/install/my_first_package/share/my_first_package/hook/cmake_prefix_path.sh'
[0.971s] Level 1:colcon.colcon_core.environment:checking '/home/azthorax/fra333_ws/install/my_first_package/lib'
[0.972s] Level 1:colcon.colcon_core.shell:create_environment_hook('my_first_package', 'ld_library_path_lib')
[0.973s] INFO:colcon.colcon_core.shell:Creating environment hook '/home/azthorax/fra333_ws/install/my_first_package/share/my_first_package/hook/ld_library_path_lib.ps1'
[0.974s] INFO:colcon.colcon_core.shell:Creating environment descriptor '/home/azthorax/fra333_ws/install/my_first_package/share/my_first_package/hook/ld_library_path_lib.dsv'
[0.975s] INFO:colcon.colcon_core.shell:Creating environment hook '/home/azthorax/fra333_ws/install/my_first_package/share/my_first_package/hook/ld_library_path_lib.sh'
[0.975s] Level 1:colcon.colcon_core.environment:checking '/home/azthorax/fra333_ws/install/my_first_package/bin'
[0.976s] Level 1:colcon.colcon_core.environment:checking '/home/azthorax/fra333_ws/install/my_first_package/lib/pkgconfig/my_first_package.pc'
[0.976s] Level 1:colcon.colcon_core.environment:checking '/home/azthorax/fra333_ws/install/my_first_package/lib/python3.8/site-packages'
[0.976s] Level 1:colcon.colcon_core.shell:create_environment_hook('my_first_package', 'pythonpath')
[0.979s] INFO:colcon.colcon_core.shell:Creating environment hook '/home/azthorax/fra333_ws/install/my_first_package/share/my_first_package/hook/pythonpath.ps1'
[0.979s] INFO:colcon.colcon_core.shell:Creating environment descriptor '/home/azthorax/fra333_ws/install/my_first_package/share/my_first_package/hook/pythonpath.dsv'
[0.980s] INFO:colcon.colcon_core.shell:Creating environment hook '/home/azthorax/fra333_ws/install/my_first_package/share/my_first_package/hook/pythonpath.sh'
[0.981s] Level 1:colcon.colcon_core.environment:checking '/home/azthorax/fra333_ws/install/my_first_package/bin'
[0.984s] INFO:colcon.colcon_core.shell:Creating package script '/home/azthorax/fra333_ws/install/my_first_package/share/my_first_package/package.ps1'
[0.985s] INFO:colcon.colcon_core.shell:Creating package descriptor '/home/azthorax/fra333_ws/install/my_first_package/share/my_first_package/package.dsv'
[0.986s] INFO:colcon.colcon_core.shell:Creating package script '/home/azthorax/fra333_ws/install/my_first_package/share/my_first_package/package.sh'
[0.987s] INFO:colcon.colcon_core.shell:Creating package script '/home/azthorax/fra333_ws/install/my_first_package/share/my_first_package/package.bash'
[0.987s] INFO:colcon.colcon_core.shell:Creating package script '/home/azthorax/fra333_ws/install/my_first_package/share/my_first_package/package.zsh'
[0.989s] Level 1:colcon.colcon_core.environment:create_file_with_runtime_dependencies(/home/azthorax/fra333_ws/install/my_first_package/share/colcon-core/packages/my_first_package)
[5.558s] DEBUG:colcon.colcon_parallel_executor.executor.parallel:closing loop
[5.558s] DEBUG:colcon.colcon_parallel_executor.executor.parallel:loop closed
[5.558s] DEBUG:colcon.colcon_parallel_executor.executor.parallel:run_until_complete finished with '2'
[5.558s] DEBUG:colcon.colcon_core.event_reactor:joining thread
[5.574s] INFO:colcon.colcon_core.plugin_system:Skipping extension 'colcon_notification.desktop_notification.terminal_notifier': Not used on non-Darwin systems
[5.574s] INFO:colcon.colcon_core.plugin_system:Skipping extension 'colcon_notification.desktop_notification.win32': Not used on non-Windows systems
[5.574s] INFO:colcon.colcon_notification.desktop_notification:Sending desktop notification using 'notify2'
[5.590s] DEBUG:colcon.colcon_core.event_reactor:joined thread
[5.593s] INFO:colcon.colcon_core.shell:Creating prefix script '/home/azthorax/fra333_ws/install/local_setup.ps1'
[5.595s] INFO:colcon.colcon_core.shell:Creating prefix util module '/home/azthorax/fra333_ws/install/_local_setup_util_ps1.py'
[5.597s] INFO:colcon.colcon_core.shell:Creating prefix chain script '/home/azthorax/fra333_ws/install/setup.ps1'
[5.600s] INFO:colcon.colcon_core.shell:Creating prefix script '/home/azthorax/fra333_ws/install/local_setup.sh'
[5.601s] INFO:colcon.colcon_core.shell:Creating prefix util module '/home/azthorax/fra333_ws/install/_local_setup_util_sh.py'
[5.601s] INFO:colcon.colcon_core.shell:Creating prefix chain script '/home/azthorax/fra333_ws/install/setup.sh'
[5.604s] INFO:colcon.colcon_core.shell:Creating prefix script '/home/azthorax/fra333_ws/install/local_setup.bash'
[5.605s] INFO:colcon.colcon_core.shell:Creating prefix chain script '/home/azthorax/fra333_ws/install/setup.bash'
[5.607s] INFO:colcon.colcon_core.shell:Creating prefix script '/home/azthorax/fra333_ws/install/local_setup.zsh'
[5.608s] INFO:colcon.colcon_core.shell:Creating prefix chain script '/home/azthorax/fra333_ws/install/setup.zsh'
