[0.100s] Invoking command in '/home/azthorax/fra333_ws/build/cocoav_description': CMAKE_PREFIX_PATH=${CMAKE_PREFIX_PATH}:/opt/ros/foxy /usr/bin/cmake /home/azthorax/fra333_ws/src/fra333_lab3_25_v1/cocoav_description -DCMAKE_INSTALL_PREFIX=/home/azthorax/fra333_ws/install/cocoav_description
[0.153s] -- Found ament_cmake: 0.9.11 (/opt/ros/foxy/share/ament_cmake/cmake)
[0.154s] -- Using PYTHON_EXECUTABLE: /usr/bin/python3
[0.475s] -- Override CMake install command with custom implementation using symlinks instead of copying resources
[0.483s] -- Found rclcpp: 2.4.2 (/opt/ros/foxy/share/rclcpp/cmake)
[0.544s] -- Using all available rosidl_typesupport_c: rosidl_typesupport_fastrtps_c;rosidl_typesupport_introspection_c
[0.549s] -- Found rosidl_adapter: 1.3.0 (/opt/ros/foxy/share/rosidl_adapter/cmake)
[0.714s] -- Using all available rosidl_typesupport_cpp: rosidl_typesupport_fastrtps_cpp;rosidl_typesupport_introspection_cpp
[0.791s] -- Found rmw_implementation_cmake: 1.0.3 (/opt/ros/foxy/share/rmw_implementation_cmake/cmake)
[0.794s] -- Using RMW implementation 'rmw_fastrtps_cpp' as default
[0.999s] -- Found rclpy: 1.0.11 (/opt/ros/foxy/share/rclpy/cmake)
[1.100s] -- Configuring done
[1.118s] -- Generating done
[1.120s] -- Build files have been written to: /home/azthorax/fra333_ws/build/cocoav_description
[1.137s] Invoked command in '/home/azthorax/fra333_ws/build/cocoav_description' returned '0': CMAKE_PREFIX_PATH=${CMAKE_PREFIX_PATH}:/opt/ros/foxy /usr/bin/cmake /home/azthorax/fra333_ws/src/fra333_lab3_25_v1/cocoav_description -DCMAKE_INSTALL_PREFIX=/home/azthorax/fra333_ws/install/cocoav_description
[1.138s] Invoking command in '/home/azthorax/fra333_ws/build/cocoav_description': CMAKE_PREFIX_PATH=${CMAKE_PREFIX_PATH}:/opt/ros/foxy /usr/bin/cmake --build /home/azthorax/fra333_ws/build/cocoav_description -- -j12 -l12
[1.187s] Invoked command in '/home/azthorax/fra333_ws/build/cocoav_description' returned '0': CMAKE_PREFIX_PATH=${CMAKE_PREFIX_PATH}:/opt/ros/foxy /usr/bin/cmake --build /home/azthorax/fra333_ws/build/cocoav_description -- -j12 -l12
[1.242s] Invoking command in '/home/azthorax/fra333_ws/build/cocoav_description': CMAKE_PREFIX_PATH=${CMAKE_PREFIX_PATH}:/opt/ros/foxy /usr/bin/cmake --install /home/azthorax/fra333_ws/build/cocoav_description
[1.269s] -- Install configuration: ""
[1.269s] -- Execute custom install script
[1.269s] -- Up-to-date symlink: /home/azthorax/fra333_ws/install/cocoav_description/share/cocoav_description/environment/pythonpath.sh
[1.269s] -- Up-to-date symlink: /home/azthorax/fra333_ws/install/cocoav_description/share/cocoav_description/environment/pythonpath.dsv
[1.269s] -- Up-to-date symlink: /home/azthorax/fra333_ws/install/cocoav_description/lib/python3.8/site-packages/cocoav_description/__init__.py
[1.270s] -- Up-to-date symlink: /home/azthorax/fra333_ws/install/cocoav_description/share/cocoav_description/meshes/end_effector.stl
[1.270s] -- Up-to-date symlink: /home/azthorax/fra333_ws/install/cocoav_description/share/cocoav_description/meshes/link_0.stl
[1.270s] -- Up-to-date symlink: /home/azthorax/fra333_ws/install/cocoav_description/share/cocoav_description/meshes/link_1.stl
[1.270s] -- Up-to-date symlink: /home/azthorax/fra333_ws/install/cocoav_description/share/cocoav_description/meshes/link_1c.stl
[1.270s] -- Up-to-date symlink: /home/azthorax/fra333_ws/install/cocoav_description/share/cocoav_description/meshes/link_2.stl
[1.270s] -- Up-to-date symlink: /home/azthorax/fra333_ws/install/cocoav_description/share/cocoav_description/meshes/link_3.stl
[1.270s] -- Up-to-date symlink: /home/azthorax/fra333_ws/install/cocoav_description/share/cocoav_description/meshes/link_3c.stl
[1.270s] -- Up-to-date symlink: /home/azthorax/fra333_ws/install/cocoav_description/share/cocoav_description/robot/cocoav_gazebo.xacro
[1.270s] -- Up-to-date symlink: /home/azthorax/fra333_ws/install/cocoav_description/share/cocoav_description/robot/cocoav_include.xacro
[1.270s] -- Up-to-date symlink: /home/azthorax/fra333_ws/install/cocoav_description/share/cocoav_description/robot/cocoav_robot.urdf.xacro
[1.270s] -- Up-to-date symlink: /home/azthorax/fra333_ws/install/cocoav_description/share/cocoav_description/launch/display_gazebo.launch.py
[1.271s] -- Up-to-date symlink: /home/azthorax/fra333_ws/install/cocoav_description/share/cocoav_description/config/cocoa_controllers.yaml
[1.271s] -- Up-to-date symlink: /home/azthorax/fra333_ws/install/cocoav_description/share/cocoav_description/config/cocoav.rviz
[1.271s] -- Up-to-date symlink: /home/azthorax/fra333_ws/install/cocoav_description/share/ament_index/resource_index/package_run_dependencies/cocoav_description
[1.271s] -- Up-to-date symlink: /home/azthorax/fra333_ws/install/cocoav_description/share/ament_index/resource_index/parent_prefix_path/cocoav_description
[1.271s] -- Up-to-date symlink: /home/azthorax/fra333_ws/install/cocoav_description/share/cocoav_description/environment/ament_prefix_path.sh
[1.271s] -- Up-to-date symlink: /home/azthorax/fra333_ws/install/cocoav_description/share/cocoav_description/environment/ament_prefix_path.dsv
[1.271s] -- Up-to-date symlink: /home/azthorax/fra333_ws/install/cocoav_description/share/cocoav_description/environment/path.sh
[1.271s] -- Up-to-date symlink: /home/azthorax/fra333_ws/install/cocoav_description/share/cocoav_description/environment/path.dsv
[1.271s] -- Up-to-date symlink: /home/azthorax/fra333_ws/install/cocoav_description/share/cocoav_description/local_setup.bash
[1.271s] -- Up-to-date symlink: /home/azthorax/fra333_ws/install/cocoav_description/share/cocoav_description/local_setup.sh
[1.271s] -- Up-to-date symlink: /home/azthorax/fra333_ws/install/cocoav_description/share/cocoav_description/local_setup.zsh
[1.271s] -- Up-to-date symlink: /home/azthorax/fra333_ws/install/cocoav_description/share/cocoav_description/local_setup.dsv
[1.272s] -- Symlinking: /home/azthorax/fra333_ws/install/cocoav_description/share/cocoav_description/package.dsv
[1.280s] -- Up-to-date symlink: /home/azthorax/fra333_ws/install/cocoav_description/share/ament_index/resource_index/packages/cocoav_description
[1.281s] -- Up-to-date symlink: /home/azthorax/fra333_ws/install/cocoav_description/share/cocoav_description/cmake/cocoav_descriptionConfig.cmake
[1.281s] -- Up-to-date symlink: /home/azthorax/fra333_ws/install/cocoav_description/share/cocoav_description/cmake/cocoav_descriptionConfig-version.cmake
[1.281s] -- Up-to-date symlink: /home/azthorax/fra333_ws/install/cocoav_description/share/cocoav_description/package.xml
[1.318s] Listing '/home/azthorax/fra333_ws/install/cocoav_description/lib/python3.8/site-packages/cocoav_description'...
[1.359s] Invoked command in '/home/azthorax/fra333_ws/build/cocoav_description' returned '0': CMAKE_PREFIX_PATH=${CMAKE_PREFIX_PATH}:/opt/ros/foxy /usr/bin/cmake --install /home/azthorax/fra333_ws/build/cocoav_description
