-- Found ament_cmake: 0.9.9 (/opt/ros/foxy/share/ament_cmake/cmake)
-- Using PYTHON_EXECUTABLE: /usr/bin/python3
-- Override CMake install command with custom implementation using symlinks instead of copying resources
-- Found rclcpp: 2.4.1 (/opt/ros/foxy/share/rclcpp/cmake)
-- Using all available rosidl_typesupport_c: rosidl_typesupport_fastrtps_c;rosidl_typesupport_introspection_c
-- Found rosidl_adapter: 1.2.1 (/opt/ros/foxy/share/rosidl_adapter/cmake)
-- Using all available rosidl_typesupport_cpp: rosidl_typesupport_fastrtps_cpp;rosidl_typesupport_introspection_cpp
-- Found rmw_implementation_cmake: 1.0.3 (/opt/ros/foxy/share/rmw_implementation_cmake/cmake)
-- Using RMW implementation 'rmw_fastrtps_cpp' as default
-- Found rclpy: 1.0.8 (/opt/ros/foxy/share/rclpy/cmake)
-- Configuring done
-- Generating done
-- Build files have been written to: /home/azthorax/fra333_ws/build/cocoa_kinematics
-- Install configuration: ""
-- Execute custom install script
-- Symlinking: /home/azthorax/fra333_ws/install/cocoa_kinematics/share/cocoa_kinematics/environment/pythonpath.sh
-- Symlinking: /home/azthorax/fra333_ws/install/cocoa_kinematics/share/cocoa_kinematics/environment/pythonpath.dsv
-- Symlinking: /home/azthorax/fra333_ws/install/cocoa_kinematics/lib/python3.8/site-packages/cocoa_kinematics/__init__.py
-- Symlinking: /home/azthorax/fra333_ws/install/cocoa_kinematics/lib/python3.8/site-packages/cocoa_kinematics/cocoa_module.py
CMake Error at ament_cmake_symlink_install/ament_cmake_symlink_install.cmake:204 (message):
  ament_cmake_symlink_install_programs() can't find
  '/home/azthorax/fra333_ws/src/fra333_lab2_25_v1/cocoa_kinematics/scripts/dummy_script.py'
Call Stack (most recent call first):
  ament_cmake_symlink_install/ament_cmake_symlink_install.cmake:323 (ament_cmake_symlink_install_programs)
  cmake_install.cmake:41 (include)


