[0.067s] Invoking command in '/home/azthorax/fra333_ws/build/my_first_package': CMAKE_PREFIX_PATH=${CMAKE_PREFIX_PATH}:/opt/ros/foxy /usr/bin/cmake --build /home/azthorax/fra333_ws/build/my_first_package -- -j12 -l12
[0.107s] -- Found rosidl_default_generators: 1.0.1 (/opt/ros/foxy/share/rosidl_default_generators/cmake)
[0.110s] -- Found ament_cmake_core: 0.9.9 (/opt/ros/foxy/share/ament_cmake_core/cmake)
[0.146s] -- Found PythonInterp: /usr/bin/python3 (found suitable version "3.8.10", minimum required is "3") 
[0.146s] -- Using PYTHON_EXECUTABLE: /usr/bin/python3
[0.373s] -- Override CMake install command with custom implementation using symlinks instead of copying resources
[0.380s] -- Using all available rosidl_typesupport_c: rosidl_typesupport_fastrtps_c;rosidl_typesupport_introspection_c
[0.394s] -- Found rosidl_adapter: 1.2.1 (/opt/ros/foxy/share/rosidl_adapter/cmake)
[0.587s] -- Using all available rosidl_typesupport_cpp: rosidl_typesupport_fastrtps_cpp;rosidl_typesupport_introspection_cpp
[0.618s] -- Found geometry_msgs: 2.0.5 (/opt/ros/foxy/share/geometry_msgs/cmake)
[0.699s] -- Found rclcpp: 2.4.1 (/opt/ros/foxy/share/rclcpp/cmake)
[0.746s] -- Found rmw_implementation_cmake: 1.0.3 (/opt/ros/foxy/share/rmw_implementation_cmake/cmake)
[0.751s] -- Using RMW implementation 'rmw_fastrtps_cpp' as default
[0.900s] -- Found rclpy: 1.0.8 (/opt/ros/foxy/share/rclpy/cmake)
[0.931s] -- Found PythonInterp: /usr/bin/python3 (found version "3.8.10") 
[1.219s] -- Found ament_cmake_ros: 0.9.2 (/opt/ros/foxy/share/ament_cmake_ros/cmake)
[1.484s] -- Using all available rosidl_typesupport_c: rosidl_typesupport_fastrtps_c;rosidl_typesupport_introspection_c
[1.594s] -- Using all available rosidl_typesupport_cpp: rosidl_typesupport_fastrtps_cpp;rosidl_typesupport_introspection_cpp
[1.623s] -- Found PythonInterp: /usr/bin/python3 (found suitable version "3.8.10", minimum required is "3.5") 
[1.624s] -- Found python_cmake_module: 0.8.1 (/opt/ros/foxy/share/python_cmake_module/cmake)
[1.656s] -- Using PYTHON_EXECUTABLE: /usr/bin/python3
[1.656s] -- Using PYTHON_INCLUDE_DIRS: /usr/include/python3.8
[1.656s] -- Using PYTHON_LIBRARIES: /usr/lib/x86_64-linux-gnu/libpython3.8.so
[1.739s] -- Configuring done
[1.828s] -- Generating done
[1.833s] -- Build files have been written to: /home/azthorax/fra333_ws/build/my_first_package
[1.875s] [  1%] Built target my_first_package__cpp
[1.879s] [  3%] Built target cpp_node_test
[1.885s] [ 14%] Built target my_first_package__rosidl_generator_c
[1.901s] [ 37%] Built target my_first_package__rosidl_typesupport_cpp
[1.901s] [ 36%] Built target my_first_package__rosidl_typesupport_introspection_cpp
[1.907s] [ 48%] Built target my_first_package__rosidl_typesupport_fastrtps_cpp
[1.909s] [ 59%] Built target my_first_package__rosidl_typesupport_c
[1.910s] [ 71%] Built target my_first_package__rosidl_typesupport_introspection_c
[1.943s] [ 82%] Built target my_first_package__rosidl_typesupport_fastrtps_c
[1.970s] [ 82%] Built target my_first_package
[1.999s] [ 83%] Built target my_first_package__py
[2.046s] [ 93%] Built target my_first_package__python
[2.077s] [ 97%] Built target my_first_package__rosidl_typesupport_c__pyext
[2.077s] [ 97%] Built target my_first_package__rosidl_typesupport_fastrtps_c__pyext
[2.085s] [100%] Built target my_first_package__rosidl_typesupport_introspection_c__pyext
[2.103s] Invoked command in '/home/azthorax/fra333_ws/build/my_first_package' returned '0': CMAKE_PREFIX_PATH=${CMAKE_PREFIX_PATH}:/opt/ros/foxy /usr/bin/cmake --build /home/azthorax/fra333_ws/build/my_first_package -- -j12 -l12
[2.289s] Invoking command in '/home/azthorax/fra333_ws/build/my_first_package': CMAKE_PREFIX_PATH=${CMAKE_PREFIX_PATH}:/opt/ros/foxy /usr/bin/cmake --install /home/azthorax/fra333_ws/build/my_first_package
[2.303s] -- Install configuration: ""
[2.303s] -- Execute custom install script
[2.303s] -- Up-to-date symlink: /home/azthorax/fra333_ws/install/my_first_package/share/my_first_package/environment/pythonpath.sh
[2.304s] -- Up-to-date symlink: /home/azthorax/fra333_ws/install/my_first_package/share/my_first_package/environment/pythonpath.dsv
[2.304s] -- Symlinking: /home/azthorax/fra333_ws/install/my_first_package/lib/python3.8/site-packages/my_first_package/__init__.py
[2.316s] -- Up-to-date symlink: /home/azthorax/fra333_ws/install/my_first_package/lib/my_first_package/01_pub.py
[2.316s] -- Up-to-date symlink: /home/azthorax/fra333_ws/install/my_first_package/lib/my_first_package/01_sub.py
[2.316s] -- Up-to-date symlink: /home/azthorax/fra333_ws/install/my_first_package/lib/my_first_package/02_controller.py
[2.316s] -- Up-to-date symlink: /home/azthorax/fra333_ws/install/my_first_package/lib/my_first_package/02_scheduler.py
[2.317s] -- Up-to-date symlink: /home/azthorax/fra333_ws/install/my_first_package/lib/my_first_package/03_turtle_tf2_broadcaster.py
[2.317s] -- Up-to-date symlink: /home/azthorax/fra333_ws/install/my_first_package/lib/my_first_package/04_state_pub.py
[2.317s] -- Up-to-date symlink: /home/azthorax/fra333_ws/install/my_first_package/lib/my_first_package/athsub.py
[2.317s] -- Up-to-date symlink: /home/azthorax/fra333_ws/install/my_first_package/lib/my_first_package/athpub.py
[2.317s] -- Up-to-date symlink: /home/azthorax/fra333_ws/install/my_first_package/lib/my_first_package/athactpub.py
[2.317s] -- Up-to-date symlink: /home/azthorax/fra333_ws/install/my_first_package/lib/my_first_package/athactsub.py
[2.318s] -- Up-to-date symlink: /home/azthorax/fra333_ws/install/my_first_package/lib/my_first_package/athtf2pub.py
[2.318s] -- Up-to-date symlink: /home/azthorax/fra333_ws/install/my_first_package/lib/my_first_package/athtf2sub.py
[2.318s] -- Up-to-date symlink: /home/azthorax/fra333_ws/install/my_first_package/lib/my_first_package/athtf2frame.py
[2.318s] -- Up-to-date symlink: /home/azthorax/fra333_ws/install/my_first_package/lib/my_first_package/athtf2dframe.py
[2.318s] -- Up-to-date symlink: /home/azthorax/fra333_ws/install/my_first_package/lib/my_first_package/athmsgfilterpub.py
[2.318s] -- Up-to-date symlink: /home/azthorax/fra333_ws/install/my_first_package/lib/my_first_package/athmsgfiltersub.py
[2.318s] -- Up-to-date symlink: /home/azthorax/fra333_ws/install/my_first_package/lib/my_first_package/athStatePublisher.py
[2.319s] -- Up-to-date symlink: /home/azthorax/fra333_ws/install/my_first_package/lib/my_first_package/velomulti.py
[2.319s] -- Up-to-date symlink: /home/azthorax/fra333_ws/install/my_first_package/lib/my_first_package/noisegen.py
[2.319s] -- Up-to-date symlink: /home/azthorax/fra333_ws/install/my_first_package/lib/my_first_package/cpp_node_test
[2.319s] -- Up-to-date symlink: /home/azthorax/fra333_ws/install/my_first_package/share/ament_index/resource_index/rosidl_interfaces/my_first_package
[2.321s] -- Up-to-date symlink: /home/azthorax/fra333_ws/install/my_first_package/include/my_first_package/action/detail/fibonacci__functions.h
[2.322s] -- Up-to-date symlink: /home/azthorax/fra333_ws/install/my_first_package/include/my_first_package/action/detail/fibonacci__struct.h
[2.322s] -- Up-to-date symlink: /home/azthorax/fra333_ws/install/my_first_package/include/my_first_package/action/detail/fibonacci__type_support.h
[2.322s] -- Up-to-date symlink: /home/azthorax/fra333_ws/install/my_first_package/include/my_first_package/action/fibonacci.h
[2.322s] -- Up-to-date symlink: /home/azthorax/fra333_ws/install/my_first_package/include/my_first_package/msg/add_book.h
[2.323s] -- Up-to-date symlink: /home/azthorax/fra333_ws/install/my_first_package/include/my_first_package/msg/detail/add_book__functions.h
[2.323s] -- Up-to-date symlink: /home/azthorax/fra333_ws/install/my_first_package/include/my_first_package/msg/detail/add_book__struct.h
[2.324s] -- Up-to-date symlink: /home/azthorax/fra333_ws/install/my_first_package/include/my_first_package/msg/detail/add_book__type_support.h
[2.324s] -- Up-to-date symlink: /home/azthorax/fra333_ws/install/my_first_package/include/my_first_package/msg/detail/num__functions.h
[2.324s] -- Up-to-date symlink: /home/azthorax/fra333_ws/install/my_first_package/include/my_first_package/msg/detail/num__struct.h
[2.325s] -- Up-to-date symlink: /home/azthorax/fra333_ws/install/my_first_package/include/my_first_package/msg/detail/num__type_support.h
[2.325s] -- Up-to-date symlink: /home/azthorax/fra333_ws/install/my_first_package/include/my_first_package/msg/detail/sphere__functions.h
[2.325s] -- Up-to-date symlink: /home/azthorax/fra333_ws/install/my_first_package/include/my_first_package/msg/detail/sphere__struct.h
[2.326s] -- Up-to-date symlink: /home/azthorax/fra333_ws/install/my_first_package/include/my_first_package/msg/detail/sphere__type_support.h
[2.326s] -- Up-to-date symlink: /home/azthorax/fra333_ws/install/my_first_package/include/my_first_package/msg/num.h
[2.326s] -- Up-to-date symlink: /home/azthorax/fra333_ws/install/my_first_package/include/my_first_package/msg/rosidl_generator_c__visibility_control.h
[2.327s] -- Up-to-date symlink: /home/azthorax/fra333_ws/install/my_first_package/include/my_first_package/msg/sphere.h
[2.327s] -- Up-to-date symlink: /home/azthorax/fra333_ws/install/my_first_package/include/my_first_package/srv/ath_sum.h
[2.328s] -- Up-to-date symlink: /home/azthorax/fra333_ws/install/my_first_package/include/my_first_package/srv/ath_sum3.h
[2.328s] -- Up-to-date symlink: /home/azthorax/fra333_ws/install/my_first_package/include/my_first_package/srv/detail/ath_sum3__functions.h
[2.328s] -- Up-to-date symlink: /home/azthorax/fra333_ws/install/my_first_package/include/my_first_package/srv/detail/ath_sum3__struct.h
[2.328s] -- Up-to-date symlink: /home/azthorax/fra333_ws/install/my_first_package/include/my_first_package/srv/detail/ath_sum3__type_support.h
[2.329s] -- Up-to-date symlink: /home/azthorax/fra333_ws/install/my_first_package/include/my_first_package/srv/detail/ath_sum__functions.h
[2.329s] -- Up-to-date symlink: /home/azthorax/fra333_ws/install/my_first_package/include/my_first_package/srv/detail/ath_sum__struct.h
[2.329s] -- Up-to-date symlink: /home/azthorax/fra333_ws/install/my_first_package/include/my_first_package/srv/detail/ath_sum__type_support.h
[2.329s] -- Up-to-date symlink: /home/azthorax/fra333_ws/install/my_first_package/include/my_first_package/srv/detail/rand_goal__functions.h
[2.329s] -- Up-to-date symlink: /home/azthorax/fra333_ws/install/my_first_package/include/my_first_package/srv/detail/rand_goal__struct.h
[2.329s] -- Up-to-date symlink: /home/azthorax/fra333_ws/install/my_first_package/include/my_first_package/srv/detail/rand_goal__type_support.h
[2.329s] -- Up-to-date symlink: /home/azthorax/fra333_ws/install/my_first_package/include/my_first_package/srv/detail/set_goal__functions.h
[2.330s] -- Up-to-date symlink: /home/azthorax/fra333_ws/install/my_first_package/include/my_first_package/srv/detail/set_goal__struct.h
[2.330s] -- Up-to-date symlink: /home/azthorax/fra333_ws/install/my_first_package/include/my_first_package/srv/detail/set_goal__type_support.h
[2.330s] -- Up-to-date symlink: /home/azthorax/fra333_ws/install/my_first_package/include/my_first_package/srv/detail/set_noise__functions.h
[2.330s] -- Up-to-date symlink: /home/azthorax/fra333_ws/install/my_first_package/include/my_first_package/srv/detail/set_noise__struct.h
[2.330s] -- Up-to-date symlink: /home/azthorax/fra333_ws/install/my_first_package/include/my_first_package/srv/detail/set_noise__type_support.h
[2.330s] -- Up-to-date symlink: /home/azthorax/fra333_ws/install/my_first_package/include/my_first_package/srv/rand_goal.h
[2.331s] -- Up-to-date symlink: /home/azthorax/fra333_ws/install/my_first_package/include/my_first_package/srv/set_goal.h
[2.331s] -- Up-to-date symlink: /home/azthorax/fra333_ws/install/my_first_package/include/my_first_package/srv/set_noise.h
[2.331s] -- Up-to-date symlink: /home/azthorax/fra333_ws/install/my_first_package/share/my_first_package/environment/library_path.sh
[2.331s] -- Up-to-date symlink: /home/azthorax/fra333_ws/install/my_first_package/share/my_first_package/environment/library_path.dsv
[2.331s] -- Up-to-date symlink: /home/azthorax/fra333_ws/install/my_first_package/include/my_first_package/action/detail/fibonacci__rosidl_typesupport_fastrtps_c.h
[2.332s] -- Up-to-date symlink: /home/azthorax/fra333_ws/install/my_first_package/include/my_first_package/msg/detail/add_book__rosidl_typesupport_fastrtps_c.h
[2.332s] -- Up-to-date symlink: /home/azthorax/fra333_ws/install/my_first_package/include/my_first_package/msg/detail/num__rosidl_typesupport_fastrtps_c.h
[2.332s] -- Up-to-date symlink: /home/azthorax/fra333_ws/install/my_first_package/include/my_first_package/msg/detail/sphere__rosidl_typesupport_fastrtps_c.h
[2.332s] -- Up-to-date symlink: /home/azthorax/fra333_ws/install/my_first_package/include/my_first_package/msg/rosidl_typesupport_fastrtps_c__visibility_control.h
[2.333s] -- Up-to-date symlink: /home/azthorax/fra333_ws/install/my_first_package/include/my_first_package/srv/detail/ath_sum3__rosidl_typesupport_fastrtps_c.h
[2.333s] -- Up-to-date symlink: /home/azthorax/fra333_ws/install/my_first_package/include/my_first_package/srv/detail/ath_sum__rosidl_typesupport_fastrtps_c.h
[2.333s] -- Up-to-date symlink: /home/azthorax/fra333_ws/install/my_first_package/include/my_first_package/srv/detail/rand_goal__rosidl_typesupport_fastrtps_c.h
[2.333s] -- Up-to-date symlink: /home/azthorax/fra333_ws/install/my_first_package/include/my_first_package/srv/detail/set_goal__rosidl_typesupport_fastrtps_c.h
[2.333s] -- Up-to-date symlink: /home/azthorax/fra333_ws/install/my_first_package/include/my_first_package/srv/detail/set_noise__rosidl_typesupport_fastrtps_c.h
[2.333s] -- Up-to-date symlink: /home/azthorax/fra333_ws/install/my_first_package/lib/libmy_first_package__rosidl_typesupport_fastrtps_c.so
[2.334s] -- Up-to-date symlink: /home/azthorax/fra333_ws/install/my_first_package/include/my_first_package/action/detail/fibonacci__rosidl_typesupport_fastrtps_cpp.hpp
[2.334s] -- Up-to-date symlink: /home/azthorax/fra333_ws/install/my_first_package/include/my_first_package/msg/detail/add_book__rosidl_typesupport_fastrtps_cpp.hpp
[2.334s] -- Up-to-date symlink: /home/azthorax/fra333_ws/install/my_first_package/include/my_first_package/msg/detail/num__rosidl_typesupport_fastrtps_cpp.hpp
[2.334s] -- Up-to-date symlink: /home/azthorax/fra333_ws/install/my_first_package/include/my_first_package/msg/detail/sphere__rosidl_typesupport_fastrtps_cpp.hpp
[2.335s] -- Up-to-date symlink: /home/azthorax/fra333_ws/install/my_first_package/include/my_first_package/msg/rosidl_typesupport_fastrtps_cpp__visibility_control.h
[2.335s] -- Up-to-date symlink: /home/azthorax/fra333_ws/install/my_first_package/include/my_first_package/srv/detail/ath_sum3__rosidl_typesupport_fastrtps_cpp.hpp
[2.335s] -- Up-to-date symlink: /home/azthorax/fra333_ws/install/my_first_package/include/my_first_package/srv/detail/ath_sum__rosidl_typesupport_fastrtps_cpp.hpp
[2.335s] -- Up-to-date symlink: /home/azthorax/fra333_ws/install/my_first_package/include/my_first_package/srv/detail/rand_goal__rosidl_typesupport_fastrtps_cpp.hpp
[2.335s] -- Up-to-date symlink: /home/azthorax/fra333_ws/install/my_first_package/include/my_first_package/srv/detail/set_goal__rosidl_typesupport_fastrtps_cpp.hpp
[2.336s] -- Up-to-date symlink: /home/azthorax/fra333_ws/install/my_first_package/include/my_first_package/srv/detail/set_noise__rosidl_typesupport_fastrtps_cpp.hpp
[2.336s] -- Up-to-date symlink: /home/azthorax/fra333_ws/install/my_first_package/lib/libmy_first_package__rosidl_typesupport_fastrtps_cpp.so
[2.336s] -- Up-to-date symlink: /home/azthorax/fra333_ws/install/my_first_package/include/my_first_package/action/detail/fibonacci__rosidl_typesupport_introspection_c.h
[2.337s] -- Up-to-date symlink: /home/azthorax/fra333_ws/install/my_first_package/include/my_first_package/msg/detail/add_book__rosidl_typesupport_introspection_c.h
[2.337s] -- Up-to-date symlink: /home/azthorax/fra333_ws/install/my_first_package/include/my_first_package/msg/detail/num__rosidl_typesupport_introspection_c.h
[2.337s] -- Up-to-date symlink: /home/azthorax/fra333_ws/install/my_first_package/include/my_first_package/msg/detail/sphere__rosidl_typesupport_introspection_c.h
[2.337s] -- Up-to-date symlink: /home/azthorax/fra333_ws/install/my_first_package/include/my_first_package/msg/rosidl_typesupport_introspection_c__visibility_control.h
[2.337s] -- Up-to-date symlink: /home/azthorax/fra333_ws/install/my_first_package/include/my_first_package/srv/detail/ath_sum3__rosidl_typesupport_introspection_c.h
[2.338s] -- Up-to-date symlink: /home/azthorax/fra333_ws/install/my_first_package/include/my_first_package/srv/detail/ath_sum__rosidl_typesupport_introspection_c.h
[2.338s] -- Up-to-date symlink: /home/azthorax/fra333_ws/install/my_first_package/include/my_first_package/srv/detail/rand_goal__rosidl_typesupport_introspection_c.h
[2.338s] -- Up-to-date symlink: /home/azthorax/fra333_ws/install/my_first_package/include/my_first_package/srv/detail/set_goal__rosidl_typesupport_introspection_c.h
[2.338s] -- Up-to-date symlink: /home/azthorax/fra333_ws/install/my_first_package/include/my_first_package/srv/detail/set_noise__rosidl_typesupport_introspection_c.h
[2.339s] -- Up-to-date symlink: /home/azthorax/fra333_ws/install/my_first_package/include/my_first_package/action/detail/fibonacci__builder.hpp
[2.339s] -- Up-to-date symlink: /home/azthorax/fra333_ws/install/my_first_package/include/my_first_package/action/detail/fibonacci__struct.hpp
[2.339s] -- Up-to-date symlink: /home/azthorax/fra333_ws/install/my_first_package/include/my_first_package/action/detail/fibonacci__traits.hpp
[2.339s] -- Up-to-date symlink: /home/azthorax/fra333_ws/install/my_first_package/include/my_first_package/action/fibonacci.hpp
[2.339s] -- Up-to-date symlink: /home/azthorax/fra333_ws/install/my_first_package/include/my_first_package/msg/add_book.hpp
[2.340s] -- Up-to-date symlink: /home/azthorax/fra333_ws/install/my_first_package/include/my_first_package/msg/detail/add_book__builder.hpp
[2.340s] -- Up-to-date symlink: /home/azthorax/fra333_ws/install/my_first_package/include/my_first_package/msg/detail/add_book__struct.hpp
[2.340s] -- Up-to-date symlink: /home/azthorax/fra333_ws/install/my_first_package/include/my_first_package/msg/detail/add_book__traits.hpp
[2.340s] -- Up-to-date symlink: /home/azthorax/fra333_ws/install/my_first_package/include/my_first_package/msg/detail/num__builder.hpp
[2.340s] -- Up-to-date symlink: /home/azthorax/fra333_ws/install/my_first_package/include/my_first_package/msg/detail/num__struct.hpp
[2.340s] -- Up-to-date symlink: /home/azthorax/fra333_ws/install/my_first_package/include/my_first_package/msg/detail/num__traits.hpp
[2.341s] -- Up-to-date symlink: /home/azthorax/fra333_ws/install/my_first_package/include/my_first_package/msg/detail/sphere__builder.hpp
[2.341s] -- Up-to-date symlink: /home/azthorax/fra333_ws/install/my_first_package/include/my_first_package/msg/detail/sphere__struct.hpp
[2.341s] -- Up-to-date symlink: /home/azthorax/fra333_ws/install/my_first_package/include/my_first_package/msg/detail/sphere__traits.hpp
[2.341s] -- Up-to-date symlink: /home/azthorax/fra333_ws/install/my_first_package/include/my_first_package/msg/num.hpp
[2.342s] -- Up-to-date symlink: /home/azthorax/fra333_ws/install/my_first_package/include/my_first_package/msg/sphere.hpp
[2.342s] -- Up-to-date symlink: /home/azthorax/fra333_ws/install/my_first_package/include/my_first_package/srv/ath_sum.hpp
[2.342s] -- Up-to-date symlink: /home/azthorax/fra333_ws/install/my_first_package/include/my_first_package/srv/ath_sum3.hpp
[2.342s] -- Up-to-date symlink: /home/azthorax/fra333_ws/install/my_first_package/include/my_first_package/srv/detail/ath_sum3__builder.hpp
[2.342s] -- Up-to-date symlink: /home/azthorax/fra333_ws/install/my_first_package/include/my_first_package/srv/detail/ath_sum3__struct.hpp
[2.343s] -- Up-to-date symlink: /home/azthorax/fra333_ws/install/my_first_package/include/my_first_package/srv/detail/ath_sum3__traits.hpp
[2.343s] -- Up-to-date symlink: /home/azthorax/fra333_ws/install/my_first_package/include/my_first_package/srv/detail/ath_sum__builder.hpp
[2.343s] -- Up-to-date symlink: /home/azthorax/fra333_ws/install/my_first_package/include/my_first_package/srv/detail/ath_sum__struct.hpp
[2.343s] -- Up-to-date symlink: /home/azthorax/fra333_ws/install/my_first_package/include/my_first_package/srv/detail/ath_sum__traits.hpp
[2.344s] -- Up-to-date symlink: /home/azthorax/fra333_ws/install/my_first_package/include/my_first_package/srv/detail/rand_goal__builder.hpp
[2.344s] -- Up-to-date symlink: /home/azthorax/fra333_ws/install/my_first_package/include/my_first_package/srv/detail/rand_goal__struct.hpp
[2.344s] -- Up-to-date symlink: /home/azthorax/fra333_ws/install/my_first_package/include/my_first_package/srv/detail/rand_goal__traits.hpp
[2.344s] -- Up-to-date symlink: /home/azthorax/fra333_ws/install/my_first_package/include/my_first_package/srv/detail/set_goal__builder.hpp
[2.344s] -- Up-to-date symlink: /home/azthorax/fra333_ws/install/my_first_package/include/my_first_package/srv/detail/set_goal__struct.hpp
[2.345s] -- Up-to-date symlink: /home/azthorax/fra333_ws/install/my_first_package/include/my_first_package/srv/detail/set_goal__traits.hpp
[2.345s] -- Up-to-date symlink: /home/azthorax/fra333_ws/install/my_first_package/include/my_first_package/srv/detail/set_noise__builder.hpp
[2.345s] -- Up-to-date symlink: /home/azthorax/fra333_ws/install/my_first_package/include/my_first_package/srv/detail/set_noise__struct.hpp
[2.345s] -- Up-to-date symlink: /home/azthorax/fra333_ws/install/my_first_package/include/my_first_package/srv/detail/set_noise__traits.hpp
[2.345s] -- Up-to-date symlink: /home/azthorax/fra333_ws/install/my_first_package/include/my_first_package/srv/rand_goal.hpp
[2.346s] -- Up-to-date symlink: /home/azthorax/fra333_ws/install/my_first_package/include/my_first_package/srv/set_goal.hpp
[2.346s] -- Up-to-date symlink: /home/azthorax/fra333_ws/install/my_first_package/include/my_first_package/srv/set_noise.hpp
[2.346s] -- Up-to-date symlink: /home/azthorax/fra333_ws/install/my_first_package/include/my_first_package/action/detail/fibonacci__rosidl_typesupport_introspection_cpp.hpp
[2.346s] -- Up-to-date symlink: /home/azthorax/fra333_ws/install/my_first_package/include/my_first_package/msg/detail/add_book__rosidl_typesupport_introspection_cpp.hpp
[2.346s] -- Up-to-date symlink: /home/azthorax/fra333_ws/install/my_first_package/include/my_first_package/msg/detail/num__rosidl_typesupport_introspection_cpp.hpp
[2.346s] -- Up-to-date symlink: /home/azthorax/fra333_ws/install/my_first_package/include/my_first_package/msg/detail/sphere__rosidl_typesupport_introspection_cpp.hpp
[2.346s] -- Up-to-date symlink: /home/azthorax/fra333_ws/install/my_first_package/include/my_first_package/srv/detail/ath_sum3__rosidl_typesupport_introspection_cpp.hpp
[2.347s] -- Up-to-date symlink: /home/azthorax/fra333_ws/install/my_first_package/include/my_first_package/srv/detail/ath_sum__rosidl_typesupport_introspection_cpp.hpp
[2.347s] -- Up-to-date symlink: /home/azthorax/fra333_ws/install/my_first_package/include/my_first_package/srv/detail/rand_goal__rosidl_typesupport_introspection_cpp.hpp
[2.347s] -- Up-to-date symlink: /home/azthorax/fra333_ws/install/my_first_package/include/my_first_package/srv/detail/set_goal__rosidl_typesupport_introspection_cpp.hpp
[2.347s] -- Up-to-date symlink: /home/azthorax/fra333_ws/install/my_first_package/include/my_first_package/srv/detail/set_noise__rosidl_typesupport_introspection_cpp.hpp
[2.347s] -- Symlinking: /home/azthorax/fra333_ws/install/my_first_package/lib/python3.8/site-packages/my_first_package/__init__.py
[2.362s] -- Up-to-date symlink: /home/azthorax/fra333_ws/install/my_first_package/lib/python3.8/site-packages/my_first_package/srv/__init__.py
[2.362s] -- Up-to-date symlink: /home/azthorax/fra333_ws/install/my_first_package/lib/python3.8/site-packages/my_first_package/srv/_ath_sum.py
[2.362s] -- Up-to-date symlink: /home/azthorax/fra333_ws/install/my_first_package/lib/python3.8/site-packages/my_first_package/srv/_ath_sum3.py
[2.363s] -- Up-to-date symlink: /home/azthorax/fra333_ws/install/my_first_package/lib/python3.8/site-packages/my_first_package/srv/_rand_goal.py
[2.363s] -- Up-to-date symlink: /home/azthorax/fra333_ws/install/my_first_package/lib/python3.8/site-packages/my_first_package/srv/_set_goal.py
[2.363s] -- Up-to-date symlink: /home/azthorax/fra333_ws/install/my_first_package/lib/python3.8/site-packages/my_first_package/srv/_set_noise.py
[2.364s] -- Up-to-date symlink: /home/azthorax/fra333_ws/install/my_first_package/lib/python3.8/site-packages/my_first_package/msg/__init__.py
[2.364s] -- Up-to-date symlink: /home/azthorax/fra333_ws/install/my_first_package/lib/python3.8/site-packages/my_first_package/msg/_add_book.py
[2.365s] -- Up-to-date symlink: /home/azthorax/fra333_ws/install/my_first_package/lib/python3.8/site-packages/my_first_package/msg/_num.py
[2.365s] -- Up-to-date symlink: /home/azthorax/fra333_ws/install/my_first_package/lib/python3.8/site-packages/my_first_package/msg/_sphere.py
[2.366s] -- Up-to-date symlink: /home/azthorax/fra333_ws/install/my_first_package/lib/python3.8/site-packages/my_first_package/action/__init__.py
[2.367s] -- Up-to-date symlink: /home/azthorax/fra333_ws/install/my_first_package/lib/python3.8/site-packages/my_first_package/action/_fibonacci.py
[2.367s] -- Up-to-date symlink: /home/azthorax/fra333_ws/install/my_first_package/lib/python3.8/site-packages/my_first_package/my_first_package_s__rosidl_typesupport_fastrtps_c.cpython-38-x86_64-linux-gnu.so
[2.368s] -- Up-to-date symlink: /home/azthorax/fra333_ws/install/my_first_package/lib/python3.8/site-packages/my_first_package/my_first_package_s__rosidl_typesupport_introspection_c.cpython-38-x86_64-linux-gnu.so
[2.368s] -- Up-to-date symlink: /home/azthorax/fra333_ws/install/my_first_package/lib/python3.8/site-packages/my_first_package/my_first_package_s__rosidl_typesupport_c.cpython-38-x86_64-linux-gnu.so
[2.369s] -- Up-to-date symlink: /home/azthorax/fra333_ws/install/my_first_package/lib/libmy_first_package__python.so
[2.369s] -- Up-to-date symlink: /home/azthorax/fra333_ws/install/my_first_package/share/my_first_package/srv/RandGoal.idl
[2.369s] -- Up-to-date symlink: /home/azthorax/fra333_ws/install/my_first_package/share/my_first_package/srv/SetGoal.idl
[2.369s] -- Up-to-date symlink: /home/azthorax/fra333_ws/install/my_first_package/share/my_first_package/srv/AthSum.idl
[2.370s] -- Up-to-date symlink: /home/azthorax/fra333_ws/install/my_first_package/share/my_first_package/msg/Num.idl
[2.370s] -- Up-to-date symlink: /home/azthorax/fra333_ws/install/my_first_package/share/my_first_package/msg/Sphere.idl
[2.370s] -- Up-to-date symlink: /home/azthorax/fra333_ws/install/my_first_package/share/my_first_package/msg/AddBook.idl
[2.370s] -- Up-to-date symlink: /home/azthorax/fra333_ws/install/my_first_package/share/my_first_package/srv/AthSum3.idl
[2.370s] -- Up-to-date symlink: /home/azthorax/fra333_ws/install/my_first_package/share/my_first_package/srv/SetNoise.idl
[2.371s] -- Up-to-date symlink: /home/azthorax/fra333_ws/install/my_first_package/share/my_first_package/action/Fibonacci.idl
[2.371s] -- Up-to-date symlink: /home/azthorax/fra333_ws/install/my_first_package/share/my_first_package/srv/RandGoal.srv
[2.371s] -- Up-to-date symlink: /home/azthorax/fra333_ws/install/my_first_package/share/my_first_package/srv/RandGoal_Request.msg
[2.371s] -- Up-to-date symlink: /home/azthorax/fra333_ws/install/my_first_package/share/my_first_package/srv/RandGoal_Response.msg
[2.371s] -- Up-to-date symlink: /home/azthorax/fra333_ws/install/my_first_package/share/my_first_package/srv/SetGoal.srv
[2.372s] -- Up-to-date symlink: /home/azthorax/fra333_ws/install/my_first_package/share/my_first_package/srv/SetGoal_Request.msg
[2.372s] -- Up-to-date symlink: /home/azthorax/fra333_ws/install/my_first_package/share/my_first_package/srv/SetGoal_Response.msg
[2.372s] -- Up-to-date symlink: /home/azthorax/fra333_ws/install/my_first_package/share/my_first_package/srv/AthSum.srv
[2.372s] -- Up-to-date symlink: /home/azthorax/fra333_ws/install/my_first_package/share/my_first_package/srv/AthSum_Request.msg
[2.373s] -- Up-to-date symlink: /home/azthorax/fra333_ws/install/my_first_package/share/my_first_package/srv/AthSum_Response.msg
[2.373s] -- Up-to-date symlink: /home/azthorax/fra333_ws/install/my_first_package/share/my_first_package/msg/Num.msg
[2.373s] -- Up-to-date symlink: /home/azthorax/fra333_ws/install/my_first_package/share/my_first_package/msg/Sphere.msg
[2.373s] -- Up-to-date symlink: /home/azthorax/fra333_ws/install/my_first_package/share/my_first_package/msg/AddBook.msg
[2.374s] -- Up-to-date symlink: /home/azthorax/fra333_ws/install/my_first_package/share/my_first_package/srv/AthSum3.srv
[2.374s] -- Up-to-date symlink: /home/azthorax/fra333_ws/install/my_first_package/share/my_first_package/srv/AthSum3_Request.msg
[2.374s] -- Up-to-date symlink: /home/azthorax/fra333_ws/install/my_first_package/share/my_first_package/srv/AthSum3_Response.msg
[2.374s] -- Up-to-date symlink: /home/azthorax/fra333_ws/install/my_first_package/share/my_first_package/srv/SetNoise.srv
[2.374s] -- Up-to-date symlink: /home/azthorax/fra333_ws/install/my_first_package/share/my_first_package/srv/SetNoise_Request.msg
[2.375s] -- Up-to-date symlink: /home/azthorax/fra333_ws/install/my_first_package/share/my_first_package/srv/SetNoise_Response.msg
[2.375s] -- Up-to-date symlink: /home/azthorax/fra333_ws/install/my_first_package/share/my_first_package/action/Fibonacci.action
[2.376s] -- Symlinking: /home/azthorax/fra333_ws/install/my_first_package/share/my_first_package/meshes/STL_with_orgin.zip
[2.385s] -- Symlinking: /home/azthorax/fra333_ws/install/my_first_package/share/my_first_package/meshes/base_link.STL
[2.398s] -- Symlinking: /home/azthorax/fra333_ws/install/my_first_package/share/my_first_package/meshes/end_effector.STL
[2.411s] -- Symlinking: /home/azthorax/fra333_ws/install/my_first_package/share/my_first_package/meshes/link_0.STL
[2.422s] -- Symlinking: /home/azthorax/fra333_ws/install/my_first_package/share/my_first_package/meshes/link_1.STL
[2.435s] -- Symlinking: /home/azthorax/fra333_ws/install/my_first_package/share/my_first_package/meshes/link_2.STL
[2.443s] -- Symlinking: /home/azthorax/fra333_ws/install/my_first_package/share/my_first_package/meshes/link_3.STL
[2.451s] -- Up-to-date symlink: /home/azthorax/fra333_ws/install/my_first_package/share/my_first_package/launch/02_via_point_follower.launch.py
[2.452s] -- Up-to-date symlink: /home/azthorax/fra333_ws/install/my_first_package/share/my_first_package/launch/04_robot_state_publisher.launch.py
[2.452s] -- Up-to-date symlink: /home/azthorax/fra333_ws/install/my_first_package/share/my_first_package/launch/athsamplelaunch.py
[2.453s] -- Up-to-date symlink: /home/azthorax/fra333_ws/install/my_first_package/share/my_first_package/launch/hwdemolaunch.py
[2.453s] -- Up-to-date symlink: /home/azthorax/fra333_ws/install/my_first_package/share/my_first_package/urdf/cocoa.urdf.xml
[2.453s] -- Up-to-date symlink: /home/azthorax/fra333_ws/install/my_first_package/share/my_first_package/urdf/myrobot.urdf.xml
[2.454s] -- Up-to-date symlink: /home/azthorax/fra333_ws/install/my_first_package/share/my_first_package/urdf/r2d2.urdf.xml
[2.455s] -- Up-to-date symlink: /home/azthorax/fra333_ws/install/my_first_package/share/my_first_package/rviz/r2d2.rviz
[2.455s] -- Up-to-date symlink: /home/azthorax/fra333_ws/install/my_first_package/share/ament_index/resource_index/package_run_dependencies/my_first_package
[2.456s] -- Up-to-date symlink: /home/azthorax/fra333_ws/install/my_first_package/share/ament_index/resource_index/parent_prefix_path/my_first_package
[2.456s] -- Up-to-date symlink: /home/azthorax/fra333_ws/install/my_first_package/share/my_first_package/environment/ament_prefix_path.sh
[2.457s] -- Up-to-date symlink: /home/azthorax/fra333_ws/install/my_first_package/share/my_first_package/environment/ament_prefix_path.dsv
[2.457s] -- Up-to-date symlink: /home/azthorax/fra333_ws/install/my_first_package/share/my_first_package/environment/path.sh
[2.458s] -- Up-to-date symlink: /home/azthorax/fra333_ws/install/my_first_package/share/my_first_package/environment/path.dsv
[2.459s] -- Up-to-date symlink: /home/azthorax/fra333_ws/install/my_first_package/share/my_first_package/local_setup.bash
[2.459s] -- Up-to-date symlink: /home/azthorax/fra333_ws/install/my_first_package/share/my_first_package/local_setup.sh
[2.459s] -- Up-to-date symlink: /home/azthorax/fra333_ws/install/my_first_package/share/my_first_package/local_setup.zsh
[2.460s] -- Up-to-date symlink: /home/azthorax/fra333_ws/install/my_first_package/share/my_first_package/local_setup.dsv
[2.460s] -- Symlinking: /home/azthorax/fra333_ws/install/my_first_package/share/my_first_package/package.dsv
[2.473s] -- Up-to-date symlink: /home/azthorax/fra333_ws/install/my_first_package/share/ament_index/resource_index/packages/my_first_package
[2.474s] -- Up-to-date symlink: /home/azthorax/fra333_ws/install/my_first_package/share/my_first_package/cmake/rosidl_cmake-extras.cmake
[2.474s] -- Up-to-date symlink: /home/azthorax/fra333_ws/install/my_first_package/share/my_first_package/cmake/ament_cmake_export_dependencies-extras.cmake
[2.474s] -- Up-to-date symlink: /home/azthorax/fra333_ws/install/my_first_package/share/my_first_package/cmake/ament_cmake_export_libraries-extras.cmake
[2.474s] -- Up-to-date symlink: /home/azthorax/fra333_ws/install/my_first_package/share/my_first_package/cmake/ament_cmake_export_targets-extras.cmake
[2.474s] -- Up-to-date symlink: /home/azthorax/fra333_ws/install/my_first_package/share/my_first_package/cmake/ament_cmake_export_include_directories-extras.cmake
[2.475s] -- Up-to-date symlink: /home/azthorax/fra333_ws/install/my_first_package/share/my_first_package/cmake/rosidl_cmake_export_typesupport_libraries-extras.cmake
[2.475s] -- Up-to-date symlink: /home/azthorax/fra333_ws/install/my_first_package/share/my_first_package/cmake/rosidl_cmake_export_typesupport_targets-extras.cmake
[2.475s] -- Up-to-date symlink: /home/azthorax/fra333_ws/install/my_first_package/share/my_first_package/cmake/my_first_packageConfig.cmake
[2.475s] -- Up-to-date symlink: /home/azthorax/fra333_ws/install/my_first_package/share/my_first_package/cmake/my_first_packageConfig-version.cmake
[2.475s] -- Up-to-date symlink: /home/azthorax/fra333_ws/install/my_first_package/share/my_first_package/package.xml
[2.507s] Listing '/home/azthorax/fra333_ws/install/my_first_package/lib/python3.8/site-packages/my_first_package'...
[2.507s] Compiling '/home/azthorax/fra333_ws/install/my_first_package/lib/python3.8/site-packages/my_first_package/__init__.py'...
[2.507s] Listing '/home/azthorax/fra333_ws/install/my_first_package/lib/python3.8/site-packages/my_first_package/action'...
[2.507s] Listing '/home/azthorax/fra333_ws/install/my_first_package/lib/python3.8/site-packages/my_first_package/msg'...
[2.507s] Listing '/home/azthorax/fra333_ws/install/my_first_package/lib/python3.8/site-packages/my_first_package/srv'...
[2.511s] -- Up-to-date: /home/azthorax/fra333_ws/install/my_first_package/lib/libmy_first_package__rosidl_generator_c.so
[2.511s] -- Up-to-date: /home/azthorax/fra333_ws/install/my_first_package/lib/libmy_first_package__rosidl_typesupport_introspection_c.so
[2.512s] -- Up-to-date: /home/azthorax/fra333_ws/install/my_first_package/lib/libmy_first_package__rosidl_typesupport_c.so
[2.513s] -- Up-to-date: /home/azthorax/fra333_ws/install/my_first_package/lib/libmy_first_package__rosidl_typesupport_introspection_cpp.so
[2.513s] -- Up-to-date: /home/azthorax/fra333_ws/install/my_first_package/lib/libmy_first_package__rosidl_typesupport_cpp.so
[2.550s] -- Up-to-date: /home/azthorax/fra333_ws/install/my_first_package/share/my_first_package/cmake/my_first_package__rosidl_generator_cExport.cmake
[2.550s] -- Installing: /home/azthorax/fra333_ws/install/my_first_package/share/my_first_package/cmake/my_first_package__rosidl_generator_cExport-noconfig.cmake
[2.550s] -- Up-to-date: /home/azthorax/fra333_ws/install/my_first_package/share/my_first_package/cmake/my_first_package__rosidl_typesupport_introspection_cExport.cmake
[2.550s] -- Installing: /home/azthorax/fra333_ws/install/my_first_package/share/my_first_package/cmake/my_first_package__rosidl_typesupport_introspection_cExport-noconfig.cmake
[2.551s] -- Up-to-date: /home/azthorax/fra333_ws/install/my_first_package/share/my_first_package/cmake/my_first_package__rosidl_typesupport_cExport.cmake
[2.551s] -- Installing: /home/azthorax/fra333_ws/install/my_first_package/share/my_first_package/cmake/my_first_package__rosidl_typesupport_cExport-noconfig.cmake
[2.552s] -- Up-to-date: /home/azthorax/fra333_ws/install/my_first_package/share/my_first_package/cmake/my_first_package__rosidl_generator_cppExport.cmake
[2.552s] -- Up-to-date: /home/azthorax/fra333_ws/install/my_first_package/share/my_first_package/cmake/my_first_package__rosidl_typesupport_introspection_cppExport.cmake
[2.552s] -- Installing: /home/azthorax/fra333_ws/install/my_first_package/share/my_first_package/cmake/my_first_package__rosidl_typesupport_introspection_cppExport-noconfig.cmake
[2.552s] -- Up-to-date: /home/azthorax/fra333_ws/install/my_first_package/share/my_first_package/cmake/my_first_package__rosidl_typesupport_cppExport.cmake
[2.553s] -- Installing: /home/azthorax/fra333_ws/install/my_first_package/share/my_first_package/cmake/my_first_package__rosidl_typesupport_cppExport-noconfig.cmake
[2.562s] Invoked command in '/home/azthorax/fra333_ws/build/my_first_package' returned '0': CMAKE_PREFIX_PATH=${CMAKE_PREFIX_PATH}:/opt/ros/foxy /usr/bin/cmake --install /home/azthorax/fra333_ws/build/my_first_package
