[0.056s] Invoking command in '/home/azthorax/fra333_ws/build/dummy': CMAKE_PREFIX_PATH=/opt/ros/foxy /usr/bin/cmake /home/azthorax/fra333_ws/src/dummy -DAMENT_CMAKE_SYMLINK_INSTALL=1 -DCMAKE_INSTALL_PREFIX=/home/azthorax/fra333_ws/install/dummy
[0.226s] -- The C compiler identification is GNU 9.4.0
[0.341s] -- The CXX compiler identification is GNU 9.4.0
[0.348s] -- Check for working C compiler: /usr/bin/cc
[0.441s] -- Check for working C compiler: /usr/bin/cc -- works
[0.443s] -- Detecting C compiler ABI info
[0.541s] -- Detecting C compiler ABI info - done
[0.567s] -- Detecting C compile features
[0.567s] -- Detecting C compile features - done
[0.572s] -- Check for working CXX compiler: /usr/bin/c++
[0.690s] -- Check for working CXX compiler: /usr/bin/c++ -- works
[0.693s] -- Detecting CXX compiler ABI info
[0.802s] -- Detecting CXX compiler ABI info - done
[0.821s] -- Detecting CXX compile features
[0.822s] -- Detecting CXX compile features - done
[0.825s] -- Found ament_cmake: 0.9.9 (/opt/ros/foxy/share/ament_cmake/cmake)
[0.860s] -- Found PythonInterp: /usr/bin/python3 (found suitable version "3.8.10", minimum required is "3") 
[0.860s] -- Using PYTHON_EXECUTABLE: /usr/bin/python3
[1.140s] -- Override CMake install command with custom implementation using symlinks instead of copying resources
[1.178s] -- Found rclcpp: 2.4.1 (/opt/ros/foxy/share/rclcpp/cmake)
[1.236s] -- Using all available rosidl_typesupport_c: rosidl_typesupport_fastrtps_c;rosidl_typesupport_introspection_c
[1.244s] -- Found rosidl_adapter: 1.2.1 (/opt/ros/foxy/share/rosidl_adapter/cmake)
[1.364s] -- Found OpenSSL: /usr/lib/x86_64-linux-gnu/libcrypto.so (found version "1.1.1f")  
[1.415s] -- Found FastRTPS: /opt/ros/foxy/include  
[1.536s] -- Using all available rosidl_typesupport_cpp: rosidl_typesupport_fastrtps_cpp;rosidl_typesupport_introspection_cpp
[1.618s] -- Found rmw_implementation_cmake: 1.0.3 (/opt/ros/foxy/share/rmw_implementation_cmake/cmake)
[1.621s] -- Using RMW implementation 'rmw_fastrtps_cpp' as default
[1.629s] -- Looking for pthread.h
[1.741s] -- Looking for pthread.h - found
[1.741s] -- Performing Test CMAKE_HAVE_LIBC_PTHREAD
[1.846s] -- Performing Test CMAKE_HAVE_LIBC_PTHREAD - Failed
[1.847s] -- Looking for pthread_create in pthreads
[1.929s] -- Looking for pthread_create in pthreads - not found
[1.930s] -- Looking for pthread_create in pthread
[2.027s] -- Looking for pthread_create in pthread - found
[2.029s] -- Found Threads: TRUE  
[2.265s] -- Found rclpy: 1.0.8 (/opt/ros/foxy/share/rclpy/cmake)
[2.390s] -- Configuring done
[2.399s] -- Generating done
[2.401s] -- Build files have been written to: /home/azthorax/fra333_ws/build/dummy
[2.410s] Invoked command in '/home/azthorax/fra333_ws/build/dummy' returned '0': CMAKE_PREFIX_PATH=/opt/ros/foxy /usr/bin/cmake /home/azthorax/fra333_ws/src/dummy -DAMENT_CMAKE_SYMLINK_INSTALL=1 -DCMAKE_INSTALL_PREFIX=/home/azthorax/fra333_ws/install/dummy
[2.415s] Invoking command in '/home/azthorax/fra333_ws/build/dummy': CMAKE_PREFIX_PATH=/opt/ros/foxy /usr/bin/cmake --build /home/azthorax/fra333_ws/build/dummy -- -j12 -l12
[2.472s] [35m[1mScanning dependencies of target cpp_node_test[0m
[2.490s] [ 50%] [32mBuilding CXX object CMakeFiles/cpp_node_test.dir/src/cpp_node.cpp.o[0m
[2.907s] [100%] [32m[1mLinking CXX executable cpp_node_test[0m
[3.082s] [100%] Built target cpp_node_test
[3.116s] Invoked command in '/home/azthorax/fra333_ws/build/dummy' returned '0': CMAKE_PREFIX_PATH=/opt/ros/foxy /usr/bin/cmake --build /home/azthorax/fra333_ws/build/dummy -- -j12 -l12
[3.154s] Invoking command in '/home/azthorax/fra333_ws/build/dummy': CMAKE_PREFIX_PATH=/opt/ros/foxy /usr/bin/cmake --install /home/azthorax/fra333_ws/build/dummy
[3.166s] -- Install configuration: ""
[3.167s] -- Execute custom install script
[3.167s] -- Symlinking: /home/azthorax/fra333_ws/install/dummy/share/dummy/environment/pythonpath.sh
[3.183s] -- Symlinking: /home/azthorax/fra333_ws/install/dummy/share/dummy/environment/pythonpath.dsv
[3.200s] -- Symlinking: /home/azthorax/fra333_ws/install/dummy/lib/python3.8/site-packages/dummy/__init__.py
[3.215s] -- Symlinking: /home/azthorax/fra333_ws/install/dummy/lib/python3.8/site-packages/dummy/dummy_module.py
[3.228s] -- Symlinking: /home/azthorax/fra333_ws/install/dummy/lib/dummy/dummy_script.py
[3.241s] -- Symlinking: /home/azthorax/fra333_ws/install/dummy/lib/dummy/cpp_node_test
[3.256s] -- Symlinking: /home/azthorax/fra333_ws/install/dummy/share/ament_index/resource_index/package_run_dependencies/dummy
[3.268s] -- Symlinking: /home/azthorax/fra333_ws/install/dummy/share/ament_index/resource_index/parent_prefix_path/dummy
[3.282s] -- Symlinking: /home/azthorax/fra333_ws/install/dummy/share/dummy/environment/ament_prefix_path.sh
[3.298s] -- Symlinking: /home/azthorax/fra333_ws/install/dummy/share/dummy/environment/ament_prefix_path.dsv
[3.313s] -- Symlinking: /home/azthorax/fra333_ws/install/dummy/share/dummy/environment/path.sh
[3.327s] -- Symlinking: /home/azthorax/fra333_ws/install/dummy/share/dummy/environment/path.dsv
[3.342s] -- Symlinking: /home/azthorax/fra333_ws/install/dummy/share/dummy/local_setup.bash
[3.358s] -- Symlinking: /home/azthorax/fra333_ws/install/dummy/share/dummy/local_setup.sh
[3.375s] -- Symlinking: /home/azthorax/fra333_ws/install/dummy/share/dummy/local_setup.zsh
[3.389s] -- Symlinking: /home/azthorax/fra333_ws/install/dummy/share/dummy/local_setup.dsv
[3.401s] -- Symlinking: /home/azthorax/fra333_ws/install/dummy/share/dummy/package.dsv
[3.415s] -- Symlinking: /home/azthorax/fra333_ws/install/dummy/share/ament_index/resource_index/packages/dummy
[3.427s] -- Symlinking: /home/azthorax/fra333_ws/install/dummy/share/dummy/cmake/dummyConfig.cmake
[3.440s] -- Symlinking: /home/azthorax/fra333_ws/install/dummy/share/dummy/cmake/dummyConfig-version.cmake
[3.451s] -- Symlinking: /home/azthorax/fra333_ws/install/dummy/share/dummy/package.xml
[3.514s] Listing '/home/azthorax/fra333_ws/install/dummy/lib/python3.8/site-packages/dummy'...
[3.514s] Compiling '/home/azthorax/fra333_ws/install/dummy/lib/python3.8/site-packages/dummy/__init__.py'...
[3.515s] Compiling '/home/azthorax/fra333_ws/install/dummy/lib/python3.8/site-packages/dummy/dummy_module.py'...
[3.531s] Invoked command in '/home/azthorax/fra333_ws/build/dummy' returned '0': CMAKE_PREFIX_PATH=/opt/ros/foxy /usr/bin/cmake --install /home/azthorax/fra333_ws/build/dummy
