[0.051s] Invoking command in '/home/azthorax/fra333_ws/build/package_name': CMAKE_PREFIX_PATH=${CMAKE_PREFIX_PATH}:/opt/ros/foxy /usr/bin/cmake /home/azthorax/fra333_ws/src/lab3/ROS2_package_cpp_python-main/package_name -DCMAKE_INSTALL_PREFIX=/home/azthorax/fra333_ws/install/package_name
[0.159s] -- The C compiler identification is GNU 9.4.0
[0.262s] -- The CXX compiler identification is GNU 9.4.0
[0.268s] -- Check for working C compiler: /usr/bin/cc
[0.332s] -- Check for working C compiler: /usr/bin/cc -- works
[0.333s] -- Detecting C compiler ABI info
[0.398s] -- Detecting C compiler ABI info - done
[0.409s] -- Detecting C compile features
[0.409s] -- Detecting C compile features - done
[0.411s] -- Check for working CXX compiler: /usr/bin/c++
[0.486s] -- Check for working CXX compiler: /usr/bin/c++ -- works
[0.486s] -- Detecting CXX compiler ABI info
[0.562s] -- Detecting CXX compiler ABI info - done
[0.577s] -- Detecting CXX compile features
[0.578s] -- Detecting CXX compile features - done
[0.580s] -- Found ament_cmake: 0.9.11 (/opt/ros/foxy/share/ament_cmake/cmake)
[0.608s] -- Found PythonInterp: /usr/bin/python3 (found suitable version "3.8.10", minimum required is "3") 
[0.608s] -- Using PYTHON_EXECUTABLE: /usr/bin/python3
[0.837s] -- Found rclcpp: 2.4.2 (/opt/ros/foxy/share/rclcpp/cmake)
[0.879s] -- Using all available rosidl_typesupport_c: rosidl_typesupport_fastrtps_c;rosidl_typesupport_introspection_c
[0.889s] -- Found rosidl_adapter: 1.3.0 (/opt/ros/foxy/share/rosidl_adapter/cmake)
[0.975s] -- Found OpenSSL: /usr/lib/x86_64-linux-gnu/libcrypto.so (found version "1.1.1f")  
[1.013s] -- Found FastRTPS: /opt/ros/foxy/include  
[1.089s] -- Using all available rosidl_typesupport_cpp: rosidl_typesupport_fastrtps_cpp;rosidl_typesupport_introspection_cpp
[1.148s] -- Found rmw_implementation_cmake: 1.0.3 (/opt/ros/foxy/share/rmw_implementation_cmake/cmake)
[1.149s] -- Using RMW implementation 'rmw_fastrtps_cpp' as default
[1.150s] -- Looking for pthread.h
[1.223s] -- Looking for pthread.h - found
[1.224s] -- Performing Test CMAKE_HAVE_LIBC_PTHREAD
[1.298s] -- Performing Test CMAKE_HAVE_LIBC_PTHREAD - Failed
[1.299s] -- Looking for pthread_create in pthreads
[1.354s] -- Looking for pthread_create in pthreads - not found
[1.354s] -- Looking for pthread_create in pthread
[1.437s] -- Looking for pthread_create in pthread - found
[1.439s] -- Found Threads: TRUE  
[1.586s] -- Found rclpy: 1.0.11 (/opt/ros/foxy/share/rclpy/cmake)
[1.677s] -- Configuring done
[1.683s] -- Generating done
[1.684s] -- Build files have been written to: /home/azthorax/fra333_ws/build/package_name
[1.690s] Invoked command in '/home/azthorax/fra333_ws/build/package_name' returned '0': CMAKE_PREFIX_PATH=${CMAKE_PREFIX_PATH}:/opt/ros/foxy /usr/bin/cmake /home/azthorax/fra333_ws/src/lab3/ROS2_package_cpp_python-main/package_name -DCMAKE_INSTALL_PREFIX=/home/azthorax/fra333_ws/install/package_name
[1.692s] Invoking command in '/home/azthorax/fra333_ws/build/package_name': CMAKE_PREFIX_PATH=${CMAKE_PREFIX_PATH}:/opt/ros/foxy /usr/bin/cmake --build /home/azthorax/fra333_ws/build/package_name -- -j12 -l12
[1.735s] [35m[1mScanning dependencies of target cpp_node_test[0m
[1.753s] [ 50%] [32mBuilding CXX object CMakeFiles/cpp_node_test.dir/src/cpp_node.cpp.o[0m
[1.990s] [100%] [32m[1mLinking CXX executable cpp_node_test[0m
[2.109s] [100%] Built target cpp_node_test
[2.145s] Invoked command in '/home/azthorax/fra333_ws/build/package_name' returned '0': CMAKE_PREFIX_PATH=${CMAKE_PREFIX_PATH}:/opt/ros/foxy /usr/bin/cmake --build /home/azthorax/fra333_ws/build/package_name -- -j12 -l12
[2.177s] Invoking command in '/home/azthorax/fra333_ws/build/package_name': CMAKE_PREFIX_PATH=${CMAKE_PREFIX_PATH}:/opt/ros/foxy /usr/bin/cmake --install /home/azthorax/fra333_ws/build/package_name
[2.188s] -- Install configuration: ""
[2.188s] -- Installing: /home/azthorax/fra333_ws/install/package_name/share/package_name/environment/pythonpath.sh
[2.188s] -- Installing: /home/azthorax/fra333_ws/install/package_name/share/package_name/environment/pythonpath.dsv
[2.188s] -- Installing: /home/azthorax/fra333_ws/install/package_name/lib/python3.8/site-packages/package_name
[2.189s] -- Installing: /home/azthorax/fra333_ws/install/package_name/lib/python3.8/site-packages/package_name/__init__.py
[2.219s] Listing '/home/azthorax/fra333_ws/install/package_name/lib/python3.8/site-packages/package_name'...
[2.219s] Compiling '/home/azthorax/fra333_ws/install/package_name/lib/python3.8/site-packages/package_name/__init__.py'...
[2.223s] -- Installing: /home/azthorax/fra333_ws/install/package_name/lib/package_name/dummy.py
[2.224s] -- Installing: /home/azthorax/fra333_ws/install/package_name/lib/package_name/cpp_node_test
[2.225s] -- Set runtime path of "/home/azthorax/fra333_ws/install/package_name/lib/package_name/cpp_node_test" to ""
[2.225s] -- Up-to-date: /home/azthorax/fra333_ws/install/package_name/share/package_name
[2.225s] -- Installing: /home/azthorax/fra333_ws/install/package_name/share/ament_index/resource_index/package_run_dependencies/package_name
[2.225s] -- Installing: /home/azthorax/fra333_ws/install/package_name/share/ament_index/resource_index/parent_prefix_path/package_name
[2.226s] -- Installing: /home/azthorax/fra333_ws/install/package_name/share/package_name/environment/ament_prefix_path.sh
[2.226s] -- Installing: /home/azthorax/fra333_ws/install/package_name/share/package_name/environment/ament_prefix_path.dsv
[2.226s] -- Installing: /home/azthorax/fra333_ws/install/package_name/share/package_name/environment/path.sh
[2.226s] -- Installing: /home/azthorax/fra333_ws/install/package_name/share/package_name/environment/path.dsv
[2.227s] -- Installing: /home/azthorax/fra333_ws/install/package_name/share/package_name/local_setup.bash
[2.227s] -- Installing: /home/azthorax/fra333_ws/install/package_name/share/package_name/local_setup.sh
[2.227s] -- Installing: /home/azthorax/fra333_ws/install/package_name/share/package_name/local_setup.zsh
[2.227s] -- Installing: /home/azthorax/fra333_ws/install/package_name/share/package_name/local_setup.dsv
[2.228s] -- Installing: /home/azthorax/fra333_ws/install/package_name/share/package_name/package.dsv
[2.228s] -- Installing: /home/azthorax/fra333_ws/install/package_name/share/ament_index/resource_index/packages/package_name
[2.228s] -- Installing: /home/azthorax/fra333_ws/install/package_name/share/package_name/cmake/package_nameConfig.cmake
[2.228s] -- Installing: /home/azthorax/fra333_ws/install/package_name/share/package_name/cmake/package_nameConfig-version.cmake
[2.229s] -- Installing: /home/azthorax/fra333_ws/install/package_name/share/package_name/package.xml
[2.237s] Invoked command in '/home/azthorax/fra333_ws/build/package_name' returned '0': CMAKE_PREFIX_PATH=${CMAKE_PREFIX_PATH}:/opt/ros/foxy /usr/bin/cmake --install /home/azthorax/fra333_ws/build/package_name
