[0.026s] Invoking command in '/home/azthorax/fra333_ws/build/cocoax_kinematics': CMAKE_PREFIX_PATH=/opt/ros/foxy /usr/bin/cmake /home/azthorax/fra333_ws/src/fra333_lab4_25_v1/cocoax_kinematics -DAMENT_CMAKE_SYMLINK_INSTALL=1 -DCMAKE_INSTALL_PREFIX=/home/azthorax/fra333_ws/install/cocoax_kinematics
[0.101s] -- The C compiler identification is GNU 9.4.0
[0.162s] -- The CXX compiler identification is GNU 9.4.0
[0.166s] -- Check for working C compiler: /usr/bin/cc
[0.227s] -- Check for working C compiler: /usr/bin/cc -- works
[0.230s] -- Detecting C compiler ABI info
[0.295s] -- Detecting C compiler ABI info - done
[0.306s] -- Detecting C compile features
[0.307s] -- Detecting C compile features - done
[0.309s] -- Check for working CXX compiler: /usr/bin/c++
[0.380s] -- Check for working CXX compiler: /usr/bin/c++ -- works
[0.381s] -- Detecting CXX compiler ABI info
[0.474s] -- Detecting CXX compiler ABI info - done
[0.489s] -- Detecting CXX compile features
[0.490s] -- Detecting CXX compile features - done
[0.492s] -- Found ament_cmake: 0.9.11 (/opt/ros/foxy/share/ament_cmake/cmake)
[0.518s] -- Found PythonInterp: /usr/bin/python3 (found suitable version "3.8.10", minimum required is "3") 
[0.518s] -- Using PYTHON_EXECUTABLE: /usr/bin/python3
[0.716s] -- Override CMake install command with custom implementation using symlinks instead of copying resources
[0.736s] -- Found rclcpp: 2.4.2 (/opt/ros/foxy/share/rclcpp/cmake)
[0.775s] -- Using all available rosidl_typesupport_c: rosidl_typesupport_fastrtps_c;rosidl_typesupport_introspection_c
[0.781s] -- Found rosidl_adapter: 1.3.0 (/opt/ros/foxy/share/rosidl_adapter/cmake)
[0.876s] -- Found OpenSSL: /usr/lib/x86_64-linux-gnu/libcrypto.so (found version "1.1.1f")  
[0.912s] -- Found FastRTPS: /opt/ros/foxy/include  
[0.996s] -- Using all available rosidl_typesupport_cpp: rosidl_typesupport_fastrtps_cpp;rosidl_typesupport_introspection_cpp
[1.046s] -- Found rmw_implementation_cmake: 1.0.3 (/opt/ros/foxy/share/rmw_implementation_cmake/cmake)
[1.047s] -- Using RMW implementation 'rmw_fastrtps_cpp' as default
[1.048s] -- Looking for pthread.h
[1.113s] -- Looking for pthread.h - found
[1.113s] -- Performing Test CMAKE_HAVE_LIBC_PTHREAD
[1.185s] -- Performing Test CMAKE_HAVE_LIBC_PTHREAD - Failed
[1.186s] -- Looking for pthread_create in pthreads
[1.252s] -- Looking for pthread_create in pthreads - not found
[1.252s] -- Looking for pthread_create in pthread
[1.322s] -- Looking for pthread_create in pthread - found
[1.322s] -- Found Threads: TRUE  
[1.467s] -- Found rclpy: 1.0.11 (/opt/ros/foxy/share/rclpy/cmake)
[1.563s] -- Configuring done
[1.565s] -- Generating done
[1.567s] -- Build files have been written to: /home/azthorax/fra333_ws/build/cocoax_kinematics
[1.585s] Invoked command in '/home/azthorax/fra333_ws/build/cocoax_kinematics' returned '0': CMAKE_PREFIX_PATH=/opt/ros/foxy /usr/bin/cmake /home/azthorax/fra333_ws/src/fra333_lab4_25_v1/cocoax_kinematics -DAMENT_CMAKE_SYMLINK_INSTALL=1 -DCMAKE_INSTALL_PREFIX=/home/azthorax/fra333_ws/install/cocoax_kinematics
[1.588s] Invoking command in '/home/azthorax/fra333_ws/build/cocoax_kinematics': CMAKE_PREFIX_PATH=/opt/ros/foxy /usr/bin/cmake --build /home/azthorax/fra333_ws/build/cocoax_kinematics -- -j12 -l12
[1.640s] Invoked command in '/home/azthorax/fra333_ws/build/cocoax_kinematics' returned '0': CMAKE_PREFIX_PATH=/opt/ros/foxy /usr/bin/cmake --build /home/azthorax/fra333_ws/build/cocoax_kinematics -- -j12 -l12
[1.666s] Invoking command in '/home/azthorax/fra333_ws/build/cocoax_kinematics': CMAKE_PREFIX_PATH=/opt/ros/foxy /usr/bin/cmake --install /home/azthorax/fra333_ws/build/cocoax_kinematics
[1.675s] -- Install configuration: ""
[1.676s] -- Execute custom install script
[1.676s] -- Symlinking: /home/azthorax/fra333_ws/install/cocoax_kinematics/share/cocoax_kinematics/environment/pythonpath.sh
[1.685s] -- Symlinking: /home/azthorax/fra333_ws/install/cocoax_kinematics/share/cocoax_kinematics/environment/pythonpath.dsv
[1.694s] -- Symlinking: /home/azthorax/fra333_ws/install/cocoax_kinematics/lib/python3.8/site-packages/cocoax_kinematics/__init__.py
[1.705s] -- Symlinking: /home/azthorax/fra333_ws/install/cocoax_kinematics/lib/cocoax_kinematics/cocoax_kinematic.py
[1.715s] -- Symlinking: /home/azthorax/fra333_ws/install/cocoax_kinematics/share/cocoax_kinematics/launch/display_with_kinematic.launch.py
[1.725s] -- Symlinking: /home/azthorax/fra333_ws/install/cocoax_kinematics/share/ament_index/resource_index/package_run_dependencies/cocoax_kinematics
[1.732s] -- Symlinking: /home/azthorax/fra333_ws/install/cocoax_kinematics/share/ament_index/resource_index/parent_prefix_path/cocoax_kinematics
[1.743s] -- Symlinking: /home/azthorax/fra333_ws/install/cocoax_kinematics/share/cocoax_kinematics/environment/ament_prefix_path.sh
[1.752s] -- Symlinking: /home/azthorax/fra333_ws/install/cocoax_kinematics/share/cocoax_kinematics/environment/ament_prefix_path.dsv
[1.759s] -- Symlinking: /home/azthorax/fra333_ws/install/cocoax_kinematics/share/cocoax_kinematics/environment/path.sh
[1.772s] -- Symlinking: /home/azthorax/fra333_ws/install/cocoax_kinematics/share/cocoax_kinematics/environment/path.dsv
[1.785s] -- Symlinking: /home/azthorax/fra333_ws/install/cocoax_kinematics/share/cocoax_kinematics/local_setup.bash
[1.792s] -- Symlinking: /home/azthorax/fra333_ws/install/cocoax_kinematics/share/cocoax_kinematics/local_setup.sh
[1.800s] -- Symlinking: /home/azthorax/fra333_ws/install/cocoax_kinematics/share/cocoax_kinematics/local_setup.zsh
[1.812s] -- Symlinking: /home/azthorax/fra333_ws/install/cocoax_kinematics/share/cocoax_kinematics/local_setup.dsv
[1.821s] -- Symlinking: /home/azthorax/fra333_ws/install/cocoax_kinematics/share/cocoax_kinematics/package.dsv
[1.829s] -- Symlinking: /home/azthorax/fra333_ws/install/cocoax_kinematics/share/ament_index/resource_index/packages/cocoax_kinematics
[1.837s] -- Symlinking: /home/azthorax/fra333_ws/install/cocoax_kinematics/share/cocoax_kinematics/cmake/cocoax_kinematicsConfig.cmake
[1.847s] -- Symlinking: /home/azthorax/fra333_ws/install/cocoax_kinematics/share/cocoax_kinematics/cmake/cocoax_kinematicsConfig-version.cmake
[1.855s] -- Symlinking: /home/azthorax/fra333_ws/install/cocoax_kinematics/share/cocoax_kinematics/package.xml
[1.890s] Listing '/home/azthorax/fra333_ws/install/cocoax_kinematics/lib/python3.8/site-packages/cocoax_kinematics'...
[1.890s] Compiling '/home/azthorax/fra333_ws/install/cocoax_kinematics/lib/python3.8/site-packages/cocoax_kinematics/__init__.py'...
[1.897s] Invoked command in '/home/azthorax/fra333_ws/build/cocoax_kinematics' returned '0': CMAKE_PREFIX_PATH=/opt/ros/foxy /usr/bin/cmake --install /home/azthorax/fra333_ws/build/cocoax_kinematics
