[0.113s] Invoking command in '/home/azthorax/fra333_ws/build/cocoav_description': CMAKE_PREFIX_PATH=${CMAKE_PREFIX_PATH}:/opt/ros/foxy /usr/bin/cmake --build /home/azthorax/fra333_ws/build/cocoav_description -- -j12 -l12
[0.206s] Invoked command in '/home/azthorax/fra333_ws/build/cocoav_description' returned '0': CMAKE_PREFIX_PATH=${CMAKE_PREFIX_PATH}:/opt/ros/foxy /usr/bin/cmake --build /home/azthorax/fra333_ws/build/cocoav_description -- -j12 -l12
[0.277s] Invoking command in '/home/azthorax/fra333_ws/build/cocoav_description': CMAKE_PREFIX_PATH=${CMAKE_PREFIX_PATH}:/opt/ros/foxy /usr/bin/cmake --install /home/azthorax/fra333_ws/build/cocoav_description
[0.290s] -- Install configuration: ""
[0.290s] -- Execute custom install script
[0.290s] -- Up-to-date symlink: /home/azthorax/fra333_ws/install/cocoav_description/share/cocoav_description/environment/pythonpath.sh
[0.291s] -- Up-to-date symlink: /home/azthorax/fra333_ws/install/cocoav_description/share/cocoav_description/environment/pythonpath.dsv
[0.291s] -- Up-to-date symlink: /home/azthorax/fra333_ws/install/cocoav_description/lib/python3.8/site-packages/cocoav_description/__init__.py
[0.291s] -- Up-to-date symlink: /home/azthorax/fra333_ws/install/cocoav_description/share/cocoav_description/meshes/end_effector.stl
[0.291s] -- Up-to-date symlink: /home/azthorax/fra333_ws/install/cocoav_description/share/cocoav_description/meshes/link_0.stl
[0.291s] -- Up-to-date symlink: /home/azthorax/fra333_ws/install/cocoav_description/share/cocoav_description/meshes/link_1.stl
[0.291s] -- Up-to-date symlink: /home/azthorax/fra333_ws/install/cocoav_description/share/cocoav_description/meshes/link_1c.stl
[0.291s] -- Up-to-date symlink: /home/azthorax/fra333_ws/install/cocoav_description/share/cocoav_description/meshes/link_2.stl
[0.292s] -- Up-to-date symlink: /home/azthorax/fra333_ws/install/cocoav_description/share/cocoav_description/meshes/link_3.stl
[0.292s] -- Up-to-date symlink: /home/azthorax/fra333_ws/install/cocoav_description/share/cocoav_description/meshes/link_3c.stl
[0.292s] -- Up-to-date symlink: /home/azthorax/fra333_ws/install/cocoav_description/share/cocoav_description/robot/cocoav_gazebo.xacro
[0.293s] -- Up-to-date symlink: /home/azthorax/fra333_ws/install/cocoav_description/share/cocoav_description/robot/cocoav_include.xacro
[0.293s] -- Up-to-date symlink: /home/azthorax/fra333_ws/install/cocoav_description/share/cocoav_description/robot/cocoav_robot.urdf.xacro
[0.295s] -- Up-to-date symlink: /home/azthorax/fra333_ws/install/cocoav_description/share/cocoav_description/launch/display_gazebo.launch.py
[0.299s] -- Up-to-date symlink: /home/azthorax/fra333_ws/install/cocoav_description/share/cocoav_description/config/cocoa.rviz
[0.299s] -- Up-to-date symlink: /home/azthorax/fra333_ws/install/cocoav_description/share/cocoav_description/config/cocoa_controllers.yaml
[0.300s] -- Up-to-date symlink: /home/azthorax/fra333_ws/install/cocoav_description/share/ament_index/resource_index/package_run_dependencies/cocoav_description
[0.300s] -- Up-to-date symlink: /home/azthorax/fra333_ws/install/cocoav_description/share/ament_index/resource_index/parent_prefix_path/cocoav_description
[0.309s] -- Up-to-date symlink: /home/azthorax/fra333_ws/install/cocoav_description/share/cocoav_description/environment/ament_prefix_path.sh
[0.309s] -- Up-to-date symlink: /home/azthorax/fra333_ws/install/cocoav_description/share/cocoav_description/environment/ament_prefix_path.dsv
[0.309s] -- Up-to-date symlink: /home/azthorax/fra333_ws/install/cocoav_description/share/cocoav_description/environment/path.sh
[0.309s] -- Up-to-date symlink: /home/azthorax/fra333_ws/install/cocoav_description/share/cocoav_description/environment/path.dsv
[0.309s] -- Up-to-date symlink: /home/azthorax/fra333_ws/install/cocoav_description/share/cocoav_description/local_setup.bash
[0.309s] -- Up-to-date symlink: /home/azthorax/fra333_ws/install/cocoav_description/share/cocoav_description/local_setup.sh
[0.309s] -- Up-to-date symlink: /home/azthorax/fra333_ws/install/cocoav_description/share/cocoav_description/local_setup.zsh
[0.309s] -- Up-to-date symlink: /home/azthorax/fra333_ws/install/cocoav_description/share/cocoav_description/local_setup.dsv
[0.310s] -- Symlinking: /home/azthorax/fra333_ws/install/cocoav_description/share/cocoav_description/package.dsv
[0.317s] -- Up-to-date symlink: /home/azthorax/fra333_ws/install/cocoav_description/share/ament_index/resource_index/packages/cocoav_description
[0.318s] -- Up-to-date symlink: /home/azthorax/fra333_ws/install/cocoav_description/share/cocoav_description/cmake/cocoav_descriptionConfig.cmake
[0.318s] -- Up-to-date symlink: /home/azthorax/fra333_ws/install/cocoav_description/share/cocoav_description/cmake/cocoav_descriptionConfig-version.cmake
[0.319s] -- Up-to-date symlink: /home/azthorax/fra333_ws/install/cocoav_description/share/cocoav_description/package.xml
[0.367s] Listing '/home/azthorax/fra333_ws/install/cocoav_description/lib/python3.8/site-packages/cocoav_description'...
[0.386s] Invoked command in '/home/azthorax/fra333_ws/build/cocoav_description' returned '0': CMAKE_PREFIX_PATH=${CMAKE_PREFIX_PATH}:/opt/ros/foxy /usr/bin/cmake --install /home/azthorax/fra333_ws/build/cocoav_description
