-- Found ament_cmake: 0.9.11 (/opt/ros/foxy/share/ament_cmake/cmake)
-- Using PYTHON_EXECUTABLE: /usr/bin/python3
-- Override CMake install command with custom implementation using symlinks instead of copying resources
-- Found rclcpp: 2.4.2 (/opt/ros/foxy/share/rclcpp/cmake)
-- Using all available rosidl_typesupport_c: rosidl_typesupport_fastrtps_c;rosidl_typesupport_introspection_c
-- Found rosidl_adapter: 1.3.0 (/opt/ros/foxy/share/rosidl_adapter/cmake)
-- Using all available rosidl_typesupport_cpp: rosidl_typesupport_fastrtps_cpp;rosidl_typesupport_introspection_cpp
-- Found rmw_implementation_cmake: 1.0.3 (/opt/ros/foxy/share/rmw_implementation_cmake/cmake)
-- Using RMW implementation 'rmw_fastrtps_cpp' as default
-- Found rclpy: 1.0.11 (/opt/ros/foxy/share/rclpy/cmake)
-- Configuring done
-- Generating done
-- Build files have been written to: /home/azthorax/fra333_ws/build/cocoax_control
-- Install configuration: ""
-- Execute custom install script
-- Up-to-date symlink: /home/azthorax/fra333_ws/install/cocoax_control/share/cocoax_control/environment/pythonpath.sh
-- Up-to-date symlink: /home/azthorax/fra333_ws/install/cocoax_control/share/cocoax_control/environment/pythonpath.dsv
-- Up-to-date symlink: /home/azthorax/fra333_ws/install/cocoax_control/lib/python3.8/site-packages/cocoax_control/__init__.py
-- Up-to-date symlink: /home/azthorax/fra333_ws/install/cocoax_control/lib/cocoax_control/cocoax_tracker.py
-- Up-to-date symlink: /home/azthorax/fra333_ws/install/cocoax_control/lib/cocoax_control/cocoax_generator.py
-- Symlinking: /home/azthorax/fra333_ws/install/cocoax_control/share/cocoax_control/launch/cocoax_control.launch.py
-- Up-to-date symlink: /home/azthorax/fra333_ws/install/cocoax_control/share/cocoax_control/config/cocoax_pid_param.yaml
-- Up-to-date symlink: /home/azthorax/fra333_ws/install/cocoax_control/share/ament_index/resource_index/package_run_dependencies/cocoax_control
-- Up-to-date symlink: /home/azthorax/fra333_ws/install/cocoax_control/share/ament_index/resource_index/parent_prefix_path/cocoax_control
-- Up-to-date symlink: /home/azthorax/fra333_ws/install/cocoax_control/share/cocoax_control/environment/ament_prefix_path.sh
-- Up-to-date symlink: /home/azthorax/fra333_ws/install/cocoax_control/share/cocoax_control/environment/ament_prefix_path.dsv
-- Up-to-date symlink: /home/azthorax/fra333_ws/install/cocoax_control/share/cocoax_control/environment/path.sh
-- Up-to-date symlink: /home/azthorax/fra333_ws/install/cocoax_control/share/cocoax_control/environment/path.dsv
-- Up-to-date symlink: /home/azthorax/fra333_ws/install/cocoax_control/share/cocoax_control/local_setup.bash
-- Up-to-date symlink: /home/azthorax/fra333_ws/install/cocoax_control/share/cocoax_control/local_setup.sh
-- Up-to-date symlink: /home/azthorax/fra333_ws/install/cocoax_control/share/cocoax_control/local_setup.zsh
-- Up-to-date symlink: /home/azthorax/fra333_ws/install/cocoax_control/share/cocoax_control/local_setup.dsv
-- Symlinking: /home/azthorax/fra333_ws/install/cocoax_control/share/cocoax_control/package.dsv
-- Up-to-date symlink: /home/azthorax/fra333_ws/install/cocoax_control/share/ament_index/resource_index/packages/cocoax_control
-- Up-to-date symlink: /home/azthorax/fra333_ws/install/cocoax_control/share/cocoax_control/cmake/cocoax_controlConfig.cmake
-- Up-to-date symlink: /home/azthorax/fra333_ws/install/cocoax_control/share/cocoax_control/cmake/cocoax_controlConfig-version.cmake
-- Up-to-date symlink: /home/azthorax/fra333_ws/install/cocoax_control/share/cocoax_control/package.xml
Listing '/home/azthorax/fra333_ws/install/cocoax_control/lib/python3.8/site-packages/cocoax_control'...
