[0.046s] Invoking command in '/home/azthorax/fra333_ws/build/cocoax_control': CMAKE_PREFIX_PATH=${CMAKE_PREFIX_PATH}:/opt/ros/foxy /usr/bin/cmake /home/azthorax/fra333_ws/src/fra333_lab4_25_v1/cocoax_control -DCMAKE_INSTALL_PREFIX=/home/azthorax/fra333_ws/install/cocoax_control
[0.065s] -- Found ament_cmake: 0.9.11 (/opt/ros/foxy/share/ament_cmake/cmake)
[0.085s] -- Using PYTHON_EXECUTABLE: /usr/bin/python3
[0.265s] -- Override CMake install command with custom implementation using symlinks instead of copying resources
[0.276s] -- Found rclcpp: 2.4.2 (/opt/ros/foxy/share/rclcpp/cmake)
[0.304s] -- Using all available rosidl_typesupport_c: rosidl_typesupport_fastrtps_c;rosidl_typesupport_introspection_c
[0.307s] -- Found rosidl_adapter: 1.3.0 (/opt/ros/foxy/share/rosidl_adapter/cmake)
[0.414s] -- Using all available rosidl_typesupport_cpp: rosidl_typesupport_fastrtps_cpp;rosidl_typesupport_introspection_cpp
[0.459s] -- Found rmw_implementation_cmake: 1.0.3 (/opt/ros/foxy/share/rmw_implementation_cmake/cmake)
[0.460s] -- Using RMW implementation 'rmw_fastrtps_cpp' as default
[0.609s] -- Found rclpy: 1.0.11 (/opt/ros/foxy/share/rclpy/cmake)
[0.674s] -- Configuring done
[0.685s] -- Generating done
[0.686s] -- Build files have been written to: /home/azthorax/fra333_ws/build/cocoax_control
[0.690s] Invoked command in '/home/azthorax/fra333_ws/build/cocoax_control' returned '0': CMAKE_PREFIX_PATH=${CMAKE_PREFIX_PATH}:/opt/ros/foxy /usr/bin/cmake /home/azthorax/fra333_ws/src/fra333_lab4_25_v1/cocoax_control -DCMAKE_INSTALL_PREFIX=/home/azthorax/fra333_ws/install/cocoax_control
[0.694s] Invoking command in '/home/azthorax/fra333_ws/build/cocoax_control': CMAKE_PREFIX_PATH=${CMAKE_PREFIX_PATH}:/opt/ros/foxy /usr/bin/cmake --build /home/azthorax/fra333_ws/build/cocoax_control -- -j12 -l12
[0.730s] Invoked command in '/home/azthorax/fra333_ws/build/cocoax_control' returned '0': CMAKE_PREFIX_PATH=${CMAKE_PREFIX_PATH}:/opt/ros/foxy /usr/bin/cmake --build /home/azthorax/fra333_ws/build/cocoax_control -- -j12 -l12
[0.763s] Invoking command in '/home/azthorax/fra333_ws/build/cocoax_control': CMAKE_PREFIX_PATH=${CMAKE_PREFIX_PATH}:/opt/ros/foxy /usr/bin/cmake --install /home/azthorax/fra333_ws/build/cocoax_control
[0.775s] -- Install configuration: ""
[0.775s] -- Execute custom install script
[0.776s] -- Up-to-date symlink: /home/azthorax/fra333_ws/install/cocoax_control/share/cocoax_control/environment/pythonpath.sh
[0.776s] -- Up-to-date symlink: /home/azthorax/fra333_ws/install/cocoax_control/share/cocoax_control/environment/pythonpath.dsv
[0.776s] -- Up-to-date symlink: /home/azthorax/fra333_ws/install/cocoax_control/lib/python3.8/site-packages/cocoax_control/__init__.py
[0.776s] -- Up-to-date symlink: /home/azthorax/fra333_ws/install/cocoax_control/lib/cocoax_control/cocoax_tracker.py
[0.777s] -- Up-to-date symlink: /home/azthorax/fra333_ws/install/cocoax_control/lib/cocoax_control/cocoax_generator.py
[0.777s] -- Symlinking: /home/azthorax/fra333_ws/install/cocoax_control/share/cocoax_control/launch/cocoax_control.launch.py
[0.789s] -- Up-to-date symlink: /home/azthorax/fra333_ws/install/cocoax_control/share/cocoax_control/config/cocoax_pid_param.yaml
[0.790s] -- Up-to-date symlink: /home/azthorax/fra333_ws/install/cocoax_control/share/ament_index/resource_index/package_run_dependencies/cocoax_control
[0.790s] -- Up-to-date symlink: /home/azthorax/fra333_ws/install/cocoax_control/share/ament_index/resource_index/parent_prefix_path/cocoax_control
[0.791s] -- Up-to-date symlink: /home/azthorax/fra333_ws/install/cocoax_control/share/cocoax_control/environment/ament_prefix_path.sh
[0.791s] -- Up-to-date symlink: /home/azthorax/fra333_ws/install/cocoax_control/share/cocoax_control/environment/ament_prefix_path.dsv
[0.791s] -- Up-to-date symlink: /home/azthorax/fra333_ws/install/cocoax_control/share/cocoax_control/environment/path.sh
[0.792s] -- Up-to-date symlink: /home/azthorax/fra333_ws/install/cocoax_control/share/cocoax_control/environment/path.dsv
[0.792s] -- Up-to-date symlink: /home/azthorax/fra333_ws/install/cocoax_control/share/cocoax_control/local_setup.bash
[0.792s] -- Up-to-date symlink: /home/azthorax/fra333_ws/install/cocoax_control/share/cocoax_control/local_setup.sh
[0.793s] -- Up-to-date symlink: /home/azthorax/fra333_ws/install/cocoax_control/share/cocoax_control/local_setup.zsh
[0.793s] -- Up-to-date symlink: /home/azthorax/fra333_ws/install/cocoax_control/share/cocoax_control/local_setup.dsv
[0.794s] -- Symlinking: /home/azthorax/fra333_ws/install/cocoax_control/share/cocoax_control/package.dsv
[0.802s] -- Up-to-date symlink: /home/azthorax/fra333_ws/install/cocoax_control/share/ament_index/resource_index/packages/cocoax_control
[0.802s] -- Up-to-date symlink: /home/azthorax/fra333_ws/install/cocoax_control/share/cocoax_control/cmake/cocoax_controlConfig.cmake
[0.803s] -- Up-to-date symlink: /home/azthorax/fra333_ws/install/cocoax_control/share/cocoax_control/cmake/cocoax_controlConfig-version.cmake
[0.803s] -- Up-to-date symlink: /home/azthorax/fra333_ws/install/cocoax_control/share/cocoax_control/package.xml
[0.833s] Listing '/home/azthorax/fra333_ws/install/cocoax_control/lib/python3.8/site-packages/cocoax_control'...
[0.867s] Invoked command in '/home/azthorax/fra333_ws/build/cocoax_control' returned '0': CMAKE_PREFIX_PATH=${CMAKE_PREFIX_PATH}:/opt/ros/foxy /usr/bin/cmake --install /home/azthorax/fra333_ws/build/cocoax_control
