-- Found ament_cmake: 0.9.9 (/opt/ros/foxy/share/ament_cmake/cmake)
-- Using PYTHON_EXECUTABLE: /usr/bin/python3
-- Override CMake install command with custom implementation using symlinks instead of copying resources
-- Found rclcpp: 2.4.1 (/opt/ros/foxy/share/rclcpp/cmake)
-- Using all available rosidl_typesupport_c: rosidl_typesupport_fastrtps_c;rosidl_typesupport_introspection_c
-- Found rosidl_adapter: 1.2.1 (/opt/ros/foxy/share/rosidl_adapter/cmake)
-- Using all available rosidl_typesupport_cpp: rosidl_typesupport_fastrtps_cpp;rosidl_typesupport_introspection_cpp
-- Found rmw_implementation_cmake: 1.0.3 (/opt/ros/foxy/share/rmw_implementation_cmake/cmake)
-- Using RMW implementation 'rmw_fastrtps_cpp' as default
-- Found rclpy: 1.0.8 (/opt/ros/foxy/share/rclpy/cmake)
-- Configuring done
-- Generating done
-- Build files have been written to: /home/azthorax/fra333_ws/build/dummy
[100%] Built target cpp_node_test
-- Install configuration: ""
-- Execute custom install script
-- Up-to-date symlink: /home/azthorax/fra333_ws/install/dummy/share/dummy/environment/pythonpath.sh
-- Up-to-date symlink: /home/azthorax/fra333_ws/install/dummy/share/dummy/environment/pythonpath.dsv
-- Up-to-date symlink: /home/azthorax/fra333_ws/install/dummy/lib/python3.8/site-packages/dummy/__init__.py
-- Up-to-date symlink: /home/azthorax/fra333_ws/install/dummy/lib/python3.8/site-packages/dummy/dummy_module.py
-- Up-to-date symlink: /home/azthorax/fra333_ws/install/dummy/lib/dummy/dummy_script.py
-- Up-to-date symlink: /home/azthorax/fra333_ws/install/dummy/lib/dummy/cpp_node_test
-- Up-to-date symlink: /home/azthorax/fra333_ws/install/dummy/share/ament_index/resource_index/package_run_dependencies/dummy
-- Up-to-date symlink: /home/azthorax/fra333_ws/install/dummy/share/ament_index/resource_index/parent_prefix_path/dummy
-- Up-to-date symlink: /home/azthorax/fra333_ws/install/dummy/share/dummy/environment/ament_prefix_path.sh
-- Up-to-date symlink: /home/azthorax/fra333_ws/install/dummy/share/dummy/environment/ament_prefix_path.dsv
-- Up-to-date symlink: /home/azthorax/fra333_ws/install/dummy/share/dummy/environment/path.sh
-- Up-to-date symlink: /home/azthorax/fra333_ws/install/dummy/share/dummy/environment/path.dsv
-- Up-to-date symlink: /home/azthorax/fra333_ws/install/dummy/share/dummy/local_setup.bash
-- Up-to-date symlink: /home/azthorax/fra333_ws/install/dummy/share/dummy/local_setup.sh
-- Up-to-date symlink: /home/azthorax/fra333_ws/install/dummy/share/dummy/local_setup.zsh
-- Up-to-date symlink: /home/azthorax/fra333_ws/install/dummy/share/dummy/local_setup.dsv
-- Symlinking: /home/azthorax/fra333_ws/install/dummy/share/dummy/package.dsv
-- Up-to-date symlink: /home/azthorax/fra333_ws/install/dummy/share/ament_index/resource_index/packages/dummy
-- Up-to-date symlink: /home/azthorax/fra333_ws/install/dummy/share/dummy/cmake/dummyConfig.cmake
-- Up-to-date symlink: /home/azthorax/fra333_ws/install/dummy/share/dummy/cmake/dummyConfig-version.cmake
-- Up-to-date symlink: /home/azthorax/fra333_ws/install/dummy/share/dummy/package.xml
Listing '/home/azthorax/fra333_ws/install/dummy/lib/python3.8/site-packages/dummy'...
