[0.132s] DEBUG:colcon:Command line arguments: ['/usr/bin/colcon', 'build']
[0.132s] DEBUG:colcon:Parsed command line arguments: Namespace(allow_overriding=[], ament_cmake_args=None, base_paths=['.'], build_base='build', catkin_cmake_args=None, catkin_skip_building_tests=False, cmake_args=None, cmake_clean_cache=False, cmake_clean_first=False, cmake_force_configure=False, cmake_target=None, cmake_target_skip_unavailable=False, continue_on_error=False, event_handlers=None, executor='parallel', ignore_user_meta=False, install_base='install', log_base=None, log_level=None, main=<bound method BuildVerb.main of <colcon_core.verb.build.BuildVerb object at 0x7fb2e88cb9d0>>, merge_install=False, metas=['./colcon.meta'], packages_above=None, packages_above_and_dependencies=None, packages_above_depth=None, packages_end=None, packages_ignore=None, packages_ignore_regex=None, packages_select=None, packages_select_build_failed=False, packages_select_by_dep=None, packages_select_regex=None, packages_select_test_failures=False, packages_skip=None, packages_skip_build_finished=False, packages_skip_by_dep=None, packages_skip_regex=None, packages_skip_test_passed=False, packages_skip_up_to=None, packages_start=None, packages_up_to=None, packages_up_to_regex=None, parallel_workers=12, paths=None, symlink_install=False, test_result_base=None, verb_extension=<colcon_core.verb.build.BuildVerb object at 0x7fb2e88cb9d0>, verb_name='build', verb_parser=<colcon_defaults.argument_parser.defaults.DefaultArgumentsDecorator object at 0x7fb2e88cbf40>)
[0.156s] Level 1:colcon.colcon_core.package_discovery:discover_packages(colcon_meta) check parameters
[0.156s] Level 1:colcon.colcon_core.package_discovery:discover_packages(recursive) check parameters
[0.156s] Level 1:colcon.colcon_core.package_discovery:discover_packages(ignore) check parameters
[0.156s] Level 1:colcon.colcon_core.package_discovery:discover_packages(path) check parameters
[0.156s] Level 1:colcon.colcon_core.package_discovery:discover_packages(colcon_meta) discover
[0.156s] Level 1:colcon.colcon_core.package_discovery:discover_packages(recursive) discover
[0.156s] INFO:colcon.colcon_core.package_discovery:Crawling recursively for packages in '/home/azthorax/fra333_ws'
[0.156s] Level 1:colcon.colcon_core.package_identification:_identify(.) by extensions ['ignore', 'ignore_ament_install']
[0.157s] Level 1:colcon.colcon_core.package_identification:_identify(.) by extension 'ignore'
[0.157s] Level 1:colcon.colcon_core.package_identification:_identify(.) by extension 'ignore_ament_install'
[0.157s] Level 1:colcon.colcon_core.package_identification:_identify(.) by extensions ['colcon_pkg']
[0.157s] Level 1:colcon.colcon_core.package_identification:_identify(.) by extension 'colcon_pkg'
[0.157s] Level 1:colcon.colcon_core.package_identification:_identify(.) by extensions ['colcon_meta']
[0.157s] Level 1:colcon.colcon_core.package_identification:_identify(.) by extension 'colcon_meta'
[0.157s] Level 1:colcon.colcon_core.package_identification:_identify(.) by extensions ['ros']
[0.157s] Level 1:colcon.colcon_core.package_identification:_identify(.) by extension 'ros'
[0.166s] Level 1:colcon.colcon_core.package_identification:_identify(.) by extensions ['cmake', 'python']
[0.166s] Level 1:colcon.colcon_core.package_identification:_identify(.) by extension 'cmake'
[0.166s] Level 1:colcon.colcon_core.package_identification:_identify(.) by extension 'python'
[0.166s] Level 1:colcon.colcon_core.package_identification:_identify(.) by extensions ['python_setup_py']
[0.166s] Level 1:colcon.colcon_core.package_identification:_identify(.) by extension 'python_setup_py'
[0.166s] Level 1:colcon.colcon_core.package_identification:_identify(build) by extensions ['ignore', 'ignore_ament_install']
[0.166s] Level 1:colcon.colcon_core.package_identification:_identify(build) by extension 'ignore'
[0.166s] Level 1:colcon.colcon_core.package_identification:_identify(build) ignored
[0.166s] Level 1:colcon.colcon_core.package_identification:_identify(install) by extensions ['ignore', 'ignore_ament_install']
[0.166s] Level 1:colcon.colcon_core.package_identification:_identify(install) by extension 'ignore'
[0.166s] Level 1:colcon.colcon_core.package_identification:_identify(install) ignored
[0.166s] Level 1:colcon.colcon_core.package_identification:_identify(log) by extensions ['ignore', 'ignore_ament_install']
[0.166s] Level 1:colcon.colcon_core.package_identification:_identify(log) by extension 'ignore'
[0.166s] Level 1:colcon.colcon_core.package_identification:_identify(log) ignored
[0.166s] Level 1:colcon.colcon_core.package_identification:_identify(src) by extensions ['ignore', 'ignore_ament_install']
[0.166s] Level 1:colcon.colcon_core.package_identification:_identify(src) by extension 'ignore'
[0.167s] Level 1:colcon.colcon_core.package_identification:_identify(src) by extension 'ignore_ament_install'
[0.167s] Level 1:colcon.colcon_core.package_identification:_identify(src) by extensions ['colcon_pkg']
[0.167s] Level 1:colcon.colcon_core.package_identification:_identify(src) by extension 'colcon_pkg'
[0.167s] Level 1:colcon.colcon_core.package_identification:_identify(src) by extensions ['colcon_meta']
[0.167s] Level 1:colcon.colcon_core.package_identification:_identify(src) by extension 'colcon_meta'
[0.167s] Level 1:colcon.colcon_core.package_identification:_identify(src) by extensions ['ros']
[0.167s] Level 1:colcon.colcon_core.package_identification:_identify(src) by extension 'ros'
[0.167s] Level 1:colcon.colcon_core.package_identification:_identify(src) by extensions ['cmake', 'python']
[0.167s] Level 1:colcon.colcon_core.package_identification:_identify(src) by extension 'cmake'
[0.167s] Level 1:colcon.colcon_core.package_identification:_identify(src) by extension 'python'
[0.167s] Level 1:colcon.colcon_core.package_identification:_identify(src) by extensions ['python_setup_py']
[0.167s] Level 1:colcon.colcon_core.package_identification:_identify(src) by extension 'python_setup_py'
[0.167s] Level 1:colcon.colcon_core.package_identification:_identify(src/fra333_hw2_25) by extensions ['ignore', 'ignore_ament_install']
[0.167s] Level 1:colcon.colcon_core.package_identification:_identify(src/fra333_hw2_25) by extension 'ignore'
[0.167s] Level 1:colcon.colcon_core.package_identification:_identify(src/fra333_hw2_25) by extension 'ignore_ament_install'
[0.167s] Level 1:colcon.colcon_core.package_identification:_identify(src/fra333_hw2_25) by extensions ['colcon_pkg']
[0.167s] Level 1:colcon.colcon_core.package_identification:_identify(src/fra333_hw2_25) by extension 'colcon_pkg'
[0.167s] Level 1:colcon.colcon_core.package_identification:_identify(src/fra333_hw2_25) by extensions ['colcon_meta']
[0.167s] Level 1:colcon.colcon_core.package_identification:_identify(src/fra333_hw2_25) by extension 'colcon_meta'
[0.167s] Level 1:colcon.colcon_core.package_identification:_identify(src/fra333_hw2_25) by extensions ['ros']
[0.167s] Level 1:colcon.colcon_core.package_identification:_identify(src/fra333_hw2_25) by extension 'ros'
[0.167s] Level 1:colcon.colcon_core.package_identification:_identify(src/fra333_hw2_25) by extensions ['cmake', 'python']
[0.167s] Level 1:colcon.colcon_core.package_identification:_identify(src/fra333_hw2_25) by extension 'cmake'
[0.167s] Level 1:colcon.colcon_core.package_identification:_identify(src/fra333_hw2_25) by extension 'python'
[0.167s] Level 1:colcon.colcon_core.package_identification:_identify(src/fra333_hw2_25) by extensions ['python_setup_py']
[0.167s] Level 1:colcon.colcon_core.package_identification:_identify(src/fra333_hw2_25) by extension 'python_setup_py'
[0.168s] Level 1:colcon.colcon_core.package_identification:_identify(src/fra333_hw2_25/__pycache__) by extensions ['ignore', 'ignore_ament_install']
[0.168s] Level 1:colcon.colcon_core.package_identification:_identify(src/fra333_hw2_25/__pycache__) by extension 'ignore'
[0.168s] Level 1:colcon.colcon_core.package_identification:_identify(src/fra333_hw2_25/__pycache__) by extension 'ignore_ament_install'
[0.168s] Level 1:colcon.colcon_core.package_identification:_identify(src/fra333_hw2_25/__pycache__) by extensions ['colcon_pkg']
[0.168s] Level 1:colcon.colcon_core.package_identification:_identify(src/fra333_hw2_25/__pycache__) by extension 'colcon_pkg'
[0.168s] Level 1:colcon.colcon_core.package_identification:_identify(src/fra333_hw2_25/__pycache__) by extensions ['colcon_meta']
[0.168s] Level 1:colcon.colcon_core.package_identification:_identify(src/fra333_hw2_25/__pycache__) by extension 'colcon_meta'
[0.168s] Level 1:colcon.colcon_core.package_identification:_identify(src/fra333_hw2_25/__pycache__) by extensions ['ros']
[0.168s] Level 1:colcon.colcon_core.package_identification:_identify(src/fra333_hw2_25/__pycache__) by extension 'ros'
[0.168s] Level 1:colcon.colcon_core.package_identification:_identify(src/fra333_hw2_25/__pycache__) by extensions ['cmake', 'python']
[0.168s] Level 1:colcon.colcon_core.package_identification:_identify(src/fra333_hw2_25/__pycache__) by extension 'cmake'
[0.168s] Level 1:colcon.colcon_core.package_identification:_identify(src/fra333_hw2_25/__pycache__) by extension 'python'
[0.168s] Level 1:colcon.colcon_core.package_identification:_identify(src/fra333_hw2_25/__pycache__) by extensions ['python_setup_py']
[0.168s] Level 1:colcon.colcon_core.package_identification:_identify(src/fra333_hw2_25/__pycache__) by extension 'python_setup_py'
[0.168s] Level 1:colcon.colcon_core.package_identification:_identify(src/fra333_hw2_25/doc) by extensions ['ignore', 'ignore_ament_install']
[0.168s] Level 1:colcon.colcon_core.package_identification:_identify(src/fra333_hw2_25/doc) by extension 'ignore'
[0.168s] Level 1:colcon.colcon_core.package_identification:_identify(src/fra333_hw2_25/doc) by extension 'ignore_ament_install'
[0.168s] Level 1:colcon.colcon_core.package_identification:_identify(src/fra333_hw2_25/doc) by extensions ['colcon_pkg']
[0.168s] Level 1:colcon.colcon_core.package_identification:_identify(src/fra333_hw2_25/doc) by extension 'colcon_pkg'
[0.168s] Level 1:colcon.colcon_core.package_identification:_identify(src/fra333_hw2_25/doc) by extensions ['colcon_meta']
[0.168s] Level 1:colcon.colcon_core.package_identification:_identify(src/fra333_hw2_25/doc) by extension 'colcon_meta'
[0.168s] Level 1:colcon.colcon_core.package_identification:_identify(src/fra333_hw2_25/doc) by extensions ['ros']
[0.168s] Level 1:colcon.colcon_core.package_identification:_identify(src/fra333_hw2_25/doc) by extension 'ros'
[0.168s] Level 1:colcon.colcon_core.package_identification:_identify(src/fra333_hw2_25/doc) by extensions ['cmake', 'python']
[0.168s] Level 1:colcon.colcon_core.package_identification:_identify(src/fra333_hw2_25/doc) by extension 'cmake'
[0.168s] Level 1:colcon.colcon_core.package_identification:_identify(src/fra333_hw2_25/doc) by extension 'python'
[0.168s] Level 1:colcon.colcon_core.package_identification:_identify(src/fra333_hw2_25/doc) by extensions ['python_setup_py']
[0.169s] Level 1:colcon.colcon_core.package_identification:_identify(src/fra333_hw2_25/doc) by extension 'python_setup_py'
[0.169s] Level 1:colcon.colcon_core.package_identification:_identify(src/fra333_hw2_25/doc/__pycache__) by extensions ['ignore', 'ignore_ament_install']
[0.169s] Level 1:colcon.colcon_core.package_identification:_identify(src/fra333_hw2_25/doc/__pycache__) by extension 'ignore'
[0.169s] Level 1:colcon.colcon_core.package_identification:_identify(src/fra333_hw2_25/doc/__pycache__) by extension 'ignore_ament_install'
[0.169s] Level 1:colcon.colcon_core.package_identification:_identify(src/fra333_hw2_25/doc/__pycache__) by extensions ['colcon_pkg']
[0.169s] Level 1:colcon.colcon_core.package_identification:_identify(src/fra333_hw2_25/doc/__pycache__) by extension 'colcon_pkg'
[0.169s] Level 1:colcon.colcon_core.package_identification:_identify(src/fra333_hw2_25/doc/__pycache__) by extensions ['colcon_meta']
[0.169s] Level 1:colcon.colcon_core.package_identification:_identify(src/fra333_hw2_25/doc/__pycache__) by extension 'colcon_meta'
[0.169s] Level 1:colcon.colcon_core.package_identification:_identify(src/fra333_hw2_25/doc/__pycache__) by extensions ['ros']
[0.169s] Level 1:colcon.colcon_core.package_identification:_identify(src/fra333_hw2_25/doc/__pycache__) by extension 'ros'
[0.169s] Level 1:colcon.colcon_core.package_identification:_identify(src/fra333_hw2_25/doc/__pycache__) by extensions ['cmake', 'python']
[0.169s] Level 1:colcon.colcon_core.package_identification:_identify(src/fra333_hw2_25/doc/__pycache__) by extension 'cmake'
[0.169s] Level 1:colcon.colcon_core.package_identification:_identify(src/fra333_hw2_25/doc/__pycache__) by extension 'python'
[0.169s] Level 1:colcon.colcon_core.package_identification:_identify(src/fra333_hw2_25/doc/__pycache__) by extensions ['python_setup_py']
[0.169s] Level 1:colcon.colcon_core.package_identification:_identify(src/fra333_hw2_25/doc/__pycache__) by extension 'python_setup_py'
[0.169s] Level 1:colcon.colcon_core.package_identification:_identify(src/fra333_lab4_25_v1) by extensions ['ignore', 'ignore_ament_install']
[0.169s] Level 1:colcon.colcon_core.package_identification:_identify(src/fra333_lab4_25_v1) by extension 'ignore'
[0.169s] Level 1:colcon.colcon_core.package_identification:_identify(src/fra333_lab4_25_v1) by extension 'ignore_ament_install'
[0.169s] Level 1:colcon.colcon_core.package_identification:_identify(src/fra333_lab4_25_v1) by extensions ['colcon_pkg']
[0.169s] Level 1:colcon.colcon_core.package_identification:_identify(src/fra333_lab4_25_v1) by extension 'colcon_pkg'
[0.169s] Level 1:colcon.colcon_core.package_identification:_identify(src/fra333_lab4_25_v1) by extensions ['colcon_meta']
[0.169s] Level 1:colcon.colcon_core.package_identification:_identify(src/fra333_lab4_25_v1) by extension 'colcon_meta'
[0.169s] Level 1:colcon.colcon_core.package_identification:_identify(src/fra333_lab4_25_v1) by extensions ['ros']
[0.169s] Level 1:colcon.colcon_core.package_identification:_identify(src/fra333_lab4_25_v1) by extension 'ros'
[0.169s] Level 1:colcon.colcon_core.package_identification:_identify(src/fra333_lab4_25_v1) by extensions ['cmake', 'python']
[0.169s] Level 1:colcon.colcon_core.package_identification:_identify(src/fra333_lab4_25_v1) by extension 'cmake'
[0.170s] Level 1:colcon.colcon_core.package_identification:_identify(src/fra333_lab4_25_v1) by extension 'python'
[0.170s] Level 1:colcon.colcon_core.package_identification:_identify(src/fra333_lab4_25_v1) by extensions ['python_setup_py']
[0.170s] Level 1:colcon.colcon_core.package_identification:_identify(src/fra333_lab4_25_v1) by extension 'python_setup_py'
[0.170s] Level 1:colcon.colcon_core.package_identification:_identify(src/fra333_lab4_25_v1/cocoax_control) by extensions ['ignore', 'ignore_ament_install']
[0.170s] Level 1:colcon.colcon_core.package_identification:_identify(src/fra333_lab4_25_v1/cocoax_control) by extension 'ignore'
[0.170s] Level 1:colcon.colcon_core.package_identification:_identify(src/fra333_lab4_25_v1/cocoax_control) by extension 'ignore_ament_install'
[0.170s] Level 1:colcon.colcon_core.package_identification:_identify(src/fra333_lab4_25_v1/cocoax_control) by extensions ['colcon_pkg']
[0.170s] Level 1:colcon.colcon_core.package_identification:_identify(src/fra333_lab4_25_v1/cocoax_control) by extension 'colcon_pkg'
[0.170s] Level 1:colcon.colcon_core.package_identification:_identify(src/fra333_lab4_25_v1/cocoax_control) by extensions ['colcon_meta']
[0.170s] Level 1:colcon.colcon_core.package_identification:_identify(src/fra333_lab4_25_v1/cocoax_control) by extension 'colcon_meta'
[0.170s] Level 1:colcon.colcon_core.package_identification:_identify(src/fra333_lab4_25_v1/cocoax_control) by extensions ['ros']
[0.170s] Level 1:colcon.colcon_core.package_identification:_identify(src/fra333_lab4_25_v1/cocoax_control) by extension 'ros'
[0.172s] DEBUG:colcon.colcon_core.package_identification:Package 'src/fra333_lab4_25_v1/cocoax_control' with type 'ros.ament_cmake' and name 'cocoax_control'
[0.172s] Level 1:colcon.colcon_core.package_identification:_identify(src/fra333_lab4_25_v1/cocoax_description) by extensions ['ignore', 'ignore_ament_install']
[0.172s] Level 1:colcon.colcon_core.package_identification:_identify(src/fra333_lab4_25_v1/cocoax_description) by extension 'ignore'
[0.172s] Level 1:colcon.colcon_core.package_identification:_identify(src/fra333_lab4_25_v1/cocoax_description) by extension 'ignore_ament_install'
[0.172s] Level 1:colcon.colcon_core.package_identification:_identify(src/fra333_lab4_25_v1/cocoax_description) by extensions ['colcon_pkg']
[0.172s] Level 1:colcon.colcon_core.package_identification:_identify(src/fra333_lab4_25_v1/cocoax_description) by extension 'colcon_pkg'
[0.172s] Level 1:colcon.colcon_core.package_identification:_identify(src/fra333_lab4_25_v1/cocoax_description) by extensions ['colcon_meta']
[0.172s] Level 1:colcon.colcon_core.package_identification:_identify(src/fra333_lab4_25_v1/cocoax_description) by extension 'colcon_meta'
[0.172s] Level 1:colcon.colcon_core.package_identification:_identify(src/fra333_lab4_25_v1/cocoax_description) by extensions ['ros']
[0.172s] Level 1:colcon.colcon_core.package_identification:_identify(src/fra333_lab4_25_v1/cocoax_description) by extension 'ros'
[0.173s] DEBUG:colcon.colcon_core.package_identification:Package 'src/fra333_lab4_25_v1/cocoax_description' with type 'ros.ament_cmake' and name 'cocoax_description'
[0.173s] Level 1:colcon.colcon_core.package_identification:_identify(src/fra333_lab4_25_v1/cocoax_interfaces) by extensions ['ignore', 'ignore_ament_install']
[0.173s] Level 1:colcon.colcon_core.package_identification:_identify(src/fra333_lab4_25_v1/cocoax_interfaces) by extension 'ignore'
[0.173s] Level 1:colcon.colcon_core.package_identification:_identify(src/fra333_lab4_25_v1/cocoax_interfaces) by extension 'ignore_ament_install'
[0.173s] Level 1:colcon.colcon_core.package_identification:_identify(src/fra333_lab4_25_v1/cocoax_interfaces) by extensions ['colcon_pkg']
[0.173s] Level 1:colcon.colcon_core.package_identification:_identify(src/fra333_lab4_25_v1/cocoax_interfaces) by extension 'colcon_pkg'
[0.173s] Level 1:colcon.colcon_core.package_identification:_identify(src/fra333_lab4_25_v1/cocoax_interfaces) by extensions ['colcon_meta']
[0.173s] Level 1:colcon.colcon_core.package_identification:_identify(src/fra333_lab4_25_v1/cocoax_interfaces) by extension 'colcon_meta'
[0.173s] Level 1:colcon.colcon_core.package_identification:_identify(src/fra333_lab4_25_v1/cocoax_interfaces) by extensions ['ros']
[0.173s] Level 1:colcon.colcon_core.package_identification:_identify(src/fra333_lab4_25_v1/cocoax_interfaces) by extension 'ros'
[0.174s] DEBUG:colcon.colcon_core.package_identification:Package 'src/fra333_lab4_25_v1/cocoax_interfaces' with type 'ros.ament_cmake' and name 'cocoax_interfaces'
[0.174s] Level 1:colcon.colcon_core.package_identification:_identify(src/fra333_lab4_25_v1/cocoax_kinematics) by extensions ['ignore', 'ignore_ament_install']
[0.174s] Level 1:colcon.colcon_core.package_identification:_identify(src/fra333_lab4_25_v1/cocoax_kinematics) by extension 'ignore'
[0.174s] Level 1:colcon.colcon_core.package_identification:_identify(src/fra333_lab4_25_v1/cocoax_kinematics) by extension 'ignore_ament_install'
[0.174s] Level 1:colcon.colcon_core.package_identification:_identify(src/fra333_lab4_25_v1/cocoax_kinematics) by extensions ['colcon_pkg']
[0.174s] Level 1:colcon.colcon_core.package_identification:_identify(src/fra333_lab4_25_v1/cocoax_kinematics) by extension 'colcon_pkg'
[0.174s] Level 1:colcon.colcon_core.package_identification:_identify(src/fra333_lab4_25_v1/cocoax_kinematics) by extensions ['colcon_meta']
[0.174s] Level 1:colcon.colcon_core.package_identification:_identify(src/fra333_lab4_25_v1/cocoax_kinematics) by extension 'colcon_meta'
[0.174s] Level 1:colcon.colcon_core.package_identification:_identify(src/fra333_lab4_25_v1/cocoax_kinematics) by extensions ['ros']
[0.174s] Level 1:colcon.colcon_core.package_identification:_identify(src/fra333_lab4_25_v1/cocoax_kinematics) by extension 'ros'
[0.174s] DEBUG:colcon.colcon_core.package_identification:Package 'src/fra333_lab4_25_v1/cocoax_kinematics' with type 'ros.ament_cmake' and name 'cocoax_kinematics'
[0.175s] Level 1:colcon.colcon_core.package_identification:_identify(src/fra333_lab4_25_v1/doc) by extensions ['ignore', 'ignore_ament_install']
[0.175s] Level 1:colcon.colcon_core.package_identification:_identify(src/fra333_lab4_25_v1/doc) by extension 'ignore'
[0.175s] Level 1:colcon.colcon_core.package_identification:_identify(src/fra333_lab4_25_v1/doc) by extension 'ignore_ament_install'
[0.175s] Level 1:colcon.colcon_core.package_identification:_identify(src/fra333_lab4_25_v1/doc) by extensions ['colcon_pkg']
[0.175s] Level 1:colcon.colcon_core.package_identification:_identify(src/fra333_lab4_25_v1/doc) by extension 'colcon_pkg'
[0.175s] Level 1:colcon.colcon_core.package_identification:_identify(src/fra333_lab4_25_v1/doc) by extensions ['colcon_meta']
[0.175s] Level 1:colcon.colcon_core.package_identification:_identify(src/fra333_lab4_25_v1/doc) by extension 'colcon_meta'
[0.175s] Level 1:colcon.colcon_core.package_identification:_identify(src/fra333_lab4_25_v1/doc) by extensions ['ros']
[0.175s] Level 1:colcon.colcon_core.package_identification:_identify(src/fra333_lab4_25_v1/doc) by extension 'ros'
[0.175s] Level 1:colcon.colcon_core.package_identification:_identify(src/fra333_lab4_25_v1/doc) by extensions ['cmake', 'python']
[0.175s] Level 1:colcon.colcon_core.package_identification:_identify(src/fra333_lab4_25_v1/doc) by extension 'cmake'
[0.175s] Level 1:colcon.colcon_core.package_identification:_identify(src/fra333_lab4_25_v1/doc) by extension 'python'
[0.175s] Level 1:colcon.colcon_core.package_identification:_identify(src/fra333_lab4_25_v1/doc) by extensions ['python_setup_py']
[0.175s] Level 1:colcon.colcon_core.package_identification:_identify(src/fra333_lab4_25_v1/doc) by extension 'python_setup_py'
[0.175s] Level 1:colcon.colcon_core.package_discovery:discover_packages(recursive) using defaults
[0.175s] Level 1:colcon.colcon_core.package_discovery:discover_packages(ignore) discover
[0.175s] Level 1:colcon.colcon_core.package_discovery:discover_packages(ignore) using defaults
[0.175s] Level 1:colcon.colcon_core.package_discovery:discover_packages(path) discover
[0.175s] Level 1:colcon.colcon_core.package_discovery:discover_packages(path) using defaults
[0.194s] Level 1:colcon.colcon_core.package_discovery:discover_packages(prefix_path) check parameters
[0.194s] Level 1:colcon.colcon_core.package_discovery:discover_packages(prefix_path) discover
[0.196s] DEBUG:colcon.colcon_installed_package_information.package_discovery:Found 4 installed packages in /home/azthorax/fra333_ws/install
[0.198s] DEBUG:colcon.colcon_installed_package_information.package_discovery:Found 289 installed packages in /opt/ros/foxy
[0.199s] Level 1:colcon.colcon_core.package_discovery:discover_packages(prefix_path) using defaults
[0.258s] Level 5:colcon.colcon_core.verb:set package 'cocoax_control' build argument 'cmake_args' from command line to 'None'
[0.258s] Level 5:colcon.colcon_core.verb:set package 'cocoax_control' build argument 'cmake_target' from command line to 'None'
[0.258s] Level 5:colcon.colcon_core.verb:set package 'cocoax_control' build argument 'cmake_target_skip_unavailable' from command line to 'False'
[0.258s] Level 5:colcon.colcon_core.verb:set package 'cocoax_control' build argument 'cmake_clean_cache' from command line to 'False'
[0.258s] Level 5:colcon.colcon_core.verb:set package 'cocoax_control' build argument 'cmake_clean_first' from command line to 'False'
[0.258s] Level 5:colcon.colcon_core.verb:set package 'cocoax_control' build argument 'cmake_force_configure' from command line to 'False'
[0.258s] Level 5:colcon.colcon_core.verb:set package 'cocoax_control' build argument 'ament_cmake_args' from command line to 'None'
[0.258s] Level 5:colcon.colcon_core.verb:set package 'cocoax_control' build argument 'catkin_cmake_args' from command line to 'None'
[0.258s] Level 5:colcon.colcon_core.verb:set package 'cocoax_control' build argument 'catkin_skip_building_tests' from command line to 'False'
[0.258s] DEBUG:colcon.colcon_core.verb:Building package 'cocoax_control' with the following arguments: {'ament_cmake_args': None, 'build_base': '/home/azthorax/fra333_ws/build/cocoax_control', 'catkin_cmake_args': None, 'catkin_skip_building_tests': False, 'cmake_args': None, 'cmake_clean_cache': False, 'cmake_clean_first': False, 'cmake_force_configure': False, 'cmake_target': None, 'cmake_target_skip_unavailable': False, 'install_base': '/home/azthorax/fra333_ws/install/cocoax_control', 'merge_install': False, 'path': '/home/azthorax/fra333_ws/src/fra333_lab4_25_v1/cocoax_control', 'symlink_install': False, 'test_result_base': None}
[0.259s] Level 5:colcon.colcon_core.verb:set package 'cocoax_description' build argument 'cmake_args' from command line to 'None'
[0.259s] Level 5:colcon.colcon_core.verb:set package 'cocoax_description' build argument 'cmake_target' from command line to 'None'
[0.259s] Level 5:colcon.colcon_core.verb:set package 'cocoax_description' build argument 'cmake_target_skip_unavailable' from command line to 'False'
[0.259s] Level 5:colcon.colcon_core.verb:set package 'cocoax_description' build argument 'cmake_clean_cache' from command line to 'False'
[0.259s] Level 5:colcon.colcon_core.verb:set package 'cocoax_description' build argument 'cmake_clean_first' from command line to 'False'
[0.259s] Level 5:colcon.colcon_core.verb:set package 'cocoax_description' build argument 'cmake_force_configure' from command line to 'False'
[0.259s] Level 5:colcon.colcon_core.verb:set package 'cocoax_description' build argument 'ament_cmake_args' from command line to 'None'
[0.259s] Level 5:colcon.colcon_core.verb:set package 'cocoax_description' build argument 'catkin_cmake_args' from command line to 'None'
[0.259s] Level 5:colcon.colcon_core.verb:set package 'cocoax_description' build argument 'catkin_skip_building_tests' from command line to 'False'
[0.259s] DEBUG:colcon.colcon_core.verb:Building package 'cocoax_description' with the following arguments: {'ament_cmake_args': None, 'build_base': '/home/azthorax/fra333_ws/build/cocoax_description', 'catkin_cmake_args': None, 'catkin_skip_building_tests': False, 'cmake_args': None, 'cmake_clean_cache': False, 'cmake_clean_first': False, 'cmake_force_configure': False, 'cmake_target': None, 'cmake_target_skip_unavailable': False, 'install_base': '/home/azthorax/fra333_ws/install/cocoax_description', 'merge_install': False, 'path': '/home/azthorax/fra333_ws/src/fra333_lab4_25_v1/cocoax_description', 'symlink_install': False, 'test_result_base': None}
[0.260s] Level 5:colcon.colcon_core.verb:set package 'cocoax_interfaces' build argument 'cmake_args' from command line to 'None'
[0.260s] Level 5:colcon.colcon_core.verb:set package 'cocoax_interfaces' build argument 'cmake_target' from command line to 'None'
[0.260s] Level 5:colcon.colcon_core.verb:set package 'cocoax_interfaces' build argument 'cmake_target_skip_unavailable' from command line to 'False'
[0.260s] Level 5:colcon.colcon_core.verb:set package 'cocoax_interfaces' build argument 'cmake_clean_cache' from command line to 'False'
[0.260s] Level 5:colcon.colcon_core.verb:set package 'cocoax_interfaces' build argument 'cmake_clean_first' from command line to 'False'
[0.260s] Level 5:colcon.colcon_core.verb:set package 'cocoax_interfaces' build argument 'cmake_force_configure' from command line to 'False'
[0.260s] Level 5:colcon.colcon_core.verb:set package 'cocoax_interfaces' build argument 'ament_cmake_args' from command line to 'None'
[0.260s] Level 5:colcon.colcon_core.verb:set package 'cocoax_interfaces' build argument 'catkin_cmake_args' from command line to 'None'
[0.260s] Level 5:colcon.colcon_core.verb:set package 'cocoax_interfaces' build argument 'catkin_skip_building_tests' from command line to 'False'
[0.260s] DEBUG:colcon.colcon_core.verb:Building package 'cocoax_interfaces' with the following arguments: {'ament_cmake_args': None, 'build_base': '/home/azthorax/fra333_ws/build/cocoax_interfaces', 'catkin_cmake_args': None, 'catkin_skip_building_tests': False, 'cmake_args': None, 'cmake_clean_cache': False, 'cmake_clean_first': False, 'cmake_force_configure': False, 'cmake_target': None, 'cmake_target_skip_unavailable': False, 'install_base': '/home/azthorax/fra333_ws/install/cocoax_interfaces', 'merge_install': False, 'path': '/home/azthorax/fra333_ws/src/fra333_lab4_25_v1/cocoax_interfaces', 'symlink_install': False, 'test_result_base': None}
[0.261s] Level 5:colcon.colcon_core.verb:set package 'cocoax_kinematics' build argument 'cmake_args' from command line to 'None'
[0.261s] Level 5:colcon.colcon_core.verb:set package 'cocoax_kinematics' build argument 'cmake_target' from command line to 'None'
[0.261s] Level 5:colcon.colcon_core.verb:set package 'cocoax_kinematics' build argument 'cmake_target_skip_unavailable' from command line to 'False'
[0.261s] Level 5:colcon.colcon_core.verb:set package 'cocoax_kinematics' build argument 'cmake_clean_cache' from command line to 'False'
[0.261s] Level 5:colcon.colcon_core.verb:set package 'cocoax_kinematics' build argument 'cmake_clean_first' from command line to 'False'
[0.261s] Level 5:colcon.colcon_core.verb:set package 'cocoax_kinematics' build argument 'cmake_force_configure' from command line to 'False'
[0.261s] Level 5:colcon.colcon_core.verb:set package 'cocoax_kinematics' build argument 'ament_cmake_args' from command line to 'None'
[0.261s] Level 5:colcon.colcon_core.verb:set package 'cocoax_kinematics' build argument 'catkin_cmake_args' from command line to 'None'
[0.261s] Level 5:colcon.colcon_core.verb:set package 'cocoax_kinematics' build argument 'catkin_skip_building_tests' from command line to 'False'
[0.261s] DEBUG:colcon.colcon_core.verb:Building package 'cocoax_kinematics' with the following arguments: {'ament_cmake_args': None, 'build_base': '/home/azthorax/fra333_ws/build/cocoax_kinematics', 'catkin_cmake_args': None, 'catkin_skip_building_tests': False, 'cmake_args': None, 'cmake_clean_cache': False, 'cmake_clean_first': False, 'cmake_force_configure': False, 'cmake_target': None, 'cmake_target_skip_unavailable': False, 'install_base': '/home/azthorax/fra333_ws/install/cocoax_kinematics', 'merge_install': False, 'path': '/home/azthorax/fra333_ws/src/fra333_lab4_25_v1/cocoax_kinematics', 'symlink_install': False, 'test_result_base': None}
[0.262s] INFO:colcon.colcon_core.executor:Executing jobs using 'parallel' executor
[0.266s] DEBUG:colcon.colcon_parallel_executor.executor.parallel:run_until_complete
[0.266s] INFO:colcon.colcon_ros.task.ament_cmake.build:Building ROS package in '/home/azthorax/fra333_ws/src/fra333_lab4_25_v1/cocoax_control' with build type 'ament_cmake'
[0.266s] INFO:colcon.colcon_cmake.task.cmake.build:Building CMake package in '/home/azthorax/fra333_ws/src/fra333_lab4_25_v1/cocoax_control'
[0.270s] INFO:colcon.colcon_core.plugin_system:Skipping extension 'colcon_core.shell.bat': Not used on non-Windows systems
[0.270s] INFO:colcon.colcon_core.shell:Skip shell extension 'powershell' for command environment: Not usable outside of PowerShell
[0.270s] DEBUG:colcon.colcon_core.shell:Skip shell extension 'dsv' for command environment
[0.276s] INFO:colcon.colcon_ros.task.ament_cmake.build:Building ROS package in '/home/azthorax/fra333_ws/src/fra333_lab4_25_v1/cocoax_description' with build type 'ament_cmake'
[0.276s] INFO:colcon.colcon_cmake.task.cmake.build:Building CMake package in '/home/azthorax/fra333_ws/src/fra333_lab4_25_v1/cocoax_description'
[0.278s] INFO:colcon.colcon_core.shell:Skip shell extension 'powershell' for command environment: Not usable outside of PowerShell
[0.278s] DEBUG:colcon.colcon_core.shell:Skip shell extension 'dsv' for command environment
[0.284s] INFO:colcon.colcon_ros.task.ament_cmake.build:Building ROS package in '/home/azthorax/fra333_ws/src/fra333_lab4_25_v1/cocoax_interfaces' with build type 'ament_cmake'
[0.284s] INFO:colcon.colcon_cmake.task.cmake.build:Building CMake package in '/home/azthorax/fra333_ws/src/fra333_lab4_25_v1/cocoax_interfaces'
[0.286s] INFO:colcon.colcon_core.shell:Skip shell extension 'powershell' for command environment: Not usable outside of PowerShell
[0.286s] DEBUG:colcon.colcon_core.shell:Skip shell extension 'dsv' for command environment
[0.292s] INFO:colcon.colcon_ros.task.ament_cmake.build:Building ROS package in '/home/azthorax/fra333_ws/src/fra333_lab4_25_v1/cocoax_kinematics' with build type 'ament_cmake'
[0.293s] INFO:colcon.colcon_cmake.task.cmake.build:Building CMake package in '/home/azthorax/fra333_ws/src/fra333_lab4_25_v1/cocoax_kinematics'
[0.295s] INFO:colcon.colcon_core.shell:Skip shell extension 'powershell' for command environment: Not usable outside of PowerShell
[0.295s] DEBUG:colcon.colcon_core.shell:Skip shell extension 'dsv' for command environment
[0.307s] DEBUG:colcon.colcon_core.event_handler.log_command:Invoking command in '/home/azthorax/fra333_ws/build/cocoax_control': CMAKE_PREFIX_PATH=${CMAKE_PREFIX_PATH}:/opt/ros/foxy /usr/bin/cmake --build /home/azthorax/fra333_ws/build/cocoax_control -- -j12 -l12
[0.312s] DEBUG:colcon.colcon_core.event_handler.log_command:Invoking command in '/home/azthorax/fra333_ws/build/cocoax_description': CMAKE_PREFIX_PATH=${CMAKE_PREFIX_PATH}:/opt/ros/foxy /usr/bin/cmake --build /home/azthorax/fra333_ws/build/cocoax_description -- -j12 -l12
[0.317s] DEBUG:colcon.colcon_core.event_handler.log_command:Invoking command in '/home/azthorax/fra333_ws/build/cocoax_interfaces': CMAKE_PREFIX_PATH=${CMAKE_PREFIX_PATH}:/opt/ros/foxy /usr/bin/cmake --build /home/azthorax/fra333_ws/build/cocoax_interfaces -- -j12 -l12
[0.328s] DEBUG:colcon.colcon_core.event_handler.log_command:Invoking command in '/home/azthorax/fra333_ws/build/cocoax_kinematics': CMAKE_PREFIX_PATH=${CMAKE_PREFIX_PATH}:/opt/ros/foxy /usr/bin/cmake --build /home/azthorax/fra333_ws/build/cocoax_kinematics -- -j12 -l12
[0.348s] DEBUG:colcon.colcon_core.event_handler.log_command:Invoked command in '/home/azthorax/fra333_ws/build/cocoax_control' returned '0': CMAKE_PREFIX_PATH=${CMAKE_PREFIX_PATH}:/opt/ros/foxy /usr/bin/cmake --build /home/azthorax/fra333_ws/build/cocoax_control -- -j12 -l12
[0.363s] DEBUG:colcon.colcon_core.event_handler.log_command:Invoked command in '/home/azthorax/fra333_ws/build/cocoax_kinematics' returned '0': CMAKE_PREFIX_PATH=${CMAKE_PREFIX_PATH}:/opt/ros/foxy /usr/bin/cmake --build /home/azthorax/fra333_ws/build/cocoax_kinematics -- -j12 -l12
[0.388s] DEBUG:colcon.colcon_core.event_handler.log_command:Invoking command in '/home/azthorax/fra333_ws/build/cocoax_control': CMAKE_PREFIX_PATH=${CMAKE_PREFIX_PATH}:/opt/ros/foxy /usr/bin/cmake --install /home/azthorax/fra333_ws/build/cocoax_control
[0.392s] DEBUG:colcon.colcon_core.event_handler.log_command:Invoked command in '/home/azthorax/fra333_ws/build/cocoax_description' returned '0': CMAKE_PREFIX_PATH=${CMAKE_PREFIX_PATH}:/opt/ros/foxy /usr/bin/cmake --build /home/azthorax/fra333_ws/build/cocoax_description -- -j12 -l12
[0.397s] DEBUG:colcon.colcon_core.event_handler.log_command:Invoking command in '/home/azthorax/fra333_ws/build/cocoax_kinematics': CMAKE_PREFIX_PATH=${CMAKE_PREFIX_PATH}:/opt/ros/foxy /usr/bin/cmake --install /home/azthorax/fra333_ws/build/cocoax_kinematics
[0.419s] DEBUG:colcon.colcon_core.event_handler.log_command:Invoking command in '/home/azthorax/fra333_ws/build/cocoax_description': CMAKE_PREFIX_PATH=${CMAKE_PREFIX_PATH}:/opt/ros/foxy /usr/bin/cmake --install /home/azthorax/fra333_ws/build/cocoax_description
[0.455s] Level 1:colcon.colcon_core.environment:create_environment_scripts_only(cocoax_control)
[0.458s] DEBUG:colcon.colcon_core.event_handler.log_command:Invoked command in '/home/azthorax/fra333_ws/build/cocoax_control' returned '0': CMAKE_PREFIX_PATH=${CMAKE_PREFIX_PATH}:/opt/ros/foxy /usr/bin/cmake --install /home/azthorax/fra333_ws/build/cocoax_control
[0.464s] Level 1:colcon.colcon_core.environment:checking '/home/azthorax/fra333_ws/install/cocoax_control' for CMake module files
[0.464s] Level 1:colcon.colcon_core.environment:checking '/home/azthorax/fra333_ws/install/cocoax_control' for CMake config files
[0.465s] Level 1:colcon.colcon_core.shell:create_environment_hook('cocoax_control', 'cmake_prefix_path')
[0.466s] INFO:colcon.colcon_core.shell:Creating environment hook '/home/azthorax/fra333_ws/install/cocoax_control/share/cocoax_control/hook/cmake_prefix_path.ps1'
[0.467s] INFO:colcon.colcon_core.shell:Creating environment descriptor '/home/azthorax/fra333_ws/install/cocoax_control/share/cocoax_control/hook/cmake_prefix_path.dsv'
[0.467s] INFO:colcon.colcon_core.shell:Creating environment hook '/home/azthorax/fra333_ws/install/cocoax_control/share/cocoax_control/hook/cmake_prefix_path.sh'
[0.468s] Level 1:colcon.colcon_core.environment:checking '/home/azthorax/fra333_ws/install/cocoax_control/lib'
[0.468s] Level 1:colcon.colcon_core.environment:checking '/home/azthorax/fra333_ws/install/cocoax_control/bin'
[0.468s] Level 1:colcon.colcon_core.environment:checking '/home/azthorax/fra333_ws/install/cocoax_control/lib/pkgconfig/cocoax_control.pc'
[0.468s] Level 1:colcon.colcon_core.environment:checking '/home/azthorax/fra333_ws/install/cocoax_control/lib/python3.8/site-packages'
[0.469s] Level 1:colcon.colcon_core.shell:create_environment_hook('cocoax_control', 'pythonpath')
[0.470s] INFO:colcon.colcon_core.shell:Creating environment hook '/home/azthorax/fra333_ws/install/cocoax_control/share/cocoax_control/hook/pythonpath.ps1'
[0.470s] INFO:colcon.colcon_core.shell:Creating environment descriptor '/home/azthorax/fra333_ws/install/cocoax_control/share/cocoax_control/hook/pythonpath.dsv'
[0.471s] INFO:colcon.colcon_core.shell:Creating environment hook '/home/azthorax/fra333_ws/install/cocoax_control/share/cocoax_control/hook/pythonpath.sh'
[0.471s] Level 1:colcon.colcon_core.environment:checking '/home/azthorax/fra333_ws/install/cocoax_control/bin'
[0.473s] INFO:colcon.colcon_core.shell:Creating package script '/home/azthorax/fra333_ws/install/cocoax_control/share/cocoax_control/package.ps1'
[0.474s] INFO:colcon.colcon_core.shell:Creating package descriptor '/home/azthorax/fra333_ws/install/cocoax_control/share/cocoax_control/package.dsv'
[0.474s] INFO:colcon.colcon_core.shell:Creating package script '/home/azthorax/fra333_ws/install/cocoax_control/share/cocoax_control/package.sh'
[0.475s] INFO:colcon.colcon_core.shell:Creating package script '/home/azthorax/fra333_ws/install/cocoax_control/share/cocoax_control/package.bash'
[0.476s] INFO:colcon.colcon_core.shell:Creating package script '/home/azthorax/fra333_ws/install/cocoax_control/share/cocoax_control/package.zsh'
[0.477s] Level 1:colcon.colcon_core.environment:create_file_with_runtime_dependencies(/home/azthorax/fra333_ws/install/cocoax_control/share/colcon-core/packages/cocoax_control)
[0.481s] Level 1:colcon.colcon_core.environment:create_environment_scripts_only(cocoax_kinematics)
[0.484s] Level 1:colcon.colcon_core.environment:checking '/home/azthorax/fra333_ws/install/cocoax_kinematics' for CMake module files
[0.485s] DEBUG:colcon.colcon_core.event_handler.log_command:Invoked command in '/home/azthorax/fra333_ws/build/cocoax_kinematics' returned '0': CMAKE_PREFIX_PATH=${CMAKE_PREFIX_PATH}:/opt/ros/foxy /usr/bin/cmake --install /home/azthorax/fra333_ws/build/cocoax_kinematics
[0.485s] Level 1:colcon.colcon_core.environment:checking '/home/azthorax/fra333_ws/install/cocoax_kinematics' for CMake config files
[0.486s] Level 1:colcon.colcon_core.shell:create_environment_hook('cocoax_kinematics', 'cmake_prefix_path')
[0.487s] INFO:colcon.colcon_core.shell:Creating environment hook '/home/azthorax/fra333_ws/install/cocoax_kinematics/share/cocoax_kinematics/hook/cmake_prefix_path.ps1'
[0.488s] INFO:colcon.colcon_core.shell:Creating environment descriptor '/home/azthorax/fra333_ws/install/cocoax_kinematics/share/cocoax_kinematics/hook/cmake_prefix_path.dsv'
[0.488s] INFO:colcon.colcon_core.shell:Creating environment hook '/home/azthorax/fra333_ws/install/cocoax_kinematics/share/cocoax_kinematics/hook/cmake_prefix_path.sh'
[0.489s] Level 1:colcon.colcon_core.environment:checking '/home/azthorax/fra333_ws/install/cocoax_kinematics/lib'
[0.489s] Level 1:colcon.colcon_core.environment:checking '/home/azthorax/fra333_ws/install/cocoax_kinematics/bin'
[0.489s] Level 1:colcon.colcon_core.environment:checking '/home/azthorax/fra333_ws/install/cocoax_kinematics/lib/pkgconfig/cocoax_kinematics.pc'
[0.489s] Level 1:colcon.colcon_core.environment:checking '/home/azthorax/fra333_ws/install/cocoax_kinematics/lib/python3.8/site-packages'
[0.489s] Level 1:colcon.colcon_core.shell:create_environment_hook('cocoax_kinematics', 'pythonpath')
[0.491s] INFO:colcon.colcon_core.shell:Creating environment hook '/home/azthorax/fra333_ws/install/cocoax_kinematics/share/cocoax_kinematics/hook/pythonpath.ps1'
[0.491s] INFO:colcon.colcon_core.shell:Creating environment descriptor '/home/azthorax/fra333_ws/install/cocoax_kinematics/share/cocoax_kinematics/hook/pythonpath.dsv'
[0.491s] INFO:colcon.colcon_core.shell:Creating environment hook '/home/azthorax/fra333_ws/install/cocoax_kinematics/share/cocoax_kinematics/hook/pythonpath.sh'
[0.492s] Level 1:colcon.colcon_core.environment:checking '/home/azthorax/fra333_ws/install/cocoax_kinematics/bin'
[0.493s] INFO:colcon.colcon_core.shell:Creating package script '/home/azthorax/fra333_ws/install/cocoax_kinematics/share/cocoax_kinematics/package.ps1'
[0.494s] INFO:colcon.colcon_core.shell:Creating package descriptor '/home/azthorax/fra333_ws/install/cocoax_kinematics/share/cocoax_kinematics/package.dsv'
[0.494s] INFO:colcon.colcon_core.shell:Creating package script '/home/azthorax/fra333_ws/install/cocoax_kinematics/share/cocoax_kinematics/package.sh'
[0.494s] INFO:colcon.colcon_core.shell:Creating package script '/home/azthorax/fra333_ws/install/cocoax_kinematics/share/cocoax_kinematics/package.bash'
[0.495s] INFO:colcon.colcon_core.shell:Creating package script '/home/azthorax/fra333_ws/install/cocoax_kinematics/share/cocoax_kinematics/package.zsh'
[0.495s] Level 1:colcon.colcon_core.environment:create_file_with_runtime_dependencies(/home/azthorax/fra333_ws/install/cocoax_kinematics/share/colcon-core/packages/cocoax_kinematics)
[0.498s] Level 1:colcon.colcon_core.environment:create_environment_scripts_only(cocoax_description)
[0.500s] Level 1:colcon.colcon_core.environment:checking '/home/azthorax/fra333_ws/install/cocoax_description' for CMake module files
[0.501s] DEBUG:colcon.colcon_core.event_handler.log_command:Invoked command in '/home/azthorax/fra333_ws/build/cocoax_description' returned '0': CMAKE_PREFIX_PATH=${CMAKE_PREFIX_PATH}:/opt/ros/foxy /usr/bin/cmake --install /home/azthorax/fra333_ws/build/cocoax_description
[0.501s] Level 1:colcon.colcon_core.environment:checking '/home/azthorax/fra333_ws/install/cocoax_description' for CMake config files
[0.502s] Level 1:colcon.colcon_core.shell:create_environment_hook('cocoax_description', 'cmake_prefix_path')
[0.503s] INFO:colcon.colcon_core.shell:Creating environment hook '/home/azthorax/fra333_ws/install/cocoax_description/share/cocoax_description/hook/cmake_prefix_path.ps1'
[0.504s] INFO:colcon.colcon_core.shell:Creating environment descriptor '/home/azthorax/fra333_ws/install/cocoax_description/share/cocoax_description/hook/cmake_prefix_path.dsv'
[0.504s] INFO:colcon.colcon_core.shell:Creating environment hook '/home/azthorax/fra333_ws/install/cocoax_description/share/cocoax_description/hook/cmake_prefix_path.sh'
[0.505s] Level 1:colcon.colcon_core.environment:checking '/home/azthorax/fra333_ws/install/cocoax_description/lib'
[0.505s] Level 1:colcon.colcon_core.environment:checking '/home/azthorax/fra333_ws/install/cocoax_description/bin'
[0.505s] Level 1:colcon.colcon_core.environment:checking '/home/azthorax/fra333_ws/install/cocoax_description/lib/pkgconfig/cocoax_description.pc'
[0.505s] Level 1:colcon.colcon_core.environment:checking '/home/azthorax/fra333_ws/install/cocoax_description/lib/python3.8/site-packages'
[0.505s] Level 1:colcon.colcon_core.shell:create_environment_hook('cocoax_description', 'pythonpath')
[0.507s] INFO:colcon.colcon_core.shell:Creating environment hook '/home/azthorax/fra333_ws/install/cocoax_description/share/cocoax_description/hook/pythonpath.ps1'
[0.507s] INFO:colcon.colcon_core.shell:Creating environment descriptor '/home/azthorax/fra333_ws/install/cocoax_description/share/cocoax_description/hook/pythonpath.dsv'
[0.507s] INFO:colcon.colcon_core.shell:Creating environment hook '/home/azthorax/fra333_ws/install/cocoax_description/share/cocoax_description/hook/pythonpath.sh'
[0.508s] Level 1:colcon.colcon_core.environment:checking '/home/azthorax/fra333_ws/install/cocoax_description/bin'
[0.509s] INFO:colcon.colcon_core.shell:Creating package script '/home/azthorax/fra333_ws/install/cocoax_description/share/cocoax_description/package.ps1'
[0.509s] INFO:colcon.colcon_core.shell:Creating package descriptor '/home/azthorax/fra333_ws/install/cocoax_description/share/cocoax_description/package.dsv'
[0.510s] INFO:colcon.colcon_core.shell:Creating package script '/home/azthorax/fra333_ws/install/cocoax_description/share/cocoax_description/package.sh'
[0.510s] INFO:colcon.colcon_core.shell:Creating package script '/home/azthorax/fra333_ws/install/cocoax_description/share/cocoax_description/package.bash'
[0.510s] INFO:colcon.colcon_core.shell:Creating package script '/home/azthorax/fra333_ws/install/cocoax_description/share/cocoax_description/package.zsh'
[0.511s] Level 1:colcon.colcon_core.environment:create_file_with_runtime_dependencies(/home/azthorax/fra333_ws/install/cocoax_description/share/colcon-core/packages/cocoax_description)
[0.516s] Level 1:colcon.colcon_core.environment:create_environment_scripts_only(cocoax_control)
[0.518s] Level 1:colcon.colcon_core.environment:checking '/home/azthorax/fra333_ws/install/cocoax_control' for CMake module files
[0.518s] Level 1:colcon.colcon_core.environment:checking '/home/azthorax/fra333_ws/install/cocoax_control' for CMake config files
[0.519s] Level 1:colcon.colcon_core.shell:create_environment_hook('cocoax_control', 'cmake_prefix_path')
[0.520s] INFO:colcon.colcon_core.shell:Creating environment hook '/home/azthorax/fra333_ws/install/cocoax_control/share/cocoax_control/hook/cmake_prefix_path.ps1'
[0.521s] INFO:colcon.colcon_core.shell:Creating environment descriptor '/home/azthorax/fra333_ws/install/cocoax_control/share/cocoax_control/hook/cmake_prefix_path.dsv'
[0.521s] INFO:colcon.colcon_core.shell:Creating environment hook '/home/azthorax/fra333_ws/install/cocoax_control/share/cocoax_control/hook/cmake_prefix_path.sh'
[0.521s] Level 1:colcon.colcon_core.environment:checking '/home/azthorax/fra333_ws/install/cocoax_control/lib'
[0.521s] Level 1:colcon.colcon_core.environment:checking '/home/azthorax/fra333_ws/install/cocoax_control/bin'
[0.521s] Level 1:colcon.colcon_core.environment:checking '/home/azthorax/fra333_ws/install/cocoax_control/lib/pkgconfig/cocoax_control.pc'
[0.522s] Level 1:colcon.colcon_core.environment:checking '/home/azthorax/fra333_ws/install/cocoax_control/lib/python3.8/site-packages'
[0.522s] Level 1:colcon.colcon_core.shell:create_environment_hook('cocoax_control', 'pythonpath')
[0.523s] INFO:colcon.colcon_core.shell:Creating environment hook '/home/azthorax/fra333_ws/install/cocoax_control/share/cocoax_control/hook/pythonpath.ps1'
[0.523s] INFO:colcon.colcon_core.shell:Creating environment descriptor '/home/azthorax/fra333_ws/install/cocoax_control/share/cocoax_control/hook/pythonpath.dsv'
[0.524s] INFO:colcon.colcon_core.shell:Creating environment hook '/home/azthorax/fra333_ws/install/cocoax_control/share/cocoax_control/hook/pythonpath.sh'
[0.524s] Level 1:colcon.colcon_core.environment:checking '/home/azthorax/fra333_ws/install/cocoax_control/bin'
[0.525s] INFO:colcon.colcon_core.shell:Creating package script '/home/azthorax/fra333_ws/install/cocoax_control/share/cocoax_control/package.ps1'
[0.526s] INFO:colcon.colcon_core.shell:Creating package descriptor '/home/azthorax/fra333_ws/install/cocoax_control/share/cocoax_control/package.dsv'
[0.526s] INFO:colcon.colcon_core.shell:Creating package script '/home/azthorax/fra333_ws/install/cocoax_control/share/cocoax_control/package.sh'
[0.527s] INFO:colcon.colcon_core.shell:Creating package script '/home/azthorax/fra333_ws/install/cocoax_control/share/cocoax_control/package.bash'
[0.527s] INFO:colcon.colcon_core.shell:Creating package script '/home/azthorax/fra333_ws/install/cocoax_control/share/cocoax_control/package.zsh'
[0.527s] Level 1:colcon.colcon_core.environment:create_file_with_runtime_dependencies(/home/azthorax/fra333_ws/install/cocoax_control/share/colcon-core/packages/cocoax_control)
[0.529s] Level 1:colcon.colcon_core.environment:create_environment_scripts_only(cocoax_kinematics)
[0.531s] Level 1:colcon.colcon_core.environment:checking '/home/azthorax/fra333_ws/install/cocoax_kinematics' for CMake module files
[0.532s] Level 1:colcon.colcon_core.environment:checking '/home/azthorax/fra333_ws/install/cocoax_kinematics' for CMake config files
[0.532s] Level 1:colcon.colcon_core.shell:create_environment_hook('cocoax_kinematics', 'cmake_prefix_path')
[0.534s] INFO:colcon.colcon_core.shell:Creating environment hook '/home/azthorax/fra333_ws/install/cocoax_kinematics/share/cocoax_kinematics/hook/cmake_prefix_path.ps1'
[0.534s] INFO:colcon.colcon_core.shell:Creating environment descriptor '/home/azthorax/fra333_ws/install/cocoax_kinematics/share/cocoax_kinematics/hook/cmake_prefix_path.dsv'
[0.534s] INFO:colcon.colcon_core.shell:Creating environment hook '/home/azthorax/fra333_ws/install/cocoax_kinematics/share/cocoax_kinematics/hook/cmake_prefix_path.sh'
[0.535s] Level 1:colcon.colcon_core.environment:checking '/home/azthorax/fra333_ws/install/cocoax_kinematics/lib'
[0.535s] Level 1:colcon.colcon_core.environment:checking '/home/azthorax/fra333_ws/install/cocoax_kinematics/bin'
[0.535s] Level 1:colcon.colcon_core.environment:checking '/home/azthorax/fra333_ws/install/cocoax_kinematics/lib/pkgconfig/cocoax_kinematics.pc'
[0.535s] Level 1:colcon.colcon_core.environment:checking '/home/azthorax/fra333_ws/install/cocoax_kinematics/lib/python3.8/site-packages'
[0.535s] Level 1:colcon.colcon_core.shell:create_environment_hook('cocoax_kinematics', 'pythonpath')
[0.536s] INFO:colcon.colcon_core.shell:Creating environment hook '/home/azthorax/fra333_ws/install/cocoax_kinematics/share/cocoax_kinematics/hook/pythonpath.ps1'
[0.537s] INFO:colcon.colcon_core.shell:Creating environment descriptor '/home/azthorax/fra333_ws/install/cocoax_kinematics/share/cocoax_kinematics/hook/pythonpath.dsv'
[0.537s] INFO:colcon.colcon_core.shell:Creating environment hook '/home/azthorax/fra333_ws/install/cocoax_kinematics/share/cocoax_kinematics/hook/pythonpath.sh'
[0.537s] Level 1:colcon.colcon_core.environment:checking '/home/azthorax/fra333_ws/install/cocoax_kinematics/bin'
[0.539s] INFO:colcon.colcon_core.shell:Creating package script '/home/azthorax/fra333_ws/install/cocoax_kinematics/share/cocoax_kinematics/package.ps1'
[0.540s] INFO:colcon.colcon_core.shell:Creating package descriptor '/home/azthorax/fra333_ws/install/cocoax_kinematics/share/cocoax_kinematics/package.dsv'
[0.540s] INFO:colcon.colcon_core.shell:Creating package script '/home/azthorax/fra333_ws/install/cocoax_kinematics/share/cocoax_kinematics/package.sh'
[0.540s] INFO:colcon.colcon_core.shell:Creating package script '/home/azthorax/fra333_ws/install/cocoax_kinematics/share/cocoax_kinematics/package.bash'
[0.541s] INFO:colcon.colcon_core.shell:Creating package script '/home/azthorax/fra333_ws/install/cocoax_kinematics/share/cocoax_kinematics/package.zsh'
[0.541s] Level 1:colcon.colcon_core.environment:create_file_with_runtime_dependencies(/home/azthorax/fra333_ws/install/cocoax_kinematics/share/colcon-core/packages/cocoax_kinematics)
[0.543s] Level 1:colcon.colcon_core.environment:create_environment_scripts_only(cocoax_description)
[0.545s] Level 1:colcon.colcon_core.environment:checking '/home/azthorax/fra333_ws/install/cocoax_description' for CMake module files
[0.546s] Level 1:colcon.colcon_core.environment:checking '/home/azthorax/fra333_ws/install/cocoax_description' for CMake config files
[0.546s] Level 1:colcon.colcon_core.shell:create_environment_hook('cocoax_description', 'cmake_prefix_path')
[0.547s] INFO:colcon.colcon_core.shell:Creating environment hook '/home/azthorax/fra333_ws/install/cocoax_description/share/cocoax_description/hook/cmake_prefix_path.ps1'
[0.548s] INFO:colcon.colcon_core.shell:Creating environment descriptor '/home/azthorax/fra333_ws/install/cocoax_description/share/cocoax_description/hook/cmake_prefix_path.dsv'
[0.548s] INFO:colcon.colcon_core.shell:Creating environment hook '/home/azthorax/fra333_ws/install/cocoax_description/share/cocoax_description/hook/cmake_prefix_path.sh'
[0.548s] Level 1:colcon.colcon_core.environment:checking '/home/azthorax/fra333_ws/install/cocoax_description/lib'
[0.548s] Level 1:colcon.colcon_core.environment:checking '/home/azthorax/fra333_ws/install/cocoax_description/bin'
[0.548s] Level 1:colcon.colcon_core.environment:checking '/home/azthorax/fra333_ws/install/cocoax_description/lib/pkgconfig/cocoax_description.pc'
[0.548s] Level 1:colcon.colcon_core.environment:checking '/home/azthorax/fra333_ws/install/cocoax_description/lib/python3.8/site-packages'
[0.549s] Level 1:colcon.colcon_core.shell:create_environment_hook('cocoax_description', 'pythonpath')
[0.550s] INFO:colcon.colcon_core.shell:Creating environment hook '/home/azthorax/fra333_ws/install/cocoax_description/share/cocoax_description/hook/pythonpath.ps1'
[0.550s] INFO:colcon.colcon_core.shell:Creating environment descriptor '/home/azthorax/fra333_ws/install/cocoax_description/share/cocoax_description/hook/pythonpath.dsv'
[0.550s] INFO:colcon.colcon_core.shell:Creating environment hook '/home/azthorax/fra333_ws/install/cocoax_description/share/cocoax_description/hook/pythonpath.sh'
[0.551s] Level 1:colcon.colcon_core.environment:checking '/home/azthorax/fra333_ws/install/cocoax_description/bin'
[0.552s] INFO:colcon.colcon_core.shell:Creating package script '/home/azthorax/fra333_ws/install/cocoax_description/share/cocoax_description/package.ps1'
[0.553s] INFO:colcon.colcon_core.shell:Creating package descriptor '/home/azthorax/fra333_ws/install/cocoax_description/share/cocoax_description/package.dsv'
[0.553s] INFO:colcon.colcon_core.shell:Creating package script '/home/azthorax/fra333_ws/install/cocoax_description/share/cocoax_description/package.sh'
[0.553s] INFO:colcon.colcon_core.shell:Creating package script '/home/azthorax/fra333_ws/install/cocoax_description/share/cocoax_description/package.bash'
[0.554s] INFO:colcon.colcon_core.shell:Creating package script '/home/azthorax/fra333_ws/install/cocoax_description/share/cocoax_description/package.zsh'
[0.554s] Level 1:colcon.colcon_core.environment:create_file_with_runtime_dependencies(/home/azthorax/fra333_ws/install/cocoax_description/share/colcon-core/packages/cocoax_description)
[5.881s] DEBUG:colcon.colcon_core.event_handler.log_command:Invoked command in '/home/azthorax/fra333_ws/build/cocoax_interfaces' returned '0': CMAKE_PREFIX_PATH=${CMAKE_PREFIX_PATH}:/opt/ros/foxy /usr/bin/cmake --build /home/azthorax/fra333_ws/build/cocoax_interfaces -- -j12 -l12
[6.025s] DEBUG:colcon.colcon_core.event_handler.log_command:Invoking command in '/home/azthorax/fra333_ws/build/cocoax_interfaces': CMAKE_PREFIX_PATH=${CMAKE_PREFIX_PATH}:/opt/ros/foxy /usr/bin/cmake --install /home/azthorax/fra333_ws/build/cocoax_interfaces
[6.313s] Level 1:colcon.colcon_core.environment:create_environment_scripts_only(cocoax_interfaces)
[6.318s] Level 1:colcon.colcon_core.environment:checking '/home/azthorax/fra333_ws/install/cocoax_interfaces' for CMake module files
[6.319s] DEBUG:colcon.colcon_core.event_handler.log_command:Invoked command in '/home/azthorax/fra333_ws/build/cocoax_interfaces' returned '0': CMAKE_PREFIX_PATH=${CMAKE_PREFIX_PATH}:/opt/ros/foxy /usr/bin/cmake --install /home/azthorax/fra333_ws/build/cocoax_interfaces
[6.319s] Level 1:colcon.colcon_core.environment:checking '/home/azthorax/fra333_ws/install/cocoax_interfaces' for CMake config files
[6.320s] Level 1:colcon.colcon_core.shell:create_environment_hook('cocoax_interfaces', 'cmake_prefix_path')
[6.321s] INFO:colcon.colcon_core.shell:Creating environment hook '/home/azthorax/fra333_ws/install/cocoax_interfaces/share/cocoax_interfaces/hook/cmake_prefix_path.ps1'
[6.322s] INFO:colcon.colcon_core.shell:Creating environment descriptor '/home/azthorax/fra333_ws/install/cocoax_interfaces/share/cocoax_interfaces/hook/cmake_prefix_path.dsv'
[6.322s] INFO:colcon.colcon_core.shell:Creating environment hook '/home/azthorax/fra333_ws/install/cocoax_interfaces/share/cocoax_interfaces/hook/cmake_prefix_path.sh'
[6.323s] Level 1:colcon.colcon_core.environment:checking '/home/azthorax/fra333_ws/install/cocoax_interfaces/lib'
[6.323s] Level 1:colcon.colcon_core.shell:create_environment_hook('cocoax_interfaces', 'ld_library_path_lib')
[6.324s] INFO:colcon.colcon_core.shell:Creating environment hook '/home/azthorax/fra333_ws/install/cocoax_interfaces/share/cocoax_interfaces/hook/ld_library_path_lib.ps1'
[6.324s] INFO:colcon.colcon_core.shell:Creating environment descriptor '/home/azthorax/fra333_ws/install/cocoax_interfaces/share/cocoax_interfaces/hook/ld_library_path_lib.dsv'
[6.325s] INFO:colcon.colcon_core.shell:Creating environment hook '/home/azthorax/fra333_ws/install/cocoax_interfaces/share/cocoax_interfaces/hook/ld_library_path_lib.sh'
[6.325s] Level 1:colcon.colcon_core.environment:checking '/home/azthorax/fra333_ws/install/cocoax_interfaces/bin'
[6.325s] Level 1:colcon.colcon_core.environment:checking '/home/azthorax/fra333_ws/install/cocoax_interfaces/lib/pkgconfig/cocoax_interfaces.pc'
[6.325s] Level 1:colcon.colcon_core.environment:checking '/home/azthorax/fra333_ws/install/cocoax_interfaces/lib/python3.8/site-packages'
[6.325s] Level 1:colcon.colcon_core.shell:create_environment_hook('cocoax_interfaces', 'pythonpath')
[6.327s] INFO:colcon.colcon_core.shell:Creating environment hook '/home/azthorax/fra333_ws/install/cocoax_interfaces/share/cocoax_interfaces/hook/pythonpath.ps1'
[6.327s] INFO:colcon.colcon_core.shell:Creating environment descriptor '/home/azthorax/fra333_ws/install/cocoax_interfaces/share/cocoax_interfaces/hook/pythonpath.dsv'
[6.327s] INFO:colcon.colcon_core.shell:Creating environment hook '/home/azthorax/fra333_ws/install/cocoax_interfaces/share/cocoax_interfaces/hook/pythonpath.sh'
[6.328s] Level 1:colcon.colcon_core.environment:checking '/home/azthorax/fra333_ws/install/cocoax_interfaces/bin'
[6.329s] INFO:colcon.colcon_core.shell:Creating package script '/home/azthorax/fra333_ws/install/cocoax_interfaces/share/cocoax_interfaces/package.ps1'
[6.330s] INFO:colcon.colcon_core.shell:Creating package descriptor '/home/azthorax/fra333_ws/install/cocoax_interfaces/share/cocoax_interfaces/package.dsv'
[6.331s] INFO:colcon.colcon_core.shell:Creating package script '/home/azthorax/fra333_ws/install/cocoax_interfaces/share/cocoax_interfaces/package.sh'
[6.331s] INFO:colcon.colcon_core.shell:Creating package script '/home/azthorax/fra333_ws/install/cocoax_interfaces/share/cocoax_interfaces/package.bash'
[6.331s] INFO:colcon.colcon_core.shell:Creating package script '/home/azthorax/fra333_ws/install/cocoax_interfaces/share/cocoax_interfaces/package.zsh'
[6.332s] Level 1:colcon.colcon_core.environment:create_file_with_runtime_dependencies(/home/azthorax/fra333_ws/install/cocoax_interfaces/share/colcon-core/packages/cocoax_interfaces)
[6.445s] Level 1:colcon.colcon_core.environment:create_environment_scripts_only(cocoax_interfaces)
[6.448s] Level 1:colcon.colcon_core.environment:checking '/home/azthorax/fra333_ws/install/cocoax_interfaces' for CMake module files
[6.448s] Level 1:colcon.colcon_core.environment:checking '/home/azthorax/fra333_ws/install/cocoax_interfaces' for CMake config files
[6.449s] Level 1:colcon.colcon_core.shell:create_environment_hook('cocoax_interfaces', 'cmake_prefix_path')
[6.451s] INFO:colcon.colcon_core.shell:Creating environment hook '/home/azthorax/fra333_ws/install/cocoax_interfaces/share/cocoax_interfaces/hook/cmake_prefix_path.ps1'
[6.452s] INFO:colcon.colcon_core.shell:Creating environment descriptor '/home/azthorax/fra333_ws/install/cocoax_interfaces/share/cocoax_interfaces/hook/cmake_prefix_path.dsv'
[6.452s] INFO:colcon.colcon_core.shell:Creating environment hook '/home/azthorax/fra333_ws/install/cocoax_interfaces/share/cocoax_interfaces/hook/cmake_prefix_path.sh'
[6.453s] Level 1:colcon.colcon_core.environment:checking '/home/azthorax/fra333_ws/install/cocoax_interfaces/lib'
[6.453s] Level 1:colcon.colcon_core.shell:create_environment_hook('cocoax_interfaces', 'ld_library_path_lib')
[6.456s] INFO:colcon.colcon_core.shell:Creating environment hook '/home/azthorax/fra333_ws/install/cocoax_interfaces/share/cocoax_interfaces/hook/ld_library_path_lib.ps1'
[6.456s] INFO:colcon.colcon_core.shell:Creating environment descriptor '/home/azthorax/fra333_ws/install/cocoax_interfaces/share/cocoax_interfaces/hook/ld_library_path_lib.dsv'
[6.457s] INFO:colcon.colcon_core.shell:Creating environment hook '/home/azthorax/fra333_ws/install/cocoax_interfaces/share/cocoax_interfaces/hook/ld_library_path_lib.sh'
[6.457s] Level 1:colcon.colcon_core.environment:checking '/home/azthorax/fra333_ws/install/cocoax_interfaces/bin'
[6.457s] Level 1:colcon.colcon_core.environment:checking '/home/azthorax/fra333_ws/install/cocoax_interfaces/lib/pkgconfig/cocoax_interfaces.pc'
[6.457s] Level 1:colcon.colcon_core.environment:checking '/home/azthorax/fra333_ws/install/cocoax_interfaces/lib/python3.8/site-packages'
[6.457s] Level 1:colcon.colcon_core.shell:create_environment_hook('cocoax_interfaces', 'pythonpath')
[6.460s] INFO:colcon.colcon_core.shell:Creating environment hook '/home/azthorax/fra333_ws/install/cocoax_interfaces/share/cocoax_interfaces/hook/pythonpath.ps1'
[6.460s] INFO:colcon.colcon_core.shell:Creating environment descriptor '/home/azthorax/fra333_ws/install/cocoax_interfaces/share/cocoax_interfaces/hook/pythonpath.dsv'
[6.461s] INFO:colcon.colcon_core.shell:Creating environment hook '/home/azthorax/fra333_ws/install/cocoax_interfaces/share/cocoax_interfaces/hook/pythonpath.sh'
[6.462s] Level 1:colcon.colcon_core.environment:checking '/home/azthorax/fra333_ws/install/cocoax_interfaces/bin'
[6.464s] INFO:colcon.colcon_core.shell:Creating package script '/home/azthorax/fra333_ws/install/cocoax_interfaces/share/cocoax_interfaces/package.ps1'
[6.465s] INFO:colcon.colcon_core.shell:Creating package descriptor '/home/azthorax/fra333_ws/install/cocoax_interfaces/share/cocoax_interfaces/package.dsv'
[6.465s] INFO:colcon.colcon_core.shell:Creating package script '/home/azthorax/fra333_ws/install/cocoax_interfaces/share/cocoax_interfaces/package.sh'
[6.465s] INFO:colcon.colcon_core.shell:Creating package script '/home/azthorax/fra333_ws/install/cocoax_interfaces/share/cocoax_interfaces/package.bash'
[6.466s] INFO:colcon.colcon_core.shell:Creating package script '/home/azthorax/fra333_ws/install/cocoax_interfaces/share/cocoax_interfaces/package.zsh'
[6.466s] Level 1:colcon.colcon_core.environment:create_file_with_runtime_dependencies(/home/azthorax/fra333_ws/install/cocoax_interfaces/share/colcon-core/packages/cocoax_interfaces)
[6.466s] DEBUG:colcon.colcon_parallel_executor.executor.parallel:closing loop
[6.467s] DEBUG:colcon.colcon_parallel_executor.executor.parallel:loop closed
[6.467s] DEBUG:colcon.colcon_parallel_executor.executor.parallel:run_until_complete finished with '0'
[6.467s] DEBUG:colcon.colcon_core.event_reactor:joining thread
[6.475s] INFO:colcon.colcon_core.plugin_system:Skipping extension 'colcon_notification.desktop_notification.terminal_notifier': Not used on non-Darwin systems
[6.475s] INFO:colcon.colcon_core.plugin_system:Skipping extension 'colcon_notification.desktop_notification.win32': Not used on non-Windows systems
[6.475s] INFO:colcon.colcon_notification.desktop_notification:Sending desktop notification using 'notify2'
[6.503s] DEBUG:colcon.colcon_core.event_reactor:joined thread
[6.505s] INFO:colcon.colcon_core.shell:Creating prefix script '/home/azthorax/fra333_ws/install/local_setup.ps1'
[6.506s] INFO:colcon.colcon_core.shell:Creating prefix util module '/home/azthorax/fra333_ws/install/_local_setup_util_ps1.py'
[6.508s] INFO:colcon.colcon_core.shell:Creating prefix chain script '/home/azthorax/fra333_ws/install/setup.ps1'
[6.510s] INFO:colcon.colcon_core.shell:Creating prefix script '/home/azthorax/fra333_ws/install/local_setup.sh'
[6.511s] INFO:colcon.colcon_core.shell:Creating prefix util module '/home/azthorax/fra333_ws/install/_local_setup_util_sh.py'
[6.512s] INFO:colcon.colcon_core.shell:Creating prefix chain script '/home/azthorax/fra333_ws/install/setup.sh'
[6.514s] INFO:colcon.colcon_core.shell:Creating prefix script '/home/azthorax/fra333_ws/install/local_setup.bash'
[6.515s] INFO:colcon.colcon_core.shell:Creating prefix chain script '/home/azthorax/fra333_ws/install/setup.bash'
[6.517s] INFO:colcon.colcon_core.shell:Creating prefix script '/home/azthorax/fra333_ws/install/local_setup.zsh'
[6.518s] INFO:colcon.colcon_core.shell:Creating prefix chain script '/home/azthorax/fra333_ws/install/setup.zsh'
