[0.077s] Invoking command in '/home/azthorax/fra333_ws/build/xicro_pkg': CMAKE_PREFIX_PATH=/opt/ros/foxy /usr/bin/cmake /home/azthorax/fra333_ws/src/Xicro/xicro_pkg -DAMENT_CMAKE_SYMLINK_INSTALL=1 -DCMAKE_INSTALL_PREFIX=/home/azthorax/fra333_ws/install/xicro_pkg
[3.089s] -- The C compiler identification is GNU 9.4.0
[3.089s] -- The CXX compiler identification is GNU 9.4.0
[3.089s] -- Check for working C compiler: /usr/bin/cc
[3.089s] -- Check for working C compiler: /usr/bin/cc -- works
[3.090s] -- Detecting C compiler ABI info
[3.090s] -- Detecting C compiler ABI info - done
[3.090s] -- Detecting C compile features
[3.090s] -- Detecting C compile features - done
[3.090s] -- Check for working CXX compiler: /usr/bin/c++
[3.090s] -- Check for working CXX compiler: /usr/bin/c++ -- works
[3.091s] -- Detecting CXX compiler ABI info
[3.091s] -- Detecting CXX compiler ABI info - done
[3.091s] -- Detecting CXX compile features
[3.091s] -- Detecting CXX compile features - done
[3.091s] -- Found ament_cmake: 0.9.11 (/opt/ros/foxy/share/ament_cmake/cmake)
[3.091s] -- Found PythonInterp: /usr/bin/python3 (found suitable version "3.8.10", minimum required is "3") 
[3.091s] -- Using PYTHON_EXECUTABLE: /usr/bin/python3
[3.092s] -- Override CMake install command with custom implementation using symlinks instead of copying resources
[3.094s] -- Found rclcpp: 2.4.2 (/opt/ros/foxy/share/rclcpp/cmake)
[3.095s] -- Using all available rosidl_typesupport_c: rosidl_typesupport_fastrtps_c;rosidl_typesupport_introspection_c
[3.095s] -- Found rosidl_adapter: 1.3.0 (/opt/ros/foxy/share/rosidl_adapter/cmake)
[3.096s] -- Found OpenSSL: /usr/lib/x86_64-linux-gnu/libcrypto.so (found version "1.1.1f")  
[3.096s] -- Found FastRTPS: /opt/ros/foxy/include  
[3.096s] -- Using all available rosidl_typesupport_cpp: rosidl_typesupport_fastrtps_cpp;rosidl_typesupport_introspection_cpp
[3.096s] -- Found rmw_implementation_cmake: 1.0.3 (/opt/ros/foxy/share/rmw_implementation_cmake/cmake)
[3.096s] -- Using RMW implementation 'rmw_fastrtps_cpp' as default
[3.096s] -- Looking for pthread.h
[3.096s] -- Looking for pthread.h - found
[3.097s] -- Performing Test CMAKE_HAVE_LIBC_PTHREAD
[3.097s] -- Performing Test CMAKE_HAVE_LIBC_PTHREAD - Failed
[3.097s] -- Looking for pthread_create in pthreads
[3.097s] -- Looking for pthread_create in pthreads - not found
[3.097s] -- Looking for pthread_create in pthread
[3.097s] -- Looking for pthread_create in pthread - found
[3.097s] -- Found Threads: TRUE  
[3.098s] -- Found rclpy: 1.0.11 (/opt/ros/foxy/share/rclpy/cmake)
[3.098s] -- Configuring done
[3.098s] -- Generating done
[3.098s] -- Build files have been written to: /home/azthorax/fra333_ws/build/xicro_pkg
[3.106s] Invoked command in '/home/azthorax/fra333_ws/build/xicro_pkg' returned '0': CMAKE_PREFIX_PATH=/opt/ros/foxy /usr/bin/cmake /home/azthorax/fra333_ws/src/Xicro/xicro_pkg -DAMENT_CMAKE_SYMLINK_INSTALL=1 -DCMAKE_INSTALL_PREFIX=/home/azthorax/fra333_ws/install/xicro_pkg
[3.107s] Invoking command in '/home/azthorax/fra333_ws/build/xicro_pkg': CMAKE_PREFIX_PATH=/opt/ros/foxy /usr/bin/cmake --build /home/azthorax/fra333_ws/build/xicro_pkg -- -j12 -l12
[3.196s] Invoked command in '/home/azthorax/fra333_ws/build/xicro_pkg' returned '0': CMAKE_PREFIX_PATH=/opt/ros/foxy /usr/bin/cmake --build /home/azthorax/fra333_ws/build/xicro_pkg -- -j12 -l12
[3.235s] Invoking command in '/home/azthorax/fra333_ws/build/xicro_pkg': CMAKE_PREFIX_PATH=/opt/ros/foxy /usr/bin/cmake --install /home/azthorax/fra333_ws/build/xicro_pkg
[3.268s] -- Install configuration: ""
[3.269s] -- Execute custom install script
[3.269s] -- Symlinking: /home/azthorax/fra333_ws/install/xicro_pkg/share/xicro_pkg/environment/pythonpath.sh
[3.276s] -- Symlinking: /home/azthorax/fra333_ws/install/xicro_pkg/share/xicro_pkg/environment/pythonpath.dsv
[3.283s] -- Symlinking: /home/azthorax/fra333_ws/install/xicro_pkg/lib/python3.8/site-packages/xicro_pkg/__init__.py
[3.298s] -- Symlinking: /home/azthorax/fra333_ws/install/xicro_pkg/lib/xicro_pkg/gui_xicro.py
[3.313s] -- Symlinking: /home/azthorax/fra333_ws/install/xicro_pkg/lib/xicro_pkg/generate_library.py
[3.332s] -- Symlinking: /home/azthorax/fra333_ws/install/xicro_pkg/lib/xicro_pkg/generate_xicro_node.py
[3.344s] -- Symlinking: /home/azthorax/fra333_ws/install/xicro_pkg/lib/xicro_pkg/fake_Imu_node.py
[3.363s] -- Symlinking: /home/azthorax/fra333_ws/install/xicro_pkg/lib/xicro_pkg/xicro_node_read_imu_ID_3_arduino.py
[3.380s] -- Symlinking: /home/azthorax/fra333_ws/install/xicro_pkg/lib/xicro_pkg/xicro_node_cocoav_imu_ID_1_arduino.py
[3.400s] -- Symlinking: /home/azthorax/fra333_ws/install/xicro_pkg/share/xicro_pkg/config/.Xicro_node_preSetup.txt
[3.417s] -- Symlinking: /home/azthorax/fra333_ws/install/xicro_pkg/share/xicro_pkg/config/.arduino_cpp_preSetup.txt
[3.432s] -- Symlinking: /home/azthorax/fra333_ws/install/xicro_pkg/share/xicro_pkg/config/.arduino_h_preSetup.txt
[3.447s] -- Symlinking: /home/azthorax/fra333_ws/install/xicro_pkg/share/xicro_pkg/config/.stm32_cpp_preSetup.txt
[3.462s] -- Symlinking: /home/azthorax/fra333_ws/install/xicro_pkg/share/xicro_pkg/config/.stm32_h_preSetup.txt
[3.476s] -- Symlinking: /home/azthorax/fra333_ws/install/xicro_pkg/share/xicro_pkg/config/setup_xicro.yaml
[3.492s] -- Symlinking: /home/azthorax/fra333_ws/install/xicro_pkg/share/ament_index/resource_index/package_run_dependencies/xicro_pkg
[3.508s] -- Symlinking: /home/azthorax/fra333_ws/install/xicro_pkg/share/ament_index/resource_index/parent_prefix_path/xicro_pkg
[3.526s] -- Symlinking: /home/azthorax/fra333_ws/install/xicro_pkg/share/xicro_pkg/environment/ament_prefix_path.sh
[3.546s] -- Symlinking: /home/azthorax/fra333_ws/install/xicro_pkg/share/xicro_pkg/environment/ament_prefix_path.dsv
[3.563s] -- Symlinking: /home/azthorax/fra333_ws/install/xicro_pkg/share/xicro_pkg/environment/path.sh
[3.594s] -- Symlinking: /home/azthorax/fra333_ws/install/xicro_pkg/share/xicro_pkg/environment/path.dsv
[3.612s] -- Symlinking: /home/azthorax/fra333_ws/install/xicro_pkg/share/xicro_pkg/local_setup.bash
[3.644s] -- Symlinking: /home/azthorax/fra333_ws/install/xicro_pkg/share/xicro_pkg/local_setup.sh
[3.666s] -- Symlinking: /home/azthorax/fra333_ws/install/xicro_pkg/share/xicro_pkg/local_setup.zsh
[3.683s] -- Symlinking: /home/azthorax/fra333_ws/install/xicro_pkg/share/xicro_pkg/local_setup.dsv
[3.698s] -- Symlinking: /home/azthorax/fra333_ws/install/xicro_pkg/share/xicro_pkg/package.dsv
[3.713s] -- Symlinking: /home/azthorax/fra333_ws/install/xicro_pkg/share/ament_index/resource_index/packages/xicro_pkg
[3.731s] -- Symlinking: /home/azthorax/fra333_ws/install/xicro_pkg/share/xicro_pkg/cmake/xicro_pkgConfig.cmake
[3.748s] -- Symlinking: /home/azthorax/fra333_ws/install/xicro_pkg/share/xicro_pkg/cmake/xicro_pkgConfig-version.cmake
[3.763s] -- Symlinking: /home/azthorax/fra333_ws/install/xicro_pkg/share/xicro_pkg/package.xml
[3.839s] Listing '/home/azthorax/fra333_ws/install/xicro_pkg/lib/python3.8/site-packages/xicro_pkg'...
[3.841s] Compiling '/home/azthorax/fra333_ws/install/xicro_pkg/lib/python3.8/site-packages/xicro_pkg/__init__.py'...
[3.956s] Invoked command in '/home/azthorax/fra333_ws/build/xicro_pkg' returned '0': CMAKE_PREFIX_PATH=/opt/ros/foxy /usr/bin/cmake --install /home/azthorax/fra333_ws/build/xicro_pkg
