[0.111s] Invoking command in '/home/azthorax/fra333_ws/build/cocoa_kinematics': CMAKE_PREFIX_PATH=/opt/ros/foxy /usr/bin/cmake /home/azthorax/fra333_ws/src/fra333_lab2_25_v1/cocoa_kinematics -DAMENT_CMAKE_SYMLINK_INSTALL=1 -DCMAKE_INSTALL_PREFIX=/home/azthorax/fra333_ws/install/cocoa_kinematics
[0.244s] -- The C compiler identification is GNU 9.4.0
[0.360s] -- The CXX compiler identification is GNU 9.4.0
[0.369s] -- Check for working C compiler: /usr/bin/cc
[0.498s] -- Check for working C compiler: /usr/bin/cc -- works
[0.498s] -- Detecting C compiler ABI info
[0.634s] -- Detecting C compiler ABI info - done
[0.652s] -- Detecting C compile features
[0.653s] -- Detecting C compile features - done
[0.659s] -- Check for working CXX compiler: /usr/bin/c++
[0.787s] -- Check for working CXX compiler: /usr/bin/c++ -- works
[0.789s] -- Detecting CXX compiler ABI info
[0.937s] -- Detecting CXX compiler ABI info - done
[0.962s] -- Detecting CXX compile features
[0.963s] -- Detecting CXX compile features - done
[0.976s] -- Found ament_cmake: 0.9.11 (/opt/ros/foxy/share/ament_cmake/cmake)
[1.028s] -- Found PythonInterp: /usr/bin/python3 (found suitable version "3.8.10", minimum required is "3") 
[1.030s] -- Using PYTHON_EXECUTABLE: /usr/bin/python3
[1.489s] -- Override CMake install command with custom implementation using symlinks instead of copying resources
[1.532s] -- Found rclcpp: 2.4.2 (/opt/ros/foxy/share/rclcpp/cmake)
[1.624s] -- Using all available rosidl_typesupport_c: rosidl_typesupport_fastrtps_c;rosidl_typesupport_introspection_c
[1.638s] -- Found rosidl_adapter: 1.3.0 (/opt/ros/foxy/share/rosidl_adapter/cmake)
[1.777s] -- Found OpenSSL: /usr/lib/x86_64-linux-gnu/libcrypto.so (found version "1.1.1f")  
[1.836s] -- Found FastRTPS: /opt/ros/foxy/include  
[1.983s] -- Using all available rosidl_typesupport_cpp: rosidl_typesupport_fastrtps_cpp;rosidl_typesupport_introspection_cpp
[2.100s] -- Found rmw_implementation_cmake: 1.0.3 (/opt/ros/foxy/share/rmw_implementation_cmake/cmake)
[2.103s] -- Using RMW implementation 'rmw_fastrtps_cpp' as default
[2.105s] -- Looking for pthread.h
[2.240s] -- Looking for pthread.h - found
[2.240s] -- Performing Test CMAKE_HAVE_LIBC_PTHREAD
[2.383s] -- Performing Test CMAKE_HAVE_LIBC_PTHREAD - Failed
[2.383s] -- Looking for pthread_create in pthreads
[2.480s] -- Looking for pthread_create in pthreads - not found
[2.480s] -- Looking for pthread_create in pthread
[2.610s] -- Looking for pthread_create in pthread - found
[2.611s] -- Found Threads: TRUE  
[2.955s] -- Found rclpy: 1.0.11 (/opt/ros/foxy/share/rclpy/cmake)
[3.154s] -- Configuring done
[3.161s] -- Generating done
[3.164s] -- Build files have been written to: /home/azthorax/fra333_ws/build/cocoa_kinematics
[3.185s] Invoked command in '/home/azthorax/fra333_ws/build/cocoa_kinematics' returned '0': CMAKE_PREFIX_PATH=/opt/ros/foxy /usr/bin/cmake /home/azthorax/fra333_ws/src/fra333_lab2_25_v1/cocoa_kinematics -DAMENT_CMAKE_SYMLINK_INSTALL=1 -DCMAKE_INSTALL_PREFIX=/home/azthorax/fra333_ws/install/cocoa_kinematics
[3.186s] Invoking command in '/home/azthorax/fra333_ws/build/cocoa_kinematics': CMAKE_PREFIX_PATH=/opt/ros/foxy /usr/bin/cmake --build /home/azthorax/fra333_ws/build/cocoa_kinematics -- -j12 -l12
[3.289s] Invoked command in '/home/azthorax/fra333_ws/build/cocoa_kinematics' returned '0': CMAKE_PREFIX_PATH=/opt/ros/foxy /usr/bin/cmake --build /home/azthorax/fra333_ws/build/cocoa_kinematics -- -j12 -l12
[3.330s] Invoking command in '/home/azthorax/fra333_ws/build/cocoa_kinematics': CMAKE_PREFIX_PATH=/opt/ros/foxy /usr/bin/cmake --install /home/azthorax/fra333_ws/build/cocoa_kinematics
[3.356s] -- Install configuration: ""
[3.358s] -- Execute custom install script
[3.361s] -- Symlinking: /home/azthorax/fra333_ws/install/cocoa_kinematics/share/cocoa_kinematics/environment/pythonpath.sh
[3.367s] -- Symlinking: /home/azthorax/fra333_ws/install/cocoa_kinematics/share/cocoa_kinematics/environment/pythonpath.dsv
[3.380s] -- Symlinking: /home/azthorax/fra333_ws/install/cocoa_kinematics/lib/python3.8/site-packages/cocoa_kinematics/__init__.py
[3.397s] -- Symlinking: /home/azthorax/fra333_ws/install/cocoa_kinematics/lib/python3.8/site-packages/cocoa_kinematics/cocoa_module.py
[3.415s] -- Symlinking: /home/azthorax/fra333_ws/install/cocoa_kinematics/lib/cocoa_kinematics/kinematics_server.py
[3.426s] -- Symlinking: /home/azthorax/fra333_ws/install/cocoa_kinematics/share/cocoa_kinematics/launch/display_with_kinematics_srv.launch.py
[3.441s] -- Symlinking: /home/azthorax/fra333_ws/install/cocoa_kinematics/share/ament_index/resource_index/package_run_dependencies/cocoa_kinematics
[3.456s] -- Symlinking: /home/azthorax/fra333_ws/install/cocoa_kinematics/share/ament_index/resource_index/parent_prefix_path/cocoa_kinematics
[3.472s] -- Symlinking: /home/azthorax/fra333_ws/install/cocoa_kinematics/share/cocoa_kinematics/environment/ament_prefix_path.sh
[3.490s] -- Symlinking: /home/azthorax/fra333_ws/install/cocoa_kinematics/share/cocoa_kinematics/environment/ament_prefix_path.dsv
[3.506s] -- Symlinking: /home/azthorax/fra333_ws/install/cocoa_kinematics/share/cocoa_kinematics/environment/path.sh
[3.526s] -- Symlinking: /home/azthorax/fra333_ws/install/cocoa_kinematics/share/cocoa_kinematics/environment/path.dsv
[3.542s] -- Symlinking: /home/azthorax/fra333_ws/install/cocoa_kinematics/share/cocoa_kinematics/local_setup.bash
[3.558s] -- Symlinking: /home/azthorax/fra333_ws/install/cocoa_kinematics/share/cocoa_kinematics/local_setup.sh
[3.573s] -- Symlinking: /home/azthorax/fra333_ws/install/cocoa_kinematics/share/cocoa_kinematics/local_setup.zsh
[3.590s] -- Symlinking: /home/azthorax/fra333_ws/install/cocoa_kinematics/share/cocoa_kinematics/local_setup.dsv
[3.607s] -- Symlinking: /home/azthorax/fra333_ws/install/cocoa_kinematics/share/cocoa_kinematics/package.dsv
[3.635s] -- Symlinking: /home/azthorax/fra333_ws/install/cocoa_kinematics/share/ament_index/resource_index/packages/cocoa_kinematics
[3.655s] -- Symlinking: /home/azthorax/fra333_ws/install/cocoa_kinematics/share/cocoa_kinematics/cmake/cocoa_kinematicsConfig.cmake
[3.672s] -- Symlinking: /home/azthorax/fra333_ws/install/cocoa_kinematics/share/cocoa_kinematics/cmake/cocoa_kinematicsConfig-version.cmake
[3.689s] -- Symlinking: /home/azthorax/fra333_ws/install/cocoa_kinematics/share/cocoa_kinematics/package.xml
[3.798s] Listing '/home/azthorax/fra333_ws/install/cocoa_kinematics/lib/python3.8/site-packages/cocoa_kinematics'...
[3.798s] Compiling '/home/azthorax/fra333_ws/install/cocoa_kinematics/lib/python3.8/site-packages/cocoa_kinematics/__init__.py'...
[3.799s] Compiling '/home/azthorax/fra333_ws/install/cocoa_kinematics/lib/python3.8/site-packages/cocoa_kinematics/cocoa_module.py'...
[3.882s] Invoked command in '/home/azthorax/fra333_ws/build/cocoa_kinematics' returned '0': CMAKE_PREFIX_PATH=/opt/ros/foxy /usr/bin/cmake --install /home/azthorax/fra333_ws/build/cocoa_kinematics
