[0.067s] Invoking command in '/home/azthorax/fra333_ws/build/cocoa_kinematics': CMAKE_PREFIX_PATH=${CMAKE_PREFIX_PATH}:/opt/ros/foxy /usr/bin/cmake /home/azthorax/fra333_ws/src/fra333_lab2_25_v1/cocoa_kinematics -DAMENT_CMAKE_SYMLINK_INSTALL=1 -DCMAKE_INSTALL_PREFIX=/home/azthorax/fra333_ws/install/cocoa_kinematics
[0.091s] -- Found ament_cmake: 0.9.9 (/opt/ros/foxy/share/ament_cmake/cmake)
[0.105s] -- Using PYTHON_EXECUTABLE: /usr/bin/python3
[0.330s] -- Override CMake install command with custom implementation using symlinks instead of copying resources
[0.337s] -- Found rclcpp: 2.4.1 (/opt/ros/foxy/share/rclcpp/cmake)
[0.367s] -- Using all available rosidl_typesupport_c: rosidl_typesupport_fastrtps_c;rosidl_typesupport_introspection_c
[0.372s] -- Found rosidl_adapter: 1.2.1 (/opt/ros/foxy/share/rosidl_adapter/cmake)
[0.492s] -- Using all available rosidl_typesupport_cpp: rosidl_typesupport_fastrtps_cpp;rosidl_typesupport_introspection_cpp
[0.540s] -- Found rmw_implementation_cmake: 1.0.3 (/opt/ros/foxy/share/rmw_implementation_cmake/cmake)
[0.541s] -- Using RMW implementation 'rmw_fastrtps_cpp' as default
[0.672s] -- Found rclpy: 1.0.8 (/opt/ros/foxy/share/rclpy/cmake)
[0.674s] CMake Error at /opt/ros/foxy/share/ament_cmake_python/cmake/ament_python_install_package.cmake:46 (message):
[0.674s]   ament_python_install_package() the Python package folder
[0.674s]   '/home/azthorax/fra333_ws/src/fra333_lab2_25_v1/cocoa_kinematics/cocoa_kinematics'
[0.674s]   doesn't contain an '__init__.py' file
[0.674s] Call Stack (most recent call first):
[0.674s]   /opt/ros/foxy/share/ament_cmake_python/cmake/ament_python_install_package.cmake:28 (_ament_cmake_python_install_package)
[0.675s]   CMakeLists.txt:26 (ament_python_install_package)
[0.675s] 
[0.675s] 
[0.675s] -- Configuring incomplete, errors occurred!
[0.675s] See also "/home/azthorax/fra333_ws/build/cocoa_kinematics/CMakeFiles/CMakeOutput.log".
[0.675s] See also "/home/azthorax/fra333_ws/build/cocoa_kinematics/CMakeFiles/CMakeError.log".
