[0.019s] Invoking command in '/home/azthorax/fra333_ws/build/my_first_package': CMAKE_PREFIX_PATH=/opt/ros/foxy /usr/bin/cmake /home/azthorax/fra333_ws/src/my_first_package -DCMAKE_INSTALL_PREFIX=/home/azthorax/fra333_ws/install/my_first_package
[0.083s] -- The C compiler identification is GNU 9.4.0
[0.137s] -- The CXX compiler identification is GNU 9.4.0
[0.142s] -- Check for working C compiler: /usr/bin/cc
[0.212s] -- Check for working C compiler: /usr/bin/cc -- works
[0.214s] -- Detecting C compiler ABI info
[0.287s] -- Detecting C compiler ABI info - done
[0.302s] -- Detecting C compile features
[0.303s] -- Detecting C compile features - done
[0.304s] -- Check for working CXX compiler: /usr/bin/c++
[0.375s] -- Check for working CXX compiler: /usr/bin/c++ -- works
[0.376s] -- Detecting CXX compiler ABI info
[0.448s] -- Detecting CXX compiler ABI info - done
[0.463s] -- Detecting CXX compile features
[0.463s] -- Detecting CXX compile features - done
[0.465s] -- Found rosidl_default_generators: 1.0.1 (/opt/ros/foxy/share/rosidl_default_generators/cmake)
[0.466s] -- Found ament_cmake_core: 0.9.9 (/opt/ros/foxy/share/ament_cmake_core/cmake)
[0.492s] -- Found PythonInterp: /usr/bin/python3 (found suitable version "3.8.10", minimum required is "3") 
[0.492s] -- Using PYTHON_EXECUTABLE: /usr/bin/python3
[0.654s] -- Using all available rosidl_typesupport_c: rosidl_typesupport_fastrtps_c;rosidl_typesupport_introspection_c
[0.660s] -- Found rosidl_adapter: 1.2.1 (/opt/ros/foxy/share/rosidl_adapter/cmake)
[0.774s] -- Found OpenSSL: /usr/lib/x86_64-linux-gnu/libcrypto.so (found version "1.1.1f")  
[0.809s] -- Found FastRTPS: /opt/ros/foxy/include  
[0.885s] -- Using all available rosidl_typesupport_cpp: rosidl_typesupport_fastrtps_cpp;rosidl_typesupport_introspection_cpp
[0.910s] -- Found geometry_msgs: 2.0.5 (/opt/ros/foxy/share/geometry_msgs/cmake)
[0.972s] -- Found rclcpp: 2.4.1 (/opt/ros/foxy/share/rclcpp/cmake)
[1.007s] -- Found rmw_implementation_cmake: 1.0.3 (/opt/ros/foxy/share/rmw_implementation_cmake/cmake)
[1.008s] -- Using RMW implementation 'rmw_fastrtps_cpp' as default
[1.009s] -- Looking for pthread.h
[1.085s] -- Looking for pthread.h - found
[1.085s] -- Performing Test CMAKE_HAVE_LIBC_PTHREAD
[1.166s] -- Performing Test CMAKE_HAVE_LIBC_PTHREAD - Failed
[1.167s] -- Looking for pthread_create in pthreads
[1.228s] -- Looking for pthread_create in pthreads - not found
[1.228s] -- Looking for pthread_create in pthread
[1.301s] -- Looking for pthread_create in pthread - found
[1.303s] -- Found Threads: TRUE  
[1.428s] -- Found rclpy: 1.0.8 (/opt/ros/foxy/share/rclpy/cmake)
[1.476s] -- Found PythonInterp: /usr/bin/python3 (found version "3.8.10") 
[1.732s] -- Found ament_cmake_ros: 0.9.2 (/opt/ros/foxy/share/ament_cmake_ros/cmake)
[2.022s] -- Using all available rosidl_typesupport_c: rosidl_typesupport_fastrtps_c;rosidl_typesupport_introspection_c
[2.192s] -- Using all available rosidl_typesupport_cpp: rosidl_typesupport_fastrtps_cpp;rosidl_typesupport_introspection_cpp
[2.216s] -- Found PythonInterp: /usr/bin/python3 (found suitable version "3.8.10", minimum required is "3.5") 
[2.217s] -- Found python_cmake_module: 0.8.1 (/opt/ros/foxy/share/python_cmake_module/cmake)
[2.239s] -- Found PythonLibs: /usr/lib/x86_64-linux-gnu/libpython3.8.so (found suitable version "3.8.10", minimum required is "3.5") 
[2.239s] -- Using PYTHON_EXECUTABLE: /usr/bin/python3
[2.239s] -- Using PYTHON_INCLUDE_DIRS: /usr/include/python3.8
[2.240s] -- Using PYTHON_LIBRARIES: /usr/lib/x86_64-linux-gnu/libpython3.8.so
[2.266s] -- Found PythonExtra: .so  
[2.329s] -- Configuring done
[2.412s] -- Generating done
[2.415s] -- Build files have been written to: /home/azthorax/fra333_ws/build/my_first_package
[2.425s] Invoked command in '/home/azthorax/fra333_ws/build/my_first_package' returned '0': CMAKE_PREFIX_PATH=/opt/ros/foxy /usr/bin/cmake /home/azthorax/fra333_ws/src/my_first_package -DCMAKE_INSTALL_PREFIX=/home/azthorax/fra333_ws/install/my_first_package
[2.426s] Invoking command in '/home/azthorax/fra333_ws/build/my_first_package': CMAKE_PREFIX_PATH=/opt/ros/foxy /usr/bin/cmake --build /home/azthorax/fra333_ws/build/my_first_package -- -j12 -l12
[2.470s] [35m[1mScanning dependencies of target cpp_node_test[0m
[2.473s] [35m[1mScanning dependencies of target my_first_package__cpp[0m
[2.475s] [  1%] [34m[1mGenerating C code for ROS interfaces[0m
[2.479s] [  2%] [32mBuilding CXX object CMakeFiles/cpp_node_test.dir/src/cpp_node.cpp.o[0m
[2.484s] [  3%] [34m[1mGenerating C++ code for ROS interfaces[0m
[2.682s] [  4%] [32m[1mLinking CXX executable cpp_node_test[0m
[2.787s] [  4%] Built target cpp_node_test
[3.157s] [35m[1mScanning dependencies of target my_first_package__rosidl_generator_c[0m
[3.185s] [  5%] [32mBuilding C object CMakeFiles/my_first_package__rosidl_generator_c.dir/rosidl_generator_c/my_first_package/srv/detail/rand_goal__functions.c.o[0m
[3.190s] [  6%] [32mBuilding C object CMakeFiles/my_first_package__rosidl_generator_c.dir/rosidl_generator_c/my_first_package/srv/detail/set_goal__functions.c.o[0m
[3.191s] [  7%] [32mBuilding C object CMakeFiles/my_first_package__rosidl_generator_c.dir/rosidl_generator_c/my_first_package/srv/detail/ath_sum__functions.c.o[0m
[3.194s] [  8%] [32mBuilding C object CMakeFiles/my_first_package__rosidl_generator_c.dir/rosidl_generator_c/my_first_package/msg/detail/num__functions.c.o[0m
[3.197s] [  9%] [32mBuilding C object CMakeFiles/my_first_package__rosidl_generator_c.dir/rosidl_generator_c/my_first_package/msg/detail/sphere__functions.c.o[0m
[3.200s] [ 10%] [32mBuilding C object CMakeFiles/my_first_package__rosidl_generator_c.dir/rosidl_generator_c/my_first_package/msg/detail/add_book__functions.c.o[0m
[3.202s] [ 11%] [32mBuilding C object CMakeFiles/my_first_package__rosidl_generator_c.dir/rosidl_generator_c/my_first_package/srv/detail/ath_sum3__functions.c.o[0m
[3.202s] [ 12%] [32mBuilding C object CMakeFiles/my_first_package__rosidl_generator_c.dir/rosidl_generator_c/my_first_package/action/detail/fibonacci__functions.c.o[0m
[3.203s] [ 13%] [32mBuilding C object CMakeFiles/my_first_package__rosidl_generator_c.dir/rosidl_generator_c/my_first_package/srv/detail/set_noise__functions.c.o[0m
[3.209s] [ 13%] Built target my_first_package__cpp
[3.226s] [ 15%] [34m[1mGenerating C++ type support dispatch for ROS interfaces[0m
[3.226s] [ 15%] [34m[1mGenerating C++ type support for eProsima Fast-RTPS[0m
[3.237s] [ 16%] [34m[1mGenerating C++ introspection for ROS interfaces[0m
[3.292s] [ 17%] [32m[1mLinking C shared library libmy_first_package__rosidl_generator_c.so[0m
[3.339s] [ 17%] Built target my_first_package__rosidl_generator_c
[3.350s] [ 18%] [34m[1mGenerating C introspection for ROS interfaces[0m
[3.353s] [ 19%] [34m[1mGenerating C type support dispatch for ROS interfaces[0m
[3.638s] [35m[1mScanning dependencies of target my_first_package__rosidl_typesupport_cpp[0m
[3.655s] [ 20%] [32mBuilding CXX object CMakeFiles/my_first_package__rosidl_typesupport_cpp.dir/rosidl_typesupport_cpp/my_first_package/srv/rand_goal__type_support.cpp.o[0m
[3.656s] [ 22%] [32mBuilding CXX object CMakeFiles/my_first_package__rosidl_typesupport_cpp.dir/rosidl_typesupport_cpp/my_first_package/msg/sphere__type_support.cpp.o[0m
[3.656s] [ 22%] [32mBuilding CXX object CMakeFiles/my_first_package__rosidl_typesupport_cpp.dir/rosidl_typesupport_cpp/my_first_package/msg/num__type_support.cpp.o[0m
[3.657s] [ 23%] [32mBuilding CXX object CMakeFiles/my_first_package__rosidl_typesupport_cpp.dir/rosidl_typesupport_cpp/my_first_package/srv/ath_sum__type_support.cpp.o[0m
[3.661s] [ 25%] [32mBuilding CXX object CMakeFiles/my_first_package__rosidl_typesupport_cpp.dir/rosidl_typesupport_cpp/my_first_package/msg/add_book__type_support.cpp.o[0m
[3.661s] [ 25%] [32mBuilding CXX object CMakeFiles/my_first_package__rosidl_typesupport_cpp.dir/rosidl_typesupport_cpp/my_first_package/srv/set_goal__type_support.cpp.o[0m
[3.662s] [ 26%] [32mBuilding CXX object CMakeFiles/my_first_package__rosidl_typesupport_cpp.dir/rosidl_typesupport_cpp/my_first_package/srv/set_noise__type_support.cpp.o[0m
[3.669s] [ 27%] [32mBuilding CXX object CMakeFiles/my_first_package__rosidl_typesupport_cpp.dir/rosidl_typesupport_cpp/my_first_package/srv/ath_sum3__type_support.cpp.o[0m
[3.978s] [35m[1mScanning dependencies of target my_first_package__rosidl_typesupport_c[0m
[4.004s] [ 28%] [32mBuilding CXX object CMakeFiles/my_first_package__rosidl_typesupport_cpp.dir/rosidl_typesupport_cpp/my_first_package/action/fibonacci__type_support.cpp.o[0m
[4.017s] [ 29%] [32mBuilding CXX object CMakeFiles/my_first_package__rosidl_typesupport_c.dir/rosidl_typesupport_c/my_first_package/srv/rand_goal__type_support.cpp.o[0m
[4.029s] [ 30%] [32mBuilding CXX object CMakeFiles/my_first_package__rosidl_typesupport_c.dir/rosidl_typesupport_c/my_first_package/srv/set_goal__type_support.cpp.o[0m
[4.040s] [35m[1mScanning dependencies of target my_first_package__rosidl_typesupport_introspection_cpp[0m
[4.054s] [ 31%] [32mBuilding CXX object CMakeFiles/my_first_package__rosidl_typesupport_c.dir/rosidl_typesupport_c/my_first_package/srv/ath_sum__type_support.cpp.o[0m
[4.062s] [ 32%] [32mBuilding CXX object CMakeFiles/my_first_package__rosidl_typesupport_introspection_cpp.dir/rosidl_typesupport_introspection_cpp/my_first_package/srv/detail/rand_goal__type_support.cpp.o[0m
[4.066s] [ 34%] [32mBuilding CXX object CMakeFiles/my_first_package__rosidl_typesupport_c.dir/rosidl_typesupport_c/my_first_package/msg/num__type_support.cpp.o[0m
[4.070s] [ 35%] [32mBuilding CXX object CMakeFiles/my_first_package__rosidl_typesupport_c.dir/rosidl_typesupport_c/my_first_package/msg/sphere__type_support.cpp.o[0m
[4.072s] [ 36%] [32mBuilding CXX object CMakeFiles/my_first_package__rosidl_typesupport_introspection_cpp.dir/rosidl_typesupport_introspection_cpp/my_first_package/srv/detail/set_goal__type_support.cpp.o[0m
[4.075s] [ 37%] [32mBuilding CXX object CMakeFiles/my_first_package__rosidl_typesupport_c.dir/rosidl_typesupport_c/my_first_package/msg/add_book__type_support.cpp.o[0m
[4.083s] [ 38%] [32mBuilding CXX object CMakeFiles/my_first_package__rosidl_typesupport_c.dir/rosidl_typesupport_c/my_first_package/srv/ath_sum3__type_support.cpp.o[0m
[4.105s] [ 39%] [32mBuilding CXX object CMakeFiles/my_first_package__rosidl_typesupport_c.dir/rosidl_typesupport_c/my_first_package/srv/set_noise__type_support.cpp.o[0m
[4.113s] [ 40%] [32mBuilding CXX object CMakeFiles/my_first_package__rosidl_typesupport_introspection_cpp.dir/rosidl_typesupport_introspection_cpp/my_first_package/srv/detail/ath_sum__type_support.cpp.o[0m
[4.114s] [ 41%] [32mBuilding CXX object CMakeFiles/my_first_package__rosidl_typesupport_introspection_cpp.dir/rosidl_typesupport_introspection_cpp/my_first_package/msg/detail/num__type_support.cpp.o[0m
[4.120s] [ 42%] [32mBuilding CXX object CMakeFiles/my_first_package__rosidl_typesupport_c.dir/rosidl_typesupport_c/my_first_package/action/fibonacci__type_support.cpp.o[0m
[4.126s] [35m[1mScanning dependencies of target my_first_package__rosidl_typesupport_fastrtps_cpp[0m
[4.127s] [ 43%] [32mBuilding CXX object CMakeFiles/my_first_package__rosidl_typesupport_introspection_cpp.dir/rosidl_typesupport_introspection_cpp/my_first_package/msg/detail/sphere__type_support.cpp.o[0m
[4.145s] [ 44%] [32mBuilding CXX object CMakeFiles/my_first_package__rosidl_typesupport_introspection_cpp.dir/rosidl_typesupport_introspection_cpp/my_first_package/msg/detail/add_book__type_support.cpp.o[0m
[4.168s] [ 45%] [32mBuilding CXX object CMakeFiles/my_first_package__rosidl_typesupport_fastrtps_cpp.dir/rosidl_typesupport_fastrtps_cpp/my_first_package/srv/detail/dds_fastrtps/rand_goal__type_support.cpp.o[0m
[4.170s] [ 46%] [32mBuilding CXX object CMakeFiles/my_first_package__rosidl_typesupport_introspection_cpp.dir/rosidl_typesupport_introspection_cpp/my_first_package/srv/detail/ath_sum3__type_support.cpp.o[0m
[4.181s] [ 47%] [32m[1mLinking CXX shared library libmy_first_package__rosidl_typesupport_c.so[0m
[4.198s] [ 48%] [32mBuilding CXX object CMakeFiles/my_first_package__rosidl_typesupport_fastrtps_cpp.dir/rosidl_typesupport_fastrtps_cpp/my_first_package/srv/detail/dds_fastrtps/set_goal__type_support.cpp.o[0m
[4.271s] [35m[1mScanning dependencies of target my_first_package__rosidl_typesupport_introspection_c[0m
[4.285s] [ 48%] Built target my_first_package__rosidl_typesupport_c
[4.297s] [ 49%] [32mBuilding C object CMakeFiles/my_first_package__rosidl_typesupport_introspection_c.dir/rosidl_typesupport_introspection_c/my_first_package/srv/detail/set_goal__type_support.c.o[0m
[4.300s] [ 50%] [32mBuilding C object CMakeFiles/my_first_package__rosidl_typesupport_introspection_c.dir/rosidl_typesupport_introspection_c/my_first_package/srv/detail/rand_goal__type_support.c.o[0m
[4.379s] [ 51%] [32mBuilding C object CMakeFiles/my_first_package__rosidl_typesupport_introspection_c.dir/rosidl_typesupport_introspection_c/my_first_package/srv/detail/ath_sum__type_support.c.o[0m
[4.430s] [ 52%] [32mBuilding CXX object CMakeFiles/my_first_package__rosidl_typesupport_introspection_cpp.dir/rosidl_typesupport_introspection_cpp/my_first_package/srv/detail/set_noise__type_support.cpp.o[0m
[4.444s] [ 53%] [32mBuilding C object CMakeFiles/my_first_package__rosidl_typesupport_introspection_c.dir/rosidl_typesupport_introspection_c/my_first_package/msg/detail/num__type_support.c.o[0m
[4.455s] [ 54%] [32mBuilding CXX object CMakeFiles/my_first_package__rosidl_typesupport_introspection_cpp.dir/rosidl_typesupport_introspection_cpp/my_first_package/action/detail/fibonacci__type_support.cpp.o[0m
[4.475s] [ 55%] [32mBuilding C object CMakeFiles/my_first_package__rosidl_typesupport_introspection_c.dir/rosidl_typesupport_introspection_c/my_first_package/msg/detail/sphere__type_support.c.o[0m
[4.487s] [ 56%] [32mBuilding C object CMakeFiles/my_first_package__rosidl_typesupport_introspection_c.dir/rosidl_typesupport_introspection_c/my_first_package/msg/detail/add_book__type_support.c.o[0m
[4.490s] [ 57%] [32mBuilding C object CMakeFiles/my_first_package__rosidl_typesupport_introspection_c.dir/rosidl_typesupport_introspection_c/my_first_package/srv/detail/ath_sum3__type_support.c.o[0m
[4.507s] [ 58%] [32m[1mLinking CXX shared library libmy_first_package__rosidl_typesupport_cpp.so[0m
[4.512s] [ 59%] [32mBuilding C object CMakeFiles/my_first_package__rosidl_typesupport_introspection_c.dir/rosidl_typesupport_introspection_c/my_first_package/srv/detail/set_noise__type_support.c.o[0m
[4.531s] [ 60%] [32mBuilding C object CMakeFiles/my_first_package__rosidl_typesupport_introspection_c.dir/rosidl_typesupport_introspection_c/my_first_package/action/detail/fibonacci__type_support.c.o[0m
[4.551s] [ 61%] [32mBuilding CXX object CMakeFiles/my_first_package__rosidl_typesupport_fastrtps_cpp.dir/rosidl_typesupport_fastrtps_cpp/my_first_package/srv/detail/dds_fastrtps/ath_sum__type_support.cpp.o[0m
[4.557s] [ 62%] [32mBuilding CXX object CMakeFiles/my_first_package__rosidl_typesupport_fastrtps_cpp.dir/rosidl_typesupport_fastrtps_cpp/my_first_package/msg/detail/dds_fastrtps/num__type_support.cpp.o[0m
[4.561s] [ 63%] [32mBuilding CXX object CMakeFiles/my_first_package__rosidl_typesupport_fastrtps_cpp.dir/rosidl_typesupport_fastrtps_cpp/my_first_package/msg/detail/dds_fastrtps/sphere__type_support.cpp.o[0m
[4.563s] [ 64%] [32mBuilding CXX object CMakeFiles/my_first_package__rosidl_typesupport_fastrtps_cpp.dir/rosidl_typesupport_fastrtps_cpp/my_first_package/msg/detail/dds_fastrtps/add_book__type_support.cpp.o[0m
[4.565s] [ 65%] [32mBuilding CXX object CMakeFiles/my_first_package__rosidl_typesupport_fastrtps_cpp.dir/rosidl_typesupport_fastrtps_cpp/my_first_package/srv/detail/dds_fastrtps/ath_sum3__type_support.cpp.o[0m
[4.575s] [ 67%] [32mBuilding CXX object CMakeFiles/my_first_package__rosidl_typesupport_fastrtps_cpp.dir/rosidl_typesupport_fastrtps_cpp/my_first_package/srv/detail/dds_fastrtps/set_noise__type_support.cpp.o[0m
[4.596s] [ 67%] Built target my_first_package__rosidl_typesupport_cpp
[4.625s] [ 68%] [32mBuilding CXX object CMakeFiles/my_first_package__rosidl_typesupport_fastrtps_cpp.dir/rosidl_typesupport_fastrtps_cpp/my_first_package/action/detail/dds_fastrtps/fibonacci__type_support.cpp.o[0m
[4.680s] [ 69%] [32m[1mLinking C shared library libmy_first_package__rosidl_typesupport_introspection_c.so[0m
[4.802s] [ 69%] Built target my_first_package__rosidl_typesupport_introspection_c
[4.941s] [ 70%] [32m[1mLinking CXX shared library libmy_first_package__rosidl_typesupport_introspection_cpp.so[0m
[5.048s] [ 70%] Built target my_first_package__rosidl_typesupport_introspection_cpp
[5.246s] [ 71%] [32m[1mLinking CXX shared library libmy_first_package__rosidl_typesupport_fastrtps_cpp.so[0m
[5.345s] [ 71%] Built target my_first_package__rosidl_typesupport_fastrtps_cpp
[5.355s] [ 72%] [34m[1mGenerating C type support for eProsima Fast-RTPS[0m
[5.930s] [35m[1mScanning dependencies of target my_first_package__rosidl_typesupport_fastrtps_c[0m
[5.964s] [ 73%] [32mBuilding CXX object CMakeFiles/my_first_package__rosidl_typesupport_fastrtps_c.dir/rosidl_typesupport_fastrtps_c/my_first_package/srv/detail/rand_goal__type_support_c.cpp.o[0m
[5.971s] [ 74%] [32mBuilding CXX object CMakeFiles/my_first_package__rosidl_typesupport_fastrtps_c.dir/rosidl_typesupport_fastrtps_c/my_first_package/srv/detail/set_goal__type_support_c.cpp.o[0m
[5.972s] [ 76%] [32mBuilding CXX object CMakeFiles/my_first_package__rosidl_typesupport_fastrtps_c.dir/rosidl_typesupport_fastrtps_c/my_first_package/msg/detail/add_book__type_support_c.cpp.o[0m
[5.972s] [ 76%] [32mBuilding CXX object CMakeFiles/my_first_package__rosidl_typesupport_fastrtps_c.dir/rosidl_typesupport_fastrtps_c/my_first_package/srv/detail/set_noise__type_support_c.cpp.o[0m
[5.972s] [ 77%] [32mBuilding CXX object CMakeFiles/my_first_package__rosidl_typesupport_fastrtps_c.dir/rosidl_typesupport_fastrtps_c/my_first_package/action/detail/fibonacci__type_support_c.cpp.o[0m
[5.974s] [ 81%] [32mBuilding CXX object CMakeFiles/my_first_package__rosidl_typesupport_fastrtps_c.dir/rosidl_typesupport_fastrtps_c/my_first_package/srv/detail/ath_sum__type_support_c.cpp.o[0m
[5.974s] [ 81%] [32mBuilding CXX object CMakeFiles/my_first_package__rosidl_typesupport_fastrtps_c.dir/rosidl_typesupport_fastrtps_c/my_first_package/msg/detail/num__type_support_c.cpp.o[0m
[5.974s] [ 81%] [32mBuilding CXX object CMakeFiles/my_first_package__rosidl_typesupport_fastrtps_c.dir/rosidl_typesupport_fastrtps_c/my_first_package/srv/detail/ath_sum3__type_support_c.cpp.o[0m
[5.975s] [ 81%] [32mBuilding CXX object CMakeFiles/my_first_package__rosidl_typesupport_fastrtps_c.dir/rosidl_typesupport_fastrtps_c/my_first_package/msg/detail/sphere__type_support_c.cpp.o[0m
[6.443s] [ 82%] [32m[1mLinking CXX shared library libmy_first_package__rosidl_typesupport_fastrtps_c.so[0m
[6.547s] [ 82%] Built target my_first_package__rosidl_typesupport_fastrtps_c
[6.559s] [35m[1mScanning dependencies of target my_first_package[0m
[6.572s] [ 82%] Built target my_first_package
[6.586s] [35m[1mScanning dependencies of target my_first_package__py[0m
[6.598s] [ 83%] [34m[1mGenerating Python code for ROS interfaces[0m
[7.963s] [ 83%] Built target my_first_package__py
[7.976s] [35m[1mScanning dependencies of target my_first_package__python[0m
[8.006s] [ 84%] [32mBuilding C object CMakeFiles/my_first_package__python.dir/rosidl_generator_py/my_first_package/msg/_add_book_s.c.o[0m
[8.008s] [ 85%] [32mBuilding C object CMakeFiles/my_first_package__python.dir/rosidl_generator_py/my_first_package/srv/_rand_goal_s.c.o[0m
[8.011s] [ 86%] [32mBuilding C object CMakeFiles/my_first_package__python.dir/rosidl_generator_py/my_first_package/srv/_set_goal_s.c.o[0m
[8.013s] [ 87%] [32mBuilding C object CMakeFiles/my_first_package__python.dir/rosidl_generator_py/my_first_package/msg/_num_s.c.o[0m
[8.014s] [ 88%] [32mBuilding C object CMakeFiles/my_first_package__python.dir/rosidl_generator_py/my_first_package/srv/_set_noise_s.c.o[0m
[8.016s] [ 90%] [32mBuilding C object CMakeFiles/my_first_package__python.dir/rosidl_generator_py/my_first_package/msg/_sphere_s.c.o[0m
[8.016s] [ 90%] [32mBuilding C object CMakeFiles/my_first_package__python.dir/rosidl_generator_py/my_first_package/srv/_ath_sum_s.c.o[0m
[8.016s] [ 92%] [32mBuilding C object CMakeFiles/my_first_package__python.dir/rosidl_generator_py/my_first_package/srv/_ath_sum3_s.c.o[0m
[8.017s] [ 92%] [32mBuilding C object CMakeFiles/my_first_package__python.dir/rosidl_generator_py/my_first_package/action/_fibonacci_s.c.o[0m
[8.161s] [ 93%] [32m[1mLinking C shared library rosidl_generator_py/my_first_package/libmy_first_package__python.so[0m
[8.227s] [ 93%] Built target my_first_package__python
[8.237s] [35m[1mScanning dependencies of target my_first_package__rosidl_typesupport_introspection_c__pyext[0m
[8.242s] [35m[1mScanning dependencies of target my_first_package__rosidl_typesupport_c__pyext[0m
[8.242s] [35m[1mScanning dependencies of target my_first_package__rosidl_typesupport_fastrtps_c__pyext[0m
[8.259s] [ 94%] [32mBuilding C object CMakeFiles/my_first_package__rosidl_typesupport_introspection_c__pyext.dir/rosidl_generator_py/my_first_package/_my_first_package_s.ep.rosidl_typesupport_introspection_c.c.o[0m
[8.262s] [ 95%] [32mBuilding C object CMakeFiles/my_first_package__rosidl_typesupport_c__pyext.dir/rosidl_generator_py/my_first_package/_my_first_package_s.ep.rosidl_typesupport_c.c.o[0m
[8.269s] [ 96%] [32mBuilding C object CMakeFiles/my_first_package__rosidl_typesupport_fastrtps_c__pyext.dir/rosidl_generator_py/my_first_package/_my_first_package_s.ep.rosidl_typesupport_fastrtps_c.c.o[0m
[8.393s] [ 97%] [32m[1mLinking C shared library rosidl_generator_py/my_first_package/my_first_package_s__rosidl_typesupport_c.cpython-38-x86_64-linux-gnu.so[0m
[8.400s] [ 98%] [32m[1mLinking C shared library rosidl_generator_py/my_first_package/my_first_package_s__rosidl_typesupport_introspection_c.cpython-38-x86_64-linux-gnu.so[0m
[8.411s] [100%] [32m[1mLinking CXX shared library rosidl_generator_py/my_first_package/my_first_package_s__rosidl_typesupport_fastrtps_c.cpython-38-x86_64-linux-gnu.so[0m
[8.436s] [100%] Built target my_first_package__rosidl_typesupport_c__pyext
[8.446s] [100%] Built target my_first_package__rosidl_typesupport_introspection_c__pyext
[8.488s] [100%] Built target my_first_package__rosidl_typesupport_fastrtps_c__pyext
[8.499s] Invoked command in '/home/azthorax/fra333_ws/build/my_first_package' returned '0': CMAKE_PREFIX_PATH=/opt/ros/foxy /usr/bin/cmake --build /home/azthorax/fra333_ws/build/my_first_package -- -j12 -l12
[8.642s] Invoking command in '/home/azthorax/fra333_ws/build/my_first_package': CMAKE_PREFIX_PATH=/opt/ros/foxy /usr/bin/cmake --install /home/azthorax/fra333_ws/build/my_first_package
[8.655s] -- Install configuration: ""
[8.655s] -- Installing: /home/azthorax/fra333_ws/install/my_first_package/share/my_first_package/environment/pythonpath.sh
[8.655s] -- Installing: /home/azthorax/fra333_ws/install/my_first_package/share/my_first_package/environment/pythonpath.dsv
[8.656s] -- Installing: /home/azthorax/fra333_ws/install/my_first_package/lib/python3.8/site-packages/my_first_package
[8.656s] -- Installing: /home/azthorax/fra333_ws/install/my_first_package/lib/python3.8/site-packages/my_first_package/__init__.py
[8.682s] Listing '/home/azthorax/fra333_ws/install/my_first_package/lib/python3.8/site-packages/my_first_package'...
[8.682s] Compiling '/home/azthorax/fra333_ws/install/my_first_package/lib/python3.8/site-packages/my_first_package/__init__.py'...
[8.685s] -- Installing: /home/azthorax/fra333_ws/install/my_first_package/lib/my_first_package/01_pub.py
[8.685s] -- Installing: /home/azthorax/fra333_ws/install/my_first_package/lib/my_first_package/01_sub.py
[8.686s] -- Installing: /home/azthorax/fra333_ws/install/my_first_package/lib/my_first_package/02_controller.py
[8.686s] -- Installing: /home/azthorax/fra333_ws/install/my_first_package/lib/my_first_package/02_scheduler.py
[8.686s] -- Installing: /home/azthorax/fra333_ws/install/my_first_package/lib/my_first_package/03_turtle_tf2_broadcaster.py
[8.686s] -- Installing: /home/azthorax/fra333_ws/install/my_first_package/lib/my_first_package/04_state_pub.py
[8.687s] -- Installing: /home/azthorax/fra333_ws/install/my_first_package/lib/my_first_package/athsub.py
[8.687s] -- Installing: /home/azthorax/fra333_ws/install/my_first_package/lib/my_first_package/athpub.py
[8.687s] -- Installing: /home/azthorax/fra333_ws/install/my_first_package/lib/my_first_package/athactpub.py
[8.687s] -- Installing: /home/azthorax/fra333_ws/install/my_first_package/lib/my_first_package/athactsub.py
[8.687s] -- Installing: /home/azthorax/fra333_ws/install/my_first_package/lib/my_first_package/athtf2pub.py
[8.688s] -- Installing: /home/azthorax/fra333_ws/install/my_first_package/lib/my_first_package/athtf2sub.py
[8.688s] -- Installing: /home/azthorax/fra333_ws/install/my_first_package/lib/my_first_package/athtf2frame.py
[8.688s] -- Installing: /home/azthorax/fra333_ws/install/my_first_package/lib/my_first_package/athtf2dframe.py
[8.688s] -- Installing: /home/azthorax/fra333_ws/install/my_first_package/lib/my_first_package/athmsgfilterpub.py
[8.688s] -- Installing: /home/azthorax/fra333_ws/install/my_first_package/lib/my_first_package/athmsgfiltersub.py
[8.688s] -- Installing: /home/azthorax/fra333_ws/install/my_first_package/lib/my_first_package/athStatePublisher.py
[8.688s] -- Installing: /home/azthorax/fra333_ws/install/my_first_package/lib/my_first_package/velomulti.py
[8.689s] -- Installing: /home/azthorax/fra333_ws/install/my_first_package/lib/my_first_package/noisegen.py
[8.689s] -- Installing: /home/azthorax/fra333_ws/install/my_first_package/lib/my_first_package/cpp_node_test
[8.690s] -- Set runtime path of "/home/azthorax/fra333_ws/install/my_first_package/lib/my_first_package/cpp_node_test" to ""
[8.690s] -- Installing: /home/azthorax/fra333_ws/install/my_first_package/share/ament_index/resource_index/rosidl_interfaces/my_first_package
[8.690s] -- Installing: /home/azthorax/fra333_ws/install/my_first_package/include/my_first_package
[8.690s] -- Installing: /home/azthorax/fra333_ws/install/my_first_package/include/my_first_package/action
[8.690s] -- Installing: /home/azthorax/fra333_ws/install/my_first_package/include/my_first_package/action/fibonacci.h
[8.690s] -- Installing: /home/azthorax/fra333_ws/install/my_first_package/include/my_first_package/action/detail
[8.691s] -- Installing: /home/azthorax/fra333_ws/install/my_first_package/include/my_first_package/action/detail/fibonacci__functions.c
[8.691s] -- Installing: /home/azthorax/fra333_ws/install/my_first_package/include/my_first_package/action/detail/fibonacci__type_support.h
[8.691s] -- Installing: /home/azthorax/fra333_ws/install/my_first_package/include/my_first_package/action/detail/fibonacci__functions.h
[8.691s] -- Installing: /home/azthorax/fra333_ws/install/my_first_package/include/my_first_package/action/detail/fibonacci__struct.h
[8.691s] -- Installing: /home/azthorax/fra333_ws/install/my_first_package/include/my_first_package/srv
[8.691s] -- Installing: /home/azthorax/fra333_ws/install/my_first_package/include/my_first_package/srv/set_noise.h
[8.692s] -- Installing: /home/azthorax/fra333_ws/install/my_first_package/include/my_first_package/srv/ath_sum3.h
[8.692s] -- Installing: /home/azthorax/fra333_ws/install/my_first_package/include/my_first_package/srv/set_goal.h
[8.692s] -- Installing: /home/azthorax/fra333_ws/install/my_first_package/include/my_first_package/srv/detail
[8.692s] -- Installing: /home/azthorax/fra333_ws/install/my_first_package/include/my_first_package/srv/detail/set_goal__functions.h
[8.692s] -- Installing: /home/azthorax/fra333_ws/install/my_first_package/include/my_first_package/srv/detail/ath_sum__functions.h
[8.692s] -- Installing: /home/azthorax/fra333_ws/install/my_first_package/include/my_first_package/srv/detail/rand_goal__functions.c
[8.693s] -- Installing: /home/azthorax/fra333_ws/install/my_first_package/include/my_first_package/srv/detail/set_goal__type_support.h
[8.693s] -- Installing: /home/azthorax/fra333_ws/install/my_first_package/include/my_first_package/srv/detail/ath_sum3__type_support.h
[8.693s] -- Installing: /home/azthorax/fra333_ws/install/my_first_package/include/my_first_package/srv/detail/set_noise__functions.c
[8.693s] -- Installing: /home/azthorax/fra333_ws/install/my_first_package/include/my_first_package/srv/detail/set_noise__struct.h
[8.693s] -- Installing: /home/azthorax/fra333_ws/install/my_first_package/include/my_first_package/srv/detail/rand_goal__struct.h
[8.693s] -- Installing: /home/azthorax/fra333_ws/install/my_first_package/include/my_first_package/srv/detail/ath_sum3__struct.h
[8.694s] -- Installing: /home/azthorax/fra333_ws/install/my_first_package/include/my_first_package/srv/detail/set_noise__type_support.h
[8.694s] -- Installing: /home/azthorax/fra333_ws/install/my_first_package/include/my_first_package/srv/detail/ath_sum__type_support.h
[8.694s] -- Installing: /home/azthorax/fra333_ws/install/my_first_package/include/my_first_package/srv/detail/set_goal__functions.c
[8.694s] -- Installing: /home/azthorax/fra333_ws/install/my_first_package/include/my_first_package/srv/detail/set_goal__struct.h
[8.694s] -- Installing: /home/azthorax/fra333_ws/install/my_first_package/include/my_first_package/srv/detail/rand_goal__type_support.h
[8.694s] -- Installing: /home/azthorax/fra333_ws/install/my_first_package/include/my_first_package/srv/detail/ath_sum3__functions.h
[8.695s] -- Installing: /home/azthorax/fra333_ws/install/my_first_package/include/my_first_package/srv/detail/ath_sum__struct.h
[8.695s] -- Installing: /home/azthorax/fra333_ws/install/my_first_package/include/my_first_package/srv/detail/ath_sum3__functions.c
[8.695s] -- Installing: /home/azthorax/fra333_ws/install/my_first_package/include/my_first_package/srv/detail/set_noise__functions.h
[8.695s] -- Installing: /home/azthorax/fra333_ws/install/my_first_package/include/my_first_package/srv/detail/rand_goal__functions.h
[8.695s] -- Installing: /home/azthorax/fra333_ws/install/my_first_package/include/my_first_package/srv/detail/ath_sum__functions.c
[8.695s] -- Installing: /home/azthorax/fra333_ws/install/my_first_package/include/my_first_package/srv/ath_sum.h
[8.696s] -- Installing: /home/azthorax/fra333_ws/install/my_first_package/include/my_first_package/srv/rand_goal.h
[8.696s] -- Installing: /home/azthorax/fra333_ws/install/my_first_package/include/my_first_package/msg
[8.696s] -- Installing: /home/azthorax/fra333_ws/install/my_first_package/include/my_first_package/msg/sphere.h
[8.696s] -- Installing: /home/azthorax/fra333_ws/install/my_first_package/include/my_first_package/msg/add_book.h
[8.696s] -- Installing: /home/azthorax/fra333_ws/install/my_first_package/include/my_first_package/msg/detail
[8.696s] -- Installing: /home/azthorax/fra333_ws/install/my_first_package/include/my_first_package/msg/detail/num__type_support.h
[8.697s] -- Installing: /home/azthorax/fra333_ws/install/my_first_package/include/my_first_package/msg/detail/add_book__type_support.h
[8.697s] -- Installing: /home/azthorax/fra333_ws/install/my_first_package/include/my_first_package/msg/detail/num__functions.c
[8.697s] -- Installing: /home/azthorax/fra333_ws/install/my_first_package/include/my_first_package/msg/detail/sphere__functions.c
[8.697s] -- Installing: /home/azthorax/fra333_ws/install/my_first_package/include/my_first_package/msg/detail/add_book__functions.h
[8.697s] -- Installing: /home/azthorax/fra333_ws/install/my_first_package/include/my_first_package/msg/detail/add_book__functions.c
[8.697s] -- Installing: /home/azthorax/fra333_ws/install/my_first_package/include/my_first_package/msg/detail/num__struct.h
[8.697s] -- Installing: /home/azthorax/fra333_ws/install/my_first_package/include/my_first_package/msg/detail/sphere__struct.h
[8.697s] -- Installing: /home/azthorax/fra333_ws/install/my_first_package/include/my_first_package/msg/detail/sphere__type_support.h
[8.697s] -- Installing: /home/azthorax/fra333_ws/install/my_first_package/include/my_first_package/msg/detail/num__functions.h
[8.697s] -- Installing: /home/azthorax/fra333_ws/install/my_first_package/include/my_first_package/msg/detail/sphere__functions.h
[8.697s] -- Installing: /home/azthorax/fra333_ws/install/my_first_package/include/my_first_package/msg/detail/add_book__struct.h
[8.698s] -- Installing: /home/azthorax/fra333_ws/install/my_first_package/include/my_first_package/msg/num.h
[8.698s] -- Installing: /home/azthorax/fra333_ws/install/my_first_package/include/my_first_package/msg/rosidl_generator_c__visibility_control.h
[8.698s] -- Installing: /home/azthorax/fra333_ws/install/my_first_package/share/my_first_package/environment/library_path.sh
[8.698s] -- Installing: /home/azthorax/fra333_ws/install/my_first_package/share/my_first_package/environment/library_path.dsv
[8.698s] -- Installing: /home/azthorax/fra333_ws/install/my_first_package/lib/libmy_first_package__rosidl_generator_c.so
[8.698s] -- Set runtime path of "/home/azthorax/fra333_ws/install/my_first_package/lib/libmy_first_package__rosidl_generator_c.so" to ""
[8.699s] -- Up-to-date: /home/azthorax/fra333_ws/install/my_first_package/include/my_first_package
[8.699s] -- Up-to-date: /home/azthorax/fra333_ws/install/my_first_package/include/my_first_package/action
[8.699s] -- Up-to-date: /home/azthorax/fra333_ws/install/my_first_package/include/my_first_package/action/detail
[8.699s] -- Installing: /home/azthorax/fra333_ws/install/my_first_package/include/my_first_package/action/detail/fibonacci__rosidl_typesupport_fastrtps_c.h
[8.699s] -- Up-to-date: /home/azthorax/fra333_ws/install/my_first_package/include/my_first_package/srv
[8.699s] -- Up-to-date: /home/azthorax/fra333_ws/install/my_first_package/include/my_first_package/srv/detail
[8.699s] -- Installing: /home/azthorax/fra333_ws/install/my_first_package/include/my_first_package/srv/detail/set_noise__rosidl_typesupport_fastrtps_c.h
[8.700s] -- Installing: /home/azthorax/fra333_ws/install/my_first_package/include/my_first_package/srv/detail/set_goal__rosidl_typesupport_fastrtps_c.h
[8.700s] -- Installing: /home/azthorax/fra333_ws/install/my_first_package/include/my_first_package/srv/detail/ath_sum3__rosidl_typesupport_fastrtps_c.h
[8.700s] -- Installing: /home/azthorax/fra333_ws/install/my_first_package/include/my_first_package/srv/detail/rand_goal__rosidl_typesupport_fastrtps_c.h
[8.700s] -- Installing: /home/azthorax/fra333_ws/install/my_first_package/include/my_first_package/srv/detail/ath_sum__rosidl_typesupport_fastrtps_c.h
[8.700s] -- Up-to-date: /home/azthorax/fra333_ws/install/my_first_package/include/my_first_package/msg
[8.700s] -- Up-to-date: /home/azthorax/fra333_ws/install/my_first_package/include/my_first_package/msg/detail
[8.700s] -- Installing: /home/azthorax/fra333_ws/install/my_first_package/include/my_first_package/msg/detail/sphere__rosidl_typesupport_fastrtps_c.h
[8.701s] -- Installing: /home/azthorax/fra333_ws/install/my_first_package/include/my_first_package/msg/detail/num__rosidl_typesupport_fastrtps_c.h
[8.701s] -- Installing: /home/azthorax/fra333_ws/install/my_first_package/include/my_first_package/msg/detail/add_book__rosidl_typesupport_fastrtps_c.h
[8.701s] -- Installing: /home/azthorax/fra333_ws/install/my_first_package/include/my_first_package/msg/rosidl_typesupport_fastrtps_c__visibility_control.h
[8.701s] -- Installing: /home/azthorax/fra333_ws/install/my_first_package/lib/libmy_first_package__rosidl_typesupport_fastrtps_c.so
[8.701s] -- Set runtime path of "/home/azthorax/fra333_ws/install/my_first_package/lib/libmy_first_package__rosidl_typesupport_fastrtps_c.so" to ""
[8.701s] -- Up-to-date: /home/azthorax/fra333_ws/install/my_first_package/include/my_first_package
[8.702s] -- Up-to-date: /home/azthorax/fra333_ws/install/my_first_package/include/my_first_package/action
[8.702s] -- Up-to-date: /home/azthorax/fra333_ws/install/my_first_package/include/my_first_package/action/detail
[8.702s] -- Installing: /home/azthorax/fra333_ws/install/my_first_package/include/my_first_package/action/detail/dds_fastrtps
[8.702s] -- Installing: /home/azthorax/fra333_ws/install/my_first_package/include/my_first_package/action/detail/fibonacci__rosidl_typesupport_fastrtps_cpp.hpp
[8.702s] -- Up-to-date: /home/azthorax/fra333_ws/install/my_first_package/include/my_first_package/srv
[8.702s] -- Up-to-date: /home/azthorax/fra333_ws/install/my_first_package/include/my_first_package/srv/detail
[8.702s] -- Installing: /home/azthorax/fra333_ws/install/my_first_package/include/my_first_package/srv/detail/ath_sum3__rosidl_typesupport_fastrtps_cpp.hpp
[8.702s] -- Installing: /home/azthorax/fra333_ws/install/my_first_package/include/my_first_package/srv/detail/set_noise__rosidl_typesupport_fastrtps_cpp.hpp
[8.703s] -- Installing: /home/azthorax/fra333_ws/install/my_first_package/include/my_first_package/srv/detail/rand_goal__rosidl_typesupport_fastrtps_cpp.hpp
[8.703s] -- Installing: /home/azthorax/fra333_ws/install/my_first_package/include/my_first_package/srv/detail/set_goal__rosidl_typesupport_fastrtps_cpp.hpp
[8.703s] -- Installing: /home/azthorax/fra333_ws/install/my_first_package/include/my_first_package/srv/detail/ath_sum__rosidl_typesupport_fastrtps_cpp.hpp
[8.703s] -- Installing: /home/azthorax/fra333_ws/install/my_first_package/include/my_first_package/srv/detail/dds_fastrtps
[8.703s] -- Up-to-date: /home/azthorax/fra333_ws/install/my_first_package/include/my_first_package/msg
[8.703s] -- Installing: /home/azthorax/fra333_ws/install/my_first_package/include/my_first_package/msg/rosidl_typesupport_fastrtps_cpp__visibility_control.h
[8.703s] -- Up-to-date: /home/azthorax/fra333_ws/install/my_first_package/include/my_first_package/msg/detail
[8.704s] -- Installing: /home/azthorax/fra333_ws/install/my_first_package/include/my_first_package/msg/detail/sphere__rosidl_typesupport_fastrtps_cpp.hpp
[8.704s] -- Installing: /home/azthorax/fra333_ws/install/my_first_package/include/my_first_package/msg/detail/num__rosidl_typesupport_fastrtps_cpp.hpp
[8.704s] -- Installing: /home/azthorax/fra333_ws/install/my_first_package/include/my_first_package/msg/detail/add_book__rosidl_typesupport_fastrtps_cpp.hpp
[8.704s] -- Installing: /home/azthorax/fra333_ws/install/my_first_package/include/my_first_package/msg/detail/dds_fastrtps
[8.704s] -- Installing: /home/azthorax/fra333_ws/install/my_first_package/lib/libmy_first_package__rosidl_typesupport_fastrtps_cpp.so
[8.704s] -- Set runtime path of "/home/azthorax/fra333_ws/install/my_first_package/lib/libmy_first_package__rosidl_typesupport_fastrtps_cpp.so" to ""
[8.704s] -- Up-to-date: /home/azthorax/fra333_ws/install/my_first_package/include/my_first_package
[8.704s] -- Up-to-date: /home/azthorax/fra333_ws/install/my_first_package/include/my_first_package/action
[8.705s] -- Up-to-date: /home/azthorax/fra333_ws/install/my_first_package/include/my_first_package/action/detail
[8.705s] -- Installing: /home/azthorax/fra333_ws/install/my_first_package/include/my_first_package/action/detail/fibonacci__type_support.c
[8.705s] -- Installing: /home/azthorax/fra333_ws/install/my_first_package/include/my_first_package/action/detail/fibonacci__rosidl_typesupport_introspection_c.h
[8.705s] -- Up-to-date: /home/azthorax/fra333_ws/install/my_first_package/include/my_first_package/srv
[8.705s] -- Up-to-date: /home/azthorax/fra333_ws/install/my_first_package/include/my_first_package/srv/detail
[8.705s] -- Installing: /home/azthorax/fra333_ws/install/my_first_package/include/my_first_package/srv/detail/ath_sum__type_support.c
[8.705s] -- Installing: /home/azthorax/fra333_ws/install/my_first_package/include/my_first_package/srv/detail/set_goal__rosidl_typesupport_introspection_c.h
[8.705s] -- Installing: /home/azthorax/fra333_ws/install/my_first_package/include/my_first_package/srv/detail/rand_goal__type_support.c
[8.706s] -- Installing: /home/azthorax/fra333_ws/install/my_first_package/include/my_first_package/srv/detail/set_noise__rosidl_typesupport_introspection_c.h
[8.706s] -- Installing: /home/azthorax/fra333_ws/install/my_first_package/include/my_first_package/srv/detail/ath_sum__rosidl_typesupport_introspection_c.h
[8.706s] -- Installing: /home/azthorax/fra333_ws/install/my_first_package/include/my_first_package/srv/detail/set_noise__type_support.c
[8.706s] -- Installing: /home/azthorax/fra333_ws/install/my_first_package/include/my_first_package/srv/detail/set_goal__type_support.c
[8.706s] -- Installing: /home/azthorax/fra333_ws/install/my_first_package/include/my_first_package/srv/detail/ath_sum3__rosidl_typesupport_introspection_c.h
[8.706s] -- Installing: /home/azthorax/fra333_ws/install/my_first_package/include/my_first_package/srv/detail/ath_sum3__type_support.c
[8.706s] -- Installing: /home/azthorax/fra333_ws/install/my_first_package/include/my_first_package/srv/detail/rand_goal__rosidl_typesupport_introspection_c.h
[8.707s] -- Up-to-date: /home/azthorax/fra333_ws/install/my_first_package/include/my_first_package/msg
[8.707s] -- Installing: /home/azthorax/fra333_ws/install/my_first_package/include/my_first_package/msg/rosidl_typesupport_introspection_c__visibility_control.h
[8.707s] -- Up-to-date: /home/azthorax/fra333_ws/install/my_first_package/include/my_first_package/msg/detail
[8.707s] -- Installing: /home/azthorax/fra333_ws/install/my_first_package/include/my_first_package/msg/detail/sphere__rosidl_typesupport_introspection_c.h
[8.707s] -- Installing: /home/azthorax/fra333_ws/install/my_first_package/include/my_first_package/msg/detail/add_book__rosidl_typesupport_introspection_c.h
[8.707s] -- Installing: /home/azthorax/fra333_ws/install/my_first_package/include/my_first_package/msg/detail/add_book__type_support.c
[8.707s] -- Installing: /home/azthorax/fra333_ws/install/my_first_package/include/my_first_package/msg/detail/num__type_support.c
[8.708s] -- Installing: /home/azthorax/fra333_ws/install/my_first_package/include/my_first_package/msg/detail/sphere__type_support.c
[8.708s] -- Installing: /home/azthorax/fra333_ws/install/my_first_package/include/my_first_package/msg/detail/num__rosidl_typesupport_introspection_c.h
[8.708s] -- Installing: /home/azthorax/fra333_ws/install/my_first_package/lib/libmy_first_package__rosidl_typesupport_introspection_c.so
[8.708s] -- Set runtime path of "/home/azthorax/fra333_ws/install/my_first_package/lib/libmy_first_package__rosidl_typesupport_introspection_c.so" to ""
[8.708s] -- Installing: /home/azthorax/fra333_ws/install/my_first_package/lib/libmy_first_package__rosidl_typesupport_c.so
[8.708s] -- Set runtime path of "/home/azthorax/fra333_ws/install/my_first_package/lib/libmy_first_package__rosidl_typesupport_c.so" to ""
[8.709s] -- Up-to-date: /home/azthorax/fra333_ws/install/my_first_package/include/my_first_package
[8.709s] -- Up-to-date: /home/azthorax/fra333_ws/install/my_first_package/include/my_first_package/action
[8.709s] -- Installing: /home/azthorax/fra333_ws/install/my_first_package/include/my_first_package/action/fibonacci.hpp
[8.709s] -- Up-to-date: /home/azthorax/fra333_ws/install/my_first_package/include/my_first_package/action/detail
[8.709s] -- Installing: /home/azthorax/fra333_ws/install/my_first_package/include/my_first_package/action/detail/fibonacci__traits.hpp
[8.709s] -- Installing: /home/azthorax/fra333_ws/install/my_first_package/include/my_first_package/action/detail/fibonacci__struct.hpp
[8.709s] -- Installing: /home/azthorax/fra333_ws/install/my_first_package/include/my_first_package/action/detail/fibonacci__builder.hpp
[8.710s] -- Up-to-date: /home/azthorax/fra333_ws/install/my_first_package/include/my_first_package/srv
[8.710s] -- Installing: /home/azthorax/fra333_ws/install/my_first_package/include/my_first_package/srv/set_goal.hpp
[8.710s] -- Installing: /home/azthorax/fra333_ws/install/my_first_package/include/my_first_package/srv/set_noise.hpp
[8.710s] -- Up-to-date: /home/azthorax/fra333_ws/install/my_first_package/include/my_first_package/srv/detail
[8.710s] -- Installing: /home/azthorax/fra333_ws/install/my_first_package/include/my_first_package/srv/detail/ath_sum3__struct.hpp
[8.710s] -- Installing: /home/azthorax/fra333_ws/install/my_first_package/include/my_first_package/srv/detail/set_noise__builder.hpp
[8.710s] -- Installing: /home/azthorax/fra333_ws/install/my_first_package/include/my_first_package/srv/detail/ath_sum3__builder.hpp
[8.710s] -- Installing: /home/azthorax/fra333_ws/install/my_first_package/include/my_first_package/srv/detail/set_goal__traits.hpp
[8.710s] -- Installing: /home/azthorax/fra333_ws/install/my_first_package/include/my_first_package/srv/detail/rand_goal__builder.hpp
[8.711s] -- Installing: /home/azthorax/fra333_ws/install/my_first_package/include/my_first_package/srv/detail/set_goal__builder.hpp
[8.711s] -- Installing: /home/azthorax/fra333_ws/install/my_first_package/include/my_first_package/srv/detail/ath_sum3__traits.hpp
[8.711s] -- Installing: /home/azthorax/fra333_ws/install/my_first_package/include/my_first_package/srv/detail/set_goal__struct.hpp
[8.711s] -- Installing: /home/azthorax/fra333_ws/install/my_first_package/include/my_first_package/srv/detail/ath_sum__struct.hpp
[8.711s] -- Installing: /home/azthorax/fra333_ws/install/my_first_package/include/my_first_package/srv/detail/set_noise__traits.hpp
[8.711s] -- Installing: /home/azthorax/fra333_ws/install/my_first_package/include/my_first_package/srv/detail/rand_goal__struct.hpp
[8.711s] -- Installing: /home/azthorax/fra333_ws/install/my_first_package/include/my_first_package/srv/detail/ath_sum__traits.hpp
[8.711s] -- Installing: /home/azthorax/fra333_ws/install/my_first_package/include/my_first_package/srv/detail/ath_sum__builder.hpp
[8.711s] -- Installing: /home/azthorax/fra333_ws/install/my_first_package/include/my_first_package/srv/detail/rand_goal__traits.hpp
[8.711s] -- Installing: /home/azthorax/fra333_ws/install/my_first_package/include/my_first_package/srv/detail/set_noise__struct.hpp
[8.712s] -- Installing: /home/azthorax/fra333_ws/install/my_first_package/include/my_first_package/srv/ath_sum.hpp
[8.712s] -- Installing: /home/azthorax/fra333_ws/install/my_first_package/include/my_first_package/srv/rand_goal.hpp
[8.712s] -- Installing: /home/azthorax/fra333_ws/install/my_first_package/include/my_first_package/srv/ath_sum3.hpp
[8.712s] -- Up-to-date: /home/azthorax/fra333_ws/install/my_first_package/include/my_first_package/msg
[8.712s] -- Installing: /home/azthorax/fra333_ws/install/my_first_package/include/my_first_package/msg/sphere.hpp
[8.712s] -- Up-to-date: /home/azthorax/fra333_ws/install/my_first_package/include/my_first_package/msg/detail
[8.712s] -- Installing: /home/azthorax/fra333_ws/install/my_first_package/include/my_first_package/msg/detail/num__struct.hpp
[8.712s] -- Installing: /home/azthorax/fra333_ws/install/my_first_package/include/my_first_package/msg/detail/num__builder.hpp
[8.712s] -- Installing: /home/azthorax/fra333_ws/install/my_first_package/include/my_first_package/msg/detail/num__traits.hpp
[8.712s] -- Installing: /home/azthorax/fra333_ws/install/my_first_package/include/my_first_package/msg/detail/sphere__struct.hpp
[8.713s] -- Installing: /home/azthorax/fra333_ws/install/my_first_package/include/my_first_package/msg/detail/add_book__builder.hpp
[8.713s] -- Installing: /home/azthorax/fra333_ws/install/my_first_package/include/my_first_package/msg/detail/add_book__traits.hpp
[8.713s] -- Installing: /home/azthorax/fra333_ws/install/my_first_package/include/my_first_package/msg/detail/add_book__struct.hpp
[8.713s] -- Installing: /home/azthorax/fra333_ws/install/my_first_package/include/my_first_package/msg/detail/sphere__traits.hpp
[8.713s] -- Installing: /home/azthorax/fra333_ws/install/my_first_package/include/my_first_package/msg/detail/sphere__builder.hpp
[8.713s] -- Installing: /home/azthorax/fra333_ws/install/my_first_package/include/my_first_package/msg/add_book.hpp
[8.713s] -- Installing: /home/azthorax/fra333_ws/install/my_first_package/include/my_first_package/msg/num.hpp
[8.713s] -- Up-to-date: /home/azthorax/fra333_ws/install/my_first_package/include/my_first_package
[8.713s] -- Up-to-date: /home/azthorax/fra333_ws/install/my_first_package/include/my_first_package/action
[8.713s] -- Up-to-date: /home/azthorax/fra333_ws/install/my_first_package/include/my_first_package/action/detail
[8.714s] -- Installing: /home/azthorax/fra333_ws/install/my_first_package/include/my_first_package/action/detail/fibonacci__type_support.cpp
[8.714s] -- Installing: /home/azthorax/fra333_ws/install/my_first_package/include/my_first_package/action/detail/fibonacci__rosidl_typesupport_introspection_cpp.hpp
[8.714s] -- Up-to-date: /home/azthorax/fra333_ws/install/my_first_package/include/my_first_package/srv
[8.714s] -- Up-to-date: /home/azthorax/fra333_ws/install/my_first_package/include/my_first_package/srv/detail
[8.714s] -- Installing: /home/azthorax/fra333_ws/install/my_first_package/include/my_first_package/srv/detail/ath_sum3__type_support.cpp
[8.714s] -- Installing: /home/azthorax/fra333_ws/install/my_first_package/include/my_first_package/srv/detail/set_goal__rosidl_typesupport_introspection_cpp.hpp
[8.714s] -- Installing: /home/azthorax/fra333_ws/install/my_first_package/include/my_first_package/srv/detail/set_noise__type_support.cpp
[8.714s] -- Installing: /home/azthorax/fra333_ws/install/my_first_package/include/my_first_package/srv/detail/set_noise__rosidl_typesupport_introspection_cpp.hpp
[8.715s] -- Installing: /home/azthorax/fra333_ws/install/my_first_package/include/my_first_package/srv/detail/rand_goal__type_support.cpp
[8.715s] -- Installing: /home/azthorax/fra333_ws/install/my_first_package/include/my_first_package/srv/detail/ath_sum__type_support.cpp
[8.715s] -- Installing: /home/azthorax/fra333_ws/install/my_first_package/include/my_first_package/srv/detail/ath_sum3__rosidl_typesupport_introspection_cpp.hpp
[8.715s] -- Installing: /home/azthorax/fra333_ws/install/my_first_package/include/my_first_package/srv/detail/set_goal__type_support.cpp
[8.715s] -- Installing: /home/azthorax/fra333_ws/install/my_first_package/include/my_first_package/srv/detail/rand_goal__rosidl_typesupport_introspection_cpp.hpp
[8.715s] -- Installing: /home/azthorax/fra333_ws/install/my_first_package/include/my_first_package/srv/detail/ath_sum__rosidl_typesupport_introspection_cpp.hpp
[8.715s] -- Up-to-date: /home/azthorax/fra333_ws/install/my_first_package/include/my_first_package/msg
[8.715s] -- Up-to-date: /home/azthorax/fra333_ws/install/my_first_package/include/my_first_package/msg/detail
[8.715s] -- Installing: /home/azthorax/fra333_ws/install/my_first_package/include/my_first_package/msg/detail/add_book__type_support.cpp
[8.716s] -- Installing: /home/azthorax/fra333_ws/install/my_first_package/include/my_first_package/msg/detail/num__rosidl_typesupport_introspection_cpp.hpp
[8.716s] -- Installing: /home/azthorax/fra333_ws/install/my_first_package/include/my_first_package/msg/detail/add_book__rosidl_typesupport_introspection_cpp.hpp
[8.716s] -- Installing: /home/azthorax/fra333_ws/install/my_first_package/include/my_first_package/msg/detail/sphere__rosidl_typesupport_introspection_cpp.hpp
[8.716s] -- Installing: /home/azthorax/fra333_ws/install/my_first_package/include/my_first_package/msg/detail/sphere__type_support.cpp
[8.716s] -- Installing: /home/azthorax/fra333_ws/install/my_first_package/include/my_first_package/msg/detail/num__type_support.cpp
[8.716s] -- Installing: /home/azthorax/fra333_ws/install/my_first_package/lib/libmy_first_package__rosidl_typesupport_introspection_cpp.so
[8.716s] -- Set runtime path of "/home/azthorax/fra333_ws/install/my_first_package/lib/libmy_first_package__rosidl_typesupport_introspection_cpp.so" to ""
[8.716s] -- Installing: /home/azthorax/fra333_ws/install/my_first_package/lib/libmy_first_package__rosidl_typesupport_cpp.so
[8.717s] -- Set runtime path of "/home/azthorax/fra333_ws/install/my_first_package/lib/libmy_first_package__rosidl_typesupport_cpp.so" to ""
[8.717s] -- Installing: /home/azthorax/fra333_ws/install/my_first_package/lib/python3.8/site-packages/my_first_package/__init__.py
[8.742s] Compiling '/home/azthorax/fra333_ws/install/my_first_package/lib/python3.8/site-packages/my_first_package/__init__.py'...
[8.745s] -- Installing: /home/azthorax/fra333_ws/install/my_first_package/lib/python3.8/site-packages/my_first_package/srv
[8.746s] -- Installing: /home/azthorax/fra333_ws/install/my_first_package/lib/python3.8/site-packages/my_first_package/srv/_set_noise_s.c
[8.746s] -- Installing: /home/azthorax/fra333_ws/install/my_first_package/lib/python3.8/site-packages/my_first_package/srv/_rand_goal_s.c
[8.746s] -- Installing: /home/azthorax/fra333_ws/install/my_first_package/lib/python3.8/site-packages/my_first_package/srv/_set_goal_s.c
[8.746s] -- Installing: /home/azthorax/fra333_ws/install/my_first_package/lib/python3.8/site-packages/my_first_package/srv/_ath_sum_s.c
[8.747s] -- Installing: /home/azthorax/fra333_ws/install/my_first_package/lib/python3.8/site-packages/my_first_package/srv/_ath_sum3_s.c
[8.747s] -- Installing: /home/azthorax/fra333_ws/install/my_first_package/lib/python3.8/site-packages/my_first_package/srv/_set_noise.py
[8.747s] -- Installing: /home/azthorax/fra333_ws/install/my_first_package/lib/python3.8/site-packages/my_first_package/srv/__init__.py
[8.747s] -- Installing: /home/azthorax/fra333_ws/install/my_first_package/lib/python3.8/site-packages/my_first_package/srv/_rand_goal.py
[8.747s] -- Installing: /home/azthorax/fra333_ws/install/my_first_package/lib/python3.8/site-packages/my_first_package/srv/_set_goal.py
[8.748s] -- Installing: /home/azthorax/fra333_ws/install/my_first_package/lib/python3.8/site-packages/my_first_package/srv/_ath_sum3.py
[8.748s] -- Installing: /home/azthorax/fra333_ws/install/my_first_package/lib/python3.8/site-packages/my_first_package/srv/_ath_sum.py
[8.748s] -- Installing: /home/azthorax/fra333_ws/install/my_first_package/lib/python3.8/site-packages/my_first_package/msg
[8.748s] -- Installing: /home/azthorax/fra333_ws/install/my_first_package/lib/python3.8/site-packages/my_first_package/msg/_sphere.py
[8.748s] -- Installing: /home/azthorax/fra333_ws/install/my_first_package/lib/python3.8/site-packages/my_first_package/msg/_sphere_s.c
[8.749s] -- Installing: /home/azthorax/fra333_ws/install/my_first_package/lib/python3.8/site-packages/my_first_package/msg/_num_s.c
[8.749s] -- Installing: /home/azthorax/fra333_ws/install/my_first_package/lib/python3.8/site-packages/my_first_package/msg/_num.py
[8.749s] -- Installing: /home/azthorax/fra333_ws/install/my_first_package/lib/python3.8/site-packages/my_first_package/msg/_add_book_s.c
[8.749s] -- Installing: /home/azthorax/fra333_ws/install/my_first_package/lib/python3.8/site-packages/my_first_package/msg/__init__.py
[8.749s] -- Installing: /home/azthorax/fra333_ws/install/my_first_package/lib/python3.8/site-packages/my_first_package/msg/_add_book.py
[8.749s] -- Installing: /home/azthorax/fra333_ws/install/my_first_package/lib/python3.8/site-packages/my_first_package/action
[8.750s] -- Installing: /home/azthorax/fra333_ws/install/my_first_package/lib/python3.8/site-packages/my_first_package/action/_fibonacci_s.c
[8.750s] -- Installing: /home/azthorax/fra333_ws/install/my_first_package/lib/python3.8/site-packages/my_first_package/action/_fibonacci.py
[8.750s] -- Installing: /home/azthorax/fra333_ws/install/my_first_package/lib/python3.8/site-packages/my_first_package/action/__init__.py
[8.750s] -- Installing: /home/azthorax/fra333_ws/install/my_first_package/lib/python3.8/site-packages/my_first_package/my_first_package_s__rosidl_typesupport_fastrtps_c.cpython-38-x86_64-linux-gnu.so
[8.750s] -- Set runtime path of "/home/azthorax/fra333_ws/install/my_first_package/lib/python3.8/site-packages/my_first_package/my_first_package_s__rosidl_typesupport_fastrtps_c.cpython-38-x86_64-linux-gnu.so" to ""
[8.750s] -- Installing: /home/azthorax/fra333_ws/install/my_first_package/lib/python3.8/site-packages/my_first_package/my_first_package_s__rosidl_typesupport_introspection_c.cpython-38-x86_64-linux-gnu.so
[8.750s] -- Set runtime path of "/home/azthorax/fra333_ws/install/my_first_package/lib/python3.8/site-packages/my_first_package/my_first_package_s__rosidl_typesupport_introspection_c.cpython-38-x86_64-linux-gnu.so" to ""
[8.750s] -- Installing: /home/azthorax/fra333_ws/install/my_first_package/lib/python3.8/site-packages/my_first_package/my_first_package_s__rosidl_typesupport_c.cpython-38-x86_64-linux-gnu.so
[8.751s] -- Set runtime path of "/home/azthorax/fra333_ws/install/my_first_package/lib/python3.8/site-packages/my_first_package/my_first_package_s__rosidl_typesupport_c.cpython-38-x86_64-linux-gnu.so" to ""
[8.751s] -- Installing: /home/azthorax/fra333_ws/install/my_first_package/lib/libmy_first_package__python.so
[8.752s] -- Set runtime path of "/home/azthorax/fra333_ws/install/my_first_package/lib/libmy_first_package__python.so" to ""
[8.752s] -- Installing: /home/azthorax/fra333_ws/install/my_first_package/share/my_first_package/srv/RandGoal.idl
[8.752s] -- Installing: /home/azthorax/fra333_ws/install/my_first_package/share/my_first_package/srv/SetGoal.idl
[8.752s] -- Installing: /home/azthorax/fra333_ws/install/my_first_package/share/my_first_package/srv/AthSum.idl
[8.753s] -- Installing: /home/azthorax/fra333_ws/install/my_first_package/share/my_first_package/msg/Num.idl
[8.753s] -- Installing: /home/azthorax/fra333_ws/install/my_first_package/share/my_first_package/msg/Sphere.idl
[8.753s] -- Installing: /home/azthorax/fra333_ws/install/my_first_package/share/my_first_package/msg/AddBook.idl
[8.753s] -- Installing: /home/azthorax/fra333_ws/install/my_first_package/share/my_first_package/srv/AthSum3.idl
[8.754s] -- Installing: /home/azthorax/fra333_ws/install/my_first_package/share/my_first_package/srv/SetNoise.idl
[8.754s] -- Installing: /home/azthorax/fra333_ws/install/my_first_package/share/my_first_package/action/Fibonacci.idl
[8.754s] -- Installing: /home/azthorax/fra333_ws/install/my_first_package/share/my_first_package/srv/RandGoal.srv
[8.754s] -- Installing: /home/azthorax/fra333_ws/install/my_first_package/share/my_first_package/srv/RandGoal_Request.msg
[8.754s] -- Installing: /home/azthorax/fra333_ws/install/my_first_package/share/my_first_package/srv/RandGoal_Response.msg
[8.755s] -- Installing: /home/azthorax/fra333_ws/install/my_first_package/share/my_first_package/srv/SetGoal.srv
[8.755s] -- Installing: /home/azthorax/fra333_ws/install/my_first_package/share/my_first_package/srv/SetGoal_Request.msg
[8.755s] -- Installing: /home/azthorax/fra333_ws/install/my_first_package/share/my_first_package/srv/SetGoal_Response.msg
[8.755s] -- Installing: /home/azthorax/fra333_ws/install/my_first_package/share/my_first_package/srv/AthSum.srv
[8.755s] -- Installing: /home/azthorax/fra333_ws/install/my_first_package/share/my_first_package/srv/AthSum_Request.msg
[8.756s] -- Installing: /home/azthorax/fra333_ws/install/my_first_package/share/my_first_package/srv/AthSum_Response.msg
[8.756s] -- Installing: /home/azthorax/fra333_ws/install/my_first_package/share/my_first_package/msg/Num.msg
[8.756s] -- Installing: /home/azthorax/fra333_ws/install/my_first_package/share/my_first_package/msg/Sphere.msg
[8.756s] -- Installing: /home/azthorax/fra333_ws/install/my_first_package/share/my_first_package/msg/AddBook.msg
[8.757s] -- Installing: /home/azthorax/fra333_ws/install/my_first_package/share/my_first_package/srv/AthSum3.srv
[8.757s] -- Installing: /home/azthorax/fra333_ws/install/my_first_package/share/my_first_package/srv/AthSum3_Request.msg
[8.757s] -- Installing: /home/azthorax/fra333_ws/install/my_first_package/share/my_first_package/srv/AthSum3_Response.msg
[8.757s] -- Installing: /home/azthorax/fra333_ws/install/my_first_package/share/my_first_package/srv/SetNoise.srv
[8.757s] -- Installing: /home/azthorax/fra333_ws/install/my_first_package/share/my_first_package/srv/SetNoise_Request.msg
[8.757s] -- Installing: /home/azthorax/fra333_ws/install/my_first_package/share/my_first_package/srv/SetNoise_Response.msg
[8.758s] -- Installing: /home/azthorax/fra333_ws/install/my_first_package/share/my_first_package/action/Fibonacci.action
[8.758s] -- Installing: /home/azthorax/fra333_ws/install/my_first_package/share/my_first_package/launch
[8.758s] -- Installing: /home/azthorax/fra333_ws/install/my_first_package/share/my_first_package/launch/02_via_point_follower.launch.py
[8.758s] -- Installing: /home/azthorax/fra333_ws/install/my_first_package/share/my_first_package/launch/hwdemolaunch.py
[8.758s] -- Installing: /home/azthorax/fra333_ws/install/my_first_package/share/my_first_package/launch/04_robot_state_publisher.launch.py
[8.759s] -- Installing: /home/azthorax/fra333_ws/install/my_first_package/share/my_first_package/launch/athsamplelaunch.py
[8.759s] -- Installing: /home/azthorax/fra333_ws/install/my_first_package/share/my_first_package/urdf
[8.759s] -- Installing: /home/azthorax/fra333_ws/install/my_first_package/share/my_first_package/urdf/myrobot.urdf.xml
[8.759s] -- Installing: /home/azthorax/fra333_ws/install/my_first_package/share/my_first_package/urdf/r2d2.urdf.xml
[8.759s] -- Installing: /home/azthorax/fra333_ws/install/my_first_package/share/my_first_package/rviz
[8.759s] -- Installing: /home/azthorax/fra333_ws/install/my_first_package/share/my_first_package/rviz/r2d2.rviz
[8.759s] -- Installing: /home/azthorax/fra333_ws/install/my_first_package/share/ament_index/resource_index/package_run_dependencies/my_first_package
[8.760s] -- Installing: /home/azthorax/fra333_ws/install/my_first_package/share/ament_index/resource_index/parent_prefix_path/my_first_package
[8.760s] -- Installing: /home/azthorax/fra333_ws/install/my_first_package/share/my_first_package/environment/ament_prefix_path.sh
[8.760s] -- Installing: /home/azthorax/fra333_ws/install/my_first_package/share/my_first_package/environment/ament_prefix_path.dsv
[8.760s] -- Installing: /home/azthorax/fra333_ws/install/my_first_package/share/my_first_package/environment/path.sh
[8.760s] -- Installing: /home/azthorax/fra333_ws/install/my_first_package/share/my_first_package/environment/path.dsv
[8.760s] -- Installing: /home/azthorax/fra333_ws/install/my_first_package/share/my_first_package/local_setup.bash
[8.760s] -- Installing: /home/azthorax/fra333_ws/install/my_first_package/share/my_first_package/local_setup.sh
[8.760s] -- Installing: /home/azthorax/fra333_ws/install/my_first_package/share/my_first_package/local_setup.zsh
[8.761s] -- Installing: /home/azthorax/fra333_ws/install/my_first_package/share/my_first_package/local_setup.dsv
[8.761s] -- Installing: /home/azthorax/fra333_ws/install/my_first_package/share/my_first_package/package.dsv
[8.761s] -- Installing: /home/azthorax/fra333_ws/install/my_first_package/share/ament_index/resource_index/packages/my_first_package
[8.761s] -- Installing: /home/azthorax/fra333_ws/install/my_first_package/share/my_first_package/cmake/my_first_package__rosidl_generator_cExport.cmake
[8.761s] -- Installing: /home/azthorax/fra333_ws/install/my_first_package/share/my_first_package/cmake/my_first_package__rosidl_generator_cExport-noconfig.cmake
[8.761s] -- Installing: /home/azthorax/fra333_ws/install/my_first_package/share/my_first_package/cmake/my_first_package__rosidl_typesupport_introspection_cExport.cmake
[8.762s] -- Installing: /home/azthorax/fra333_ws/install/my_first_package/share/my_first_package/cmake/my_first_package__rosidl_typesupport_introspection_cExport-noconfig.cmake
[8.762s] -- Installing: /home/azthorax/fra333_ws/install/my_first_package/share/my_first_package/cmake/my_first_package__rosidl_typesupport_cExport.cmake
[8.762s] -- Installing: /home/azthorax/fra333_ws/install/my_first_package/share/my_first_package/cmake/my_first_package__rosidl_typesupport_cExport-noconfig.cmake
[8.762s] -- Installing: /home/azthorax/fra333_ws/install/my_first_package/share/my_first_package/cmake/my_first_package__rosidl_generator_cppExport.cmake
[8.762s] -- Installing: /home/azthorax/fra333_ws/install/my_first_package/share/my_first_package/cmake/my_first_package__rosidl_typesupport_introspection_cppExport.cmake
[8.762s] -- Installing: /home/azthorax/fra333_ws/install/my_first_package/share/my_first_package/cmake/my_first_package__rosidl_typesupport_introspection_cppExport-noconfig.cmake
[8.763s] -- Installing: /home/azthorax/fra333_ws/install/my_first_package/share/my_first_package/cmake/my_first_package__rosidl_typesupport_cppExport.cmake
[8.763s] -- Installing: /home/azthorax/fra333_ws/install/my_first_package/share/my_first_package/cmake/my_first_package__rosidl_typesupport_cppExport-noconfig.cmake
[8.763s] -- Installing: /home/azthorax/fra333_ws/install/my_first_package/share/my_first_package/cmake/rosidl_cmake-extras.cmake
[8.763s] -- Installing: /home/azthorax/fra333_ws/install/my_first_package/share/my_first_package/cmake/ament_cmake_export_dependencies-extras.cmake
[8.763s] -- Installing: /home/azthorax/fra333_ws/install/my_first_package/share/my_first_package/cmake/ament_cmake_export_libraries-extras.cmake
[8.763s] -- Installing: /home/azthorax/fra333_ws/install/my_first_package/share/my_first_package/cmake/ament_cmake_export_targets-extras.cmake
[8.763s] -- Installing: /home/azthorax/fra333_ws/install/my_first_package/share/my_first_package/cmake/ament_cmake_export_include_directories-extras.cmake
[8.764s] -- Installing: /home/azthorax/fra333_ws/install/my_first_package/share/my_first_package/cmake/rosidl_cmake_export_typesupport_libraries-extras.cmake
[8.764s] -- Installing: /home/azthorax/fra333_ws/install/my_first_package/share/my_first_package/cmake/rosidl_cmake_export_typesupport_targets-extras.cmake
[8.771s] -- Installing: /home/azthorax/fra333_ws/install/my_first_package/share/my_first_package/cmake/my_first_packageConfig.cmake
[8.771s] -- Installing: /home/azthorax/fra333_ws/install/my_first_package/share/my_first_package/cmake/my_first_packageConfig-version.cmake
[8.771s] -- Installing: /home/azthorax/fra333_ws/install/my_first_package/share/my_first_package/package.xml
[8.771s] Invoked command in '/home/azthorax/fra333_ws/build/my_first_package' returned '0': CMAKE_PREFIX_PATH=/opt/ros/foxy /usr/bin/cmake --install /home/azthorax/fra333_ws/build/my_first_package
