[0.098s] Invoking command in '/home/azthorax/fra333_ws/build/cocoa_kinematics_interfaces': CMAKE_PREFIX_PATH=${CMAKE_PREFIX_PATH}:/opt/ros/foxy /usr/bin/cmake --build /home/azthorax/fra333_ws/build/cocoa_kinematics_interfaces -- -j12 -l12
[0.157s] [  2%] Built target cocoa_kinematics_interfaces__cpp
[0.157s] [ 12%] Built target cocoa_kinematics_interfaces__rosidl_generator_c
[0.186s] [ 23%] Built target cocoa_kinematics_interfaces__rosidl_typesupport_cpp
[0.187s] [ 33%] Built target cocoa_kinematics_interfaces__rosidl_typesupport_introspection_c
[0.192s] [ 43%] Built target cocoa_kinematics_interfaces__rosidl_typesupport_introspection_cpp
[0.200s] [ 53%] Built target cocoa_kinematics_interfaces__rosidl_typesupport_fastrtps_cpp
[0.221s] [ 64%] Built target cocoa_kinematics_interfaces__rosidl_typesupport_c
[0.252s] [ 74%] Built target cocoa_kinematics_interfaces__rosidl_typesupport_fastrtps_c
[0.289s] [ 74%] Built target cocoa_kinematics_interfaces
[0.313s] [ 76%] Built target cocoa_kinematics_interfaces__py
[0.356s] [ 84%] Built target cocoa_kinematics_interfaces__python
[0.402s] [ 89%] Built target cocoa_kinematics_interfaces__rosidl_typesupport_c__pyext
[0.402s] [ 94%] Built target cocoa_kinematics_interfaces__rosidl_typesupport_fastrtps_c__pyext
[0.403s] [100%] Built target cocoa_kinematics_interfaces__rosidl_typesupport_introspection_c__pyext
[0.518s] Invoked command in '/home/azthorax/fra333_ws/build/cocoa_kinematics_interfaces' returned '0': CMAKE_PREFIX_PATH=${CMAKE_PREFIX_PATH}:/opt/ros/foxy /usr/bin/cmake --build /home/azthorax/fra333_ws/build/cocoa_kinematics_interfaces -- -j12 -l12
[0.663s] Invoking command in '/home/azthorax/fra333_ws/build/cocoa_kinematics_interfaces': CMAKE_PREFIX_PATH=${CMAKE_PREFIX_PATH}:/opt/ros/foxy /usr/bin/cmake --install /home/azthorax/fra333_ws/build/cocoa_kinematics_interfaces
[0.674s] -- Install configuration: ""
[0.674s] -- Execute custom install script
[0.675s] -- Up-to-date symlink: /home/azthorax/fra333_ws/install/cocoa_kinematics_interfaces/share/ament_index/resource_index/rosidl_interfaces/cocoa_kinematics_interfaces
[0.676s] -- Up-to-date symlink: /home/azthorax/fra333_ws/install/cocoa_kinematics_interfaces/include/cocoa_kinematics_interfaces/msg/rosidl_generator_c__visibility_control.h
[0.676s] -- Up-to-date symlink: /home/azthorax/fra333_ws/install/cocoa_kinematics_interfaces/include/cocoa_kinematics_interfaces/srv/cocoa_fk.h
[0.676s] -- Up-to-date symlink: /home/azthorax/fra333_ws/install/cocoa_kinematics_interfaces/include/cocoa_kinematics_interfaces/srv/detail/cocoa_fk__functions.h
[0.677s] -- Up-to-date symlink: /home/azthorax/fra333_ws/install/cocoa_kinematics_interfaces/include/cocoa_kinematics_interfaces/srv/detail/cocoa_fk__struct.h
[0.677s] -- Up-to-date symlink: /home/azthorax/fra333_ws/install/cocoa_kinematics_interfaces/include/cocoa_kinematics_interfaces/srv/detail/cocoa_fk__type_support.h
[0.677s] -- Up-to-date symlink: /home/azthorax/fra333_ws/install/cocoa_kinematics_interfaces/include/cocoa_kinematics_interfaces/srv/detail/solve_ik__functions.h
[0.678s] -- Up-to-date symlink: /home/azthorax/fra333_ws/install/cocoa_kinematics_interfaces/include/cocoa_kinematics_interfaces/srv/detail/solve_ik__struct.h
[0.678s] -- Up-to-date symlink: /home/azthorax/fra333_ws/install/cocoa_kinematics_interfaces/include/cocoa_kinematics_interfaces/srv/detail/solve_ik__type_support.h
[0.678s] -- Up-to-date symlink: /home/azthorax/fra333_ws/install/cocoa_kinematics_interfaces/include/cocoa_kinematics_interfaces/srv/solve_ik.h
[0.679s] -- Up-to-date symlink: /home/azthorax/fra333_ws/install/cocoa_kinematics_interfaces/share/cocoa_kinematics_interfaces/environment/library_path.sh
[0.681s] -- Up-to-date symlink: /home/azthorax/fra333_ws/install/cocoa_kinematics_interfaces/share/cocoa_kinematics_interfaces/environment/library_path.dsv
[0.682s] -- Up-to-date symlink: /home/azthorax/fra333_ws/install/cocoa_kinematics_interfaces/include/cocoa_kinematics_interfaces/msg/rosidl_typesupport_fastrtps_c__visibility_control.h
[0.682s] -- Up-to-date symlink: /home/azthorax/fra333_ws/install/cocoa_kinematics_interfaces/include/cocoa_kinematics_interfaces/srv/detail/cocoa_fk__rosidl_typesupport_fastrtps_c.h
[0.682s] -- Up-to-date symlink: /home/azthorax/fra333_ws/install/cocoa_kinematics_interfaces/include/cocoa_kinematics_interfaces/srv/detail/solve_ik__rosidl_typesupport_fastrtps_c.h
[0.683s] -- Up-to-date symlink: /home/azthorax/fra333_ws/install/cocoa_kinematics_interfaces/lib/libcocoa_kinematics_interfaces__rosidl_typesupport_fastrtps_c.so
[0.684s] -- Up-to-date symlink: /home/azthorax/fra333_ws/install/cocoa_kinematics_interfaces/include/cocoa_kinematics_interfaces/msg/rosidl_typesupport_fastrtps_cpp__visibility_control.h
[0.684s] -- Up-to-date symlink: /home/azthorax/fra333_ws/install/cocoa_kinematics_interfaces/include/cocoa_kinematics_interfaces/srv/detail/cocoa_fk__rosidl_typesupport_fastrtps_cpp.hpp
[0.684s] -- Up-to-date symlink: /home/azthorax/fra333_ws/install/cocoa_kinematics_interfaces/include/cocoa_kinematics_interfaces/srv/detail/solve_ik__rosidl_typesupport_fastrtps_cpp.hpp
[0.685s] -- Up-to-date symlink: /home/azthorax/fra333_ws/install/cocoa_kinematics_interfaces/lib/libcocoa_kinematics_interfaces__rosidl_typesupport_fastrtps_cpp.so
[0.685s] -- Up-to-date symlink: /home/azthorax/fra333_ws/install/cocoa_kinematics_interfaces/include/cocoa_kinematics_interfaces/msg/rosidl_typesupport_introspection_c__visibility_control.h
[0.685s] -- Up-to-date symlink: /home/azthorax/fra333_ws/install/cocoa_kinematics_interfaces/include/cocoa_kinematics_interfaces/srv/detail/cocoa_fk__rosidl_typesupport_introspection_c.h
[0.685s] -- Up-to-date symlink: /home/azthorax/fra333_ws/install/cocoa_kinematics_interfaces/include/cocoa_kinematics_interfaces/srv/detail/solve_ik__rosidl_typesupport_introspection_c.h
[0.685s] -- Up-to-date symlink: /home/azthorax/fra333_ws/install/cocoa_kinematics_interfaces/include/cocoa_kinematics_interfaces/srv/cocoa_fk.hpp
[0.686s] -- Up-to-date symlink: /home/azthorax/fra333_ws/install/cocoa_kinematics_interfaces/include/cocoa_kinematics_interfaces/srv/detail/cocoa_fk__builder.hpp
[0.686s] -- Up-to-date symlink: /home/azthorax/fra333_ws/install/cocoa_kinematics_interfaces/include/cocoa_kinematics_interfaces/srv/detail/cocoa_fk__struct.hpp
[0.686s] -- Up-to-date symlink: /home/azthorax/fra333_ws/install/cocoa_kinematics_interfaces/include/cocoa_kinematics_interfaces/srv/detail/cocoa_fk__traits.hpp
[0.686s] -- Up-to-date symlink: /home/azthorax/fra333_ws/install/cocoa_kinematics_interfaces/include/cocoa_kinematics_interfaces/srv/detail/solve_ik__builder.hpp
[0.686s] -- Up-to-date symlink: /home/azthorax/fra333_ws/install/cocoa_kinematics_interfaces/include/cocoa_kinematics_interfaces/srv/detail/solve_ik__struct.hpp
[0.687s] -- Up-to-date symlink: /home/azthorax/fra333_ws/install/cocoa_kinematics_interfaces/include/cocoa_kinematics_interfaces/srv/detail/solve_ik__traits.hpp
[0.687s] -- Up-to-date symlink: /home/azthorax/fra333_ws/install/cocoa_kinematics_interfaces/include/cocoa_kinematics_interfaces/srv/solve_ik.hpp
[0.687s] -- Up-to-date symlink: /home/azthorax/fra333_ws/install/cocoa_kinematics_interfaces/include/cocoa_kinematics_interfaces/srv/detail/cocoa_fk__rosidl_typesupport_introspection_cpp.hpp
[0.687s] -- Up-to-date symlink: /home/azthorax/fra333_ws/install/cocoa_kinematics_interfaces/include/cocoa_kinematics_interfaces/srv/detail/solve_ik__rosidl_typesupport_introspection_cpp.hpp
[0.688s] -- Up-to-date symlink: /home/azthorax/fra333_ws/install/cocoa_kinematics_interfaces/share/cocoa_kinematics_interfaces/environment/pythonpath.sh
[0.688s] -- Up-to-date symlink: /home/azthorax/fra333_ws/install/cocoa_kinematics_interfaces/share/cocoa_kinematics_interfaces/environment/pythonpath.dsv
[0.688s] -- Up-to-date symlink: /home/azthorax/fra333_ws/install/cocoa_kinematics_interfaces/lib/python3.8/site-packages/cocoa_kinematics_interfaces/__init__.py
[0.689s] -- Up-to-date symlink: /home/azthorax/fra333_ws/install/cocoa_kinematics_interfaces/lib/python3.8/site-packages/cocoa_kinematics_interfaces/srv/__init__.py
[0.689s] -- Up-to-date symlink: /home/azthorax/fra333_ws/install/cocoa_kinematics_interfaces/lib/python3.8/site-packages/cocoa_kinematics_interfaces/srv/_cocoa_fk.py
[0.689s] -- Up-to-date symlink: /home/azthorax/fra333_ws/install/cocoa_kinematics_interfaces/lib/python3.8/site-packages/cocoa_kinematics_interfaces/srv/_solve_ik.py
[0.689s] -- Up-to-date symlink: /home/azthorax/fra333_ws/install/cocoa_kinematics_interfaces/lib/python3.8/site-packages/cocoa_kinematics_interfaces/cocoa_kinematics_interfaces_s__rosidl_typesupport_fastrtps_c.cpython-38-x86_64-linux-gnu.so
[0.690s] -- Up-to-date symlink: /home/azthorax/fra333_ws/install/cocoa_kinematics_interfaces/lib/python3.8/site-packages/cocoa_kinematics_interfaces/cocoa_kinematics_interfaces_s__rosidl_typesupport_introspection_c.cpython-38-x86_64-linux-gnu.so
[0.691s] -- Up-to-date symlink: /home/azthorax/fra333_ws/install/cocoa_kinematics_interfaces/lib/python3.8/site-packages/cocoa_kinematics_interfaces/cocoa_kinematics_interfaces_s__rosidl_typesupport_c.cpython-38-x86_64-linux-gnu.so
[0.691s] -- Up-to-date symlink: /home/azthorax/fra333_ws/install/cocoa_kinematics_interfaces/lib/libcocoa_kinematics_interfaces__python.so
[0.691s] -- Up-to-date symlink: /home/azthorax/fra333_ws/install/cocoa_kinematics_interfaces/share/cocoa_kinematics_interfaces/srv/SolveIK.idl
[0.691s] -- Up-to-date symlink: /home/azthorax/fra333_ws/install/cocoa_kinematics_interfaces/share/cocoa_kinematics_interfaces/srv/CocoaFK.idl
[0.691s] -- Up-to-date symlink: /home/azthorax/fra333_ws/install/cocoa_kinematics_interfaces/share/cocoa_kinematics_interfaces/srv/SolveIK.srv
[0.691s] -- Up-to-date symlink: /home/azthorax/fra333_ws/install/cocoa_kinematics_interfaces/share/cocoa_kinematics_interfaces/srv/SolveIK_Request.msg
[0.691s] -- Up-to-date symlink: /home/azthorax/fra333_ws/install/cocoa_kinematics_interfaces/share/cocoa_kinematics_interfaces/srv/SolveIK_Response.msg
[0.691s] -- Up-to-date symlink: /home/azthorax/fra333_ws/install/cocoa_kinematics_interfaces/share/cocoa_kinematics_interfaces/srv/CocoaFK.srv
[0.691s] -- Up-to-date symlink: /home/azthorax/fra333_ws/install/cocoa_kinematics_interfaces/share/cocoa_kinematics_interfaces/srv/CocoaFK_Request.msg
[0.692s] -- Up-to-date symlink: /home/azthorax/fra333_ws/install/cocoa_kinematics_interfaces/share/cocoa_kinematics_interfaces/srv/CocoaFK_Response.msg
[0.692s] -- Up-to-date symlink: /home/azthorax/fra333_ws/install/cocoa_kinematics_interfaces/share/ament_index/resource_index/package_run_dependencies/cocoa_kinematics_interfaces
[0.692s] -- Up-to-date symlink: /home/azthorax/fra333_ws/install/cocoa_kinematics_interfaces/share/ament_index/resource_index/parent_prefix_path/cocoa_kinematics_interfaces
[0.692s] -- Up-to-date symlink: /home/azthorax/fra333_ws/install/cocoa_kinematics_interfaces/share/cocoa_kinematics_interfaces/environment/ament_prefix_path.sh
[0.692s] -- Up-to-date symlink: /home/azthorax/fra333_ws/install/cocoa_kinematics_interfaces/share/cocoa_kinematics_interfaces/environment/ament_prefix_path.dsv
[0.692s] -- Up-to-date symlink: /home/azthorax/fra333_ws/install/cocoa_kinematics_interfaces/share/cocoa_kinematics_interfaces/environment/path.sh
[0.692s] -- Up-to-date symlink: /home/azthorax/fra333_ws/install/cocoa_kinematics_interfaces/share/cocoa_kinematics_interfaces/environment/path.dsv
[0.692s] -- Up-to-date symlink: /home/azthorax/fra333_ws/install/cocoa_kinematics_interfaces/share/cocoa_kinematics_interfaces/local_setup.bash
[0.692s] -- Up-to-date symlink: /home/azthorax/fra333_ws/install/cocoa_kinematics_interfaces/share/cocoa_kinematics_interfaces/local_setup.sh
[0.692s] -- Up-to-date symlink: /home/azthorax/fra333_ws/install/cocoa_kinematics_interfaces/share/cocoa_kinematics_interfaces/local_setup.zsh
[0.693s] -- Up-to-date symlink: /home/azthorax/fra333_ws/install/cocoa_kinematics_interfaces/share/cocoa_kinematics_interfaces/local_setup.dsv
[0.693s] -- Symlinking: /home/azthorax/fra333_ws/install/cocoa_kinematics_interfaces/share/cocoa_kinematics_interfaces/package.dsv
[0.706s] -- Up-to-date symlink: /home/azthorax/fra333_ws/install/cocoa_kinematics_interfaces/share/ament_index/resource_index/packages/cocoa_kinematics_interfaces
[0.707s] -- Up-to-date symlink: /home/azthorax/fra333_ws/install/cocoa_kinematics_interfaces/share/cocoa_kinematics_interfaces/cmake/rosidl_cmake-extras.cmake
[0.708s] -- Up-to-date symlink: /home/azthorax/fra333_ws/install/cocoa_kinematics_interfaces/share/cocoa_kinematics_interfaces/cmake/ament_cmake_export_dependencies-extras.cmake
[0.708s] -- Up-to-date symlink: /home/azthorax/fra333_ws/install/cocoa_kinematics_interfaces/share/cocoa_kinematics_interfaces/cmake/ament_cmake_export_libraries-extras.cmake
[0.709s] -- Up-to-date symlink: /home/azthorax/fra333_ws/install/cocoa_kinematics_interfaces/share/cocoa_kinematics_interfaces/cmake/ament_cmake_export_targets-extras.cmake
[0.710s] -- Up-to-date symlink: /home/azthorax/fra333_ws/install/cocoa_kinematics_interfaces/share/cocoa_kinematics_interfaces/cmake/ament_cmake_export_include_directories-extras.cmake
[0.710s] -- Up-to-date symlink: /home/azthorax/fra333_ws/install/cocoa_kinematics_interfaces/share/cocoa_kinematics_interfaces/cmake/rosidl_cmake_export_typesupport_libraries-extras.cmake
[0.711s] -- Up-to-date symlink: /home/azthorax/fra333_ws/install/cocoa_kinematics_interfaces/share/cocoa_kinematics_interfaces/cmake/rosidl_cmake_export_typesupport_targets-extras.cmake
[0.712s] -- Up-to-date symlink: /home/azthorax/fra333_ws/install/cocoa_kinematics_interfaces/share/cocoa_kinematics_interfaces/cmake/cocoa_kinematics_interfacesConfig.cmake
[0.712s] -- Up-to-date symlink: /home/azthorax/fra333_ws/install/cocoa_kinematics_interfaces/share/cocoa_kinematics_interfaces/cmake/cocoa_kinematics_interfacesConfig-version.cmake
[0.713s] -- Up-to-date symlink: /home/azthorax/fra333_ws/install/cocoa_kinematics_interfaces/share/cocoa_kinematics_interfaces/package.xml
[0.714s] -- Up-to-date: /home/azthorax/fra333_ws/install/cocoa_kinematics_interfaces/lib/libcocoa_kinematics_interfaces__rosidl_generator_c.so
[0.715s] -- Up-to-date: /home/azthorax/fra333_ws/install/cocoa_kinematics_interfaces/lib/libcocoa_kinematics_interfaces__rosidl_typesupport_introspection_c.so
[0.715s] -- Up-to-date: /home/azthorax/fra333_ws/install/cocoa_kinematics_interfaces/lib/libcocoa_kinematics_interfaces__rosidl_typesupport_c.so
[0.716s] -- Up-to-date: /home/azthorax/fra333_ws/install/cocoa_kinematics_interfaces/lib/libcocoa_kinematics_interfaces__rosidl_typesupport_introspection_cpp.so
[0.716s] -- Up-to-date: /home/azthorax/fra333_ws/install/cocoa_kinematics_interfaces/lib/libcocoa_kinematics_interfaces__rosidl_typesupport_cpp.so
[0.760s] -- Up-to-date: /home/azthorax/fra333_ws/install/cocoa_kinematics_interfaces/share/cocoa_kinematics_interfaces/cmake/cocoa_kinematics_interfaces__rosidl_generator_cExport.cmake
[0.760s] -- Up-to-date: /home/azthorax/fra333_ws/install/cocoa_kinematics_interfaces/share/cocoa_kinematics_interfaces/cmake/cocoa_kinematics_interfaces__rosidl_generator_cExport-noconfig.cmake
[0.761s] -- Up-to-date: /home/azthorax/fra333_ws/install/cocoa_kinematics_interfaces/share/cocoa_kinematics_interfaces/cmake/cocoa_kinematics_interfaces__rosidl_typesupport_introspection_cExport.cmake
[0.761s] -- Up-to-date: /home/azthorax/fra333_ws/install/cocoa_kinematics_interfaces/share/cocoa_kinematics_interfaces/cmake/cocoa_kinematics_interfaces__rosidl_typesupport_introspection_cExport-noconfig.cmake
[0.761s] -- Up-to-date: /home/azthorax/fra333_ws/install/cocoa_kinematics_interfaces/share/cocoa_kinematics_interfaces/cmake/cocoa_kinematics_interfaces__rosidl_typesupport_cExport.cmake
[0.761s] -- Up-to-date: /home/azthorax/fra333_ws/install/cocoa_kinematics_interfaces/share/cocoa_kinematics_interfaces/cmake/cocoa_kinematics_interfaces__rosidl_typesupport_cExport-noconfig.cmake
[0.762s] -- Up-to-date: /home/azthorax/fra333_ws/install/cocoa_kinematics_interfaces/share/cocoa_kinematics_interfaces/cmake/cocoa_kinematics_interfaces__rosidl_generator_cppExport.cmake
[0.762s] -- Up-to-date: /home/azthorax/fra333_ws/install/cocoa_kinematics_interfaces/share/cocoa_kinematics_interfaces/cmake/cocoa_kinematics_interfaces__rosidl_typesupport_introspection_cppExport.cmake
[0.762s] -- Up-to-date: /home/azthorax/fra333_ws/install/cocoa_kinematics_interfaces/share/cocoa_kinematics_interfaces/cmake/cocoa_kinematics_interfaces__rosidl_typesupport_introspection_cppExport-noconfig.cmake
[0.764s] -- Up-to-date: /home/azthorax/fra333_ws/install/cocoa_kinematics_interfaces/share/cocoa_kinematics_interfaces/cmake/cocoa_kinematics_interfaces__rosidl_typesupport_cppExport.cmake
[0.764s] -- Up-to-date: /home/azthorax/fra333_ws/install/cocoa_kinematics_interfaces/share/cocoa_kinematics_interfaces/cmake/cocoa_kinematics_interfaces__rosidl_typesupport_cppExport-noconfig.cmake
[0.781s] Invoked command in '/home/azthorax/fra333_ws/build/cocoa_kinematics_interfaces' returned '0': CMAKE_PREFIX_PATH=${CMAKE_PREFIX_PATH}:/opt/ros/foxy /usr/bin/cmake --install /home/azthorax/fra333_ws/build/cocoa_kinematics_interfaces
