[0.088s] Invoking command in '/home/azthorax/fra333_ws/build/cocoav_interfaces': CMAKE_PREFIX_PATH=${CMAKE_PREFIX_PATH}:/opt/ros/foxy /usr/bin/cmake --build /home/azthorax/fra333_ws/build/cocoav_interfaces -- -j12 -l12
[0.127s] -- Found ament_cmake: 0.9.11 (/opt/ros/foxy/share/ament_cmake/cmake)
[0.147s] -- Found PythonInterp: /usr/bin/python3 (found suitable version "3.8.10", minimum required is "3") 
[0.147s] -- Using PYTHON_EXECUTABLE: /usr/bin/python3
[0.416s] -- Override CMake install command with custom implementation using symlinks instead of copying resources
[0.424s] -- Found ament_lint_auto: 0.9.7 (/opt/ros/foxy/share/ament_lint_auto/cmake)
[0.495s] -- Found rosidl_default_generators: 1.0.1 (/opt/ros/foxy/share/rosidl_default_generators/cmake)
[0.499s] -- Using all available rosidl_typesupport_c: rosidl_typesupport_fastrtps_c;rosidl_typesupport_introspection_c
[0.506s] -- Found rosidl_adapter: 1.3.0 (/opt/ros/foxy/share/rosidl_adapter/cmake)
[0.649s] -- Using all available rosidl_typesupport_cpp: rosidl_typesupport_fastrtps_cpp;rosidl_typesupport_introspection_cpp
[0.669s] -- Found geometry_msgs: 2.0.5 (/opt/ros/foxy/share/geometry_msgs/cmake)
[0.735s] -- Found sensor_msgs: 2.0.5 (/opt/ros/foxy/share/sensor_msgs/cmake)
[0.823s] -- Found PythonInterp: /usr/bin/python3 (found version "3.8.10") 
[0.995s] -- Found ament_cmake_ros: 0.9.2 (/opt/ros/foxy/share/ament_cmake_ros/cmake)
[1.276s] -- Using all available rosidl_typesupport_c: rosidl_typesupport_fastrtps_c;rosidl_typesupport_introspection_c
[1.418s] -- Using all available rosidl_typesupport_cpp: rosidl_typesupport_fastrtps_cpp;rosidl_typesupport_introspection_cpp
[1.452s] -- Found PythonInterp: /usr/bin/python3 (found suitable version "3.8.10", minimum required is "3.5") 
[1.452s] -- Found python_cmake_module: 0.8.1 (/opt/ros/foxy/share/python_cmake_module/cmake)
[1.487s] -- Using PYTHON_EXECUTABLE: /usr/bin/python3
[1.488s] -- Using PYTHON_INCLUDE_DIRS: /usr/include/python3.8
[1.488s] -- Using PYTHON_LIBRARIES: /usr/lib/x86_64-linux-gnu/libpython3.8.so
[1.563s] -- Added test 'copyright' to check source files copyright and LICENSE
[1.565s] -- Added test 'lint_cmake' to check CMake code style
[1.565s] -- Added test 'xmllint' to check XML markup files
[1.572s] -- Configuring done
[1.629s] -- Generating done
[1.632s] -- Build files have been written to: /home/azthorax/fra333_ws/build/cocoav_interfaces
[1.671s] [  2%] [34m[1mGenerating C code for ROS interfaces[0m
[1.675s] [  4%] [34m[1mGenerating C++ code for ROS interfaces[0m
[1.976s] [  4%] Built target cocoav_interfaces__cpp
[1.989s] [  6%] [34m[1mGenerating C++ introspection for ROS interfaces[0m
[1.993s] [ 10%] [34m[1mGenerating C++ type support for eProsima Fast-RTPS[0m
[1.993s] [ 10%] [34m[1mGenerating C++ type support dispatch for ROS interfaces[0m
[2.007s] [35m[1mScanning dependencies of target cocoav_interfaces__rosidl_generator_c[0m
[2.023s] [ 12%] [32mBuilding C object CMakeFiles/cocoav_interfaces__rosidl_generator_c.dir/rosidl_generator_c/cocoav_interfaces/srv/detail/cocoa_vfk__functions.c.o[0m
[2.024s] [ 14%] [32mBuilding C object CMakeFiles/cocoav_interfaces__rosidl_generator_c.dir/rosidl_generator_c/cocoav_interfaces/srv/detail/cocoa_vik__functions.c.o[0m
[2.026s] [ 17%] [32mBuilding C object CMakeFiles/cocoav_interfaces__rosidl_generator_c.dir/rosidl_generator_c/cocoav_interfaces/msg/detail/cocoa_test__functions.c.o[0m
[2.082s] [ 19%] [32m[1mLinking C shared library libcocoav_interfaces__rosidl_generator_c.so[0m
[2.129s] [ 19%] Built target cocoav_interfaces__rosidl_generator_c
[2.138s] [ 21%] [34m[1mGenerating C type support dispatch for ROS interfaces[0m
[2.146s] [ 23%] [34m[1mGenerating C introspection for ROS interfaces[0m
[2.242s] [35m[1mScanning dependencies of target cocoav_interfaces__rosidl_typesupport_cpp[0m
[2.260s] [ 27%] [32mBuilding CXX object CMakeFiles/cocoav_interfaces__rosidl_typesupport_cpp.dir/rosidl_typesupport_cpp/cocoav_interfaces/srv/cocoa_vik__type_support.cpp.o[0m
[2.260s] [ 27%] [32mBuilding CXX object CMakeFiles/cocoav_interfaces__rosidl_typesupport_cpp.dir/rosidl_typesupport_cpp/cocoav_interfaces/msg/cocoa_test__type_support.cpp.o[0m
[2.260s] [ 29%] [32mBuilding CXX object CMakeFiles/cocoav_interfaces__rosidl_typesupport_cpp.dir/rosidl_typesupport_cpp/cocoav_interfaces/srv/cocoa_vfk__type_support.cpp.o[0m
[2.262s] [35m[1mScanning dependencies of target cocoav_interfaces__rosidl_typesupport_introspection_cpp[0m
[2.283s] [ 34%] [32mBuilding CXX object CMakeFiles/cocoav_interfaces__rosidl_typesupport_introspection_cpp.dir/rosidl_typesupport_introspection_cpp/cocoav_interfaces/srv/detail/cocoa_vik__type_support.cpp.o[0m
[2.283s] [ 34%] [32mBuilding CXX object CMakeFiles/cocoav_interfaces__rosidl_typesupport_introspection_cpp.dir/rosidl_typesupport_introspection_cpp/cocoav_interfaces/msg/detail/cocoa_test__type_support.cpp.o[0m
[2.284s] [ 36%] [32mBuilding CXX object CMakeFiles/cocoav_interfaces__rosidl_typesupport_introspection_cpp.dir/rosidl_typesupport_introspection_cpp/cocoav_interfaces/srv/detail/cocoa_vfk__type_support.cpp.o[0m
[2.315s] [35m[1mScanning dependencies of target cocoav_interfaces__rosidl_typesupport_fastrtps_cpp[0m
[2.338s] [ 38%] [32mBuilding CXX object CMakeFiles/cocoav_interfaces__rosidl_typesupport_fastrtps_cpp.dir/rosidl_typesupport_fastrtps_cpp/cocoav_interfaces/srv/detail/dds_fastrtps/cocoa_vik__type_support.cpp.o[0m
[2.338s] [ 40%] [32mBuilding CXX object CMakeFiles/cocoav_interfaces__rosidl_typesupport_fastrtps_cpp.dir/rosidl_typesupport_fastrtps_cpp/cocoav_interfaces/srv/detail/dds_fastrtps/cocoa_vfk__type_support.cpp.o[0m
[2.340s] [ 42%] [32mBuilding CXX object CMakeFiles/cocoav_interfaces__rosidl_typesupport_fastrtps_cpp.dir/rosidl_typesupport_fastrtps_cpp/cocoav_interfaces/msg/detail/dds_fastrtps/cocoa_test__type_support.cpp.o[0m
[2.440s] [35m[1mScanning dependencies of target cocoav_interfaces__rosidl_typesupport_c[0m
[2.467s] [ 44%] [32mBuilding CXX object CMakeFiles/cocoav_interfaces__rosidl_typesupport_c.dir/rosidl_typesupport_c/cocoav_interfaces/srv/cocoa_vik__type_support.cpp.o[0m
[2.477s] [ 46%] [32mBuilding CXX object CMakeFiles/cocoav_interfaces__rosidl_typesupport_c.dir/rosidl_typesupport_c/cocoav_interfaces/srv/cocoa_vfk__type_support.cpp.o[0m
[2.515s] [ 48%] [32mBuilding CXX object CMakeFiles/cocoav_interfaces__rosidl_typesupport_c.dir/rosidl_typesupport_c/cocoav_interfaces/msg/cocoa_test__type_support.cpp.o[0m
[2.535s] [35m[1mScanning dependencies of target cocoav_interfaces__rosidl_typesupport_introspection_c[0m
[2.556s] [ 51%] [32m[1mLinking CXX shared library libcocoav_interfaces__rosidl_typesupport_c.so[0m
[2.556s] [ 53%] [32mBuilding C object CMakeFiles/cocoav_interfaces__rosidl_typesupport_introspection_c.dir/rosidl_typesupport_introspection_c/cocoav_interfaces/srv/detail/cocoa_vik__type_support.c.o[0m
[2.558s] [ 55%] [32mBuilding C object CMakeFiles/cocoav_interfaces__rosidl_typesupport_introspection_c.dir/rosidl_typesupport_introspection_c/cocoav_interfaces/srv/detail/cocoa_vfk__type_support.c.o[0m
[2.561s] [ 57%] [32mBuilding C object CMakeFiles/cocoav_interfaces__rosidl_typesupport_introspection_c.dir/rosidl_typesupport_introspection_c/cocoav_interfaces/msg/detail/cocoa_test__type_support.c.o[0m
[2.605s] [ 59%] [32m[1mLinking C shared library libcocoav_interfaces__rosidl_typesupport_introspection_c.so[0m
[2.619s] [ 59%] Built target cocoav_interfaces__rosidl_typesupport_c
[2.640s] [ 61%] [32m[1mLinking CXX shared library libcocoav_interfaces__rosidl_typesupport_cpp.so[0m
[2.640s] [ 61%] Built target cocoav_interfaces__rosidl_typesupport_introspection_c
[2.679s] [ 63%] [32m[1mLinking CXX shared library libcocoav_interfaces__rosidl_typesupport_introspection_cpp.so[0m
[2.681s] [ 63%] Built target cocoav_interfaces__rosidl_typesupport_cpp
[2.775s] [ 63%] Built target cocoav_interfaces__rosidl_typesupport_introspection_cpp
[2.843s] [ 65%] [32m[1mLinking CXX shared library libcocoav_interfaces__rosidl_typesupport_fastrtps_cpp.so[0m
[2.949s] [ 65%] Built target cocoav_interfaces__rosidl_typesupport_fastrtps_cpp
[2.965s] [ 68%] [34m[1mGenerating C type support for eProsima Fast-RTPS[0m
[3.255s] [35m[1mScanning dependencies of target cocoav_interfaces__rosidl_typesupport_fastrtps_c[0m
[3.282s] [ 70%] [32mBuilding CXX object CMakeFiles/cocoav_interfaces__rosidl_typesupport_fastrtps_c.dir/rosidl_typesupport_fastrtps_c/cocoav_interfaces/srv/detail/cocoa_vik__type_support_c.cpp.o[0m
[3.284s] [ 72%] [32mBuilding CXX object CMakeFiles/cocoav_interfaces__rosidl_typesupport_fastrtps_c.dir/rosidl_typesupport_fastrtps_c/cocoav_interfaces/msg/detail/cocoa_test__type_support_c.cpp.o[0m
[3.285s] [ 74%] [32mBuilding CXX object CMakeFiles/cocoav_interfaces__rosidl_typesupport_fastrtps_c.dir/rosidl_typesupport_fastrtps_c/cocoav_interfaces/srv/detail/cocoa_vfk__type_support_c.cpp.o[0m
[3.590s] [ 76%] [32m[1mLinking CXX shared library libcocoav_interfaces__rosidl_typesupport_fastrtps_c.so[0m
[3.704s] [ 76%] Built target cocoav_interfaces__rosidl_typesupport_fastrtps_c
[3.730s] [ 76%] Built target cocoav_interfaces
[3.761s] [ 78%] [34m[1mGenerating Python code for ROS interfaces[0m
[4.293s] [ 78%] Built target cocoav_interfaces__py
[4.308s] [35m[1mScanning dependencies of target cocoav_interfaces__python[0m
[4.332s] [ 80%] [32mBuilding C object CMakeFiles/cocoav_interfaces__python.dir/rosidl_generator_py/cocoav_interfaces/msg/_cocoa_test_s.c.o[0m
[4.334s] [ 82%] [32mBuilding C object CMakeFiles/cocoav_interfaces__python.dir/rosidl_generator_py/cocoav_interfaces/srv/_cocoa_vik_s.c.o[0m
[4.334s] [ 85%] [32mBuilding C object CMakeFiles/cocoav_interfaces__python.dir/rosidl_generator_py/cocoav_interfaces/srv/_cocoa_vfk_s.c.o[0m
[4.421s] [ 87%] [32m[1mLinking C shared library rosidl_generator_py/cocoav_interfaces/libcocoav_interfaces__python.so[0m
[4.477s] [ 87%] Built target cocoav_interfaces__python
[4.490s] [35m[1mScanning dependencies of target cocoav_interfaces__rosidl_typesupport_introspection_c__pyext[0m
[4.492s] [35m[1mScanning dependencies of target cocoav_interfaces__rosidl_typesupport_c__pyext[0m
[4.492s] [35m[1mScanning dependencies of target cocoav_interfaces__rosidl_typesupport_fastrtps_c__pyext[0m
[4.509s] [ 89%] [32mBuilding C object CMakeFiles/cocoav_interfaces__rosidl_typesupport_fastrtps_c__pyext.dir/rosidl_generator_py/cocoav_interfaces/_cocoav_interfaces_s.ep.rosidl_typesupport_fastrtps_c.c.o[0m
[4.511s] [ 91%] [32mBuilding C object CMakeFiles/cocoav_interfaces__rosidl_typesupport_introspection_c__pyext.dir/rosidl_generator_py/cocoav_interfaces/_cocoav_interfaces_s.ep.rosidl_typesupport_introspection_c.c.o[0m
[4.511s] [ 93%] [32mBuilding C object CMakeFiles/cocoav_interfaces__rosidl_typesupport_c__pyext.dir/rosidl_generator_py/cocoav_interfaces/_cocoav_interfaces_s.ep.rosidl_typesupport_c.c.o[0m
[4.589s] [ 95%] [32m[1mLinking CXX shared library rosidl_generator_py/cocoav_interfaces/cocoav_interfaces_s__rosidl_typesupport_fastrtps_c.cpython-38-x86_64-linux-gnu.so[0m
[4.591s] [ 97%] [32m[1mLinking C shared library rosidl_generator_py/cocoav_interfaces/cocoav_interfaces_s__rosidl_typesupport_c.cpython-38-x86_64-linux-gnu.so[0m
[4.595s] [100%] [32m[1mLinking C shared library rosidl_generator_py/cocoav_interfaces/cocoav_interfaces_s__rosidl_typesupport_introspection_c.cpython-38-x86_64-linux-gnu.so[0m
[4.639s] [100%] Built target cocoav_interfaces__rosidl_typesupport_introspection_c__pyext
[4.647s] [100%] Built target cocoav_interfaces__rosidl_typesupport_c__pyext
[4.650s] [100%] Built target cocoav_interfaces__rosidl_typesupport_fastrtps_c__pyext
[4.665s] Invoked command in '/home/azthorax/fra333_ws/build/cocoav_interfaces' returned '0': CMAKE_PREFIX_PATH=${CMAKE_PREFIX_PATH}:/opt/ros/foxy /usr/bin/cmake --build /home/azthorax/fra333_ws/build/cocoav_interfaces -- -j12 -l12
[4.787s] Invoking command in '/home/azthorax/fra333_ws/build/cocoav_interfaces': CMAKE_PREFIX_PATH=${CMAKE_PREFIX_PATH}:/opt/ros/foxy /usr/bin/cmake --install /home/azthorax/fra333_ws/build/cocoav_interfaces
[4.799s] -- Install configuration: ""
[4.800s] -- Execute custom install script
[4.800s] -- Up-to-date symlink: /home/azthorax/fra333_ws/install/cocoav_interfaces/share/ament_index/resource_index/rosidl_interfaces/cocoav_interfaces
[4.800s] -- Up-to-date symlink: /home/azthorax/fra333_ws/install/cocoav_interfaces/include/cocoav_interfaces/msg/cocoa_test.h
[4.800s] -- Up-to-date symlink: /home/azthorax/fra333_ws/install/cocoav_interfaces/include/cocoav_interfaces/msg/detail/cocoa_test__functions.h
[4.801s] -- Up-to-date symlink: /home/azthorax/fra333_ws/install/cocoav_interfaces/include/cocoav_interfaces/msg/detail/cocoa_test__struct.h
[4.801s] -- Up-to-date symlink: /home/azthorax/fra333_ws/install/cocoav_interfaces/include/cocoav_interfaces/msg/detail/cocoa_test__type_support.h
[4.801s] -- Up-to-date symlink: /home/azthorax/fra333_ws/install/cocoav_interfaces/include/cocoav_interfaces/msg/rosidl_generator_c__visibility_control.h
[4.801s] -- Up-to-date symlink: /home/azthorax/fra333_ws/install/cocoav_interfaces/include/cocoav_interfaces/srv/cocoa_test.h
[4.801s] -- Up-to-date symlink: /home/azthorax/fra333_ws/install/cocoav_interfaces/include/cocoav_interfaces/srv/cocoa_vfk.h
[4.801s] -- Up-to-date symlink: /home/azthorax/fra333_ws/install/cocoav_interfaces/include/cocoav_interfaces/srv/cocoa_vik.h
[4.802s] -- Up-to-date symlink: /home/azthorax/fra333_ws/install/cocoav_interfaces/include/cocoav_interfaces/srv/detail/cocoa_test__functions.h
[4.802s] -- Up-to-date symlink: /home/azthorax/fra333_ws/install/cocoav_interfaces/include/cocoav_interfaces/srv/detail/cocoa_test__struct.h
[4.802s] -- Up-to-date symlink: /home/azthorax/fra333_ws/install/cocoav_interfaces/include/cocoav_interfaces/srv/detail/cocoa_test__type_support.h
[4.802s] -- Up-to-date symlink: /home/azthorax/fra333_ws/install/cocoav_interfaces/include/cocoav_interfaces/srv/detail/cocoa_vfk__functions.h
[4.802s] -- Up-to-date symlink: /home/azthorax/fra333_ws/install/cocoav_interfaces/include/cocoav_interfaces/srv/detail/cocoa_vfk__struct.h
[4.802s] -- Up-to-date symlink: /home/azthorax/fra333_ws/install/cocoav_interfaces/include/cocoav_interfaces/srv/detail/cocoa_vfk__type_support.h
[4.803s] -- Up-to-date symlink: /home/azthorax/fra333_ws/install/cocoav_interfaces/include/cocoav_interfaces/srv/detail/cocoa_vik__functions.h
[4.803s] -- Up-to-date symlink: /home/azthorax/fra333_ws/install/cocoav_interfaces/include/cocoav_interfaces/srv/detail/cocoa_vik__struct.h
[4.803s] -- Up-to-date symlink: /home/azthorax/fra333_ws/install/cocoav_interfaces/include/cocoav_interfaces/srv/detail/cocoa_vik__type_support.h
[4.803s] -- Up-to-date symlink: /home/azthorax/fra333_ws/install/cocoav_interfaces/share/cocoav_interfaces/environment/library_path.sh
[4.803s] -- Up-to-date symlink: /home/azthorax/fra333_ws/install/cocoav_interfaces/share/cocoav_interfaces/environment/library_path.dsv
[4.804s] -- Up-to-date symlink: /home/azthorax/fra333_ws/install/cocoav_interfaces/include/cocoav_interfaces/msg/detail/cocoa_test__rosidl_typesupport_fastrtps_c.h
[4.804s] -- Up-to-date symlink: /home/azthorax/fra333_ws/install/cocoav_interfaces/include/cocoav_interfaces/msg/rosidl_typesupport_fastrtps_c__visibility_control.h
[4.804s] -- Up-to-date symlink: /home/azthorax/fra333_ws/install/cocoav_interfaces/include/cocoav_interfaces/srv/detail/cocoa_test__rosidl_typesupport_fastrtps_c.h
[4.804s] -- Up-to-date symlink: /home/azthorax/fra333_ws/install/cocoav_interfaces/include/cocoav_interfaces/srv/detail/cocoa_vfk__rosidl_typesupport_fastrtps_c.h
[4.804s] -- Up-to-date symlink: /home/azthorax/fra333_ws/install/cocoav_interfaces/include/cocoav_interfaces/srv/detail/cocoa_vik__rosidl_typesupport_fastrtps_c.h
[4.805s] -- Up-to-date symlink: /home/azthorax/fra333_ws/install/cocoav_interfaces/lib/libcocoav_interfaces__rosidl_typesupport_fastrtps_c.so
[4.805s] -- Up-to-date symlink: /home/azthorax/fra333_ws/install/cocoav_interfaces/include/cocoav_interfaces/msg/detail/cocoa_test__rosidl_typesupport_fastrtps_cpp.hpp
[4.805s] -- Up-to-date symlink: /home/azthorax/fra333_ws/install/cocoav_interfaces/include/cocoav_interfaces/msg/rosidl_typesupport_fastrtps_cpp__visibility_control.h
[4.805s] -- Up-to-date symlink: /home/azthorax/fra333_ws/install/cocoav_interfaces/include/cocoav_interfaces/srv/detail/cocoa_test__rosidl_typesupport_fastrtps_cpp.hpp
[4.806s] -- Up-to-date symlink: /home/azthorax/fra333_ws/install/cocoav_interfaces/include/cocoav_interfaces/srv/detail/cocoa_vfk__rosidl_typesupport_fastrtps_cpp.hpp
[4.806s] -- Up-to-date symlink: /home/azthorax/fra333_ws/install/cocoav_interfaces/include/cocoav_interfaces/srv/detail/cocoa_vik__rosidl_typesupport_fastrtps_cpp.hpp
[4.806s] -- Up-to-date symlink: /home/azthorax/fra333_ws/install/cocoav_interfaces/lib/libcocoav_interfaces__rosidl_typesupport_fastrtps_cpp.so
[4.806s] -- Up-to-date symlink: /home/azthorax/fra333_ws/install/cocoav_interfaces/include/cocoav_interfaces/msg/detail/cocoa_test__rosidl_typesupport_introspection_c.h
[4.806s] -- Up-to-date symlink: /home/azthorax/fra333_ws/install/cocoav_interfaces/include/cocoav_interfaces/msg/rosidl_typesupport_introspection_c__visibility_control.h
[4.807s] -- Up-to-date symlink: /home/azthorax/fra333_ws/install/cocoav_interfaces/include/cocoav_interfaces/srv/detail/cocoa_test__rosidl_typesupport_introspection_c.h
[4.807s] -- Up-to-date symlink: /home/azthorax/fra333_ws/install/cocoav_interfaces/include/cocoav_interfaces/srv/detail/cocoa_vfk__rosidl_typesupport_introspection_c.h
[4.807s] -- Up-to-date symlink: /home/azthorax/fra333_ws/install/cocoav_interfaces/include/cocoav_interfaces/srv/detail/cocoa_vik__rosidl_typesupport_introspection_c.h
[4.807s] -- Up-to-date symlink: /home/azthorax/fra333_ws/install/cocoav_interfaces/include/cocoav_interfaces/msg/cocoa_test.hpp
[4.807s] -- Up-to-date symlink: /home/azthorax/fra333_ws/install/cocoav_interfaces/include/cocoav_interfaces/msg/detail/cocoa_test__builder.hpp
[4.808s] -- Up-to-date symlink: /home/azthorax/fra333_ws/install/cocoav_interfaces/include/cocoav_interfaces/msg/detail/cocoa_test__struct.hpp
[4.808s] -- Up-to-date symlink: /home/azthorax/fra333_ws/install/cocoav_interfaces/include/cocoav_interfaces/msg/detail/cocoa_test__traits.hpp
[4.808s] -- Up-to-date symlink: /home/azthorax/fra333_ws/install/cocoav_interfaces/include/cocoav_interfaces/srv/cocoa_test.hpp
[4.808s] -- Up-to-date symlink: /home/azthorax/fra333_ws/install/cocoav_interfaces/include/cocoav_interfaces/srv/cocoa_vfk.hpp
[4.808s] -- Up-to-date symlink: /home/azthorax/fra333_ws/install/cocoav_interfaces/include/cocoav_interfaces/srv/cocoa_vik.hpp
[4.808s] -- Up-to-date symlink: /home/azthorax/fra333_ws/install/cocoav_interfaces/include/cocoav_interfaces/srv/detail/cocoa_test__builder.hpp
[4.809s] -- Up-to-date symlink: /home/azthorax/fra333_ws/install/cocoav_interfaces/include/cocoav_interfaces/srv/detail/cocoa_test__struct.hpp
[4.809s] -- Up-to-date symlink: /home/azthorax/fra333_ws/install/cocoav_interfaces/include/cocoav_interfaces/srv/detail/cocoa_test__traits.hpp
[4.809s] -- Up-to-date symlink: /home/azthorax/fra333_ws/install/cocoav_interfaces/include/cocoav_interfaces/srv/detail/cocoa_vfk__builder.hpp
[4.809s] -- Up-to-date symlink: /home/azthorax/fra333_ws/install/cocoav_interfaces/include/cocoav_interfaces/srv/detail/cocoa_vfk__struct.hpp
[4.809s] -- Up-to-date symlink: /home/azthorax/fra333_ws/install/cocoav_interfaces/include/cocoav_interfaces/srv/detail/cocoa_vfk__traits.hpp
[4.809s] -- Up-to-date symlink: /home/azthorax/fra333_ws/install/cocoav_interfaces/include/cocoav_interfaces/srv/detail/cocoa_vik__builder.hpp
[4.810s] -- Up-to-date symlink: /home/azthorax/fra333_ws/install/cocoav_interfaces/include/cocoav_interfaces/srv/detail/cocoa_vik__struct.hpp
[4.810s] -- Up-to-date symlink: /home/azthorax/fra333_ws/install/cocoav_interfaces/include/cocoav_interfaces/srv/detail/cocoa_vik__traits.hpp
[4.810s] -- Up-to-date symlink: /home/azthorax/fra333_ws/install/cocoav_interfaces/include/cocoav_interfaces/msg/detail/cocoa_test__rosidl_typesupport_introspection_cpp.hpp
[4.810s] -- Up-to-date symlink: /home/azthorax/fra333_ws/install/cocoav_interfaces/include/cocoav_interfaces/srv/detail/cocoa_test__rosidl_typesupport_introspection_cpp.hpp
[4.810s] -- Up-to-date symlink: /home/azthorax/fra333_ws/install/cocoav_interfaces/include/cocoav_interfaces/srv/detail/cocoa_vfk__rosidl_typesupport_introspection_cpp.hpp
[4.810s] -- Up-to-date symlink: /home/azthorax/fra333_ws/install/cocoav_interfaces/include/cocoav_interfaces/srv/detail/cocoa_vik__rosidl_typesupport_introspection_cpp.hpp
[4.810s] -- Up-to-date symlink: /home/azthorax/fra333_ws/install/cocoav_interfaces/share/cocoav_interfaces/environment/pythonpath.sh
[4.811s] -- Up-to-date symlink: /home/azthorax/fra333_ws/install/cocoav_interfaces/share/cocoav_interfaces/environment/pythonpath.dsv
[4.811s] -- Up-to-date symlink: /home/azthorax/fra333_ws/install/cocoav_interfaces/lib/python3.8/site-packages/cocoav_interfaces/__init__.py
[4.811s] -- Up-to-date symlink: /home/azthorax/fra333_ws/install/cocoav_interfaces/lib/python3.8/site-packages/cocoav_interfaces/srv/__init__.py
[4.811s] -- Up-to-date symlink: /home/azthorax/fra333_ws/install/cocoav_interfaces/lib/python3.8/site-packages/cocoav_interfaces/srv/_cocoa_test.py
[4.811s] -- Up-to-date symlink: /home/azthorax/fra333_ws/install/cocoav_interfaces/lib/python3.8/site-packages/cocoav_interfaces/srv/_cocoa_vfk.py
[4.812s] -- Up-to-date symlink: /home/azthorax/fra333_ws/install/cocoav_interfaces/lib/python3.8/site-packages/cocoav_interfaces/srv/_cocoa_vik.py
[4.812s] -- Up-to-date symlink: /home/azthorax/fra333_ws/install/cocoav_interfaces/lib/python3.8/site-packages/cocoav_interfaces/msg/__init__.py
[4.812s] -- Up-to-date symlink: /home/azthorax/fra333_ws/install/cocoav_interfaces/lib/python3.8/site-packages/cocoav_interfaces/msg/_cocoa_test.py
[4.812s] -- Up-to-date symlink: /home/azthorax/fra333_ws/install/cocoav_interfaces/lib/python3.8/site-packages/cocoav_interfaces/cocoav_interfaces_s__rosidl_typesupport_fastrtps_c.cpython-38-x86_64-linux-gnu.so
[4.812s] -- Up-to-date symlink: /home/azthorax/fra333_ws/install/cocoav_interfaces/lib/python3.8/site-packages/cocoav_interfaces/cocoav_interfaces_s__rosidl_typesupport_introspection_c.cpython-38-x86_64-linux-gnu.so
[4.813s] -- Up-to-date symlink: /home/azthorax/fra333_ws/install/cocoav_interfaces/lib/python3.8/site-packages/cocoav_interfaces/cocoav_interfaces_s__rosidl_typesupport_c.cpython-38-x86_64-linux-gnu.so
[4.813s] -- Up-to-date symlink: /home/azthorax/fra333_ws/install/cocoav_interfaces/lib/libcocoav_interfaces__python.so
[4.813s] -- Up-to-date symlink: /home/azthorax/fra333_ws/install/cocoav_interfaces/share/cocoav_interfaces/srv/CocoaVIK.idl
[4.813s] -- Up-to-date symlink: /home/azthorax/fra333_ws/install/cocoav_interfaces/share/cocoav_interfaces/srv/CocoaVFK.idl
[4.813s] -- Up-to-date symlink: /home/azthorax/fra333_ws/install/cocoav_interfaces/share/cocoav_interfaces/msg/CocoaTest.idl
[4.814s] -- Up-to-date symlink: /home/azthorax/fra333_ws/install/cocoav_interfaces/share/cocoav_interfaces/srv/CocoaVIK.srv
[4.814s] -- Up-to-date symlink: /home/azthorax/fra333_ws/install/cocoav_interfaces/share/cocoav_interfaces/srv/CocoaVIK_Request.msg
[4.814s] -- Up-to-date symlink: /home/azthorax/fra333_ws/install/cocoav_interfaces/share/cocoav_interfaces/srv/CocoaVIK_Response.msg
[4.814s] -- Up-to-date symlink: /home/azthorax/fra333_ws/install/cocoav_interfaces/share/cocoav_interfaces/srv/CocoaVFK.srv
[4.814s] -- Up-to-date symlink: /home/azthorax/fra333_ws/install/cocoav_interfaces/share/cocoav_interfaces/srv/CocoaVFK_Request.msg
[4.815s] -- Up-to-date symlink: /home/azthorax/fra333_ws/install/cocoav_interfaces/share/cocoav_interfaces/srv/CocoaVFK_Response.msg
[4.815s] -- Symlinking: /home/azthorax/fra333_ws/install/cocoav_interfaces/share/cocoav_interfaces/msg/CocoaTest.msg
[4.823s] -- Up-to-date symlink: /home/azthorax/fra333_ws/install/cocoav_interfaces/share/ament_index/resource_index/package_run_dependencies/cocoav_interfaces
[4.823s] -- Up-to-date symlink: /home/azthorax/fra333_ws/install/cocoav_interfaces/share/ament_index/resource_index/parent_prefix_path/cocoav_interfaces
[4.823s] -- Up-to-date symlink: /home/azthorax/fra333_ws/install/cocoav_interfaces/share/cocoav_interfaces/environment/ament_prefix_path.sh
[4.824s] -- Up-to-date symlink: /home/azthorax/fra333_ws/install/cocoav_interfaces/share/cocoav_interfaces/environment/ament_prefix_path.dsv
[4.824s] -- Up-to-date symlink: /home/azthorax/fra333_ws/install/cocoav_interfaces/share/cocoav_interfaces/environment/path.sh
[4.825s] -- Up-to-date symlink: /home/azthorax/fra333_ws/install/cocoav_interfaces/share/cocoav_interfaces/environment/path.dsv
[4.825s] -- Up-to-date symlink: /home/azthorax/fra333_ws/install/cocoav_interfaces/share/cocoav_interfaces/local_setup.bash
[4.826s] -- Up-to-date symlink: /home/azthorax/fra333_ws/install/cocoav_interfaces/share/cocoav_interfaces/local_setup.sh
[4.826s] -- Up-to-date symlink: /home/azthorax/fra333_ws/install/cocoav_interfaces/share/cocoav_interfaces/local_setup.zsh
[4.826s] -- Up-to-date symlink: /home/azthorax/fra333_ws/install/cocoav_interfaces/share/cocoav_interfaces/local_setup.dsv
[4.827s] -- Symlinking: /home/azthorax/fra333_ws/install/cocoav_interfaces/share/cocoav_interfaces/package.dsv
[4.835s] -- Up-to-date symlink: /home/azthorax/fra333_ws/install/cocoav_interfaces/share/ament_index/resource_index/packages/cocoav_interfaces
[4.835s] -- Up-to-date symlink: /home/azthorax/fra333_ws/install/cocoav_interfaces/share/cocoav_interfaces/cmake/rosidl_cmake-extras.cmake
[4.835s] -- Up-to-date symlink: /home/azthorax/fra333_ws/install/cocoav_interfaces/share/cocoav_interfaces/cmake/ament_cmake_export_dependencies-extras.cmake
[4.836s] -- Up-to-date symlink: /home/azthorax/fra333_ws/install/cocoav_interfaces/share/cocoav_interfaces/cmake/ament_cmake_export_libraries-extras.cmake
[4.836s] -- Up-to-date symlink: /home/azthorax/fra333_ws/install/cocoav_interfaces/share/cocoav_interfaces/cmake/ament_cmake_export_targets-extras.cmake
[4.837s] -- Up-to-date symlink: /home/azthorax/fra333_ws/install/cocoav_interfaces/share/cocoav_interfaces/cmake/ament_cmake_export_include_directories-extras.cmake
[4.837s] -- Up-to-date symlink: /home/azthorax/fra333_ws/install/cocoav_interfaces/share/cocoav_interfaces/cmake/rosidl_cmake_export_typesupport_libraries-extras.cmake
[4.838s] -- Up-to-date symlink: /home/azthorax/fra333_ws/install/cocoav_interfaces/share/cocoav_interfaces/cmake/rosidl_cmake_export_typesupport_targets-extras.cmake
[4.838s] -- Up-to-date symlink: /home/azthorax/fra333_ws/install/cocoav_interfaces/share/cocoav_interfaces/cmake/cocoav_interfacesConfig.cmake
[4.838s] -- Up-to-date symlink: /home/azthorax/fra333_ws/install/cocoav_interfaces/share/cocoav_interfaces/cmake/cocoav_interfacesConfig-version.cmake
[4.839s] -- Up-to-date symlink: /home/azthorax/fra333_ws/install/cocoav_interfaces/share/cocoav_interfaces/package.xml
[4.839s] -- Installing: /home/azthorax/fra333_ws/install/cocoav_interfaces/lib/libcocoav_interfaces__rosidl_generator_c.so
[4.840s] -- Set runtime path of "/home/azthorax/fra333_ws/install/cocoav_interfaces/lib/libcocoav_interfaces__rosidl_generator_c.so" to ""
[4.841s] -- Installing: /home/azthorax/fra333_ws/install/cocoav_interfaces/lib/libcocoav_interfaces__rosidl_typesupport_introspection_c.so
[4.841s] -- Set runtime path of "/home/azthorax/fra333_ws/install/cocoav_interfaces/lib/libcocoav_interfaces__rosidl_typesupport_introspection_c.so" to ""
[4.842s] -- Installing: /home/azthorax/fra333_ws/install/cocoav_interfaces/lib/libcocoav_interfaces__rosidl_typesupport_c.so
[4.842s] -- Set runtime path of "/home/azthorax/fra333_ws/install/cocoav_interfaces/lib/libcocoav_interfaces__rosidl_typesupport_c.so" to ""
[4.843s] -- Installing: /home/azthorax/fra333_ws/install/cocoav_interfaces/lib/libcocoav_interfaces__rosidl_typesupport_introspection_cpp.so
[4.844s] -- Set runtime path of "/home/azthorax/fra333_ws/install/cocoav_interfaces/lib/libcocoav_interfaces__rosidl_typesupport_introspection_cpp.so" to ""
[4.844s] -- Installing: /home/azthorax/fra333_ws/install/cocoav_interfaces/lib/libcocoav_interfaces__rosidl_typesupport_cpp.so
[4.845s] -- Set runtime path of "/home/azthorax/fra333_ws/install/cocoav_interfaces/lib/libcocoav_interfaces__rosidl_typesupport_cpp.so" to ""
[4.876s] Compiling '/home/azthorax/fra333_ws/install/cocoav_interfaces/lib/python3.8/site-packages/cocoav_interfaces/__init__.py'...
[4.880s] -- Up-to-date: /home/azthorax/fra333_ws/install/cocoav_interfaces/share/cocoav_interfaces/cmake/cocoav_interfaces__rosidl_generator_cExport.cmake
[4.880s] -- Installing: /home/azthorax/fra333_ws/install/cocoav_interfaces/share/cocoav_interfaces/cmake/cocoav_interfaces__rosidl_generator_cExport-noconfig.cmake
[4.880s] -- Up-to-date: /home/azthorax/fra333_ws/install/cocoav_interfaces/share/cocoav_interfaces/cmake/cocoav_interfaces__rosidl_typesupport_introspection_cExport.cmake
[4.880s] -- Installing: /home/azthorax/fra333_ws/install/cocoav_interfaces/share/cocoav_interfaces/cmake/cocoav_interfaces__rosidl_typesupport_introspection_cExport-noconfig.cmake
[4.881s] -- Up-to-date: /home/azthorax/fra333_ws/install/cocoav_interfaces/share/cocoav_interfaces/cmake/cocoav_interfaces__rosidl_typesupport_cExport.cmake
[4.881s] -- Installing: /home/azthorax/fra333_ws/install/cocoav_interfaces/share/cocoav_interfaces/cmake/cocoav_interfaces__rosidl_typesupport_cExport-noconfig.cmake
[4.881s] -- Up-to-date: /home/azthorax/fra333_ws/install/cocoav_interfaces/share/cocoav_interfaces/cmake/cocoav_interfaces__rosidl_generator_cppExport.cmake
[4.882s] -- Up-to-date: /home/azthorax/fra333_ws/install/cocoav_interfaces/share/cocoav_interfaces/cmake/cocoav_interfaces__rosidl_typesupport_introspection_cppExport.cmake
[4.882s] -- Installing: /home/azthorax/fra333_ws/install/cocoav_interfaces/share/cocoav_interfaces/cmake/cocoav_interfaces__rosidl_typesupport_introspection_cppExport-noconfig.cmake
[4.882s] -- Up-to-date: /home/azthorax/fra333_ws/install/cocoav_interfaces/share/cocoav_interfaces/cmake/cocoav_interfaces__rosidl_typesupport_cppExport.cmake
[4.882s] -- Installing: /home/azthorax/fra333_ws/install/cocoav_interfaces/share/cocoav_interfaces/cmake/cocoav_interfaces__rosidl_typesupport_cppExport-noconfig.cmake
[4.888s] Invoked command in '/home/azthorax/fra333_ws/build/cocoav_interfaces' returned '0': CMAKE_PREFIX_PATH=${CMAKE_PREFIX_PATH}:/opt/ros/foxy /usr/bin/cmake --install /home/azthorax/fra333_ws/build/cocoav_interfaces
