[0.071s] Invoking command in '/home/azthorax/fra333_ws/build/package_name': CMAKE_PREFIX_PATH=/opt/ros/foxy /usr/bin/cmake /home/azthorax/fra333_ws/src/lab3/ROS2_package_cpp_python-main/package_name -DAMENT_CMAKE_SYMLINK_INSTALL=1 -DCMAKE_INSTALL_PREFIX=/home/azthorax/fra333_ws/install/package_name
[0.148s] -- The C compiler identification is GNU 9.4.0
[0.219s] -- The CXX compiler identification is GNU 9.4.0
[0.224s] -- Check for working C compiler: /usr/bin/cc
[0.312s] -- Check for working C compiler: /usr/bin/cc -- works
[0.314s] -- Detecting C compiler ABI info
[0.395s] -- Detecting C compiler ABI info - done
[0.410s] -- Detecting C compile features
[0.410s] -- Detecting C compile features - done
[0.413s] -- Check for working CXX compiler: /usr/bin/c++
[0.508s] -- Check for working CXX compiler: /usr/bin/c++ -- works
[0.509s] -- Detecting CXX compiler ABI info
[0.602s] -- Detecting CXX compiler ABI info - done
[0.617s] -- Detecting CXX compile features
[0.618s] -- Detecting CXX compile features - done
[0.620s] -- Found ament_cmake: 0.9.11 (/opt/ros/foxy/share/ament_cmake/cmake)
[0.649s] -- Found PythonInterp: /usr/bin/python3 (found suitable version "3.8.10", minimum required is "3") 
[0.650s] -- Using PYTHON_EXECUTABLE: /usr/bin/python3
[0.915s] -- Override CMake install command with custom implementation using symlinks instead of copying resources
[0.943s] -- Found rclcpp: 2.4.2 (/opt/ros/foxy/share/rclcpp/cmake)
[0.986s] -- Using all available rosidl_typesupport_c: rosidl_typesupport_fastrtps_c;rosidl_typesupport_introspection_c
[0.992s] -- Found rosidl_adapter: 1.3.0 (/opt/ros/foxy/share/rosidl_adapter/cmake)
[1.074s] -- Found OpenSSL: /usr/lib/x86_64-linux-gnu/libcrypto.so (found version "1.1.1f")  
[1.104s] -- Found FastRTPS: /opt/ros/foxy/include  
[1.195s] -- Using all available rosidl_typesupport_cpp: rosidl_typesupport_fastrtps_cpp;rosidl_typesupport_introspection_cpp
[1.269s] -- Found rmw_implementation_cmake: 1.0.3 (/opt/ros/foxy/share/rmw_implementation_cmake/cmake)
[1.271s] -- Using RMW implementation 'rmw_fastrtps_cpp' as default
[1.272s] -- Looking for pthread.h
[1.358s] -- Looking for pthread.h - found
[1.358s] -- Performing Test CMAKE_HAVE_LIBC_PTHREAD
[1.446s] -- Performing Test CMAKE_HAVE_LIBC_PTHREAD - Failed
[1.446s] -- Looking for pthread_create in pthreads
[1.511s] -- Looking for pthread_create in pthreads - not found
[1.511s] -- Looking for pthread_create in pthread
[1.583s] -- Looking for pthread_create in pthread - found
[1.585s] -- Found Threads: TRUE  
[1.774s] -- Found rclpy: 1.0.11 (/opt/ros/foxy/share/rclpy/cmake)
[1.890s] -- Configuring done
[1.898s] -- Generating done
[1.900s] -- Build files have been written to: /home/azthorax/fra333_ws/build/package_name
[1.930s] Invoked command in '/home/azthorax/fra333_ws/build/package_name' returned '0': CMAKE_PREFIX_PATH=/opt/ros/foxy /usr/bin/cmake /home/azthorax/fra333_ws/src/lab3/ROS2_package_cpp_python-main/package_name -DAMENT_CMAKE_SYMLINK_INSTALL=1 -DCMAKE_INSTALL_PREFIX=/home/azthorax/fra333_ws/install/package_name
[1.933s] Invoking command in '/home/azthorax/fra333_ws/build/package_name': CMAKE_PREFIX_PATH=/opt/ros/foxy /usr/bin/cmake --build /home/azthorax/fra333_ws/build/package_name -- -j12 -l12
[1.976s] [35m[1mScanning dependencies of target cpp_node_test[0m
[1.988s] [ 50%] [32mBuilding CXX object CMakeFiles/cpp_node_test.dir/src/cpp_node.cpp.o[0m
[2.305s] [100%] [32m[1mLinking CXX executable cpp_node_test[0m
[2.468s] [100%] Built target cpp_node_test
[2.525s] Invoked command in '/home/azthorax/fra333_ws/build/package_name' returned '0': CMAKE_PREFIX_PATH=/opt/ros/foxy /usr/bin/cmake --build /home/azthorax/fra333_ws/build/package_name -- -j12 -l12
[2.551s] Invoking command in '/home/azthorax/fra333_ws/build/package_name': CMAKE_PREFIX_PATH=/opt/ros/foxy /usr/bin/cmake --install /home/azthorax/fra333_ws/build/package_name
[2.562s] -- Install configuration: ""
[2.563s] -- Execute custom install script
[2.564s] -- Symlinking: /home/azthorax/fra333_ws/install/package_name/share/package_name/environment/pythonpath.sh
[2.575s] -- Symlinking: /home/azthorax/fra333_ws/install/package_name/share/package_name/environment/pythonpath.dsv
[2.588s] -- Symlinking: /home/azthorax/fra333_ws/install/package_name/lib/python3.8/site-packages/package_name/__init__.py
[2.598s] -- Symlinking: /home/azthorax/fra333_ws/install/package_name/lib/package_name/dummy.py
[2.609s] -- Symlinking: /home/azthorax/fra333_ws/install/package_name/lib/package_name/cpp_node_test
[2.619s] -- Symlinking: /home/azthorax/fra333_ws/install/package_name/share/ament_index/resource_index/package_run_dependencies/package_name
[2.629s] -- Symlinking: /home/azthorax/fra333_ws/install/package_name/share/ament_index/resource_index/parent_prefix_path/package_name
[2.641s] -- Symlinking: /home/azthorax/fra333_ws/install/package_name/share/package_name/environment/ament_prefix_path.sh
[2.652s] -- Symlinking: /home/azthorax/fra333_ws/install/package_name/share/package_name/environment/ament_prefix_path.dsv
[2.663s] -- Symlinking: /home/azthorax/fra333_ws/install/package_name/share/package_name/environment/path.sh
[2.671s] -- Symlinking: /home/azthorax/fra333_ws/install/package_name/share/package_name/environment/path.dsv
[2.678s] -- Symlinking: /home/azthorax/fra333_ws/install/package_name/share/package_name/local_setup.bash
[2.686s] -- Symlinking: /home/azthorax/fra333_ws/install/package_name/share/package_name/local_setup.sh
[2.694s] -- Symlinking: /home/azthorax/fra333_ws/install/package_name/share/package_name/local_setup.zsh
[2.703s] -- Symlinking: /home/azthorax/fra333_ws/install/package_name/share/package_name/local_setup.dsv
[2.710s] -- Symlinking: /home/azthorax/fra333_ws/install/package_name/share/package_name/package.dsv
[2.719s] -- Symlinking: /home/azthorax/fra333_ws/install/package_name/share/ament_index/resource_index/packages/package_name
[2.727s] -- Symlinking: /home/azthorax/fra333_ws/install/package_name/share/package_name/cmake/package_nameConfig.cmake
[2.735s] -- Symlinking: /home/azthorax/fra333_ws/install/package_name/share/package_name/cmake/package_nameConfig-version.cmake
[2.744s] -- Symlinking: /home/azthorax/fra333_ws/install/package_name/share/package_name/package.xml
[2.791s] Listing '/home/azthorax/fra333_ws/install/package_name/lib/python3.8/site-packages/package_name'...
[2.791s] Compiling '/home/azthorax/fra333_ws/install/package_name/lib/python3.8/site-packages/package_name/__init__.py'...
[2.804s] Invoked command in '/home/azthorax/fra333_ws/build/package_name' returned '0': CMAKE_PREFIX_PATH=/opt/ros/foxy /usr/bin/cmake --install /home/azthorax/fra333_ws/build/package_name
