[0.088s] Invoking command in '/home/azthorax/fra333_ws/build/xicro_interfaces': CMAKE_PREFIX_PATH=${CMAKE_PREFIX_PATH}:/opt/ros/foxy /usr/bin/cmake --build /home/azthorax/fra333_ws/build/xicro_interfaces -- -j12 -l12
[0.209s] [ 12%] Built target xicro_interfaces__rosidl_generator_c
[0.209s] [ 12%] Built target xicro_interfaces__cpp
[0.254s] [ 24%] Built target xicro_interfaces__rosidl_typesupport_c
[0.272s] [ 36%] Built target xicro_interfaces__rosidl_typesupport_introspection_c
[0.276s] [ 48%] Built target xicro_interfaces__rosidl_typesupport_cpp
[0.282s] [ 61%] Built target xicro_interfaces__rosidl_typesupport_introspection_cpp
[0.282s] [ 73%] Built target xicro_interfaces__rosidl_typesupport_fastrtps_cpp
[0.353s] [ 85%] Built target xicro_interfaces__rosidl_typesupport_fastrtps_c
[0.401s] [ 85%] Built target xicro_interfaces
[0.446s] [ 85%] Built target xicro_interfaces__py
[0.507s] [ 97%] Built target xicro_interfaces__python
[0.550s] [ 98%] Built target xicro_interfaces__rosidl_typesupport_introspection_c__pyext
[0.555s] [ 99%] Built target xicro_interfaces__rosidl_typesupport_fastrtps_c__pyext
[0.560s] [100%] Built target xicro_interfaces__rosidl_typesupport_c__pyext
[0.626s] Invoked command in '/home/azthorax/fra333_ws/build/xicro_interfaces' returned '0': CMAKE_PREFIX_PATH=${CMAKE_PREFIX_PATH}:/opt/ros/foxy /usr/bin/cmake --build /home/azthorax/fra333_ws/build/xicro_interfaces -- -j12 -l12
[1.038s] Invoking command in '/home/azthorax/fra333_ws/build/xicro_interfaces': CMAKE_PREFIX_PATH=${CMAKE_PREFIX_PATH}:/opt/ros/foxy /usr/bin/cmake --install /home/azthorax/fra333_ws/build/xicro_interfaces
[1.053s] -- Install configuration: ""
[1.054s] -- Execute custom install script
[1.054s] -- Up-to-date symlink: /home/azthorax/fra333_ws/install/xicro_interfaces/share/ament_index/resource_index/rosidl_interfaces/xicro_interfaces
[1.056s] -- Up-to-date symlink: /home/azthorax/fra333_ws/install/xicro_interfaces/include/xicro_interfaces/msg/battery_state.h
[1.056s] -- Up-to-date symlink: /home/azthorax/fra333_ws/install/xicro_interfaces/include/xicro_interfaces/msg/bool.h
[1.057s] -- Up-to-date symlink: /home/azthorax/fra333_ws/install/xicro_interfaces/include/xicro_interfaces/msg/demo_input.h
[1.057s] -- Up-to-date symlink: /home/azthorax/fra333_ws/install/xicro_interfaces/include/xicro_interfaces/msg/demo_output.h
[1.057s] -- Up-to-date symlink: /home/azthorax/fra333_ws/install/xicro_interfaces/include/xicro_interfaces/msg/detail/battery_state__functions.h
[1.057s] -- Up-to-date symlink: /home/azthorax/fra333_ws/install/xicro_interfaces/include/xicro_interfaces/msg/detail/battery_state__struct.h
[1.057s] -- Up-to-date symlink: /home/azthorax/fra333_ws/install/xicro_interfaces/include/xicro_interfaces/msg/detail/battery_state__type_support.h
[1.057s] -- Up-to-date symlink: /home/azthorax/fra333_ws/install/xicro_interfaces/include/xicro_interfaces/msg/detail/bool__functions.h
[1.057s] -- Up-to-date symlink: /home/azthorax/fra333_ws/install/xicro_interfaces/include/xicro_interfaces/msg/detail/bool__struct.h
[1.058s] -- Up-to-date symlink: /home/azthorax/fra333_ws/install/xicro_interfaces/include/xicro_interfaces/msg/detail/bool__type_support.h
[1.058s] -- Up-to-date symlink: /home/azthorax/fra333_ws/install/xicro_interfaces/include/xicro_interfaces/msg/detail/demo_input__functions.h
[1.058s] -- Up-to-date symlink: /home/azthorax/fra333_ws/install/xicro_interfaces/include/xicro_interfaces/msg/detail/demo_input__struct.h
[1.058s] -- Up-to-date symlink: /home/azthorax/fra333_ws/install/xicro_interfaces/include/xicro_interfaces/msg/detail/demo_input__type_support.h
[1.058s] -- Up-to-date symlink: /home/azthorax/fra333_ws/install/xicro_interfaces/include/xicro_interfaces/msg/detail/demo_output__functions.h
[1.058s] -- Up-to-date symlink: /home/azthorax/fra333_ws/install/xicro_interfaces/include/xicro_interfaces/msg/detail/demo_output__struct.h
[1.058s] -- Up-to-date symlink: /home/azthorax/fra333_ws/install/xicro_interfaces/include/xicro_interfaces/msg/detail/demo_output__type_support.h
[1.059s] -- Up-to-date symlink: /home/azthorax/fra333_ws/install/xicro_interfaces/include/xicro_interfaces/msg/detail/float32__functions.h
[1.059s] -- Up-to-date symlink: /home/azthorax/fra333_ws/install/xicro_interfaces/include/xicro_interfaces/msg/detail/float32__struct.h
[1.059s] -- Up-to-date symlink: /home/azthorax/fra333_ws/install/xicro_interfaces/include/xicro_interfaces/msg/detail/float32__type_support.h
[1.059s] -- Up-to-date symlink: /home/azthorax/fra333_ws/install/xicro_interfaces/include/xicro_interfaces/msg/detail/header__functions.h
[1.059s] -- Up-to-date symlink: /home/azthorax/fra333_ws/install/xicro_interfaces/include/xicro_interfaces/msg/detail/header__struct.h
[1.060s] -- Up-to-date symlink: /home/azthorax/fra333_ws/install/xicro_interfaces/include/xicro_interfaces/msg/detail/header__type_support.h
[1.060s] -- Up-to-date symlink: /home/azthorax/fra333_ws/install/xicro_interfaces/include/xicro_interfaces/msg/detail/imu__functions.h
[1.060s] -- Up-to-date symlink: /home/azthorax/fra333_ws/install/xicro_interfaces/include/xicro_interfaces/msg/detail/imu__struct.h
[1.061s] -- Up-to-date symlink: /home/azthorax/fra333_ws/install/xicro_interfaces/include/xicro_interfaces/msg/detail/imu__type_support.h
[1.061s] -- Up-to-date symlink: /home/azthorax/fra333_ws/install/xicro_interfaces/include/xicro_interfaces/msg/detail/int16__functions.h
[1.061s] -- Up-to-date symlink: /home/azthorax/fra333_ws/install/xicro_interfaces/include/xicro_interfaces/msg/detail/int16__struct.h
[1.061s] -- Up-to-date symlink: /home/azthorax/fra333_ws/install/xicro_interfaces/include/xicro_interfaces/msg/detail/int16__type_support.h
[1.061s] -- Up-to-date symlink: /home/azthorax/fra333_ws/install/xicro_interfaces/include/xicro_interfaces/msg/detail/int32__functions.h
[1.061s] -- Up-to-date symlink: /home/azthorax/fra333_ws/install/xicro_interfaces/include/xicro_interfaces/msg/detail/int32__struct.h
[1.061s] -- Up-to-date symlink: /home/azthorax/fra333_ws/install/xicro_interfaces/include/xicro_interfaces/msg/detail/int32__type_support.h
[1.062s] -- Up-to-date symlink: /home/azthorax/fra333_ws/install/xicro_interfaces/include/xicro_interfaces/msg/detail/int64__functions.h
[1.062s] -- Up-to-date symlink: /home/azthorax/fra333_ws/install/xicro_interfaces/include/xicro_interfaces/msg/detail/int64__struct.h
[1.062s] -- Up-to-date symlink: /home/azthorax/fra333_ws/install/xicro_interfaces/include/xicro_interfaces/msg/detail/int64__type_support.h
[1.062s] -- Up-to-date symlink: /home/azthorax/fra333_ws/install/xicro_interfaces/include/xicro_interfaces/msg/detail/int8__functions.h
[1.062s] -- Up-to-date symlink: /home/azthorax/fra333_ws/install/xicro_interfaces/include/xicro_interfaces/msg/detail/int8__struct.h
[1.062s] -- Up-to-date symlink: /home/azthorax/fra333_ws/install/xicro_interfaces/include/xicro_interfaces/msg/detail/int8__type_support.h
[1.062s] -- Up-to-date symlink: /home/azthorax/fra333_ws/install/xicro_interfaces/include/xicro_interfaces/msg/detail/joint_state__functions.h
[1.063s] -- Up-to-date symlink: /home/azthorax/fra333_ws/install/xicro_interfaces/include/xicro_interfaces/msg/detail/joint_state__struct.h
[1.063s] -- Up-to-date symlink: /home/azthorax/fra333_ws/install/xicro_interfaces/include/xicro_interfaces/msg/detail/joint_state__type_support.h
[1.063s] -- Up-to-date symlink: /home/azthorax/fra333_ws/install/xicro_interfaces/include/xicro_interfaces/msg/detail/point__functions.h
[1.063s] -- Up-to-date symlink: /home/azthorax/fra333_ws/install/xicro_interfaces/include/xicro_interfaces/msg/detail/point__struct.h
[1.063s] -- Up-to-date symlink: /home/azthorax/fra333_ws/install/xicro_interfaces/include/xicro_interfaces/msg/detail/point__type_support.h
[1.063s] -- Up-to-date symlink: /home/azthorax/fra333_ws/install/xicro_interfaces/include/xicro_interfaces/msg/detail/pose2_d__functions.h
[1.063s] -- Up-to-date symlink: /home/azthorax/fra333_ws/install/xicro_interfaces/include/xicro_interfaces/msg/detail/pose2_d__struct.h
[1.064s] -- Up-to-date symlink: /home/azthorax/fra333_ws/install/xicro_interfaces/include/xicro_interfaces/msg/detail/pose2_d__type_support.h
[1.064s] -- Up-to-date symlink: /home/azthorax/fra333_ws/install/xicro_interfaces/include/xicro_interfaces/msg/detail/pose__functions.h
[1.064s] -- Up-to-date symlink: /home/azthorax/fra333_ws/install/xicro_interfaces/include/xicro_interfaces/msg/detail/pose__struct.h
[1.064s] -- Up-to-date symlink: /home/azthorax/fra333_ws/install/xicro_interfaces/include/xicro_interfaces/msg/detail/pose__type_support.h
[1.064s] -- Up-to-date symlink: /home/azthorax/fra333_ws/install/xicro_interfaces/include/xicro_interfaces/msg/detail/pose_with_covariance__functions.h
[1.065s] -- Up-to-date symlink: /home/azthorax/fra333_ws/install/xicro_interfaces/include/xicro_interfaces/msg/detail/pose_with_covariance__struct.h
[1.065s] -- Up-to-date symlink: /home/azthorax/fra333_ws/install/xicro_interfaces/include/xicro_interfaces/msg/detail/pose_with_covariance__type_support.h
[1.065s] -- Up-to-date symlink: /home/azthorax/fra333_ws/install/xicro_interfaces/include/xicro_interfaces/msg/detail/quaternion__functions.h
[1.065s] -- Up-to-date symlink: /home/azthorax/fra333_ws/install/xicro_interfaces/include/xicro_interfaces/msg/detail/quaternion__struct.h
[1.065s] -- Up-to-date symlink: /home/azthorax/fra333_ws/install/xicro_interfaces/include/xicro_interfaces/msg/detail/quaternion__type_support.h
[1.065s] -- Up-to-date symlink: /home/azthorax/fra333_ws/install/xicro_interfaces/include/xicro_interfaces/msg/detail/temperature__functions.h
[1.065s] -- Up-to-date symlink: /home/azthorax/fra333_ws/install/xicro_interfaces/include/xicro_interfaces/msg/detail/temperature__struct.h
[1.066s] -- Up-to-date symlink: /home/azthorax/fra333_ws/install/xicro_interfaces/include/xicro_interfaces/msg/detail/temperature__type_support.h
[1.066s] -- Up-to-date symlink: /home/azthorax/fra333_ws/install/xicro_interfaces/include/xicro_interfaces/msg/detail/time__functions.h
[1.066s] -- Up-to-date symlink: /home/azthorax/fra333_ws/install/xicro_interfaces/include/xicro_interfaces/msg/detail/time__struct.h
[1.066s] -- Up-to-date symlink: /home/azthorax/fra333_ws/install/xicro_interfaces/include/xicro_interfaces/msg/detail/time__type_support.h
[1.066s] -- Up-to-date symlink: /home/azthorax/fra333_ws/install/xicro_interfaces/include/xicro_interfaces/msg/detail/twist__functions.h
[1.066s] -- Up-to-date symlink: /home/azthorax/fra333_ws/install/xicro_interfaces/include/xicro_interfaces/msg/detail/twist__struct.h
[1.066s] -- Up-to-date symlink: /home/azthorax/fra333_ws/install/xicro_interfaces/include/xicro_interfaces/msg/detail/twist__type_support.h
[1.066s] -- Up-to-date symlink: /home/azthorax/fra333_ws/install/xicro_interfaces/include/xicro_interfaces/msg/detail/uint16__functions.h
[1.066s] -- Up-to-date symlink: /home/azthorax/fra333_ws/install/xicro_interfaces/include/xicro_interfaces/msg/detail/uint16__struct.h
[1.066s] -- Up-to-date symlink: /home/azthorax/fra333_ws/install/xicro_interfaces/include/xicro_interfaces/msg/detail/uint16__type_support.h
[1.066s] -- Up-to-date symlink: /home/azthorax/fra333_ws/install/xicro_interfaces/include/xicro_interfaces/msg/detail/uint32__functions.h
[1.066s] -- Up-to-date symlink: /home/azthorax/fra333_ws/install/xicro_interfaces/include/xicro_interfaces/msg/detail/uint32__struct.h
[1.066s] -- Up-to-date symlink: /home/azthorax/fra333_ws/install/xicro_interfaces/include/xicro_interfaces/msg/detail/uint32__type_support.h
[1.066s] -- Up-to-date symlink: /home/azthorax/fra333_ws/install/xicro_interfaces/include/xicro_interfaces/msg/detail/uint64__functions.h
[1.066s] -- Up-to-date symlink: /home/azthorax/fra333_ws/install/xicro_interfaces/include/xicro_interfaces/msg/detail/uint64__struct.h
[1.066s] -- Up-to-date symlink: /home/azthorax/fra333_ws/install/xicro_interfaces/include/xicro_interfaces/msg/detail/uint64__type_support.h
[1.067s] -- Up-to-date symlink: /home/azthorax/fra333_ws/install/xicro_interfaces/include/xicro_interfaces/msg/detail/uint8__functions.h
[1.067s] -- Up-to-date symlink: /home/azthorax/fra333_ws/install/xicro_interfaces/include/xicro_interfaces/msg/detail/uint8__struct.h
[1.067s] -- Up-to-date symlink: /home/azthorax/fra333_ws/install/xicro_interfaces/include/xicro_interfaces/msg/detail/uint8__type_support.h
[1.067s] -- Up-to-date symlink: /home/azthorax/fra333_ws/install/xicro_interfaces/include/xicro_interfaces/msg/detail/vector3__functions.h
[1.067s] -- Up-to-date symlink: /home/azthorax/fra333_ws/install/xicro_interfaces/include/xicro_interfaces/msg/detail/vector3__struct.h
[1.067s] -- Up-to-date symlink: /home/azthorax/fra333_ws/install/xicro_interfaces/include/xicro_interfaces/msg/detail/vector3__type_support.h
[1.067s] -- Up-to-date symlink: /home/azthorax/fra333_ws/install/xicro_interfaces/include/xicro_interfaces/msg/float32.h
[1.067s] -- Up-to-date symlink: /home/azthorax/fra333_ws/install/xicro_interfaces/include/xicro_interfaces/msg/header.h
[1.067s] -- Up-to-date symlink: /home/azthorax/fra333_ws/install/xicro_interfaces/include/xicro_interfaces/msg/imu.h
[1.067s] -- Up-to-date symlink: /home/azthorax/fra333_ws/install/xicro_interfaces/include/xicro_interfaces/msg/int16.h
[1.067s] -- Up-to-date symlink: /home/azthorax/fra333_ws/install/xicro_interfaces/include/xicro_interfaces/msg/int32.h
[1.067s] -- Up-to-date symlink: /home/azthorax/fra333_ws/install/xicro_interfaces/include/xicro_interfaces/msg/int64.h
[1.067s] -- Up-to-date symlink: /home/azthorax/fra333_ws/install/xicro_interfaces/include/xicro_interfaces/msg/int8.h
[1.067s] -- Up-to-date symlink: /home/azthorax/fra333_ws/install/xicro_interfaces/include/xicro_interfaces/msg/joint_state.h
[1.067s] -- Up-to-date symlink: /home/azthorax/fra333_ws/install/xicro_interfaces/include/xicro_interfaces/msg/point.h
[1.068s] -- Up-to-date symlink: /home/azthorax/fra333_ws/install/xicro_interfaces/include/xicro_interfaces/msg/pose.h
[1.068s] -- Up-to-date symlink: /home/azthorax/fra333_ws/install/xicro_interfaces/include/xicro_interfaces/msg/pose2_d.h
[1.068s] -- Up-to-date symlink: /home/azthorax/fra333_ws/install/xicro_interfaces/include/xicro_interfaces/msg/pose_with_covariance.h
[1.068s] -- Up-to-date symlink: /home/azthorax/fra333_ws/install/xicro_interfaces/include/xicro_interfaces/msg/quaternion.h
[1.068s] -- Up-to-date symlink: /home/azthorax/fra333_ws/install/xicro_interfaces/include/xicro_interfaces/msg/rosidl_generator_c__visibility_control.h
[1.068s] -- Up-to-date symlink: /home/azthorax/fra333_ws/install/xicro_interfaces/include/xicro_interfaces/msg/temperature.h
[1.068s] -- Up-to-date symlink: /home/azthorax/fra333_ws/install/xicro_interfaces/include/xicro_interfaces/msg/time.h
[1.068s] -- Up-to-date symlink: /home/azthorax/fra333_ws/install/xicro_interfaces/include/xicro_interfaces/msg/twist.h
[1.068s] -- Up-to-date symlink: /home/azthorax/fra333_ws/install/xicro_interfaces/include/xicro_interfaces/msg/uint16.h
[1.069s] -- Up-to-date symlink: /home/azthorax/fra333_ws/install/xicro_interfaces/include/xicro_interfaces/msg/uint32.h
[1.069s] -- Up-to-date symlink: /home/azthorax/fra333_ws/install/xicro_interfaces/include/xicro_interfaces/msg/uint64.h
[1.069s] -- Up-to-date symlink: /home/azthorax/fra333_ws/install/xicro_interfaces/include/xicro_interfaces/msg/uint8.h
[1.069s] -- Up-to-date symlink: /home/azthorax/fra333_ws/install/xicro_interfaces/include/xicro_interfaces/msg/vector3.h
[1.069s] -- Up-to-date symlink: /home/azthorax/fra333_ws/install/xicro_interfaces/share/xicro_interfaces/environment/library_path.sh
[1.069s] -- Up-to-date symlink: /home/azthorax/fra333_ws/install/xicro_interfaces/share/xicro_interfaces/environment/library_path.dsv
[1.070s] -- Up-to-date symlink: /home/azthorax/fra333_ws/install/xicro_interfaces/include/xicro_interfaces/msg/detail/battery_state__rosidl_typesupport_fastrtps_c.h
[1.070s] -- Up-to-date symlink: /home/azthorax/fra333_ws/install/xicro_interfaces/include/xicro_interfaces/msg/detail/bool__rosidl_typesupport_fastrtps_c.h
[1.071s] -- Up-to-date symlink: /home/azthorax/fra333_ws/install/xicro_interfaces/include/xicro_interfaces/msg/detail/demo_input__rosidl_typesupport_fastrtps_c.h
[1.071s] -- Up-to-date symlink: /home/azthorax/fra333_ws/install/xicro_interfaces/include/xicro_interfaces/msg/detail/demo_output__rosidl_typesupport_fastrtps_c.h
[1.071s] -- Up-to-date symlink: /home/azthorax/fra333_ws/install/xicro_interfaces/include/xicro_interfaces/msg/detail/float32__rosidl_typesupport_fastrtps_c.h
[1.071s] -- Up-to-date symlink: /home/azthorax/fra333_ws/install/xicro_interfaces/include/xicro_interfaces/msg/detail/header__rosidl_typesupport_fastrtps_c.h
[1.071s] -- Up-to-date symlink: /home/azthorax/fra333_ws/install/xicro_interfaces/include/xicro_interfaces/msg/detail/imu__rosidl_typesupport_fastrtps_c.h
[1.071s] -- Up-to-date symlink: /home/azthorax/fra333_ws/install/xicro_interfaces/include/xicro_interfaces/msg/detail/int16__rosidl_typesupport_fastrtps_c.h
[1.071s] -- Up-to-date symlink: /home/azthorax/fra333_ws/install/xicro_interfaces/include/xicro_interfaces/msg/detail/int32__rosidl_typesupport_fastrtps_c.h
[1.071s] -- Up-to-date symlink: /home/azthorax/fra333_ws/install/xicro_interfaces/include/xicro_interfaces/msg/detail/int64__rosidl_typesupport_fastrtps_c.h
[1.072s] -- Up-to-date symlink: /home/azthorax/fra333_ws/install/xicro_interfaces/include/xicro_interfaces/msg/detail/int8__rosidl_typesupport_fastrtps_c.h
[1.072s] -- Up-to-date symlink: /home/azthorax/fra333_ws/install/xicro_interfaces/include/xicro_interfaces/msg/detail/joint_state__rosidl_typesupport_fastrtps_c.h
[1.072s] -- Up-to-date symlink: /home/azthorax/fra333_ws/install/xicro_interfaces/include/xicro_interfaces/msg/detail/point__rosidl_typesupport_fastrtps_c.h
[1.072s] -- Up-to-date symlink: /home/azthorax/fra333_ws/install/xicro_interfaces/include/xicro_interfaces/msg/detail/pose2_d__rosidl_typesupport_fastrtps_c.h
[1.072s] -- Up-to-date symlink: /home/azthorax/fra333_ws/install/xicro_interfaces/include/xicro_interfaces/msg/detail/pose__rosidl_typesupport_fastrtps_c.h
[1.072s] -- Up-to-date symlink: /home/azthorax/fra333_ws/install/xicro_interfaces/include/xicro_interfaces/msg/detail/pose_with_covariance__rosidl_typesupport_fastrtps_c.h
[1.072s] -- Up-to-date symlink: /home/azthorax/fra333_ws/install/xicro_interfaces/include/xicro_interfaces/msg/detail/quaternion__rosidl_typesupport_fastrtps_c.h
[1.072s] -- Up-to-date symlink: /home/azthorax/fra333_ws/install/xicro_interfaces/include/xicro_interfaces/msg/detail/temperature__rosidl_typesupport_fastrtps_c.h
[1.072s] -- Up-to-date symlink: /home/azthorax/fra333_ws/install/xicro_interfaces/include/xicro_interfaces/msg/detail/time__rosidl_typesupport_fastrtps_c.h
[1.073s] -- Up-to-date symlink: /home/azthorax/fra333_ws/install/xicro_interfaces/include/xicro_interfaces/msg/detail/twist__rosidl_typesupport_fastrtps_c.h
[1.073s] -- Up-to-date symlink: /home/azthorax/fra333_ws/install/xicro_interfaces/include/xicro_interfaces/msg/detail/uint16__rosidl_typesupport_fastrtps_c.h
[1.073s] -- Up-to-date symlink: /home/azthorax/fra333_ws/install/xicro_interfaces/include/xicro_interfaces/msg/detail/uint32__rosidl_typesupport_fastrtps_c.h
[1.073s] -- Up-to-date symlink: /home/azthorax/fra333_ws/install/xicro_interfaces/include/xicro_interfaces/msg/detail/uint64__rosidl_typesupport_fastrtps_c.h
[1.073s] -- Up-to-date symlink: /home/azthorax/fra333_ws/install/xicro_interfaces/include/xicro_interfaces/msg/detail/uint8__rosidl_typesupport_fastrtps_c.h
[1.073s] -- Up-to-date symlink: /home/azthorax/fra333_ws/install/xicro_interfaces/include/xicro_interfaces/msg/detail/vector3__rosidl_typesupport_fastrtps_c.h
[1.074s] -- Up-to-date symlink: /home/azthorax/fra333_ws/install/xicro_interfaces/include/xicro_interfaces/msg/rosidl_typesupport_fastrtps_c__visibility_control.h
[1.074s] -- Up-to-date symlink: /home/azthorax/fra333_ws/install/xicro_interfaces/lib/libxicro_interfaces__rosidl_typesupport_fastrtps_c.so
[1.075s] -- Up-to-date symlink: /home/azthorax/fra333_ws/install/xicro_interfaces/include/xicro_interfaces/msg/detail/battery_state__rosidl_typesupport_fastrtps_cpp.hpp
[1.075s] -- Up-to-date symlink: /home/azthorax/fra333_ws/install/xicro_interfaces/include/xicro_interfaces/msg/detail/bool__rosidl_typesupport_fastrtps_cpp.hpp
[1.075s] -- Up-to-date symlink: /home/azthorax/fra333_ws/install/xicro_interfaces/include/xicro_interfaces/msg/detail/demo_input__rosidl_typesupport_fastrtps_cpp.hpp
[1.075s] -- Up-to-date symlink: /home/azthorax/fra333_ws/install/xicro_interfaces/include/xicro_interfaces/msg/detail/demo_output__rosidl_typesupport_fastrtps_cpp.hpp
[1.075s] -- Up-to-date symlink: /home/azthorax/fra333_ws/install/xicro_interfaces/include/xicro_interfaces/msg/detail/float32__rosidl_typesupport_fastrtps_cpp.hpp
[1.075s] -- Up-to-date symlink: /home/azthorax/fra333_ws/install/xicro_interfaces/include/xicro_interfaces/msg/detail/header__rosidl_typesupport_fastrtps_cpp.hpp
[1.075s] -- Up-to-date symlink: /home/azthorax/fra333_ws/install/xicro_interfaces/include/xicro_interfaces/msg/detail/imu__rosidl_typesupport_fastrtps_cpp.hpp
[1.076s] -- Up-to-date symlink: /home/azthorax/fra333_ws/install/xicro_interfaces/include/xicro_interfaces/msg/detail/int16__rosidl_typesupport_fastrtps_cpp.hpp
[1.076s] -- Up-to-date symlink: /home/azthorax/fra333_ws/install/xicro_interfaces/include/xicro_interfaces/msg/detail/int32__rosidl_typesupport_fastrtps_cpp.hpp
[1.076s] -- Up-to-date symlink: /home/azthorax/fra333_ws/install/xicro_interfaces/include/xicro_interfaces/msg/detail/int64__rosidl_typesupport_fastrtps_cpp.hpp
[1.076s] -- Up-to-date symlink: /home/azthorax/fra333_ws/install/xicro_interfaces/include/xicro_interfaces/msg/detail/int8__rosidl_typesupport_fastrtps_cpp.hpp
[1.076s] -- Up-to-date symlink: /home/azthorax/fra333_ws/install/xicro_interfaces/include/xicro_interfaces/msg/detail/joint_state__rosidl_typesupport_fastrtps_cpp.hpp
[1.076s] -- Up-to-date symlink: /home/azthorax/fra333_ws/install/xicro_interfaces/include/xicro_interfaces/msg/detail/point__rosidl_typesupport_fastrtps_cpp.hpp
[1.077s] -- Up-to-date symlink: /home/azthorax/fra333_ws/install/xicro_interfaces/include/xicro_interfaces/msg/detail/pose2_d__rosidl_typesupport_fastrtps_cpp.hpp
[1.077s] -- Up-to-date symlink: /home/azthorax/fra333_ws/install/xicro_interfaces/include/xicro_interfaces/msg/detail/pose__rosidl_typesupport_fastrtps_cpp.hpp
[1.077s] -- Up-to-date symlink: /home/azthorax/fra333_ws/install/xicro_interfaces/include/xicro_interfaces/msg/detail/pose_with_covariance__rosidl_typesupport_fastrtps_cpp.hpp
[1.077s] -- Up-to-date symlink: /home/azthorax/fra333_ws/install/xicro_interfaces/include/xicro_interfaces/msg/detail/quaternion__rosidl_typesupport_fastrtps_cpp.hpp
[1.077s] -- Up-to-date symlink: /home/azthorax/fra333_ws/install/xicro_interfaces/include/xicro_interfaces/msg/detail/temperature__rosidl_typesupport_fastrtps_cpp.hpp
[1.078s] -- Up-to-date symlink: /home/azthorax/fra333_ws/install/xicro_interfaces/include/xicro_interfaces/msg/detail/time__rosidl_typesupport_fastrtps_cpp.hpp
[1.078s] -- Up-to-date symlink: /home/azthorax/fra333_ws/install/xicro_interfaces/include/xicro_interfaces/msg/detail/twist__rosidl_typesupport_fastrtps_cpp.hpp
[1.078s] -- Up-to-date symlink: /home/azthorax/fra333_ws/install/xicro_interfaces/include/xicro_interfaces/msg/detail/uint16__rosidl_typesupport_fastrtps_cpp.hpp
[1.078s] -- Up-to-date symlink: /home/azthorax/fra333_ws/install/xicro_interfaces/include/xicro_interfaces/msg/detail/uint32__rosidl_typesupport_fastrtps_cpp.hpp
[1.078s] -- Up-to-date symlink: /home/azthorax/fra333_ws/install/xicro_interfaces/include/xicro_interfaces/msg/detail/uint64__rosidl_typesupport_fastrtps_cpp.hpp
[1.079s] -- Up-to-date symlink: /home/azthorax/fra333_ws/install/xicro_interfaces/include/xicro_interfaces/msg/detail/uint8__rosidl_typesupport_fastrtps_cpp.hpp
[1.079s] -- Up-to-date symlink: /home/azthorax/fra333_ws/install/xicro_interfaces/include/xicro_interfaces/msg/detail/vector3__rosidl_typesupport_fastrtps_cpp.hpp
[1.079s] -- Up-to-date symlink: /home/azthorax/fra333_ws/install/xicro_interfaces/include/xicro_interfaces/msg/rosidl_typesupport_fastrtps_cpp__visibility_control.h
[1.079s] -- Up-to-date symlink: /home/azthorax/fra333_ws/install/xicro_interfaces/lib/libxicro_interfaces__rosidl_typesupport_fastrtps_cpp.so
[1.080s] -- Up-to-date symlink: /home/azthorax/fra333_ws/install/xicro_interfaces/include/xicro_interfaces/msg/detail/battery_state__rosidl_typesupport_introspection_c.h
[1.081s] -- Up-to-date symlink: /home/azthorax/fra333_ws/install/xicro_interfaces/include/xicro_interfaces/msg/detail/bool__rosidl_typesupport_introspection_c.h
[1.081s] -- Up-to-date symlink: /home/azthorax/fra333_ws/install/xicro_interfaces/include/xicro_interfaces/msg/detail/demo_input__rosidl_typesupport_introspection_c.h
[1.081s] -- Up-to-date symlink: /home/azthorax/fra333_ws/install/xicro_interfaces/include/xicro_interfaces/msg/detail/demo_output__rosidl_typesupport_introspection_c.h
[1.081s] -- Up-to-date symlink: /home/azthorax/fra333_ws/install/xicro_interfaces/include/xicro_interfaces/msg/detail/float32__rosidl_typesupport_introspection_c.h
[1.081s] -- Up-to-date symlink: /home/azthorax/fra333_ws/install/xicro_interfaces/include/xicro_interfaces/msg/detail/header__rosidl_typesupport_introspection_c.h
[1.081s] -- Up-to-date symlink: /home/azthorax/fra333_ws/install/xicro_interfaces/include/xicro_interfaces/msg/detail/imu__rosidl_typesupport_introspection_c.h
[1.082s] -- Up-to-date symlink: /home/azthorax/fra333_ws/install/xicro_interfaces/include/xicro_interfaces/msg/detail/int16__rosidl_typesupport_introspection_c.h
[1.082s] -- Up-to-date symlink: /home/azthorax/fra333_ws/install/xicro_interfaces/include/xicro_interfaces/msg/detail/int32__rosidl_typesupport_introspection_c.h
[1.082s] -- Up-to-date symlink: /home/azthorax/fra333_ws/install/xicro_interfaces/include/xicro_interfaces/msg/detail/int64__rosidl_typesupport_introspection_c.h
[1.082s] -- Up-to-date symlink: /home/azthorax/fra333_ws/install/xicro_interfaces/include/xicro_interfaces/msg/detail/int8__rosidl_typesupport_introspection_c.h
[1.082s] -- Up-to-date symlink: /home/azthorax/fra333_ws/install/xicro_interfaces/include/xicro_interfaces/msg/detail/joint_state__rosidl_typesupport_introspection_c.h
[1.083s] -- Up-to-date symlink: /home/azthorax/fra333_ws/install/xicro_interfaces/include/xicro_interfaces/msg/detail/point__rosidl_typesupport_introspection_c.h
[1.083s] -- Up-to-date symlink: /home/azthorax/fra333_ws/install/xicro_interfaces/include/xicro_interfaces/msg/detail/pose2_d__rosidl_typesupport_introspection_c.h
[1.083s] -- Up-to-date symlink: /home/azthorax/fra333_ws/install/xicro_interfaces/include/xicro_interfaces/msg/detail/pose__rosidl_typesupport_introspection_c.h
[1.083s] -- Up-to-date symlink: /home/azthorax/fra333_ws/install/xicro_interfaces/include/xicro_interfaces/msg/detail/pose_with_covariance__rosidl_typesupport_introspection_c.h
[1.083s] -- Up-to-date symlink: /home/azthorax/fra333_ws/install/xicro_interfaces/include/xicro_interfaces/msg/detail/quaternion__rosidl_typesupport_introspection_c.h
[1.084s] -- Up-to-date symlink: /home/azthorax/fra333_ws/install/xicro_interfaces/include/xicro_interfaces/msg/detail/temperature__rosidl_typesupport_introspection_c.h
[1.084s] -- Up-to-date symlink: /home/azthorax/fra333_ws/install/xicro_interfaces/include/xicro_interfaces/msg/detail/time__rosidl_typesupport_introspection_c.h
[1.084s] -- Up-to-date symlink: /home/azthorax/fra333_ws/install/xicro_interfaces/include/xicro_interfaces/msg/detail/twist__rosidl_typesupport_introspection_c.h
[1.084s] -- Up-to-date symlink: /home/azthorax/fra333_ws/install/xicro_interfaces/include/xicro_interfaces/msg/detail/uint16__rosidl_typesupport_introspection_c.h
[1.084s] -- Up-to-date symlink: /home/azthorax/fra333_ws/install/xicro_interfaces/include/xicro_interfaces/msg/detail/uint32__rosidl_typesupport_introspection_c.h
[1.085s] -- Up-to-date symlink: /home/azthorax/fra333_ws/install/xicro_interfaces/include/xicro_interfaces/msg/detail/uint64__rosidl_typesupport_introspection_c.h
[1.085s] -- Up-to-date symlink: /home/azthorax/fra333_ws/install/xicro_interfaces/include/xicro_interfaces/msg/detail/uint8__rosidl_typesupport_introspection_c.h
[1.085s] -- Up-to-date symlink: /home/azthorax/fra333_ws/install/xicro_interfaces/include/xicro_interfaces/msg/detail/vector3__rosidl_typesupport_introspection_c.h
[1.085s] -- Up-to-date symlink: /home/azthorax/fra333_ws/install/xicro_interfaces/include/xicro_interfaces/msg/rosidl_typesupport_introspection_c__visibility_control.h
[1.087s] -- Up-to-date symlink: /home/azthorax/fra333_ws/install/xicro_interfaces/include/xicro_interfaces/msg/battery_state.hpp
[1.087s] -- Up-to-date symlink: /home/azthorax/fra333_ws/install/xicro_interfaces/include/xicro_interfaces/msg/bool.hpp
[1.087s] -- Up-to-date symlink: /home/azthorax/fra333_ws/install/xicro_interfaces/include/xicro_interfaces/msg/demo_input.hpp
[1.087s] -- Up-to-date symlink: /home/azthorax/fra333_ws/install/xicro_interfaces/include/xicro_interfaces/msg/demo_output.hpp
[1.088s] -- Up-to-date symlink: /home/azthorax/fra333_ws/install/xicro_interfaces/include/xicro_interfaces/msg/detail/battery_state__builder.hpp
[1.088s] -- Up-to-date symlink: /home/azthorax/fra333_ws/install/xicro_interfaces/include/xicro_interfaces/msg/detail/battery_state__struct.hpp
[1.088s] -- Up-to-date symlink: /home/azthorax/fra333_ws/install/xicro_interfaces/include/xicro_interfaces/msg/detail/battery_state__traits.hpp
[1.088s] -- Up-to-date symlink: /home/azthorax/fra333_ws/install/xicro_interfaces/include/xicro_interfaces/msg/detail/bool__builder.hpp
[1.088s] -- Up-to-date symlink: /home/azthorax/fra333_ws/install/xicro_interfaces/include/xicro_interfaces/msg/detail/bool__struct.hpp
[1.088s] -- Up-to-date symlink: /home/azthorax/fra333_ws/install/xicro_interfaces/include/xicro_interfaces/msg/detail/bool__traits.hpp
[1.089s] -- Up-to-date symlink: /home/azthorax/fra333_ws/install/xicro_interfaces/include/xicro_interfaces/msg/detail/demo_input__builder.hpp
[1.089s] -- Up-to-date symlink: /home/azthorax/fra333_ws/install/xicro_interfaces/include/xicro_interfaces/msg/detail/demo_input__struct.hpp
[1.089s] -- Up-to-date symlink: /home/azthorax/fra333_ws/install/xicro_interfaces/include/xicro_interfaces/msg/detail/demo_input__traits.hpp
[1.089s] -- Up-to-date symlink: /home/azthorax/fra333_ws/install/xicro_interfaces/include/xicro_interfaces/msg/detail/demo_output__builder.hpp
[1.089s] -- Up-to-date symlink: /home/azthorax/fra333_ws/install/xicro_interfaces/include/xicro_interfaces/msg/detail/demo_output__struct.hpp
[1.090s] -- Up-to-date symlink: /home/azthorax/fra333_ws/install/xicro_interfaces/include/xicro_interfaces/msg/detail/demo_output__traits.hpp
[1.090s] -- Up-to-date symlink: /home/azthorax/fra333_ws/install/xicro_interfaces/include/xicro_interfaces/msg/detail/float32__builder.hpp
[1.090s] -- Up-to-date symlink: /home/azthorax/fra333_ws/install/xicro_interfaces/include/xicro_interfaces/msg/detail/float32__struct.hpp
[1.090s] -- Up-to-date symlink: /home/azthorax/fra333_ws/install/xicro_interfaces/include/xicro_interfaces/msg/detail/float32__traits.hpp
[1.090s] -- Up-to-date symlink: /home/azthorax/fra333_ws/install/xicro_interfaces/include/xicro_interfaces/msg/detail/header__builder.hpp
[1.091s] -- Up-to-date symlink: /home/azthorax/fra333_ws/install/xicro_interfaces/include/xicro_interfaces/msg/detail/header__struct.hpp
[1.091s] -- Up-to-date symlink: /home/azthorax/fra333_ws/install/xicro_interfaces/include/xicro_interfaces/msg/detail/header__traits.hpp
[1.091s] -- Up-to-date symlink: /home/azthorax/fra333_ws/install/xicro_interfaces/include/xicro_interfaces/msg/detail/imu__builder.hpp
[1.091s] -- Up-to-date symlink: /home/azthorax/fra333_ws/install/xicro_interfaces/include/xicro_interfaces/msg/detail/imu__struct.hpp
[1.091s] -- Up-to-date symlink: /home/azthorax/fra333_ws/install/xicro_interfaces/include/xicro_interfaces/msg/detail/imu__traits.hpp
[1.092s] -- Up-to-date symlink: /home/azthorax/fra333_ws/install/xicro_interfaces/include/xicro_interfaces/msg/detail/int16__builder.hpp
[1.092s] -- Up-to-date symlink: /home/azthorax/fra333_ws/install/xicro_interfaces/include/xicro_interfaces/msg/detail/int16__struct.hpp
[1.092s] -- Up-to-date symlink: /home/azthorax/fra333_ws/install/xicro_interfaces/include/xicro_interfaces/msg/detail/int16__traits.hpp
[1.092s] -- Up-to-date symlink: /home/azthorax/fra333_ws/install/xicro_interfaces/include/xicro_interfaces/msg/detail/int32__builder.hpp
[1.092s] -- Up-to-date symlink: /home/azthorax/fra333_ws/install/xicro_interfaces/include/xicro_interfaces/msg/detail/int32__struct.hpp
[1.092s] -- Up-to-date symlink: /home/azthorax/fra333_ws/install/xicro_interfaces/include/xicro_interfaces/msg/detail/int32__traits.hpp
[1.093s] -- Up-to-date symlink: /home/azthorax/fra333_ws/install/xicro_interfaces/include/xicro_interfaces/msg/detail/int64__builder.hpp
[1.093s] -- Up-to-date symlink: /home/azthorax/fra333_ws/install/xicro_interfaces/include/xicro_interfaces/msg/detail/int64__struct.hpp
[1.093s] -- Up-to-date symlink: /home/azthorax/fra333_ws/install/xicro_interfaces/include/xicro_interfaces/msg/detail/int64__traits.hpp
[1.093s] -- Up-to-date symlink: /home/azthorax/fra333_ws/install/xicro_interfaces/include/xicro_interfaces/msg/detail/int8__builder.hpp
[1.093s] -- Up-to-date symlink: /home/azthorax/fra333_ws/install/xicro_interfaces/include/xicro_interfaces/msg/detail/int8__struct.hpp
[1.094s] -- Up-to-date symlink: /home/azthorax/fra333_ws/install/xicro_interfaces/include/xicro_interfaces/msg/detail/int8__traits.hpp
[1.094s] -- Up-to-date symlink: /home/azthorax/fra333_ws/install/xicro_interfaces/include/xicro_interfaces/msg/detail/joint_state__builder.hpp
[1.094s] -- Up-to-date symlink: /home/azthorax/fra333_ws/install/xicro_interfaces/include/xicro_interfaces/msg/detail/joint_state__struct.hpp
[1.094s] -- Up-to-date symlink: /home/azthorax/fra333_ws/install/xicro_interfaces/include/xicro_interfaces/msg/detail/joint_state__traits.hpp
[1.094s] -- Up-to-date symlink: /home/azthorax/fra333_ws/install/xicro_interfaces/include/xicro_interfaces/msg/detail/point__builder.hpp
[1.095s] -- Up-to-date symlink: /home/azthorax/fra333_ws/install/xicro_interfaces/include/xicro_interfaces/msg/detail/point__struct.hpp
[1.095s] -- Up-to-date symlink: /home/azthorax/fra333_ws/install/xicro_interfaces/include/xicro_interfaces/msg/detail/point__traits.hpp
[1.095s] -- Up-to-date symlink: /home/azthorax/fra333_ws/install/xicro_interfaces/include/xicro_interfaces/msg/detail/pose2_d__builder.hpp
[1.095s] -- Up-to-date symlink: /home/azthorax/fra333_ws/install/xicro_interfaces/include/xicro_interfaces/msg/detail/pose2_d__struct.hpp
[1.095s] -- Up-to-date symlink: /home/azthorax/fra333_ws/install/xicro_interfaces/include/xicro_interfaces/msg/detail/pose2_d__traits.hpp
[1.096s] -- Up-to-date symlink: /home/azthorax/fra333_ws/install/xicro_interfaces/include/xicro_interfaces/msg/detail/pose__builder.hpp
[1.096s] -- Up-to-date symlink: /home/azthorax/fra333_ws/install/xicro_interfaces/include/xicro_interfaces/msg/detail/pose__struct.hpp
[1.096s] -- Up-to-date symlink: /home/azthorax/fra333_ws/install/xicro_interfaces/include/xicro_interfaces/msg/detail/pose__traits.hpp
[1.096s] -- Up-to-date symlink: /home/azthorax/fra333_ws/install/xicro_interfaces/include/xicro_interfaces/msg/detail/pose_with_covariance__builder.hpp
[1.096s] -- Up-to-date symlink: /home/azthorax/fra333_ws/install/xicro_interfaces/include/xicro_interfaces/msg/detail/pose_with_covariance__struct.hpp
[1.097s] -- Up-to-date symlink: /home/azthorax/fra333_ws/install/xicro_interfaces/include/xicro_interfaces/msg/detail/pose_with_covariance__traits.hpp
[1.097s] -- Up-to-date symlink: /home/azthorax/fra333_ws/install/xicro_interfaces/include/xicro_interfaces/msg/detail/quaternion__builder.hpp
[1.097s] -- Up-to-date symlink: /home/azthorax/fra333_ws/install/xicro_interfaces/include/xicro_interfaces/msg/detail/quaternion__struct.hpp
[1.097s] -- Up-to-date symlink: /home/azthorax/fra333_ws/install/xicro_interfaces/include/xicro_interfaces/msg/detail/quaternion__traits.hpp
[1.097s] -- Up-to-date symlink: /home/azthorax/fra333_ws/install/xicro_interfaces/include/xicro_interfaces/msg/detail/temperature__builder.hpp
[1.097s] -- Up-to-date symlink: /home/azthorax/fra333_ws/install/xicro_interfaces/include/xicro_interfaces/msg/detail/temperature__struct.hpp
[1.098s] -- Up-to-date symlink: /home/azthorax/fra333_ws/install/xicro_interfaces/include/xicro_interfaces/msg/detail/temperature__traits.hpp
[1.098s] -- Up-to-date symlink: /home/azthorax/fra333_ws/install/xicro_interfaces/include/xicro_interfaces/msg/detail/time__builder.hpp
[1.098s] -- Up-to-date symlink: /home/azthorax/fra333_ws/install/xicro_interfaces/include/xicro_interfaces/msg/detail/time__struct.hpp
[1.098s] -- Up-to-date symlink: /home/azthorax/fra333_ws/install/xicro_interfaces/include/xicro_interfaces/msg/detail/time__traits.hpp
[1.098s] -- Up-to-date symlink: /home/azthorax/fra333_ws/install/xicro_interfaces/include/xicro_interfaces/msg/detail/twist__builder.hpp
[1.099s] -- Up-to-date symlink: /home/azthorax/fra333_ws/install/xicro_interfaces/include/xicro_interfaces/msg/detail/twist__struct.hpp
[1.099s] -- Up-to-date symlink: /home/azthorax/fra333_ws/install/xicro_interfaces/include/xicro_interfaces/msg/detail/twist__traits.hpp
[1.099s] -- Up-to-date symlink: /home/azthorax/fra333_ws/install/xicro_interfaces/include/xicro_interfaces/msg/detail/uint16__builder.hpp
[1.099s] -- Up-to-date symlink: /home/azthorax/fra333_ws/install/xicro_interfaces/include/xicro_interfaces/msg/detail/uint16__struct.hpp
[1.099s] -- Up-to-date symlink: /home/azthorax/fra333_ws/install/xicro_interfaces/include/xicro_interfaces/msg/detail/uint16__traits.hpp
[1.100s] -- Up-to-date symlink: /home/azthorax/fra333_ws/install/xicro_interfaces/include/xicro_interfaces/msg/detail/uint32__builder.hpp
[1.100s] -- Up-to-date symlink: /home/azthorax/fra333_ws/install/xicro_interfaces/include/xicro_interfaces/msg/detail/uint32__struct.hpp
[1.100s] -- Up-to-date symlink: /home/azthorax/fra333_ws/install/xicro_interfaces/include/xicro_interfaces/msg/detail/uint32__traits.hpp
[1.100s] -- Up-to-date symlink: /home/azthorax/fra333_ws/install/xicro_interfaces/include/xicro_interfaces/msg/detail/uint64__builder.hpp
[1.100s] -- Up-to-date symlink: /home/azthorax/fra333_ws/install/xicro_interfaces/include/xicro_interfaces/msg/detail/uint64__struct.hpp
[1.101s] -- Up-to-date symlink: /home/azthorax/fra333_ws/install/xicro_interfaces/include/xicro_interfaces/msg/detail/uint64__traits.hpp
[1.101s] -- Up-to-date symlink: /home/azthorax/fra333_ws/install/xicro_interfaces/include/xicro_interfaces/msg/detail/uint8__builder.hpp
[1.101s] -- Up-to-date symlink: /home/azthorax/fra333_ws/install/xicro_interfaces/include/xicro_interfaces/msg/detail/uint8__struct.hpp
[1.101s] -- Up-to-date symlink: /home/azthorax/fra333_ws/install/xicro_interfaces/include/xicro_interfaces/msg/detail/uint8__traits.hpp
[1.101s] -- Up-to-date symlink: /home/azthorax/fra333_ws/install/xicro_interfaces/include/xicro_interfaces/msg/detail/vector3__builder.hpp
[1.101s] -- Up-to-date symlink: /home/azthorax/fra333_ws/install/xicro_interfaces/include/xicro_interfaces/msg/detail/vector3__struct.hpp
[1.102s] -- Up-to-date symlink: /home/azthorax/fra333_ws/install/xicro_interfaces/include/xicro_interfaces/msg/detail/vector3__traits.hpp
[1.102s] -- Up-to-date symlink: /home/azthorax/fra333_ws/install/xicro_interfaces/include/xicro_interfaces/msg/float32.hpp
[1.102s] -- Up-to-date symlink: /home/azthorax/fra333_ws/install/xicro_interfaces/include/xicro_interfaces/msg/header.hpp
[1.102s] -- Up-to-date symlink: /home/azthorax/fra333_ws/install/xicro_interfaces/include/xicro_interfaces/msg/imu.hpp
[1.102s] -- Up-to-date symlink: /home/azthorax/fra333_ws/install/xicro_interfaces/include/xicro_interfaces/msg/int16.hpp
[1.103s] -- Up-to-date symlink: /home/azthorax/fra333_ws/install/xicro_interfaces/include/xicro_interfaces/msg/int32.hpp
[1.103s] -- Up-to-date symlink: /home/azthorax/fra333_ws/install/xicro_interfaces/include/xicro_interfaces/msg/int64.hpp
[1.103s] -- Up-to-date symlink: /home/azthorax/fra333_ws/install/xicro_interfaces/include/xicro_interfaces/msg/int8.hpp
[1.103s] -- Up-to-date symlink: /home/azthorax/fra333_ws/install/xicro_interfaces/include/xicro_interfaces/msg/joint_state.hpp
[1.103s] -- Up-to-date symlink: /home/azthorax/fra333_ws/install/xicro_interfaces/include/xicro_interfaces/msg/point.hpp
[1.104s] -- Up-to-date symlink: /home/azthorax/fra333_ws/install/xicro_interfaces/include/xicro_interfaces/msg/pose.hpp
[1.104s] -- Up-to-date symlink: /home/azthorax/fra333_ws/install/xicro_interfaces/include/xicro_interfaces/msg/pose2_d.hpp
[1.104s] -- Up-to-date symlink: /home/azthorax/fra333_ws/install/xicro_interfaces/include/xicro_interfaces/msg/pose_with_covariance.hpp
[1.104s] -- Up-to-date symlink: /home/azthorax/fra333_ws/install/xicro_interfaces/include/xicro_interfaces/msg/quaternion.hpp
[1.104s] -- Up-to-date symlink: /home/azthorax/fra333_ws/install/xicro_interfaces/include/xicro_interfaces/msg/temperature.hpp
[1.104s] -- Up-to-date symlink: /home/azthorax/fra333_ws/install/xicro_interfaces/include/xicro_interfaces/msg/time.hpp
[1.105s] -- Up-to-date symlink: /home/azthorax/fra333_ws/install/xicro_interfaces/include/xicro_interfaces/msg/twist.hpp
[1.105s] -- Up-to-date symlink: /home/azthorax/fra333_ws/install/xicro_interfaces/include/xicro_interfaces/msg/uint16.hpp
[1.105s] -- Up-to-date symlink: /home/azthorax/fra333_ws/install/xicro_interfaces/include/xicro_interfaces/msg/uint32.hpp
[1.105s] -- Up-to-date symlink: /home/azthorax/fra333_ws/install/xicro_interfaces/include/xicro_interfaces/msg/uint64.hpp
[1.105s] -- Up-to-date symlink: /home/azthorax/fra333_ws/install/xicro_interfaces/include/xicro_interfaces/msg/uint8.hpp
[1.106s] -- Up-to-date symlink: /home/azthorax/fra333_ws/install/xicro_interfaces/include/xicro_interfaces/msg/vector3.hpp
[1.106s] -- Up-to-date symlink: /home/azthorax/fra333_ws/install/xicro_interfaces/include/xicro_interfaces/msg/detail/battery_state__rosidl_typesupport_introspection_cpp.hpp
[1.107s] -- Up-to-date symlink: /home/azthorax/fra333_ws/install/xicro_interfaces/include/xicro_interfaces/msg/detail/bool__rosidl_typesupport_introspection_cpp.hpp
[1.107s] -- Up-to-date symlink: /home/azthorax/fra333_ws/install/xicro_interfaces/include/xicro_interfaces/msg/detail/demo_input__rosidl_typesupport_introspection_cpp.hpp
[1.107s] -- Up-to-date symlink: /home/azthorax/fra333_ws/install/xicro_interfaces/include/xicro_interfaces/msg/detail/demo_output__rosidl_typesupport_introspection_cpp.hpp
[1.107s] -- Up-to-date symlink: /home/azthorax/fra333_ws/install/xicro_interfaces/include/xicro_interfaces/msg/detail/float32__rosidl_typesupport_introspection_cpp.hpp
[1.107s] -- Up-to-date symlink: /home/azthorax/fra333_ws/install/xicro_interfaces/include/xicro_interfaces/msg/detail/header__rosidl_typesupport_introspection_cpp.hpp
[1.108s] -- Up-to-date symlink: /home/azthorax/fra333_ws/install/xicro_interfaces/include/xicro_interfaces/msg/detail/imu__rosidl_typesupport_introspection_cpp.hpp
[1.108s] -- Up-to-date symlink: /home/azthorax/fra333_ws/install/xicro_interfaces/include/xicro_interfaces/msg/detail/int16__rosidl_typesupport_introspection_cpp.hpp
[1.108s] -- Up-to-date symlink: /home/azthorax/fra333_ws/install/xicro_interfaces/include/xicro_interfaces/msg/detail/int32__rosidl_typesupport_introspection_cpp.hpp
[1.108s] -- Up-to-date symlink: /home/azthorax/fra333_ws/install/xicro_interfaces/include/xicro_interfaces/msg/detail/int64__rosidl_typesupport_introspection_cpp.hpp
[1.108s] -- Up-to-date symlink: /home/azthorax/fra333_ws/install/xicro_interfaces/include/xicro_interfaces/msg/detail/int8__rosidl_typesupport_introspection_cpp.hpp
[1.109s] -- Up-to-date symlink: /home/azthorax/fra333_ws/install/xicro_interfaces/include/xicro_interfaces/msg/detail/joint_state__rosidl_typesupport_introspection_cpp.hpp
[1.109s] -- Up-to-date symlink: /home/azthorax/fra333_ws/install/xicro_interfaces/include/xicro_interfaces/msg/detail/point__rosidl_typesupport_introspection_cpp.hpp
[1.109s] -- Up-to-date symlink: /home/azthorax/fra333_ws/install/xicro_interfaces/include/xicro_interfaces/msg/detail/pose2_d__rosidl_typesupport_introspection_cpp.hpp
[1.109s] -- Up-to-date symlink: /home/azthorax/fra333_ws/install/xicro_interfaces/include/xicro_interfaces/msg/detail/pose__rosidl_typesupport_introspection_cpp.hpp
[1.109s] -- Up-to-date symlink: /home/azthorax/fra333_ws/install/xicro_interfaces/include/xicro_interfaces/msg/detail/pose_with_covariance__rosidl_typesupport_introspection_cpp.hpp
[1.109s] -- Up-to-date symlink: /home/azthorax/fra333_ws/install/xicro_interfaces/include/xicro_interfaces/msg/detail/quaternion__rosidl_typesupport_introspection_cpp.hpp
[1.110s] -- Up-to-date symlink: /home/azthorax/fra333_ws/install/xicro_interfaces/include/xicro_interfaces/msg/detail/temperature__rosidl_typesupport_introspection_cpp.hpp
[1.110s] -- Up-to-date symlink: /home/azthorax/fra333_ws/install/xicro_interfaces/include/xicro_interfaces/msg/detail/time__rosidl_typesupport_introspection_cpp.hpp
[1.110s] -- Up-to-date symlink: /home/azthorax/fra333_ws/install/xicro_interfaces/include/xicro_interfaces/msg/detail/twist__rosidl_typesupport_introspection_cpp.hpp
[1.110s] -- Up-to-date symlink: /home/azthorax/fra333_ws/install/xicro_interfaces/include/xicro_interfaces/msg/detail/uint16__rosidl_typesupport_introspection_cpp.hpp
[1.110s] -- Up-to-date symlink: /home/azthorax/fra333_ws/install/xicro_interfaces/include/xicro_interfaces/msg/detail/uint32__rosidl_typesupport_introspection_cpp.hpp
[1.111s] -- Up-to-date symlink: /home/azthorax/fra333_ws/install/xicro_interfaces/include/xicro_interfaces/msg/detail/uint64__rosidl_typesupport_introspection_cpp.hpp
[1.111s] -- Up-to-date symlink: /home/azthorax/fra333_ws/install/xicro_interfaces/include/xicro_interfaces/msg/detail/uint8__rosidl_typesupport_introspection_cpp.hpp
[1.111s] -- Up-to-date symlink: /home/azthorax/fra333_ws/install/xicro_interfaces/include/xicro_interfaces/msg/detail/vector3__rosidl_typesupport_introspection_cpp.hpp
[1.111s] -- Up-to-date symlink: /home/azthorax/fra333_ws/install/xicro_interfaces/share/xicro_interfaces/environment/pythonpath.sh
[1.112s] -- Up-to-date symlink: /home/azthorax/fra333_ws/install/xicro_interfaces/share/xicro_interfaces/environment/pythonpath.dsv
[1.112s] -- Up-to-date symlink: /home/azthorax/fra333_ws/install/xicro_interfaces/lib/python3.8/site-packages/xicro_interfaces/__init__.py
[1.112s] -- Up-to-date symlink: /home/azthorax/fra333_ws/install/xicro_interfaces/lib/python3.8/site-packages/xicro_interfaces/msg/__init__.py
[1.112s] -- Up-to-date symlink: /home/azthorax/fra333_ws/install/xicro_interfaces/lib/python3.8/site-packages/xicro_interfaces/msg/_battery_state.py
[1.113s] -- Up-to-date symlink: /home/azthorax/fra333_ws/install/xicro_interfaces/lib/python3.8/site-packages/xicro_interfaces/msg/_bool.py
[1.113s] -- Up-to-date symlink: /home/azthorax/fra333_ws/install/xicro_interfaces/lib/python3.8/site-packages/xicro_interfaces/msg/_demo_input.py
[1.113s] -- Up-to-date symlink: /home/azthorax/fra333_ws/install/xicro_interfaces/lib/python3.8/site-packages/xicro_interfaces/msg/_demo_output.py
[1.113s] -- Up-to-date symlink: /home/azthorax/fra333_ws/install/xicro_interfaces/lib/python3.8/site-packages/xicro_interfaces/msg/_float32.py
[1.113s] -- Up-to-date symlink: /home/azthorax/fra333_ws/install/xicro_interfaces/lib/python3.8/site-packages/xicro_interfaces/msg/_header.py
[1.113s] -- Up-to-date symlink: /home/azthorax/fra333_ws/install/xicro_interfaces/lib/python3.8/site-packages/xicro_interfaces/msg/_imu.py
[1.113s] -- Up-to-date symlink: /home/azthorax/fra333_ws/install/xicro_interfaces/lib/python3.8/site-packages/xicro_interfaces/msg/_int16.py
[1.113s] -- Up-to-date symlink: /home/azthorax/fra333_ws/install/xicro_interfaces/lib/python3.8/site-packages/xicro_interfaces/msg/_int32.py
[1.114s] -- Up-to-date symlink: /home/azthorax/fra333_ws/install/xicro_interfaces/lib/python3.8/site-packages/xicro_interfaces/msg/_int64.py
[1.114s] -- Up-to-date symlink: /home/azthorax/fra333_ws/install/xicro_interfaces/lib/python3.8/site-packages/xicro_interfaces/msg/_int8.py
[1.114s] -- Up-to-date symlink: /home/azthorax/fra333_ws/install/xicro_interfaces/lib/python3.8/site-packages/xicro_interfaces/msg/_joint_state.py
[1.114s] -- Up-to-date symlink: /home/azthorax/fra333_ws/install/xicro_interfaces/lib/python3.8/site-packages/xicro_interfaces/msg/_point.py
[1.114s] -- Up-to-date symlink: /home/azthorax/fra333_ws/install/xicro_interfaces/lib/python3.8/site-packages/xicro_interfaces/msg/_pose.py
[1.114s] -- Up-to-date symlink: /home/azthorax/fra333_ws/install/xicro_interfaces/lib/python3.8/site-packages/xicro_interfaces/msg/_pose2_d.py
[1.114s] -- Up-to-date symlink: /home/azthorax/fra333_ws/install/xicro_interfaces/lib/python3.8/site-packages/xicro_interfaces/msg/_pose_with_covariance.py
[1.114s] -- Up-to-date symlink: /home/azthorax/fra333_ws/install/xicro_interfaces/lib/python3.8/site-packages/xicro_interfaces/msg/_quaternion.py
[1.115s] -- Up-to-date symlink: /home/azthorax/fra333_ws/install/xicro_interfaces/lib/python3.8/site-packages/xicro_interfaces/msg/_temperature.py
[1.115s] -- Up-to-date symlink: /home/azthorax/fra333_ws/install/xicro_interfaces/lib/python3.8/site-packages/xicro_interfaces/msg/_time.py
[1.115s] -- Up-to-date symlink: /home/azthorax/fra333_ws/install/xicro_interfaces/lib/python3.8/site-packages/xicro_interfaces/msg/_twist.py
[1.115s] -- Up-to-date symlink: /home/azthorax/fra333_ws/install/xicro_interfaces/lib/python3.8/site-packages/xicro_interfaces/msg/_uint16.py
[1.115s] -- Up-to-date symlink: /home/azthorax/fra333_ws/install/xicro_interfaces/lib/python3.8/site-packages/xicro_interfaces/msg/_uint32.py
[1.115s] -- Up-to-date symlink: /home/azthorax/fra333_ws/install/xicro_interfaces/lib/python3.8/site-packages/xicro_interfaces/msg/_uint64.py
[1.115s] -- Up-to-date symlink: /home/azthorax/fra333_ws/install/xicro_interfaces/lib/python3.8/site-packages/xicro_interfaces/msg/_uint8.py
[1.117s] -- Up-to-date symlink: /home/azthorax/fra333_ws/install/xicro_interfaces/lib/python3.8/site-packages/xicro_interfaces/msg/_vector3.py
[1.117s] -- Up-to-date symlink: /home/azthorax/fra333_ws/install/xicro_interfaces/lib/python3.8/site-packages/xicro_interfaces/xicro_interfaces_s__rosidl_typesupport_fastrtps_c.cpython-38-x86_64-linux-gnu.so
[1.117s] -- Up-to-date symlink: /home/azthorax/fra333_ws/install/xicro_interfaces/lib/python3.8/site-packages/xicro_interfaces/xicro_interfaces_s__rosidl_typesupport_introspection_c.cpython-38-x86_64-linux-gnu.so
[1.118s] -- Up-to-date symlink: /home/azthorax/fra333_ws/install/xicro_interfaces/lib/python3.8/site-packages/xicro_interfaces/xicro_interfaces_s__rosidl_typesupport_c.cpython-38-x86_64-linux-gnu.so
[1.118s] -- Up-to-date symlink: /home/azthorax/fra333_ws/install/xicro_interfaces/lib/libxicro_interfaces__python.so
[1.118s] -- Up-to-date symlink: /home/azthorax/fra333_ws/install/xicro_interfaces/share/xicro_interfaces/msg/Bool.idl
[1.118s] -- Up-to-date symlink: /home/azthorax/fra333_ws/install/xicro_interfaces/share/xicro_interfaces/msg/Uint8.idl
[1.118s] -- Up-to-date symlink: /home/azthorax/fra333_ws/install/xicro_interfaces/share/xicro_interfaces/msg/Uint16.idl
[1.118s] -- Up-to-date symlink: /home/azthorax/fra333_ws/install/xicro_interfaces/share/xicro_interfaces/msg/Uint32.idl
[1.118s] -- Up-to-date symlink: /home/azthorax/fra333_ws/install/xicro_interfaces/share/xicro_interfaces/msg/Uint64.idl
[1.119s] -- Up-to-date symlink: /home/azthorax/fra333_ws/install/xicro_interfaces/share/xicro_interfaces/msg/Int8.idl
[1.119s] -- Up-to-date symlink: /home/azthorax/fra333_ws/install/xicro_interfaces/share/xicro_interfaces/msg/Int16.idl
[1.119s] -- Up-to-date symlink: /home/azthorax/fra333_ws/install/xicro_interfaces/share/xicro_interfaces/msg/Int32.idl
[1.119s] -- Up-to-date symlink: /home/azthorax/fra333_ws/install/xicro_interfaces/share/xicro_interfaces/msg/Int64.idl
[1.120s] -- Up-to-date symlink: /home/azthorax/fra333_ws/install/xicro_interfaces/share/xicro_interfaces/msg/Float32.idl
[1.120s] -- Up-to-date symlink: /home/azthorax/fra333_ws/install/xicro_interfaces/share/xicro_interfaces/msg/Imu.idl
[1.120s] -- Up-to-date symlink: /home/azthorax/fra333_ws/install/xicro_interfaces/share/xicro_interfaces/msg/BatteryState.idl
[1.120s] -- Up-to-date symlink: /home/azthorax/fra333_ws/install/xicro_interfaces/share/xicro_interfaces/msg/JointState.idl
[1.121s] -- Up-to-date symlink: /home/azthorax/fra333_ws/install/xicro_interfaces/share/xicro_interfaces/msg/Temperature.idl
[1.121s] -- Up-to-date symlink: /home/azthorax/fra333_ws/install/xicro_interfaces/share/xicro_interfaces/msg/Point.idl
[1.121s] -- Up-to-date symlink: /home/azthorax/fra333_ws/install/xicro_interfaces/share/xicro_interfaces/msg/Pose.idl
[1.122s] -- Up-to-date symlink: /home/azthorax/fra333_ws/install/xicro_interfaces/share/xicro_interfaces/msg/PoseWithCovariance.idl
[1.122s] -- Up-to-date symlink: /home/azthorax/fra333_ws/install/xicro_interfaces/share/xicro_interfaces/msg/Quaternion.idl
[1.122s] -- Up-to-date symlink: /home/azthorax/fra333_ws/install/xicro_interfaces/share/xicro_interfaces/msg/Pose2D.idl
[1.122s] -- Up-to-date symlink: /home/azthorax/fra333_ws/install/xicro_interfaces/share/xicro_interfaces/msg/Twist.idl
[1.123s] -- Up-to-date symlink: /home/azthorax/fra333_ws/install/xicro_interfaces/share/xicro_interfaces/msg/DemoInput.idl
[1.123s] -- Up-to-date symlink: /home/azthorax/fra333_ws/install/xicro_interfaces/share/xicro_interfaces/msg/DemoOutput.idl
[1.123s] -- Up-to-date symlink: /home/azthorax/fra333_ws/install/xicro_interfaces/share/xicro_interfaces/msg/Vector3.idl
[1.124s] -- Up-to-date symlink: /home/azthorax/fra333_ws/install/xicro_interfaces/share/xicro_interfaces/msg/Time.idl
[1.124s] -- Up-to-date symlink: /home/azthorax/fra333_ws/install/xicro_interfaces/share/xicro_interfaces/msg/Header.idl
[1.124s] -- Up-to-date symlink: /home/azthorax/fra333_ws/install/xicro_interfaces/share/xicro_interfaces/msg/Bool.msg
[1.125s] -- Up-to-date symlink: /home/azthorax/fra333_ws/install/xicro_interfaces/share/xicro_interfaces/msg/Uint8.msg
[1.125s] -- Up-to-date symlink: /home/azthorax/fra333_ws/install/xicro_interfaces/share/xicro_interfaces/msg/Uint16.msg
[1.125s] -- Up-to-date symlink: /home/azthorax/fra333_ws/install/xicro_interfaces/share/xicro_interfaces/msg/Uint32.msg
[1.125s] -- Up-to-date symlink: /home/azthorax/fra333_ws/install/xicro_interfaces/share/xicro_interfaces/msg/Uint64.msg
[1.126s] -- Up-to-date symlink: /home/azthorax/fra333_ws/install/xicro_interfaces/share/xicro_interfaces/msg/Int8.msg
[1.126s] -- Up-to-date symlink: /home/azthorax/fra333_ws/install/xicro_interfaces/share/xicro_interfaces/msg/Int16.msg
[1.126s] -- Up-to-date symlink: /home/azthorax/fra333_ws/install/xicro_interfaces/share/xicro_interfaces/msg/Int32.msg
[1.127s] -- Up-to-date symlink: /home/azthorax/fra333_ws/install/xicro_interfaces/share/xicro_interfaces/msg/Int64.msg
[1.127s] -- Up-to-date symlink: /home/azthorax/fra333_ws/install/xicro_interfaces/share/xicro_interfaces/msg/Float32.msg
[1.127s] -- Up-to-date symlink: /home/azthorax/fra333_ws/install/xicro_interfaces/share/xicro_interfaces/msg/Imu.msg
[1.127s] -- Up-to-date symlink: /home/azthorax/fra333_ws/install/xicro_interfaces/share/xicro_interfaces/msg/BatteryState.msg
[1.128s] -- Up-to-date symlink: /home/azthorax/fra333_ws/install/xicro_interfaces/share/xicro_interfaces/msg/JointState.msg
[1.128s] -- Up-to-date symlink: /home/azthorax/fra333_ws/install/xicro_interfaces/share/xicro_interfaces/msg/Temperature.msg
[1.128s] -- Up-to-date symlink: /home/azthorax/fra333_ws/install/xicro_interfaces/share/xicro_interfaces/msg/Point.msg
[1.129s] -- Up-to-date symlink: /home/azthorax/fra333_ws/install/xicro_interfaces/share/xicro_interfaces/msg/Pose.msg
[1.129s] -- Up-to-date symlink: /home/azthorax/fra333_ws/install/xicro_interfaces/share/xicro_interfaces/msg/PoseWithCovariance.msg
[1.129s] -- Up-to-date symlink: /home/azthorax/fra333_ws/install/xicro_interfaces/share/xicro_interfaces/msg/Quaternion.msg
[1.129s] -- Up-to-date symlink: /home/azthorax/fra333_ws/install/xicro_interfaces/share/xicro_interfaces/msg/Pose2D.msg
[1.130s] -- Up-to-date symlink: /home/azthorax/fra333_ws/install/xicro_interfaces/share/xicro_interfaces/msg/Twist.msg
[1.130s] -- Up-to-date symlink: /home/azthorax/fra333_ws/install/xicro_interfaces/share/xicro_interfaces/msg/DemoInput.msg
[1.130s] -- Up-to-date symlink: /home/azthorax/fra333_ws/install/xicro_interfaces/share/xicro_interfaces/msg/DemoOutput.msg
[1.131s] -- Up-to-date symlink: /home/azthorax/fra333_ws/install/xicro_interfaces/share/xicro_interfaces/msg/Vector3.msg
[1.131s] -- Up-to-date symlink: /home/azthorax/fra333_ws/install/xicro_interfaces/share/xicro_interfaces/msg/Time.msg
[1.131s] -- Up-to-date symlink: /home/azthorax/fra333_ws/install/xicro_interfaces/share/xicro_interfaces/msg/Header.msg
[1.131s] -- Up-to-date symlink: /home/azthorax/fra333_ws/install/xicro_interfaces/share/ament_index/resource_index/package_run_dependencies/xicro_interfaces
[1.132s] -- Up-to-date symlink: /home/azthorax/fra333_ws/install/xicro_interfaces/share/ament_index/resource_index/parent_prefix_path/xicro_interfaces
[1.132s] -- Up-to-date symlink: /home/azthorax/fra333_ws/install/xicro_interfaces/share/xicro_interfaces/environment/ament_prefix_path.sh
[1.132s] -- Up-to-date symlink: /home/azthorax/fra333_ws/install/xicro_interfaces/share/xicro_interfaces/environment/ament_prefix_path.dsv
[1.133s] -- Up-to-date symlink: /home/azthorax/fra333_ws/install/xicro_interfaces/share/xicro_interfaces/environment/path.sh
[1.133s] -- Up-to-date symlink: /home/azthorax/fra333_ws/install/xicro_interfaces/share/xicro_interfaces/environment/path.dsv
[1.133s] -- Up-to-date symlink: /home/azthorax/fra333_ws/install/xicro_interfaces/share/xicro_interfaces/local_setup.bash
[1.133s] -- Up-to-date symlink: /home/azthorax/fra333_ws/install/xicro_interfaces/share/xicro_interfaces/local_setup.sh
[1.134s] -- Up-to-date symlink: /home/azthorax/fra333_ws/install/xicro_interfaces/share/xicro_interfaces/local_setup.zsh
[1.134s] -- Up-to-date symlink: /home/azthorax/fra333_ws/install/xicro_interfaces/share/xicro_interfaces/local_setup.dsv
[1.134s] -- Up-to-date symlink: /home/azthorax/fra333_ws/install/xicro_interfaces/share/xicro_interfaces/package.dsv
[1.135s] -- Up-to-date symlink: /home/azthorax/fra333_ws/install/xicro_interfaces/share/ament_index/resource_index/packages/xicro_interfaces
[1.135s] -- Up-to-date symlink: /home/azthorax/fra333_ws/install/xicro_interfaces/share/xicro_interfaces/cmake/rosidl_cmake-extras.cmake
[1.135s] -- Up-to-date symlink: /home/azthorax/fra333_ws/install/xicro_interfaces/share/xicro_interfaces/cmake/ament_cmake_export_dependencies-extras.cmake
[1.135s] -- Up-to-date symlink: /home/azthorax/fra333_ws/install/xicro_interfaces/share/xicro_interfaces/cmake/ament_cmake_export_libraries-extras.cmake
[1.136s] -- Up-to-date symlink: /home/azthorax/fra333_ws/install/xicro_interfaces/share/xicro_interfaces/cmake/ament_cmake_export_targets-extras.cmake
[1.136s] -- Up-to-date symlink: /home/azthorax/fra333_ws/install/xicro_interfaces/share/xicro_interfaces/cmake/ament_cmake_export_include_directories-extras.cmake
[1.136s] -- Up-to-date symlink: /home/azthorax/fra333_ws/install/xicro_interfaces/share/xicro_interfaces/cmake/rosidl_cmake_export_typesupport_libraries-extras.cmake
[1.137s] -- Up-to-date symlink: /home/azthorax/fra333_ws/install/xicro_interfaces/share/xicro_interfaces/cmake/rosidl_cmake_export_typesupport_targets-extras.cmake
[1.137s] -- Up-to-date symlink: /home/azthorax/fra333_ws/install/xicro_interfaces/share/xicro_interfaces/cmake/xicro_interfacesConfig.cmake
[1.137s] -- Up-to-date symlink: /home/azthorax/fra333_ws/install/xicro_interfaces/share/xicro_interfaces/cmake/xicro_interfacesConfig-version.cmake
[1.137s] -- Up-to-date symlink: /home/azthorax/fra333_ws/install/xicro_interfaces/share/xicro_interfaces/package.xml
[1.138s] -- Up-to-date: /home/azthorax/fra333_ws/install/xicro_interfaces/lib/libxicro_interfaces__rosidl_generator_c.so
[1.138s] -- Up-to-date: /home/azthorax/fra333_ws/install/xicro_interfaces/lib/libxicro_interfaces__rosidl_typesupport_introspection_c.so
[1.138s] -- Up-to-date: /home/azthorax/fra333_ws/install/xicro_interfaces/lib/libxicro_interfaces__rosidl_typesupport_c.so
[1.139s] -- Up-to-date: /home/azthorax/fra333_ws/install/xicro_interfaces/lib/libxicro_interfaces__rosidl_typesupport_introspection_cpp.so
[1.139s] -- Up-to-date: /home/azthorax/fra333_ws/install/xicro_interfaces/lib/libxicro_interfaces__rosidl_typesupport_cpp.so
[1.173s] -- Up-to-date: /home/azthorax/fra333_ws/install/xicro_interfaces/share/xicro_interfaces/cmake/xicro_interfaces__rosidl_generator_cExport.cmake
[1.173s] -- Up-to-date: /home/azthorax/fra333_ws/install/xicro_interfaces/share/xicro_interfaces/cmake/xicro_interfaces__rosidl_generator_cExport-noconfig.cmake
[1.173s] -- Up-to-date: /home/azthorax/fra333_ws/install/xicro_interfaces/share/xicro_interfaces/cmake/xicro_interfaces__rosidl_typesupport_introspection_cExport.cmake
[1.174s] -- Up-to-date: /home/azthorax/fra333_ws/install/xicro_interfaces/share/xicro_interfaces/cmake/xicro_interfaces__rosidl_typesupport_introspection_cExport-noconfig.cmake
[1.174s] -- Up-to-date: /home/azthorax/fra333_ws/install/xicro_interfaces/share/xicro_interfaces/cmake/xicro_interfaces__rosidl_typesupport_cExport.cmake
[1.174s] -- Up-to-date: /home/azthorax/fra333_ws/install/xicro_interfaces/share/xicro_interfaces/cmake/xicro_interfaces__rosidl_typesupport_cExport-noconfig.cmake
[1.174s] -- Up-to-date: /home/azthorax/fra333_ws/install/xicro_interfaces/share/xicro_interfaces/cmake/xicro_interfaces__rosidl_generator_cppExport.cmake
[1.174s] -- Up-to-date: /home/azthorax/fra333_ws/install/xicro_interfaces/share/xicro_interfaces/cmake/xicro_interfaces__rosidl_typesupport_introspection_cppExport.cmake
[1.174s] -- Up-to-date: /home/azthorax/fra333_ws/install/xicro_interfaces/share/xicro_interfaces/cmake/xicro_interfaces__rosidl_typesupport_introspection_cppExport-noconfig.cmake
[1.174s] -- Up-to-date: /home/azthorax/fra333_ws/install/xicro_interfaces/share/xicro_interfaces/cmake/xicro_interfaces__rosidl_typesupport_cppExport.cmake
[1.174s] -- Up-to-date: /home/azthorax/fra333_ws/install/xicro_interfaces/share/xicro_interfaces/cmake/xicro_interfaces__rosidl_typesupport_cppExport-noconfig.cmake
[1.180s] Invoked command in '/home/azthorax/fra333_ws/build/xicro_interfaces' returned '0': CMAKE_PREFIX_PATH=${CMAKE_PREFIX_PATH}:/opt/ros/foxy /usr/bin/cmake --install /home/azthorax/fra333_ws/build/xicro_interfaces
