[0.097s] Invoking command in '/home/azthorax/fra333_ws/build/cocoav_interfaces': CMAKE_PREFIX_PATH=${CMAKE_PREFIX_PATH}:/opt/ros/foxy /usr/bin/cmake --build /home/azthorax/fra333_ws/build/cocoav_interfaces -- -j12 -l12
[0.147s] -- Found ament_cmake: 0.9.11 (/opt/ros/foxy/share/ament_cmake/cmake)
[0.168s] -- Found PythonInterp: /usr/bin/python3 (found suitable version "3.8.10", minimum required is "3") 
[0.168s] -- Using PYTHON_EXECUTABLE: /usr/bin/python3
[0.492s] -- Override CMake install command with custom implementation using symlinks instead of copying resources
[0.498s] -- Found ament_lint_auto: 0.9.7 (/opt/ros/foxy/share/ament_lint_auto/cmake)
[0.593s] -- Found rosidl_default_generators: 1.0.1 (/opt/ros/foxy/share/rosidl_default_generators/cmake)
[0.598s] -- Using all available rosidl_typesupport_c: rosidl_typesupport_fastrtps_c;rosidl_typesupport_introspection_c
[0.604s] -- Found rosidl_adapter: 1.3.0 (/opt/ros/foxy/share/rosidl_adapter/cmake)
[0.765s] -- Using all available rosidl_typesupport_cpp: rosidl_typesupport_fastrtps_cpp;rosidl_typesupport_introspection_cpp
[0.789s] -- Found geometry_msgs: 2.0.5 (/opt/ros/foxy/share/geometry_msgs/cmake)
[0.875s] -- Found sensor_msgs: 2.0.5 (/opt/ros/foxy/share/sensor_msgs/cmake)
[1.010s] -- Found PythonInterp: /usr/bin/python3 (found version "3.8.10") 
[1.216s] -- Found ament_cmake_ros: 0.9.2 (/opt/ros/foxy/share/ament_cmake_ros/cmake)
[1.579s] -- Using all available rosidl_typesupport_c: rosidl_typesupport_fastrtps_c;rosidl_typesupport_introspection_c
[1.742s] -- Using all available rosidl_typesupport_cpp: rosidl_typesupport_fastrtps_cpp;rosidl_typesupport_introspection_cpp
[1.784s] -- Found PythonInterp: /usr/bin/python3 (found suitable version "3.8.10", minimum required is "3.5") 
[1.785s] -- Found python_cmake_module: 0.8.1 (/opt/ros/foxy/share/python_cmake_module/cmake)
[1.813s] -- Using PYTHON_EXECUTABLE: /usr/bin/python3
[1.814s] -- Using PYTHON_INCLUDE_DIRS: /usr/include/python3.8
[1.814s] -- Using PYTHON_LIBRARIES: /usr/lib/x86_64-linux-gnu/libpython3.8.so
[1.903s] -- Added test 'copyright' to check source files copyright and LICENSE
[1.905s] -- Added test 'lint_cmake' to check CMake code style
[1.907s] -- Added test 'xmllint' to check XML markup files
[1.922s] -- Configuring done
[2.009s] -- Generating done
[2.012s] -- Build files have been written to: /home/azthorax/fra333_ws/build/cocoav_interfaces
[2.043s] [  1%] [34m[1mGenerating C code for ROS interfaces[0m
[2.049s] [  3%] [34m[1mGenerating C++ code for ROS interfaces[0m
[2.572s] [  3%] Built target cocoav_interfaces__cpp
[2.585s] [  9%] [34m[1mGenerating C++ type support dispatch for ROS interfaces[0m
[2.585s] [  9%] [34m[1mGenerating C++ introspection for ROS interfaces[0m
[2.586s] [  9%] [34m[1mGenerating C++ type support for eProsima Fast-RTPS[0m
[2.590s] [35m[1mScanning dependencies of target cocoav_interfaces__rosidl_generator_c[0m
[2.611s] [ 10%] [32mBuilding C object CMakeFiles/cocoav_interfaces__rosidl_generator_c.dir/rosidl_generator_c/cocoav_interfaces/srv/detail/cocoa_vik__functions.c.o[0m
[2.613s] [ 12%] [32mBuilding C object CMakeFiles/cocoav_interfaces__rosidl_generator_c.dir/rosidl_generator_c/cocoav_interfaces/srv/detail/cocoa_vfk__functions.c.o[0m
[2.613s] [ 16%] [32mBuilding C object CMakeFiles/cocoav_interfaces__rosidl_generator_c.dir/rosidl_generator_c/cocoav_interfaces/msg/detail/cocoa_test__functions.c.o[0m
[2.614s] [ 16%] [32mBuilding C object CMakeFiles/cocoav_interfaces__rosidl_generator_c.dir/rosidl_generator_c/cocoav_interfaces/msg/detail/cocoa_vimu__functions.c.o[0m
[2.703s] [ 18%] [32m[1mLinking C shared library libcocoav_interfaces__rosidl_generator_c.so[0m
[2.766s] [ 18%] Built target cocoav_interfaces__rosidl_generator_c
[2.778s] [ 20%] [34m[1mGenerating C introspection for ROS interfaces[0m
[2.780s] [ 21%] [34m[1mGenerating C type support dispatch for ROS interfaces[0m
[2.965s] [35m[1mScanning dependencies of target cocoav_interfaces__rosidl_typesupport_introspection_cpp[0m
[2.990s] [ 23%] [32mBuilding CXX object CMakeFiles/cocoav_interfaces__rosidl_typesupport_introspection_cpp.dir/rosidl_typesupport_introspection_cpp/cocoav_interfaces/msg/detail/cocoa_test__type_support.cpp.o[0m
[2.990s] [ 25%] [32mBuilding CXX object CMakeFiles/cocoav_interfaces__rosidl_typesupport_introspection_cpp.dir/rosidl_typesupport_introspection_cpp/cocoav_interfaces/srv/detail/cocoa_vfk__type_support.cpp.o[0m
[2.990s] [ 27%] [32mBuilding CXX object CMakeFiles/cocoav_interfaces__rosidl_typesupport_introspection_cpp.dir/rosidl_typesupport_introspection_cpp/cocoav_interfaces/srv/detail/cocoa_vik__type_support.cpp.o[0m
[2.993s] [ 29%] [32mBuilding CXX object CMakeFiles/cocoav_interfaces__rosidl_typesupport_introspection_cpp.dir/rosidl_typesupport_introspection_cpp/cocoav_interfaces/msg/detail/cocoa_vimu__type_support.cpp.o[0m
[3.030s] [35m[1mScanning dependencies of target cocoav_interfaces__rosidl_typesupport_cpp[0m
[3.055s] [ 30%] [32mBuilding CXX object CMakeFiles/cocoav_interfaces__rosidl_typesupport_cpp.dir/rosidl_typesupport_cpp/cocoav_interfaces/srv/cocoa_vik__type_support.cpp.o[0m
[3.061s] [ 32%] [32mBuilding CXX object CMakeFiles/cocoav_interfaces__rosidl_typesupport_cpp.dir/rosidl_typesupport_cpp/cocoav_interfaces/srv/cocoa_vfk__type_support.cpp.o[0m
[3.063s] [ 34%] [32mBuilding CXX object CMakeFiles/cocoav_interfaces__rosidl_typesupport_cpp.dir/rosidl_typesupport_cpp/cocoav_interfaces/msg/cocoa_vimu__type_support.cpp.o[0m
[3.066s] [ 36%] [32mBuilding CXX object CMakeFiles/cocoav_interfaces__rosidl_typesupport_cpp.dir/rosidl_typesupport_cpp/cocoav_interfaces/msg/cocoa_test__type_support.cpp.o[0m
[3.216s] [35m[1mScanning dependencies of target cocoav_interfaces__rosidl_typesupport_c[0m
[3.252s] [ 38%] [32mBuilding CXX object CMakeFiles/cocoav_interfaces__rosidl_typesupport_c.dir/rosidl_typesupport_c/cocoav_interfaces/srv/cocoa_vik__type_support.cpp.o[0m
[3.267s] [ 40%] [32mBuilding CXX object CMakeFiles/cocoav_interfaces__rosidl_typesupport_c.dir/rosidl_typesupport_c/cocoav_interfaces/srv/cocoa_vfk__type_support.cpp.o[0m
[3.352s] [35m[1mScanning dependencies of target cocoav_interfaces__rosidl_typesupport_fastrtps_cpp[0m
[3.379s] [ 41%] [32mBuilding CXX object CMakeFiles/cocoav_interfaces__rosidl_typesupport_c.dir/rosidl_typesupport_c/cocoav_interfaces/msg/cocoa_test__type_support.cpp.o[0m
[3.379s] [ 43%] [32mBuilding CXX object CMakeFiles/cocoav_interfaces__rosidl_typesupport_c.dir/rosidl_typesupport_c/cocoav_interfaces/msg/cocoa_vimu__type_support.cpp.o[0m
[3.419s] [ 45%] [32mBuilding CXX object CMakeFiles/cocoav_interfaces__rosidl_typesupport_fastrtps_cpp.dir/rosidl_typesupport_fastrtps_cpp/cocoav_interfaces/srv/detail/dds_fastrtps/cocoa_vik__type_support.cpp.o[0m
[3.435s] [ 47%] [32mBuilding CXX object CMakeFiles/cocoav_interfaces__rosidl_typesupport_fastrtps_cpp.dir/rosidl_typesupport_fastrtps_cpp/cocoav_interfaces/srv/detail/dds_fastrtps/cocoa_vfk__type_support.cpp.o[0m
[3.447s] [ 49%] [32m[1mLinking CXX shared library libcocoav_interfaces__rosidl_typesupport_c.so[0m
[3.449s] [35m[1mScanning dependencies of target cocoav_interfaces__rosidl_typesupport_introspection_c[0m
[3.467s] [ 50%] [32mBuilding CXX object CMakeFiles/cocoav_interfaces__rosidl_typesupport_fastrtps_cpp.dir/rosidl_typesupport_fastrtps_cpp/cocoav_interfaces/msg/detail/dds_fastrtps/cocoa_test__type_support.cpp.o[0m
[3.495s] [ 52%] [32mBuilding CXX object CMakeFiles/cocoav_interfaces__rosidl_typesupport_fastrtps_cpp.dir/rosidl_typesupport_fastrtps_cpp/cocoav_interfaces/msg/detail/dds_fastrtps/cocoa_vimu__type_support.cpp.o[0m
[3.497s] [ 54%] [32mBuilding C object CMakeFiles/cocoav_interfaces__rosidl_typesupport_introspection_c.dir/rosidl_typesupport_introspection_c/cocoav_interfaces/srv/detail/cocoa_vik__type_support.c.o[0m
[3.516s] [ 56%] [32mBuilding C object CMakeFiles/cocoav_interfaces__rosidl_typesupport_introspection_c.dir/rosidl_typesupport_introspection_c/cocoav_interfaces/srv/detail/cocoa_vfk__type_support.c.o[0m
[3.523s] [ 58%] [32mBuilding C object CMakeFiles/cocoav_interfaces__rosidl_typesupport_introspection_c.dir/rosidl_typesupport_introspection_c/cocoav_interfaces/msg/detail/cocoa_test__type_support.c.o[0m
[3.535s] [ 58%] Built target cocoav_interfaces__rosidl_typesupport_c
[3.552s] [ 60%] [32mBuilding C object CMakeFiles/cocoav_interfaces__rosidl_typesupport_introspection_c.dir/rosidl_typesupport_introspection_c/cocoav_interfaces/msg/detail/cocoa_vimu__type_support.c.o[0m
[3.557s] [ 61%] [32m[1mLinking CXX shared library libcocoav_interfaces__rosidl_typesupport_cpp.so[0m
[3.589s] [ 63%] [32m[1mLinking CXX shared library libcocoav_interfaces__rosidl_typesupport_introspection_cpp.so[0m
[3.612s] [ 65%] [32m[1mLinking C shared library libcocoav_interfaces__rosidl_typesupport_introspection_c.so[0m
[3.639s] [ 65%] Built target cocoav_interfaces__rosidl_typesupport_cpp
[3.674s] [ 65%] Built target cocoav_interfaces__rosidl_typesupport_introspection_c
[3.748s] [ 65%] Built target cocoav_interfaces__rosidl_typesupport_introspection_cpp
[4.069s] [ 67%] [32m[1mLinking CXX shared library libcocoav_interfaces__rosidl_typesupport_fastrtps_cpp.so[0m
[4.211s] [ 67%] Built target cocoav_interfaces__rosidl_typesupport_fastrtps_cpp
[4.226s] [ 69%] [34m[1mGenerating C type support for eProsima Fast-RTPS[0m
[4.662s] [35m[1mScanning dependencies of target cocoav_interfaces__rosidl_typesupport_fastrtps_c[0m
[4.686s] [ 70%] [32mBuilding CXX object CMakeFiles/cocoav_interfaces__rosidl_typesupport_fastrtps_c.dir/rosidl_typesupport_fastrtps_c/cocoav_interfaces/msg/detail/cocoa_vimu__type_support_c.cpp.o[0m
[4.687s] [ 72%] [32mBuilding CXX object CMakeFiles/cocoav_interfaces__rosidl_typesupport_fastrtps_c.dir/rosidl_typesupport_fastrtps_c/cocoav_interfaces/msg/detail/cocoa_test__type_support_c.cpp.o[0m
[4.689s] [ 74%] [32mBuilding CXX object CMakeFiles/cocoav_interfaces__rosidl_typesupport_fastrtps_c.dir/rosidl_typesupport_fastrtps_c/cocoav_interfaces/srv/detail/cocoa_vik__type_support_c.cpp.o[0m
[4.690s] [ 76%] [32mBuilding CXX object CMakeFiles/cocoav_interfaces__rosidl_typesupport_fastrtps_c.dir/rosidl_typesupport_fastrtps_c/cocoav_interfaces/srv/detail/cocoa_vfk__type_support_c.cpp.o[0m
[5.103s] [ 78%] [32m[1mLinking CXX shared library libcocoav_interfaces__rosidl_typesupport_fastrtps_c.so[0m
[5.214s] [ 78%] Built target cocoav_interfaces__rosidl_typesupport_fastrtps_c
[5.247s] [ 78%] Built target cocoav_interfaces
[5.281s] [ 80%] [34m[1mGenerating Python code for ROS interfaces[0m
[6.003s] [ 80%] Built target cocoav_interfaces__py
[6.015s] [35m[1mScanning dependencies of target cocoav_interfaces__python[0m
[6.037s] [ 81%] [32mBuilding C object CMakeFiles/cocoav_interfaces__python.dir/rosidl_generator_py/cocoav_interfaces/srv/_cocoa_vfk_s.c.o[0m
[6.038s] [ 83%] [32mBuilding C object CMakeFiles/cocoav_interfaces__python.dir/rosidl_generator_py/cocoav_interfaces/msg/_cocoa_vimu_s.c.o[0m
[6.038s] [ 85%] [32mBuilding C object CMakeFiles/cocoav_interfaces__python.dir/rosidl_generator_py/cocoav_interfaces/msg/_cocoa_test_s.c.o[0m
[6.039s] [ 87%] [32mBuilding C object CMakeFiles/cocoav_interfaces__python.dir/rosidl_generator_py/cocoav_interfaces/srv/_cocoa_vik_s.c.o[0m
[6.153s] [ 89%] [32m[1mLinking C shared library rosidl_generator_py/cocoav_interfaces/libcocoav_interfaces__python.so[0m
[6.208s] [ 89%] Built target cocoav_interfaces__python
[6.219s] [35m[1mScanning dependencies of target cocoav_interfaces__rosidl_typesupport_introspection_c__pyext[0m
[6.225s] [35m[1mScanning dependencies of target cocoav_interfaces__rosidl_typesupport_c__pyext[0m
[6.226s] [35m[1mScanning dependencies of target cocoav_interfaces__rosidl_typesupport_fastrtps_c__pyext[0m
[6.239s] [ 90%] [32mBuilding C object CMakeFiles/cocoav_interfaces__rosidl_typesupport_introspection_c__pyext.dir/rosidl_generator_py/cocoav_interfaces/_cocoav_interfaces_s.ep.rosidl_typesupport_introspection_c.c.o[0m
[6.244s] [ 92%] [32mBuilding C object CMakeFiles/cocoav_interfaces__rosidl_typesupport_c__pyext.dir/rosidl_generator_py/cocoav_interfaces/_cocoav_interfaces_s.ep.rosidl_typesupport_c.c.o[0m
[6.255s] [ 94%] [32mBuilding C object CMakeFiles/cocoav_interfaces__rosidl_typesupport_fastrtps_c__pyext.dir/rosidl_generator_py/cocoav_interfaces/_cocoav_interfaces_s.ep.rosidl_typesupport_fastrtps_c.c.o[0m
[6.336s] [ 96%] [32m[1mLinking C shared library rosidl_generator_py/cocoav_interfaces/cocoav_interfaces_s__rosidl_typesupport_c.cpython-38-x86_64-linux-gnu.so[0m
[6.336s] [ 98%] [32m[1mLinking C shared library rosidl_generator_py/cocoav_interfaces/cocoav_interfaces_s__rosidl_typesupport_introspection_c.cpython-38-x86_64-linux-gnu.so[0m
[6.348s] [100%] [32m[1mLinking CXX shared library rosidl_generator_py/cocoav_interfaces/cocoav_interfaces_s__rosidl_typesupport_fastrtps_c.cpython-38-x86_64-linux-gnu.so[0m
[6.380s] [100%] Built target cocoav_interfaces__rosidl_typesupport_introspection_c__pyext
[6.382s] [100%] Built target cocoav_interfaces__rosidl_typesupport_c__pyext
[6.426s] [100%] Built target cocoav_interfaces__rosidl_typesupport_fastrtps_c__pyext
[6.441s] Invoked command in '/home/azthorax/fra333_ws/build/cocoav_interfaces' returned '0': CMAKE_PREFIX_PATH=${CMAKE_PREFIX_PATH}:/opt/ros/foxy /usr/bin/cmake --build /home/azthorax/fra333_ws/build/cocoav_interfaces -- -j12 -l12
[6.579s] Invoking command in '/home/azthorax/fra333_ws/build/cocoav_interfaces': CMAKE_PREFIX_PATH=${CMAKE_PREFIX_PATH}:/opt/ros/foxy /usr/bin/cmake --install /home/azthorax/fra333_ws/build/cocoav_interfaces
[6.591s] -- Install configuration: ""
[6.591s] -- Execute custom install script
[6.591s] -- Up-to-date symlink: /home/azthorax/fra333_ws/install/cocoav_interfaces/share/ament_index/resource_index/rosidl_interfaces/cocoav_interfaces
[6.592s] -- Up-to-date symlink: /home/azthorax/fra333_ws/install/cocoav_interfaces/include/cocoav_interfaces/msg/cocoa_imu.h
[6.592s] -- Up-to-date symlink: /home/azthorax/fra333_ws/install/cocoav_interfaces/include/cocoav_interfaces/msg/cocoa_test.h
[6.592s] -- Up-to-date symlink: /home/azthorax/fra333_ws/install/cocoav_interfaces/include/cocoav_interfaces/msg/cocoa_vimu.h
[6.593s] -- Up-to-date symlink: /home/azthorax/fra333_ws/install/cocoav_interfaces/include/cocoav_interfaces/msg/detail/cocoa_imu__functions.h
[6.593s] -- Up-to-date symlink: /home/azthorax/fra333_ws/install/cocoav_interfaces/include/cocoav_interfaces/msg/detail/cocoa_imu__struct.h
[6.593s] -- Up-to-date symlink: /home/azthorax/fra333_ws/install/cocoav_interfaces/include/cocoav_interfaces/msg/detail/cocoa_imu__type_support.h
[6.593s] -- Up-to-date symlink: /home/azthorax/fra333_ws/install/cocoav_interfaces/include/cocoav_interfaces/msg/detail/cocoa_test__functions.h
[6.593s] -- Up-to-date symlink: /home/azthorax/fra333_ws/install/cocoav_interfaces/include/cocoav_interfaces/msg/detail/cocoa_test__struct.h
[6.593s] -- Up-to-date symlink: /home/azthorax/fra333_ws/install/cocoav_interfaces/include/cocoav_interfaces/msg/detail/cocoa_test__type_support.h
[6.594s] -- Up-to-date symlink: /home/azthorax/fra333_ws/install/cocoav_interfaces/include/cocoav_interfaces/msg/detail/cocoa_vimu__functions.h
[6.594s] -- Up-to-date symlink: /home/azthorax/fra333_ws/install/cocoav_interfaces/include/cocoav_interfaces/msg/detail/cocoa_vimu__struct.h
[6.594s] -- Up-to-date symlink: /home/azthorax/fra333_ws/install/cocoav_interfaces/include/cocoav_interfaces/msg/detail/cocoa_vimu__type_support.h
[6.594s] -- Up-to-date symlink: /home/azthorax/fra333_ws/install/cocoav_interfaces/include/cocoav_interfaces/msg/rosidl_generator_c__visibility_control.h
[6.594s] -- Up-to-date symlink: /home/azthorax/fra333_ws/install/cocoav_interfaces/include/cocoav_interfaces/srv/cocoa_test.h
[6.595s] -- Up-to-date symlink: /home/azthorax/fra333_ws/install/cocoav_interfaces/include/cocoav_interfaces/srv/cocoa_vfk.h
[6.595s] -- Up-to-date symlink: /home/azthorax/fra333_ws/install/cocoav_interfaces/include/cocoav_interfaces/srv/cocoa_vik.h
[6.595s] -- Up-to-date symlink: /home/azthorax/fra333_ws/install/cocoav_interfaces/include/cocoav_interfaces/srv/detail/cocoa_test__functions.h
[6.595s] -- Up-to-date symlink: /home/azthorax/fra333_ws/install/cocoav_interfaces/include/cocoav_interfaces/srv/detail/cocoa_test__struct.h
[6.595s] -- Up-to-date symlink: /home/azthorax/fra333_ws/install/cocoav_interfaces/include/cocoav_interfaces/srv/detail/cocoa_test__type_support.h
[6.595s] -- Up-to-date symlink: /home/azthorax/fra333_ws/install/cocoav_interfaces/include/cocoav_interfaces/srv/detail/cocoa_vfk__functions.h
[6.596s] -- Up-to-date symlink: /home/azthorax/fra333_ws/install/cocoav_interfaces/include/cocoav_interfaces/srv/detail/cocoa_vfk__struct.h
[6.596s] -- Up-to-date symlink: /home/azthorax/fra333_ws/install/cocoav_interfaces/include/cocoav_interfaces/srv/detail/cocoa_vfk__type_support.h
[6.596s] -- Up-to-date symlink: /home/azthorax/fra333_ws/install/cocoav_interfaces/include/cocoav_interfaces/srv/detail/cocoa_vik__functions.h
[6.596s] -- Up-to-date symlink: /home/azthorax/fra333_ws/install/cocoav_interfaces/include/cocoav_interfaces/srv/detail/cocoa_vik__struct.h
[6.596s] -- Up-to-date symlink: /home/azthorax/fra333_ws/install/cocoav_interfaces/include/cocoav_interfaces/srv/detail/cocoa_vik__type_support.h
[6.596s] -- Up-to-date symlink: /home/azthorax/fra333_ws/install/cocoav_interfaces/share/cocoav_interfaces/environment/library_path.sh
[6.597s] -- Up-to-date symlink: /home/azthorax/fra333_ws/install/cocoav_interfaces/share/cocoav_interfaces/environment/library_path.dsv
[6.597s] -- Up-to-date symlink: /home/azthorax/fra333_ws/install/cocoav_interfaces/include/cocoav_interfaces/msg/detail/cocoa_imu__rosidl_typesupport_fastrtps_c.h
[6.597s] -- Up-to-date symlink: /home/azthorax/fra333_ws/install/cocoav_interfaces/include/cocoav_interfaces/msg/detail/cocoa_test__rosidl_typesupport_fastrtps_c.h
[6.597s] -- Up-to-date symlink: /home/azthorax/fra333_ws/install/cocoav_interfaces/include/cocoav_interfaces/msg/detail/cocoa_vimu__rosidl_typesupport_fastrtps_c.h
[6.597s] -- Up-to-date symlink: /home/azthorax/fra333_ws/install/cocoav_interfaces/include/cocoav_interfaces/msg/rosidl_typesupport_fastrtps_c__visibility_control.h
[6.597s] -- Up-to-date symlink: /home/azthorax/fra333_ws/install/cocoav_interfaces/include/cocoav_interfaces/srv/detail/cocoa_test__rosidl_typesupport_fastrtps_c.h
[6.598s] -- Up-to-date symlink: /home/azthorax/fra333_ws/install/cocoav_interfaces/include/cocoav_interfaces/srv/detail/cocoa_vfk__rosidl_typesupport_fastrtps_c.h
[6.598s] -- Up-to-date symlink: /home/azthorax/fra333_ws/install/cocoav_interfaces/include/cocoav_interfaces/srv/detail/cocoa_vik__rosidl_typesupport_fastrtps_c.h
[6.598s] -- Up-to-date symlink: /home/azthorax/fra333_ws/install/cocoav_interfaces/lib/libcocoav_interfaces__rosidl_typesupport_fastrtps_c.so
[6.598s] -- Up-to-date symlink: /home/azthorax/fra333_ws/install/cocoav_interfaces/include/cocoav_interfaces/msg/detail/cocoa_imu__rosidl_typesupport_fastrtps_cpp.hpp
[6.598s] -- Up-to-date symlink: /home/azthorax/fra333_ws/install/cocoav_interfaces/include/cocoav_interfaces/msg/detail/cocoa_test__rosidl_typesupport_fastrtps_cpp.hpp
[6.598s] -- Up-to-date symlink: /home/azthorax/fra333_ws/install/cocoav_interfaces/include/cocoav_interfaces/msg/detail/cocoa_vimu__rosidl_typesupport_fastrtps_cpp.hpp
[6.599s] -- Up-to-date symlink: /home/azthorax/fra333_ws/install/cocoav_interfaces/include/cocoav_interfaces/msg/rosidl_typesupport_fastrtps_cpp__visibility_control.h
[6.599s] -- Up-to-date symlink: /home/azthorax/fra333_ws/install/cocoav_interfaces/include/cocoav_interfaces/srv/detail/cocoa_test__rosidl_typesupport_fastrtps_cpp.hpp
[6.599s] -- Up-to-date symlink: /home/azthorax/fra333_ws/install/cocoav_interfaces/include/cocoav_interfaces/srv/detail/cocoa_vfk__rosidl_typesupport_fastrtps_cpp.hpp
[6.599s] -- Up-to-date symlink: /home/azthorax/fra333_ws/install/cocoav_interfaces/include/cocoav_interfaces/srv/detail/cocoa_vik__rosidl_typesupport_fastrtps_cpp.hpp
[6.599s] -- Up-to-date symlink: /home/azthorax/fra333_ws/install/cocoav_interfaces/lib/libcocoav_interfaces__rosidl_typesupport_fastrtps_cpp.so
[6.599s] -- Up-to-date symlink: /home/azthorax/fra333_ws/install/cocoav_interfaces/include/cocoav_interfaces/msg/detail/cocoa_imu__rosidl_typesupport_introspection_c.h
[6.600s] -- Up-to-date symlink: /home/azthorax/fra333_ws/install/cocoav_interfaces/include/cocoav_interfaces/msg/detail/cocoa_test__rosidl_typesupport_introspection_c.h
[6.600s] -- Up-to-date symlink: /home/azthorax/fra333_ws/install/cocoav_interfaces/include/cocoav_interfaces/msg/detail/cocoa_vimu__rosidl_typesupport_introspection_c.h
[6.600s] -- Up-to-date symlink: /home/azthorax/fra333_ws/install/cocoav_interfaces/include/cocoav_interfaces/msg/rosidl_typesupport_introspection_c__visibility_control.h
[6.600s] -- Up-to-date symlink: /home/azthorax/fra333_ws/install/cocoav_interfaces/include/cocoav_interfaces/srv/detail/cocoa_test__rosidl_typesupport_introspection_c.h
[6.600s] -- Up-to-date symlink: /home/azthorax/fra333_ws/install/cocoav_interfaces/include/cocoav_interfaces/srv/detail/cocoa_vfk__rosidl_typesupport_introspection_c.h
[6.600s] -- Up-to-date symlink: /home/azthorax/fra333_ws/install/cocoav_interfaces/include/cocoav_interfaces/srv/detail/cocoa_vik__rosidl_typesupport_introspection_c.h
[6.601s] -- Up-to-date symlink: /home/azthorax/fra333_ws/install/cocoav_interfaces/include/cocoav_interfaces/msg/cocoa_imu.hpp
[6.601s] -- Up-to-date symlink: /home/azthorax/fra333_ws/install/cocoav_interfaces/include/cocoav_interfaces/msg/cocoa_test.hpp
[6.601s] -- Up-to-date symlink: /home/azthorax/fra333_ws/install/cocoav_interfaces/include/cocoav_interfaces/msg/cocoa_vimu.hpp
[6.601s] -- Up-to-date symlink: /home/azthorax/fra333_ws/install/cocoav_interfaces/include/cocoav_interfaces/msg/detail/cocoa_imu__builder.hpp
[6.601s] -- Up-to-date symlink: /home/azthorax/fra333_ws/install/cocoav_interfaces/include/cocoav_interfaces/msg/detail/cocoa_imu__struct.hpp
[6.602s] -- Up-to-date symlink: /home/azthorax/fra333_ws/install/cocoav_interfaces/include/cocoav_interfaces/msg/detail/cocoa_imu__traits.hpp
[6.602s] -- Up-to-date symlink: /home/azthorax/fra333_ws/install/cocoav_interfaces/include/cocoav_interfaces/msg/detail/cocoa_test__builder.hpp
[6.602s] -- Up-to-date symlink: /home/azthorax/fra333_ws/install/cocoav_interfaces/include/cocoav_interfaces/msg/detail/cocoa_test__struct.hpp
[6.602s] -- Up-to-date symlink: /home/azthorax/fra333_ws/install/cocoav_interfaces/include/cocoav_interfaces/msg/detail/cocoa_test__traits.hpp
[6.602s] -- Up-to-date symlink: /home/azthorax/fra333_ws/install/cocoav_interfaces/include/cocoav_interfaces/msg/detail/cocoa_vimu__builder.hpp
[6.602s] -- Up-to-date symlink: /home/azthorax/fra333_ws/install/cocoav_interfaces/include/cocoav_interfaces/msg/detail/cocoa_vimu__struct.hpp
[6.602s] -- Up-to-date symlink: /home/azthorax/fra333_ws/install/cocoav_interfaces/include/cocoav_interfaces/msg/detail/cocoa_vimu__traits.hpp
[6.602s] -- Up-to-date symlink: /home/azthorax/fra333_ws/install/cocoav_interfaces/include/cocoav_interfaces/srv/cocoa_test.hpp
[6.602s] -- Up-to-date symlink: /home/azthorax/fra333_ws/install/cocoav_interfaces/include/cocoav_interfaces/srv/cocoa_vfk.hpp
[6.603s] -- Up-to-date symlink: /home/azthorax/fra333_ws/install/cocoav_interfaces/include/cocoav_interfaces/srv/cocoa_vik.hpp
[6.603s] -- Up-to-date symlink: /home/azthorax/fra333_ws/install/cocoav_interfaces/include/cocoav_interfaces/srv/detail/cocoa_test__builder.hpp
[6.603s] -- Up-to-date symlink: /home/azthorax/fra333_ws/install/cocoav_interfaces/include/cocoav_interfaces/srv/detail/cocoa_test__struct.hpp
[6.603s] -- Up-to-date symlink: /home/azthorax/fra333_ws/install/cocoav_interfaces/include/cocoav_interfaces/srv/detail/cocoa_test__traits.hpp
[6.603s] -- Up-to-date symlink: /home/azthorax/fra333_ws/install/cocoav_interfaces/include/cocoav_interfaces/srv/detail/cocoa_vfk__builder.hpp
[6.603s] -- Up-to-date symlink: /home/azthorax/fra333_ws/install/cocoav_interfaces/include/cocoav_interfaces/srv/detail/cocoa_vfk__struct.hpp
[6.603s] -- Up-to-date symlink: /home/azthorax/fra333_ws/install/cocoav_interfaces/include/cocoav_interfaces/srv/detail/cocoa_vfk__traits.hpp
[6.603s] -- Up-to-date symlink: /home/azthorax/fra333_ws/install/cocoav_interfaces/include/cocoav_interfaces/srv/detail/cocoa_vik__builder.hpp
[6.603s] -- Up-to-date symlink: /home/azthorax/fra333_ws/install/cocoav_interfaces/include/cocoav_interfaces/srv/detail/cocoa_vik__struct.hpp
[6.603s] -- Up-to-date symlink: /home/azthorax/fra333_ws/install/cocoav_interfaces/include/cocoav_interfaces/srv/detail/cocoa_vik__traits.hpp
[6.603s] -- Up-to-date symlink: /home/azthorax/fra333_ws/install/cocoav_interfaces/include/cocoav_interfaces/msg/detail/cocoa_imu__rosidl_typesupport_introspection_cpp.hpp
[6.604s] -- Up-to-date symlink: /home/azthorax/fra333_ws/install/cocoav_interfaces/include/cocoav_interfaces/msg/detail/cocoa_test__rosidl_typesupport_introspection_cpp.hpp
[6.604s] -- Up-to-date symlink: /home/azthorax/fra333_ws/install/cocoav_interfaces/include/cocoav_interfaces/msg/detail/cocoa_vimu__rosidl_typesupport_introspection_cpp.hpp
[6.604s] -- Up-to-date symlink: /home/azthorax/fra333_ws/install/cocoav_interfaces/include/cocoav_interfaces/srv/detail/cocoa_test__rosidl_typesupport_introspection_cpp.hpp
[6.604s] -- Up-to-date symlink: /home/azthorax/fra333_ws/install/cocoav_interfaces/include/cocoav_interfaces/srv/detail/cocoa_vfk__rosidl_typesupport_introspection_cpp.hpp
[6.604s] -- Up-to-date symlink: /home/azthorax/fra333_ws/install/cocoav_interfaces/include/cocoav_interfaces/srv/detail/cocoa_vik__rosidl_typesupport_introspection_cpp.hpp
[6.604s] -- Up-to-date symlink: /home/azthorax/fra333_ws/install/cocoav_interfaces/share/cocoav_interfaces/environment/pythonpath.sh
[6.604s] -- Up-to-date symlink: /home/azthorax/fra333_ws/install/cocoav_interfaces/share/cocoav_interfaces/environment/pythonpath.dsv
[6.604s] -- Up-to-date symlink: /home/azthorax/fra333_ws/install/cocoav_interfaces/lib/python3.8/site-packages/cocoav_interfaces/__init__.py
[6.605s] -- Up-to-date symlink: /home/azthorax/fra333_ws/install/cocoav_interfaces/lib/python3.8/site-packages/cocoav_interfaces/srv/__init__.py
[6.605s] -- Up-to-date symlink: /home/azthorax/fra333_ws/install/cocoav_interfaces/lib/python3.8/site-packages/cocoav_interfaces/srv/_cocoa_test.py
[6.605s] -- Up-to-date symlink: /home/azthorax/fra333_ws/install/cocoav_interfaces/lib/python3.8/site-packages/cocoav_interfaces/srv/_cocoa_vfk.py
[6.605s] -- Up-to-date symlink: /home/azthorax/fra333_ws/install/cocoav_interfaces/lib/python3.8/site-packages/cocoav_interfaces/srv/_cocoa_vik.py
[6.606s] -- Up-to-date symlink: /home/azthorax/fra333_ws/install/cocoav_interfaces/lib/python3.8/site-packages/cocoav_interfaces/msg/__init__.py
[6.606s] -- Up-to-date symlink: /home/azthorax/fra333_ws/install/cocoav_interfaces/lib/python3.8/site-packages/cocoav_interfaces/msg/_cocoa_imu.py
[6.606s] -- Up-to-date symlink: /home/azthorax/fra333_ws/install/cocoav_interfaces/lib/python3.8/site-packages/cocoav_interfaces/msg/_cocoa_test.py
[6.606s] -- Up-to-date symlink: /home/azthorax/fra333_ws/install/cocoav_interfaces/lib/python3.8/site-packages/cocoav_interfaces/msg/_cocoa_vimu.py
[6.606s] -- Up-to-date symlink: /home/azthorax/fra333_ws/install/cocoav_interfaces/lib/python3.8/site-packages/cocoav_interfaces/cocoav_interfaces_s__rosidl_typesupport_fastrtps_c.cpython-38-x86_64-linux-gnu.so
[6.606s] -- Up-to-date symlink: /home/azthorax/fra333_ws/install/cocoav_interfaces/lib/python3.8/site-packages/cocoav_interfaces/cocoav_interfaces_s__rosidl_typesupport_introspection_c.cpython-38-x86_64-linux-gnu.so
[6.607s] -- Up-to-date symlink: /home/azthorax/fra333_ws/install/cocoav_interfaces/lib/python3.8/site-packages/cocoav_interfaces/cocoav_interfaces_s__rosidl_typesupport_c.cpython-38-x86_64-linux-gnu.so
[6.607s] -- Up-to-date symlink: /home/azthorax/fra333_ws/install/cocoav_interfaces/lib/libcocoav_interfaces__python.so
[6.607s] -- Up-to-date symlink: /home/azthorax/fra333_ws/install/cocoav_interfaces/share/cocoav_interfaces/srv/CocoaVIK.idl
[6.608s] -- Up-to-date symlink: /home/azthorax/fra333_ws/install/cocoav_interfaces/share/cocoav_interfaces/srv/CocoaVFK.idl
[6.608s] -- Up-to-date symlink: /home/azthorax/fra333_ws/install/cocoav_interfaces/share/cocoav_interfaces/msg/CocoaTest.idl
[6.609s] -- Up-to-date symlink: /home/azthorax/fra333_ws/install/cocoav_interfaces/share/cocoav_interfaces/msg/CocoaVIMU.idl
[6.609s] -- Up-to-date symlink: /home/azthorax/fra333_ws/install/cocoav_interfaces/share/cocoav_interfaces/srv/CocoaVIK.srv
[6.609s] -- Up-to-date symlink: /home/azthorax/fra333_ws/install/cocoav_interfaces/share/cocoav_interfaces/srv/CocoaVIK_Request.msg
[6.609s] -- Up-to-date symlink: /home/azthorax/fra333_ws/install/cocoav_interfaces/share/cocoav_interfaces/srv/CocoaVIK_Response.msg
[6.610s] -- Up-to-date symlink: /home/azthorax/fra333_ws/install/cocoav_interfaces/share/cocoav_interfaces/srv/CocoaVFK.srv
[6.610s] -- Up-to-date symlink: /home/azthorax/fra333_ws/install/cocoav_interfaces/share/cocoav_interfaces/srv/CocoaVFK_Request.msg
[6.610s] -- Up-to-date symlink: /home/azthorax/fra333_ws/install/cocoav_interfaces/share/cocoav_interfaces/srv/CocoaVFK_Response.msg
[6.610s] -- Up-to-date symlink: /home/azthorax/fra333_ws/install/cocoav_interfaces/share/cocoav_interfaces/msg/CocoaTest.msg
[6.610s] -- Up-to-date symlink: /home/azthorax/fra333_ws/install/cocoav_interfaces/share/cocoav_interfaces/msg/CocoaVIMU.msg
[6.611s] -- Up-to-date symlink: /home/azthorax/fra333_ws/install/cocoav_interfaces/share/ament_index/resource_index/package_run_dependencies/cocoav_interfaces
[6.611s] -- Up-to-date symlink: /home/azthorax/fra333_ws/install/cocoav_interfaces/share/ament_index/resource_index/parent_prefix_path/cocoav_interfaces
[6.611s] -- Up-to-date symlink: /home/azthorax/fra333_ws/install/cocoav_interfaces/share/cocoav_interfaces/environment/ament_prefix_path.sh
[6.611s] -- Up-to-date symlink: /home/azthorax/fra333_ws/install/cocoav_interfaces/share/cocoav_interfaces/environment/ament_prefix_path.dsv
[6.611s] -- Up-to-date symlink: /home/azthorax/fra333_ws/install/cocoav_interfaces/share/cocoav_interfaces/environment/path.sh
[6.612s] -- Up-to-date symlink: /home/azthorax/fra333_ws/install/cocoav_interfaces/share/cocoav_interfaces/environment/path.dsv
[6.612s] -- Up-to-date symlink: /home/azthorax/fra333_ws/install/cocoav_interfaces/share/cocoav_interfaces/local_setup.bash
[6.612s] -- Up-to-date symlink: /home/azthorax/fra333_ws/install/cocoav_interfaces/share/cocoav_interfaces/local_setup.sh
[6.612s] -- Up-to-date symlink: /home/azthorax/fra333_ws/install/cocoav_interfaces/share/cocoav_interfaces/local_setup.zsh
[6.612s] -- Up-to-date symlink: /home/azthorax/fra333_ws/install/cocoav_interfaces/share/cocoav_interfaces/local_setup.dsv
[6.613s] -- Symlinking: /home/azthorax/fra333_ws/install/cocoav_interfaces/share/cocoav_interfaces/package.dsv
[6.624s] -- Up-to-date symlink: /home/azthorax/fra333_ws/install/cocoav_interfaces/share/ament_index/resource_index/packages/cocoav_interfaces
[6.624s] -- Up-to-date symlink: /home/azthorax/fra333_ws/install/cocoav_interfaces/share/cocoav_interfaces/cmake/rosidl_cmake-extras.cmake
[6.625s] -- Up-to-date symlink: /home/azthorax/fra333_ws/install/cocoav_interfaces/share/cocoav_interfaces/cmake/ament_cmake_export_dependencies-extras.cmake
[6.625s] -- Up-to-date symlink: /home/azthorax/fra333_ws/install/cocoav_interfaces/share/cocoav_interfaces/cmake/ament_cmake_export_libraries-extras.cmake
[6.625s] -- Up-to-date symlink: /home/azthorax/fra333_ws/install/cocoav_interfaces/share/cocoav_interfaces/cmake/ament_cmake_export_targets-extras.cmake
[6.626s] -- Up-to-date symlink: /home/azthorax/fra333_ws/install/cocoav_interfaces/share/cocoav_interfaces/cmake/ament_cmake_export_include_directories-extras.cmake
[6.626s] -- Up-to-date symlink: /home/azthorax/fra333_ws/install/cocoav_interfaces/share/cocoav_interfaces/cmake/rosidl_cmake_export_typesupport_libraries-extras.cmake
[6.627s] -- Up-to-date symlink: /home/azthorax/fra333_ws/install/cocoav_interfaces/share/cocoav_interfaces/cmake/rosidl_cmake_export_typesupport_targets-extras.cmake
[6.627s] -- Up-to-date symlink: /home/azthorax/fra333_ws/install/cocoav_interfaces/share/cocoav_interfaces/cmake/cocoav_interfacesConfig.cmake
[6.627s] -- Up-to-date symlink: /home/azthorax/fra333_ws/install/cocoav_interfaces/share/cocoav_interfaces/cmake/cocoav_interfacesConfig-version.cmake
[6.628s] -- Up-to-date symlink: /home/azthorax/fra333_ws/install/cocoav_interfaces/share/cocoav_interfaces/package.xml
[6.629s] -- Installing: /home/azthorax/fra333_ws/install/cocoav_interfaces/lib/libcocoav_interfaces__rosidl_generator_c.so
[6.630s] -- Set runtime path of "/home/azthorax/fra333_ws/install/cocoav_interfaces/lib/libcocoav_interfaces__rosidl_generator_c.so" to ""
[6.630s] -- Installing: /home/azthorax/fra333_ws/install/cocoav_interfaces/lib/libcocoav_interfaces__rosidl_typesupport_introspection_c.so
[6.631s] -- Set runtime path of "/home/azthorax/fra333_ws/install/cocoav_interfaces/lib/libcocoav_interfaces__rosidl_typesupport_introspection_c.so" to ""
[6.632s] -- Installing: /home/azthorax/fra333_ws/install/cocoav_interfaces/lib/libcocoav_interfaces__rosidl_typesupport_c.so
[6.633s] -- Set runtime path of "/home/azthorax/fra333_ws/install/cocoav_interfaces/lib/libcocoav_interfaces__rosidl_typesupport_c.so" to ""
[6.633s] -- Installing: /home/azthorax/fra333_ws/install/cocoav_interfaces/lib/libcocoav_interfaces__rosidl_typesupport_introspection_cpp.so
[6.634s] -- Set runtime path of "/home/azthorax/fra333_ws/install/cocoav_interfaces/lib/libcocoav_interfaces__rosidl_typesupport_introspection_cpp.so" to ""
[6.635s] -- Installing: /home/azthorax/fra333_ws/install/cocoav_interfaces/lib/libcocoav_interfaces__rosidl_typesupport_cpp.so
[6.636s] -- Set runtime path of "/home/azthorax/fra333_ws/install/cocoav_interfaces/lib/libcocoav_interfaces__rosidl_typesupport_cpp.so" to ""
[6.670s] Compiling '/home/azthorax/fra333_ws/install/cocoav_interfaces/lib/python3.8/site-packages/cocoav_interfaces/__init__.py'...
[6.675s] -- Up-to-date: /home/azthorax/fra333_ws/install/cocoav_interfaces/share/cocoav_interfaces/cmake/cocoav_interfaces__rosidl_generator_cExport.cmake
[6.676s] -- Installing: /home/azthorax/fra333_ws/install/cocoav_interfaces/share/cocoav_interfaces/cmake/cocoav_interfaces__rosidl_generator_cExport-noconfig.cmake
[6.676s] -- Up-to-date: /home/azthorax/fra333_ws/install/cocoav_interfaces/share/cocoav_interfaces/cmake/cocoav_interfaces__rosidl_typesupport_introspection_cExport.cmake
[6.676s] -- Installing: /home/azthorax/fra333_ws/install/cocoav_interfaces/share/cocoav_interfaces/cmake/cocoav_interfaces__rosidl_typesupport_introspection_cExport-noconfig.cmake
[6.677s] -- Up-to-date: /home/azthorax/fra333_ws/install/cocoav_interfaces/share/cocoav_interfaces/cmake/cocoav_interfaces__rosidl_typesupport_cExport.cmake
[6.677s] -- Installing: /home/azthorax/fra333_ws/install/cocoav_interfaces/share/cocoav_interfaces/cmake/cocoav_interfaces__rosidl_typesupport_cExport-noconfig.cmake
[6.677s] -- Up-to-date: /home/azthorax/fra333_ws/install/cocoav_interfaces/share/cocoav_interfaces/cmake/cocoav_interfaces__rosidl_generator_cppExport.cmake
[6.678s] -- Up-to-date: /home/azthorax/fra333_ws/install/cocoav_interfaces/share/cocoav_interfaces/cmake/cocoav_interfaces__rosidl_typesupport_introspection_cppExport.cmake
[6.678s] -- Installing: /home/azthorax/fra333_ws/install/cocoav_interfaces/share/cocoav_interfaces/cmake/cocoav_interfaces__rosidl_typesupport_introspection_cppExport-noconfig.cmake
[6.679s] -- Up-to-date: /home/azthorax/fra333_ws/install/cocoav_interfaces/share/cocoav_interfaces/cmake/cocoav_interfaces__rosidl_typesupport_cppExport.cmake
[6.679s] -- Installing: /home/azthorax/fra333_ws/install/cocoav_interfaces/share/cocoav_interfaces/cmake/cocoav_interfaces__rosidl_typesupport_cppExport-noconfig.cmake
[6.686s] Invoked command in '/home/azthorax/fra333_ws/build/cocoav_interfaces' returned '0': CMAKE_PREFIX_PATH=${CMAKE_PREFIX_PATH}:/opt/ros/foxy /usr/bin/cmake --install /home/azthorax/fra333_ws/build/cocoav_interfaces
