[0.086s] Invoking command in '/home/azthorax/fra333_ws/build/cocoa_description': CMAKE_PREFIX_PATH=${CMAKE_PREFIX_PATH}:/opt/ros/foxy /usr/bin/cmake /home/azthorax/fra333_ws/src/fra333_lab2_25_v1/cocoa_description -DAMENT_CMAKE_SYMLINK_INSTALL=1 -DCMAKE_INSTALL_PREFIX=/home/azthorax/fra333_ws/install/cocoa_description
[0.201s] -- The C compiler identification is GNU 9.4.0
[0.283s] -- The CXX compiler identification is GNU 9.4.0
[0.287s] -- Check for working C compiler: /usr/bin/cc
[0.381s] -- Check for working C compiler: /usr/bin/cc -- works
[0.383s] -- Detecting C compiler ABI info
[0.482s] -- Detecting C compiler ABI info - done
[0.508s] -- Detecting C compile features
[0.508s] -- Detecting C compile features - done
[0.508s] -- Check for working CXX compiler: /usr/bin/c++
[0.621s] -- Check for working CXX compiler: /usr/bin/c++ -- works
[0.622s] -- Detecting CXX compiler ABI info
[0.717s] -- Detecting CXX compiler ABI info - done
[0.730s] -- Detecting CXX compile features
[0.731s] -- Detecting CXX compile features - done
[0.736s] -- Found ament_cmake: 0.9.11 (/opt/ros/foxy/share/ament_cmake/cmake)
[0.768s] -- Found PythonInterp: /usr/bin/python3 (found suitable version "3.8.10", minimum required is "3") 
[0.768s] -- Using PYTHON_EXECUTABLE: /usr/bin/python3
[1.009s] -- Override CMake install command with custom implementation using symlinks instead of copying resources
[1.051s] -- Found rclcpp: 2.4.2 (/opt/ros/foxy/share/rclcpp/cmake)
[1.111s] -- Using all available rosidl_typesupport_c: rosidl_typesupport_fastrtps_c;rosidl_typesupport_introspection_c
[1.117s] -- Found rosidl_adapter: 1.3.0 (/opt/ros/foxy/share/rosidl_adapter/cmake)
[1.223s] -- Found OpenSSL: /usr/lib/x86_64-linux-gnu/libcrypto.so (found version "1.1.1f")  
[1.258s] -- Found FastRTPS: /opt/ros/foxy/include  
[1.356s] -- Using all available rosidl_typesupport_cpp: rosidl_typesupport_fastrtps_cpp;rosidl_typesupport_introspection_cpp
[1.443s] -- Found rmw_implementation_cmake: 1.0.3 (/opt/ros/foxy/share/rmw_implementation_cmake/cmake)
[1.446s] -- Using RMW implementation 'rmw_fastrtps_cpp' as default
[1.448s] -- Looking for pthread.h
[1.552s] -- Looking for pthread.h - found
[1.553s] -- Performing Test CMAKE_HAVE_LIBC_PTHREAD
[1.648s] -- Performing Test CMAKE_HAVE_LIBC_PTHREAD - Failed
[1.648s] -- Looking for pthread_create in pthreads
[1.719s] -- Looking for pthread_create in pthreads - not found
[1.723s] -- Looking for pthread_create in pthread
[1.808s] -- Looking for pthread_create in pthread - found
[1.809s] -- Found Threads: TRUE  
[2.015s] -- Found rclpy: 1.0.11 (/opt/ros/foxy/share/rclpy/cmake)
[2.139s] -- Configuring done
[2.142s] -- Generating done
[2.144s] -- Build files have been written to: /home/azthorax/fra333_ws/build/cocoa_description
[2.168s] Invoked command in '/home/azthorax/fra333_ws/build/cocoa_description' returned '0': CMAKE_PREFIX_PATH=${CMAKE_PREFIX_PATH}:/opt/ros/foxy /usr/bin/cmake /home/azthorax/fra333_ws/src/fra333_lab2_25_v1/cocoa_description -DAMENT_CMAKE_SYMLINK_INSTALL=1 -DCMAKE_INSTALL_PREFIX=/home/azthorax/fra333_ws/install/cocoa_description
[2.168s] Invoking command in '/home/azthorax/fra333_ws/build/cocoa_description': CMAKE_PREFIX_PATH=${CMAKE_PREFIX_PATH}:/opt/ros/foxy /usr/bin/cmake --build /home/azthorax/fra333_ws/build/cocoa_description -- -j12 -l12
[2.235s] Invoked command in '/home/azthorax/fra333_ws/build/cocoa_description' returned '0': CMAKE_PREFIX_PATH=${CMAKE_PREFIX_PATH}:/opt/ros/foxy /usr/bin/cmake --build /home/azthorax/fra333_ws/build/cocoa_description -- -j12 -l12
[2.291s] Invoking command in '/home/azthorax/fra333_ws/build/cocoa_description': CMAKE_PREFIX_PATH=${CMAKE_PREFIX_PATH}:/opt/ros/foxy /usr/bin/cmake --install /home/azthorax/fra333_ws/build/cocoa_description
[2.302s] -- Install configuration: ""
[2.303s] -- Execute custom install script
[2.304s] -- Symlinking: /home/azthorax/fra333_ws/install/cocoa_description/share/cocoa_description/environment/pythonpath.sh
[2.311s] -- Symlinking: /home/azthorax/fra333_ws/install/cocoa_description/share/cocoa_description/environment/pythonpath.dsv
[2.322s] -- Symlinking: /home/azthorax/fra333_ws/install/cocoa_description/lib/python3.8/site-packages/cocoa_description/__init__.py
[2.334s] -- Symlinking: /home/azthorax/fra333_ws/install/cocoa_description/lib/python3.8/site-packages/cocoa_description/cocoa_module.py
[2.347s] -- Symlinking: /home/azthorax/fra333_ws/install/cocoa_description/lib/cocoa_description/cocoa_script.py
[2.359s] -- Symlinking: /home/azthorax/fra333_ws/install/cocoa_description/share/cocoa_description/meshes/base_link.stl
[2.371s] -- Symlinking: /home/azthorax/fra333_ws/install/cocoa_description/share/cocoa_description/meshes/end_effector.stl
[2.384s] -- Symlinking: /home/azthorax/fra333_ws/install/cocoa_description/share/cocoa_description/meshes/link_0.stl
[2.395s] -- Symlinking: /home/azthorax/fra333_ws/install/cocoa_description/share/cocoa_description/meshes/link_1.stl
[2.406s] -- Symlinking: /home/azthorax/fra333_ws/install/cocoa_description/share/cocoa_description/meshes/link_2.stl
[2.420s] -- Symlinking: /home/azthorax/fra333_ws/install/cocoa_description/share/cocoa_description/meshes/link_3.stl
[2.433s] -- Symlinking: /home/azthorax/fra333_ws/install/cocoa_description/share/cocoa_description/robot/cocoa.urdf.xacro
[2.446s] -- Symlinking: /home/azthorax/fra333_ws/install/cocoa_description/share/cocoa_description/launch/display.launch.py
[2.457s] -- Symlinking: /home/azthorax/fra333_ws/install/cocoa_description/share/cocoa_description/config/cocoa.rviz
[2.466s] -- Symlinking: /home/azthorax/fra333_ws/install/cocoa_description/share/ament_index/resource_index/package_run_dependencies/cocoa_description
[2.476s] -- Symlinking: /home/azthorax/fra333_ws/install/cocoa_description/share/ament_index/resource_index/parent_prefix_path/cocoa_description
[2.489s] -- Symlinking: /home/azthorax/fra333_ws/install/cocoa_description/share/cocoa_description/environment/ament_prefix_path.sh
[2.499s] -- Symlinking: /home/azthorax/fra333_ws/install/cocoa_description/share/cocoa_description/environment/ament_prefix_path.dsv
[2.509s] -- Symlinking: /home/azthorax/fra333_ws/install/cocoa_description/share/cocoa_description/environment/path.sh
[2.521s] -- Symlinking: /home/azthorax/fra333_ws/install/cocoa_description/share/cocoa_description/environment/path.dsv
[2.533s] -- Symlinking: /home/azthorax/fra333_ws/install/cocoa_description/share/cocoa_description/local_setup.bash
[2.551s] -- Symlinking: /home/azthorax/fra333_ws/install/cocoa_description/share/cocoa_description/local_setup.sh
[2.566s] -- Symlinking: /home/azthorax/fra333_ws/install/cocoa_description/share/cocoa_description/local_setup.zsh
[2.579s] -- Symlinking: /home/azthorax/fra333_ws/install/cocoa_description/share/cocoa_description/local_setup.dsv
[2.592s] -- Symlinking: /home/azthorax/fra333_ws/install/cocoa_description/share/cocoa_description/package.dsv
[2.605s] -- Symlinking: /home/azthorax/fra333_ws/install/cocoa_description/share/ament_index/resource_index/packages/cocoa_description
[2.619s] -- Symlinking: /home/azthorax/fra333_ws/install/cocoa_description/share/cocoa_description/cmake/cocoa_descriptionConfig.cmake
[2.631s] -- Symlinking: /home/azthorax/fra333_ws/install/cocoa_description/share/cocoa_description/cmake/cocoa_descriptionConfig-version.cmake
[2.645s] -- Symlinking: /home/azthorax/fra333_ws/install/cocoa_description/share/cocoa_description/package.xml
[2.708s] Listing '/home/azthorax/fra333_ws/install/cocoa_description/lib/python3.8/site-packages/cocoa_description'...
[2.708s] Compiling '/home/azthorax/fra333_ws/install/cocoa_description/lib/python3.8/site-packages/cocoa_description/__init__.py'...
[2.708s] Compiling '/home/azthorax/fra333_ws/install/cocoa_description/lib/python3.8/site-packages/cocoa_description/cocoa_module.py'...
[2.726s] Invoked command in '/home/azthorax/fra333_ws/build/cocoa_description' returned '0': CMAKE_PREFIX_PATH=${CMAKE_PREFIX_PATH}:/opt/ros/foxy /usr/bin/cmake --install /home/azthorax/fra333_ws/build/cocoa_description
