[0.088s] Invoking command in '/home/azthorax/fra333_ws/build/cocoav_interfaces': CMAKE_PREFIX_PATH=${CMAKE_PREFIX_PATH}:/opt/ros/foxy /usr/bin/cmake /home/azthorax/fra333_ws/src/fra333_lab3_25_v1/cocoav_interfaces -DCMAKE_INSTALL_PREFIX=/home/azthorax/fra333_ws/install/cocoav_interfaces
[0.138s] -- Found ament_cmake: 0.9.11 (/opt/ros/foxy/share/ament_cmake/cmake)
[0.139s] -- Found PythonInterp: /usr/bin/python3 (found suitable version "3.8.10", minimum required is "3") 
[0.140s] -- Using PYTHON_EXECUTABLE: /usr/bin/python3
[0.448s] -- Override CMake install command with custom implementation using symlinks instead of copying resources
[0.476s] -- Found ament_lint_auto: 0.9.7 (/opt/ros/foxy/share/ament_lint_auto/cmake)
[0.573s] -- Found rosidl_default_generators: 1.0.1 (/opt/ros/foxy/share/rosidl_default_generators/cmake)
[0.577s] -- Using all available rosidl_typesupport_c: rosidl_typesupport_fastrtps_c;rosidl_typesupport_introspection_c
[0.581s] -- Found rosidl_adapter: 1.3.0 (/opt/ros/foxy/share/rosidl_adapter/cmake)
[0.754s] -- Using all available rosidl_typesupport_cpp: rosidl_typesupport_fastrtps_cpp;rosidl_typesupport_introspection_cpp
[0.785s] -- Found geometry_msgs: 2.0.5 (/opt/ros/foxy/share/geometry_msgs/cmake)
[0.890s] -- Found sensor_msgs: 2.0.5 (/opt/ros/foxy/share/sensor_msgs/cmake)
[1.029s] -- Found PythonInterp: /usr/bin/python3 (found version "3.8.10") 
[1.262s] -- Found ament_cmake_ros: 0.9.2 (/opt/ros/foxy/share/ament_cmake_ros/cmake)
[1.587s] -- Using all available rosidl_typesupport_c: rosidl_typesupport_fastrtps_c;rosidl_typesupport_introspection_c
[1.743s] -- Using all available rosidl_typesupport_cpp: rosidl_typesupport_fastrtps_cpp;rosidl_typesupport_introspection_cpp
[1.770s] -- Found PythonInterp: /usr/bin/python3 (found suitable version "3.8.10", minimum required is "3.5") 
[1.770s] -- Found python_cmake_module: 0.8.1 (/opt/ros/foxy/share/python_cmake_module/cmake)
[1.797s] -- Using PYTHON_EXECUTABLE: /usr/bin/python3
[1.797s] -- Using PYTHON_INCLUDE_DIRS: /usr/include/python3.8
[1.798s] -- Using PYTHON_LIBRARIES: /usr/lib/x86_64-linux-gnu/libpython3.8.so
[1.880s] -- Added test 'copyright' to check source files copyright and LICENSE
[1.881s] -- Added test 'lint_cmake' to check CMake code style
[1.882s] -- Added test 'xmllint' to check XML markup files
[1.890s] -- Configuring done
[1.965s] -- Generating done
[1.968s] -- Build files have been written to: /home/azthorax/fra333_ws/build/cocoav_interfaces
[1.979s] Invoked command in '/home/azthorax/fra333_ws/build/cocoav_interfaces' returned '0': CMAKE_PREFIX_PATH=${CMAKE_PREFIX_PATH}:/opt/ros/foxy /usr/bin/cmake /home/azthorax/fra333_ws/src/fra333_lab3_25_v1/cocoav_interfaces -DCMAKE_INSTALL_PREFIX=/home/azthorax/fra333_ws/install/cocoav_interfaces
[1.982s] Invoking command in '/home/azthorax/fra333_ws/build/cocoav_interfaces': CMAKE_PREFIX_PATH=${CMAKE_PREFIX_PATH}:/opt/ros/foxy /usr/bin/cmake --build /home/azthorax/fra333_ws/build/cocoav_interfaces -- -j12 -l12
[2.031s] [  2%] Built target cocoav_interfaces__cpp
[2.039s] [ 12%] Built target cocoav_interfaces__rosidl_generator_c
[2.062s] [ 23%] Built target cocoav_interfaces__rosidl_typesupport_cpp
[2.066s] [ 33%] Built target cocoav_interfaces__rosidl_typesupport_introspection_cpp
[2.068s] [ 46%] Built target cocoav_interfaces__rosidl_typesupport_introspection_c
[2.068s] [ 53%] Built target cocoav_interfaces__rosidl_typesupport_fastrtps_cpp
[2.069s] [ 64%] Built target cocoav_interfaces__rosidl_typesupport_c
[2.104s] [ 74%] Built target cocoav_interfaces__rosidl_typesupport_fastrtps_c
[2.125s] [ 74%] Built target cocoav_interfaces
[2.146s] [ 76%] Built target cocoav_interfaces__py
[2.179s] [ 84%] Built target cocoav_interfaces__python
[2.209s] [ 89%] Built target cocoav_interfaces__rosidl_typesupport_c__pyext
[2.210s] [ 94%] Built target cocoav_interfaces__rosidl_typesupport_introspection_c__pyext
[2.211s] [100%] Built target cocoav_interfaces__rosidl_typesupport_fastrtps_c__pyext
[2.223s] Invoked command in '/home/azthorax/fra333_ws/build/cocoav_interfaces' returned '0': CMAKE_PREFIX_PATH=${CMAKE_PREFIX_PATH}:/opt/ros/foxy /usr/bin/cmake --build /home/azthorax/fra333_ws/build/cocoav_interfaces -- -j12 -l12
[2.314s] Invoking command in '/home/azthorax/fra333_ws/build/cocoav_interfaces': CMAKE_PREFIX_PATH=${CMAKE_PREFIX_PATH}:/opt/ros/foxy /usr/bin/cmake --install /home/azthorax/fra333_ws/build/cocoav_interfaces
[2.328s] -- Install configuration: ""
[2.329s] -- Execute custom install script
[2.329s] -- Up-to-date symlink: /home/azthorax/fra333_ws/install/cocoav_interfaces/share/ament_index/resource_index/rosidl_interfaces/cocoav_interfaces
[2.330s] -- Up-to-date symlink: /home/azthorax/fra333_ws/install/cocoav_interfaces/include/cocoav_interfaces/msg/rosidl_generator_c__visibility_control.h
[2.330s] -- Up-to-date symlink: /home/azthorax/fra333_ws/install/cocoav_interfaces/include/cocoav_interfaces/srv/cocoa_vfk.h
[2.331s] -- Up-to-date symlink: /home/azthorax/fra333_ws/install/cocoav_interfaces/include/cocoav_interfaces/srv/cocoa_vik.h
[2.331s] -- Up-to-date symlink: /home/azthorax/fra333_ws/install/cocoav_interfaces/include/cocoav_interfaces/srv/detail/cocoa_vfk__functions.h
[2.331s] -- Up-to-date symlink: /home/azthorax/fra333_ws/install/cocoav_interfaces/include/cocoav_interfaces/srv/detail/cocoa_vfk__struct.h
[2.331s] -- Up-to-date symlink: /home/azthorax/fra333_ws/install/cocoav_interfaces/include/cocoav_interfaces/srv/detail/cocoa_vfk__type_support.h
[2.331s] -- Up-to-date symlink: /home/azthorax/fra333_ws/install/cocoav_interfaces/include/cocoav_interfaces/srv/detail/cocoa_vik__functions.h
[2.331s] -- Up-to-date symlink: /home/azthorax/fra333_ws/install/cocoav_interfaces/include/cocoav_interfaces/srv/detail/cocoa_vik__struct.h
[2.332s] -- Up-to-date symlink: /home/azthorax/fra333_ws/install/cocoav_interfaces/include/cocoav_interfaces/srv/detail/cocoa_vik__type_support.h
[2.332s] -- Up-to-date symlink: /home/azthorax/fra333_ws/install/cocoav_interfaces/share/cocoav_interfaces/environment/library_path.sh
[2.332s] -- Up-to-date symlink: /home/azthorax/fra333_ws/install/cocoav_interfaces/share/cocoav_interfaces/environment/library_path.dsv
[2.333s] -- Up-to-date symlink: /home/azthorax/fra333_ws/install/cocoav_interfaces/include/cocoav_interfaces/msg/rosidl_typesupport_fastrtps_c__visibility_control.h
[2.333s] -- Up-to-date symlink: /home/azthorax/fra333_ws/install/cocoav_interfaces/include/cocoav_interfaces/srv/detail/cocoa_vfk__rosidl_typesupport_fastrtps_c.h
[2.333s] -- Up-to-date symlink: /home/azthorax/fra333_ws/install/cocoav_interfaces/include/cocoav_interfaces/srv/detail/cocoa_vik__rosidl_typesupport_fastrtps_c.h
[2.333s] -- Up-to-date symlink: /home/azthorax/fra333_ws/install/cocoav_interfaces/lib/libcocoav_interfaces__rosidl_typesupport_fastrtps_c.so
[2.333s] -- Up-to-date symlink: /home/azthorax/fra333_ws/install/cocoav_interfaces/include/cocoav_interfaces/msg/rosidl_typesupport_fastrtps_cpp__visibility_control.h
[2.333s] -- Up-to-date symlink: /home/azthorax/fra333_ws/install/cocoav_interfaces/include/cocoav_interfaces/srv/detail/cocoa_vfk__rosidl_typesupport_fastrtps_cpp.hpp
[2.333s] -- Up-to-date symlink: /home/azthorax/fra333_ws/install/cocoav_interfaces/include/cocoav_interfaces/srv/detail/cocoa_vik__rosidl_typesupport_fastrtps_cpp.hpp
[2.334s] -- Up-to-date symlink: /home/azthorax/fra333_ws/install/cocoav_interfaces/lib/libcocoav_interfaces__rosidl_typesupport_fastrtps_cpp.so
[2.334s] -- Up-to-date symlink: /home/azthorax/fra333_ws/install/cocoav_interfaces/include/cocoav_interfaces/msg/rosidl_typesupport_introspection_c__visibility_control.h
[2.334s] -- Up-to-date symlink: /home/azthorax/fra333_ws/install/cocoav_interfaces/include/cocoav_interfaces/srv/detail/cocoa_vfk__rosidl_typesupport_introspection_c.h
[2.334s] -- Up-to-date symlink: /home/azthorax/fra333_ws/install/cocoav_interfaces/include/cocoav_interfaces/srv/detail/cocoa_vik__rosidl_typesupport_introspection_c.h
[2.334s] -- Up-to-date symlink: /home/azthorax/fra333_ws/install/cocoav_interfaces/include/cocoav_interfaces/srv/cocoa_vfk.hpp
[2.334s] -- Up-to-date symlink: /home/azthorax/fra333_ws/install/cocoav_interfaces/include/cocoav_interfaces/srv/cocoa_vik.hpp
[2.335s] -- Up-to-date symlink: /home/azthorax/fra333_ws/install/cocoav_interfaces/include/cocoav_interfaces/srv/detail/cocoa_vfk__builder.hpp
[2.335s] -- Up-to-date symlink: /home/azthorax/fra333_ws/install/cocoav_interfaces/include/cocoav_interfaces/srv/detail/cocoa_vfk__struct.hpp
[2.335s] -- Up-to-date symlink: /home/azthorax/fra333_ws/install/cocoav_interfaces/include/cocoav_interfaces/srv/detail/cocoa_vfk__traits.hpp
[2.335s] -- Up-to-date symlink: /home/azthorax/fra333_ws/install/cocoav_interfaces/include/cocoav_interfaces/srv/detail/cocoa_vik__builder.hpp
[2.335s] -- Up-to-date symlink: /home/azthorax/fra333_ws/install/cocoav_interfaces/include/cocoav_interfaces/srv/detail/cocoa_vik__struct.hpp
[2.335s] -- Up-to-date symlink: /home/azthorax/fra333_ws/install/cocoav_interfaces/include/cocoav_interfaces/srv/detail/cocoa_vik__traits.hpp
[2.336s] -- Up-to-date symlink: /home/azthorax/fra333_ws/install/cocoav_interfaces/include/cocoav_interfaces/srv/detail/cocoa_vfk__rosidl_typesupport_introspection_cpp.hpp
[2.336s] -- Up-to-date symlink: /home/azthorax/fra333_ws/install/cocoav_interfaces/include/cocoav_interfaces/srv/detail/cocoa_vik__rosidl_typesupport_introspection_cpp.hpp
[2.336s] -- Up-to-date symlink: /home/azthorax/fra333_ws/install/cocoav_interfaces/share/cocoav_interfaces/environment/pythonpath.sh
[2.336s] -- Up-to-date symlink: /home/azthorax/fra333_ws/install/cocoav_interfaces/share/cocoav_interfaces/environment/pythonpath.dsv
[2.336s] -- Up-to-date symlink: /home/azthorax/fra333_ws/install/cocoav_interfaces/lib/python3.8/site-packages/cocoav_interfaces/__init__.py
[2.337s] -- Up-to-date symlink: /home/azthorax/fra333_ws/install/cocoav_interfaces/lib/python3.8/site-packages/cocoav_interfaces/srv/__init__.py
[2.337s] -- Up-to-date symlink: /home/azthorax/fra333_ws/install/cocoav_interfaces/lib/python3.8/site-packages/cocoav_interfaces/srv/_cocoa_vfk.py
[2.337s] -- Up-to-date symlink: /home/azthorax/fra333_ws/install/cocoav_interfaces/lib/python3.8/site-packages/cocoav_interfaces/srv/_cocoa_vik.py
[2.337s] -- Up-to-date symlink: /home/azthorax/fra333_ws/install/cocoav_interfaces/lib/python3.8/site-packages/cocoav_interfaces/cocoav_interfaces_s__rosidl_typesupport_fastrtps_c.cpython-38-x86_64-linux-gnu.so
[2.337s] -- Up-to-date symlink: /home/azthorax/fra333_ws/install/cocoav_interfaces/lib/python3.8/site-packages/cocoav_interfaces/cocoav_interfaces_s__rosidl_typesupport_introspection_c.cpython-38-x86_64-linux-gnu.so
[2.338s] -- Up-to-date symlink: /home/azthorax/fra333_ws/install/cocoav_interfaces/lib/python3.8/site-packages/cocoav_interfaces/cocoav_interfaces_s__rosidl_typesupport_c.cpython-38-x86_64-linux-gnu.so
[2.338s] -- Up-to-date symlink: /home/azthorax/fra333_ws/install/cocoav_interfaces/lib/libcocoav_interfaces__python.so
[2.338s] -- Up-to-date symlink: /home/azthorax/fra333_ws/install/cocoav_interfaces/share/cocoav_interfaces/srv/CocoaVIK.idl
[2.338s] -- Up-to-date symlink: /home/azthorax/fra333_ws/install/cocoav_interfaces/share/cocoav_interfaces/srv/CocoaVFK.idl
[2.339s] -- Up-to-date symlink: /home/azthorax/fra333_ws/install/cocoav_interfaces/share/cocoav_interfaces/srv/CocoaVIK.srv
[2.339s] -- Up-to-date symlink: /home/azthorax/fra333_ws/install/cocoav_interfaces/share/cocoav_interfaces/srv/CocoaVIK_Request.msg
[2.339s] -- Up-to-date symlink: /home/azthorax/fra333_ws/install/cocoav_interfaces/share/cocoav_interfaces/srv/CocoaVIK_Response.msg
[2.339s] -- Up-to-date symlink: /home/azthorax/fra333_ws/install/cocoav_interfaces/share/cocoav_interfaces/srv/CocoaVFK.srv
[2.339s] -- Up-to-date symlink: /home/azthorax/fra333_ws/install/cocoav_interfaces/share/cocoav_interfaces/srv/CocoaVFK_Request.msg
[2.339s] -- Up-to-date symlink: /home/azthorax/fra333_ws/install/cocoav_interfaces/share/cocoav_interfaces/srv/CocoaVFK_Response.msg
[2.340s] -- Up-to-date symlink: /home/azthorax/fra333_ws/install/cocoav_interfaces/share/ament_index/resource_index/package_run_dependencies/cocoav_interfaces
[2.340s] -- Up-to-date symlink: /home/azthorax/fra333_ws/install/cocoav_interfaces/share/ament_index/resource_index/parent_prefix_path/cocoav_interfaces
[2.340s] -- Up-to-date symlink: /home/azthorax/fra333_ws/install/cocoav_interfaces/share/cocoav_interfaces/environment/ament_prefix_path.sh
[2.340s] -- Up-to-date symlink: /home/azthorax/fra333_ws/install/cocoav_interfaces/share/cocoav_interfaces/environment/ament_prefix_path.dsv
[2.340s] -- Up-to-date symlink: /home/azthorax/fra333_ws/install/cocoav_interfaces/share/cocoav_interfaces/environment/path.sh
[2.341s] -- Up-to-date symlink: /home/azthorax/fra333_ws/install/cocoav_interfaces/share/cocoav_interfaces/environment/path.dsv
[2.341s] -- Up-to-date symlink: /home/azthorax/fra333_ws/install/cocoav_interfaces/share/cocoav_interfaces/local_setup.bash
[2.341s] -- Up-to-date symlink: /home/azthorax/fra333_ws/install/cocoav_interfaces/share/cocoav_interfaces/local_setup.sh
[2.341s] -- Up-to-date symlink: /home/azthorax/fra333_ws/install/cocoav_interfaces/share/cocoav_interfaces/local_setup.zsh
[2.342s] -- Up-to-date symlink: /home/azthorax/fra333_ws/install/cocoav_interfaces/share/cocoav_interfaces/local_setup.dsv
[2.342s] -- Symlinking: /home/azthorax/fra333_ws/install/cocoav_interfaces/share/cocoav_interfaces/package.dsv
[2.355s] -- Up-to-date symlink: /home/azthorax/fra333_ws/install/cocoav_interfaces/share/ament_index/resource_index/packages/cocoav_interfaces
[2.356s] -- Up-to-date symlink: /home/azthorax/fra333_ws/install/cocoav_interfaces/share/cocoav_interfaces/cmake/rosidl_cmake-extras.cmake
[2.357s] -- Up-to-date symlink: /home/azthorax/fra333_ws/install/cocoav_interfaces/share/cocoav_interfaces/cmake/ament_cmake_export_dependencies-extras.cmake
[2.357s] -- Up-to-date symlink: /home/azthorax/fra333_ws/install/cocoav_interfaces/share/cocoav_interfaces/cmake/ament_cmake_export_libraries-extras.cmake
[2.358s] -- Up-to-date symlink: /home/azthorax/fra333_ws/install/cocoav_interfaces/share/cocoav_interfaces/cmake/ament_cmake_export_targets-extras.cmake
[2.358s] -- Up-to-date symlink: /home/azthorax/fra333_ws/install/cocoav_interfaces/share/cocoav_interfaces/cmake/ament_cmake_export_include_directories-extras.cmake
[2.359s] -- Up-to-date symlink: /home/azthorax/fra333_ws/install/cocoav_interfaces/share/cocoav_interfaces/cmake/rosidl_cmake_export_typesupport_libraries-extras.cmake
[2.359s] -- Up-to-date symlink: /home/azthorax/fra333_ws/install/cocoav_interfaces/share/cocoav_interfaces/cmake/rosidl_cmake_export_typesupport_targets-extras.cmake
[2.359s] -- Up-to-date symlink: /home/azthorax/fra333_ws/install/cocoav_interfaces/share/cocoav_interfaces/cmake/cocoav_interfacesConfig.cmake
[2.360s] -- Up-to-date symlink: /home/azthorax/fra333_ws/install/cocoav_interfaces/share/cocoav_interfaces/cmake/cocoav_interfacesConfig-version.cmake
[2.360s] -- Up-to-date symlink: /home/azthorax/fra333_ws/install/cocoav_interfaces/share/cocoav_interfaces/package.xml
[2.360s] -- Up-to-date: /home/azthorax/fra333_ws/install/cocoav_interfaces/lib/libcocoav_interfaces__rosidl_generator_c.so
[2.361s] -- Up-to-date: /home/azthorax/fra333_ws/install/cocoav_interfaces/lib/libcocoav_interfaces__rosidl_typesupport_introspection_c.so
[2.361s] -- Up-to-date: /home/azthorax/fra333_ws/install/cocoav_interfaces/lib/libcocoav_interfaces__rosidl_typesupport_c.so
[2.362s] -- Up-to-date: /home/azthorax/fra333_ws/install/cocoav_interfaces/lib/libcocoav_interfaces__rosidl_typesupport_introspection_cpp.so
[2.362s] -- Up-to-date: /home/azthorax/fra333_ws/install/cocoav_interfaces/lib/libcocoav_interfaces__rosidl_typesupport_cpp.so
[2.397s] Compiling '/home/azthorax/fra333_ws/install/cocoav_interfaces/lib/python3.8/site-packages/cocoav_interfaces/__init__.py'...
[2.403s] -- Up-to-date: /home/azthorax/fra333_ws/install/cocoav_interfaces/share/cocoav_interfaces/cmake/cocoav_interfaces__rosidl_generator_cExport.cmake
[2.403s] -- Installing: /home/azthorax/fra333_ws/install/cocoav_interfaces/share/cocoav_interfaces/cmake/cocoav_interfaces__rosidl_generator_cExport-noconfig.cmake
[2.403s] -- Up-to-date: /home/azthorax/fra333_ws/install/cocoav_interfaces/share/cocoav_interfaces/cmake/cocoav_interfaces__rosidl_typesupport_introspection_cExport.cmake
[2.403s] -- Installing: /home/azthorax/fra333_ws/install/cocoav_interfaces/share/cocoav_interfaces/cmake/cocoav_interfaces__rosidl_typesupport_introspection_cExport-noconfig.cmake
[2.403s] -- Up-to-date: /home/azthorax/fra333_ws/install/cocoav_interfaces/share/cocoav_interfaces/cmake/cocoav_interfaces__rosidl_typesupport_cExport.cmake
[2.403s] -- Installing: /home/azthorax/fra333_ws/install/cocoav_interfaces/share/cocoav_interfaces/cmake/cocoav_interfaces__rosidl_typesupport_cExport-noconfig.cmake
[2.404s] -- Up-to-date: /home/azthorax/fra333_ws/install/cocoav_interfaces/share/cocoav_interfaces/cmake/cocoav_interfaces__rosidl_generator_cppExport.cmake
[2.404s] -- Up-to-date: /home/azthorax/fra333_ws/install/cocoav_interfaces/share/cocoav_interfaces/cmake/cocoav_interfaces__rosidl_typesupport_introspection_cppExport.cmake
[2.404s] -- Installing: /home/azthorax/fra333_ws/install/cocoav_interfaces/share/cocoav_interfaces/cmake/cocoav_interfaces__rosidl_typesupport_introspection_cppExport-noconfig.cmake
[2.404s] -- Up-to-date: /home/azthorax/fra333_ws/install/cocoav_interfaces/share/cocoav_interfaces/cmake/cocoav_interfaces__rosidl_typesupport_cppExport.cmake
[2.404s] -- Installing: /home/azthorax/fra333_ws/install/cocoav_interfaces/share/cocoav_interfaces/cmake/cocoav_interfaces__rosidl_typesupport_cppExport-noconfig.cmake
[2.435s] Invoked command in '/home/azthorax/fra333_ws/build/cocoav_interfaces' returned '0': CMAKE_PREFIX_PATH=${CMAKE_PREFIX_PATH}:/opt/ros/foxy /usr/bin/cmake --install /home/azthorax/fra333_ws/build/cocoav_interfaces
