[0.055s] Invoking command in '/home/azthorax/fra333_ws/build/cocoax_control': CMAKE_PREFIX_PATH=/opt/ros/foxy /usr/bin/cmake /home/azthorax/fra333_ws/src/fra333_lab4_25_v1/cocoax_control -DAMENT_CMAKE_SYMLINK_INSTALL=1 -DCMAKE_INSTALL_PREFIX=/home/azthorax/fra333_ws/install/cocoax_control
[0.147s] -- The C compiler identification is GNU 9.4.0
[0.206s] -- The CXX compiler identification is GNU 9.4.0
[0.212s] -- Check for working C compiler: /usr/bin/cc
[0.274s] -- Check for working C compiler: /usr/bin/cc -- works
[0.275s] -- Detecting C compiler ABI info
[0.340s] -- Detecting C compiler ABI info - done
[0.354s] -- Detecting C compile features
[0.354s] -- Detecting C compile features - done
[0.357s] -- Check for working CXX compiler: /usr/bin/c++
[0.432s] -- Check for working CXX compiler: /usr/bin/c++ -- works
[0.433s] -- Detecting CXX compiler ABI info
[0.531s] -- Detecting CXX compiler ABI info - done
[0.544s] -- Detecting CXX compile features
[0.544s] -- Detecting CXX compile features - done
[0.546s] -- Found ament_cmake: 0.9.11 (/opt/ros/foxy/share/ament_cmake/cmake)
[0.576s] -- Found PythonInterp: /usr/bin/python3 (found suitable version "3.8.10", minimum required is "3") 
[0.576s] -- Using PYTHON_EXECUTABLE: /usr/bin/python3
[0.799s] -- Override CMake install command with custom implementation using symlinks instead of copying resources
[0.821s] -- Found rclcpp: 2.4.2 (/opt/ros/foxy/share/rclcpp/cmake)
[0.865s] -- Using all available rosidl_typesupport_c: rosidl_typesupport_fastrtps_c;rosidl_typesupport_introspection_c
[0.874s] -- Found rosidl_adapter: 1.3.0 (/opt/ros/foxy/share/rosidl_adapter/cmake)
[0.974s] -- Found OpenSSL: /usr/lib/x86_64-linux-gnu/libcrypto.so (found version "1.1.1f")  
[1.005s] -- Found FastRTPS: /opt/ros/foxy/include  
[1.102s] -- Using all available rosidl_typesupport_cpp: rosidl_typesupport_fastrtps_cpp;rosidl_typesupport_introspection_cpp
[1.154s] -- Found rmw_implementation_cmake: 1.0.3 (/opt/ros/foxy/share/rmw_implementation_cmake/cmake)
[1.156s] -- Using RMW implementation 'rmw_fastrtps_cpp' as default
[1.157s] -- Looking for pthread.h
[1.239s] -- Looking for pthread.h - found
[1.239s] -- Performing Test CMAKE_HAVE_LIBC_PTHREAD
[1.323s] -- Performing Test CMAKE_HAVE_LIBC_PTHREAD - Failed
[1.323s] -- Looking for pthread_create in pthreads
[1.376s] -- Looking for pthread_create in pthreads - not found
[1.376s] -- Looking for pthread_create in pthread
[1.444s] -- Looking for pthread_create in pthread - found
[1.445s] -- Found Threads: TRUE  
[1.625s] -- Found rclpy: 1.0.11 (/opt/ros/foxy/share/rclpy/cmake)
[1.746s] -- Configuring done
[1.748s] -- Generating done
[1.750s] -- Build files have been written to: /home/azthorax/fra333_ws/build/cocoax_control
[1.762s] Invoked command in '/home/azthorax/fra333_ws/build/cocoax_control' returned '0': CMAKE_PREFIX_PATH=/opt/ros/foxy /usr/bin/cmake /home/azthorax/fra333_ws/src/fra333_lab4_25_v1/cocoax_control -DAMENT_CMAKE_SYMLINK_INSTALL=1 -DCMAKE_INSTALL_PREFIX=/home/azthorax/fra333_ws/install/cocoax_control
[1.765s] Invoking command in '/home/azthorax/fra333_ws/build/cocoax_control': CMAKE_PREFIX_PATH=/opt/ros/foxy /usr/bin/cmake --build /home/azthorax/fra333_ws/build/cocoax_control -- -j12 -l12
[1.831s] Invoked command in '/home/azthorax/fra333_ws/build/cocoax_control' returned '0': CMAKE_PREFIX_PATH=/opt/ros/foxy /usr/bin/cmake --build /home/azthorax/fra333_ws/build/cocoax_control -- -j12 -l12
[1.855s] Invoking command in '/home/azthorax/fra333_ws/build/cocoax_control': CMAKE_PREFIX_PATH=/opt/ros/foxy /usr/bin/cmake --install /home/azthorax/fra333_ws/build/cocoax_control
[1.868s] -- Install configuration: ""
[1.869s] -- Execute custom install script
[1.869s] -- Symlinking: /home/azthorax/fra333_ws/install/cocoax_control/share/cocoax_control/environment/pythonpath.sh
[1.877s] -- Symlinking: /home/azthorax/fra333_ws/install/cocoax_control/share/cocoax_control/environment/pythonpath.dsv
[1.888s] -- Symlinking: /home/azthorax/fra333_ws/install/cocoax_control/lib/python3.8/site-packages/cocoax_control/__init__.py
[1.896s] -- Symlinking: /home/azthorax/fra333_ws/install/cocoax_control/lib/cocoax_control/cocoax_tracker.py
[1.903s] -- Symlinking: /home/azthorax/fra333_ws/install/cocoax_control/lib/cocoax_control/cocoax_generator.py
[1.911s] -- Symlinking: /home/azthorax/fra333_ws/install/cocoax_control/share/cocoax_control/launch/control_cocoax.launch.py
[1.919s] -- Symlinking: /home/azthorax/fra333_ws/install/cocoax_control/share/cocoax_control/config/cocoax_pid_param.yaml
[1.933s] -- Symlinking: /home/azthorax/fra333_ws/install/cocoax_control/share/ament_index/resource_index/package_run_dependencies/cocoax_control
[1.945s] -- Symlinking: /home/azthorax/fra333_ws/install/cocoax_control/share/ament_index/resource_index/parent_prefix_path/cocoax_control
[1.954s] -- Symlinking: /home/azthorax/fra333_ws/install/cocoax_control/share/cocoax_control/environment/ament_prefix_path.sh
[1.962s] -- Symlinking: /home/azthorax/fra333_ws/install/cocoax_control/share/cocoax_control/environment/ament_prefix_path.dsv
[1.970s] -- Symlinking: /home/azthorax/fra333_ws/install/cocoax_control/share/cocoax_control/environment/path.sh
[1.980s] -- Symlinking: /home/azthorax/fra333_ws/install/cocoax_control/share/cocoax_control/environment/path.dsv
[1.990s] -- Symlinking: /home/azthorax/fra333_ws/install/cocoax_control/share/cocoax_control/local_setup.bash
[2.003s] -- Symlinking: /home/azthorax/fra333_ws/install/cocoax_control/share/cocoax_control/local_setup.sh
[2.011s] -- Symlinking: /home/azthorax/fra333_ws/install/cocoax_control/share/cocoax_control/local_setup.zsh
[2.020s] -- Symlinking: /home/azthorax/fra333_ws/install/cocoax_control/share/cocoax_control/local_setup.dsv
[2.031s] -- Symlinking: /home/azthorax/fra333_ws/install/cocoax_control/share/cocoax_control/package.dsv
[2.041s] -- Symlinking: /home/azthorax/fra333_ws/install/cocoax_control/share/ament_index/resource_index/packages/cocoax_control
[2.051s] -- Symlinking: /home/azthorax/fra333_ws/install/cocoax_control/share/cocoax_control/cmake/cocoax_controlConfig.cmake
[2.060s] -- Symlinking: /home/azthorax/fra333_ws/install/cocoax_control/share/cocoax_control/cmake/cocoax_controlConfig-version.cmake
[2.067s] -- Symlinking: /home/azthorax/fra333_ws/install/cocoax_control/share/cocoax_control/package.xml
[2.111s] Listing '/home/azthorax/fra333_ws/install/cocoax_control/lib/python3.8/site-packages/cocoax_control'...
[2.111s] Compiling '/home/azthorax/fra333_ws/install/cocoax_control/lib/python3.8/site-packages/cocoax_control/__init__.py'...
[2.123s] Invoked command in '/home/azthorax/fra333_ws/build/cocoax_control' returned '0': CMAKE_PREFIX_PATH=/opt/ros/foxy /usr/bin/cmake --install /home/azthorax/fra333_ws/build/cocoax_control
