[0.051s] Invoking command in '/home/azthorax/fra333_ws/build/package_name': CMAKE_PREFIX_PATH=${CMAKE_PREFIX_PATH}:/opt/ros/foxy /usr/bin/cmake --build /home/azthorax/fra333_ws/build/package_name -- -j12 -l12
[0.107s] [100%] Built target cpp_node_test
[0.139s] Invoked command in '/home/azthorax/fra333_ws/build/package_name' returned '0': CMAKE_PREFIX_PATH=${CMAKE_PREFIX_PATH}:/opt/ros/foxy /usr/bin/cmake --build /home/azthorax/fra333_ws/build/package_name -- -j12 -l12
[0.166s] Invoking command in '/home/azthorax/fra333_ws/build/package_name': CMAKE_PREFIX_PATH=${CMAKE_PREFIX_PATH}:/opt/ros/foxy /usr/bin/cmake --install /home/azthorax/fra333_ws/build/package_name
[0.175s] -- Install configuration: ""
[0.175s] -- Up-to-date: /home/azthorax/fra333_ws/install/package_name/share/package_name/environment/pythonpath.sh
[0.175s] -- Up-to-date: /home/azthorax/fra333_ws/install/package_name/share/package_name/environment/pythonpath.dsv
[0.175s] -- Up-to-date: /home/azthorax/fra333_ws/install/package_name/lib/python3.8/site-packages/package_name
[0.175s] -- Up-to-date: /home/azthorax/fra333_ws/install/package_name/lib/python3.8/site-packages/package_name/__init__.py
[0.203s] Listing '/home/azthorax/fra333_ws/install/package_name/lib/python3.8/site-packages/package_name'...
[0.210s] -- Up-to-date: /home/azthorax/fra333_ws/install/package_name/lib/package_name/dummy.py
[0.210s] -- Up-to-date: /home/azthorax/fra333_ws/install/package_name/lib/package_name/cpp_node_test
[0.210s] -- Up-to-date: /home/azthorax/fra333_ws/install/package_name/share/package_name
[0.210s] -- Up-to-date: /home/azthorax/fra333_ws/install/package_name/share/ament_index/resource_index/package_run_dependencies/package_name
[0.210s] -- Up-to-date: /home/azthorax/fra333_ws/install/package_name/share/ament_index/resource_index/parent_prefix_path/package_name
[0.210s] -- Up-to-date: /home/azthorax/fra333_ws/install/package_name/share/package_name/environment/ament_prefix_path.sh
[0.211s] -- Up-to-date: /home/azthorax/fra333_ws/install/package_name/share/package_name/environment/ament_prefix_path.dsv
[0.211s] -- Up-to-date: /home/azthorax/fra333_ws/install/package_name/share/package_name/environment/path.sh
[0.211s] -- Up-to-date: /home/azthorax/fra333_ws/install/package_name/share/package_name/environment/path.dsv
[0.211s] -- Up-to-date: /home/azthorax/fra333_ws/install/package_name/share/package_name/local_setup.bash
[0.211s] -- Up-to-date: /home/azthorax/fra333_ws/install/package_name/share/package_name/local_setup.sh
[0.211s] -- Up-to-date: /home/azthorax/fra333_ws/install/package_name/share/package_name/local_setup.zsh
[0.211s] -- Up-to-date: /home/azthorax/fra333_ws/install/package_name/share/package_name/local_setup.dsv
[0.211s] -- Installing: /home/azthorax/fra333_ws/install/package_name/share/package_name/package.dsv
[0.211s] -- Up-to-date: /home/azthorax/fra333_ws/install/package_name/share/ament_index/resource_index/packages/package_name
[0.211s] -- Up-to-date: /home/azthorax/fra333_ws/install/package_name/share/package_name/cmake/package_nameConfig.cmake
[0.211s] -- Up-to-date: /home/azthorax/fra333_ws/install/package_name/share/package_name/cmake/package_nameConfig-version.cmake
[0.211s] -- Up-to-date: /home/azthorax/fra333_ws/install/package_name/share/package_name/package.xml
[0.274s] Invoked command in '/home/azthorax/fra333_ws/build/package_name' returned '0': CMAKE_PREFIX_PATH=${CMAKE_PREFIX_PATH}:/opt/ros/foxy /usr/bin/cmake --install /home/azthorax/fra333_ws/build/package_name
