[0.073s] Invoking command in '/home/azthorax/fra333_ws/build/cocoa_kinematics_interfaces': CMAKE_PREFIX_PATH=${CMAKE_PREFIX_PATH}:/opt/ros/foxy /usr/bin/cmake --build /home/azthorax/fra333_ws/build/cocoa_kinematics_interfaces -- -j12 -l12
[0.101s] -- Found ament_cmake: 0.9.9 (/opt/ros/foxy/share/ament_cmake/cmake)
[0.125s] -- Found PythonInterp: /usr/bin/python3 (found suitable version "3.8.10", minimum required is "3") 
[0.125s] -- Using PYTHON_EXECUTABLE: /usr/bin/python3
[0.346s] -- Override CMake install command with custom implementation using symlinks instead of copying resources
[0.356s] -- Found ament_lint_auto: 0.9.6 (/opt/ros/foxy/share/ament_lint_auto/cmake)
[0.445s] -- Found rosidl_default_generators: 1.0.1 (/opt/ros/foxy/share/rosidl_default_generators/cmake)
[0.451s] -- Using all available rosidl_typesupport_c: rosidl_typesupport_fastrtps_c;rosidl_typesupport_introspection_c
[0.454s] -- Found rosidl_adapter: 1.2.1 (/opt/ros/foxy/share/rosidl_adapter/cmake)
[0.612s] -- Using all available rosidl_typesupport_cpp: rosidl_typesupport_fastrtps_cpp;rosidl_typesupport_introspection_cpp
[0.638s] -- Found geometry_msgs: 2.0.5 (/opt/ros/foxy/share/geometry_msgs/cmake)
[0.712s] -- Found sensor_msgs: 2.0.5 (/opt/ros/foxy/share/sensor_msgs/cmake)
[0.785s] CMake Error at /opt/ros/foxy/share/rosidl_cmake/cmake/rosidl_generate_interfaces.cmake:93 (message):
[0.785s]   rosidl_generate_interfaces() the passed file 'srv/GetPosition.srv' doesn't
[0.785s]   exist relative to the CMAKE_CURRENT_SOURCE_DIR
[0.785s]   '/home/azthorax/fra333_ws/src/fra333_lab2_25_v1/cocoa_kinematics_interfaces'
[0.786s] Call Stack (most recent call first):
[0.786s]   CMakeLists.txt:40 (rosidl_generate_interfaces)
[0.786s] 
[0.786s] 
[0.786s] -- Configuring incomplete, errors occurred!
[0.787s] See also "/home/azthorax/fra333_ws/build/cocoa_kinematics_interfaces/CMakeFiles/CMakeOutput.log".
[0.787s] See also "/home/azthorax/fra333_ws/build/cocoa_kinematics_interfaces/CMakeFiles/CMakeError.log".
[0.791s] make: *** [Makefile:988: cmake_check_build_system] Error 1
[0.794s] Invoked command in '/home/azthorax/fra333_ws/build/cocoa_kinematics_interfaces' returned '2': CMAKE_PREFIX_PATH=${CMAKE_PREFIX_PATH}:/opt/ros/foxy /usr/bin/cmake --build /home/azthorax/fra333_ws/build/cocoa_kinematics_interfaces -- -j12 -l12
