[0.034s] Invoking command in '/home/azthorax/fra333_ws/build/cocoax_interfaces': CMAKE_PREFIX_PATH=${CMAKE_PREFIX_PATH}:/opt/ros/foxy /usr/bin/cmake /home/azthorax/fra333_ws/src/fra333_lab4_25_v1/cocoax_interfaces -DCMAKE_INSTALL_PREFIX=/home/azthorax/fra333_ws/install/cocoax_interfaces
[0.049s] -- Found ament_cmake: 0.9.11 (/opt/ros/foxy/share/ament_cmake/cmake)
[0.073s] -- Found PythonInterp: /usr/bin/python3 (found suitable version "3.8.10", minimum required is "3") 
[0.073s] -- Using PYTHON_EXECUTABLE: /usr/bin/python3
[0.265s] -- Override CMake install command with custom implementation using symlinks instead of copying resources
[0.273s] -- Found ament_lint_auto: 0.9.7 (/opt/ros/foxy/share/ament_lint_auto/cmake)
[0.333s] -- Found rosidl_default_generators: 1.0.1 (/opt/ros/foxy/share/rosidl_default_generators/cmake)
[0.335s] -- Using all available rosidl_typesupport_c: rosidl_typesupport_fastrtps_c;rosidl_typesupport_introspection_c
[0.338s] -- Found rosidl_adapter: 1.3.0 (/opt/ros/foxy/share/rosidl_adapter/cmake)
[0.461s] -- Using all available rosidl_typesupport_cpp: rosidl_typesupport_fastrtps_cpp;rosidl_typesupport_introspection_cpp
[0.483s] -- Found geometry_msgs: 2.0.5 (/opt/ros/foxy/share/geometry_msgs/cmake)
[0.564s] -- Found sensor_msgs: 2.0.5 (/opt/ros/foxy/share/sensor_msgs/cmake)
[0.674s] -- Found PythonInterp: /usr/bin/python3 (found version "3.8.10") 
[0.863s] -- Found ament_cmake_ros: 0.9.2 (/opt/ros/foxy/share/ament_cmake_ros/cmake)
[1.176s] -- Using all available rosidl_typesupport_c: rosidl_typesupport_fastrtps_c;rosidl_typesupport_introspection_c
[1.321s] -- Using all available rosidl_typesupport_cpp: rosidl_typesupport_fastrtps_cpp;rosidl_typesupport_introspection_cpp
[1.350s] -- Found PythonInterp: /usr/bin/python3 (found suitable version "3.8.10", minimum required is "3.5") 
[1.350s] -- Found python_cmake_module: 0.8.1 (/opt/ros/foxy/share/python_cmake_module/cmake)
[1.378s] -- Using PYTHON_EXECUTABLE: /usr/bin/python3
[1.378s] -- Using PYTHON_INCLUDE_DIRS: /usr/include/python3.8
[1.378s] -- Using PYTHON_LIBRARIES: /usr/lib/x86_64-linux-gnu/libpython3.8.so
[1.447s] -- Added test 'copyright' to check source files copyright and LICENSE
[1.448s] -- Added test 'lint_cmake' to check CMake code style
[1.449s] -- Added test 'xmllint' to check XML markup files
[1.454s] -- Configuring done
[1.516s] -- Generating done
[1.519s] -- Build files have been written to: /home/azthorax/fra333_ws/build/cocoax_interfaces
[1.524s] Invoked command in '/home/azthorax/fra333_ws/build/cocoax_interfaces' returned '0': CMAKE_PREFIX_PATH=${CMAKE_PREFIX_PATH}:/opt/ros/foxy /usr/bin/cmake /home/azthorax/fra333_ws/src/fra333_lab4_25_v1/cocoax_interfaces -DCMAKE_INSTALL_PREFIX=/home/azthorax/fra333_ws/install/cocoax_interfaces
[1.528s] Invoking command in '/home/azthorax/fra333_ws/build/cocoax_interfaces': CMAKE_PREFIX_PATH=${CMAKE_PREFIX_PATH}:/opt/ros/foxy /usr/bin/cmake --build /home/azthorax/fra333_ws/build/cocoax_interfaces -- -j12 -l12
[1.591s] [  1%] Built target cocoax_interfaces__cpp
[1.593s] [ 12%] Built target cocoax_interfaces__rosidl_generator_c
[1.616s] [ 23%] Built target cocoax_interfaces__rosidl_typesupport_c
[1.621s] [ 45%] Built target cocoax_interfaces__rosidl_typesupport_introspection_cpp
[1.621s] [ 45%] Built target cocoax_interfaces__rosidl_typesupport_introspection_c
[1.622s] [ 56%] Built target cocoax_interfaces__rosidl_typesupport_cpp
[1.628s] [ 67%] Built target cocoax_interfaces__rosidl_typesupport_fastrtps_cpp
[1.672s] [ 78%] Built target cocoax_interfaces__rosidl_typesupport_fastrtps_c
[1.704s] [ 78%] Built target cocoax_interfaces
[1.733s] [ 80%] Built target cocoax_interfaces__py
[1.770s] [ 89%] Built target cocoax_interfaces__python
[1.796s] [ 92%] Built target cocoax_interfaces__rosidl_typesupport_fastrtps_c__pyext
[1.799s] [ 96%] Built target cocoax_interfaces__rosidl_typesupport_introspection_c__pyext
[1.800s] [100%] Built target cocoax_interfaces__rosidl_typesupport_c__pyext
[1.813s] Invoked command in '/home/azthorax/fra333_ws/build/cocoax_interfaces' returned '0': CMAKE_PREFIX_PATH=${CMAKE_PREFIX_PATH}:/opt/ros/foxy /usr/bin/cmake --build /home/azthorax/fra333_ws/build/cocoax_interfaces -- -j12 -l12
[1.930s] Invoking command in '/home/azthorax/fra333_ws/build/cocoax_interfaces': CMAKE_PREFIX_PATH=${CMAKE_PREFIX_PATH}:/opt/ros/foxy /usr/bin/cmake --install /home/azthorax/fra333_ws/build/cocoax_interfaces
[1.939s] -- Install configuration: ""
[1.940s] -- Execute custom install script
[1.940s] -- Up-to-date symlink: /home/azthorax/fra333_ws/install/cocoax_interfaces/share/ament_index/resource_index/rosidl_interfaces/cocoax_interfaces
[1.941s] -- Up-to-date symlink: /home/azthorax/fra333_ws/install/cocoax_interfaces/include/cocoax_interfaces/msg/cocoa_test.h
[1.941s] -- Up-to-date symlink: /home/azthorax/fra333_ws/install/cocoax_interfaces/include/cocoax_interfaces/msg/cocoa_ximu.h
[1.941s] -- Up-to-date symlink: /home/azthorax/fra333_ws/install/cocoax_interfaces/include/cocoax_interfaces/msg/detail/cocoa_test__functions.h
[1.941s] -- Up-to-date symlink: /home/azthorax/fra333_ws/install/cocoax_interfaces/include/cocoax_interfaces/msg/detail/cocoa_test__struct.h
[1.941s] -- Up-to-date symlink: /home/azthorax/fra333_ws/install/cocoax_interfaces/include/cocoax_interfaces/msg/detail/cocoa_test__type_support.h
[1.942s] -- Up-to-date symlink: /home/azthorax/fra333_ws/install/cocoax_interfaces/include/cocoax_interfaces/msg/detail/cocoa_ximu__functions.h
[1.942s] -- Up-to-date symlink: /home/azthorax/fra333_ws/install/cocoax_interfaces/include/cocoax_interfaces/msg/detail/cocoa_ximu__struct.h
[1.942s] -- Up-to-date symlink: /home/azthorax/fra333_ws/install/cocoax_interfaces/include/cocoax_interfaces/msg/detail/cocoa_ximu__type_support.h
[1.942s] -- Up-to-date symlink: /home/azthorax/fra333_ws/install/cocoax_interfaces/include/cocoax_interfaces/msg/rosidl_generator_c__visibility_control.h
[1.942s] -- Up-to-date symlink: /home/azthorax/fra333_ws/install/cocoax_interfaces/include/cocoax_interfaces/srv/cocoa_xfk.h
[1.943s] -- Up-to-date symlink: /home/azthorax/fra333_ws/install/cocoax_interfaces/include/cocoax_interfaces/srv/cocoa_xik.h
[1.943s] -- Up-to-date symlink: /home/azthorax/fra333_ws/install/cocoax_interfaces/include/cocoax_interfaces/srv/detail/cocoa_xfk__functions.h
[1.943s] -- Up-to-date symlink: /home/azthorax/fra333_ws/install/cocoax_interfaces/include/cocoax_interfaces/srv/detail/cocoa_xfk__struct.h
[1.943s] -- Up-to-date symlink: /home/azthorax/fra333_ws/install/cocoax_interfaces/include/cocoax_interfaces/srv/detail/cocoa_xfk__type_support.h
[1.943s] -- Up-to-date symlink: /home/azthorax/fra333_ws/install/cocoax_interfaces/include/cocoax_interfaces/srv/detail/cocoa_xik__functions.h
[1.943s] -- Up-to-date symlink: /home/azthorax/fra333_ws/install/cocoax_interfaces/include/cocoax_interfaces/srv/detail/cocoa_xik__struct.h
[1.944s] -- Up-to-date symlink: /home/azthorax/fra333_ws/install/cocoax_interfaces/include/cocoax_interfaces/srv/detail/cocoa_xik__type_support.h
[1.944s] -- Up-to-date symlink: /home/azthorax/fra333_ws/install/cocoax_interfaces/share/cocoax_interfaces/environment/library_path.sh
[1.944s] -- Up-to-date symlink: /home/azthorax/fra333_ws/install/cocoax_interfaces/share/cocoax_interfaces/environment/library_path.dsv
[1.945s] -- Up-to-date symlink: /home/azthorax/fra333_ws/install/cocoax_interfaces/include/cocoax_interfaces/msg/detail/cocoa_test__rosidl_typesupport_fastrtps_c.h
[1.945s] -- Up-to-date symlink: /home/azthorax/fra333_ws/install/cocoax_interfaces/include/cocoax_interfaces/msg/detail/cocoa_ximu__rosidl_typesupport_fastrtps_c.h
[1.945s] -- Up-to-date symlink: /home/azthorax/fra333_ws/install/cocoax_interfaces/include/cocoax_interfaces/msg/rosidl_typesupport_fastrtps_c__visibility_control.h
[1.945s] -- Up-to-date symlink: /home/azthorax/fra333_ws/install/cocoax_interfaces/include/cocoax_interfaces/srv/detail/cocoa_xfk__rosidl_typesupport_fastrtps_c.h
[1.945s] -- Up-to-date symlink: /home/azthorax/fra333_ws/install/cocoax_interfaces/include/cocoax_interfaces/srv/detail/cocoa_xik__rosidl_typesupport_fastrtps_c.h
[1.946s] -- Up-to-date symlink: /home/azthorax/fra333_ws/install/cocoax_interfaces/lib/libcocoax_interfaces__rosidl_typesupport_fastrtps_c.so
[1.946s] -- Up-to-date symlink: /home/azthorax/fra333_ws/install/cocoax_interfaces/include/cocoax_interfaces/msg/detail/cocoa_test__rosidl_typesupport_fastrtps_cpp.hpp
[1.946s] -- Up-to-date symlink: /home/azthorax/fra333_ws/install/cocoax_interfaces/include/cocoax_interfaces/msg/detail/cocoa_ximu__rosidl_typesupport_fastrtps_cpp.hpp
[1.946s] -- Up-to-date symlink: /home/azthorax/fra333_ws/install/cocoax_interfaces/include/cocoax_interfaces/msg/rosidl_typesupport_fastrtps_cpp__visibility_control.h
[1.947s] -- Up-to-date symlink: /home/azthorax/fra333_ws/install/cocoax_interfaces/include/cocoax_interfaces/srv/detail/cocoa_xfk__rosidl_typesupport_fastrtps_cpp.hpp
[1.947s] -- Up-to-date symlink: /home/azthorax/fra333_ws/install/cocoax_interfaces/include/cocoax_interfaces/srv/detail/cocoa_xik__rosidl_typesupport_fastrtps_cpp.hpp
[1.947s] -- Up-to-date symlink: /home/azthorax/fra333_ws/install/cocoax_interfaces/lib/libcocoax_interfaces__rosidl_typesupport_fastrtps_cpp.so
[1.947s] -- Up-to-date symlink: /home/azthorax/fra333_ws/install/cocoax_interfaces/include/cocoax_interfaces/msg/detail/cocoa_test__rosidl_typesupport_introspection_c.h
[1.948s] -- Up-to-date symlink: /home/azthorax/fra333_ws/install/cocoax_interfaces/include/cocoax_interfaces/msg/detail/cocoa_ximu__rosidl_typesupport_introspection_c.h
[1.948s] -- Up-to-date symlink: /home/azthorax/fra333_ws/install/cocoax_interfaces/include/cocoax_interfaces/msg/rosidl_typesupport_introspection_c__visibility_control.h
[1.948s] -- Up-to-date symlink: /home/azthorax/fra333_ws/install/cocoax_interfaces/include/cocoax_interfaces/srv/detail/cocoa_xfk__rosidl_typesupport_introspection_c.h
[1.948s] -- Up-to-date symlink: /home/azthorax/fra333_ws/install/cocoax_interfaces/include/cocoax_interfaces/srv/detail/cocoa_xik__rosidl_typesupport_introspection_c.h
[1.949s] -- Up-to-date symlink: /home/azthorax/fra333_ws/install/cocoax_interfaces/include/cocoax_interfaces/msg/cocoa_test.hpp
[1.949s] -- Up-to-date symlink: /home/azthorax/fra333_ws/install/cocoax_interfaces/include/cocoax_interfaces/msg/cocoa_ximu.hpp
[1.949s] -- Up-to-date symlink: /home/azthorax/fra333_ws/install/cocoax_interfaces/include/cocoax_interfaces/msg/detail/cocoa_test__builder.hpp
[1.949s] -- Up-to-date symlink: /home/azthorax/fra333_ws/install/cocoax_interfaces/include/cocoax_interfaces/msg/detail/cocoa_test__struct.hpp
[1.949s] -- Up-to-date symlink: /home/azthorax/fra333_ws/install/cocoax_interfaces/include/cocoax_interfaces/msg/detail/cocoa_test__traits.hpp
[1.949s] -- Up-to-date symlink: /home/azthorax/fra333_ws/install/cocoax_interfaces/include/cocoax_interfaces/msg/detail/cocoa_ximu__builder.hpp
[1.950s] -- Up-to-date symlink: /home/azthorax/fra333_ws/install/cocoax_interfaces/include/cocoax_interfaces/msg/detail/cocoa_ximu__struct.hpp
[1.950s] -- Up-to-date symlink: /home/azthorax/fra333_ws/install/cocoax_interfaces/include/cocoax_interfaces/msg/detail/cocoa_ximu__traits.hpp
[1.950s] -- Up-to-date symlink: /home/azthorax/fra333_ws/install/cocoax_interfaces/include/cocoax_interfaces/srv/cocoa_xfk.hpp
[1.950s] -- Up-to-date symlink: /home/azthorax/fra333_ws/install/cocoax_interfaces/include/cocoax_interfaces/srv/cocoa_xik.hpp
[1.950s] -- Up-to-date symlink: /home/azthorax/fra333_ws/install/cocoax_interfaces/include/cocoax_interfaces/srv/detail/cocoa_xfk__builder.hpp
[1.950s] -- Up-to-date symlink: /home/azthorax/fra333_ws/install/cocoax_interfaces/include/cocoax_interfaces/srv/detail/cocoa_xfk__struct.hpp
[1.951s] -- Up-to-date symlink: /home/azthorax/fra333_ws/install/cocoax_interfaces/include/cocoax_interfaces/srv/detail/cocoa_xfk__traits.hpp
[1.951s] -- Up-to-date symlink: /home/azthorax/fra333_ws/install/cocoax_interfaces/include/cocoax_interfaces/srv/detail/cocoa_xik__builder.hpp
[1.951s] -- Up-to-date symlink: /home/azthorax/fra333_ws/install/cocoax_interfaces/include/cocoax_interfaces/srv/detail/cocoa_xik__struct.hpp
[1.951s] -- Up-to-date symlink: /home/azthorax/fra333_ws/install/cocoax_interfaces/include/cocoax_interfaces/srv/detail/cocoa_xik__traits.hpp
[1.952s] -- Up-to-date symlink: /home/azthorax/fra333_ws/install/cocoax_interfaces/include/cocoax_interfaces/msg/detail/cocoa_test__rosidl_typesupport_introspection_cpp.hpp
[1.952s] -- Up-to-date symlink: /home/azthorax/fra333_ws/install/cocoax_interfaces/include/cocoax_interfaces/msg/detail/cocoa_ximu__rosidl_typesupport_introspection_cpp.hpp
[1.952s] -- Up-to-date symlink: /home/azthorax/fra333_ws/install/cocoax_interfaces/include/cocoax_interfaces/srv/detail/cocoa_xfk__rosidl_typesupport_introspection_cpp.hpp
[1.952s] -- Up-to-date symlink: /home/azthorax/fra333_ws/install/cocoax_interfaces/include/cocoax_interfaces/srv/detail/cocoa_xik__rosidl_typesupport_introspection_cpp.hpp
[1.952s] -- Up-to-date symlink: /home/azthorax/fra333_ws/install/cocoax_interfaces/share/cocoax_interfaces/environment/pythonpath.sh
[1.953s] -- Up-to-date symlink: /home/azthorax/fra333_ws/install/cocoax_interfaces/share/cocoax_interfaces/environment/pythonpath.dsv
[1.953s] -- Up-to-date symlink: /home/azthorax/fra333_ws/install/cocoax_interfaces/lib/python3.8/site-packages/cocoax_interfaces/__init__.py
[1.953s] -- Up-to-date symlink: /home/azthorax/fra333_ws/install/cocoax_interfaces/lib/python3.8/site-packages/cocoax_interfaces/srv/__init__.py
[1.953s] -- Up-to-date symlink: /home/azthorax/fra333_ws/install/cocoax_interfaces/lib/python3.8/site-packages/cocoax_interfaces/srv/_cocoa_xfk.py
[1.953s] -- Up-to-date symlink: /home/azthorax/fra333_ws/install/cocoax_interfaces/lib/python3.8/site-packages/cocoax_interfaces/srv/_cocoa_xik.py
[1.954s] -- Up-to-date symlink: /home/azthorax/fra333_ws/install/cocoax_interfaces/lib/python3.8/site-packages/cocoax_interfaces/msg/__init__.py
[1.954s] -- Up-to-date symlink: /home/azthorax/fra333_ws/install/cocoax_interfaces/lib/python3.8/site-packages/cocoax_interfaces/msg/_cocoa_test.py
[1.954s] -- Up-to-date symlink: /home/azthorax/fra333_ws/install/cocoax_interfaces/lib/python3.8/site-packages/cocoax_interfaces/msg/_cocoa_ximu.py
[1.955s] -- Up-to-date symlink: /home/azthorax/fra333_ws/install/cocoax_interfaces/lib/python3.8/site-packages/cocoax_interfaces/cocoax_interfaces_s__rosidl_typesupport_fastrtps_c.cpython-38-x86_64-linux-gnu.so
[1.955s] -- Up-to-date symlink: /home/azthorax/fra333_ws/install/cocoax_interfaces/lib/python3.8/site-packages/cocoax_interfaces/cocoax_interfaces_s__rosidl_typesupport_introspection_c.cpython-38-x86_64-linux-gnu.so
[1.955s] -- Up-to-date symlink: /home/azthorax/fra333_ws/install/cocoax_interfaces/lib/python3.8/site-packages/cocoax_interfaces/cocoax_interfaces_s__rosidl_typesupport_c.cpython-38-x86_64-linux-gnu.so
[1.956s] -- Up-to-date symlink: /home/azthorax/fra333_ws/install/cocoax_interfaces/lib/libcocoax_interfaces__python.so
[1.956s] -- Up-to-date symlink: /home/azthorax/fra333_ws/install/cocoax_interfaces/share/cocoax_interfaces/srv/CocoaXIK.idl
[1.956s] -- Up-to-date symlink: /home/azthorax/fra333_ws/install/cocoax_interfaces/share/cocoax_interfaces/srv/CocoaXFK.idl
[1.956s] -- Up-to-date symlink: /home/azthorax/fra333_ws/install/cocoax_interfaces/share/cocoax_interfaces/msg/CocoaTest.idl
[1.957s] -- Up-to-date symlink: /home/azthorax/fra333_ws/install/cocoax_interfaces/share/cocoax_interfaces/msg/CocoaXIMU.idl
[1.957s] -- Up-to-date symlink: /home/azthorax/fra333_ws/install/cocoax_interfaces/share/cocoax_interfaces/srv/CocoaXIK.srv
[1.957s] -- Up-to-date symlink: /home/azthorax/fra333_ws/install/cocoax_interfaces/share/cocoax_interfaces/srv/CocoaXIK_Request.msg
[1.957s] -- Up-to-date symlink: /home/azthorax/fra333_ws/install/cocoax_interfaces/share/cocoax_interfaces/srv/CocoaXIK_Response.msg
[1.958s] -- Up-to-date symlink: /home/azthorax/fra333_ws/install/cocoax_interfaces/share/cocoax_interfaces/srv/CocoaXFK.srv
[1.958s] -- Up-to-date symlink: /home/azthorax/fra333_ws/install/cocoax_interfaces/share/cocoax_interfaces/srv/CocoaXFK_Request.msg
[1.958s] -- Up-to-date symlink: /home/azthorax/fra333_ws/install/cocoax_interfaces/share/cocoax_interfaces/srv/CocoaXFK_Response.msg
[1.958s] -- Up-to-date symlink: /home/azthorax/fra333_ws/install/cocoax_interfaces/share/cocoax_interfaces/msg/CocoaTest.msg
[1.959s] -- Up-to-date symlink: /home/azthorax/fra333_ws/install/cocoax_interfaces/share/cocoax_interfaces/msg/CocoaXIMU.msg
[1.959s] -- Up-to-date symlink: /home/azthorax/fra333_ws/install/cocoax_interfaces/share/ament_index/resource_index/package_run_dependencies/cocoax_interfaces
[1.959s] -- Up-to-date symlink: /home/azthorax/fra333_ws/install/cocoax_interfaces/share/ament_index/resource_index/parent_prefix_path/cocoax_interfaces
[1.959s] -- Up-to-date symlink: /home/azthorax/fra333_ws/install/cocoax_interfaces/share/cocoax_interfaces/environment/ament_prefix_path.sh
[1.960s] -- Up-to-date symlink: /home/azthorax/fra333_ws/install/cocoax_interfaces/share/cocoax_interfaces/environment/ament_prefix_path.dsv
[1.960s] -- Up-to-date symlink: /home/azthorax/fra333_ws/install/cocoax_interfaces/share/cocoax_interfaces/environment/path.sh
[1.960s] -- Up-to-date symlink: /home/azthorax/fra333_ws/install/cocoax_interfaces/share/cocoax_interfaces/environment/path.dsv
[1.960s] -- Up-to-date symlink: /home/azthorax/fra333_ws/install/cocoax_interfaces/share/cocoax_interfaces/local_setup.bash
[1.960s] -- Up-to-date symlink: /home/azthorax/fra333_ws/install/cocoax_interfaces/share/cocoax_interfaces/local_setup.sh
[1.961s] -- Up-to-date symlink: /home/azthorax/fra333_ws/install/cocoax_interfaces/share/cocoax_interfaces/local_setup.zsh
[1.961s] -- Up-to-date symlink: /home/azthorax/fra333_ws/install/cocoax_interfaces/share/cocoax_interfaces/local_setup.dsv
[1.961s] -- Symlinking: /home/azthorax/fra333_ws/install/cocoax_interfaces/share/cocoax_interfaces/package.dsv
[1.976s] -- Up-to-date symlink: /home/azthorax/fra333_ws/install/cocoax_interfaces/share/ament_index/resource_index/packages/cocoax_interfaces
[1.977s] -- Up-to-date symlink: /home/azthorax/fra333_ws/install/cocoax_interfaces/share/cocoax_interfaces/cmake/rosidl_cmake-extras.cmake
[1.977s] -- Up-to-date symlink: /home/azthorax/fra333_ws/install/cocoax_interfaces/share/cocoax_interfaces/cmake/ament_cmake_export_dependencies-extras.cmake
[1.977s] -- Up-to-date symlink: /home/azthorax/fra333_ws/install/cocoax_interfaces/share/cocoax_interfaces/cmake/ament_cmake_export_libraries-extras.cmake
[1.977s] -- Up-to-date symlink: /home/azthorax/fra333_ws/install/cocoax_interfaces/share/cocoax_interfaces/cmake/ament_cmake_export_targets-extras.cmake
[1.978s] -- Up-to-date symlink: /home/azthorax/fra333_ws/install/cocoax_interfaces/share/cocoax_interfaces/cmake/ament_cmake_export_include_directories-extras.cmake
[1.978s] -- Up-to-date symlink: /home/azthorax/fra333_ws/install/cocoax_interfaces/share/cocoax_interfaces/cmake/rosidl_cmake_export_typesupport_libraries-extras.cmake
[1.978s] -- Up-to-date symlink: /home/azthorax/fra333_ws/install/cocoax_interfaces/share/cocoax_interfaces/cmake/rosidl_cmake_export_typesupport_targets-extras.cmake
[1.978s] -- Up-to-date symlink: /home/azthorax/fra333_ws/install/cocoax_interfaces/share/cocoax_interfaces/cmake/cocoax_interfacesConfig.cmake
[1.978s] -- Up-to-date symlink: /home/azthorax/fra333_ws/install/cocoax_interfaces/share/cocoax_interfaces/cmake/cocoax_interfacesConfig-version.cmake
[1.979s] -- Up-to-date symlink: /home/azthorax/fra333_ws/install/cocoax_interfaces/share/cocoax_interfaces/package.xml
[1.979s] -- Up-to-date: /home/azthorax/fra333_ws/install/cocoax_interfaces/lib/libcocoax_interfaces__rosidl_generator_c.so
[1.979s] -- Up-to-date: /home/azthorax/fra333_ws/install/cocoax_interfaces/lib/libcocoax_interfaces__rosidl_typesupport_introspection_c.so
[1.979s] -- Up-to-date: /home/azthorax/fra333_ws/install/cocoax_interfaces/lib/libcocoax_interfaces__rosidl_typesupport_c.so
[1.980s] -- Up-to-date: /home/azthorax/fra333_ws/install/cocoax_interfaces/lib/libcocoax_interfaces__rosidl_typesupport_introspection_cpp.so
[1.980s] -- Up-to-date: /home/azthorax/fra333_ws/install/cocoax_interfaces/lib/libcocoax_interfaces__rosidl_typesupport_cpp.so
[2.019s] Compiling '/home/azthorax/fra333_ws/install/cocoax_interfaces/lib/python3.8/site-packages/cocoax_interfaces/__init__.py'...
[2.023s] -- Up-to-date: /home/azthorax/fra333_ws/install/cocoax_interfaces/share/cocoax_interfaces/cmake/cocoax_interfaces__rosidl_generator_cExport.cmake
[2.023s] -- Installing: /home/azthorax/fra333_ws/install/cocoax_interfaces/share/cocoax_interfaces/cmake/cocoax_interfaces__rosidl_generator_cExport-noconfig.cmake
[2.023s] -- Up-to-date: /home/azthorax/fra333_ws/install/cocoax_interfaces/share/cocoax_interfaces/cmake/cocoax_interfaces__rosidl_typesupport_introspection_cExport.cmake
[2.024s] -- Installing: /home/azthorax/fra333_ws/install/cocoax_interfaces/share/cocoax_interfaces/cmake/cocoax_interfaces__rosidl_typesupport_introspection_cExport-noconfig.cmake
[2.024s] -- Up-to-date: /home/azthorax/fra333_ws/install/cocoax_interfaces/share/cocoax_interfaces/cmake/cocoax_interfaces__rosidl_typesupport_cExport.cmake
[2.024s] -- Installing: /home/azthorax/fra333_ws/install/cocoax_interfaces/share/cocoax_interfaces/cmake/cocoax_interfaces__rosidl_typesupport_cExport-noconfig.cmake
[2.025s] -- Up-to-date: /home/azthorax/fra333_ws/install/cocoax_interfaces/share/cocoax_interfaces/cmake/cocoax_interfaces__rosidl_generator_cppExport.cmake
[2.026s] -- Up-to-date: /home/azthorax/fra333_ws/install/cocoax_interfaces/share/cocoax_interfaces/cmake/cocoax_interfaces__rosidl_typesupport_introspection_cppExport.cmake
[2.026s] -- Installing: /home/azthorax/fra333_ws/install/cocoax_interfaces/share/cocoax_interfaces/cmake/cocoax_interfaces__rosidl_typesupport_introspection_cppExport-noconfig.cmake
[2.027s] -- Up-to-date: /home/azthorax/fra333_ws/install/cocoax_interfaces/share/cocoax_interfaces/cmake/cocoax_interfaces__rosidl_typesupport_cppExport.cmake
[2.027s] -- Installing: /home/azthorax/fra333_ws/install/cocoax_interfaces/share/cocoax_interfaces/cmake/cocoax_interfaces__rosidl_typesupport_cppExport-noconfig.cmake
[2.036s] Invoked command in '/home/azthorax/fra333_ws/build/cocoax_interfaces' returned '0': CMAKE_PREFIX_PATH=${CMAKE_PREFIX_PATH}:/opt/ros/foxy /usr/bin/cmake --install /home/azthorax/fra333_ws/build/cocoax_interfaces
