[0.035s] Invoking command in '/home/azthorax/fra333_ws/build/cocoax_description': CMAKE_PREFIX_PATH=${CMAKE_PREFIX_PATH}:/opt/ros/foxy /usr/bin/cmake /home/azthorax/fra333_ws/src/fra333_lab4_25_v1/cocoax_description -DCMAKE_INSTALL_PREFIX=/home/azthorax/fra333_ws/install/cocoax_description
[0.049s] -- Found ament_cmake: 0.9.11 (/opt/ros/foxy/share/ament_cmake/cmake)
[0.072s] -- Using PYTHON_EXECUTABLE: /usr/bin/python3
[0.246s] -- Override CMake install command with custom implementation using symlinks instead of copying resources
[0.253s] -- Found rclcpp: 2.4.2 (/opt/ros/foxy/share/rclcpp/cmake)
[0.282s] -- Using all available rosidl_typesupport_c: rosidl_typesupport_fastrtps_c;rosidl_typesupport_introspection_c
[0.284s] -- Found rosidl_adapter: 1.3.0 (/opt/ros/foxy/share/rosidl_adapter/cmake)
[0.393s] -- Using all available rosidl_typesupport_cpp: rosidl_typesupport_fastrtps_cpp;rosidl_typesupport_introspection_cpp
[0.437s] -- Found rmw_implementation_cmake: 1.0.3 (/opt/ros/foxy/share/rmw_implementation_cmake/cmake)
[0.438s] -- Using RMW implementation 'rmw_fastrtps_cpp' as default
[0.571s] -- Found rclpy: 1.0.11 (/opt/ros/foxy/share/rclpy/cmake)
[0.643s] -- Configuring done
[0.647s] -- Generating done
[0.648s] -- Build files have been written to: /home/azthorax/fra333_ws/build/cocoax_description
[0.657s] Invoked command in '/home/azthorax/fra333_ws/build/cocoax_description' returned '0': CMAKE_PREFIX_PATH=${CMAKE_PREFIX_PATH}:/opt/ros/foxy /usr/bin/cmake /home/azthorax/fra333_ws/src/fra333_lab4_25_v1/cocoax_description -DCMAKE_INSTALL_PREFIX=/home/azthorax/fra333_ws/install/cocoax_description
[0.662s] Invoking command in '/home/azthorax/fra333_ws/build/cocoax_description': CMAKE_PREFIX_PATH=${CMAKE_PREFIX_PATH}:/opt/ros/foxy /usr/bin/cmake --build /home/azthorax/fra333_ws/build/cocoax_description -- -j12 -l12
[0.694s] Invoked command in '/home/azthorax/fra333_ws/build/cocoax_description' returned '0': CMAKE_PREFIX_PATH=${CMAKE_PREFIX_PATH}:/opt/ros/foxy /usr/bin/cmake --build /home/azthorax/fra333_ws/build/cocoax_description -- -j12 -l12
[0.729s] Invoking command in '/home/azthorax/fra333_ws/build/cocoax_description': CMAKE_PREFIX_PATH=${CMAKE_PREFIX_PATH}:/opt/ros/foxy /usr/bin/cmake --install /home/azthorax/fra333_ws/build/cocoax_description
[0.743s] -- Install configuration: ""
[0.744s] -- Execute custom install script
[0.744s] -- Up-to-date symlink: /home/azthorax/fra333_ws/install/cocoax_description/share/cocoax_description/environment/pythonpath.sh
[0.745s] -- Up-to-date symlink: /home/azthorax/fra333_ws/install/cocoax_description/share/cocoax_description/environment/pythonpath.dsv
[0.745s] -- Up-to-date symlink: /home/azthorax/fra333_ws/install/cocoax_description/lib/python3.8/site-packages/cocoax_description/__init__.py
[0.745s] -- Up-to-date symlink: /home/azthorax/fra333_ws/install/cocoax_description/share/cocoax_description/meshes/end_effector.stl
[0.745s] -- Up-to-date symlink: /home/azthorax/fra333_ws/install/cocoax_description/share/cocoax_description/meshes/link_0.stl
[0.746s] -- Up-to-date symlink: /home/azthorax/fra333_ws/install/cocoax_description/share/cocoax_description/meshes/link_1.stl
[0.746s] -- Up-to-date symlink: /home/azthorax/fra333_ws/install/cocoax_description/share/cocoax_description/meshes/link_1c.stl
[0.746s] -- Up-to-date symlink: /home/azthorax/fra333_ws/install/cocoax_description/share/cocoax_description/meshes/link_2.stl
[0.746s] -- Up-to-date symlink: /home/azthorax/fra333_ws/install/cocoax_description/share/cocoax_description/meshes/link_3.stl
[0.746s] -- Up-to-date symlink: /home/azthorax/fra333_ws/install/cocoax_description/share/cocoax_description/meshes/link_3c.stl
[0.747s] -- Up-to-date symlink: /home/azthorax/fra333_ws/install/cocoax_description/share/cocoax_description/robot/cocoax_gazebo.xacro
[0.747s] -- Up-to-date symlink: /home/azthorax/fra333_ws/install/cocoax_description/share/cocoax_description/robot/cocoax_include.xacro
[0.747s] -- Up-to-date symlink: /home/azthorax/fra333_ws/install/cocoax_description/share/cocoax_description/robot/cocoax_robot.urdf.xacro
[0.747s] -- Up-to-date symlink: /home/azthorax/fra333_ws/install/cocoax_description/share/cocoax_description/launch/cocoax_display_wih_gazebo.launch.py
[0.747s] -- Up-to-date symlink: /home/azthorax/fra333_ws/install/cocoax_description/share/cocoax_description/config/cocoax.rviz
[0.748s] -- Up-to-date symlink: /home/azthorax/fra333_ws/install/cocoax_description/share/cocoax_description/config/cocoax_controller.yaml
[0.748s] -- Up-to-date symlink: /home/azthorax/fra333_ws/install/cocoax_description/share/ament_index/resource_index/package_run_dependencies/cocoax_description
[0.748s] -- Up-to-date symlink: /home/azthorax/fra333_ws/install/cocoax_description/share/ament_index/resource_index/parent_prefix_path/cocoax_description
[0.748s] -- Up-to-date symlink: /home/azthorax/fra333_ws/install/cocoax_description/share/cocoax_description/environment/ament_prefix_path.sh
[0.748s] -- Up-to-date symlink: /home/azthorax/fra333_ws/install/cocoax_description/share/cocoax_description/environment/ament_prefix_path.dsv
[0.748s] -- Up-to-date symlink: /home/azthorax/fra333_ws/install/cocoax_description/share/cocoax_description/environment/path.sh
[0.749s] -- Up-to-date symlink: /home/azthorax/fra333_ws/install/cocoax_description/share/cocoax_description/environment/path.dsv
[0.749s] -- Up-to-date symlink: /home/azthorax/fra333_ws/install/cocoax_description/share/cocoax_description/local_setup.bash
[0.749s] -- Up-to-date symlink: /home/azthorax/fra333_ws/install/cocoax_description/share/cocoax_description/local_setup.sh
[0.749s] -- Up-to-date symlink: /home/azthorax/fra333_ws/install/cocoax_description/share/cocoax_description/local_setup.zsh
[0.749s] -- Up-to-date symlink: /home/azthorax/fra333_ws/install/cocoax_description/share/cocoax_description/local_setup.dsv
[0.749s] -- Symlinking: /home/azthorax/fra333_ws/install/cocoax_description/share/cocoax_description/package.dsv
[0.760s] -- Up-to-date symlink: /home/azthorax/fra333_ws/install/cocoax_description/share/ament_index/resource_index/packages/cocoax_description
[0.760s] -- Up-to-date symlink: /home/azthorax/fra333_ws/install/cocoax_description/share/cocoax_description/cmake/cocoax_descriptionConfig.cmake
[0.760s] -- Up-to-date symlink: /home/azthorax/fra333_ws/install/cocoax_description/share/cocoax_description/cmake/cocoax_descriptionConfig-version.cmake
[0.761s] -- Up-to-date symlink: /home/azthorax/fra333_ws/install/cocoax_description/share/cocoax_description/package.xml
[0.791s] Listing '/home/azthorax/fra333_ws/install/cocoax_description/lib/python3.8/site-packages/cocoax_description'...
[0.797s] Invoked command in '/home/azthorax/fra333_ws/build/cocoax_description' returned '0': CMAKE_PREFIX_PATH=${CMAKE_PREFIX_PATH}:/opt/ros/foxy /usr/bin/cmake --install /home/azthorax/fra333_ws/build/cocoax_description
