[0.087s] Invoking command in '/home/azthorax/fra333_ws/build/cocoa_description': CMAKE_PREFIX_PATH=${CMAKE_PREFIX_PATH}:/opt/ros/foxy /usr/bin/cmake --build /home/azthorax/fra333_ws/build/cocoa_description -- -j12 -l12
[0.139s] Invoked command in '/home/azthorax/fra333_ws/build/cocoa_description' returned '0': CMAKE_PREFIX_PATH=${CMAKE_PREFIX_PATH}:/opt/ros/foxy /usr/bin/cmake --build /home/azthorax/fra333_ws/build/cocoa_description -- -j12 -l12
[0.191s] Invoking command in '/home/azthorax/fra333_ws/build/cocoa_description': CMAKE_PREFIX_PATH=${CMAKE_PREFIX_PATH}:/opt/ros/foxy /usr/bin/cmake --install /home/azthorax/fra333_ws/build/cocoa_description
[0.208s] -- Install configuration: ""
[0.208s] -- Execute custom install script
[0.209s] -- Up-to-date symlink: /home/azthorax/fra333_ws/install/cocoa_description/share/cocoa_description/environment/pythonpath.sh
[0.209s] -- Up-to-date symlink: /home/azthorax/fra333_ws/install/cocoa_description/share/cocoa_description/environment/pythonpath.dsv
[0.209s] -- Up-to-date symlink: /home/azthorax/fra333_ws/install/cocoa_description/lib/python3.8/site-packages/cocoa_description/__init__.py
[0.209s] -- Up-to-date symlink: /home/azthorax/fra333_ws/install/cocoa_description/lib/python3.8/site-packages/cocoa_description/cocoa_module.py
[0.209s] -- Up-to-date symlink: /home/azthorax/fra333_ws/install/cocoa_description/lib/cocoa_description/cocoa_script.py
[0.209s] -- Up-to-date symlink: /home/azthorax/fra333_ws/install/cocoa_description/share/cocoa_description/meshes/1.zip
[0.209s] -- Up-to-date symlink: /home/azthorax/fra333_ws/install/cocoa_description/share/cocoa_description/meshes/STL_with_orgin.zip
[0.209s] -- Up-to-date symlink: /home/azthorax/fra333_ws/install/cocoa_description/share/cocoa_description/meshes/base_link.STL
[0.209s] -- Up-to-date symlink: /home/azthorax/fra333_ws/install/cocoa_description/share/cocoa_description/meshes/end_effector.STL
[0.210s] -- Up-to-date symlink: /home/azthorax/fra333_ws/install/cocoa_description/share/cocoa_description/meshes/link_0.STL
[0.216s] -- Up-to-date symlink: /home/azthorax/fra333_ws/install/cocoa_description/share/cocoa_description/meshes/link_1.STL
[0.216s] -- Up-to-date symlink: /home/azthorax/fra333_ws/install/cocoa_description/share/cocoa_description/meshes/link_2.STL
[0.217s] -- Up-to-date symlink: /home/azthorax/fra333_ws/install/cocoa_description/share/cocoa_description/meshes/link_3.STL
[0.217s] -- Up-to-date symlink: /home/azthorax/fra333_ws/install/cocoa_description/share/cocoa_description/robot/cocoa.urdf.xml
[0.217s] -- Up-to-date symlink: /home/azthorax/fra333_ws/install/cocoa_description/share/cocoa_description/launch/display.launch.py
[0.217s] -- Symlinking: /home/azthorax/fra333_ws/install/cocoa_description/share/cocoa_description/config/cocoa.rviz
[0.225s] -- Up-to-date symlink: /home/azthorax/fra333_ws/install/cocoa_description/share/ament_index/resource_index/package_run_dependencies/cocoa_description
[0.226s] -- Up-to-date symlink: /home/azthorax/fra333_ws/install/cocoa_description/share/ament_index/resource_index/parent_prefix_path/cocoa_description
[0.227s] -- Up-to-date symlink: /home/azthorax/fra333_ws/install/cocoa_description/share/cocoa_description/environment/ament_prefix_path.sh
[0.227s] -- Up-to-date symlink: /home/azthorax/fra333_ws/install/cocoa_description/share/cocoa_description/environment/ament_prefix_path.dsv
[0.228s] -- Up-to-date symlink: /home/azthorax/fra333_ws/install/cocoa_description/share/cocoa_description/environment/path.sh
[0.228s] -- Up-to-date symlink: /home/azthorax/fra333_ws/install/cocoa_description/share/cocoa_description/environment/path.dsv
[0.228s] -- Up-to-date symlink: /home/azthorax/fra333_ws/install/cocoa_description/share/cocoa_description/local_setup.bash
[0.229s] -- Up-to-date symlink: /home/azthorax/fra333_ws/install/cocoa_description/share/cocoa_description/local_setup.sh
[0.230s] -- Up-to-date symlink: /home/azthorax/fra333_ws/install/cocoa_description/share/cocoa_description/local_setup.zsh
[0.230s] -- Up-to-date symlink: /home/azthorax/fra333_ws/install/cocoa_description/share/cocoa_description/local_setup.dsv
[0.231s] -- Symlinking: /home/azthorax/fra333_ws/install/cocoa_description/share/cocoa_description/package.dsv
[0.246s] -- Up-to-date symlink: /home/azthorax/fra333_ws/install/cocoa_description/share/ament_index/resource_index/packages/cocoa_description
[0.246s] -- Up-to-date symlink: /home/azthorax/fra333_ws/install/cocoa_description/share/cocoa_description/cmake/cocoa_descriptionConfig.cmake
[0.249s] -- Up-to-date symlink: /home/azthorax/fra333_ws/install/cocoa_description/share/cocoa_description/cmake/cocoa_descriptionConfig-version.cmake
[0.250s] -- Up-to-date symlink: /home/azthorax/fra333_ws/install/cocoa_description/share/cocoa_description/package.xml
[0.287s] Listing '/home/azthorax/fra333_ws/install/cocoa_description/lib/python3.8/site-packages/cocoa_description'...
[0.299s] Invoked command in '/home/azthorax/fra333_ws/build/cocoa_description' returned '0': CMAKE_PREFIX_PATH=${CMAKE_PREFIX_PATH}:/opt/ros/foxy /usr/bin/cmake --install /home/azthorax/fra333_ws/build/cocoa_description
