[0.074s] Invoking command in '/home/azthorax/fra333_ws/build/lab1_interfaces': CMAKE_PREFIX_PATH=${CMAKE_PREFIX_PATH}:/opt/ros/foxy /usr/bin/cmake --build /home/azthorax/fra333_ws/build/lab1_interfaces -- -j12 -l12
[0.125s] [  3%] Built target lab1_interfaces__cpp
[0.127s] [ 12%] Built target lab1_interfaces__rosidl_generator_c
[0.170s] [ 32%] Built target lab1_interfaces__rosidl_typesupport_introspection_cpp
[0.170s] [ 32%] Built target lab1_interfaces__rosidl_typesupport_introspection_c
[0.173s] [ 41%] Built target lab1_interfaces__rosidl_typesupport_c
[0.176s] [ 51%] Built target lab1_interfaces__rosidl_typesupport_fastrtps_cpp
[0.179s] [ 61%] Built target lab1_interfaces__rosidl_typesupport_cpp
[0.212s] [ 70%] Built target lab1_interfaces__rosidl_typesupport_fastrtps_c
[0.242s] [ 70%] Built target lab1_interfaces
[0.266s] [ 74%] Built target lab1_interfaces__py
[0.294s] [ 80%] Built target lab1_interfaces__python
[0.319s] [ 87%] Built target lab1_interfaces__rosidl_typesupport_c__pyext
[0.319s] [ 93%] Built target lab1_interfaces__rosidl_typesupport_introspection_c__pyext
[0.323s] [100%] Built target lab1_interfaces__rosidl_typesupport_fastrtps_c__pyext
[0.408s] Invoked command in '/home/azthorax/fra333_ws/build/lab1_interfaces' returned '0': CMAKE_PREFIX_PATH=${CMAKE_PREFIX_PATH}:/opt/ros/foxy /usr/bin/cmake --build /home/azthorax/fra333_ws/build/lab1_interfaces -- -j12 -l12
[0.501s] Invoking command in '/home/azthorax/fra333_ws/build/lab1_interfaces': CMAKE_PREFIX_PATH=${CMAKE_PREFIX_PATH}:/opt/ros/foxy /usr/bin/cmake --install /home/azthorax/fra333_ws/build/lab1_interfaces
[0.509s] -- Install configuration: ""
[0.509s] -- Execute custom install script
[0.509s] -- Up-to-date symlink: /home/azthorax/fra333_ws/install/lab1_interfaces/share/ament_index/resource_index/rosidl_interfaces/lab1_interfaces
[0.510s] -- Up-to-date symlink: /home/azthorax/fra333_ws/install/lab1_interfaces/include/lab1_interfaces/msg/rosidl_generator_c__visibility_control.h
[0.510s] -- Up-to-date symlink: /home/azthorax/fra333_ws/install/lab1_interfaces/include/lab1_interfaces/srv/detail/set_noise__functions.h
[0.510s] -- Up-to-date symlink: /home/azthorax/fra333_ws/install/lab1_interfaces/include/lab1_interfaces/srv/detail/set_noise__struct.h
[0.510s] -- Up-to-date symlink: /home/azthorax/fra333_ws/install/lab1_interfaces/include/lab1_interfaces/srv/detail/set_noise__type_support.h
[0.510s] -- Up-to-date symlink: /home/azthorax/fra333_ws/install/lab1_interfaces/include/lab1_interfaces/srv/set_noise.h
[0.511s] -- Up-to-date symlink: /home/azthorax/fra333_ws/install/lab1_interfaces/share/lab1_interfaces/environment/library_path.sh
[0.511s] -- Up-to-date symlink: /home/azthorax/fra333_ws/install/lab1_interfaces/share/lab1_interfaces/environment/library_path.dsv
[0.511s] -- Up-to-date symlink: /home/azthorax/fra333_ws/install/lab1_interfaces/include/lab1_interfaces/msg/rosidl_typesupport_fastrtps_c__visibility_control.h
[0.511s] -- Up-to-date symlink: /home/azthorax/fra333_ws/install/lab1_interfaces/include/lab1_interfaces/srv/detail/set_noise__rosidl_typesupport_fastrtps_c.h
[0.512s] -- Up-to-date symlink: /home/azthorax/fra333_ws/install/lab1_interfaces/lib/liblab1_interfaces__rosidl_typesupport_fastrtps_c.so
[0.512s] -- Up-to-date symlink: /home/azthorax/fra333_ws/install/lab1_interfaces/include/lab1_interfaces/msg/rosidl_typesupport_fastrtps_cpp__visibility_control.h
[0.512s] -- Up-to-date symlink: /home/azthorax/fra333_ws/install/lab1_interfaces/include/lab1_interfaces/srv/detail/set_noise__rosidl_typesupport_fastrtps_cpp.hpp
[0.513s] -- Up-to-date symlink: /home/azthorax/fra333_ws/install/lab1_interfaces/lib/liblab1_interfaces__rosidl_typesupport_fastrtps_cpp.so
[0.513s] -- Up-to-date symlink: /home/azthorax/fra333_ws/install/lab1_interfaces/include/lab1_interfaces/msg/rosidl_typesupport_introspection_c__visibility_control.h
[0.513s] -- Up-to-date symlink: /home/azthorax/fra333_ws/install/lab1_interfaces/include/lab1_interfaces/srv/detail/set_noise__rosidl_typesupport_introspection_c.h
[0.514s] -- Up-to-date symlink: /home/azthorax/fra333_ws/install/lab1_interfaces/include/lab1_interfaces/srv/detail/set_noise__builder.hpp
[0.514s] -- Up-to-date symlink: /home/azthorax/fra333_ws/install/lab1_interfaces/include/lab1_interfaces/srv/detail/set_noise__struct.hpp
[0.514s] -- Up-to-date symlink: /home/azthorax/fra333_ws/install/lab1_interfaces/include/lab1_interfaces/srv/detail/set_noise__traits.hpp
[0.514s] -- Up-to-date symlink: /home/azthorax/fra333_ws/install/lab1_interfaces/include/lab1_interfaces/srv/set_noise.hpp
[0.515s] -- Up-to-date symlink: /home/azthorax/fra333_ws/install/lab1_interfaces/include/lab1_interfaces/srv/detail/set_noise__rosidl_typesupport_introspection_cpp.hpp
[0.515s] -- Up-to-date symlink: /home/azthorax/fra333_ws/install/lab1_interfaces/share/lab1_interfaces/environment/pythonpath.sh
[0.515s] -- Up-to-date symlink: /home/azthorax/fra333_ws/install/lab1_interfaces/share/lab1_interfaces/environment/pythonpath.dsv
[0.515s] -- Up-to-date symlink: /home/azthorax/fra333_ws/install/lab1_interfaces/lib/python3.8/site-packages/lab1_interfaces/__init__.py
[0.516s] -- Up-to-date symlink: /home/azthorax/fra333_ws/install/lab1_interfaces/lib/python3.8/site-packages/lab1_interfaces/srv/__init__.py
[0.516s] -- Up-to-date symlink: /home/azthorax/fra333_ws/install/lab1_interfaces/lib/python3.8/site-packages/lab1_interfaces/srv/_set_noise.py
[0.517s] -- Up-to-date symlink: /home/azthorax/fra333_ws/install/lab1_interfaces/lib/python3.8/site-packages/lab1_interfaces/lab1_interfaces_s__rosidl_typesupport_fastrtps_c.cpython-38-x86_64-linux-gnu.so
[0.517s] -- Up-to-date symlink: /home/azthorax/fra333_ws/install/lab1_interfaces/lib/python3.8/site-packages/lab1_interfaces/lab1_interfaces_s__rosidl_typesupport_introspection_c.cpython-38-x86_64-linux-gnu.so
[0.518s] -- Up-to-date symlink: /home/azthorax/fra333_ws/install/lab1_interfaces/lib/python3.8/site-packages/lab1_interfaces/lab1_interfaces_s__rosidl_typesupport_c.cpython-38-x86_64-linux-gnu.so
[0.519s] -- Up-to-date symlink: /home/azthorax/fra333_ws/install/lab1_interfaces/lib/liblab1_interfaces__python.so
[0.520s] -- Up-to-date symlink: /home/azthorax/fra333_ws/install/lab1_interfaces/share/lab1_interfaces/srv/SetNoise.idl
[0.520s] -- Up-to-date symlink: /home/azthorax/fra333_ws/install/lab1_interfaces/share/lab1_interfaces/srv/SetNoise.srv
[0.521s] -- Up-to-date symlink: /home/azthorax/fra333_ws/install/lab1_interfaces/share/lab1_interfaces/srv/SetNoise_Request.msg
[0.521s] -- Up-to-date symlink: /home/azthorax/fra333_ws/install/lab1_interfaces/share/lab1_interfaces/srv/SetNoise_Response.msg
[0.522s] -- Up-to-date symlink: /home/azthorax/fra333_ws/install/lab1_interfaces/share/ament_index/resource_index/package_run_dependencies/lab1_interfaces
[0.523s] -- Up-to-date symlink: /home/azthorax/fra333_ws/install/lab1_interfaces/share/ament_index/resource_index/parent_prefix_path/lab1_interfaces
[0.523s] -- Up-to-date symlink: /home/azthorax/fra333_ws/install/lab1_interfaces/share/lab1_interfaces/environment/ament_prefix_path.sh
[0.523s] -- Up-to-date symlink: /home/azthorax/fra333_ws/install/lab1_interfaces/share/lab1_interfaces/environment/ament_prefix_path.dsv
[0.524s] -- Up-to-date symlink: /home/azthorax/fra333_ws/install/lab1_interfaces/share/lab1_interfaces/environment/path.sh
[0.524s] -- Up-to-date symlink: /home/azthorax/fra333_ws/install/lab1_interfaces/share/lab1_interfaces/environment/path.dsv
[0.525s] -- Up-to-date symlink: /home/azthorax/fra333_ws/install/lab1_interfaces/share/lab1_interfaces/local_setup.bash
[0.525s] -- Up-to-date symlink: /home/azthorax/fra333_ws/install/lab1_interfaces/share/lab1_interfaces/local_setup.sh
[0.525s] -- Up-to-date symlink: /home/azthorax/fra333_ws/install/lab1_interfaces/share/lab1_interfaces/local_setup.zsh
[0.526s] -- Up-to-date symlink: /home/azthorax/fra333_ws/install/lab1_interfaces/share/lab1_interfaces/local_setup.dsv
[0.526s] -- Symlinking: /home/azthorax/fra333_ws/install/lab1_interfaces/share/lab1_interfaces/package.dsv
[0.534s] -- Up-to-date symlink: /home/azthorax/fra333_ws/install/lab1_interfaces/share/ament_index/resource_index/packages/lab1_interfaces
[0.534s] -- Up-to-date symlink: /home/azthorax/fra333_ws/install/lab1_interfaces/share/lab1_interfaces/cmake/rosidl_cmake-extras.cmake
[0.534s] -- Up-to-date symlink: /home/azthorax/fra333_ws/install/lab1_interfaces/share/lab1_interfaces/cmake/ament_cmake_export_dependencies-extras.cmake
[0.534s] -- Up-to-date symlink: /home/azthorax/fra333_ws/install/lab1_interfaces/share/lab1_interfaces/cmake/ament_cmake_export_libraries-extras.cmake
[0.535s] -- Up-to-date symlink: /home/azthorax/fra333_ws/install/lab1_interfaces/share/lab1_interfaces/cmake/ament_cmake_export_targets-extras.cmake
[0.535s] -- Up-to-date symlink: /home/azthorax/fra333_ws/install/lab1_interfaces/share/lab1_interfaces/cmake/ament_cmake_export_include_directories-extras.cmake
[0.535s] -- Up-to-date symlink: /home/azthorax/fra333_ws/install/lab1_interfaces/share/lab1_interfaces/cmake/rosidl_cmake_export_typesupport_libraries-extras.cmake
[0.535s] -- Up-to-date symlink: /home/azthorax/fra333_ws/install/lab1_interfaces/share/lab1_interfaces/cmake/rosidl_cmake_export_typesupport_targets-extras.cmake
[0.536s] -- Up-to-date symlink: /home/azthorax/fra333_ws/install/lab1_interfaces/share/lab1_interfaces/cmake/lab1_interfacesConfig.cmake
[0.536s] -- Up-to-date symlink: /home/azthorax/fra333_ws/install/lab1_interfaces/share/lab1_interfaces/cmake/lab1_interfacesConfig-version.cmake
[0.536s] -- Up-to-date symlink: /home/azthorax/fra333_ws/install/lab1_interfaces/share/lab1_interfaces/package.xml
[0.536s] -- Up-to-date: /home/azthorax/fra333_ws/install/lab1_interfaces/lib/liblab1_interfaces__rosidl_generator_c.so
[0.536s] -- Up-to-date: /home/azthorax/fra333_ws/install/lab1_interfaces/lib/liblab1_interfaces__rosidl_typesupport_introspection_c.so
[0.537s] -- Up-to-date: /home/azthorax/fra333_ws/install/lab1_interfaces/lib/liblab1_interfaces__rosidl_typesupport_c.so
[0.537s] -- Up-to-date: /home/azthorax/fra333_ws/install/lab1_interfaces/lib/liblab1_interfaces__rosidl_typesupport_introspection_cpp.so
[0.537s] -- Up-to-date: /home/azthorax/fra333_ws/install/lab1_interfaces/lib/liblab1_interfaces__rosidl_typesupport_cpp.so
[0.571s] -- Up-to-date: /home/azthorax/fra333_ws/install/lab1_interfaces/share/lab1_interfaces/cmake/lab1_interfaces__rosidl_generator_cExport.cmake
[0.572s] -- Up-to-date: /home/azthorax/fra333_ws/install/lab1_interfaces/share/lab1_interfaces/cmake/lab1_interfaces__rosidl_generator_cExport-noconfig.cmake
[0.572s] -- Up-to-date: /home/azthorax/fra333_ws/install/lab1_interfaces/share/lab1_interfaces/cmake/lab1_interfaces__rosidl_typesupport_introspection_cExport.cmake
[0.572s] -- Up-to-date: /home/azthorax/fra333_ws/install/lab1_interfaces/share/lab1_interfaces/cmake/lab1_interfaces__rosidl_typesupport_introspection_cExport-noconfig.cmake
[0.572s] -- Up-to-date: /home/azthorax/fra333_ws/install/lab1_interfaces/share/lab1_interfaces/cmake/lab1_interfaces__rosidl_typesupport_cExport.cmake
[0.573s] -- Up-to-date: /home/azthorax/fra333_ws/install/lab1_interfaces/share/lab1_interfaces/cmake/lab1_interfaces__rosidl_typesupport_cExport-noconfig.cmake
[0.573s] -- Up-to-date: /home/azthorax/fra333_ws/install/lab1_interfaces/share/lab1_interfaces/cmake/lab1_interfaces__rosidl_generator_cppExport.cmake
[0.573s] -- Up-to-date: /home/azthorax/fra333_ws/install/lab1_interfaces/share/lab1_interfaces/cmake/lab1_interfaces__rosidl_typesupport_introspection_cppExport.cmake
[0.574s] -- Up-to-date: /home/azthorax/fra333_ws/install/lab1_interfaces/share/lab1_interfaces/cmake/lab1_interfaces__rosidl_typesupport_introspection_cppExport-noconfig.cmake
[0.574s] -- Up-to-date: /home/azthorax/fra333_ws/install/lab1_interfaces/share/lab1_interfaces/cmake/lab1_interfaces__rosidl_typesupport_cppExport.cmake
[0.580s] -- Up-to-date: /home/azthorax/fra333_ws/install/lab1_interfaces/share/lab1_interfaces/cmake/lab1_interfaces__rosidl_typesupport_cppExport-noconfig.cmake
[0.581s] Invoked command in '/home/azthorax/fra333_ws/build/lab1_interfaces' returned '0': CMAKE_PREFIX_PATH=${CMAKE_PREFIX_PATH}:/opt/ros/foxy /usr/bin/cmake --install /home/azthorax/fra333_ws/build/lab1_interfaces
