[0.032s] Invoking command in '/home/azthorax/fra333_ws/build/cocoax_interfaces': CMAKE_PREFIX_PATH=${CMAKE_PREFIX_PATH}:/opt/ros/foxy /usr/bin/cmake /home/azthorax/fra333_ws/src/fra333_lab4_25_v1/cocoax_interfaces -DCMAKE_INSTALL_PREFIX=/home/azthorax/fra333_ws/install/cocoax_interfaces
[0.050s] -- Found ament_cmake: 0.9.11 (/opt/ros/foxy/share/ament_cmake/cmake)
[0.078s] -- Found PythonInterp: /usr/bin/python3 (found suitable version "3.8.10", minimum required is "3") 
[0.078s] -- Using PYTHON_EXECUTABLE: /usr/bin/python3
[0.253s] -- Override CMake install command with custom implementation using symlinks instead of copying resources
[0.259s] -- Found ament_lint_auto: 0.9.7 (/opt/ros/foxy/share/ament_lint_auto/cmake)
[0.322s] -- Found rosidl_default_generators: 1.0.1 (/opt/ros/foxy/share/rosidl_default_generators/cmake)
[0.326s] -- Using all available rosidl_typesupport_c: rosidl_typesupport_fastrtps_c;rosidl_typesupport_introspection_c
[0.328s] -- Found rosidl_adapter: 1.3.0 (/opt/ros/foxy/share/rosidl_adapter/cmake)
[0.447s] -- Using all available rosidl_typesupport_cpp: rosidl_typesupport_fastrtps_cpp;rosidl_typesupport_introspection_cpp
[0.469s] -- Found geometry_msgs: 2.0.5 (/opt/ros/foxy/share/geometry_msgs/cmake)
[0.532s] -- Found sensor_msgs: 2.0.5 (/opt/ros/foxy/share/sensor_msgs/cmake)
[0.625s] -- Found PythonInterp: /usr/bin/python3 (found version "3.8.10") 
[0.797s] -- Found ament_cmake_ros: 0.9.2 (/opt/ros/foxy/share/ament_cmake_ros/cmake)
[1.084s] -- Using all available rosidl_typesupport_c: rosidl_typesupport_fastrtps_c;rosidl_typesupport_introspection_c
[1.220s] -- Using all available rosidl_typesupport_cpp: rosidl_typesupport_fastrtps_cpp;rosidl_typesupport_introspection_cpp
[1.251s] -- Found PythonInterp: /usr/bin/python3 (found suitable version "3.8.10", minimum required is "3.5") 
[1.251s] -- Found python_cmake_module: 0.8.1 (/opt/ros/foxy/share/python_cmake_module/cmake)
[1.279s] -- Using PYTHON_EXECUTABLE: /usr/bin/python3
[1.279s] -- Using PYTHON_INCLUDE_DIRS: /usr/include/python3.8
[1.279s] -- Using PYTHON_LIBRARIES: /usr/lib/x86_64-linux-gnu/libpython3.8.so
[1.351s] -- Added test 'copyright' to check source files copyright and LICENSE
[1.352s] -- Added test 'lint_cmake' to check CMake code style
[1.353s] -- Added test 'xmllint' to check XML markup files
[1.358s] -- Configuring done
[1.419s] -- Generating done
[1.422s] -- Build files have been written to: /home/azthorax/fra333_ws/build/cocoax_interfaces
[1.427s] Invoked command in '/home/azthorax/fra333_ws/build/cocoax_interfaces' returned '0': CMAKE_PREFIX_PATH=${CMAKE_PREFIX_PATH}:/opt/ros/foxy /usr/bin/cmake /home/azthorax/fra333_ws/src/fra333_lab4_25_v1/cocoax_interfaces -DCMAKE_INSTALL_PREFIX=/home/azthorax/fra333_ws/install/cocoax_interfaces
[1.430s] Invoking command in '/home/azthorax/fra333_ws/build/cocoax_interfaces': CMAKE_PREFIX_PATH=${CMAKE_PREFIX_PATH}:/opt/ros/foxy /usr/bin/cmake --build /home/azthorax/fra333_ws/build/cocoax_interfaces -- -j12 -l12
[1.502s] [ 11%] Built target cocoax_interfaces__rosidl_generator_c
[1.502s] [ 12%] Built target cocoax_interfaces__cpp
[1.534s] [ 23%] Built target cocoax_interfaces__rosidl_typesupport_introspection_cpp
[1.538s] [ 35%] Built target cocoax_interfaces__rosidl_typesupport_fastrtps_cpp
[1.538s] [ 46%] Built target cocoax_interfaces__rosidl_typesupport_cpp
[1.562s] [ 57%] Built target cocoax_interfaces__rosidl_typesupport_introspection_c
[1.564s] [ 69%] Built target cocoax_interfaces__rosidl_typesupport_c
[1.573s] [ 80%] Built target cocoax_interfaces__rosidl_typesupport_fastrtps_c
[1.598s] [ 80%] Built target cocoax_interfaces
[1.635s] [ 81%] Built target cocoax_interfaces__py
[1.674s] [ 91%] Built target cocoax_interfaces__python
[1.714s] [ 94%] Built target cocoax_interfaces__rosidl_typesupport_c__pyext
[1.717s] [ 97%] Built target cocoax_interfaces__rosidl_typesupport_fastrtps_c__pyext
[1.718s] [100%] Built target cocoax_interfaces__rosidl_typesupport_introspection_c__pyext
[1.735s] Invoked command in '/home/azthorax/fra333_ws/build/cocoax_interfaces' returned '0': CMAKE_PREFIX_PATH=${CMAKE_PREFIX_PATH}:/opt/ros/foxy /usr/bin/cmake --build /home/azthorax/fra333_ws/build/cocoax_interfaces -- -j12 -l12
[1.833s] Invoking command in '/home/azthorax/fra333_ws/build/cocoax_interfaces': CMAKE_PREFIX_PATH=${CMAKE_PREFIX_PATH}:/opt/ros/foxy /usr/bin/cmake --install /home/azthorax/fra333_ws/build/cocoax_interfaces
[1.839s] -- Install configuration: ""
[1.839s] -- Execute custom install script
[1.839s] -- Up-to-date symlink: /home/azthorax/fra333_ws/install/cocoax_interfaces/share/ament_index/resource_index/rosidl_interfaces/cocoax_interfaces
[1.840s] -- Up-to-date symlink: /home/azthorax/fra333_ws/install/cocoax_interfaces/include/cocoax_interfaces/msg/cocoa_control_ref.h
[1.840s] -- Up-to-date symlink: /home/azthorax/fra333_ws/install/cocoax_interfaces/include/cocoax_interfaces/msg/cocoa_position_proximity.h
[1.841s] -- Up-to-date symlink: /home/azthorax/fra333_ws/install/cocoax_interfaces/include/cocoax_interfaces/msg/detail/cocoa_control_ref__functions.h
[1.841s] -- Up-to-date symlink: /home/azthorax/fra333_ws/install/cocoax_interfaces/include/cocoax_interfaces/msg/detail/cocoa_control_ref__struct.h
[1.841s] -- Up-to-date symlink: /home/azthorax/fra333_ws/install/cocoax_interfaces/include/cocoax_interfaces/msg/detail/cocoa_control_ref__type_support.h
[1.841s] -- Up-to-date symlink: /home/azthorax/fra333_ws/install/cocoax_interfaces/include/cocoax_interfaces/msg/detail/cocoa_position_proximity__functions.h
[1.841s] -- Up-to-date symlink: /home/azthorax/fra333_ws/install/cocoax_interfaces/include/cocoax_interfaces/msg/detail/cocoa_position_proximity__struct.h
[1.842s] -- Up-to-date symlink: /home/azthorax/fra333_ws/install/cocoax_interfaces/include/cocoax_interfaces/msg/detail/cocoa_position_proximity__type_support.h
[1.842s] -- Up-to-date symlink: /home/azthorax/fra333_ws/install/cocoax_interfaces/include/cocoax_interfaces/msg/rosidl_generator_c__visibility_control.h
[1.842s] -- Up-to-date symlink: /home/azthorax/fra333_ws/install/cocoax_interfaces/include/cocoax_interfaces/srv/cocoa_x_enable.h
[1.842s] -- Up-to-date symlink: /home/azthorax/fra333_ws/install/cocoax_interfaces/include/cocoax_interfaces/srv/cocoa_x_generator.h
[1.842s] -- Up-to-date symlink: /home/azthorax/fra333_ws/install/cocoax_interfaces/include/cocoax_interfaces/srv/cocoa_xfk.h
[1.842s] -- Up-to-date symlink: /home/azthorax/fra333_ws/install/cocoax_interfaces/include/cocoax_interfaces/srv/cocoa_xik.h
[1.843s] -- Up-to-date symlink: /home/azthorax/fra333_ws/install/cocoax_interfaces/include/cocoax_interfaces/srv/detail/cocoa_x_enable__functions.h
[1.843s] -- Up-to-date symlink: /home/azthorax/fra333_ws/install/cocoax_interfaces/include/cocoax_interfaces/srv/detail/cocoa_x_enable__struct.h
[1.843s] -- Up-to-date symlink: /home/azthorax/fra333_ws/install/cocoax_interfaces/include/cocoax_interfaces/srv/detail/cocoa_x_enable__type_support.h
[1.843s] -- Up-to-date symlink: /home/azthorax/fra333_ws/install/cocoax_interfaces/include/cocoax_interfaces/srv/detail/cocoa_x_generator__functions.h
[1.843s] -- Up-to-date symlink: /home/azthorax/fra333_ws/install/cocoax_interfaces/include/cocoax_interfaces/srv/detail/cocoa_x_generator__struct.h
[1.843s] -- Up-to-date symlink: /home/azthorax/fra333_ws/install/cocoax_interfaces/include/cocoax_interfaces/srv/detail/cocoa_x_generator__type_support.h
[1.844s] -- Up-to-date symlink: /home/azthorax/fra333_ws/install/cocoax_interfaces/include/cocoax_interfaces/srv/detail/cocoa_xfk__functions.h
[1.844s] -- Up-to-date symlink: /home/azthorax/fra333_ws/install/cocoax_interfaces/include/cocoax_interfaces/srv/detail/cocoa_xfk__struct.h
[1.844s] -- Up-to-date symlink: /home/azthorax/fra333_ws/install/cocoax_interfaces/include/cocoax_interfaces/srv/detail/cocoa_xfk__type_support.h
[1.844s] -- Up-to-date symlink: /home/azthorax/fra333_ws/install/cocoax_interfaces/include/cocoax_interfaces/srv/detail/cocoa_xik__functions.h
[1.844s] -- Up-to-date symlink: /home/azthorax/fra333_ws/install/cocoax_interfaces/include/cocoax_interfaces/srv/detail/cocoa_xik__struct.h
[1.844s] -- Up-to-date symlink: /home/azthorax/fra333_ws/install/cocoax_interfaces/include/cocoax_interfaces/srv/detail/cocoa_xik__type_support.h
[1.845s] -- Up-to-date symlink: /home/azthorax/fra333_ws/install/cocoax_interfaces/share/cocoax_interfaces/environment/library_path.sh
[1.845s] -- Up-to-date symlink: /home/azthorax/fra333_ws/install/cocoax_interfaces/share/cocoax_interfaces/environment/library_path.dsv
[1.845s] -- Up-to-date symlink: /home/azthorax/fra333_ws/install/cocoax_interfaces/include/cocoax_interfaces/msg/detail/cocoa_control_ref__rosidl_typesupport_fastrtps_c.h
[1.845s] -- Up-to-date symlink: /home/azthorax/fra333_ws/install/cocoax_interfaces/include/cocoax_interfaces/msg/detail/cocoa_position_proximity__rosidl_typesupport_fastrtps_c.h
[1.845s] -- Up-to-date symlink: /home/azthorax/fra333_ws/install/cocoax_interfaces/include/cocoax_interfaces/msg/rosidl_typesupport_fastrtps_c__visibility_control.h
[1.845s] -- Up-to-date symlink: /home/azthorax/fra333_ws/install/cocoax_interfaces/include/cocoax_interfaces/srv/detail/cocoa_x_enable__rosidl_typesupport_fastrtps_c.h
[1.846s] -- Up-to-date symlink: /home/azthorax/fra333_ws/install/cocoax_interfaces/include/cocoax_interfaces/srv/detail/cocoa_x_generator__rosidl_typesupport_fastrtps_c.h
[1.846s] -- Up-to-date symlink: /home/azthorax/fra333_ws/install/cocoax_interfaces/include/cocoax_interfaces/srv/detail/cocoa_xfk__rosidl_typesupport_fastrtps_c.h
[1.846s] -- Up-to-date symlink: /home/azthorax/fra333_ws/install/cocoax_interfaces/include/cocoax_interfaces/srv/detail/cocoa_xik__rosidl_typesupport_fastrtps_c.h
[1.846s] -- Up-to-date symlink: /home/azthorax/fra333_ws/install/cocoax_interfaces/lib/libcocoax_interfaces__rosidl_typesupport_fastrtps_c.so
[1.846s] -- Up-to-date symlink: /home/azthorax/fra333_ws/install/cocoax_interfaces/include/cocoax_interfaces/msg/detail/cocoa_control_ref__rosidl_typesupport_fastrtps_cpp.hpp
[1.847s] -- Up-to-date symlink: /home/azthorax/fra333_ws/install/cocoax_interfaces/include/cocoax_interfaces/msg/detail/cocoa_position_proximity__rosidl_typesupport_fastrtps_cpp.hpp
[1.847s] -- Up-to-date symlink: /home/azthorax/fra333_ws/install/cocoax_interfaces/include/cocoax_interfaces/msg/rosidl_typesupport_fastrtps_cpp__visibility_control.h
[1.847s] -- Up-to-date symlink: /home/azthorax/fra333_ws/install/cocoax_interfaces/include/cocoax_interfaces/srv/detail/cocoa_x_enable__rosidl_typesupport_fastrtps_cpp.hpp
[1.847s] -- Up-to-date symlink: /home/azthorax/fra333_ws/install/cocoax_interfaces/include/cocoax_interfaces/srv/detail/cocoa_x_generator__rosidl_typesupport_fastrtps_cpp.hpp
[1.847s] -- Up-to-date symlink: /home/azthorax/fra333_ws/install/cocoax_interfaces/include/cocoax_interfaces/srv/detail/cocoa_xfk__rosidl_typesupport_fastrtps_cpp.hpp
[1.847s] -- Up-to-date symlink: /home/azthorax/fra333_ws/install/cocoax_interfaces/include/cocoax_interfaces/srv/detail/cocoa_xik__rosidl_typesupport_fastrtps_cpp.hpp
[1.847s] -- Up-to-date symlink: /home/azthorax/fra333_ws/install/cocoax_interfaces/lib/libcocoax_interfaces__rosidl_typesupport_fastrtps_cpp.so
[1.848s] -- Up-to-date symlink: /home/azthorax/fra333_ws/install/cocoax_interfaces/include/cocoax_interfaces/msg/detail/cocoa_control_ref__rosidl_typesupport_introspection_c.h
[1.848s] -- Up-to-date symlink: /home/azthorax/fra333_ws/install/cocoax_interfaces/include/cocoax_interfaces/msg/detail/cocoa_position_proximity__rosidl_typesupport_introspection_c.h
[1.848s] -- Up-to-date symlink: /home/azthorax/fra333_ws/install/cocoax_interfaces/include/cocoax_interfaces/msg/rosidl_typesupport_introspection_c__visibility_control.h
[1.848s] -- Up-to-date symlink: /home/azthorax/fra333_ws/install/cocoax_interfaces/include/cocoax_interfaces/srv/detail/cocoa_x_enable__rosidl_typesupport_introspection_c.h
[1.848s] -- Up-to-date symlink: /home/azthorax/fra333_ws/install/cocoax_interfaces/include/cocoax_interfaces/srv/detail/cocoa_x_generator__rosidl_typesupport_introspection_c.h
[1.848s] -- Up-to-date symlink: /home/azthorax/fra333_ws/install/cocoax_interfaces/include/cocoax_interfaces/srv/detail/cocoa_xfk__rosidl_typesupport_introspection_c.h
[1.849s] -- Up-to-date symlink: /home/azthorax/fra333_ws/install/cocoax_interfaces/include/cocoax_interfaces/srv/detail/cocoa_xik__rosidl_typesupport_introspection_c.h
[1.849s] -- Up-to-date symlink: /home/azthorax/fra333_ws/install/cocoax_interfaces/include/cocoax_interfaces/msg/cocoa_control_ref.hpp
[1.849s] -- Up-to-date symlink: /home/azthorax/fra333_ws/install/cocoax_interfaces/include/cocoax_interfaces/msg/cocoa_position_proximity.hpp
[1.849s] -- Up-to-date symlink: /home/azthorax/fra333_ws/install/cocoax_interfaces/include/cocoax_interfaces/msg/detail/cocoa_control_ref__builder.hpp
[1.849s] -- Up-to-date symlink: /home/azthorax/fra333_ws/install/cocoax_interfaces/include/cocoax_interfaces/msg/detail/cocoa_control_ref__struct.hpp
[1.849s] -- Up-to-date symlink: /home/azthorax/fra333_ws/install/cocoax_interfaces/include/cocoax_interfaces/msg/detail/cocoa_control_ref__traits.hpp
[1.850s] -- Up-to-date symlink: /home/azthorax/fra333_ws/install/cocoax_interfaces/include/cocoax_interfaces/msg/detail/cocoa_position_proximity__builder.hpp
[1.850s] -- Up-to-date symlink: /home/azthorax/fra333_ws/install/cocoax_interfaces/include/cocoax_interfaces/msg/detail/cocoa_position_proximity__struct.hpp
[1.850s] -- Up-to-date symlink: /home/azthorax/fra333_ws/install/cocoax_interfaces/include/cocoax_interfaces/msg/detail/cocoa_position_proximity__traits.hpp
[1.850s] -- Up-to-date symlink: /home/azthorax/fra333_ws/install/cocoax_interfaces/include/cocoax_interfaces/srv/cocoa_x_enable.hpp
[1.850s] -- Up-to-date symlink: /home/azthorax/fra333_ws/install/cocoax_interfaces/include/cocoax_interfaces/srv/cocoa_x_generator.hpp
[1.850s] -- Up-to-date symlink: /home/azthorax/fra333_ws/install/cocoax_interfaces/include/cocoax_interfaces/srv/cocoa_xfk.hpp
[1.850s] -- Up-to-date symlink: /home/azthorax/fra333_ws/install/cocoax_interfaces/include/cocoax_interfaces/srv/cocoa_xik.hpp
[1.850s] -- Up-to-date symlink: /home/azthorax/fra333_ws/install/cocoax_interfaces/include/cocoax_interfaces/srv/detail/cocoa_x_enable__builder.hpp
[1.850s] -- Up-to-date symlink: /home/azthorax/fra333_ws/install/cocoax_interfaces/include/cocoax_interfaces/srv/detail/cocoa_x_enable__struct.hpp
[1.850s] -- Up-to-date symlink: /home/azthorax/fra333_ws/install/cocoax_interfaces/include/cocoax_interfaces/srv/detail/cocoa_x_enable__traits.hpp
[1.850s] -- Up-to-date symlink: /home/azthorax/fra333_ws/install/cocoax_interfaces/include/cocoax_interfaces/srv/detail/cocoa_x_generator__builder.hpp
[1.850s] -- Up-to-date symlink: /home/azthorax/fra333_ws/install/cocoax_interfaces/include/cocoax_interfaces/srv/detail/cocoa_x_generator__struct.hpp
[1.850s] -- Up-to-date symlink: /home/azthorax/fra333_ws/install/cocoax_interfaces/include/cocoax_interfaces/srv/detail/cocoa_x_generator__traits.hpp
[1.850s] -- Up-to-date symlink: /home/azthorax/fra333_ws/install/cocoax_interfaces/include/cocoax_interfaces/srv/detail/cocoa_xfk__builder.hpp
[1.851s] -- Up-to-date symlink: /home/azthorax/fra333_ws/install/cocoax_interfaces/include/cocoax_interfaces/srv/detail/cocoa_xfk__struct.hpp
[1.851s] -- Up-to-date symlink: /home/azthorax/fra333_ws/install/cocoax_interfaces/include/cocoax_interfaces/srv/detail/cocoa_xfk__traits.hpp
[1.851s] -- Up-to-date symlink: /home/azthorax/fra333_ws/install/cocoax_interfaces/include/cocoax_interfaces/srv/detail/cocoa_xik__builder.hpp
[1.851s] -- Up-to-date symlink: /home/azthorax/fra333_ws/install/cocoax_interfaces/include/cocoax_interfaces/srv/detail/cocoa_xik__struct.hpp
[1.851s] -- Up-to-date symlink: /home/azthorax/fra333_ws/install/cocoax_interfaces/include/cocoax_interfaces/srv/detail/cocoa_xik__traits.hpp
[1.851s] -- Up-to-date symlink: /home/azthorax/fra333_ws/install/cocoax_interfaces/include/cocoax_interfaces/msg/detail/cocoa_control_ref__rosidl_typesupport_introspection_cpp.hpp
[1.852s] -- Up-to-date symlink: /home/azthorax/fra333_ws/install/cocoax_interfaces/include/cocoax_interfaces/msg/detail/cocoa_position_proximity__rosidl_typesupport_introspection_cpp.hpp
[1.852s] -- Up-to-date symlink: /home/azthorax/fra333_ws/install/cocoax_interfaces/include/cocoax_interfaces/srv/detail/cocoa_x_enable__rosidl_typesupport_introspection_cpp.hpp
[1.852s] -- Up-to-date symlink: /home/azthorax/fra333_ws/install/cocoax_interfaces/include/cocoax_interfaces/srv/detail/cocoa_x_generator__rosidl_typesupport_introspection_cpp.hpp
[1.852s] -- Up-to-date symlink: /home/azthorax/fra333_ws/install/cocoax_interfaces/include/cocoax_interfaces/srv/detail/cocoa_xfk__rosidl_typesupport_introspection_cpp.hpp
[1.852s] -- Up-to-date symlink: /home/azthorax/fra333_ws/install/cocoax_interfaces/include/cocoax_interfaces/srv/detail/cocoa_xik__rosidl_typesupport_introspection_cpp.hpp
[1.852s] -- Up-to-date symlink: /home/azthorax/fra333_ws/install/cocoax_interfaces/share/cocoax_interfaces/environment/pythonpath.sh
[1.852s] -- Up-to-date symlink: /home/azthorax/fra333_ws/install/cocoax_interfaces/share/cocoax_interfaces/environment/pythonpath.dsv
[1.853s] -- Up-to-date symlink: /home/azthorax/fra333_ws/install/cocoax_interfaces/lib/python3.8/site-packages/cocoax_interfaces/__init__.py
[1.853s] -- Up-to-date symlink: /home/azthorax/fra333_ws/install/cocoax_interfaces/lib/python3.8/site-packages/cocoax_interfaces/srv/__init__.py
[1.853s] -- Up-to-date symlink: /home/azthorax/fra333_ws/install/cocoax_interfaces/lib/python3.8/site-packages/cocoax_interfaces/srv/_cocoa_x_enable.py
[1.853s] -- Up-to-date symlink: /home/azthorax/fra333_ws/install/cocoax_interfaces/lib/python3.8/site-packages/cocoax_interfaces/srv/_cocoa_x_generator.py
[1.853s] -- Up-to-date symlink: /home/azthorax/fra333_ws/install/cocoax_interfaces/lib/python3.8/site-packages/cocoax_interfaces/srv/_cocoa_xfk.py
[1.853s] -- Up-to-date symlink: /home/azthorax/fra333_ws/install/cocoax_interfaces/lib/python3.8/site-packages/cocoax_interfaces/srv/_cocoa_xik.py
[1.854s] -- Up-to-date symlink: /home/azthorax/fra333_ws/install/cocoax_interfaces/lib/python3.8/site-packages/cocoax_interfaces/msg/__init__.py
[1.854s] -- Up-to-date symlink: /home/azthorax/fra333_ws/install/cocoax_interfaces/lib/python3.8/site-packages/cocoax_interfaces/msg/_cocoa_control_ref.py
[1.854s] -- Up-to-date symlink: /home/azthorax/fra333_ws/install/cocoax_interfaces/lib/python3.8/site-packages/cocoax_interfaces/msg/_cocoa_position_proximity.py
[1.854s] -- Up-to-date symlink: /home/azthorax/fra333_ws/install/cocoax_interfaces/lib/python3.8/site-packages/cocoax_interfaces/cocoax_interfaces_s__rosidl_typesupport_fastrtps_c.cpython-38-x86_64-linux-gnu.so
[1.855s] -- Up-to-date symlink: /home/azthorax/fra333_ws/install/cocoax_interfaces/lib/python3.8/site-packages/cocoax_interfaces/cocoax_interfaces_s__rosidl_typesupport_introspection_c.cpython-38-x86_64-linux-gnu.so
[1.855s] -- Up-to-date symlink: /home/azthorax/fra333_ws/install/cocoax_interfaces/lib/python3.8/site-packages/cocoax_interfaces/cocoax_interfaces_s__rosidl_typesupport_c.cpython-38-x86_64-linux-gnu.so
[1.855s] -- Up-to-date symlink: /home/azthorax/fra333_ws/install/cocoax_interfaces/lib/libcocoax_interfaces__python.so
[1.855s] -- Up-to-date symlink: /home/azthorax/fra333_ws/install/cocoax_interfaces/share/cocoax_interfaces/srv/CocoaXIK.idl
[1.855s] -- Up-to-date symlink: /home/azthorax/fra333_ws/install/cocoax_interfaces/share/cocoax_interfaces/srv/CocoaXFK.idl
[1.856s] -- Up-to-date symlink: /home/azthorax/fra333_ws/install/cocoax_interfaces/share/cocoax_interfaces/srv/CocoaXEnable.idl
[1.856s] -- Up-to-date symlink: /home/azthorax/fra333_ws/install/cocoax_interfaces/share/cocoax_interfaces/srv/CocoaXGenerator.idl
[1.856s] -- Up-to-date symlink: /home/azthorax/fra333_ws/install/cocoax_interfaces/share/cocoax_interfaces/msg/CocoaControlRef.idl
[1.857s] -- Up-to-date symlink: /home/azthorax/fra333_ws/install/cocoax_interfaces/share/cocoax_interfaces/msg/CocoaPositionProximity.idl
[1.857s] -- Up-to-date symlink: /home/azthorax/fra333_ws/install/cocoax_interfaces/share/cocoax_interfaces/srv/CocoaXIK.srv
[1.857s] -- Up-to-date symlink: /home/azthorax/fra333_ws/install/cocoax_interfaces/share/cocoax_interfaces/srv/CocoaXIK_Request.msg
[1.857s] -- Up-to-date symlink: /home/azthorax/fra333_ws/install/cocoax_interfaces/share/cocoax_interfaces/srv/CocoaXIK_Response.msg
[1.857s] -- Up-to-date symlink: /home/azthorax/fra333_ws/install/cocoax_interfaces/share/cocoax_interfaces/srv/CocoaXFK.srv
[1.858s] -- Up-to-date symlink: /home/azthorax/fra333_ws/install/cocoax_interfaces/share/cocoax_interfaces/srv/CocoaXFK_Request.msg
[1.858s] -- Up-to-date symlink: /home/azthorax/fra333_ws/install/cocoax_interfaces/share/cocoax_interfaces/srv/CocoaXFK_Response.msg
[1.858s] -- Up-to-date symlink: /home/azthorax/fra333_ws/install/cocoax_interfaces/share/cocoax_interfaces/srv/CocoaXEnable.srv
[1.858s] -- Up-to-date symlink: /home/azthorax/fra333_ws/install/cocoax_interfaces/share/cocoax_interfaces/srv/CocoaXEnable_Request.msg
[1.858s] -- Up-to-date symlink: /home/azthorax/fra333_ws/install/cocoax_interfaces/share/cocoax_interfaces/srv/CocoaXEnable_Response.msg
[1.859s] -- Up-to-date symlink: /home/azthorax/fra333_ws/install/cocoax_interfaces/share/cocoax_interfaces/srv/CocoaXGenerator.srv
[1.859s] -- Up-to-date symlink: /home/azthorax/fra333_ws/install/cocoax_interfaces/share/cocoax_interfaces/srv/CocoaXGenerator_Request.msg
[1.859s] -- Up-to-date symlink: /home/azthorax/fra333_ws/install/cocoax_interfaces/share/cocoax_interfaces/srv/CocoaXGenerator_Response.msg
[1.859s] -- Up-to-date symlink: /home/azthorax/fra333_ws/install/cocoax_interfaces/share/cocoax_interfaces/msg/CocoaControlRef.msg
[1.859s] -- Up-to-date symlink: /home/azthorax/fra333_ws/install/cocoax_interfaces/share/cocoax_interfaces/msg/CocoaPositionProximity.msg
[1.859s] -- Up-to-date symlink: /home/azthorax/fra333_ws/install/cocoax_interfaces/share/ament_index/resource_index/package_run_dependencies/cocoax_interfaces
[1.860s] -- Up-to-date symlink: /home/azthorax/fra333_ws/install/cocoax_interfaces/share/ament_index/resource_index/parent_prefix_path/cocoax_interfaces
[1.860s] -- Up-to-date symlink: /home/azthorax/fra333_ws/install/cocoax_interfaces/share/cocoax_interfaces/environment/ament_prefix_path.sh
[1.860s] -- Up-to-date symlink: /home/azthorax/fra333_ws/install/cocoax_interfaces/share/cocoax_interfaces/environment/ament_prefix_path.dsv
[1.860s] -- Up-to-date symlink: /home/azthorax/fra333_ws/install/cocoax_interfaces/share/cocoax_interfaces/environment/path.sh
[1.860s] -- Up-to-date symlink: /home/azthorax/fra333_ws/install/cocoax_interfaces/share/cocoax_interfaces/environment/path.dsv
[1.861s] -- Up-to-date symlink: /home/azthorax/fra333_ws/install/cocoax_interfaces/share/cocoax_interfaces/local_setup.bash
[1.861s] -- Up-to-date symlink: /home/azthorax/fra333_ws/install/cocoax_interfaces/share/cocoax_interfaces/local_setup.sh
[1.861s] -- Up-to-date symlink: /home/azthorax/fra333_ws/install/cocoax_interfaces/share/cocoax_interfaces/local_setup.zsh
[1.861s] -- Up-to-date symlink: /home/azthorax/fra333_ws/install/cocoax_interfaces/share/cocoax_interfaces/local_setup.dsv
[1.861s] -- Symlinking: /home/azthorax/fra333_ws/install/cocoax_interfaces/share/cocoax_interfaces/package.dsv
[1.873s] -- Up-to-date symlink: /home/azthorax/fra333_ws/install/cocoax_interfaces/share/ament_index/resource_index/packages/cocoax_interfaces
[1.873s] -- Up-to-date symlink: /home/azthorax/fra333_ws/install/cocoax_interfaces/share/cocoax_interfaces/cmake/rosidl_cmake-extras.cmake
[1.874s] -- Up-to-date symlink: /home/azthorax/fra333_ws/install/cocoax_interfaces/share/cocoax_interfaces/cmake/ament_cmake_export_dependencies-extras.cmake
[1.874s] -- Up-to-date symlink: /home/azthorax/fra333_ws/install/cocoax_interfaces/share/cocoax_interfaces/cmake/ament_cmake_export_libraries-extras.cmake
[1.874s] -- Up-to-date symlink: /home/azthorax/fra333_ws/install/cocoax_interfaces/share/cocoax_interfaces/cmake/ament_cmake_export_targets-extras.cmake
[1.875s] -- Up-to-date symlink: /home/azthorax/fra333_ws/install/cocoax_interfaces/share/cocoax_interfaces/cmake/ament_cmake_export_include_directories-extras.cmake
[1.875s] -- Up-to-date symlink: /home/azthorax/fra333_ws/install/cocoax_interfaces/share/cocoax_interfaces/cmake/rosidl_cmake_export_typesupport_libraries-extras.cmake
[1.876s] -- Up-to-date symlink: /home/azthorax/fra333_ws/install/cocoax_interfaces/share/cocoax_interfaces/cmake/rosidl_cmake_export_typesupport_targets-extras.cmake
[1.876s] -- Up-to-date symlink: /home/azthorax/fra333_ws/install/cocoax_interfaces/share/cocoax_interfaces/cmake/cocoax_interfacesConfig.cmake
[1.876s] -- Up-to-date symlink: /home/azthorax/fra333_ws/install/cocoax_interfaces/share/cocoax_interfaces/cmake/cocoax_interfacesConfig-version.cmake
[1.877s] -- Up-to-date symlink: /home/azthorax/fra333_ws/install/cocoax_interfaces/share/cocoax_interfaces/package.xml
[1.877s] -- Up-to-date: /home/azthorax/fra333_ws/install/cocoax_interfaces/lib/libcocoax_interfaces__rosidl_generator_c.so
[1.878s] -- Up-to-date: /home/azthorax/fra333_ws/install/cocoax_interfaces/lib/libcocoax_interfaces__rosidl_typesupport_introspection_c.so
[1.879s] -- Up-to-date: /home/azthorax/fra333_ws/install/cocoax_interfaces/lib/libcocoax_interfaces__rosidl_typesupport_c.so
[1.879s] -- Up-to-date: /home/azthorax/fra333_ws/install/cocoax_interfaces/lib/libcocoax_interfaces__rosidl_typesupport_introspection_cpp.so
[1.880s] -- Up-to-date: /home/azthorax/fra333_ws/install/cocoax_interfaces/lib/libcocoax_interfaces__rosidl_typesupport_cpp.so
[1.911s] Compiling '/home/azthorax/fra333_ws/install/cocoax_interfaces/lib/python3.8/site-packages/cocoax_interfaces/__init__.py'...
[1.915s] -- Up-to-date: /home/azthorax/fra333_ws/install/cocoax_interfaces/share/cocoax_interfaces/cmake/cocoax_interfaces__rosidl_generator_cExport.cmake
[1.915s] -- Installing: /home/azthorax/fra333_ws/install/cocoax_interfaces/share/cocoax_interfaces/cmake/cocoax_interfaces__rosidl_generator_cExport-noconfig.cmake
[1.915s] -- Up-to-date: /home/azthorax/fra333_ws/install/cocoax_interfaces/share/cocoax_interfaces/cmake/cocoax_interfaces__rosidl_typesupport_introspection_cExport.cmake
[1.915s] -- Installing: /home/azthorax/fra333_ws/install/cocoax_interfaces/share/cocoax_interfaces/cmake/cocoax_interfaces__rosidl_typesupport_introspection_cExport-noconfig.cmake
[1.916s] -- Up-to-date: /home/azthorax/fra333_ws/install/cocoax_interfaces/share/cocoax_interfaces/cmake/cocoax_interfaces__rosidl_typesupport_cExport.cmake
[1.916s] -- Installing: /home/azthorax/fra333_ws/install/cocoax_interfaces/share/cocoax_interfaces/cmake/cocoax_interfaces__rosidl_typesupport_cExport-noconfig.cmake
[1.916s] -- Up-to-date: /home/azthorax/fra333_ws/install/cocoax_interfaces/share/cocoax_interfaces/cmake/cocoax_interfaces__rosidl_generator_cppExport.cmake
[1.917s] -- Up-to-date: /home/azthorax/fra333_ws/install/cocoax_interfaces/share/cocoax_interfaces/cmake/cocoax_interfaces__rosidl_typesupport_introspection_cppExport.cmake
[1.917s] -- Installing: /home/azthorax/fra333_ws/install/cocoax_interfaces/share/cocoax_interfaces/cmake/cocoax_interfaces__rosidl_typesupport_introspection_cppExport-noconfig.cmake
[1.917s] -- Up-to-date: /home/azthorax/fra333_ws/install/cocoax_interfaces/share/cocoax_interfaces/cmake/cocoax_interfaces__rosidl_typesupport_cppExport.cmake
[1.918s] -- Installing: /home/azthorax/fra333_ws/install/cocoax_interfaces/share/cocoax_interfaces/cmake/cocoax_interfaces__rosidl_typesupport_cppExport-noconfig.cmake
[1.923s] Invoked command in '/home/azthorax/fra333_ws/build/cocoax_interfaces' returned '0': CMAKE_PREFIX_PATH=${CMAKE_PREFIX_PATH}:/opt/ros/foxy /usr/bin/cmake --install /home/azthorax/fra333_ws/build/cocoax_interfaces
