[0.061s] Invoking command in '/home/azthorax/fra333_ws/build/cocoa_kinematics_interfaces': CMAKE_PREFIX_PATH=${CMAKE_PREFIX_PATH}:/opt/ros/foxy /usr/bin/cmake /home/azthorax/fra333_ws/src/fra333_lab2_25_v1/cocoa_kinematics_interfaces -DAMENT_CMAKE_SYMLINK_INSTALL=1 -DCMAKE_INSTALL_PREFIX=/home/azthorax/fra333_ws/install/cocoa_kinematics_interfaces
[0.090s] -- Found ament_cmake: 0.9.9 (/opt/ros/foxy/share/ament_cmake/cmake)
[0.098s] -- Using PYTHON_EXECUTABLE: /usr/bin/python3
[0.317s] -- Override CMake install command with custom implementation using symlinks instead of copying resources
[0.326s] -- Found ament_lint_auto: 0.9.6 (/opt/ros/foxy/share/ament_lint_auto/cmake)
[0.408s] -- Found rclcpp: 2.4.1 (/opt/ros/foxy/share/rclcpp/cmake)
[0.450s] -- Using all available rosidl_typesupport_c: rosidl_typesupport_fastrtps_c;rosidl_typesupport_introspection_c
[0.453s] -- Found rosidl_adapter: 1.2.1 (/opt/ros/foxy/share/rosidl_adapter/cmake)
[0.577s] -- Using all available rosidl_typesupport_cpp: rosidl_typesupport_fastrtps_cpp;rosidl_typesupport_introspection_cpp
[0.636s] -- Found rmw_implementation_cmake: 1.0.3 (/opt/ros/foxy/share/rmw_implementation_cmake/cmake)
[0.638s] -- Using RMW implementation 'rmw_fastrtps_cpp' as default
[0.638s] -- Looking for pthread.h
[0.715s] -- Looking for pthread.h - found
[0.716s] -- Performing Test CMAKE_HAVE_LIBC_PTHREAD
[0.802s] -- Performing Test CMAKE_HAVE_LIBC_PTHREAD - Failed
[0.803s] -- Looking for pthread_create in pthreads
[0.883s] -- Looking for pthread_create in pthreads - not found
[0.884s] -- Looking for pthread_create in pthread
[0.967s] -- Looking for pthread_create in pthread - found
[0.969s] -- Found Threads: TRUE  
[1.116s] -- Found rclpy: 1.0.8 (/opt/ros/foxy/share/rclpy/cmake)
[1.116s] -- Found rosidl_default_generators: 1.0.1 (/opt/ros/foxy/share/rosidl_default_generators/cmake)
[1.125s] -- Found geometry_msgs: 2.0.5 (/opt/ros/foxy/share/geometry_msgs/cmake)
[1.163s] CMake Error at /opt/ros/foxy/share/rosidl_cmake/cmake/rosidl_generate_interfaces.cmake:93 (message):
[1.163s]   rosidl_generate_interfaces() the passed file 'srv/SetPose.srv' doesn't
[1.164s]   exist relative to the CMAKE_CURRENT_SOURCE_DIR
[1.164s]   '/home/azthorax/fra333_ws/src/fra333_lab2_25_v1/cocoa_kinematics_interfaces'
[1.164s] Call Stack (most recent call first):
[1.164s]   CMakeLists.txt:43 (rosidl_generate_interfaces)
[1.164s] 
[1.164s] 
[1.165s] -- Configuring incomplete, errors occurred!
[1.165s] See also "/home/azthorax/fra333_ws/build/cocoa_kinematics_interfaces/CMakeFiles/CMakeOutput.log".
[1.165s] See also "/home/azthorax/fra333_ws/build/cocoa_kinematics_interfaces/CMakeFiles/CMakeError.log".
