[0.087s] Invoking command in '/home/azthorax/fra333_ws/build/cocoa_kinematics_interfaces': CMAKE_PREFIX_PATH=/opt/ros/foxy /usr/bin/cmake /home/azthorax/fra333_ws/src/fra333_lab2_25_v1/cocoa_kinematics_interfaces -DAMENT_CMAKE_SYMLINK_INSTALL=1 -DCMAKE_INSTALL_PREFIX=/home/azthorax/fra333_ws/install/cocoa_kinematics_interfaces
[0.171s] -- The C compiler identification is GNU 9.4.0
[0.247s] -- The CXX compiler identification is GNU 9.4.0
[0.251s] -- Check for working C compiler: /usr/bin/cc
[0.361s] -- Check for working C compiler: /usr/bin/cc -- works
[0.362s] -- Detecting C compiler ABI info
[0.479s] -- Detecting C compiler ABI info - done
[0.490s] -- Detecting C compile features
[0.491s] -- Detecting C compile features - done
[0.495s] -- Check for working CXX compiler: /usr/bin/c++
[0.639s] -- Check for working CXX compiler: /usr/bin/c++ -- works
[0.642s] -- Detecting CXX compiler ABI info
[0.774s] -- Detecting CXX compiler ABI info - done
[0.788s] -- Detecting CXX compile features
[0.789s] -- Detecting CXX compile features - done
[0.792s] -- Found ament_cmake: 0.9.11 (/opt/ros/foxy/share/ament_cmake/cmake)
[0.830s] -- Found PythonInterp: /usr/bin/python3 (found suitable version "3.8.10", minimum required is "3") 
[0.830s] -- Using PYTHON_EXECUTABLE: /usr/bin/python3
[1.108s] -- Override CMake install command with custom implementation using symlinks instead of copying resources
[1.149s] -- Found ament_lint_auto: 0.9.7 (/opt/ros/foxy/share/ament_lint_auto/cmake)
[1.248s] -- Found rosidl_default_generators: 1.0.1 (/opt/ros/foxy/share/rosidl_default_generators/cmake)
[1.252s] -- Using all available rosidl_typesupport_c: rosidl_typesupport_fastrtps_c;rosidl_typesupport_introspection_c
[1.261s] -- Found rosidl_adapter: 1.3.0 (/opt/ros/foxy/share/rosidl_adapter/cmake)
[1.393s] -- Found OpenSSL: /usr/lib/x86_64-linux-gnu/libcrypto.so (found version "1.1.1f")  
[1.430s] -- Found FastRTPS: /opt/ros/foxy/include  
[1.532s] -- Using all available rosidl_typesupport_cpp: rosidl_typesupport_fastrtps_cpp;rosidl_typesupport_introspection_cpp
[1.569s] -- Found geometry_msgs: 2.0.5 (/opt/ros/foxy/share/geometry_msgs/cmake)
[1.677s] -- Found sensor_msgs: 2.0.5 (/opt/ros/foxy/share/sensor_msgs/cmake)
[1.820s] -- Found PythonInterp: /usr/bin/python3 (found version "3.8.10") 
[2.046s] -- Found ament_cmake_ros: 0.9.2 (/opt/ros/foxy/share/ament_cmake_ros/cmake)
[2.472s] -- Using all available rosidl_typesupport_c: rosidl_typesupport_fastrtps_c;rosidl_typesupport_introspection_c
[2.681s] -- Using all available rosidl_typesupport_cpp: rosidl_typesupport_fastrtps_cpp;rosidl_typesupport_introspection_cpp
[2.721s] -- Found PythonInterp: /usr/bin/python3 (found suitable version "3.8.10", minimum required is "3.5") 
[2.722s] -- Found python_cmake_module: 0.8.1 (/opt/ros/foxy/share/python_cmake_module/cmake)
[2.759s] -- Found PythonLibs: /usr/lib/x86_64-linux-gnu/libpython3.8.so (found suitable version "3.8.10", minimum required is "3.5") 
[2.759s] -- Using PYTHON_EXECUTABLE: /usr/bin/python3
[2.759s] -- Using PYTHON_INCLUDE_DIRS: /usr/include/python3.8
[2.760s] -- Using PYTHON_LIBRARIES: /usr/lib/x86_64-linux-gnu/libpython3.8.so
[2.794s] -- Found PythonExtra: .so  
[2.950s] -- Added test 'copyright' to check source files copyright and LICENSE
[2.952s] -- Added test 'lint_cmake' to check CMake code style
[2.953s] -- Added test 'xmllint' to check XML markup files
[2.971s] -- Configuring done
[3.082s] -- Generating done
[3.088s] -- Build files have been written to: /home/azthorax/fra333_ws/build/cocoa_kinematics_interfaces
[3.197s] Invoked command in '/home/azthorax/fra333_ws/build/cocoa_kinematics_interfaces' returned '0': CMAKE_PREFIX_PATH=/opt/ros/foxy /usr/bin/cmake /home/azthorax/fra333_ws/src/fra333_lab2_25_v1/cocoa_kinematics_interfaces -DAMENT_CMAKE_SYMLINK_INSTALL=1 -DCMAKE_INSTALL_PREFIX=/home/azthorax/fra333_ws/install/cocoa_kinematics_interfaces
[3.198s] Invoking command in '/home/azthorax/fra333_ws/build/cocoa_kinematics_interfaces': CMAKE_PREFIX_PATH=/opt/ros/foxy /usr/bin/cmake --build /home/azthorax/fra333_ws/build/cocoa_kinematics_interfaces -- -j12 -l12
[3.264s] [35m[1mScanning dependencies of target cocoa_kinematics_interfaces__cpp[0m
[3.265s] [  2%] [34m[1mGenerating C code for ROS interfaces[0m
[3.279s] [  5%] [34m[1mGenerating C++ code for ROS interfaces[0m
[3.748s] [  5%] Built target cocoa_kinematics_interfaces__cpp
[3.761s] [35m[1mScanning dependencies of target cocoa_kinematics_interfaces__rosidl_generator_c[0m
[3.762s] [ 10%] [34m[1mGenerating C++ type support dispatch for ROS interfaces[0m
[3.762s] [ 10%] [34m[1mGenerating C++ introspection for ROS interfaces[0m
[3.765s] [ 12%] [34m[1mGenerating C++ type support for eProsima Fast-RTPS[0m
[3.780s] [ 17%] [32mBuilding C object CMakeFiles/cocoa_kinematics_interfaces__rosidl_generator_c.dir/rosidl_generator_c/cocoa_kinematics_interfaces/srv/detail/solve_ik__functions.c.o[0m
[3.780s] [ 17%] [32mBuilding C object CMakeFiles/cocoa_kinematics_interfaces__rosidl_generator_c.dir/rosidl_generator_c/cocoa_kinematics_interfaces/srv/detail/cocoa_fk__functions.c.o[0m
[3.872s] [ 20%] [32m[1mLinking C shared library libcocoa_kinematics_interfaces__rosidl_generator_c.so[0m
[3.941s] [ 20%] Built target cocoa_kinematics_interfaces__rosidl_generator_c
[3.956s] [ 23%] [34m[1mGenerating C type support dispatch for ROS interfaces[0m
[3.980s] [ 25%] [34m[1mGenerating C introspection for ROS interfaces[0m
[4.144s] [35m[1mScanning dependencies of target cocoa_kinematics_interfaces__rosidl_typesupport_cpp[0m
[4.174s] [ 28%] [32mBuilding CXX object CMakeFiles/cocoa_kinematics_interfaces__rosidl_typesupport_cpp.dir/rosidl_typesupport_cpp/cocoa_kinematics_interfaces/srv/solve_ik__type_support.cpp.o[0m
[4.197s] [ 30%] [32mBuilding CXX object CMakeFiles/cocoa_kinematics_interfaces__rosidl_typesupport_cpp.dir/rosidl_typesupport_cpp/cocoa_kinematics_interfaces/srv/cocoa_fk__type_support.cpp.o[0m
[4.221s] [35m[1mScanning dependencies of target cocoa_kinematics_interfaces__rosidl_typesupport_introspection_cpp[0m
[4.277s] [35m[1mScanning dependencies of target cocoa_kinematics_interfaces__rosidl_typesupport_fastrtps_cpp[0m
[4.284s] [ 33%] [32mBuilding CXX object CMakeFiles/cocoa_kinematics_interfaces__rosidl_typesupport_introspection_cpp.dir/rosidl_typesupport_introspection_cpp/cocoa_kinematics_interfaces/srv/detail/solve_ik__type_support.cpp.o[0m
[4.303s] [ 35%] [32mBuilding CXX object CMakeFiles/cocoa_kinematics_interfaces__rosidl_typesupport_introspection_cpp.dir/rosidl_typesupport_introspection_cpp/cocoa_kinematics_interfaces/srv/detail/cocoa_fk__type_support.cpp.o[0m
[4.362s] [ 38%] [32mBuilding CXX object CMakeFiles/cocoa_kinematics_interfaces__rosidl_typesupport_fastrtps_cpp.dir/rosidl_typesupport_fastrtps_cpp/cocoa_kinematics_interfaces/srv/detail/dds_fastrtps/solve_ik__type_support.cpp.o[0m
[4.388s] [ 41%] [32mBuilding CXX object CMakeFiles/cocoa_kinematics_interfaces__rosidl_typesupport_fastrtps_cpp.dir/rosidl_typesupport_fastrtps_cpp/cocoa_kinematics_interfaces/srv/detail/dds_fastrtps/cocoa_fk__type_support.cpp.o[0m
[4.432s] [35m[1mScanning dependencies of target cocoa_kinematics_interfaces__rosidl_typesupport_c[0m
[4.481s] [35m[1mScanning dependencies of target cocoa_kinematics_interfaces__rosidl_typesupport_introspection_c[0m
[4.490s] [ 43%] [32mBuilding CXX object CMakeFiles/cocoa_kinematics_interfaces__rosidl_typesupport_c.dir/rosidl_typesupport_c/cocoa_kinematics_interfaces/srv/solve_ik__type_support.cpp.o[0m
[4.520s] [ 46%] [32mBuilding CXX object CMakeFiles/cocoa_kinematics_interfaces__rosidl_typesupport_c.dir/rosidl_typesupport_c/cocoa_kinematics_interfaces/srv/cocoa_fk__type_support.cpp.o[0m
[4.572s] [ 48%] [32mBuilding C object CMakeFiles/cocoa_kinematics_interfaces__rosidl_typesupport_introspection_c.dir/rosidl_typesupport_introspection_c/cocoa_kinematics_interfaces/srv/detail/solve_ik__type_support.c.o[0m
[4.576s] [ 51%] [32mBuilding C object CMakeFiles/cocoa_kinematics_interfaces__rosidl_typesupport_introspection_c.dir/rosidl_typesupport_introspection_c/cocoa_kinematics_interfaces/srv/detail/cocoa_fk__type_support.c.o[0m
[4.645s] [ 53%] [32m[1mLinking CXX shared library libcocoa_kinematics_interfaces__rosidl_typesupport_c.so[0m
[4.717s] [ 56%] [32m[1mLinking C shared library libcocoa_kinematics_interfaces__rosidl_typesupport_introspection_c.so[0m
[4.773s] [ 56%] Built target cocoa_kinematics_interfaces__rosidl_typesupport_c
[4.839s] [ 58%] [32m[1mLinking CXX shared library libcocoa_kinematics_interfaces__rosidl_typesupport_cpp.so[0m
[4.869s] [ 58%] Built target cocoa_kinematics_interfaces__rosidl_typesupport_introspection_c
[4.987s] [ 61%] [32m[1mLinking CXX shared library libcocoa_kinematics_interfaces__rosidl_typesupport_introspection_cpp.so[0m
[4.990s] [ 61%] Built target cocoa_kinematics_interfaces__rosidl_typesupport_cpp
[5.158s] [ 61%] Built target cocoa_kinematics_interfaces__rosidl_typesupport_introspection_cpp
[5.169s] [ 64%] [32m[1mLinking CXX shared library libcocoa_kinematics_interfaces__rosidl_typesupport_fastrtps_cpp.so[0m
[5.347s] [ 64%] Built target cocoa_kinematics_interfaces__rosidl_typesupport_fastrtps_cpp
[5.387s] [ 66%] [34m[1mGenerating C type support for eProsima Fast-RTPS[0m
[5.827s] [35m[1mScanning dependencies of target cocoa_kinematics_interfaces__rosidl_typesupport_fastrtps_c[0m
[5.854s] [ 69%] [32mBuilding CXX object CMakeFiles/cocoa_kinematics_interfaces__rosidl_typesupport_fastrtps_c.dir/rosidl_typesupport_fastrtps_c/cocoa_kinematics_interfaces/srv/detail/solve_ik__type_support_c.cpp.o[0m
[5.856s] [ 71%] [32mBuilding CXX object CMakeFiles/cocoa_kinematics_interfaces__rosidl_typesupport_fastrtps_c.dir/rosidl_typesupport_fastrtps_c/cocoa_kinematics_interfaces/srv/detail/cocoa_fk__type_support_c.cpp.o[0m
[6.371s] [ 74%] [32m[1mLinking CXX shared library libcocoa_kinematics_interfaces__rosidl_typesupport_fastrtps_c.so[0m
[6.561s] [ 74%] Built target cocoa_kinematics_interfaces__rosidl_typesupport_fastrtps_c
[6.575s] [35m[1mScanning dependencies of target cocoa_kinematics_interfaces[0m
[6.600s] [ 74%] Built target cocoa_kinematics_interfaces
[6.660s] [35m[1mScanning dependencies of target cocoa_kinematics_interfaces__py[0m
[6.680s] [ 76%] [34m[1mGenerating Python code for ROS interfaces[0m
[7.868s] [ 76%] Built target cocoa_kinematics_interfaces__py
[7.918s] [35m[1mScanning dependencies of target cocoa_kinematics_interfaces__python[0m
[7.971s] [ 79%] [32mBuilding C object CMakeFiles/cocoa_kinematics_interfaces__python.dir/rosidl_generator_py/cocoa_kinematics_interfaces/srv/_solve_ik_s.c.o[0m
[8.002s] [ 82%] [32mBuilding C object CMakeFiles/cocoa_kinematics_interfaces__python.dir/rosidl_generator_py/cocoa_kinematics_interfaces/srv/_cocoa_fk_s.c.o[0m
[8.197s] [ 84%] [32m[1mLinking C shared library rosidl_generator_py/cocoa_kinematics_interfaces/libcocoa_kinematics_interfaces__python.so[0m
[8.354s] [ 84%] Built target cocoa_kinematics_interfaces__python
[8.409s] [35m[1mScanning dependencies of target cocoa_kinematics_interfaces__rosidl_typesupport_c__pyext[0m
[8.415s] [35m[1mScanning dependencies of target cocoa_kinematics_interfaces__rosidl_typesupport_fastrtps_c__pyext[0m
[8.433s] [35m[1mScanning dependencies of target cocoa_kinematics_interfaces__rosidl_typesupport_introspection_c__pyext[0m
[8.485s] [ 87%] [32mBuilding C object CMakeFiles/cocoa_kinematics_interfaces__rosidl_typesupport_fastrtps_c__pyext.dir/rosidl_generator_py/cocoa_kinematics_interfaces/_cocoa_kinematics_interfaces_s.ep.rosidl_typesupport_fastrtps_c.c.o[0m
[8.487s] [ 89%] [32mBuilding C object CMakeFiles/cocoa_kinematics_interfaces__rosidl_typesupport_introspection_c__pyext.dir/rosidl_generator_py/cocoa_kinematics_interfaces/_cocoa_kinematics_interfaces_s.ep.rosidl_typesupport_introspection_c.c.o[0m
[8.507s] [ 92%] [32mBuilding C object CMakeFiles/cocoa_kinematics_interfaces__rosidl_typesupport_c__pyext.dir/rosidl_generator_py/cocoa_kinematics_interfaces/_cocoa_kinematics_interfaces_s.ep.rosidl_typesupport_c.c.o[0m
[8.712s] [ 94%] [32m[1mLinking CXX shared library rosidl_generator_py/cocoa_kinematics_interfaces/cocoa_kinematics_interfaces_s__rosidl_typesupport_fastrtps_c.cpython-38-x86_64-linux-gnu.so[0m
[8.786s] [ 97%] [32m[1mLinking C shared library rosidl_generator_py/cocoa_kinematics_interfaces/cocoa_kinematics_interfaces_s__rosidl_typesupport_introspection_c.cpython-38-x86_64-linux-gnu.so[0m
[8.800s] [100%] [32m[1mLinking C shared library rosidl_generator_py/cocoa_kinematics_interfaces/cocoa_kinematics_interfaces_s__rosidl_typesupport_c.cpython-38-x86_64-linux-gnu.so[0m
[8.858s] [100%] Built target cocoa_kinematics_interfaces__rosidl_typesupport_fastrtps_c__pyext
[8.938s] [100%] Built target cocoa_kinematics_interfaces__rosidl_typesupport_c__pyext
[8.951s] [100%] Built target cocoa_kinematics_interfaces__rosidl_typesupport_introspection_c__pyext
[8.970s] Invoked command in '/home/azthorax/fra333_ws/build/cocoa_kinematics_interfaces' returned '0': CMAKE_PREFIX_PATH=/opt/ros/foxy /usr/bin/cmake --build /home/azthorax/fra333_ws/build/cocoa_kinematics_interfaces -- -j12 -l12
[9.563s] Invoking command in '/home/azthorax/fra333_ws/build/cocoa_kinematics_interfaces': CMAKE_PREFIX_PATH=/opt/ros/foxy /usr/bin/cmake --install /home/azthorax/fra333_ws/build/cocoa_kinematics_interfaces
[9.580s] -- Install configuration: ""
[9.581s] -- Execute custom install script
[9.581s] -- Symlinking: /home/azthorax/fra333_ws/install/cocoa_kinematics_interfaces/share/ament_index/resource_index/rosidl_interfaces/cocoa_kinematics_interfaces
[9.605s] -- Symlinking: /home/azthorax/fra333_ws/install/cocoa_kinematics_interfaces/include/cocoa_kinematics_interfaces/msg/rosidl_generator_c__visibility_control.h
[9.621s] -- Symlinking: /home/azthorax/fra333_ws/install/cocoa_kinematics_interfaces/include/cocoa_kinematics_interfaces/srv/cocoa_fk.h
[9.647s] -- Symlinking: /home/azthorax/fra333_ws/install/cocoa_kinematics_interfaces/include/cocoa_kinematics_interfaces/srv/detail/cocoa_fk__functions.h
[9.662s] -- Symlinking: /home/azthorax/fra333_ws/install/cocoa_kinematics_interfaces/include/cocoa_kinematics_interfaces/srv/detail/cocoa_fk__struct.h
[9.682s] -- Symlinking: /home/azthorax/fra333_ws/install/cocoa_kinematics_interfaces/include/cocoa_kinematics_interfaces/srv/detail/cocoa_fk__type_support.h
[9.713s] -- Symlinking: /home/azthorax/fra333_ws/install/cocoa_kinematics_interfaces/include/cocoa_kinematics_interfaces/srv/detail/solve_ik__functions.h
[9.739s] -- Symlinking: /home/azthorax/fra333_ws/install/cocoa_kinematics_interfaces/include/cocoa_kinematics_interfaces/srv/detail/solve_ik__struct.h
[9.755s] -- Symlinking: /home/azthorax/fra333_ws/install/cocoa_kinematics_interfaces/include/cocoa_kinematics_interfaces/srv/detail/solve_ik__type_support.h
[9.773s] -- Symlinking: /home/azthorax/fra333_ws/install/cocoa_kinematics_interfaces/include/cocoa_kinematics_interfaces/srv/solve_ik.h
[9.805s] -- Symlinking: /home/azthorax/fra333_ws/install/cocoa_kinematics_interfaces/share/cocoa_kinematics_interfaces/environment/library_path.sh
[9.839s] -- Symlinking: /home/azthorax/fra333_ws/install/cocoa_kinematics_interfaces/share/cocoa_kinematics_interfaces/environment/library_path.dsv
[9.865s] -- Symlinking: /home/azthorax/fra333_ws/install/cocoa_kinematics_interfaces/include/cocoa_kinematics_interfaces/msg/rosidl_typesupport_fastrtps_c__visibility_control.h
[9.886s] -- Symlinking: /home/azthorax/fra333_ws/install/cocoa_kinematics_interfaces/include/cocoa_kinematics_interfaces/srv/detail/cocoa_fk__rosidl_typesupport_fastrtps_c.h
[9.900s] -- Symlinking: /home/azthorax/fra333_ws/install/cocoa_kinematics_interfaces/include/cocoa_kinematics_interfaces/srv/detail/solve_ik__rosidl_typesupport_fastrtps_c.h
[9.937s] -- Symlinking: /home/azthorax/fra333_ws/install/cocoa_kinematics_interfaces/lib/libcocoa_kinematics_interfaces__rosidl_typesupport_fastrtps_c.so
[9.951s] -- Symlinking: /home/azthorax/fra333_ws/install/cocoa_kinematics_interfaces/include/cocoa_kinematics_interfaces/msg/rosidl_typesupport_fastrtps_cpp__visibility_control.h
[9.967s] -- Symlinking: /home/azthorax/fra333_ws/install/cocoa_kinematics_interfaces/include/cocoa_kinematics_interfaces/srv/detail/cocoa_fk__rosidl_typesupport_fastrtps_cpp.hpp
[9.982s] -- Symlinking: /home/azthorax/fra333_ws/install/cocoa_kinematics_interfaces/include/cocoa_kinematics_interfaces/srv/detail/solve_ik__rosidl_typesupport_fastrtps_cpp.hpp
[9.995s] -- Symlinking: /home/azthorax/fra333_ws/install/cocoa_kinematics_interfaces/lib/libcocoa_kinematics_interfaces__rosidl_typesupport_fastrtps_cpp.so
[10.009s] -- Symlinking: /home/azthorax/fra333_ws/install/cocoa_kinematics_interfaces/include/cocoa_kinematics_interfaces/msg/rosidl_typesupport_introspection_c__visibility_control.h
[10.034s] -- Symlinking: /home/azthorax/fra333_ws/install/cocoa_kinematics_interfaces/include/cocoa_kinematics_interfaces/srv/detail/cocoa_fk__rosidl_typesupport_introspection_c.h
[10.050s] -- Symlinking: /home/azthorax/fra333_ws/install/cocoa_kinematics_interfaces/include/cocoa_kinematics_interfaces/srv/detail/solve_ik__rosidl_typesupport_introspection_c.h
[10.063s] -- Symlinking: /home/azthorax/fra333_ws/install/cocoa_kinematics_interfaces/include/cocoa_kinematics_interfaces/srv/cocoa_fk.hpp
[10.075s] -- Symlinking: /home/azthorax/fra333_ws/install/cocoa_kinematics_interfaces/include/cocoa_kinematics_interfaces/srv/detail/cocoa_fk__builder.hpp
[10.089s] -- Symlinking: /home/azthorax/fra333_ws/install/cocoa_kinematics_interfaces/include/cocoa_kinematics_interfaces/srv/detail/cocoa_fk__struct.hpp
[10.106s] -- Symlinking: /home/azthorax/fra333_ws/install/cocoa_kinematics_interfaces/include/cocoa_kinematics_interfaces/srv/detail/cocoa_fk__traits.hpp
[10.120s] -- Symlinking: /home/azthorax/fra333_ws/install/cocoa_kinematics_interfaces/include/cocoa_kinematics_interfaces/srv/detail/solve_ik__builder.hpp
[10.135s] -- Symlinking: /home/azthorax/fra333_ws/install/cocoa_kinematics_interfaces/include/cocoa_kinematics_interfaces/srv/detail/solve_ik__struct.hpp
[10.154s] -- Symlinking: /home/azthorax/fra333_ws/install/cocoa_kinematics_interfaces/include/cocoa_kinematics_interfaces/srv/detail/solve_ik__traits.hpp
[10.173s] -- Symlinking: /home/azthorax/fra333_ws/install/cocoa_kinematics_interfaces/include/cocoa_kinematics_interfaces/srv/solve_ik.hpp
[10.210s] -- Symlinking: /home/azthorax/fra333_ws/install/cocoa_kinematics_interfaces/include/cocoa_kinematics_interfaces/srv/detail/cocoa_fk__rosidl_typesupport_introspection_cpp.hpp
[10.246s] -- Symlinking: /home/azthorax/fra333_ws/install/cocoa_kinematics_interfaces/include/cocoa_kinematics_interfaces/srv/detail/solve_ik__rosidl_typesupport_introspection_cpp.hpp
[10.275s] -- Symlinking: /home/azthorax/fra333_ws/install/cocoa_kinematics_interfaces/share/cocoa_kinematics_interfaces/environment/pythonpath.sh
[10.296s] -- Symlinking: /home/azthorax/fra333_ws/install/cocoa_kinematics_interfaces/share/cocoa_kinematics_interfaces/environment/pythonpath.dsv
[10.329s] -- Symlinking: /home/azthorax/fra333_ws/install/cocoa_kinematics_interfaces/lib/python3.8/site-packages/cocoa_kinematics_interfaces/__init__.py
[10.347s] -- Symlinking: /home/azthorax/fra333_ws/install/cocoa_kinematics_interfaces/lib/python3.8/site-packages/cocoa_kinematics_interfaces/srv/__init__.py
[10.370s] -- Symlinking: /home/azthorax/fra333_ws/install/cocoa_kinematics_interfaces/lib/python3.8/site-packages/cocoa_kinematics_interfaces/srv/_cocoa_fk.py
[10.398s] -- Symlinking: /home/azthorax/fra333_ws/install/cocoa_kinematics_interfaces/lib/python3.8/site-packages/cocoa_kinematics_interfaces/srv/_solve_ik.py
[10.436s] -- Symlinking: /home/azthorax/fra333_ws/install/cocoa_kinematics_interfaces/lib/python3.8/site-packages/cocoa_kinematics_interfaces/cocoa_kinematics_interfaces_s__rosidl_typesupport_fastrtps_c.cpython-38-x86_64-linux-gnu.so
[10.460s] -- Symlinking: /home/azthorax/fra333_ws/install/cocoa_kinematics_interfaces/lib/python3.8/site-packages/cocoa_kinematics_interfaces/cocoa_kinematics_interfaces_s__rosidl_typesupport_introspection_c.cpython-38-x86_64-linux-gnu.so
[10.481s] -- Symlinking: /home/azthorax/fra333_ws/install/cocoa_kinematics_interfaces/lib/python3.8/site-packages/cocoa_kinematics_interfaces/cocoa_kinematics_interfaces_s__rosidl_typesupport_c.cpython-38-x86_64-linux-gnu.so
[10.499s] -- Symlinking: /home/azthorax/fra333_ws/install/cocoa_kinematics_interfaces/lib/libcocoa_kinematics_interfaces__python.so
[10.512s] -- Symlinking: /home/azthorax/fra333_ws/install/cocoa_kinematics_interfaces/share/cocoa_kinematics_interfaces/srv/SolveIK.idl
[10.560s] -- Symlinking: /home/azthorax/fra333_ws/install/cocoa_kinematics_interfaces/share/cocoa_kinematics_interfaces/srv/CocoaFK.idl
[10.602s] -- Symlinking: /home/azthorax/fra333_ws/install/cocoa_kinematics_interfaces/share/cocoa_kinematics_interfaces/srv/SolveIK.srv
[10.654s] -- Symlinking: /home/azthorax/fra333_ws/install/cocoa_kinematics_interfaces/share/cocoa_kinematics_interfaces/srv/SolveIK_Request.msg
[10.678s] -- Symlinking: /home/azthorax/fra333_ws/install/cocoa_kinematics_interfaces/share/cocoa_kinematics_interfaces/srv/SolveIK_Response.msg
[10.691s] -- Symlinking: /home/azthorax/fra333_ws/install/cocoa_kinematics_interfaces/share/cocoa_kinematics_interfaces/srv/CocoaFK.srv
[10.714s] -- Symlinking: /home/azthorax/fra333_ws/install/cocoa_kinematics_interfaces/share/cocoa_kinematics_interfaces/srv/CocoaFK_Request.msg
[10.728s] -- Symlinking: /home/azthorax/fra333_ws/install/cocoa_kinematics_interfaces/share/cocoa_kinematics_interfaces/srv/CocoaFK_Response.msg
[10.742s] -- Symlinking: /home/azthorax/fra333_ws/install/cocoa_kinematics_interfaces/share/ament_index/resource_index/package_run_dependencies/cocoa_kinematics_interfaces
[10.764s] -- Symlinking: /home/azthorax/fra333_ws/install/cocoa_kinematics_interfaces/share/ament_index/resource_index/parent_prefix_path/cocoa_kinematics_interfaces
[10.787s] -- Symlinking: /home/azthorax/fra333_ws/install/cocoa_kinematics_interfaces/share/cocoa_kinematics_interfaces/environment/ament_prefix_path.sh
[10.819s] -- Symlinking: /home/azthorax/fra333_ws/install/cocoa_kinematics_interfaces/share/cocoa_kinematics_interfaces/environment/ament_prefix_path.dsv
[10.837s] -- Symlinking: /home/azthorax/fra333_ws/install/cocoa_kinematics_interfaces/share/cocoa_kinematics_interfaces/environment/path.sh
[10.852s] -- Symlinking: /home/azthorax/fra333_ws/install/cocoa_kinematics_interfaces/share/cocoa_kinematics_interfaces/environment/path.dsv
[10.865s] -- Symlinking: /home/azthorax/fra333_ws/install/cocoa_kinematics_interfaces/share/cocoa_kinematics_interfaces/local_setup.bash
[10.878s] -- Symlinking: /home/azthorax/fra333_ws/install/cocoa_kinematics_interfaces/share/cocoa_kinematics_interfaces/local_setup.sh
[10.891s] -- Symlinking: /home/azthorax/fra333_ws/install/cocoa_kinematics_interfaces/share/cocoa_kinematics_interfaces/local_setup.zsh
[10.904s] -- Symlinking: /home/azthorax/fra333_ws/install/cocoa_kinematics_interfaces/share/cocoa_kinematics_interfaces/local_setup.dsv
[10.918s] -- Symlinking: /home/azthorax/fra333_ws/install/cocoa_kinematics_interfaces/share/cocoa_kinematics_interfaces/package.dsv
[10.931s] -- Symlinking: /home/azthorax/fra333_ws/install/cocoa_kinematics_interfaces/share/ament_index/resource_index/packages/cocoa_kinematics_interfaces
[10.945s] -- Symlinking: /home/azthorax/fra333_ws/install/cocoa_kinematics_interfaces/share/cocoa_kinematics_interfaces/cmake/rosidl_cmake-extras.cmake
[10.956s] -- Symlinking: /home/azthorax/fra333_ws/install/cocoa_kinematics_interfaces/share/cocoa_kinematics_interfaces/cmake/ament_cmake_export_dependencies-extras.cmake
[10.968s] -- Symlinking: /home/azthorax/fra333_ws/install/cocoa_kinematics_interfaces/share/cocoa_kinematics_interfaces/cmake/ament_cmake_export_libraries-extras.cmake
[10.979s] -- Symlinking: /home/azthorax/fra333_ws/install/cocoa_kinematics_interfaces/share/cocoa_kinematics_interfaces/cmake/ament_cmake_export_targets-extras.cmake
[10.988s] -- Symlinking: /home/azthorax/fra333_ws/install/cocoa_kinematics_interfaces/share/cocoa_kinematics_interfaces/cmake/ament_cmake_export_include_directories-extras.cmake
[10.997s] -- Symlinking: /home/azthorax/fra333_ws/install/cocoa_kinematics_interfaces/share/cocoa_kinematics_interfaces/cmake/rosidl_cmake_export_typesupport_libraries-extras.cmake
[11.009s] -- Symlinking: /home/azthorax/fra333_ws/install/cocoa_kinematics_interfaces/share/cocoa_kinematics_interfaces/cmake/rosidl_cmake_export_typesupport_targets-extras.cmake
[11.020s] -- Symlinking: /home/azthorax/fra333_ws/install/cocoa_kinematics_interfaces/share/cocoa_kinematics_interfaces/cmake/cocoa_kinematics_interfacesConfig.cmake
[11.032s] -- Symlinking: /home/azthorax/fra333_ws/install/cocoa_kinematics_interfaces/share/cocoa_kinematics_interfaces/cmake/cocoa_kinematics_interfacesConfig-version.cmake
[11.045s] -- Symlinking: /home/azthorax/fra333_ws/install/cocoa_kinematics_interfaces/share/cocoa_kinematics_interfaces/package.xml
[11.057s] -- Installing: /home/azthorax/fra333_ws/install/cocoa_kinematics_interfaces/lib/libcocoa_kinematics_interfaces__rosidl_generator_c.so
[11.057s] -- Set runtime path of "/home/azthorax/fra333_ws/install/cocoa_kinematics_interfaces/lib/libcocoa_kinematics_interfaces__rosidl_generator_c.so" to ""
[11.058s] -- Installing: /home/azthorax/fra333_ws/install/cocoa_kinematics_interfaces/lib/libcocoa_kinematics_interfaces__rosidl_typesupport_introspection_c.so
[11.058s] -- Set runtime path of "/home/azthorax/fra333_ws/install/cocoa_kinematics_interfaces/lib/libcocoa_kinematics_interfaces__rosidl_typesupport_introspection_c.so" to ""
[11.059s] -- Installing: /home/azthorax/fra333_ws/install/cocoa_kinematics_interfaces/lib/libcocoa_kinematics_interfaces__rosidl_typesupport_c.so
[11.059s] -- Set runtime path of "/home/azthorax/fra333_ws/install/cocoa_kinematics_interfaces/lib/libcocoa_kinematics_interfaces__rosidl_typesupport_c.so" to ""
[11.059s] -- Installing: /home/azthorax/fra333_ws/install/cocoa_kinematics_interfaces/lib/libcocoa_kinematics_interfaces__rosidl_typesupport_introspection_cpp.so
[11.060s] -- Set runtime path of "/home/azthorax/fra333_ws/install/cocoa_kinematics_interfaces/lib/libcocoa_kinematics_interfaces__rosidl_typesupport_introspection_cpp.so" to ""
[11.060s] -- Installing: /home/azthorax/fra333_ws/install/cocoa_kinematics_interfaces/lib/libcocoa_kinematics_interfaces__rosidl_typesupport_cpp.so
[11.060s] -- Set runtime path of "/home/azthorax/fra333_ws/install/cocoa_kinematics_interfaces/lib/libcocoa_kinematics_interfaces__rosidl_typesupport_cpp.so" to ""
[11.095s] Compiling '/home/azthorax/fra333_ws/install/cocoa_kinematics_interfaces/lib/python3.8/site-packages/cocoa_kinematics_interfaces/__init__.py'...
[11.102s] -- Installing: /home/azthorax/fra333_ws/install/cocoa_kinematics_interfaces/share/cocoa_kinematics_interfaces/cmake/cocoa_kinematics_interfaces__rosidl_generator_cExport.cmake
[11.102s] -- Installing: /home/azthorax/fra333_ws/install/cocoa_kinematics_interfaces/share/cocoa_kinematics_interfaces/cmake/cocoa_kinematics_interfaces__rosidl_generator_cExport-noconfig.cmake
[11.103s] -- Installing: /home/azthorax/fra333_ws/install/cocoa_kinematics_interfaces/share/cocoa_kinematics_interfaces/cmake/cocoa_kinematics_interfaces__rosidl_typesupport_introspection_cExport.cmake
[11.103s] -- Installing: /home/azthorax/fra333_ws/install/cocoa_kinematics_interfaces/share/cocoa_kinematics_interfaces/cmake/cocoa_kinematics_interfaces__rosidl_typesupport_introspection_cExport-noconfig.cmake
[11.103s] -- Installing: /home/azthorax/fra333_ws/install/cocoa_kinematics_interfaces/share/cocoa_kinematics_interfaces/cmake/cocoa_kinematics_interfaces__rosidl_typesupport_cExport.cmake
[11.103s] -- Installing: /home/azthorax/fra333_ws/install/cocoa_kinematics_interfaces/share/cocoa_kinematics_interfaces/cmake/cocoa_kinematics_interfaces__rosidl_typesupport_cExport-noconfig.cmake
[11.104s] -- Installing: /home/azthorax/fra333_ws/install/cocoa_kinematics_interfaces/share/cocoa_kinematics_interfaces/cmake/cocoa_kinematics_interfaces__rosidl_generator_cppExport.cmake
[11.104s] -- Installing: /home/azthorax/fra333_ws/install/cocoa_kinematics_interfaces/share/cocoa_kinematics_interfaces/cmake/cocoa_kinematics_interfaces__rosidl_typesupport_introspection_cppExport.cmake
[11.104s] -- Installing: /home/azthorax/fra333_ws/install/cocoa_kinematics_interfaces/share/cocoa_kinematics_interfaces/cmake/cocoa_kinematics_interfaces__rosidl_typesupport_introspection_cppExport-noconfig.cmake
[11.105s] -- Installing: /home/azthorax/fra333_ws/install/cocoa_kinematics_interfaces/share/cocoa_kinematics_interfaces/cmake/cocoa_kinematics_interfaces__rosidl_typesupport_cppExport.cmake
[11.105s] -- Installing: /home/azthorax/fra333_ws/install/cocoa_kinematics_interfaces/share/cocoa_kinematics_interfaces/cmake/cocoa_kinematics_interfaces__rosidl_typesupport_cppExport-noconfig.cmake
[11.112s] Invoked command in '/home/azthorax/fra333_ws/build/cocoa_kinematics_interfaces' returned '0': CMAKE_PREFIX_PATH=/opt/ros/foxy /usr/bin/cmake --install /home/azthorax/fra333_ws/build/cocoa_kinematics_interfaces
