[0.056s] Invoking command in '/home/azthorax/fra333_ws/build/lab1_interfaces': CMAKE_PREFIX_PATH=${CMAKE_PREFIX_PATH}:/opt/ros/foxy /usr/bin/cmake --build /home/azthorax/fra333_ws/build/lab1_interfaces -- -j12 -l12
[0.109s] [  3%] [34m[1mGenerating C code for ROS interfaces[0m
[0.117s] [  6%] [34m[1mGenerating C++ code for ROS interfaces[0m
[0.384s] [35m[1mScanning dependencies of target lab1_interfaces__rosidl_generator_c[0m
[0.399s] [  9%] [32mBuilding C object CMakeFiles/lab1_interfaces__rosidl_generator_c.dir/rosidl_generator_c/lab1_interfaces/srv/detail/set_noise__functions.c.o[0m
[0.424s] [  9%] Built target lab1_interfaces__cpp
[0.438s] [ 16%] [34m[1mGenerating C++ introspection for ROS interfaces[0m
[0.438s] [ 16%] [34m[1mGenerating C++ type support for eProsima Fast-RTPS[0m
[0.438s] [ 19%] [34m[1mGenerating C++ type support dispatch for ROS interfaces[0m
[0.505s] [ 22%] [32m[1mLinking C shared library liblab1_interfaces__rosidl_generator_c.so[0m
[0.569s] [ 22%] Built target lab1_interfaces__rosidl_generator_c
[0.584s] [ 25%] [34m[1mGenerating C type support dispatch for ROS interfaces[0m
[0.598s] [ 29%] [34m[1mGenerating C introspection for ROS interfaces[0m
[0.719s] [35m[1mScanning dependencies of target lab1_interfaces__rosidl_typesupport_cpp[0m
[0.738s] [ 32%] [32mBuilding CXX object CMakeFiles/lab1_interfaces__rosidl_typesupport_cpp.dir/rosidl_typesupport_cpp/lab1_interfaces/srv/set_noise__type_support.cpp.o[0m
[0.770s] [35m[1mScanning dependencies of target lab1_interfaces__rosidl_typesupport_introspection_cpp[0m
[0.781s] [35m[1mScanning dependencies of target lab1_interfaces__rosidl_typesupport_fastrtps_cpp[0m
[0.787s] [ 35%] [32mBuilding CXX object CMakeFiles/lab1_interfaces__rosidl_typesupport_introspection_cpp.dir/rosidl_typesupport_introspection_cpp/lab1_interfaces/srv/detail/set_noise__type_support.cpp.o[0m
[0.790s] make[2]: *** No rule to make target '/opt/ros/foxy/lib/libfastrtps.so.2.1.1', needed by 'liblab1_interfaces__rosidl_typesupport_fastrtps_cpp.so'.  Stop.
[0.790s] make[2]: *** Waiting for unfinished jobs....
[0.801s] [ 38%] [32mBuilding CXX object CMakeFiles/lab1_interfaces__rosidl_typesupport_fastrtps_cpp.dir/rosidl_typesupport_fastrtps_cpp/lab1_interfaces/srv/detail/dds_fastrtps/set_noise__type_support.cpp.o[0m
[0.851s] [35m[1mScanning dependencies of target lab1_interfaces__rosidl_typesupport_c[0m
[0.863s] [ 41%] [32mBuilding CXX object CMakeFiles/lab1_interfaces__rosidl_typesupport_c.dir/rosidl_typesupport_c/lab1_interfaces/srv/set_noise__type_support.cpp.o[0m
[0.910s] [ 45%] [32m[1mLinking CXX shared library liblab1_interfaces__rosidl_typesupport_c.so[0m
[0.911s] [35m[1mScanning dependencies of target lab1_interfaces__rosidl_typesupport_introspection_c[0m
[0.929s] [ 48%] [32mBuilding C object CMakeFiles/lab1_interfaces__rosidl_typesupport_introspection_c.dir/rosidl_typesupport_introspection_c/lab1_interfaces/srv/detail/set_noise__type_support.c.o[0m
[0.964s] [ 48%] Built target lab1_interfaces__rosidl_typesupport_c
[0.974s] [ 51%] [32m[1mLinking C shared library liblab1_interfaces__rosidl_typesupport_introspection_c.so[0m
[1.011s] [ 51%] Built target lab1_interfaces__rosidl_typesupport_introspection_c
[1.087s] [ 54%] [32m[1mLinking CXX shared library liblab1_interfaces__rosidl_typesupport_cpp.so[0m
[1.103s] [ 58%] [32m[1mLinking CXX shared library liblab1_interfaces__rosidl_typesupport_introspection_cpp.so[0m
[1.133s] [ 58%] Built target lab1_interfaces__rosidl_typesupport_cpp
[1.209s] [ 58%] Built target lab1_interfaces__rosidl_typesupport_introspection_cpp
[1.267s] make[1]: *** [CMakeFiles/Makefile2:413: CMakeFiles/lab1_interfaces__rosidl_typesupport_fastrtps_cpp.dir/all] Error 2
[1.267s] make: *** [Makefile:141: all] Error 2
