[0.122s] DEBUG:colcon:Command line arguments: ['/usr/bin/colcon', 'build', '--symlink-install']
[0.122s] DEBUG:colcon:Parsed command line arguments: Namespace(allow_overriding=[], ament_cmake_args=None, base_paths=['.'], build_base='build', catkin_cmake_args=None, catkin_skip_building_tests=False, cmake_args=None, cmake_clean_cache=False, cmake_clean_first=False, cmake_force_configure=False, cmake_target=None, cmake_target_skip_unavailable=False, continue_on_error=False, event_handlers=None, executor='parallel', ignore_user_meta=False, install_base='install', log_base=None, log_level=None, main=<bound method BuildVerb.main of <colcon_core.verb.build.BuildVerb object at 0x7f66e5917970>>, merge_install=False, metas=['./colcon.meta'], packages_above=None, packages_above_and_dependencies=None, packages_above_depth=None, packages_end=None, packages_ignore=None, packages_ignore_regex=None, packages_select=None, packages_select_build_failed=False, packages_select_by_dep=None, packages_select_regex=None, packages_select_test_failures=False, packages_skip=None, packages_skip_build_finished=False, packages_skip_by_dep=None, packages_skip_regex=None, packages_skip_test_passed=False, packages_skip_up_to=None, packages_start=None, packages_up_to=None, packages_up_to_regex=None, parallel_workers=12, paths=None, symlink_install=True, test_result_base=None, verb_extension=<colcon_core.verb.build.BuildVerb object at 0x7f66e5917970>, verb_name='build', verb_parser=<colcon_defaults.argument_parser.defaults.DefaultArgumentsDecorator object at 0x7f66e5917ee0>)
[0.147s] Level 1:colcon.colcon_core.package_discovery:discover_packages(colcon_meta) check parameters
[0.147s] Level 1:colcon.colcon_core.package_discovery:discover_packages(recursive) check parameters
[0.147s] Level 1:colcon.colcon_core.package_discovery:discover_packages(ignore) check parameters
[0.147s] Level 1:colcon.colcon_core.package_discovery:discover_packages(path) check parameters
[0.147s] Level 1:colcon.colcon_core.package_discovery:discover_packages(colcon_meta) discover
[0.147s] Level 1:colcon.colcon_core.package_discovery:discover_packages(recursive) discover
[0.147s] INFO:colcon.colcon_core.package_discovery:Crawling recursively for packages in '/home/azthorax/fra333_ws'
[0.147s] Level 1:colcon.colcon_core.package_identification:_identify(.) by extensions ['ignore', 'ignore_ament_install']
[0.147s] Level 1:colcon.colcon_core.package_identification:_identify(.) by extension 'ignore'
[0.147s] Level 1:colcon.colcon_core.package_identification:_identify(.) by extension 'ignore_ament_install'
[0.147s] Level 1:colcon.colcon_core.package_identification:_identify(.) by extensions ['colcon_pkg']
[0.147s] Level 1:colcon.colcon_core.package_identification:_identify(.) by extension 'colcon_pkg'
[0.147s] Level 1:colcon.colcon_core.package_identification:_identify(.) by extensions ['colcon_meta']
[0.147s] Level 1:colcon.colcon_core.package_identification:_identify(.) by extension 'colcon_meta'
[0.147s] Level 1:colcon.colcon_core.package_identification:_identify(.) by extensions ['ros']
[0.147s] Level 1:colcon.colcon_core.package_identification:_identify(.) by extension 'ros'
[0.156s] Level 1:colcon.colcon_core.package_identification:_identify(.) by extensions ['cmake', 'python']
[0.156s] Level 1:colcon.colcon_core.package_identification:_identify(.) by extension 'cmake'
[0.156s] Level 1:colcon.colcon_core.package_identification:_identify(.) by extension 'python'
[0.156s] Level 1:colcon.colcon_core.package_identification:_identify(.) by extensions ['python_setup_py']
[0.156s] Level 1:colcon.colcon_core.package_identification:_identify(.) by extension 'python_setup_py'
[0.156s] Level 1:colcon.colcon_core.package_identification:_identify(build) by extensions ['ignore', 'ignore_ament_install']
[0.156s] Level 1:colcon.colcon_core.package_identification:_identify(build) by extension 'ignore'
[0.156s] Level 1:colcon.colcon_core.package_identification:_identify(build) ignored
[0.156s] Level 1:colcon.colcon_core.package_identification:_identify(install) by extensions ['ignore', 'ignore_ament_install']
[0.157s] Level 1:colcon.colcon_core.package_identification:_identify(install) by extension 'ignore'
[0.157s] Level 1:colcon.colcon_core.package_identification:_identify(install) ignored
[0.157s] Level 1:colcon.colcon_core.package_identification:_identify(log) by extensions ['ignore', 'ignore_ament_install']
[0.157s] Level 1:colcon.colcon_core.package_identification:_identify(log) by extension 'ignore'
[0.157s] Level 1:colcon.colcon_core.package_identification:_identify(log) ignored
[0.157s] Level 1:colcon.colcon_core.package_identification:_identify(src) by extensions ['ignore', 'ignore_ament_install']
[0.157s] Level 1:colcon.colcon_core.package_identification:_identify(src) by extension 'ignore'
[0.157s] Level 1:colcon.colcon_core.package_identification:_identify(src) by extension 'ignore_ament_install'
[0.157s] Level 1:colcon.colcon_core.package_identification:_identify(src) by extensions ['colcon_pkg']
[0.157s] Level 1:colcon.colcon_core.package_identification:_identify(src) by extension 'colcon_pkg'
[0.157s] Level 1:colcon.colcon_core.package_identification:_identify(src) by extensions ['colcon_meta']
[0.157s] Level 1:colcon.colcon_core.package_identification:_identify(src) by extension 'colcon_meta'
[0.157s] Level 1:colcon.colcon_core.package_identification:_identify(src) by extensions ['ros']
[0.157s] Level 1:colcon.colcon_core.package_identification:_identify(src) by extension 'ros'
[0.157s] Level 1:colcon.colcon_core.package_identification:_identify(src) by extensions ['cmake', 'python']
[0.157s] Level 1:colcon.colcon_core.package_identification:_identify(src) by extension 'cmake'
[0.157s] Level 1:colcon.colcon_core.package_identification:_identify(src) by extension 'python'
[0.157s] Level 1:colcon.colcon_core.package_identification:_identify(src) by extensions ['python_setup_py']
[0.157s] Level 1:colcon.colcon_core.package_identification:_identify(src) by extension 'python_setup_py'
[0.157s] Level 1:colcon.colcon_core.package_identification:_identify(src/fra333_hw2_25) by extensions ['ignore', 'ignore_ament_install']
[0.157s] Level 1:colcon.colcon_core.package_identification:_identify(src/fra333_hw2_25) by extension 'ignore'
[0.157s] Level 1:colcon.colcon_core.package_identification:_identify(src/fra333_hw2_25) by extension 'ignore_ament_install'
[0.157s] Level 1:colcon.colcon_core.package_identification:_identify(src/fra333_hw2_25) by extensions ['colcon_pkg']
[0.158s] Level 1:colcon.colcon_core.package_identification:_identify(src/fra333_hw2_25) by extension 'colcon_pkg'
[0.158s] Level 1:colcon.colcon_core.package_identification:_identify(src/fra333_hw2_25) by extensions ['colcon_meta']
[0.158s] Level 1:colcon.colcon_core.package_identification:_identify(src/fra333_hw2_25) by extension 'colcon_meta'
[0.158s] Level 1:colcon.colcon_core.package_identification:_identify(src/fra333_hw2_25) by extensions ['ros']
[0.158s] Level 1:colcon.colcon_core.package_identification:_identify(src/fra333_hw2_25) by extension 'ros'
[0.158s] Level 1:colcon.colcon_core.package_identification:_identify(src/fra333_hw2_25) by extensions ['cmake', 'python']
[0.158s] Level 1:colcon.colcon_core.package_identification:_identify(src/fra333_hw2_25) by extension 'cmake'
[0.158s] Level 1:colcon.colcon_core.package_identification:_identify(src/fra333_hw2_25) by extension 'python'
[0.158s] Level 1:colcon.colcon_core.package_identification:_identify(src/fra333_hw2_25) by extensions ['python_setup_py']
[0.158s] Level 1:colcon.colcon_core.package_identification:_identify(src/fra333_hw2_25) by extension 'python_setup_py'
[0.158s] Level 1:colcon.colcon_core.package_identification:_identify(src/fra333_hw2_25/__pycache__) by extensions ['ignore', 'ignore_ament_install']
[0.158s] Level 1:colcon.colcon_core.package_identification:_identify(src/fra333_hw2_25/__pycache__) by extension 'ignore'
[0.158s] Level 1:colcon.colcon_core.package_identification:_identify(src/fra333_hw2_25/__pycache__) by extension 'ignore_ament_install'
[0.158s] Level 1:colcon.colcon_core.package_identification:_identify(src/fra333_hw2_25/__pycache__) by extensions ['colcon_pkg']
[0.158s] Level 1:colcon.colcon_core.package_identification:_identify(src/fra333_hw2_25/__pycache__) by extension 'colcon_pkg'
[0.158s] Level 1:colcon.colcon_core.package_identification:_identify(src/fra333_hw2_25/__pycache__) by extensions ['colcon_meta']
[0.158s] Level 1:colcon.colcon_core.package_identification:_identify(src/fra333_hw2_25/__pycache__) by extension 'colcon_meta'
[0.158s] Level 1:colcon.colcon_core.package_identification:_identify(src/fra333_hw2_25/__pycache__) by extensions ['ros']
[0.158s] Level 1:colcon.colcon_core.package_identification:_identify(src/fra333_hw2_25/__pycache__) by extension 'ros'
[0.158s] Level 1:colcon.colcon_core.package_identification:_identify(src/fra333_hw2_25/__pycache__) by extensions ['cmake', 'python']
[0.158s] Level 1:colcon.colcon_core.package_identification:_identify(src/fra333_hw2_25/__pycache__) by extension 'cmake'
[0.158s] Level 1:colcon.colcon_core.package_identification:_identify(src/fra333_hw2_25/__pycache__) by extension 'python'
[0.158s] Level 1:colcon.colcon_core.package_identification:_identify(src/fra333_hw2_25/__pycache__) by extensions ['python_setup_py']
[0.158s] Level 1:colcon.colcon_core.package_identification:_identify(src/fra333_hw2_25/__pycache__) by extension 'python_setup_py'
[0.158s] Level 1:colcon.colcon_core.package_identification:_identify(src/fra333_hw2_25/doc) by extensions ['ignore', 'ignore_ament_install']
[0.158s] Level 1:colcon.colcon_core.package_identification:_identify(src/fra333_hw2_25/doc) by extension 'ignore'
[0.158s] Level 1:colcon.colcon_core.package_identification:_identify(src/fra333_hw2_25/doc) by extension 'ignore_ament_install'
[0.159s] Level 1:colcon.colcon_core.package_identification:_identify(src/fra333_hw2_25/doc) by extensions ['colcon_pkg']
[0.159s] Level 1:colcon.colcon_core.package_identification:_identify(src/fra333_hw2_25/doc) by extension 'colcon_pkg'
[0.159s] Level 1:colcon.colcon_core.package_identification:_identify(src/fra333_hw2_25/doc) by extensions ['colcon_meta']
[0.159s] Level 1:colcon.colcon_core.package_identification:_identify(src/fra333_hw2_25/doc) by extension 'colcon_meta'
[0.159s] Level 1:colcon.colcon_core.package_identification:_identify(src/fra333_hw2_25/doc) by extensions ['ros']
[0.159s] Level 1:colcon.colcon_core.package_identification:_identify(src/fra333_hw2_25/doc) by extension 'ros'
[0.159s] Level 1:colcon.colcon_core.package_identification:_identify(src/fra333_hw2_25/doc) by extensions ['cmake', 'python']
[0.159s] Level 1:colcon.colcon_core.package_identification:_identify(src/fra333_hw2_25/doc) by extension 'cmake'
[0.159s] Level 1:colcon.colcon_core.package_identification:_identify(src/fra333_hw2_25/doc) by extension 'python'
[0.159s] Level 1:colcon.colcon_core.package_identification:_identify(src/fra333_hw2_25/doc) by extensions ['python_setup_py']
[0.159s] Level 1:colcon.colcon_core.package_identification:_identify(src/fra333_hw2_25/doc) by extension 'python_setup_py'
[0.159s] Level 1:colcon.colcon_core.package_identification:_identify(src/fra333_hw2_25/doc/__pycache__) by extensions ['ignore', 'ignore_ament_install']
[0.159s] Level 1:colcon.colcon_core.package_identification:_identify(src/fra333_hw2_25/doc/__pycache__) by extension 'ignore'
[0.159s] Level 1:colcon.colcon_core.package_identification:_identify(src/fra333_hw2_25/doc/__pycache__) by extension 'ignore_ament_install'
[0.159s] Level 1:colcon.colcon_core.package_identification:_identify(src/fra333_hw2_25/doc/__pycache__) by extensions ['colcon_pkg']
[0.159s] Level 1:colcon.colcon_core.package_identification:_identify(src/fra333_hw2_25/doc/__pycache__) by extension 'colcon_pkg'
[0.159s] Level 1:colcon.colcon_core.package_identification:_identify(src/fra333_hw2_25/doc/__pycache__) by extensions ['colcon_meta']
[0.159s] Level 1:colcon.colcon_core.package_identification:_identify(src/fra333_hw2_25/doc/__pycache__) by extension 'colcon_meta'
[0.159s] Level 1:colcon.colcon_core.package_identification:_identify(src/fra333_hw2_25/doc/__pycache__) by extensions ['ros']
[0.159s] Level 1:colcon.colcon_core.package_identification:_identify(src/fra333_hw2_25/doc/__pycache__) by extension 'ros'
[0.159s] Level 1:colcon.colcon_core.package_identification:_identify(src/fra333_hw2_25/doc/__pycache__) by extensions ['cmake', 'python']
[0.159s] Level 1:colcon.colcon_core.package_identification:_identify(src/fra333_hw2_25/doc/__pycache__) by extension 'cmake'
[0.159s] Level 1:colcon.colcon_core.package_identification:_identify(src/fra333_hw2_25/doc/__pycache__) by extension 'python'
[0.159s] Level 1:colcon.colcon_core.package_identification:_identify(src/fra333_hw2_25/doc/__pycache__) by extensions ['python_setup_py']
[0.159s] Level 1:colcon.colcon_core.package_identification:_identify(src/fra333_hw2_25/doc/__pycache__) by extension 'python_setup_py'
[0.159s] Level 1:colcon.colcon_core.package_identification:_identify(src/fra333_lab4_25_v1) by extensions ['ignore', 'ignore_ament_install']
[0.159s] Level 1:colcon.colcon_core.package_identification:_identify(src/fra333_lab4_25_v1) by extension 'ignore'
[0.160s] Level 1:colcon.colcon_core.package_identification:_identify(src/fra333_lab4_25_v1) by extension 'ignore_ament_install'
[0.160s] Level 1:colcon.colcon_core.package_identification:_identify(src/fra333_lab4_25_v1) by extensions ['colcon_pkg']
[0.160s] Level 1:colcon.colcon_core.package_identification:_identify(src/fra333_lab4_25_v1) by extension 'colcon_pkg'
[0.160s] Level 1:colcon.colcon_core.package_identification:_identify(src/fra333_lab4_25_v1) by extensions ['colcon_meta']
[0.160s] Level 1:colcon.colcon_core.package_identification:_identify(src/fra333_lab4_25_v1) by extension 'colcon_meta'
[0.160s] Level 1:colcon.colcon_core.package_identification:_identify(src/fra333_lab4_25_v1) by extensions ['ros']
[0.160s] Level 1:colcon.colcon_core.package_identification:_identify(src/fra333_lab4_25_v1) by extension 'ros'
[0.160s] Level 1:colcon.colcon_core.package_identification:_identify(src/fra333_lab4_25_v1) by extensions ['cmake', 'python']
[0.160s] Level 1:colcon.colcon_core.package_identification:_identify(src/fra333_lab4_25_v1) by extension 'cmake'
[0.160s] Level 1:colcon.colcon_core.package_identification:_identify(src/fra333_lab4_25_v1) by extension 'python'
[0.160s] Level 1:colcon.colcon_core.package_identification:_identify(src/fra333_lab4_25_v1) by extensions ['python_setup_py']
[0.160s] Level 1:colcon.colcon_core.package_identification:_identify(src/fra333_lab4_25_v1) by extension 'python_setup_py'
[0.160s] Level 1:colcon.colcon_core.package_identification:_identify(src/fra333_lab4_25_v1/cocoax_control) by extensions ['ignore', 'ignore_ament_install']
[0.160s] Level 1:colcon.colcon_core.package_identification:_identify(src/fra333_lab4_25_v1/cocoax_control) by extension 'ignore'
[0.160s] Level 1:colcon.colcon_core.package_identification:_identify(src/fra333_lab4_25_v1/cocoax_control) by extension 'ignore_ament_install'
[0.160s] Level 1:colcon.colcon_core.package_identification:_identify(src/fra333_lab4_25_v1/cocoax_control) by extensions ['colcon_pkg']
[0.160s] Level 1:colcon.colcon_core.package_identification:_identify(src/fra333_lab4_25_v1/cocoax_control) by extension 'colcon_pkg'
[0.160s] Level 1:colcon.colcon_core.package_identification:_identify(src/fra333_lab4_25_v1/cocoax_control) by extensions ['colcon_meta']
[0.160s] Level 1:colcon.colcon_core.package_identification:_identify(src/fra333_lab4_25_v1/cocoax_control) by extension 'colcon_meta'
[0.160s] Level 1:colcon.colcon_core.package_identification:_identify(src/fra333_lab4_25_v1/cocoax_control) by extensions ['ros']
[0.160s] Level 1:colcon.colcon_core.package_identification:_identify(src/fra333_lab4_25_v1/cocoax_control) by extension 'ros'
[0.162s] DEBUG:colcon.colcon_core.package_identification:Package 'src/fra333_lab4_25_v1/cocoax_control' with type 'ros.ament_cmake' and name 'cocoax_control'
[0.162s] Level 1:colcon.colcon_core.package_identification:_identify(src/fra333_lab4_25_v1/cocoax_description) by extensions ['ignore', 'ignore_ament_install']
[0.162s] Level 1:colcon.colcon_core.package_identification:_identify(src/fra333_lab4_25_v1/cocoax_description) by extension 'ignore'
[0.162s] Level 1:colcon.colcon_core.package_identification:_identify(src/fra333_lab4_25_v1/cocoax_description) by extension 'ignore_ament_install'
[0.163s] Level 1:colcon.colcon_core.package_identification:_identify(src/fra333_lab4_25_v1/cocoax_description) by extensions ['colcon_pkg']
[0.163s] Level 1:colcon.colcon_core.package_identification:_identify(src/fra333_lab4_25_v1/cocoax_description) by extension 'colcon_pkg'
[0.163s] Level 1:colcon.colcon_core.package_identification:_identify(src/fra333_lab4_25_v1/cocoax_description) by extensions ['colcon_meta']
[0.163s] Level 1:colcon.colcon_core.package_identification:_identify(src/fra333_lab4_25_v1/cocoax_description) by extension 'colcon_meta'
[0.163s] Level 1:colcon.colcon_core.package_identification:_identify(src/fra333_lab4_25_v1/cocoax_description) by extensions ['ros']
[0.163s] Level 1:colcon.colcon_core.package_identification:_identify(src/fra333_lab4_25_v1/cocoax_description) by extension 'ros'
[0.163s] DEBUG:colcon.colcon_core.package_identification:Package 'src/fra333_lab4_25_v1/cocoax_description' with type 'ros.ament_cmake' and name 'cocoax_description'
[0.163s] Level 1:colcon.colcon_core.package_identification:_identify(src/fra333_lab4_25_v1/cocoax_interfaces) by extensions ['ignore', 'ignore_ament_install']
[0.163s] Level 1:colcon.colcon_core.package_identification:_identify(src/fra333_lab4_25_v1/cocoax_interfaces) by extension 'ignore'
[0.163s] Level 1:colcon.colcon_core.package_identification:_identify(src/fra333_lab4_25_v1/cocoax_interfaces) by extension 'ignore_ament_install'
[0.163s] Level 1:colcon.colcon_core.package_identification:_identify(src/fra333_lab4_25_v1/cocoax_interfaces) by extensions ['colcon_pkg']
[0.163s] Level 1:colcon.colcon_core.package_identification:_identify(src/fra333_lab4_25_v1/cocoax_interfaces) by extension 'colcon_pkg'
[0.163s] Level 1:colcon.colcon_core.package_identification:_identify(src/fra333_lab4_25_v1/cocoax_interfaces) by extensions ['colcon_meta']
[0.164s] Level 1:colcon.colcon_core.package_identification:_identify(src/fra333_lab4_25_v1/cocoax_interfaces) by extension 'colcon_meta'
[0.164s] Level 1:colcon.colcon_core.package_identification:_identify(src/fra333_lab4_25_v1/cocoax_interfaces) by extensions ['ros']
[0.164s] Level 1:colcon.colcon_core.package_identification:_identify(src/fra333_lab4_25_v1/cocoax_interfaces) by extension 'ros'
[0.164s] DEBUG:colcon.colcon_core.package_identification:Package 'src/fra333_lab4_25_v1/cocoax_interfaces' with type 'ros.ament_cmake' and name 'cocoax_interfaces'
[0.164s] Level 1:colcon.colcon_core.package_identification:_identify(src/fra333_lab4_25_v1/cocoax_kinematics) by extensions ['ignore', 'ignore_ament_install']
[0.164s] Level 1:colcon.colcon_core.package_identification:_identify(src/fra333_lab4_25_v1/cocoax_kinematics) by extension 'ignore'
[0.164s] Level 1:colcon.colcon_core.package_identification:_identify(src/fra333_lab4_25_v1/cocoax_kinematics) by extension 'ignore_ament_install'
[0.164s] Level 1:colcon.colcon_core.package_identification:_identify(src/fra333_lab4_25_v1/cocoax_kinematics) by extensions ['colcon_pkg']
[0.164s] Level 1:colcon.colcon_core.package_identification:_identify(src/fra333_lab4_25_v1/cocoax_kinematics) by extension 'colcon_pkg'
[0.164s] Level 1:colcon.colcon_core.package_identification:_identify(src/fra333_lab4_25_v1/cocoax_kinematics) by extensions ['colcon_meta']
[0.164s] Level 1:colcon.colcon_core.package_identification:_identify(src/fra333_lab4_25_v1/cocoax_kinematics) by extension 'colcon_meta'
[0.164s] Level 1:colcon.colcon_core.package_identification:_identify(src/fra333_lab4_25_v1/cocoax_kinematics) by extensions ['ros']
[0.164s] Level 1:colcon.colcon_core.package_identification:_identify(src/fra333_lab4_25_v1/cocoax_kinematics) by extension 'ros'
[0.165s] DEBUG:colcon.colcon_core.package_identification:Package 'src/fra333_lab4_25_v1/cocoax_kinematics' with type 'ros.ament_cmake' and name 'cocoax_kinematics'
[0.165s] Level 1:colcon.colcon_core.package_identification:_identify(src/fra333_lab4_25_v1/doc) by extensions ['ignore', 'ignore_ament_install']
[0.165s] Level 1:colcon.colcon_core.package_identification:_identify(src/fra333_lab4_25_v1/doc) by extension 'ignore'
[0.165s] Level 1:colcon.colcon_core.package_identification:_identify(src/fra333_lab4_25_v1/doc) by extension 'ignore_ament_install'
[0.165s] Level 1:colcon.colcon_core.package_identification:_identify(src/fra333_lab4_25_v1/doc) by extensions ['colcon_pkg']
[0.165s] Level 1:colcon.colcon_core.package_identification:_identify(src/fra333_lab4_25_v1/doc) by extension 'colcon_pkg'
[0.165s] Level 1:colcon.colcon_core.package_identification:_identify(src/fra333_lab4_25_v1/doc) by extensions ['colcon_meta']
[0.165s] Level 1:colcon.colcon_core.package_identification:_identify(src/fra333_lab4_25_v1/doc) by extension 'colcon_meta'
[0.165s] Level 1:colcon.colcon_core.package_identification:_identify(src/fra333_lab4_25_v1/doc) by extensions ['ros']
[0.165s] Level 1:colcon.colcon_core.package_identification:_identify(src/fra333_lab4_25_v1/doc) by extension 'ros'
[0.165s] Level 1:colcon.colcon_core.package_identification:_identify(src/fra333_lab4_25_v1/doc) by extensions ['cmake', 'python']
[0.165s] Level 1:colcon.colcon_core.package_identification:_identify(src/fra333_lab4_25_v1/doc) by extension 'cmake'
[0.165s] Level 1:colcon.colcon_core.package_identification:_identify(src/fra333_lab4_25_v1/doc) by extension 'python'
[0.165s] Level 1:colcon.colcon_core.package_identification:_identify(src/fra333_lab4_25_v1/doc) by extensions ['python_setup_py']
[0.165s] Level 1:colcon.colcon_core.package_identification:_identify(src/fra333_lab4_25_v1/doc) by extension 'python_setup_py'
[0.165s] Level 1:colcon.colcon_core.package_discovery:discover_packages(recursive) using defaults
[0.165s] Level 1:colcon.colcon_core.package_discovery:discover_packages(ignore) discover
[0.165s] Level 1:colcon.colcon_core.package_discovery:discover_packages(ignore) using defaults
[0.165s] Level 1:colcon.colcon_core.package_discovery:discover_packages(path) discover
[0.165s] Level 1:colcon.colcon_core.package_discovery:discover_packages(path) using defaults
[0.185s] Level 1:colcon.colcon_core.package_discovery:discover_packages(prefix_path) check parameters
[0.185s] Level 1:colcon.colcon_core.package_discovery:discover_packages(prefix_path) discover
[0.187s] DEBUG:colcon.colcon_installed_package_information.package_discovery:Found 289 installed packages in /opt/ros/foxy
[0.189s] Level 1:colcon.colcon_core.package_discovery:discover_packages(prefix_path) using defaults
[0.253s] Level 5:colcon.colcon_core.verb:set package 'cocoax_control' build argument 'cmake_args' from command line to 'None'
[0.253s] Level 5:colcon.colcon_core.verb:set package 'cocoax_control' build argument 'cmake_target' from command line to 'None'
[0.253s] Level 5:colcon.colcon_core.verb:set package 'cocoax_control' build argument 'cmake_target_skip_unavailable' from command line to 'False'
[0.253s] Level 5:colcon.colcon_core.verb:set package 'cocoax_control' build argument 'cmake_clean_cache' from command line to 'False'
[0.253s] Level 5:colcon.colcon_core.verb:set package 'cocoax_control' build argument 'cmake_clean_first' from command line to 'False'
[0.253s] Level 5:colcon.colcon_core.verb:set package 'cocoax_control' build argument 'cmake_force_configure' from command line to 'False'
[0.253s] Level 5:colcon.colcon_core.verb:set package 'cocoax_control' build argument 'ament_cmake_args' from command line to 'None'
[0.253s] Level 5:colcon.colcon_core.verb:set package 'cocoax_control' build argument 'catkin_cmake_args' from command line to 'None'
[0.253s] Level 5:colcon.colcon_core.verb:set package 'cocoax_control' build argument 'catkin_skip_building_tests' from command line to 'False'
[0.253s] DEBUG:colcon.colcon_core.verb:Building package 'cocoax_control' with the following arguments: {'ament_cmake_args': None, 'build_base': '/home/azthorax/fra333_ws/build/cocoax_control', 'catkin_cmake_args': None, 'catkin_skip_building_tests': False, 'cmake_args': None, 'cmake_clean_cache': False, 'cmake_clean_first': False, 'cmake_force_configure': False, 'cmake_target': None, 'cmake_target_skip_unavailable': False, 'install_base': '/home/azthorax/fra333_ws/install/cocoax_control', 'merge_install': False, 'path': '/home/azthorax/fra333_ws/src/fra333_lab4_25_v1/cocoax_control', 'symlink_install': True, 'test_result_base': None}
[0.255s] Level 5:colcon.colcon_core.verb:set package 'cocoax_description' build argument 'cmake_args' from command line to 'None'
[0.255s] Level 5:colcon.colcon_core.verb:set package 'cocoax_description' build argument 'cmake_target' from command line to 'None'
[0.255s] Level 5:colcon.colcon_core.verb:set package 'cocoax_description' build argument 'cmake_target_skip_unavailable' from command line to 'False'
[0.255s] Level 5:colcon.colcon_core.verb:set package 'cocoax_description' build argument 'cmake_clean_cache' from command line to 'False'
[0.255s] Level 5:colcon.colcon_core.verb:set package 'cocoax_description' build argument 'cmake_clean_first' from command line to 'False'
[0.255s] Level 5:colcon.colcon_core.verb:set package 'cocoax_description' build argument 'cmake_force_configure' from command line to 'False'
[0.255s] Level 5:colcon.colcon_core.verb:set package 'cocoax_description' build argument 'ament_cmake_args' from command line to 'None'
[0.255s] Level 5:colcon.colcon_core.verb:set package 'cocoax_description' build argument 'catkin_cmake_args' from command line to 'None'
[0.255s] Level 5:colcon.colcon_core.verb:set package 'cocoax_description' build argument 'catkin_skip_building_tests' from command line to 'False'
[0.255s] DEBUG:colcon.colcon_core.verb:Building package 'cocoax_description' with the following arguments: {'ament_cmake_args': None, 'build_base': '/home/azthorax/fra333_ws/build/cocoax_description', 'catkin_cmake_args': None, 'catkin_skip_building_tests': False, 'cmake_args': None, 'cmake_clean_cache': False, 'cmake_clean_first': False, 'cmake_force_configure': False, 'cmake_target': None, 'cmake_target_skip_unavailable': False, 'install_base': '/home/azthorax/fra333_ws/install/cocoax_description', 'merge_install': False, 'path': '/home/azthorax/fra333_ws/src/fra333_lab4_25_v1/cocoax_description', 'symlink_install': True, 'test_result_base': None}
[0.256s] Level 5:colcon.colcon_core.verb:set package 'cocoax_interfaces' build argument 'cmake_args' from command line to 'None'
[0.256s] Level 5:colcon.colcon_core.verb:set package 'cocoax_interfaces' build argument 'cmake_target' from command line to 'None'
[0.256s] Level 5:colcon.colcon_core.verb:set package 'cocoax_interfaces' build argument 'cmake_target_skip_unavailable' from command line to 'False'
[0.256s] Level 5:colcon.colcon_core.verb:set package 'cocoax_interfaces' build argument 'cmake_clean_cache' from command line to 'False'
[0.256s] Level 5:colcon.colcon_core.verb:set package 'cocoax_interfaces' build argument 'cmake_clean_first' from command line to 'False'
[0.256s] Level 5:colcon.colcon_core.verb:set package 'cocoax_interfaces' build argument 'cmake_force_configure' from command line to 'False'
[0.256s] Level 5:colcon.colcon_core.verb:set package 'cocoax_interfaces' build argument 'ament_cmake_args' from command line to 'None'
[0.256s] Level 5:colcon.colcon_core.verb:set package 'cocoax_interfaces' build argument 'catkin_cmake_args' from command line to 'None'
[0.256s] Level 5:colcon.colcon_core.verb:set package 'cocoax_interfaces' build argument 'catkin_skip_building_tests' from command line to 'False'
[0.256s] DEBUG:colcon.colcon_core.verb:Building package 'cocoax_interfaces' with the following arguments: {'ament_cmake_args': None, 'build_base': '/home/azthorax/fra333_ws/build/cocoax_interfaces', 'catkin_cmake_args': None, 'catkin_skip_building_tests': False, 'cmake_args': None, 'cmake_clean_cache': False, 'cmake_clean_first': False, 'cmake_force_configure': False, 'cmake_target': None, 'cmake_target_skip_unavailable': False, 'install_base': '/home/azthorax/fra333_ws/install/cocoax_interfaces', 'merge_install': False, 'path': '/home/azthorax/fra333_ws/src/fra333_lab4_25_v1/cocoax_interfaces', 'symlink_install': True, 'test_result_base': None}
[0.257s] Level 5:colcon.colcon_core.verb:set package 'cocoax_kinematics' build argument 'cmake_args' from command line to 'None'
[0.257s] Level 5:colcon.colcon_core.verb:set package 'cocoax_kinematics' build argument 'cmake_target' from command line to 'None'
[0.257s] Level 5:colcon.colcon_core.verb:set package 'cocoax_kinematics' build argument 'cmake_target_skip_unavailable' from command line to 'False'
[0.257s] Level 5:colcon.colcon_core.verb:set package 'cocoax_kinematics' build argument 'cmake_clean_cache' from command line to 'False'
[0.257s] Level 5:colcon.colcon_core.verb:set package 'cocoax_kinematics' build argument 'cmake_clean_first' from command line to 'False'
[0.257s] Level 5:colcon.colcon_core.verb:set package 'cocoax_kinematics' build argument 'cmake_force_configure' from command line to 'False'
[0.257s] Level 5:colcon.colcon_core.verb:set package 'cocoax_kinematics' build argument 'ament_cmake_args' from command line to 'None'
[0.258s] Level 5:colcon.colcon_core.verb:set package 'cocoax_kinematics' build argument 'catkin_cmake_args' from command line to 'None'
[0.258s] Level 5:colcon.colcon_core.verb:set package 'cocoax_kinematics' build argument 'catkin_skip_building_tests' from command line to 'False'
[0.258s] DEBUG:colcon.colcon_core.verb:Building package 'cocoax_kinematics' with the following arguments: {'ament_cmake_args': None, 'build_base': '/home/azthorax/fra333_ws/build/cocoax_kinematics', 'catkin_cmake_args': None, 'catkin_skip_building_tests': False, 'cmake_args': None, 'cmake_clean_cache': False, 'cmake_clean_first': False, 'cmake_force_configure': False, 'cmake_target': None, 'cmake_target_skip_unavailable': False, 'install_base': '/home/azthorax/fra333_ws/install/cocoax_kinematics', 'merge_install': False, 'path': '/home/azthorax/fra333_ws/src/fra333_lab4_25_v1/cocoax_kinematics', 'symlink_install': True, 'test_result_base': None}
[0.258s] INFO:colcon.colcon_core.executor:Executing jobs using 'parallel' executor
[0.262s] DEBUG:colcon.colcon_parallel_executor.executor.parallel:run_until_complete
[0.262s] INFO:colcon.colcon_ros.task.ament_cmake.build:Building ROS package in '/home/azthorax/fra333_ws/src/fra333_lab4_25_v1/cocoax_control' with build type 'ament_cmake'
[0.262s] INFO:colcon.colcon_cmake.task.cmake.build:Building CMake package in '/home/azthorax/fra333_ws/src/fra333_lab4_25_v1/cocoax_control'
[0.266s] INFO:colcon.colcon_core.plugin_system:Skipping extension 'colcon_core.shell.bat': Not used on non-Windows systems
[0.267s] INFO:colcon.colcon_core.shell:Skip shell extension 'powershell' for command environment: Not usable outside of PowerShell
[0.267s] DEBUG:colcon.colcon_core.shell:Skip shell extension 'dsv' for command environment
[0.272s] INFO:colcon.colcon_ros.task.ament_cmake.build:Building ROS package in '/home/azthorax/fra333_ws/src/fra333_lab4_25_v1/cocoax_description' with build type 'ament_cmake'
[0.272s] INFO:colcon.colcon_cmake.task.cmake.build:Building CMake package in '/home/azthorax/fra333_ws/src/fra333_lab4_25_v1/cocoax_description'
[0.274s] INFO:colcon.colcon_core.shell:Skip shell extension 'powershell' for command environment: Not usable outside of PowerShell
[0.274s] DEBUG:colcon.colcon_core.shell:Skip shell extension 'dsv' for command environment
[0.280s] INFO:colcon.colcon_ros.task.ament_cmake.build:Building ROS package in '/home/azthorax/fra333_ws/src/fra333_lab4_25_v1/cocoax_interfaces' with build type 'ament_cmake'
[0.280s] INFO:colcon.colcon_cmake.task.cmake.build:Building CMake package in '/home/azthorax/fra333_ws/src/fra333_lab4_25_v1/cocoax_interfaces'
[0.282s] INFO:colcon.colcon_core.shell:Skip shell extension 'powershell' for command environment: Not usable outside of PowerShell
[0.282s] DEBUG:colcon.colcon_core.shell:Skip shell extension 'dsv' for command environment
[0.287s] INFO:colcon.colcon_ros.task.ament_cmake.build:Building ROS package in '/home/azthorax/fra333_ws/src/fra333_lab4_25_v1/cocoax_kinematics' with build type 'ament_cmake'
[0.288s] INFO:colcon.colcon_cmake.task.cmake.build:Building CMake package in '/home/azthorax/fra333_ws/src/fra333_lab4_25_v1/cocoax_kinematics'
[0.289s] INFO:colcon.colcon_core.shell:Skip shell extension 'powershell' for command environment: Not usable outside of PowerShell
[0.289s] DEBUG:colcon.colcon_core.shell:Skip shell extension 'dsv' for command environment
[0.301s] DEBUG:colcon.colcon_core.event_handler.log_command:Invoking command in '/home/azthorax/fra333_ws/build/cocoax_control': CMAKE_PREFIX_PATH=/opt/ros/foxy /usr/bin/cmake /home/azthorax/fra333_ws/src/fra333_lab4_25_v1/cocoax_control -DAMENT_CMAKE_SYMLINK_INSTALL=1 -DCMAKE_INSTALL_PREFIX=/home/azthorax/fra333_ws/install/cocoax_control
[0.305s] DEBUG:colcon.colcon_core.event_handler.log_command:Invoking command in '/home/azthorax/fra333_ws/build/cocoax_description': CMAKE_PREFIX_PATH=/opt/ros/foxy /usr/bin/cmake /home/azthorax/fra333_ws/src/fra333_lab4_25_v1/cocoax_description -DAMENT_CMAKE_SYMLINK_INSTALL=1 -DCMAKE_INSTALL_PREFIX=/home/azthorax/fra333_ws/install/cocoax_description
[0.309s] DEBUG:colcon.colcon_core.event_handler.log_command:Invoking command in '/home/azthorax/fra333_ws/build/cocoax_interfaces': CMAKE_PREFIX_PATH=/opt/ros/foxy /usr/bin/cmake /home/azthorax/fra333_ws/src/fra333_lab4_25_v1/cocoax_interfaces -DAMENT_CMAKE_SYMLINK_INSTALL=1 -DCMAKE_INSTALL_PREFIX=/home/azthorax/fra333_ws/install/cocoax_interfaces
[0.317s] DEBUG:colcon.colcon_core.event_handler.log_command:Invoking command in '/home/azthorax/fra333_ws/build/cocoax_kinematics': CMAKE_PREFIX_PATH=/opt/ros/foxy /usr/bin/cmake /home/azthorax/fra333_ws/src/fra333_lab4_25_v1/cocoax_kinematics -DAMENT_CMAKE_SYMLINK_INSTALL=1 -DCMAKE_INSTALL_PREFIX=/home/azthorax/fra333_ws/install/cocoax_kinematics
[1.870s] DEBUG:colcon.colcon_core.event_handler.log_command:Invoked command in '/home/azthorax/fra333_ws/build/cocoax_description' returned '0': CMAKE_PREFIX_PATH=/opt/ros/foxy /usr/bin/cmake /home/azthorax/fra333_ws/src/fra333_lab4_25_v1/cocoax_description -DAMENT_CMAKE_SYMLINK_INSTALL=1 -DCMAKE_INSTALL_PREFIX=/home/azthorax/fra333_ws/install/cocoax_description
[1.874s] DEBUG:colcon.colcon_core.event_handler.log_command:Invoking command in '/home/azthorax/fra333_ws/build/cocoax_description': CMAKE_PREFIX_PATH=/opt/ros/foxy /usr/bin/cmake --build /home/azthorax/fra333_ws/build/cocoax_description -- -j12 -l12
[1.882s] DEBUG:colcon.colcon_core.event_handler.log_command:Invoked command in '/home/azthorax/fra333_ws/build/cocoax_kinematics' returned '0': CMAKE_PREFIX_PATH=/opt/ros/foxy /usr/bin/cmake /home/azthorax/fra333_ws/src/fra333_lab4_25_v1/cocoax_kinematics -DAMENT_CMAKE_SYMLINK_INSTALL=1 -DCMAKE_INSTALL_PREFIX=/home/azthorax/fra333_ws/install/cocoax_kinematics
[1.886s] DEBUG:colcon.colcon_core.event_handler.log_command:Invoking command in '/home/azthorax/fra333_ws/build/cocoax_kinematics': CMAKE_PREFIX_PATH=/opt/ros/foxy /usr/bin/cmake --build /home/azthorax/fra333_ws/build/cocoax_kinematics -- -j12 -l12
[1.928s] DEBUG:colcon.colcon_core.event_handler.log_command:Invoked command in '/home/azthorax/fra333_ws/build/cocoax_kinematics' returned '0': CMAKE_PREFIX_PATH=/opt/ros/foxy /usr/bin/cmake --build /home/azthorax/fra333_ws/build/cocoax_kinematics -- -j12 -l12
[1.932s] DEBUG:colcon.colcon_core.event_handler.log_command:Invoked command in '/home/azthorax/fra333_ws/build/cocoax_description' returned '0': CMAKE_PREFIX_PATH=/opt/ros/foxy /usr/bin/cmake --build /home/azthorax/fra333_ws/build/cocoax_description -- -j12 -l12
[1.938s] DEBUG:colcon.colcon_core.event_handler.log_command:Invoked command in '/home/azthorax/fra333_ws/build/cocoax_control' returned '0': CMAKE_PREFIX_PATH=/opt/ros/foxy /usr/bin/cmake /home/azthorax/fra333_ws/src/fra333_lab4_25_v1/cocoax_control -DAMENT_CMAKE_SYMLINK_INSTALL=1 -DCMAKE_INSTALL_PREFIX=/home/azthorax/fra333_ws/install/cocoax_control
[1.941s] DEBUG:colcon.colcon_core.event_handler.log_command:Invoking command in '/home/azthorax/fra333_ws/build/cocoax_control': CMAKE_PREFIX_PATH=/opt/ros/foxy /usr/bin/cmake --build /home/azthorax/fra333_ws/build/cocoax_control -- -j12 -l12
[1.960s] DEBUG:colcon.colcon_core.event_handler.log_command:Invoking command in '/home/azthorax/fra333_ws/build/cocoax_kinematics': CMAKE_PREFIX_PATH=/opt/ros/foxy /usr/bin/cmake --install /home/azthorax/fra333_ws/build/cocoax_kinematics
[1.966s] DEBUG:colcon.colcon_core.event_handler.log_command:Invoking command in '/home/azthorax/fra333_ws/build/cocoax_description': CMAKE_PREFIX_PATH=/opt/ros/foxy /usr/bin/cmake --install /home/azthorax/fra333_ws/build/cocoax_description
[1.978s] DEBUG:colcon.colcon_core.event_handler.log_command:Invoked command in '/home/azthorax/fra333_ws/build/cocoax_control' returned '0': CMAKE_PREFIX_PATH=/opt/ros/foxy /usr/bin/cmake --build /home/azthorax/fra333_ws/build/cocoax_control -- -j12 -l12
[1.999s] DEBUG:colcon.colcon_core.event_handler.log_command:Invoking command in '/home/azthorax/fra333_ws/build/cocoax_control': CMAKE_PREFIX_PATH=/opt/ros/foxy /usr/bin/cmake --install /home/azthorax/fra333_ws/build/cocoax_control
[2.207s] Level 1:colcon.colcon_core.environment:create_environment_scripts_only(cocoax_kinematics)
[2.208s] DEBUG:colcon.colcon_core.event_handler.log_command:Invoked command in '/home/azthorax/fra333_ws/build/cocoax_kinematics' returned '0': CMAKE_PREFIX_PATH=/opt/ros/foxy /usr/bin/cmake --install /home/azthorax/fra333_ws/build/cocoax_kinematics
[2.212s] Level 1:colcon.colcon_core.environment:checking '/home/azthorax/fra333_ws/install/cocoax_kinematics' for CMake module files
[2.213s] Level 1:colcon.colcon_core.environment:checking '/home/azthorax/fra333_ws/install/cocoax_kinematics' for CMake config files
[2.214s] Level 1:colcon.colcon_core.shell:create_environment_hook('cocoax_kinematics', 'cmake_prefix_path')
[2.215s] INFO:colcon.colcon_core.shell:Creating environment hook '/home/azthorax/fra333_ws/install/cocoax_kinematics/share/cocoax_kinematics/hook/cmake_prefix_path.ps1'
[2.216s] INFO:colcon.colcon_core.shell:Creating environment descriptor '/home/azthorax/fra333_ws/install/cocoax_kinematics/share/cocoax_kinematics/hook/cmake_prefix_path.dsv'
[2.216s] INFO:colcon.colcon_core.shell:Creating environment hook '/home/azthorax/fra333_ws/install/cocoax_kinematics/share/cocoax_kinematics/hook/cmake_prefix_path.sh'
[2.217s] Level 1:colcon.colcon_core.environment:checking '/home/azthorax/fra333_ws/install/cocoax_kinematics/lib'
[2.217s] Level 1:colcon.colcon_core.environment:checking '/home/azthorax/fra333_ws/install/cocoax_kinematics/bin'
[2.217s] Level 1:colcon.colcon_core.environment:checking '/home/azthorax/fra333_ws/install/cocoax_kinematics/lib/pkgconfig/cocoax_kinematics.pc'
[2.218s] Level 1:colcon.colcon_core.environment:checking '/home/azthorax/fra333_ws/install/cocoax_kinematics/lib/python3.8/site-packages'
[2.218s] Level 1:colcon.colcon_core.shell:create_environment_hook('cocoax_kinematics', 'pythonpath')
[2.221s] INFO:colcon.colcon_core.shell:Creating environment hook '/home/azthorax/fra333_ws/install/cocoax_kinematics/share/cocoax_kinematics/hook/pythonpath.ps1'
[2.222s] INFO:colcon.colcon_core.shell:Creating environment descriptor '/home/azthorax/fra333_ws/install/cocoax_kinematics/share/cocoax_kinematics/hook/pythonpath.dsv'
[2.222s] INFO:colcon.colcon_core.shell:Creating environment hook '/home/azthorax/fra333_ws/install/cocoax_kinematics/share/cocoax_kinematics/hook/pythonpath.sh'
[2.223s] Level 1:colcon.colcon_core.environment:checking '/home/azthorax/fra333_ws/install/cocoax_kinematics/bin'
[2.224s] INFO:colcon.colcon_core.shell:Creating package script '/home/azthorax/fra333_ws/install/cocoax_kinematics/share/cocoax_kinematics/package.ps1'
[2.226s] INFO:colcon.colcon_core.shell:Creating package descriptor '/home/azthorax/fra333_ws/install/cocoax_kinematics/share/cocoax_kinematics/package.dsv'
[2.226s] INFO:colcon.colcon_core.shell:Creating package script '/home/azthorax/fra333_ws/install/cocoax_kinematics/share/cocoax_kinematics/package.sh'
[2.227s] INFO:colcon.colcon_core.shell:Creating package script '/home/azthorax/fra333_ws/install/cocoax_kinematics/share/cocoax_kinematics/package.bash'
[2.228s] INFO:colcon.colcon_core.shell:Creating package script '/home/azthorax/fra333_ws/install/cocoax_kinematics/share/cocoax_kinematics/package.zsh'
[2.228s] Level 1:colcon.colcon_core.environment:create_file_with_runtime_dependencies(/home/azthorax/fra333_ws/install/cocoax_kinematics/share/colcon-core/packages/cocoax_kinematics)
[2.252s] Level 1:colcon.colcon_core.environment:create_environment_scripts_only(cocoax_kinematics)
[2.256s] Level 1:colcon.colcon_core.environment:checking '/home/azthorax/fra333_ws/install/cocoax_kinematics' for CMake module files
[2.258s] Level 1:colcon.colcon_core.environment:checking '/home/azthorax/fra333_ws/install/cocoax_kinematics' for CMake config files
[2.258s] Level 1:colcon.colcon_core.shell:create_environment_hook('cocoax_kinematics', 'cmake_prefix_path')
[2.260s] INFO:colcon.colcon_core.shell:Creating environment hook '/home/azthorax/fra333_ws/install/cocoax_kinematics/share/cocoax_kinematics/hook/cmake_prefix_path.ps1'
[2.261s] INFO:colcon.colcon_core.shell:Creating environment descriptor '/home/azthorax/fra333_ws/install/cocoax_kinematics/share/cocoax_kinematics/hook/cmake_prefix_path.dsv'
[2.261s] INFO:colcon.colcon_core.shell:Creating environment hook '/home/azthorax/fra333_ws/install/cocoax_kinematics/share/cocoax_kinematics/hook/cmake_prefix_path.sh'
[2.262s] Level 1:colcon.colcon_core.environment:checking '/home/azthorax/fra333_ws/install/cocoax_kinematics/lib'
[2.262s] Level 1:colcon.colcon_core.environment:checking '/home/azthorax/fra333_ws/install/cocoax_kinematics/bin'
[2.262s] Level 1:colcon.colcon_core.environment:checking '/home/azthorax/fra333_ws/install/cocoax_kinematics/lib/pkgconfig/cocoax_kinematics.pc'
[2.262s] Level 1:colcon.colcon_core.environment:checking '/home/azthorax/fra333_ws/install/cocoax_kinematics/lib/python3.8/site-packages'
[2.262s] Level 1:colcon.colcon_core.shell:create_environment_hook('cocoax_kinematics', 'pythonpath')
[2.264s] INFO:colcon.colcon_core.shell:Creating environment hook '/home/azthorax/fra333_ws/install/cocoax_kinematics/share/cocoax_kinematics/hook/pythonpath.ps1'
[2.265s] INFO:colcon.colcon_core.shell:Creating environment descriptor '/home/azthorax/fra333_ws/install/cocoax_kinematics/share/cocoax_kinematics/hook/pythonpath.dsv'
[2.265s] INFO:colcon.colcon_core.shell:Creating environment hook '/home/azthorax/fra333_ws/install/cocoax_kinematics/share/cocoax_kinematics/hook/pythonpath.sh'
[2.266s] Level 1:colcon.colcon_core.environment:checking '/home/azthorax/fra333_ws/install/cocoax_kinematics/bin'
[2.268s] INFO:colcon.colcon_core.shell:Creating package script '/home/azthorax/fra333_ws/install/cocoax_kinematics/share/cocoax_kinematics/package.ps1'
[2.269s] INFO:colcon.colcon_core.shell:Creating package descriptor '/home/azthorax/fra333_ws/install/cocoax_kinematics/share/cocoax_kinematics/package.dsv'
[2.270s] INFO:colcon.colcon_core.shell:Creating package script '/home/azthorax/fra333_ws/install/cocoax_kinematics/share/cocoax_kinematics/package.sh'
[2.271s] INFO:colcon.colcon_core.shell:Creating package script '/home/azthorax/fra333_ws/install/cocoax_kinematics/share/cocoax_kinematics/package.bash'
[2.271s] INFO:colcon.colcon_core.shell:Creating package script '/home/azthorax/fra333_ws/install/cocoax_kinematics/share/cocoax_kinematics/package.zsh'
[2.272s] Level 1:colcon.colcon_core.environment:create_file_with_runtime_dependencies(/home/azthorax/fra333_ws/install/cocoax_kinematics/share/colcon-core/packages/cocoax_kinematics)
[2.273s] Level 1:colcon.colcon_core.environment:create_environment_scripts_only(cocoax_control)
[2.276s] Level 1:colcon.colcon_core.environment:checking '/home/azthorax/fra333_ws/install/cocoax_control' for CMake module files
[2.277s] DEBUG:colcon.colcon_core.event_handler.log_command:Invoked command in '/home/azthorax/fra333_ws/build/cocoax_control' returned '0': CMAKE_PREFIX_PATH=/opt/ros/foxy /usr/bin/cmake --install /home/azthorax/fra333_ws/build/cocoax_control
[2.277s] Level 1:colcon.colcon_core.environment:checking '/home/azthorax/fra333_ws/install/cocoax_control' for CMake config files
[2.278s] Level 1:colcon.colcon_core.shell:create_environment_hook('cocoax_control', 'cmake_prefix_path')
[2.280s] INFO:colcon.colcon_core.shell:Creating environment hook '/home/azthorax/fra333_ws/install/cocoax_control/share/cocoax_control/hook/cmake_prefix_path.ps1'
[2.280s] INFO:colcon.colcon_core.shell:Creating environment descriptor '/home/azthorax/fra333_ws/install/cocoax_control/share/cocoax_control/hook/cmake_prefix_path.dsv'
[2.280s] INFO:colcon.colcon_core.shell:Creating environment hook '/home/azthorax/fra333_ws/install/cocoax_control/share/cocoax_control/hook/cmake_prefix_path.sh'
[2.281s] Level 1:colcon.colcon_core.environment:checking '/home/azthorax/fra333_ws/install/cocoax_control/lib'
[2.281s] Level 1:colcon.colcon_core.environment:checking '/home/azthorax/fra333_ws/install/cocoax_control/bin'
[2.281s] Level 1:colcon.colcon_core.environment:checking '/home/azthorax/fra333_ws/install/cocoax_control/lib/pkgconfig/cocoax_control.pc'
[2.281s] Level 1:colcon.colcon_core.environment:checking '/home/azthorax/fra333_ws/install/cocoax_control/lib/python3.8/site-packages'
[2.281s] Level 1:colcon.colcon_core.shell:create_environment_hook('cocoax_control', 'pythonpath')
[2.282s] INFO:colcon.colcon_core.shell:Creating environment hook '/home/azthorax/fra333_ws/install/cocoax_control/share/cocoax_control/hook/pythonpath.ps1'
[2.283s] INFO:colcon.colcon_core.shell:Creating environment descriptor '/home/azthorax/fra333_ws/install/cocoax_control/share/cocoax_control/hook/pythonpath.dsv'
[2.284s] INFO:colcon.colcon_core.shell:Creating environment hook '/home/azthorax/fra333_ws/install/cocoax_control/share/cocoax_control/hook/pythonpath.sh'
[2.284s] Level 1:colcon.colcon_core.environment:checking '/home/azthorax/fra333_ws/install/cocoax_control/bin'
[2.285s] INFO:colcon.colcon_core.shell:Creating package script '/home/azthorax/fra333_ws/install/cocoax_control/share/cocoax_control/package.ps1'
[2.286s] INFO:colcon.colcon_core.shell:Creating package descriptor '/home/azthorax/fra333_ws/install/cocoax_control/share/cocoax_control/package.dsv'
[2.286s] INFO:colcon.colcon_core.shell:Creating package script '/home/azthorax/fra333_ws/install/cocoax_control/share/cocoax_control/package.sh'
[2.286s] INFO:colcon.colcon_core.shell:Creating package script '/home/azthorax/fra333_ws/install/cocoax_control/share/cocoax_control/package.bash'
[2.286s] INFO:colcon.colcon_core.shell:Creating package script '/home/azthorax/fra333_ws/install/cocoax_control/share/cocoax_control/package.zsh'
[2.287s] Level 1:colcon.colcon_core.environment:create_file_with_runtime_dependencies(/home/azthorax/fra333_ws/install/cocoax_control/share/colcon-core/packages/cocoax_control)
[2.314s] Level 1:colcon.colcon_core.environment:create_environment_scripts_only(cocoax_control)
[2.318s] Level 1:colcon.colcon_core.environment:checking '/home/azthorax/fra333_ws/install/cocoax_control' for CMake module files
[2.319s] Level 1:colcon.colcon_core.environment:checking '/home/azthorax/fra333_ws/install/cocoax_control' for CMake config files
[2.319s] Level 1:colcon.colcon_core.shell:create_environment_hook('cocoax_control', 'cmake_prefix_path')
[2.321s] INFO:colcon.colcon_core.shell:Creating environment hook '/home/azthorax/fra333_ws/install/cocoax_control/share/cocoax_control/hook/cmake_prefix_path.ps1'
[2.322s] INFO:colcon.colcon_core.shell:Creating environment descriptor '/home/azthorax/fra333_ws/install/cocoax_control/share/cocoax_control/hook/cmake_prefix_path.dsv'
[2.322s] INFO:colcon.colcon_core.shell:Creating environment hook '/home/azthorax/fra333_ws/install/cocoax_control/share/cocoax_control/hook/cmake_prefix_path.sh'
[2.322s] Level 1:colcon.colcon_core.environment:checking '/home/azthorax/fra333_ws/install/cocoax_control/lib'
[2.323s] Level 1:colcon.colcon_core.environment:checking '/home/azthorax/fra333_ws/install/cocoax_control/bin'
[2.323s] Level 1:colcon.colcon_core.environment:checking '/home/azthorax/fra333_ws/install/cocoax_control/lib/pkgconfig/cocoax_control.pc'
[2.323s] Level 1:colcon.colcon_core.environment:checking '/home/azthorax/fra333_ws/install/cocoax_control/lib/python3.8/site-packages'
[2.323s] Level 1:colcon.colcon_core.shell:create_environment_hook('cocoax_control', 'pythonpath')
[2.324s] INFO:colcon.colcon_core.shell:Creating environment hook '/home/azthorax/fra333_ws/install/cocoax_control/share/cocoax_control/hook/pythonpath.ps1'
[2.324s] INFO:colcon.colcon_core.shell:Creating environment descriptor '/home/azthorax/fra333_ws/install/cocoax_control/share/cocoax_control/hook/pythonpath.dsv'
[2.325s] INFO:colcon.colcon_core.shell:Creating environment hook '/home/azthorax/fra333_ws/install/cocoax_control/share/cocoax_control/hook/pythonpath.sh'
[2.325s] Level 1:colcon.colcon_core.environment:checking '/home/azthorax/fra333_ws/install/cocoax_control/bin'
[2.326s] INFO:colcon.colcon_core.shell:Creating package script '/home/azthorax/fra333_ws/install/cocoax_control/share/cocoax_control/package.ps1'
[2.327s] INFO:colcon.colcon_core.shell:Creating package descriptor '/home/azthorax/fra333_ws/install/cocoax_control/share/cocoax_control/package.dsv'
[2.327s] INFO:colcon.colcon_core.shell:Creating package script '/home/azthorax/fra333_ws/install/cocoax_control/share/cocoax_control/package.sh'
[2.328s] INFO:colcon.colcon_core.shell:Creating package script '/home/azthorax/fra333_ws/install/cocoax_control/share/cocoax_control/package.bash'
[2.328s] INFO:colcon.colcon_core.shell:Creating package script '/home/azthorax/fra333_ws/install/cocoax_control/share/cocoax_control/package.zsh'
[2.328s] Level 1:colcon.colcon_core.environment:create_file_with_runtime_dependencies(/home/azthorax/fra333_ws/install/cocoax_control/share/colcon-core/packages/cocoax_control)
[2.339s] Level 1:colcon.colcon_core.environment:create_environment_scripts_only(cocoax_description)
[2.343s] Level 1:colcon.colcon_core.environment:checking '/home/azthorax/fra333_ws/install/cocoax_description' for CMake module files
[2.344s] DEBUG:colcon.colcon_core.event_handler.log_command:Invoked command in '/home/azthorax/fra333_ws/build/cocoax_description' returned '0': CMAKE_PREFIX_PATH=/opt/ros/foxy /usr/bin/cmake --install /home/azthorax/fra333_ws/build/cocoax_description
[2.344s] Level 1:colcon.colcon_core.environment:checking '/home/azthorax/fra333_ws/install/cocoax_description' for CMake config files
[2.345s] Level 1:colcon.colcon_core.shell:create_environment_hook('cocoax_description', 'cmake_prefix_path')
[2.348s] INFO:colcon.colcon_core.shell:Creating environment hook '/home/azthorax/fra333_ws/install/cocoax_description/share/cocoax_description/hook/cmake_prefix_path.ps1'
[2.349s] INFO:colcon.colcon_core.shell:Creating environment descriptor '/home/azthorax/fra333_ws/install/cocoax_description/share/cocoax_description/hook/cmake_prefix_path.dsv'
[2.349s] INFO:colcon.colcon_core.shell:Creating environment hook '/home/azthorax/fra333_ws/install/cocoax_description/share/cocoax_description/hook/cmake_prefix_path.sh'
[2.349s] Level 1:colcon.colcon_core.environment:checking '/home/azthorax/fra333_ws/install/cocoax_description/lib'
[2.350s] Level 1:colcon.colcon_core.environment:checking '/home/azthorax/fra333_ws/install/cocoax_description/bin'
[2.350s] Level 1:colcon.colcon_core.environment:checking '/home/azthorax/fra333_ws/install/cocoax_description/lib/pkgconfig/cocoax_description.pc'
[2.350s] Level 1:colcon.colcon_core.environment:checking '/home/azthorax/fra333_ws/install/cocoax_description/lib/python3.8/site-packages'
[2.350s] Level 1:colcon.colcon_core.shell:create_environment_hook('cocoax_description', 'pythonpath')
[2.351s] INFO:colcon.colcon_core.shell:Creating environment hook '/home/azthorax/fra333_ws/install/cocoax_description/share/cocoax_description/hook/pythonpath.ps1'
[2.352s] INFO:colcon.colcon_core.shell:Creating environment descriptor '/home/azthorax/fra333_ws/install/cocoax_description/share/cocoax_description/hook/pythonpath.dsv'
[2.352s] INFO:colcon.colcon_core.shell:Creating environment hook '/home/azthorax/fra333_ws/install/cocoax_description/share/cocoax_description/hook/pythonpath.sh'
[2.352s] Level 1:colcon.colcon_core.environment:checking '/home/azthorax/fra333_ws/install/cocoax_description/bin'
[2.354s] INFO:colcon.colcon_core.shell:Creating package script '/home/azthorax/fra333_ws/install/cocoax_description/share/cocoax_description/package.ps1'
[2.354s] INFO:colcon.colcon_core.shell:Creating package descriptor '/home/azthorax/fra333_ws/install/cocoax_description/share/cocoax_description/package.dsv'
[2.354s] INFO:colcon.colcon_core.shell:Creating package script '/home/azthorax/fra333_ws/install/cocoax_description/share/cocoax_description/package.sh'
[2.355s] INFO:colcon.colcon_core.shell:Creating package script '/home/azthorax/fra333_ws/install/cocoax_description/share/cocoax_description/package.bash'
[2.355s] INFO:colcon.colcon_core.shell:Creating package script '/home/azthorax/fra333_ws/install/cocoax_description/share/cocoax_description/package.zsh'
[2.355s] Level 1:colcon.colcon_core.environment:create_file_with_runtime_dependencies(/home/azthorax/fra333_ws/install/cocoax_description/share/colcon-core/packages/cocoax_description)
[2.383s] Level 1:colcon.colcon_core.environment:create_environment_scripts_only(cocoax_description)
[2.387s] Level 1:colcon.colcon_core.environment:checking '/home/azthorax/fra333_ws/install/cocoax_description' for CMake module files
[2.388s] Level 1:colcon.colcon_core.environment:checking '/home/azthorax/fra333_ws/install/cocoax_description' for CMake config files
[2.389s] Level 1:colcon.colcon_core.shell:create_environment_hook('cocoax_description', 'cmake_prefix_path')
[2.391s] INFO:colcon.colcon_core.shell:Creating environment hook '/home/azthorax/fra333_ws/install/cocoax_description/share/cocoax_description/hook/cmake_prefix_path.ps1'
[2.391s] INFO:colcon.colcon_core.shell:Creating environment descriptor '/home/azthorax/fra333_ws/install/cocoax_description/share/cocoax_description/hook/cmake_prefix_path.dsv'
[2.391s] INFO:colcon.colcon_core.shell:Creating environment hook '/home/azthorax/fra333_ws/install/cocoax_description/share/cocoax_description/hook/cmake_prefix_path.sh'
[2.392s] Level 1:colcon.colcon_core.environment:checking '/home/azthorax/fra333_ws/install/cocoax_description/lib'
[2.392s] Level 1:colcon.colcon_core.environment:checking '/home/azthorax/fra333_ws/install/cocoax_description/bin'
[2.392s] Level 1:colcon.colcon_core.environment:checking '/home/azthorax/fra333_ws/install/cocoax_description/lib/pkgconfig/cocoax_description.pc'
[2.392s] Level 1:colcon.colcon_core.environment:checking '/home/azthorax/fra333_ws/install/cocoax_description/lib/python3.8/site-packages'
[2.392s] Level 1:colcon.colcon_core.shell:create_environment_hook('cocoax_description', 'pythonpath')
[2.394s] INFO:colcon.colcon_core.shell:Creating environment hook '/home/azthorax/fra333_ws/install/cocoax_description/share/cocoax_description/hook/pythonpath.ps1'
[2.395s] INFO:colcon.colcon_core.shell:Creating environment descriptor '/home/azthorax/fra333_ws/install/cocoax_description/share/cocoax_description/hook/pythonpath.dsv'
[2.395s] INFO:colcon.colcon_core.shell:Creating environment hook '/home/azthorax/fra333_ws/install/cocoax_description/share/cocoax_description/hook/pythonpath.sh'
[2.395s] Level 1:colcon.colcon_core.environment:checking '/home/azthorax/fra333_ws/install/cocoax_description/bin'
[2.397s] INFO:colcon.colcon_core.shell:Creating package script '/home/azthorax/fra333_ws/install/cocoax_description/share/cocoax_description/package.ps1'
[2.398s] INFO:colcon.colcon_core.shell:Creating package descriptor '/home/azthorax/fra333_ws/install/cocoax_description/share/cocoax_description/package.dsv'
[2.398s] INFO:colcon.colcon_core.shell:Creating package script '/home/azthorax/fra333_ws/install/cocoax_description/share/cocoax_description/package.sh'
[2.398s] INFO:colcon.colcon_core.shell:Creating package script '/home/azthorax/fra333_ws/install/cocoax_description/share/cocoax_description/package.bash'
[2.399s] INFO:colcon.colcon_core.shell:Creating package script '/home/azthorax/fra333_ws/install/cocoax_description/share/cocoax_description/package.zsh'
[2.399s] Level 1:colcon.colcon_core.environment:create_file_with_runtime_dependencies(/home/azthorax/fra333_ws/install/cocoax_description/share/colcon-core/packages/cocoax_description)
[2.478s] DEBUG:colcon.colcon_core.event_handler.log_command:Invoked command in '/home/azthorax/fra333_ws/build/cocoax_interfaces' returned '0': CMAKE_PREFIX_PATH=/opt/ros/foxy /usr/bin/cmake /home/azthorax/fra333_ws/src/fra333_lab4_25_v1/cocoax_interfaces -DAMENT_CMAKE_SYMLINK_INSTALL=1 -DCMAKE_INSTALL_PREFIX=/home/azthorax/fra333_ws/install/cocoax_interfaces
[2.482s] DEBUG:colcon.colcon_core.event_handler.log_command:Invoking command in '/home/azthorax/fra333_ws/build/cocoax_interfaces': CMAKE_PREFIX_PATH=/opt/ros/foxy /usr/bin/cmake --build /home/azthorax/fra333_ws/build/cocoax_interfaces -- -j12 -l12
[6.908s] DEBUG:colcon.colcon_core.event_handler.log_command:Invoked command in '/home/azthorax/fra333_ws/build/cocoax_interfaces' returned '0': CMAKE_PREFIX_PATH=/opt/ros/foxy /usr/bin/cmake --build /home/azthorax/fra333_ws/build/cocoax_interfaces -- -j12 -l12
[7.060s] DEBUG:colcon.colcon_core.event_handler.log_command:Invoking command in '/home/azthorax/fra333_ws/build/cocoax_interfaces': CMAKE_PREFIX_PATH=/opt/ros/foxy /usr/bin/cmake --install /home/azthorax/fra333_ws/build/cocoax_interfaces
[8.485s] Level 1:colcon.colcon_core.environment:create_environment_scripts_only(cocoax_interfaces)
[8.485s] DEBUG:colcon.colcon_core.event_handler.log_command:Invoked command in '/home/azthorax/fra333_ws/build/cocoax_interfaces' returned '0': CMAKE_PREFIX_PATH=/opt/ros/foxy /usr/bin/cmake --install /home/azthorax/fra333_ws/build/cocoax_interfaces
[8.490s] Level 1:colcon.colcon_core.environment:checking '/home/azthorax/fra333_ws/install/cocoax_interfaces' for CMake module files
[8.491s] Level 1:colcon.colcon_core.environment:checking '/home/azthorax/fra333_ws/install/cocoax_interfaces' for CMake config files
[8.492s] Level 1:colcon.colcon_core.shell:create_environment_hook('cocoax_interfaces', 'cmake_prefix_path')
[8.494s] INFO:colcon.colcon_core.shell:Creating environment hook '/home/azthorax/fra333_ws/install/cocoax_interfaces/share/cocoax_interfaces/hook/cmake_prefix_path.ps1'
[8.494s] INFO:colcon.colcon_core.shell:Creating environment descriptor '/home/azthorax/fra333_ws/install/cocoax_interfaces/share/cocoax_interfaces/hook/cmake_prefix_path.dsv'
[8.495s] INFO:colcon.colcon_core.shell:Creating environment hook '/home/azthorax/fra333_ws/install/cocoax_interfaces/share/cocoax_interfaces/hook/cmake_prefix_path.sh'
[8.495s] Level 1:colcon.colcon_core.environment:checking '/home/azthorax/fra333_ws/install/cocoax_interfaces/lib'
[8.495s] Level 1:colcon.colcon_core.shell:create_environment_hook('cocoax_interfaces', 'ld_library_path_lib')
[8.496s] INFO:colcon.colcon_core.shell:Creating environment hook '/home/azthorax/fra333_ws/install/cocoax_interfaces/share/cocoax_interfaces/hook/ld_library_path_lib.ps1'
[8.497s] INFO:colcon.colcon_core.shell:Creating environment descriptor '/home/azthorax/fra333_ws/install/cocoax_interfaces/share/cocoax_interfaces/hook/ld_library_path_lib.dsv'
[8.497s] INFO:colcon.colcon_core.shell:Creating environment hook '/home/azthorax/fra333_ws/install/cocoax_interfaces/share/cocoax_interfaces/hook/ld_library_path_lib.sh'
[8.497s] Level 1:colcon.colcon_core.environment:checking '/home/azthorax/fra333_ws/install/cocoax_interfaces/bin'
[8.497s] Level 1:colcon.colcon_core.environment:checking '/home/azthorax/fra333_ws/install/cocoax_interfaces/lib/pkgconfig/cocoax_interfaces.pc'
[8.497s] Level 1:colcon.colcon_core.environment:checking '/home/azthorax/fra333_ws/install/cocoax_interfaces/lib/python3.8/site-packages'
[8.497s] Level 1:colcon.colcon_core.shell:create_environment_hook('cocoax_interfaces', 'pythonpath')
[8.499s] INFO:colcon.colcon_core.shell:Creating environment hook '/home/azthorax/fra333_ws/install/cocoax_interfaces/share/cocoax_interfaces/hook/pythonpath.ps1'
[8.499s] INFO:colcon.colcon_core.shell:Creating environment descriptor '/home/azthorax/fra333_ws/install/cocoax_interfaces/share/cocoax_interfaces/hook/pythonpath.dsv'
[8.499s] INFO:colcon.colcon_core.shell:Creating environment hook '/home/azthorax/fra333_ws/install/cocoax_interfaces/share/cocoax_interfaces/hook/pythonpath.sh'
[8.499s] Level 1:colcon.colcon_core.environment:checking '/home/azthorax/fra333_ws/install/cocoax_interfaces/bin'
[8.501s] INFO:colcon.colcon_core.shell:Creating package script '/home/azthorax/fra333_ws/install/cocoax_interfaces/share/cocoax_interfaces/package.ps1'
[8.501s] INFO:colcon.colcon_core.shell:Creating package descriptor '/home/azthorax/fra333_ws/install/cocoax_interfaces/share/cocoax_interfaces/package.dsv'
[8.501s] INFO:colcon.colcon_core.shell:Creating package script '/home/azthorax/fra333_ws/install/cocoax_interfaces/share/cocoax_interfaces/package.sh'
[8.502s] INFO:colcon.colcon_core.shell:Creating package script '/home/azthorax/fra333_ws/install/cocoax_interfaces/share/cocoax_interfaces/package.bash'
[8.502s] INFO:colcon.colcon_core.shell:Creating package script '/home/azthorax/fra333_ws/install/cocoax_interfaces/share/cocoax_interfaces/package.zsh'
[8.502s] Level 1:colcon.colcon_core.environment:create_file_with_runtime_dependencies(/home/azthorax/fra333_ws/install/cocoax_interfaces/share/colcon-core/packages/cocoax_interfaces)
[8.614s] Level 1:colcon.colcon_core.environment:create_environment_scripts_only(cocoax_interfaces)
[8.618s] Level 1:colcon.colcon_core.environment:checking '/home/azthorax/fra333_ws/install/cocoax_interfaces' for CMake module files
[8.619s] Level 1:colcon.colcon_core.environment:checking '/home/azthorax/fra333_ws/install/cocoax_interfaces' for CMake config files
[8.620s] Level 1:colcon.colcon_core.shell:create_environment_hook('cocoax_interfaces', 'cmake_prefix_path')
[8.622s] INFO:colcon.colcon_core.shell:Creating environment hook '/home/azthorax/fra333_ws/install/cocoax_interfaces/share/cocoax_interfaces/hook/cmake_prefix_path.ps1'
[8.622s] INFO:colcon.colcon_core.shell:Creating environment descriptor '/home/azthorax/fra333_ws/install/cocoax_interfaces/share/cocoax_interfaces/hook/cmake_prefix_path.dsv'
[8.622s] INFO:colcon.colcon_core.shell:Creating environment hook '/home/azthorax/fra333_ws/install/cocoax_interfaces/share/cocoax_interfaces/hook/cmake_prefix_path.sh'
[8.623s] Level 1:colcon.colcon_core.environment:checking '/home/azthorax/fra333_ws/install/cocoax_interfaces/lib'
[8.623s] Level 1:colcon.colcon_core.shell:create_environment_hook('cocoax_interfaces', 'ld_library_path_lib')
[8.624s] INFO:colcon.colcon_core.shell:Creating environment hook '/home/azthorax/fra333_ws/install/cocoax_interfaces/share/cocoax_interfaces/hook/ld_library_path_lib.ps1'
[8.624s] INFO:colcon.colcon_core.shell:Creating environment descriptor '/home/azthorax/fra333_ws/install/cocoax_interfaces/share/cocoax_interfaces/hook/ld_library_path_lib.dsv'
[8.625s] INFO:colcon.colcon_core.shell:Creating environment hook '/home/azthorax/fra333_ws/install/cocoax_interfaces/share/cocoax_interfaces/hook/ld_library_path_lib.sh'
[8.625s] Level 1:colcon.colcon_core.environment:checking '/home/azthorax/fra333_ws/install/cocoax_interfaces/bin'
[8.625s] Level 1:colcon.colcon_core.environment:checking '/home/azthorax/fra333_ws/install/cocoax_interfaces/lib/pkgconfig/cocoax_interfaces.pc'
[8.625s] Level 1:colcon.colcon_core.environment:checking '/home/azthorax/fra333_ws/install/cocoax_interfaces/lib/python3.8/site-packages'
[8.625s] Level 1:colcon.colcon_core.shell:create_environment_hook('cocoax_interfaces', 'pythonpath')
[8.627s] INFO:colcon.colcon_core.shell:Creating environment hook '/home/azthorax/fra333_ws/install/cocoax_interfaces/share/cocoax_interfaces/hook/pythonpath.ps1'
[8.627s] INFO:colcon.colcon_core.shell:Creating environment descriptor '/home/azthorax/fra333_ws/install/cocoax_interfaces/share/cocoax_interfaces/hook/pythonpath.dsv'
[8.627s] INFO:colcon.colcon_core.shell:Creating environment hook '/home/azthorax/fra333_ws/install/cocoax_interfaces/share/cocoax_interfaces/hook/pythonpath.sh'
[8.627s] Level 1:colcon.colcon_core.environment:checking '/home/azthorax/fra333_ws/install/cocoax_interfaces/bin'
[8.629s] INFO:colcon.colcon_core.shell:Creating package script '/home/azthorax/fra333_ws/install/cocoax_interfaces/share/cocoax_interfaces/package.ps1'
[8.629s] INFO:colcon.colcon_core.shell:Creating package descriptor '/home/azthorax/fra333_ws/install/cocoax_interfaces/share/cocoax_interfaces/package.dsv'
[8.630s] INFO:colcon.colcon_core.shell:Creating package script '/home/azthorax/fra333_ws/install/cocoax_interfaces/share/cocoax_interfaces/package.sh'
[8.630s] INFO:colcon.colcon_core.shell:Creating package script '/home/azthorax/fra333_ws/install/cocoax_interfaces/share/cocoax_interfaces/package.bash'
[8.630s] INFO:colcon.colcon_core.shell:Creating package script '/home/azthorax/fra333_ws/install/cocoax_interfaces/share/cocoax_interfaces/package.zsh'
[8.631s] Level 1:colcon.colcon_core.environment:create_file_with_runtime_dependencies(/home/azthorax/fra333_ws/install/cocoax_interfaces/share/colcon-core/packages/cocoax_interfaces)
[8.631s] DEBUG:colcon.colcon_parallel_executor.executor.parallel:closing loop
[8.631s] DEBUG:colcon.colcon_parallel_executor.executor.parallel:loop closed
[8.631s] DEBUG:colcon.colcon_parallel_executor.executor.parallel:run_until_complete finished with '0'
[8.631s] DEBUG:colcon.colcon_core.event_reactor:joining thread
[8.644s] INFO:colcon.colcon_core.plugin_system:Skipping extension 'colcon_notification.desktop_notification.terminal_notifier': Not used on non-Darwin systems
[8.644s] INFO:colcon.colcon_core.plugin_system:Skipping extension 'colcon_notification.desktop_notification.win32': Not used on non-Windows systems
[8.644s] INFO:colcon.colcon_notification.desktop_notification:Sending desktop notification using 'notify2'
[8.664s] DEBUG:colcon.colcon_core.event_reactor:joined thread
[8.666s] INFO:colcon.colcon_core.shell:Creating prefix script '/home/azthorax/fra333_ws/install/local_setup.ps1'
[8.667s] INFO:colcon.colcon_core.shell:Creating prefix util module '/home/azthorax/fra333_ws/install/_local_setup_util_ps1.py'
[8.668s] INFO:colcon.colcon_core.shell:Creating prefix chain script '/home/azthorax/fra333_ws/install/setup.ps1'
[8.670s] INFO:colcon.colcon_core.shell:Creating prefix script '/home/azthorax/fra333_ws/install/local_setup.sh'
[8.670s] INFO:colcon.colcon_core.shell:Creating prefix util module '/home/azthorax/fra333_ws/install/_local_setup_util_sh.py'
[8.670s] INFO:colcon.colcon_core.shell:Creating prefix chain script '/home/azthorax/fra333_ws/install/setup.sh'
[8.671s] INFO:colcon.colcon_core.shell:Creating prefix script '/home/azthorax/fra333_ws/install/local_setup.bash'
[8.672s] INFO:colcon.colcon_core.shell:Creating prefix chain script '/home/azthorax/fra333_ws/install/setup.bash'
[8.673s] INFO:colcon.colcon_core.shell:Creating prefix script '/home/azthorax/fra333_ws/install/local_setup.zsh'
[8.674s] INFO:colcon.colcon_core.shell:Creating prefix chain script '/home/azthorax/fra333_ws/install/setup.zsh'
