[0.072s] Invoking command in '/home/azthorax/fra333_ws/build/xicro_interfaces': CMAKE_PREFIX_PATH=${CMAKE_PREFIX_PATH}:/opt/ros/foxy /usr/bin/cmake /home/azthorax/fra333_ws/src/Xicro/xicro_interfaces -DCMAKE_INSTALL_PREFIX=/home/azthorax/fra333_ws/install/xicro_interfaces
[0.092s] -- Found ament_cmake: 0.9.11 (/opt/ros/foxy/share/ament_cmake/cmake)
[0.123s] -- Found PythonInterp: /usr/bin/python3 (found suitable version "3.8.10", minimum required is "3") 
[0.123s] -- Using PYTHON_EXECUTABLE: /usr/bin/python3
[0.442s] -- Override CMake install command with custom implementation using symlinks instead of copying resources
[0.451s] -- Found rosidl_default_generators: 1.0.1 (/opt/ros/foxy/share/rosidl_default_generators/cmake)
[0.455s] -- Using all available rosidl_typesupport_c: rosidl_typesupport_fastrtps_c;rosidl_typesupport_introspection_c
[0.460s] -- Found rosidl_adapter: 1.3.0 (/opt/ros/foxy/share/rosidl_adapter/cmake)
[0.643s] -- Using all available rosidl_typesupport_cpp: rosidl_typesupport_fastrtps_cpp;rosidl_typesupport_introspection_cpp
[0.674s] -- Found ament_lint_auto: 0.9.7 (/opt/ros/foxy/share/ament_lint_auto/cmake)
[0.815s] -- Found PythonInterp: /usr/bin/python3 (found version "3.8.10") 
[1.054s] -- Found ament_cmake_ros: 0.9.2 (/opt/ros/foxy/share/ament_cmake_ros/cmake)
[1.209s] -- Using all available rosidl_typesupport_c: rosidl_typesupport_fastrtps_c;rosidl_typesupport_introspection_c
[1.231s] -- Using all available rosidl_typesupport_cpp: rosidl_typesupport_fastrtps_cpp;rosidl_typesupport_introspection_cpp
[1.274s] -- Found PythonInterp: /usr/bin/python3 (found suitable version "3.8.10", minimum required is "3.5") 
[1.274s] -- Found python_cmake_module: 0.8.1 (/opt/ros/foxy/share/python_cmake_module/cmake)
[1.307s] -- Using PYTHON_EXECUTABLE: /usr/bin/python3
[1.307s] -- Using PYTHON_INCLUDE_DIRS: /usr/include/python3.8
[1.308s] -- Using PYTHON_LIBRARIES: /usr/lib/x86_64-linux-gnu/libpython3.8.so
[1.341s] -- Added test 'copyright' to check source files copyright and LICENSE
[1.342s] -- Added test 'lint_cmake' to check CMake code style
[1.342s] -- Added test 'xmllint' to check XML markup files
[1.352s] -- Configuring done
[1.463s] -- Generating done
[1.472s] -- Build files have been written to: /home/azthorax/fra333_ws/build/xicro_interfaces
[1.521s] Invoked command in '/home/azthorax/fra333_ws/build/xicro_interfaces' returned '0': CMAKE_PREFIX_PATH=${CMAKE_PREFIX_PATH}:/opt/ros/foxy /usr/bin/cmake /home/azthorax/fra333_ws/src/Xicro/xicro_interfaces -DCMAKE_INSTALL_PREFIX=/home/azthorax/fra333_ws/install/xicro_interfaces
[1.523s] Invoking command in '/home/azthorax/fra333_ws/build/xicro_interfaces': CMAKE_PREFIX_PATH=${CMAKE_PREFIX_PATH}:/opt/ros/foxy /usr/bin/cmake --build /home/azthorax/fra333_ws/build/xicro_interfaces -- -j12 -l12
[1.603s] [  0%] Built target xicro_interfaces__cpp
[1.611s] [ 12%] Built target xicro_interfaces__rosidl_generator_c
[1.636s] [ 24%] Built target xicro_interfaces__rosidl_typesupport_cpp
[1.636s] [ 37%] Built target xicro_interfaces__rosidl_typesupport_introspection_cpp
[1.646s] [ 49%] Built target xicro_interfaces__rosidl_typesupport_c
[1.646s] [ 61%] Built target xicro_interfaces__rosidl_typesupport_fastrtps_cpp
[1.647s] [ 73%] Built target xicro_interfaces__rosidl_typesupport_introspection_c
[1.680s] [ 85%] Built target xicro_interfaces__rosidl_typesupport_fastrtps_c
[1.711s] [ 85%] Built target xicro_interfaces
[1.743s] [ 85%] Built target xicro_interfaces__py
[1.786s] [ 97%] Built target xicro_interfaces__python
[1.811s] [ 98%] Built target xicro_interfaces__rosidl_typesupport_introspection_c__pyext
[1.817s] [ 99%] Built target xicro_interfaces__rosidl_typesupport_c__pyext
[1.818s] [100%] Built target xicro_interfaces__rosidl_typesupport_fastrtps_c__pyext
[1.837s] Invoked command in '/home/azthorax/fra333_ws/build/xicro_interfaces' returned '0': CMAKE_PREFIX_PATH=${CMAKE_PREFIX_PATH}:/opt/ros/foxy /usr/bin/cmake --build /home/azthorax/fra333_ws/build/xicro_interfaces -- -j12 -l12
[2.330s] Invoking command in '/home/azthorax/fra333_ws/build/xicro_interfaces': CMAKE_PREFIX_PATH=${CMAKE_PREFIX_PATH}:/opt/ros/foxy /usr/bin/cmake --install /home/azthorax/fra333_ws/build/xicro_interfaces
[2.342s] -- Install configuration: ""
[2.343s] -- Execute custom install script
[2.343s] -- Up-to-date symlink: /home/azthorax/fra333_ws/install/xicro_interfaces/share/ament_index/resource_index/rosidl_interfaces/xicro_interfaces
[2.344s] -- Up-to-date symlink: /home/azthorax/fra333_ws/install/xicro_interfaces/include/xicro_interfaces/msg/battery_state.h
[2.345s] -- Up-to-date symlink: /home/azthorax/fra333_ws/install/xicro_interfaces/include/xicro_interfaces/msg/bool.h
[2.345s] -- Up-to-date symlink: /home/azthorax/fra333_ws/install/xicro_interfaces/include/xicro_interfaces/msg/demo_input.h
[2.345s] -- Up-to-date symlink: /home/azthorax/fra333_ws/install/xicro_interfaces/include/xicro_interfaces/msg/demo_output.h
[2.345s] -- Up-to-date symlink: /home/azthorax/fra333_ws/install/xicro_interfaces/include/xicro_interfaces/msg/detail/battery_state__functions.h
[2.346s] -- Up-to-date symlink: /home/azthorax/fra333_ws/install/xicro_interfaces/include/xicro_interfaces/msg/detail/battery_state__struct.h
[2.346s] -- Up-to-date symlink: /home/azthorax/fra333_ws/install/xicro_interfaces/include/xicro_interfaces/msg/detail/battery_state__type_support.h
[2.346s] -- Up-to-date symlink: /home/azthorax/fra333_ws/install/xicro_interfaces/include/xicro_interfaces/msg/detail/bool__functions.h
[2.346s] -- Up-to-date symlink: /home/azthorax/fra333_ws/install/xicro_interfaces/include/xicro_interfaces/msg/detail/bool__struct.h
[2.347s] -- Up-to-date symlink: /home/azthorax/fra333_ws/install/xicro_interfaces/include/xicro_interfaces/msg/detail/bool__type_support.h
[2.347s] -- Up-to-date symlink: /home/azthorax/fra333_ws/install/xicro_interfaces/include/xicro_interfaces/msg/detail/demo_input__functions.h
[2.347s] -- Up-to-date symlink: /home/azthorax/fra333_ws/install/xicro_interfaces/include/xicro_interfaces/msg/detail/demo_input__struct.h
[2.347s] -- Up-to-date symlink: /home/azthorax/fra333_ws/install/xicro_interfaces/include/xicro_interfaces/msg/detail/demo_input__type_support.h
[2.347s] -- Up-to-date symlink: /home/azthorax/fra333_ws/install/xicro_interfaces/include/xicro_interfaces/msg/detail/demo_output__functions.h
[2.348s] -- Up-to-date symlink: /home/azthorax/fra333_ws/install/xicro_interfaces/include/xicro_interfaces/msg/detail/demo_output__struct.h
[2.348s] -- Up-to-date symlink: /home/azthorax/fra333_ws/install/xicro_interfaces/include/xicro_interfaces/msg/detail/demo_output__type_support.h
[2.348s] -- Up-to-date symlink: /home/azthorax/fra333_ws/install/xicro_interfaces/include/xicro_interfaces/msg/detail/float32__functions.h
[2.348s] -- Up-to-date symlink: /home/azthorax/fra333_ws/install/xicro_interfaces/include/xicro_interfaces/msg/detail/float32__struct.h
[2.348s] -- Up-to-date symlink: /home/azthorax/fra333_ws/install/xicro_interfaces/include/xicro_interfaces/msg/detail/float32__type_support.h
[2.349s] -- Up-to-date symlink: /home/azthorax/fra333_ws/install/xicro_interfaces/include/xicro_interfaces/msg/detail/header__functions.h
[2.349s] -- Up-to-date symlink: /home/azthorax/fra333_ws/install/xicro_interfaces/include/xicro_interfaces/msg/detail/header__struct.h
[2.349s] -- Up-to-date symlink: /home/azthorax/fra333_ws/install/xicro_interfaces/include/xicro_interfaces/msg/detail/header__type_support.h
[2.349s] -- Up-to-date symlink: /home/azthorax/fra333_ws/install/xicro_interfaces/include/xicro_interfaces/msg/detail/imu__functions.h
[2.349s] -- Up-to-date symlink: /home/azthorax/fra333_ws/install/xicro_interfaces/include/xicro_interfaces/msg/detail/imu__struct.h
[2.349s] -- Up-to-date symlink: /home/azthorax/fra333_ws/install/xicro_interfaces/include/xicro_interfaces/msg/detail/imu__type_support.h
[2.349s] -- Up-to-date symlink: /home/azthorax/fra333_ws/install/xicro_interfaces/include/xicro_interfaces/msg/detail/int16__functions.h
[2.349s] -- Up-to-date symlink: /home/azthorax/fra333_ws/install/xicro_interfaces/include/xicro_interfaces/msg/detail/int16__struct.h
[2.350s] -- Up-to-date symlink: /home/azthorax/fra333_ws/install/xicro_interfaces/include/xicro_interfaces/msg/detail/int16__type_support.h
[2.350s] -- Up-to-date symlink: /home/azthorax/fra333_ws/install/xicro_interfaces/include/xicro_interfaces/msg/detail/int32__functions.h
[2.350s] -- Up-to-date symlink: /home/azthorax/fra333_ws/install/xicro_interfaces/include/xicro_interfaces/msg/detail/int32__struct.h
[2.350s] -- Up-to-date symlink: /home/azthorax/fra333_ws/install/xicro_interfaces/include/xicro_interfaces/msg/detail/int32__type_support.h
[2.350s] -- Up-to-date symlink: /home/azthorax/fra333_ws/install/xicro_interfaces/include/xicro_interfaces/msg/detail/int64__functions.h
[2.350s] -- Up-to-date symlink: /home/azthorax/fra333_ws/install/xicro_interfaces/include/xicro_interfaces/msg/detail/int64__struct.h
[2.350s] -- Up-to-date symlink: /home/azthorax/fra333_ws/install/xicro_interfaces/include/xicro_interfaces/msg/detail/int64__type_support.h
[2.350s] -- Up-to-date symlink: /home/azthorax/fra333_ws/install/xicro_interfaces/include/xicro_interfaces/msg/detail/int8__functions.h
[2.350s] -- Up-to-date symlink: /home/azthorax/fra333_ws/install/xicro_interfaces/include/xicro_interfaces/msg/detail/int8__struct.h
[2.350s] -- Up-to-date symlink: /home/azthorax/fra333_ws/install/xicro_interfaces/include/xicro_interfaces/msg/detail/int8__type_support.h
[2.350s] -- Up-to-date symlink: /home/azthorax/fra333_ws/install/xicro_interfaces/include/xicro_interfaces/msg/detail/joint_state__functions.h
[2.351s] -- Up-to-date symlink: /home/azthorax/fra333_ws/install/xicro_interfaces/include/xicro_interfaces/msg/detail/joint_state__struct.h
[2.351s] -- Up-to-date symlink: /home/azthorax/fra333_ws/install/xicro_interfaces/include/xicro_interfaces/msg/detail/joint_state__type_support.h
[2.351s] -- Up-to-date symlink: /home/azthorax/fra333_ws/install/xicro_interfaces/include/xicro_interfaces/msg/detail/point__functions.h
[2.351s] -- Up-to-date symlink: /home/azthorax/fra333_ws/install/xicro_interfaces/include/xicro_interfaces/msg/detail/point__struct.h
[2.351s] -- Up-to-date symlink: /home/azthorax/fra333_ws/install/xicro_interfaces/include/xicro_interfaces/msg/detail/point__type_support.h
[2.351s] -- Up-to-date symlink: /home/azthorax/fra333_ws/install/xicro_interfaces/include/xicro_interfaces/msg/detail/pose2_d__functions.h
[2.351s] -- Up-to-date symlink: /home/azthorax/fra333_ws/install/xicro_interfaces/include/xicro_interfaces/msg/detail/pose2_d__struct.h
[2.351s] -- Up-to-date symlink: /home/azthorax/fra333_ws/install/xicro_interfaces/include/xicro_interfaces/msg/detail/pose2_d__type_support.h
[2.351s] -- Up-to-date symlink: /home/azthorax/fra333_ws/install/xicro_interfaces/include/xicro_interfaces/msg/detail/pose__functions.h
[2.351s] -- Up-to-date symlink: /home/azthorax/fra333_ws/install/xicro_interfaces/include/xicro_interfaces/msg/detail/pose__struct.h
[2.351s] -- Up-to-date symlink: /home/azthorax/fra333_ws/install/xicro_interfaces/include/xicro_interfaces/msg/detail/pose__type_support.h
[2.352s] -- Up-to-date symlink: /home/azthorax/fra333_ws/install/xicro_interfaces/include/xicro_interfaces/msg/detail/pose_with_covariance__functions.h
[2.352s] -- Up-to-date symlink: /home/azthorax/fra333_ws/install/xicro_interfaces/include/xicro_interfaces/msg/detail/pose_with_covariance__struct.h
[2.352s] -- Up-to-date symlink: /home/azthorax/fra333_ws/install/xicro_interfaces/include/xicro_interfaces/msg/detail/pose_with_covariance__type_support.h
[2.352s] -- Up-to-date symlink: /home/azthorax/fra333_ws/install/xicro_interfaces/include/xicro_interfaces/msg/detail/quaternion__functions.h
[2.352s] -- Up-to-date symlink: /home/azthorax/fra333_ws/install/xicro_interfaces/include/xicro_interfaces/msg/detail/quaternion__struct.h
[2.352s] -- Up-to-date symlink: /home/azthorax/fra333_ws/install/xicro_interfaces/include/xicro_interfaces/msg/detail/quaternion__type_support.h
[2.352s] -- Up-to-date symlink: /home/azthorax/fra333_ws/install/xicro_interfaces/include/xicro_interfaces/msg/detail/temperature__functions.h
[2.353s] -- Up-to-date symlink: /home/azthorax/fra333_ws/install/xicro_interfaces/include/xicro_interfaces/msg/detail/temperature__struct.h
[2.353s] -- Up-to-date symlink: /home/azthorax/fra333_ws/install/xicro_interfaces/include/xicro_interfaces/msg/detail/temperature__type_support.h
[2.353s] -- Up-to-date symlink: /home/azthorax/fra333_ws/install/xicro_interfaces/include/xicro_interfaces/msg/detail/time__functions.h
[2.353s] -- Up-to-date symlink: /home/azthorax/fra333_ws/install/xicro_interfaces/include/xicro_interfaces/msg/detail/time__struct.h
[2.353s] -- Up-to-date symlink: /home/azthorax/fra333_ws/install/xicro_interfaces/include/xicro_interfaces/msg/detail/time__type_support.h
[2.353s] -- Up-to-date symlink: /home/azthorax/fra333_ws/install/xicro_interfaces/include/xicro_interfaces/msg/detail/twist__functions.h
[2.354s] -- Up-to-date symlink: /home/azthorax/fra333_ws/install/xicro_interfaces/include/xicro_interfaces/msg/detail/twist__struct.h
[2.354s] -- Up-to-date symlink: /home/azthorax/fra333_ws/install/xicro_interfaces/include/xicro_interfaces/msg/detail/twist__type_support.h
[2.354s] -- Up-to-date symlink: /home/azthorax/fra333_ws/install/xicro_interfaces/include/xicro_interfaces/msg/detail/uint16__functions.h
[2.354s] -- Up-to-date symlink: /home/azthorax/fra333_ws/install/xicro_interfaces/include/xicro_interfaces/msg/detail/uint16__struct.h
[2.354s] -- Up-to-date symlink: /home/azthorax/fra333_ws/install/xicro_interfaces/include/xicro_interfaces/msg/detail/uint16__type_support.h
[2.354s] -- Up-to-date symlink: /home/azthorax/fra333_ws/install/xicro_interfaces/include/xicro_interfaces/msg/detail/uint32__functions.h
[2.354s] -- Up-to-date symlink: /home/azthorax/fra333_ws/install/xicro_interfaces/include/xicro_interfaces/msg/detail/uint32__struct.h
[2.354s] -- Up-to-date symlink: /home/azthorax/fra333_ws/install/xicro_interfaces/include/xicro_interfaces/msg/detail/uint32__type_support.h
[2.355s] -- Up-to-date symlink: /home/azthorax/fra333_ws/install/xicro_interfaces/include/xicro_interfaces/msg/detail/uint64__functions.h
[2.355s] -- Up-to-date symlink: /home/azthorax/fra333_ws/install/xicro_interfaces/include/xicro_interfaces/msg/detail/uint64__struct.h
[2.355s] -- Up-to-date symlink: /home/azthorax/fra333_ws/install/xicro_interfaces/include/xicro_interfaces/msg/detail/uint64__type_support.h
[2.355s] -- Up-to-date symlink: /home/azthorax/fra333_ws/install/xicro_interfaces/include/xicro_interfaces/msg/detail/uint8__functions.h
[2.355s] -- Up-to-date symlink: /home/azthorax/fra333_ws/install/xicro_interfaces/include/xicro_interfaces/msg/detail/uint8__struct.h
[2.355s] -- Up-to-date symlink: /home/azthorax/fra333_ws/install/xicro_interfaces/include/xicro_interfaces/msg/detail/uint8__type_support.h
[2.355s] -- Up-to-date symlink: /home/azthorax/fra333_ws/install/xicro_interfaces/include/xicro_interfaces/msg/detail/vector3__functions.h
[2.355s] -- Up-to-date symlink: /home/azthorax/fra333_ws/install/xicro_interfaces/include/xicro_interfaces/msg/detail/vector3__struct.h
[2.356s] -- Up-to-date symlink: /home/azthorax/fra333_ws/install/xicro_interfaces/include/xicro_interfaces/msg/detail/vector3__type_support.h
[2.356s] -- Up-to-date symlink: /home/azthorax/fra333_ws/install/xicro_interfaces/include/xicro_interfaces/msg/float32.h
[2.356s] -- Up-to-date symlink: /home/azthorax/fra333_ws/install/xicro_interfaces/include/xicro_interfaces/msg/header.h
[2.356s] -- Up-to-date symlink: /home/azthorax/fra333_ws/install/xicro_interfaces/include/xicro_interfaces/msg/imu.h
[2.356s] -- Up-to-date symlink: /home/azthorax/fra333_ws/install/xicro_interfaces/include/xicro_interfaces/msg/int16.h
[2.356s] -- Up-to-date symlink: /home/azthorax/fra333_ws/install/xicro_interfaces/include/xicro_interfaces/msg/int32.h
[2.356s] -- Up-to-date symlink: /home/azthorax/fra333_ws/install/xicro_interfaces/include/xicro_interfaces/msg/int64.h
[2.357s] -- Up-to-date symlink: /home/azthorax/fra333_ws/install/xicro_interfaces/include/xicro_interfaces/msg/int8.h
[2.357s] -- Up-to-date symlink: /home/azthorax/fra333_ws/install/xicro_interfaces/include/xicro_interfaces/msg/joint_state.h
[2.357s] -- Up-to-date symlink: /home/azthorax/fra333_ws/install/xicro_interfaces/include/xicro_interfaces/msg/point.h
[2.357s] -- Up-to-date symlink: /home/azthorax/fra333_ws/install/xicro_interfaces/include/xicro_interfaces/msg/pose.h
[2.357s] -- Up-to-date symlink: /home/azthorax/fra333_ws/install/xicro_interfaces/include/xicro_interfaces/msg/pose2_d.h
[2.357s] -- Up-to-date symlink: /home/azthorax/fra333_ws/install/xicro_interfaces/include/xicro_interfaces/msg/pose_with_covariance.h
[2.357s] -- Up-to-date symlink: /home/azthorax/fra333_ws/install/xicro_interfaces/include/xicro_interfaces/msg/quaternion.h
[2.358s] -- Up-to-date symlink: /home/azthorax/fra333_ws/install/xicro_interfaces/include/xicro_interfaces/msg/rosidl_generator_c__visibility_control.h
[2.358s] -- Up-to-date symlink: /home/azthorax/fra333_ws/install/xicro_interfaces/include/xicro_interfaces/msg/temperature.h
[2.358s] -- Up-to-date symlink: /home/azthorax/fra333_ws/install/xicro_interfaces/include/xicro_interfaces/msg/time.h
[2.358s] -- Up-to-date symlink: /home/azthorax/fra333_ws/install/xicro_interfaces/include/xicro_interfaces/msg/twist.h
[2.358s] -- Up-to-date symlink: /home/azthorax/fra333_ws/install/xicro_interfaces/include/xicro_interfaces/msg/uint16.h
[2.358s] -- Up-to-date symlink: /home/azthorax/fra333_ws/install/xicro_interfaces/include/xicro_interfaces/msg/uint32.h
[2.359s] -- Up-to-date symlink: /home/azthorax/fra333_ws/install/xicro_interfaces/include/xicro_interfaces/msg/uint64.h
[2.359s] -- Up-to-date symlink: /home/azthorax/fra333_ws/install/xicro_interfaces/include/xicro_interfaces/msg/uint8.h
[2.359s] -- Up-to-date symlink: /home/azthorax/fra333_ws/install/xicro_interfaces/include/xicro_interfaces/msg/vector3.h
[2.359s] -- Up-to-date symlink: /home/azthorax/fra333_ws/install/xicro_interfaces/share/xicro_interfaces/environment/library_path.sh
[2.359s] -- Up-to-date symlink: /home/azthorax/fra333_ws/install/xicro_interfaces/share/xicro_interfaces/environment/library_path.dsv
[2.361s] -- Up-to-date symlink: /home/azthorax/fra333_ws/install/xicro_interfaces/include/xicro_interfaces/msg/detail/battery_state__rosidl_typesupport_fastrtps_c.h
[2.361s] -- Up-to-date symlink: /home/azthorax/fra333_ws/install/xicro_interfaces/include/xicro_interfaces/msg/detail/bool__rosidl_typesupport_fastrtps_c.h
[2.361s] -- Up-to-date symlink: /home/azthorax/fra333_ws/install/xicro_interfaces/include/xicro_interfaces/msg/detail/demo_input__rosidl_typesupport_fastrtps_c.h
[2.361s] -- Up-to-date symlink: /home/azthorax/fra333_ws/install/xicro_interfaces/include/xicro_interfaces/msg/detail/demo_output__rosidl_typesupport_fastrtps_c.h
[2.362s] -- Up-to-date symlink: /home/azthorax/fra333_ws/install/xicro_interfaces/include/xicro_interfaces/msg/detail/float32__rosidl_typesupport_fastrtps_c.h
[2.362s] -- Up-to-date symlink: /home/azthorax/fra333_ws/install/xicro_interfaces/include/xicro_interfaces/msg/detail/header__rosidl_typesupport_fastrtps_c.h
[2.362s] -- Up-to-date symlink: /home/azthorax/fra333_ws/install/xicro_interfaces/include/xicro_interfaces/msg/detail/imu__rosidl_typesupport_fastrtps_c.h
[2.362s] -- Up-to-date symlink: /home/azthorax/fra333_ws/install/xicro_interfaces/include/xicro_interfaces/msg/detail/int16__rosidl_typesupport_fastrtps_c.h
[2.363s] -- Up-to-date symlink: /home/azthorax/fra333_ws/install/xicro_interfaces/include/xicro_interfaces/msg/detail/int32__rosidl_typesupport_fastrtps_c.h
[2.363s] -- Up-to-date symlink: /home/azthorax/fra333_ws/install/xicro_interfaces/include/xicro_interfaces/msg/detail/int64__rosidl_typesupport_fastrtps_c.h
[2.363s] -- Up-to-date symlink: /home/azthorax/fra333_ws/install/xicro_interfaces/include/xicro_interfaces/msg/detail/int8__rosidl_typesupport_fastrtps_c.h
[2.363s] -- Up-to-date symlink: /home/azthorax/fra333_ws/install/xicro_interfaces/include/xicro_interfaces/msg/detail/joint_state__rosidl_typesupport_fastrtps_c.h
[2.363s] -- Up-to-date symlink: /home/azthorax/fra333_ws/install/xicro_interfaces/include/xicro_interfaces/msg/detail/point__rosidl_typesupport_fastrtps_c.h
[2.363s] -- Up-to-date symlink: /home/azthorax/fra333_ws/install/xicro_interfaces/include/xicro_interfaces/msg/detail/pose2_d__rosidl_typesupport_fastrtps_c.h
[2.364s] -- Up-to-date symlink: /home/azthorax/fra333_ws/install/xicro_interfaces/include/xicro_interfaces/msg/detail/pose__rosidl_typesupport_fastrtps_c.h
[2.364s] -- Up-to-date symlink: /home/azthorax/fra333_ws/install/xicro_interfaces/include/xicro_interfaces/msg/detail/pose_with_covariance__rosidl_typesupport_fastrtps_c.h
[2.364s] -- Up-to-date symlink: /home/azthorax/fra333_ws/install/xicro_interfaces/include/xicro_interfaces/msg/detail/quaternion__rosidl_typesupport_fastrtps_c.h
[2.364s] -- Up-to-date symlink: /home/azthorax/fra333_ws/install/xicro_interfaces/include/xicro_interfaces/msg/detail/temperature__rosidl_typesupport_fastrtps_c.h
[2.364s] -- Up-to-date symlink: /home/azthorax/fra333_ws/install/xicro_interfaces/include/xicro_interfaces/msg/detail/time__rosidl_typesupport_fastrtps_c.h
[2.364s] -- Up-to-date symlink: /home/azthorax/fra333_ws/install/xicro_interfaces/include/xicro_interfaces/msg/detail/twist__rosidl_typesupport_fastrtps_c.h
[2.365s] -- Up-to-date symlink: /home/azthorax/fra333_ws/install/xicro_interfaces/include/xicro_interfaces/msg/detail/uint16__rosidl_typesupport_fastrtps_c.h
[2.365s] -- Up-to-date symlink: /home/azthorax/fra333_ws/install/xicro_interfaces/include/xicro_interfaces/msg/detail/uint32__rosidl_typesupport_fastrtps_c.h
[2.365s] -- Up-to-date symlink: /home/azthorax/fra333_ws/install/xicro_interfaces/include/xicro_interfaces/msg/detail/uint64__rosidl_typesupport_fastrtps_c.h
[2.365s] -- Up-to-date symlink: /home/azthorax/fra333_ws/install/xicro_interfaces/include/xicro_interfaces/msg/detail/uint8__rosidl_typesupport_fastrtps_c.h
[2.365s] -- Up-to-date symlink: /home/azthorax/fra333_ws/install/xicro_interfaces/include/xicro_interfaces/msg/detail/vector3__rosidl_typesupport_fastrtps_c.h
[2.365s] -- Up-to-date symlink: /home/azthorax/fra333_ws/install/xicro_interfaces/include/xicro_interfaces/msg/rosidl_typesupport_fastrtps_c__visibility_control.h
[2.366s] -- Up-to-date symlink: /home/azthorax/fra333_ws/install/xicro_interfaces/lib/libxicro_interfaces__rosidl_typesupport_fastrtps_c.so
[2.367s] -- Up-to-date symlink: /home/azthorax/fra333_ws/install/xicro_interfaces/include/xicro_interfaces/msg/detail/battery_state__rosidl_typesupport_fastrtps_cpp.hpp
[2.367s] -- Up-to-date symlink: /home/azthorax/fra333_ws/install/xicro_interfaces/include/xicro_interfaces/msg/detail/bool__rosidl_typesupport_fastrtps_cpp.hpp
[2.368s] -- Up-to-date symlink: /home/azthorax/fra333_ws/install/xicro_interfaces/include/xicro_interfaces/msg/detail/demo_input__rosidl_typesupport_fastrtps_cpp.hpp
[2.368s] -- Up-to-date symlink: /home/azthorax/fra333_ws/install/xicro_interfaces/include/xicro_interfaces/msg/detail/demo_output__rosidl_typesupport_fastrtps_cpp.hpp
[2.368s] -- Up-to-date symlink: /home/azthorax/fra333_ws/install/xicro_interfaces/include/xicro_interfaces/msg/detail/float32__rosidl_typesupport_fastrtps_cpp.hpp
[2.368s] -- Up-to-date symlink: /home/azthorax/fra333_ws/install/xicro_interfaces/include/xicro_interfaces/msg/detail/header__rosidl_typesupport_fastrtps_cpp.hpp
[2.368s] -- Up-to-date symlink: /home/azthorax/fra333_ws/install/xicro_interfaces/include/xicro_interfaces/msg/detail/imu__rosidl_typesupport_fastrtps_cpp.hpp
[2.368s] -- Up-to-date symlink: /home/azthorax/fra333_ws/install/xicro_interfaces/include/xicro_interfaces/msg/detail/int16__rosidl_typesupport_fastrtps_cpp.hpp
[2.369s] -- Up-to-date symlink: /home/azthorax/fra333_ws/install/xicro_interfaces/include/xicro_interfaces/msg/detail/int32__rosidl_typesupport_fastrtps_cpp.hpp
[2.369s] -- Up-to-date symlink: /home/azthorax/fra333_ws/install/xicro_interfaces/include/xicro_interfaces/msg/detail/int64__rosidl_typesupport_fastrtps_cpp.hpp
[2.369s] -- Up-to-date symlink: /home/azthorax/fra333_ws/install/xicro_interfaces/include/xicro_interfaces/msg/detail/int8__rosidl_typesupport_fastrtps_cpp.hpp
[2.369s] -- Up-to-date symlink: /home/azthorax/fra333_ws/install/xicro_interfaces/include/xicro_interfaces/msg/detail/joint_state__rosidl_typesupport_fastrtps_cpp.hpp
[2.369s] -- Up-to-date symlink: /home/azthorax/fra333_ws/install/xicro_interfaces/include/xicro_interfaces/msg/detail/point__rosidl_typesupport_fastrtps_cpp.hpp
[2.370s] -- Up-to-date symlink: /home/azthorax/fra333_ws/install/xicro_interfaces/include/xicro_interfaces/msg/detail/pose2_d__rosidl_typesupport_fastrtps_cpp.hpp
[2.370s] -- Up-to-date symlink: /home/azthorax/fra333_ws/install/xicro_interfaces/include/xicro_interfaces/msg/detail/pose__rosidl_typesupport_fastrtps_cpp.hpp
[2.370s] -- Up-to-date symlink: /home/azthorax/fra333_ws/install/xicro_interfaces/include/xicro_interfaces/msg/detail/pose_with_covariance__rosidl_typesupport_fastrtps_cpp.hpp
[2.370s] -- Up-to-date symlink: /home/azthorax/fra333_ws/install/xicro_interfaces/include/xicro_interfaces/msg/detail/quaternion__rosidl_typesupport_fastrtps_cpp.hpp
[2.370s] -- Up-to-date symlink: /home/azthorax/fra333_ws/install/xicro_interfaces/include/xicro_interfaces/msg/detail/temperature__rosidl_typesupport_fastrtps_cpp.hpp
[2.370s] -- Up-to-date symlink: /home/azthorax/fra333_ws/install/xicro_interfaces/include/xicro_interfaces/msg/detail/time__rosidl_typesupport_fastrtps_cpp.hpp
[2.371s] -- Up-to-date symlink: /home/azthorax/fra333_ws/install/xicro_interfaces/include/xicro_interfaces/msg/detail/twist__rosidl_typesupport_fastrtps_cpp.hpp
[2.371s] -- Up-to-date symlink: /home/azthorax/fra333_ws/install/xicro_interfaces/include/xicro_interfaces/msg/detail/uint16__rosidl_typesupport_fastrtps_cpp.hpp
[2.371s] -- Up-to-date symlink: /home/azthorax/fra333_ws/install/xicro_interfaces/include/xicro_interfaces/msg/detail/uint32__rosidl_typesupport_fastrtps_cpp.hpp
[2.371s] -- Up-to-date symlink: /home/azthorax/fra333_ws/install/xicro_interfaces/include/xicro_interfaces/msg/detail/uint64__rosidl_typesupport_fastrtps_cpp.hpp
[2.371s] -- Up-to-date symlink: /home/azthorax/fra333_ws/install/xicro_interfaces/include/xicro_interfaces/msg/detail/uint8__rosidl_typesupport_fastrtps_cpp.hpp
[2.371s] -- Up-to-date symlink: /home/azthorax/fra333_ws/install/xicro_interfaces/include/xicro_interfaces/msg/detail/vector3__rosidl_typesupport_fastrtps_cpp.hpp
[2.371s] -- Up-to-date symlink: /home/azthorax/fra333_ws/install/xicro_interfaces/include/xicro_interfaces/msg/rosidl_typesupport_fastrtps_cpp__visibility_control.h
[2.372s] -- Up-to-date symlink: /home/azthorax/fra333_ws/install/xicro_interfaces/lib/libxicro_interfaces__rosidl_typesupport_fastrtps_cpp.so
[2.372s] -- Up-to-date symlink: /home/azthorax/fra333_ws/install/xicro_interfaces/include/xicro_interfaces/msg/detail/battery_state__rosidl_typesupport_introspection_c.h
[2.372s] -- Up-to-date symlink: /home/azthorax/fra333_ws/install/xicro_interfaces/include/xicro_interfaces/msg/detail/bool__rosidl_typesupport_introspection_c.h
[2.372s] -- Up-to-date symlink: /home/azthorax/fra333_ws/install/xicro_interfaces/include/xicro_interfaces/msg/detail/demo_input__rosidl_typesupport_introspection_c.h
[2.372s] -- Up-to-date symlink: /home/azthorax/fra333_ws/install/xicro_interfaces/include/xicro_interfaces/msg/detail/demo_output__rosidl_typesupport_introspection_c.h
[2.372s] -- Up-to-date symlink: /home/azthorax/fra333_ws/install/xicro_interfaces/include/xicro_interfaces/msg/detail/float32__rosidl_typesupport_introspection_c.h
[2.373s] -- Up-to-date symlink: /home/azthorax/fra333_ws/install/xicro_interfaces/include/xicro_interfaces/msg/detail/header__rosidl_typesupport_introspection_c.h
[2.373s] -- Up-to-date symlink: /home/azthorax/fra333_ws/install/xicro_interfaces/include/xicro_interfaces/msg/detail/imu__rosidl_typesupport_introspection_c.h
[2.373s] -- Up-to-date symlink: /home/azthorax/fra333_ws/install/xicro_interfaces/include/xicro_interfaces/msg/detail/int16__rosidl_typesupport_introspection_c.h
[2.373s] -- Up-to-date symlink: /home/azthorax/fra333_ws/install/xicro_interfaces/include/xicro_interfaces/msg/detail/int32__rosidl_typesupport_introspection_c.h
[2.373s] -- Up-to-date symlink: /home/azthorax/fra333_ws/install/xicro_interfaces/include/xicro_interfaces/msg/detail/int64__rosidl_typesupport_introspection_c.h
[2.373s] -- Up-to-date symlink: /home/azthorax/fra333_ws/install/xicro_interfaces/include/xicro_interfaces/msg/detail/int8__rosidl_typesupport_introspection_c.h
[2.374s] -- Up-to-date symlink: /home/azthorax/fra333_ws/install/xicro_interfaces/include/xicro_interfaces/msg/detail/joint_state__rosidl_typesupport_introspection_c.h
[2.374s] -- Up-to-date symlink: /home/azthorax/fra333_ws/install/xicro_interfaces/include/xicro_interfaces/msg/detail/point__rosidl_typesupport_introspection_c.h
[2.374s] -- Up-to-date symlink: /home/azthorax/fra333_ws/install/xicro_interfaces/include/xicro_interfaces/msg/detail/pose2_d__rosidl_typesupport_introspection_c.h
[2.374s] -- Up-to-date symlink: /home/azthorax/fra333_ws/install/xicro_interfaces/include/xicro_interfaces/msg/detail/pose__rosidl_typesupport_introspection_c.h
[2.374s] -- Up-to-date symlink: /home/azthorax/fra333_ws/install/xicro_interfaces/include/xicro_interfaces/msg/detail/pose_with_covariance__rosidl_typesupport_introspection_c.h
[2.374s] -- Up-to-date symlink: /home/azthorax/fra333_ws/install/xicro_interfaces/include/xicro_interfaces/msg/detail/quaternion__rosidl_typesupport_introspection_c.h
[2.375s] -- Up-to-date symlink: /home/azthorax/fra333_ws/install/xicro_interfaces/include/xicro_interfaces/msg/detail/temperature__rosidl_typesupport_introspection_c.h
[2.375s] -- Up-to-date symlink: /home/azthorax/fra333_ws/install/xicro_interfaces/include/xicro_interfaces/msg/detail/time__rosidl_typesupport_introspection_c.h
[2.375s] -- Up-to-date symlink: /home/azthorax/fra333_ws/install/xicro_interfaces/include/xicro_interfaces/msg/detail/twist__rosidl_typesupport_introspection_c.h
[2.375s] -- Up-to-date symlink: /home/azthorax/fra333_ws/install/xicro_interfaces/include/xicro_interfaces/msg/detail/uint16__rosidl_typesupport_introspection_c.h
[2.375s] -- Up-to-date symlink: /home/azthorax/fra333_ws/install/xicro_interfaces/include/xicro_interfaces/msg/detail/uint32__rosidl_typesupport_introspection_c.h
[2.375s] -- Up-to-date symlink: /home/azthorax/fra333_ws/install/xicro_interfaces/include/xicro_interfaces/msg/detail/uint64__rosidl_typesupport_introspection_c.h
[2.375s] -- Up-to-date symlink: /home/azthorax/fra333_ws/install/xicro_interfaces/include/xicro_interfaces/msg/detail/uint8__rosidl_typesupport_introspection_c.h
[2.375s] -- Up-to-date symlink: /home/azthorax/fra333_ws/install/xicro_interfaces/include/xicro_interfaces/msg/detail/vector3__rosidl_typesupport_introspection_c.h
[2.376s] -- Up-to-date symlink: /home/azthorax/fra333_ws/install/xicro_interfaces/include/xicro_interfaces/msg/rosidl_typesupport_introspection_c__visibility_control.h
[2.376s] -- Up-to-date symlink: /home/azthorax/fra333_ws/install/xicro_interfaces/include/xicro_interfaces/msg/battery_state.hpp
[2.376s] -- Up-to-date symlink: /home/azthorax/fra333_ws/install/xicro_interfaces/include/xicro_interfaces/msg/bool.hpp
[2.376s] -- Up-to-date symlink: /home/azthorax/fra333_ws/install/xicro_interfaces/include/xicro_interfaces/msg/demo_input.hpp
[2.376s] -- Up-to-date symlink: /home/azthorax/fra333_ws/install/xicro_interfaces/include/xicro_interfaces/msg/demo_output.hpp
[2.376s] -- Up-to-date symlink: /home/azthorax/fra333_ws/install/xicro_interfaces/include/xicro_interfaces/msg/detail/battery_state__builder.hpp
[2.376s] -- Up-to-date symlink: /home/azthorax/fra333_ws/install/xicro_interfaces/include/xicro_interfaces/msg/detail/battery_state__struct.hpp
[2.377s] -- Up-to-date symlink: /home/azthorax/fra333_ws/install/xicro_interfaces/include/xicro_interfaces/msg/detail/battery_state__traits.hpp
[2.377s] -- Up-to-date symlink: /home/azthorax/fra333_ws/install/xicro_interfaces/include/xicro_interfaces/msg/detail/bool__builder.hpp
[2.377s] -- Up-to-date symlink: /home/azthorax/fra333_ws/install/xicro_interfaces/include/xicro_interfaces/msg/detail/bool__struct.hpp
[2.377s] -- Up-to-date symlink: /home/azthorax/fra333_ws/install/xicro_interfaces/include/xicro_interfaces/msg/detail/bool__traits.hpp
[2.377s] -- Up-to-date symlink: /home/azthorax/fra333_ws/install/xicro_interfaces/include/xicro_interfaces/msg/detail/demo_input__builder.hpp
[2.378s] -- Up-to-date symlink: /home/azthorax/fra333_ws/install/xicro_interfaces/include/xicro_interfaces/msg/detail/demo_input__struct.hpp
[2.378s] -- Up-to-date symlink: /home/azthorax/fra333_ws/install/xicro_interfaces/include/xicro_interfaces/msg/detail/demo_input__traits.hpp
[2.378s] -- Up-to-date symlink: /home/azthorax/fra333_ws/install/xicro_interfaces/include/xicro_interfaces/msg/detail/demo_output__builder.hpp
[2.378s] -- Up-to-date symlink: /home/azthorax/fra333_ws/install/xicro_interfaces/include/xicro_interfaces/msg/detail/demo_output__struct.hpp
[2.378s] -- Up-to-date symlink: /home/azthorax/fra333_ws/install/xicro_interfaces/include/xicro_interfaces/msg/detail/demo_output__traits.hpp
[2.378s] -- Up-to-date symlink: /home/azthorax/fra333_ws/install/xicro_interfaces/include/xicro_interfaces/msg/detail/float32__builder.hpp
[2.379s] -- Up-to-date symlink: /home/azthorax/fra333_ws/install/xicro_interfaces/include/xicro_interfaces/msg/detail/float32__struct.hpp
[2.379s] -- Up-to-date symlink: /home/azthorax/fra333_ws/install/xicro_interfaces/include/xicro_interfaces/msg/detail/float32__traits.hpp
[2.379s] -- Up-to-date symlink: /home/azthorax/fra333_ws/install/xicro_interfaces/include/xicro_interfaces/msg/detail/header__builder.hpp
[2.379s] -- Up-to-date symlink: /home/azthorax/fra333_ws/install/xicro_interfaces/include/xicro_interfaces/msg/detail/header__struct.hpp
[2.379s] -- Up-to-date symlink: /home/azthorax/fra333_ws/install/xicro_interfaces/include/xicro_interfaces/msg/detail/header__traits.hpp
[2.379s] -- Up-to-date symlink: /home/azthorax/fra333_ws/install/xicro_interfaces/include/xicro_interfaces/msg/detail/imu__builder.hpp
[2.379s] -- Up-to-date symlink: /home/azthorax/fra333_ws/install/xicro_interfaces/include/xicro_interfaces/msg/detail/imu__struct.hpp
[2.380s] -- Up-to-date symlink: /home/azthorax/fra333_ws/install/xicro_interfaces/include/xicro_interfaces/msg/detail/imu__traits.hpp
[2.380s] -- Up-to-date symlink: /home/azthorax/fra333_ws/install/xicro_interfaces/include/xicro_interfaces/msg/detail/int16__builder.hpp
[2.380s] -- Up-to-date symlink: /home/azthorax/fra333_ws/install/xicro_interfaces/include/xicro_interfaces/msg/detail/int16__struct.hpp
[2.380s] -- Up-to-date symlink: /home/azthorax/fra333_ws/install/xicro_interfaces/include/xicro_interfaces/msg/detail/int16__traits.hpp
[2.380s] -- Up-to-date symlink: /home/azthorax/fra333_ws/install/xicro_interfaces/include/xicro_interfaces/msg/detail/int32__builder.hpp
[2.380s] -- Up-to-date symlink: /home/azthorax/fra333_ws/install/xicro_interfaces/include/xicro_interfaces/msg/detail/int32__struct.hpp
[2.380s] -- Up-to-date symlink: /home/azthorax/fra333_ws/install/xicro_interfaces/include/xicro_interfaces/msg/detail/int32__traits.hpp
[2.380s] -- Up-to-date symlink: /home/azthorax/fra333_ws/install/xicro_interfaces/include/xicro_interfaces/msg/detail/int64__builder.hpp
[2.381s] -- Up-to-date symlink: /home/azthorax/fra333_ws/install/xicro_interfaces/include/xicro_interfaces/msg/detail/int64__struct.hpp
[2.381s] -- Up-to-date symlink: /home/azthorax/fra333_ws/install/xicro_interfaces/include/xicro_interfaces/msg/detail/int64__traits.hpp
[2.381s] -- Up-to-date symlink: /home/azthorax/fra333_ws/install/xicro_interfaces/include/xicro_interfaces/msg/detail/int8__builder.hpp
[2.381s] -- Up-to-date symlink: /home/azthorax/fra333_ws/install/xicro_interfaces/include/xicro_interfaces/msg/detail/int8__struct.hpp
[2.381s] -- Up-to-date symlink: /home/azthorax/fra333_ws/install/xicro_interfaces/include/xicro_interfaces/msg/detail/int8__traits.hpp
[2.381s] -- Up-to-date symlink: /home/azthorax/fra333_ws/install/xicro_interfaces/include/xicro_interfaces/msg/detail/joint_state__builder.hpp
[2.381s] -- Up-to-date symlink: /home/azthorax/fra333_ws/install/xicro_interfaces/include/xicro_interfaces/msg/detail/joint_state__struct.hpp
[2.381s] -- Up-to-date symlink: /home/azthorax/fra333_ws/install/xicro_interfaces/include/xicro_interfaces/msg/detail/joint_state__traits.hpp
[2.382s] -- Up-to-date symlink: /home/azthorax/fra333_ws/install/xicro_interfaces/include/xicro_interfaces/msg/detail/point__builder.hpp
[2.382s] -- Up-to-date symlink: /home/azthorax/fra333_ws/install/xicro_interfaces/include/xicro_interfaces/msg/detail/point__struct.hpp
[2.382s] -- Up-to-date symlink: /home/azthorax/fra333_ws/install/xicro_interfaces/include/xicro_interfaces/msg/detail/point__traits.hpp
[2.382s] -- Up-to-date symlink: /home/azthorax/fra333_ws/install/xicro_interfaces/include/xicro_interfaces/msg/detail/pose2_d__builder.hpp
[2.382s] -- Up-to-date symlink: /home/azthorax/fra333_ws/install/xicro_interfaces/include/xicro_interfaces/msg/detail/pose2_d__struct.hpp
[2.382s] -- Up-to-date symlink: /home/azthorax/fra333_ws/install/xicro_interfaces/include/xicro_interfaces/msg/detail/pose2_d__traits.hpp
[2.383s] -- Up-to-date symlink: /home/azthorax/fra333_ws/install/xicro_interfaces/include/xicro_interfaces/msg/detail/pose__builder.hpp
[2.383s] -- Up-to-date symlink: /home/azthorax/fra333_ws/install/xicro_interfaces/include/xicro_interfaces/msg/detail/pose__struct.hpp
[2.383s] -- Up-to-date symlink: /home/azthorax/fra333_ws/install/xicro_interfaces/include/xicro_interfaces/msg/detail/pose__traits.hpp
[2.383s] -- Up-to-date symlink: /home/azthorax/fra333_ws/install/xicro_interfaces/include/xicro_interfaces/msg/detail/pose_with_covariance__builder.hpp
[2.383s] -- Up-to-date symlink: /home/azthorax/fra333_ws/install/xicro_interfaces/include/xicro_interfaces/msg/detail/pose_with_covariance__struct.hpp
[2.383s] -- Up-to-date symlink: /home/azthorax/fra333_ws/install/xicro_interfaces/include/xicro_interfaces/msg/detail/pose_with_covariance__traits.hpp
[2.383s] -- Up-to-date symlink: /home/azthorax/fra333_ws/install/xicro_interfaces/include/xicro_interfaces/msg/detail/quaternion__builder.hpp
[2.384s] -- Up-to-date symlink: /home/azthorax/fra333_ws/install/xicro_interfaces/include/xicro_interfaces/msg/detail/quaternion__struct.hpp
[2.384s] -- Up-to-date symlink: /home/azthorax/fra333_ws/install/xicro_interfaces/include/xicro_interfaces/msg/detail/quaternion__traits.hpp
[2.384s] -- Up-to-date symlink: /home/azthorax/fra333_ws/install/xicro_interfaces/include/xicro_interfaces/msg/detail/temperature__builder.hpp
[2.384s] -- Up-to-date symlink: /home/azthorax/fra333_ws/install/xicro_interfaces/include/xicro_interfaces/msg/detail/temperature__struct.hpp
[2.384s] -- Up-to-date symlink: /home/azthorax/fra333_ws/install/xicro_interfaces/include/xicro_interfaces/msg/detail/temperature__traits.hpp
[2.384s] -- Up-to-date symlink: /home/azthorax/fra333_ws/install/xicro_interfaces/include/xicro_interfaces/msg/detail/time__builder.hpp
[2.384s] -- Up-to-date symlink: /home/azthorax/fra333_ws/install/xicro_interfaces/include/xicro_interfaces/msg/detail/time__struct.hpp
[2.384s] -- Up-to-date symlink: /home/azthorax/fra333_ws/install/xicro_interfaces/include/xicro_interfaces/msg/detail/time__traits.hpp
[2.385s] -- Up-to-date symlink: /home/azthorax/fra333_ws/install/xicro_interfaces/include/xicro_interfaces/msg/detail/twist__builder.hpp
[2.385s] -- Up-to-date symlink: /home/azthorax/fra333_ws/install/xicro_interfaces/include/xicro_interfaces/msg/detail/twist__struct.hpp
[2.385s] -- Up-to-date symlink: /home/azthorax/fra333_ws/install/xicro_interfaces/include/xicro_interfaces/msg/detail/twist__traits.hpp
[2.385s] -- Up-to-date symlink: /home/azthorax/fra333_ws/install/xicro_interfaces/include/xicro_interfaces/msg/detail/uint16__builder.hpp
[2.385s] -- Up-to-date symlink: /home/azthorax/fra333_ws/install/xicro_interfaces/include/xicro_interfaces/msg/detail/uint16__struct.hpp
[2.385s] -- Up-to-date symlink: /home/azthorax/fra333_ws/install/xicro_interfaces/include/xicro_interfaces/msg/detail/uint16__traits.hpp
[2.385s] -- Up-to-date symlink: /home/azthorax/fra333_ws/install/xicro_interfaces/include/xicro_interfaces/msg/detail/uint32__builder.hpp
[2.385s] -- Up-to-date symlink: /home/azthorax/fra333_ws/install/xicro_interfaces/include/xicro_interfaces/msg/detail/uint32__struct.hpp
[2.385s] -- Up-to-date symlink: /home/azthorax/fra333_ws/install/xicro_interfaces/include/xicro_interfaces/msg/detail/uint32__traits.hpp
[2.386s] -- Up-to-date symlink: /home/azthorax/fra333_ws/install/xicro_interfaces/include/xicro_interfaces/msg/detail/uint64__builder.hpp
[2.386s] -- Up-to-date symlink: /home/azthorax/fra333_ws/install/xicro_interfaces/include/xicro_interfaces/msg/detail/uint64__struct.hpp
[2.386s] -- Up-to-date symlink: /home/azthorax/fra333_ws/install/xicro_interfaces/include/xicro_interfaces/msg/detail/uint64__traits.hpp
[2.386s] -- Up-to-date symlink: /home/azthorax/fra333_ws/install/xicro_interfaces/include/xicro_interfaces/msg/detail/uint8__builder.hpp
[2.386s] -- Up-to-date symlink: /home/azthorax/fra333_ws/install/xicro_interfaces/include/xicro_interfaces/msg/detail/uint8__struct.hpp
[2.386s] -- Up-to-date symlink: /home/azthorax/fra333_ws/install/xicro_interfaces/include/xicro_interfaces/msg/detail/uint8__traits.hpp
[2.386s] -- Up-to-date symlink: /home/azthorax/fra333_ws/install/xicro_interfaces/include/xicro_interfaces/msg/detail/vector3__builder.hpp
[2.387s] -- Up-to-date symlink: /home/azthorax/fra333_ws/install/xicro_interfaces/include/xicro_interfaces/msg/detail/vector3__struct.hpp
[2.387s] -- Up-to-date symlink: /home/azthorax/fra333_ws/install/xicro_interfaces/include/xicro_interfaces/msg/detail/vector3__traits.hpp
[2.387s] -- Up-to-date symlink: /home/azthorax/fra333_ws/install/xicro_interfaces/include/xicro_interfaces/msg/float32.hpp
[2.387s] -- Up-to-date symlink: /home/azthorax/fra333_ws/install/xicro_interfaces/include/xicro_interfaces/msg/header.hpp
[2.387s] -- Up-to-date symlink: /home/azthorax/fra333_ws/install/xicro_interfaces/include/xicro_interfaces/msg/imu.hpp
[2.388s] -- Up-to-date symlink: /home/azthorax/fra333_ws/install/xicro_interfaces/include/xicro_interfaces/msg/int16.hpp
[2.388s] -- Up-to-date symlink: /home/azthorax/fra333_ws/install/xicro_interfaces/include/xicro_interfaces/msg/int32.hpp
[2.388s] -- Up-to-date symlink: /home/azthorax/fra333_ws/install/xicro_interfaces/include/xicro_interfaces/msg/int64.hpp
[2.388s] -- Up-to-date symlink: /home/azthorax/fra333_ws/install/xicro_interfaces/include/xicro_interfaces/msg/int8.hpp
[2.388s] -- Up-to-date symlink: /home/azthorax/fra333_ws/install/xicro_interfaces/include/xicro_interfaces/msg/joint_state.hpp
[2.389s] -- Up-to-date symlink: /home/azthorax/fra333_ws/install/xicro_interfaces/include/xicro_interfaces/msg/point.hpp
[2.389s] -- Up-to-date symlink: /home/azthorax/fra333_ws/install/xicro_interfaces/include/xicro_interfaces/msg/pose.hpp
[2.389s] -- Up-to-date symlink: /home/azthorax/fra333_ws/install/xicro_interfaces/include/xicro_interfaces/msg/pose2_d.hpp
[2.389s] -- Up-to-date symlink: /home/azthorax/fra333_ws/install/xicro_interfaces/include/xicro_interfaces/msg/pose_with_covariance.hpp
[2.390s] -- Up-to-date symlink: /home/azthorax/fra333_ws/install/xicro_interfaces/include/xicro_interfaces/msg/quaternion.hpp
[2.390s] -- Up-to-date symlink: /home/azthorax/fra333_ws/install/xicro_interfaces/include/xicro_interfaces/msg/temperature.hpp
[2.390s] -- Up-to-date symlink: /home/azthorax/fra333_ws/install/xicro_interfaces/include/xicro_interfaces/msg/time.hpp
[2.390s] -- Up-to-date symlink: /home/azthorax/fra333_ws/install/xicro_interfaces/include/xicro_interfaces/msg/twist.hpp
[2.391s] -- Up-to-date symlink: /home/azthorax/fra333_ws/install/xicro_interfaces/include/xicro_interfaces/msg/uint16.hpp
[2.391s] -- Up-to-date symlink: /home/azthorax/fra333_ws/install/xicro_interfaces/include/xicro_interfaces/msg/uint32.hpp
[2.391s] -- Up-to-date symlink: /home/azthorax/fra333_ws/install/xicro_interfaces/include/xicro_interfaces/msg/uint64.hpp
[2.391s] -- Up-to-date symlink: /home/azthorax/fra333_ws/install/xicro_interfaces/include/xicro_interfaces/msg/uint8.hpp
[2.391s] -- Up-to-date symlink: /home/azthorax/fra333_ws/install/xicro_interfaces/include/xicro_interfaces/msg/vector3.hpp
[2.392s] -- Up-to-date symlink: /home/azthorax/fra333_ws/install/xicro_interfaces/include/xicro_interfaces/msg/detail/battery_state__rosidl_typesupport_introspection_cpp.hpp
[2.392s] -- Up-to-date symlink: /home/azthorax/fra333_ws/install/xicro_interfaces/include/xicro_interfaces/msg/detail/bool__rosidl_typesupport_introspection_cpp.hpp
[2.392s] -- Up-to-date symlink: /home/azthorax/fra333_ws/install/xicro_interfaces/include/xicro_interfaces/msg/detail/demo_input__rosidl_typesupport_introspection_cpp.hpp
[2.393s] -- Up-to-date symlink: /home/azthorax/fra333_ws/install/xicro_interfaces/include/xicro_interfaces/msg/detail/demo_output__rosidl_typesupport_introspection_cpp.hpp
[2.393s] -- Up-to-date symlink: /home/azthorax/fra333_ws/install/xicro_interfaces/include/xicro_interfaces/msg/detail/float32__rosidl_typesupport_introspection_cpp.hpp
[2.393s] -- Up-to-date symlink: /home/azthorax/fra333_ws/install/xicro_interfaces/include/xicro_interfaces/msg/detail/header__rosidl_typesupport_introspection_cpp.hpp
[2.393s] -- Up-to-date symlink: /home/azthorax/fra333_ws/install/xicro_interfaces/include/xicro_interfaces/msg/detail/imu__rosidl_typesupport_introspection_cpp.hpp
[2.393s] -- Up-to-date symlink: /home/azthorax/fra333_ws/install/xicro_interfaces/include/xicro_interfaces/msg/detail/int16__rosidl_typesupport_introspection_cpp.hpp
[2.394s] -- Up-to-date symlink: /home/azthorax/fra333_ws/install/xicro_interfaces/include/xicro_interfaces/msg/detail/int32__rosidl_typesupport_introspection_cpp.hpp
[2.394s] -- Up-to-date symlink: /home/azthorax/fra333_ws/install/xicro_interfaces/include/xicro_interfaces/msg/detail/int64__rosidl_typesupport_introspection_cpp.hpp
[2.394s] -- Up-to-date symlink: /home/azthorax/fra333_ws/install/xicro_interfaces/include/xicro_interfaces/msg/detail/int8__rosidl_typesupport_introspection_cpp.hpp
[2.394s] -- Up-to-date symlink: /home/azthorax/fra333_ws/install/xicro_interfaces/include/xicro_interfaces/msg/detail/joint_state__rosidl_typesupport_introspection_cpp.hpp
[2.394s] -- Up-to-date symlink: /home/azthorax/fra333_ws/install/xicro_interfaces/include/xicro_interfaces/msg/detail/point__rosidl_typesupport_introspection_cpp.hpp
[2.394s] -- Up-to-date symlink: /home/azthorax/fra333_ws/install/xicro_interfaces/include/xicro_interfaces/msg/detail/pose2_d__rosidl_typesupport_introspection_cpp.hpp
[2.395s] -- Up-to-date symlink: /home/azthorax/fra333_ws/install/xicro_interfaces/include/xicro_interfaces/msg/detail/pose__rosidl_typesupport_introspection_cpp.hpp
[2.395s] -- Up-to-date symlink: /home/azthorax/fra333_ws/install/xicro_interfaces/include/xicro_interfaces/msg/detail/pose_with_covariance__rosidl_typesupport_introspection_cpp.hpp
[2.395s] -- Up-to-date symlink: /home/azthorax/fra333_ws/install/xicro_interfaces/include/xicro_interfaces/msg/detail/quaternion__rosidl_typesupport_introspection_cpp.hpp
[2.395s] -- Up-to-date symlink: /home/azthorax/fra333_ws/install/xicro_interfaces/include/xicro_interfaces/msg/detail/temperature__rosidl_typesupport_introspection_cpp.hpp
[2.395s] -- Up-to-date symlink: /home/azthorax/fra333_ws/install/xicro_interfaces/include/xicro_interfaces/msg/detail/time__rosidl_typesupport_introspection_cpp.hpp
[2.395s] -- Up-to-date symlink: /home/azthorax/fra333_ws/install/xicro_interfaces/include/xicro_interfaces/msg/detail/twist__rosidl_typesupport_introspection_cpp.hpp
[2.395s] -- Up-to-date symlink: /home/azthorax/fra333_ws/install/xicro_interfaces/include/xicro_interfaces/msg/detail/uint16__rosidl_typesupport_introspection_cpp.hpp
[2.396s] -- Up-to-date symlink: /home/azthorax/fra333_ws/install/xicro_interfaces/include/xicro_interfaces/msg/detail/uint32__rosidl_typesupport_introspection_cpp.hpp
[2.396s] -- Up-to-date symlink: /home/azthorax/fra333_ws/install/xicro_interfaces/include/xicro_interfaces/msg/detail/uint64__rosidl_typesupport_introspection_cpp.hpp
[2.401s] -- Up-to-date symlink: /home/azthorax/fra333_ws/install/xicro_interfaces/include/xicro_interfaces/msg/detail/uint8__rosidl_typesupport_introspection_cpp.hpp
[2.402s] -- Up-to-date symlink: /home/azthorax/fra333_ws/install/xicro_interfaces/include/xicro_interfaces/msg/detail/vector3__rosidl_typesupport_introspection_cpp.hpp
[2.402s] -- Up-to-date symlink: /home/azthorax/fra333_ws/install/xicro_interfaces/share/xicro_interfaces/environment/pythonpath.sh
[2.403s] -- Up-to-date symlink: /home/azthorax/fra333_ws/install/xicro_interfaces/share/xicro_interfaces/environment/pythonpath.dsv
[2.403s] -- Up-to-date symlink: /home/azthorax/fra333_ws/install/xicro_interfaces/lib/python3.8/site-packages/xicro_interfaces/__init__.py
[2.403s] -- Up-to-date symlink: /home/azthorax/fra333_ws/install/xicro_interfaces/lib/python3.8/site-packages/xicro_interfaces/msg/__init__.py
[2.403s] -- Up-to-date symlink: /home/azthorax/fra333_ws/install/xicro_interfaces/lib/python3.8/site-packages/xicro_interfaces/msg/_battery_state.py
[2.403s] -- Up-to-date symlink: /home/azthorax/fra333_ws/install/xicro_interfaces/lib/python3.8/site-packages/xicro_interfaces/msg/_bool.py
[2.403s] -- Up-to-date symlink: /home/azthorax/fra333_ws/install/xicro_interfaces/lib/python3.8/site-packages/xicro_interfaces/msg/_demo_input.py
[2.403s] -- Up-to-date symlink: /home/azthorax/fra333_ws/install/xicro_interfaces/lib/python3.8/site-packages/xicro_interfaces/msg/_demo_output.py
[2.404s] -- Up-to-date symlink: /home/azthorax/fra333_ws/install/xicro_interfaces/lib/python3.8/site-packages/xicro_interfaces/msg/_float32.py
[2.404s] -- Up-to-date symlink: /home/azthorax/fra333_ws/install/xicro_interfaces/lib/python3.8/site-packages/xicro_interfaces/msg/_header.py
[2.404s] -- Up-to-date symlink: /home/azthorax/fra333_ws/install/xicro_interfaces/lib/python3.8/site-packages/xicro_interfaces/msg/_imu.py
[2.404s] -- Up-to-date symlink: /home/azthorax/fra333_ws/install/xicro_interfaces/lib/python3.8/site-packages/xicro_interfaces/msg/_int16.py
[2.405s] -- Up-to-date symlink: /home/azthorax/fra333_ws/install/xicro_interfaces/lib/python3.8/site-packages/xicro_interfaces/msg/_int32.py
[2.405s] -- Up-to-date symlink: /home/azthorax/fra333_ws/install/xicro_interfaces/lib/python3.8/site-packages/xicro_interfaces/msg/_int64.py
[2.406s] -- Up-to-date symlink: /home/azthorax/fra333_ws/install/xicro_interfaces/lib/python3.8/site-packages/xicro_interfaces/msg/_int8.py
[2.406s] -- Up-to-date symlink: /home/azthorax/fra333_ws/install/xicro_interfaces/lib/python3.8/site-packages/xicro_interfaces/msg/_joint_state.py
[2.407s] -- Up-to-date symlink: /home/azthorax/fra333_ws/install/xicro_interfaces/lib/python3.8/site-packages/xicro_interfaces/msg/_point.py
[2.407s] -- Up-to-date symlink: /home/azthorax/fra333_ws/install/xicro_interfaces/lib/python3.8/site-packages/xicro_interfaces/msg/_pose.py
[2.407s] -- Up-to-date symlink: /home/azthorax/fra333_ws/install/xicro_interfaces/lib/python3.8/site-packages/xicro_interfaces/msg/_pose2_d.py
[2.408s] -- Up-to-date symlink: /home/azthorax/fra333_ws/install/xicro_interfaces/lib/python3.8/site-packages/xicro_interfaces/msg/_pose_with_covariance.py
[2.408s] -- Up-to-date symlink: /home/azthorax/fra333_ws/install/xicro_interfaces/lib/python3.8/site-packages/xicro_interfaces/msg/_quaternion.py
[2.408s] -- Up-to-date symlink: /home/azthorax/fra333_ws/install/xicro_interfaces/lib/python3.8/site-packages/xicro_interfaces/msg/_temperature.py
[2.408s] -- Up-to-date symlink: /home/azthorax/fra333_ws/install/xicro_interfaces/lib/python3.8/site-packages/xicro_interfaces/msg/_time.py
[2.409s] -- Up-to-date symlink: /home/azthorax/fra333_ws/install/xicro_interfaces/lib/python3.8/site-packages/xicro_interfaces/msg/_twist.py
[2.409s] -- Up-to-date symlink: /home/azthorax/fra333_ws/install/xicro_interfaces/lib/python3.8/site-packages/xicro_interfaces/msg/_uint16.py
[2.409s] -- Up-to-date symlink: /home/azthorax/fra333_ws/install/xicro_interfaces/lib/python3.8/site-packages/xicro_interfaces/msg/_uint32.py
[2.409s] -- Up-to-date symlink: /home/azthorax/fra333_ws/install/xicro_interfaces/lib/python3.8/site-packages/xicro_interfaces/msg/_uint64.py
[2.410s] -- Up-to-date symlink: /home/azthorax/fra333_ws/install/xicro_interfaces/lib/python3.8/site-packages/xicro_interfaces/msg/_uint8.py
[2.410s] -- Up-to-date symlink: /home/azthorax/fra333_ws/install/xicro_interfaces/lib/python3.8/site-packages/xicro_interfaces/msg/_vector3.py
[2.410s] -- Up-to-date symlink: /home/azthorax/fra333_ws/install/xicro_interfaces/lib/python3.8/site-packages/xicro_interfaces/xicro_interfaces_s__rosidl_typesupport_fastrtps_c.cpython-38-x86_64-linux-gnu.so
[2.411s] -- Up-to-date symlink: /home/azthorax/fra333_ws/install/xicro_interfaces/lib/python3.8/site-packages/xicro_interfaces/xicro_interfaces_s__rosidl_typesupport_introspection_c.cpython-38-x86_64-linux-gnu.so
[2.413s] -- Up-to-date symlink: /home/azthorax/fra333_ws/install/xicro_interfaces/lib/python3.8/site-packages/xicro_interfaces/xicro_interfaces_s__rosidl_typesupport_c.cpython-38-x86_64-linux-gnu.so
[2.413s] -- Up-to-date symlink: /home/azthorax/fra333_ws/install/xicro_interfaces/lib/libxicro_interfaces__python.so
[2.414s] -- Up-to-date symlink: /home/azthorax/fra333_ws/install/xicro_interfaces/share/xicro_interfaces/msg/Bool.idl
[2.414s] -- Up-to-date symlink: /home/azthorax/fra333_ws/install/xicro_interfaces/share/xicro_interfaces/msg/Uint8.idl
[2.414s] -- Up-to-date symlink: /home/azthorax/fra333_ws/install/xicro_interfaces/share/xicro_interfaces/msg/Uint16.idl
[2.415s] -- Up-to-date symlink: /home/azthorax/fra333_ws/install/xicro_interfaces/share/xicro_interfaces/msg/Uint32.idl
[2.415s] -- Up-to-date symlink: /home/azthorax/fra333_ws/install/xicro_interfaces/share/xicro_interfaces/msg/Uint64.idl
[2.416s] -- Up-to-date symlink: /home/azthorax/fra333_ws/install/xicro_interfaces/share/xicro_interfaces/msg/Int8.idl
[2.421s] -- Up-to-date symlink: /home/azthorax/fra333_ws/install/xicro_interfaces/share/xicro_interfaces/msg/Int16.idl
[2.421s] -- Up-to-date symlink: /home/azthorax/fra333_ws/install/xicro_interfaces/share/xicro_interfaces/msg/Int32.idl
[2.421s] -- Up-to-date symlink: /home/azthorax/fra333_ws/install/xicro_interfaces/share/xicro_interfaces/msg/Int64.idl
[2.422s] -- Up-to-date symlink: /home/azthorax/fra333_ws/install/xicro_interfaces/share/xicro_interfaces/msg/Float32.idl
[2.422s] -- Up-to-date symlink: /home/azthorax/fra333_ws/install/xicro_interfaces/share/xicro_interfaces/msg/Imu.idl
[2.422s] -- Up-to-date symlink: /home/azthorax/fra333_ws/install/xicro_interfaces/share/xicro_interfaces/msg/BatteryState.idl
[2.423s] -- Up-to-date symlink: /home/azthorax/fra333_ws/install/xicro_interfaces/share/xicro_interfaces/msg/JointState.idl
[2.423s] -- Up-to-date symlink: /home/azthorax/fra333_ws/install/xicro_interfaces/share/xicro_interfaces/msg/Temperature.idl
[2.424s] -- Up-to-date symlink: /home/azthorax/fra333_ws/install/xicro_interfaces/share/xicro_interfaces/msg/Point.idl
[2.424s] -- Up-to-date symlink: /home/azthorax/fra333_ws/install/xicro_interfaces/share/xicro_interfaces/msg/Pose.idl
[2.424s] -- Up-to-date symlink: /home/azthorax/fra333_ws/install/xicro_interfaces/share/xicro_interfaces/msg/PoseWithCovariance.idl
[2.425s] -- Up-to-date symlink: /home/azthorax/fra333_ws/install/xicro_interfaces/share/xicro_interfaces/msg/Quaternion.idl
[2.425s] -- Up-to-date symlink: /home/azthorax/fra333_ws/install/xicro_interfaces/share/xicro_interfaces/msg/Pose2D.idl
[2.427s] -- Up-to-date symlink: /home/azthorax/fra333_ws/install/xicro_interfaces/share/xicro_interfaces/msg/Twist.idl
[2.427s] -- Up-to-date symlink: /home/azthorax/fra333_ws/install/xicro_interfaces/share/xicro_interfaces/msg/DemoInput.idl
[2.427s] -- Up-to-date symlink: /home/azthorax/fra333_ws/install/xicro_interfaces/share/xicro_interfaces/msg/DemoOutput.idl
[2.428s] -- Up-to-date symlink: /home/azthorax/fra333_ws/install/xicro_interfaces/share/xicro_interfaces/msg/Vector3.idl
[2.428s] -- Up-to-date symlink: /home/azthorax/fra333_ws/install/xicro_interfaces/share/xicro_interfaces/msg/Time.idl
[2.428s] -- Up-to-date symlink: /home/azthorax/fra333_ws/install/xicro_interfaces/share/xicro_interfaces/msg/Header.idl
[2.428s] -- Up-to-date symlink: /home/azthorax/fra333_ws/install/xicro_interfaces/share/xicro_interfaces/msg/Bool.msg
[2.430s] -- Up-to-date symlink: /home/azthorax/fra333_ws/install/xicro_interfaces/share/xicro_interfaces/msg/Uint8.msg
[2.430s] -- Up-to-date symlink: /home/azthorax/fra333_ws/install/xicro_interfaces/share/xicro_interfaces/msg/Uint16.msg
[2.431s] -- Up-to-date symlink: /home/azthorax/fra333_ws/install/xicro_interfaces/share/xicro_interfaces/msg/Uint32.msg
[2.431s] -- Up-to-date symlink: /home/azthorax/fra333_ws/install/xicro_interfaces/share/xicro_interfaces/msg/Uint64.msg
[2.432s] -- Up-to-date symlink: /home/azthorax/fra333_ws/install/xicro_interfaces/share/xicro_interfaces/msg/Int8.msg
[2.432s] -- Up-to-date symlink: /home/azthorax/fra333_ws/install/xicro_interfaces/share/xicro_interfaces/msg/Int16.msg
[2.432s] -- Up-to-date symlink: /home/azthorax/fra333_ws/install/xicro_interfaces/share/xicro_interfaces/msg/Int32.msg
[2.433s] -- Up-to-date symlink: /home/azthorax/fra333_ws/install/xicro_interfaces/share/xicro_interfaces/msg/Int64.msg
[2.433s] -- Up-to-date symlink: /home/azthorax/fra333_ws/install/xicro_interfaces/share/xicro_interfaces/msg/Float32.msg
[2.434s] -- Up-to-date symlink: /home/azthorax/fra333_ws/install/xicro_interfaces/share/xicro_interfaces/msg/Imu.msg
[2.434s] -- Up-to-date symlink: /home/azthorax/fra333_ws/install/xicro_interfaces/share/xicro_interfaces/msg/BatteryState.msg
[2.434s] -- Up-to-date symlink: /home/azthorax/fra333_ws/install/xicro_interfaces/share/xicro_interfaces/msg/JointState.msg
[2.435s] -- Up-to-date symlink: /home/azthorax/fra333_ws/install/xicro_interfaces/share/xicro_interfaces/msg/Temperature.msg
[2.435s] -- Up-to-date symlink: /home/azthorax/fra333_ws/install/xicro_interfaces/share/xicro_interfaces/msg/Point.msg
[2.435s] -- Up-to-date symlink: /home/azthorax/fra333_ws/install/xicro_interfaces/share/xicro_interfaces/msg/Pose.msg
[2.436s] -- Up-to-date symlink: /home/azthorax/fra333_ws/install/xicro_interfaces/share/xicro_interfaces/msg/PoseWithCovariance.msg
[2.436s] -- Up-to-date symlink: /home/azthorax/fra333_ws/install/xicro_interfaces/share/xicro_interfaces/msg/Quaternion.msg
[2.436s] -- Up-to-date symlink: /home/azthorax/fra333_ws/install/xicro_interfaces/share/xicro_interfaces/msg/Pose2D.msg
[2.436s] -- Up-to-date symlink: /home/azthorax/fra333_ws/install/xicro_interfaces/share/xicro_interfaces/msg/Twist.msg
[2.437s] -- Up-to-date symlink: /home/azthorax/fra333_ws/install/xicro_interfaces/share/xicro_interfaces/msg/DemoInput.msg
[2.437s] -- Up-to-date symlink: /home/azthorax/fra333_ws/install/xicro_interfaces/share/xicro_interfaces/msg/DemoOutput.msg
[2.437s] -- Up-to-date symlink: /home/azthorax/fra333_ws/install/xicro_interfaces/share/xicro_interfaces/msg/Vector3.msg
[2.438s] -- Up-to-date symlink: /home/azthorax/fra333_ws/install/xicro_interfaces/share/xicro_interfaces/msg/Time.msg
[2.440s] -- Up-to-date symlink: /home/azthorax/fra333_ws/install/xicro_interfaces/share/xicro_interfaces/msg/Header.msg
[2.441s] -- Up-to-date symlink: /home/azthorax/fra333_ws/install/xicro_interfaces/share/ament_index/resource_index/package_run_dependencies/xicro_interfaces
[2.441s] -- Up-to-date symlink: /home/azthorax/fra333_ws/install/xicro_interfaces/share/ament_index/resource_index/parent_prefix_path/xicro_interfaces
[2.441s] -- Up-to-date symlink: /home/azthorax/fra333_ws/install/xicro_interfaces/share/xicro_interfaces/environment/ament_prefix_path.sh
[2.441s] -- Up-to-date symlink: /home/azthorax/fra333_ws/install/xicro_interfaces/share/xicro_interfaces/environment/ament_prefix_path.dsv
[2.442s] -- Up-to-date symlink: /home/azthorax/fra333_ws/install/xicro_interfaces/share/xicro_interfaces/environment/path.sh
[2.442s] -- Up-to-date symlink: /home/azthorax/fra333_ws/install/xicro_interfaces/share/xicro_interfaces/environment/path.dsv
[2.442s] -- Up-to-date symlink: /home/azthorax/fra333_ws/install/xicro_interfaces/share/xicro_interfaces/local_setup.bash
[2.442s] -- Up-to-date symlink: /home/azthorax/fra333_ws/install/xicro_interfaces/share/xicro_interfaces/local_setup.sh
[2.442s] -- Up-to-date symlink: /home/azthorax/fra333_ws/install/xicro_interfaces/share/xicro_interfaces/local_setup.zsh
[2.442s] -- Up-to-date symlink: /home/azthorax/fra333_ws/install/xicro_interfaces/share/xicro_interfaces/local_setup.dsv
[2.442s] -- Symlinking: /home/azthorax/fra333_ws/install/xicro_interfaces/share/xicro_interfaces/package.dsv
[2.442s] -- Up-to-date symlink: /home/azthorax/fra333_ws/install/xicro_interfaces/share/ament_index/resource_index/packages/xicro_interfaces
[2.442s] -- Up-to-date symlink: /home/azthorax/fra333_ws/install/xicro_interfaces/share/xicro_interfaces/cmake/rosidl_cmake-extras.cmake
[2.443s] -- Up-to-date symlink: /home/azthorax/fra333_ws/install/xicro_interfaces/share/xicro_interfaces/cmake/ament_cmake_export_dependencies-extras.cmake
[2.443s] -- Up-to-date symlink: /home/azthorax/fra333_ws/install/xicro_interfaces/share/xicro_interfaces/cmake/ament_cmake_export_libraries-extras.cmake
[2.443s] -- Up-to-date symlink: /home/azthorax/fra333_ws/install/xicro_interfaces/share/xicro_interfaces/cmake/ament_cmake_export_targets-extras.cmake
[2.443s] -- Up-to-date symlink: /home/azthorax/fra333_ws/install/xicro_interfaces/share/xicro_interfaces/cmake/ament_cmake_export_include_directories-extras.cmake
[2.443s] -- Up-to-date symlink: /home/azthorax/fra333_ws/install/xicro_interfaces/share/xicro_interfaces/cmake/rosidl_cmake_export_typesupport_libraries-extras.cmake
[2.443s] -- Up-to-date symlink: /home/azthorax/fra333_ws/install/xicro_interfaces/share/xicro_interfaces/cmake/rosidl_cmake_export_typesupport_targets-extras.cmake
[2.443s] -- Up-to-date symlink: /home/azthorax/fra333_ws/install/xicro_interfaces/share/xicro_interfaces/cmake/xicro_interfacesConfig.cmake
[2.443s] -- Up-to-date symlink: /home/azthorax/fra333_ws/install/xicro_interfaces/share/xicro_interfaces/cmake/xicro_interfacesConfig-version.cmake
[2.443s] -- Up-to-date symlink: /home/azthorax/fra333_ws/install/xicro_interfaces/share/xicro_interfaces/package.xml
[2.443s] -- Up-to-date: /home/azthorax/fra333_ws/install/xicro_interfaces/lib/libxicro_interfaces__rosidl_generator_c.so
[2.443s] -- Up-to-date: /home/azthorax/fra333_ws/install/xicro_interfaces/lib/libxicro_interfaces__rosidl_typesupport_introspection_c.so
[2.443s] -- Up-to-date: /home/azthorax/fra333_ws/install/xicro_interfaces/lib/libxicro_interfaces__rosidl_typesupport_c.so
[2.443s] -- Up-to-date: /home/azthorax/fra333_ws/install/xicro_interfaces/lib/libxicro_interfaces__rosidl_typesupport_introspection_cpp.so
[2.443s] -- Up-to-date: /home/azthorax/fra333_ws/install/xicro_interfaces/lib/libxicro_interfaces__rosidl_typesupport_cpp.so
[2.464s] Compiling '/home/azthorax/fra333_ws/install/xicro_interfaces/lib/python3.8/site-packages/xicro_interfaces/__init__.py'...
[2.468s] -- Up-to-date: /home/azthorax/fra333_ws/install/xicro_interfaces/share/xicro_interfaces/cmake/xicro_interfaces__rosidl_generator_cExport.cmake
[2.468s] -- Installing: /home/azthorax/fra333_ws/install/xicro_interfaces/share/xicro_interfaces/cmake/xicro_interfaces__rosidl_generator_cExport-noconfig.cmake
[2.469s] -- Up-to-date: /home/azthorax/fra333_ws/install/xicro_interfaces/share/xicro_interfaces/cmake/xicro_interfaces__rosidl_typesupport_introspection_cExport.cmake
[2.469s] -- Installing: /home/azthorax/fra333_ws/install/xicro_interfaces/share/xicro_interfaces/cmake/xicro_interfaces__rosidl_typesupport_introspection_cExport-noconfig.cmake
[2.469s] -- Up-to-date: /home/azthorax/fra333_ws/install/xicro_interfaces/share/xicro_interfaces/cmake/xicro_interfaces__rosidl_typesupport_cExport.cmake
[2.469s] -- Installing: /home/azthorax/fra333_ws/install/xicro_interfaces/share/xicro_interfaces/cmake/xicro_interfaces__rosidl_typesupport_cExport-noconfig.cmake
[2.470s] -- Up-to-date: /home/azthorax/fra333_ws/install/xicro_interfaces/share/xicro_interfaces/cmake/xicro_interfaces__rosidl_generator_cppExport.cmake
[2.470s] -- Up-to-date: /home/azthorax/fra333_ws/install/xicro_interfaces/share/xicro_interfaces/cmake/xicro_interfaces__rosidl_typesupport_introspection_cppExport.cmake
[2.470s] -- Installing: /home/azthorax/fra333_ws/install/xicro_interfaces/share/xicro_interfaces/cmake/xicro_interfaces__rosidl_typesupport_introspection_cppExport-noconfig.cmake
[2.471s] -- Up-to-date: /home/azthorax/fra333_ws/install/xicro_interfaces/share/xicro_interfaces/cmake/xicro_interfaces__rosidl_typesupport_cppExport.cmake
[2.471s] -- Installing: /home/azthorax/fra333_ws/install/xicro_interfaces/share/xicro_interfaces/cmake/xicro_interfaces__rosidl_typesupport_cppExport-noconfig.cmake
[2.477s] Invoked command in '/home/azthorax/fra333_ws/build/xicro_interfaces' returned '0': CMAKE_PREFIX_PATH=${CMAKE_PREFIX_PATH}:/opt/ros/foxy /usr/bin/cmake --install /home/azthorax/fra333_ws/build/xicro_interfaces
