[0.095s] Invoking command in '/home/azthorax/fra333_ws/build/cocoav_kinematics': CMAKE_PREFIX_PATH=/opt/ros/foxy /usr/bin/cmake /home/azthorax/fra333_ws/src/fra333_lab3_25_v1/cocoav_kinematics -DAMENT_CMAKE_SYMLINK_INSTALL=1 -DCMAKE_INSTALL_PREFIX=/home/azthorax/fra333_ws/install/cocoav_kinematics
[0.207s] -- The C compiler identification is GNU 9.4.0
[0.301s] -- The CXX compiler identification is GNU 9.4.0
[0.316s] -- Check for working C compiler: /usr/bin/cc
[0.453s] -- Check for working C compiler: /usr/bin/cc -- works
[0.453s] -- Detecting C compiler ABI info
[0.578s] -- Detecting C compiler ABI info - done
[0.602s] -- Detecting C compile features
[0.603s] -- Detecting C compile features - done
[0.608s] -- Check for working CXX compiler: /usr/bin/c++
[0.760s] -- Check for working CXX compiler: /usr/bin/c++ -- works
[0.763s] -- Detecting CXX compiler ABI info
[0.913s] -- Detecting CXX compiler ABI info - done
[0.937s] -- Detecting CXX compile features
[0.938s] -- Detecting CXX compile features - done
[0.941s] -- Found ament_cmake: 0.9.11 (/opt/ros/foxy/share/ament_cmake/cmake)
[0.987s] -- Found PythonInterp: /usr/bin/python3 (found suitable version "3.8.10", minimum required is "3") 
[0.988s] -- Using PYTHON_EXECUTABLE: /usr/bin/python3
[1.447s] -- Override CMake install command with custom implementation using symlinks instead of copying resources
[1.491s] -- Found rclcpp: 2.4.2 (/opt/ros/foxy/share/rclcpp/cmake)
[1.579s] -- Using all available rosidl_typesupport_c: rosidl_typesupport_fastrtps_c;rosidl_typesupport_introspection_c
[1.591s] -- Found rosidl_adapter: 1.3.0 (/opt/ros/foxy/share/rosidl_adapter/cmake)
[1.727s] -- Found OpenSSL: /usr/lib/x86_64-linux-gnu/libcrypto.so (found version "1.1.1f")  
[1.786s] -- Found FastRTPS: /opt/ros/foxy/include  
[1.939s] -- Using all available rosidl_typesupport_cpp: rosidl_typesupport_fastrtps_cpp;rosidl_typesupport_introspection_cpp
[2.063s] -- Found rmw_implementation_cmake: 1.0.3 (/opt/ros/foxy/share/rmw_implementation_cmake/cmake)
[2.066s] -- Using RMW implementation 'rmw_fastrtps_cpp' as default
[2.068s] -- Looking for pthread.h
[2.204s] -- Looking for pthread.h - found
[2.204s] -- Performing Test CMAKE_HAVE_LIBC_PTHREAD
[2.341s] -- Performing Test CMAKE_HAVE_LIBC_PTHREAD - Failed
[2.342s] -- Looking for pthread_create in pthreads
[2.436s] -- Looking for pthread_create in pthreads - not found
[2.436s] -- Looking for pthread_create in pthread
[2.569s] -- Looking for pthread_create in pthread - found
[2.572s] -- Found Threads: TRUE  
[2.889s] -- Found rclpy: 1.0.11 (/opt/ros/foxy/share/rclpy/cmake)
[3.067s] -- Configuring done
[3.073s] -- Generating done
[3.077s] -- Build files have been written to: /home/azthorax/fra333_ws/build/cocoav_kinematics
[3.104s] Invoked command in '/home/azthorax/fra333_ws/build/cocoav_kinematics' returned '0': CMAKE_PREFIX_PATH=/opt/ros/foxy /usr/bin/cmake /home/azthorax/fra333_ws/src/fra333_lab3_25_v1/cocoav_kinematics -DAMENT_CMAKE_SYMLINK_INSTALL=1 -DCMAKE_INSTALL_PREFIX=/home/azthorax/fra333_ws/install/cocoav_kinematics
[3.105s] Invoking command in '/home/azthorax/fra333_ws/build/cocoav_kinematics': CMAKE_PREFIX_PATH=/opt/ros/foxy /usr/bin/cmake --build /home/azthorax/fra333_ws/build/cocoav_kinematics -- -j12 -l12
[3.175s] Invoked command in '/home/azthorax/fra333_ws/build/cocoav_kinematics' returned '0': CMAKE_PREFIX_PATH=/opt/ros/foxy /usr/bin/cmake --build /home/azthorax/fra333_ws/build/cocoav_kinematics -- -j12 -l12
[3.260s] Invoking command in '/home/azthorax/fra333_ws/build/cocoav_kinematics': CMAKE_PREFIX_PATH=/opt/ros/foxy /usr/bin/cmake --install /home/azthorax/fra333_ws/build/cocoav_kinematics
[3.278s] -- Install configuration: ""
[3.278s] -- Execute custom install script
[3.278s] -- Symlinking: /home/azthorax/fra333_ws/install/cocoav_kinematics/share/cocoav_kinematics/environment/pythonpath.sh
[3.297s] -- Symlinking: /home/azthorax/fra333_ws/install/cocoav_kinematics/share/cocoav_kinematics/environment/pythonpath.dsv
[3.313s] -- Symlinking: /home/azthorax/fra333_ws/install/cocoav_kinematics/lib/python3.8/site-packages/cocoav_kinematics/__init__.py
[3.325s] -- Symlinking: /home/azthorax/fra333_ws/install/cocoav_kinematics/lib/cocoav_kinematics/fk_ik_server.py
[3.341s] -- Symlinking: /home/azthorax/fra333_ws/install/cocoav_kinematics/lib/cocoav_kinematics/cocoav_imu_calibration.py
[3.359s] -- Symlinking: /home/azthorax/fra333_ws/install/cocoav_kinematics/lib/cocoav_kinematics/cocoav_trajectory_generator.py
[3.369s] -- Symlinking: /home/azthorax/fra333_ws/install/cocoav_kinematics/lib/cocoav_kinematics/cocoav_calibrator_findconfig.py
[3.386s] -- Symlinking: /home/azthorax/fra333_ws/install/cocoav_kinematics/lib/cocoav_kinematics/testnode.py
[3.403s] -- Symlinking: /home/azthorax/fra333_ws/install/cocoav_kinematics/share/cocoav_kinematics/launch/display_with_kinematic.launch.py
[3.422s] -- Symlinking: /home/azthorax/fra333_ws/install/cocoav_kinematics/share/ament_index/resource_index/package_run_dependencies/cocoav_kinematics
[3.441s] -- Symlinking: /home/azthorax/fra333_ws/install/cocoav_kinematics/share/ament_index/resource_index/parent_prefix_path/cocoav_kinematics
[3.457s] -- Symlinking: /home/azthorax/fra333_ws/install/cocoav_kinematics/share/cocoav_kinematics/environment/ament_prefix_path.sh
[3.473s] -- Symlinking: /home/azthorax/fra333_ws/install/cocoav_kinematics/share/cocoav_kinematics/environment/ament_prefix_path.dsv
[3.494s] -- Symlinking: /home/azthorax/fra333_ws/install/cocoav_kinematics/share/cocoav_kinematics/environment/path.sh
[3.509s] -- Symlinking: /home/azthorax/fra333_ws/install/cocoav_kinematics/share/cocoav_kinematics/environment/path.dsv
[3.525s] -- Symlinking: /home/azthorax/fra333_ws/install/cocoav_kinematics/share/cocoav_kinematics/local_setup.bash
[3.540s] -- Symlinking: /home/azthorax/fra333_ws/install/cocoav_kinematics/share/cocoav_kinematics/local_setup.sh
[3.568s] -- Symlinking: /home/azthorax/fra333_ws/install/cocoav_kinematics/share/cocoav_kinematics/local_setup.zsh
[3.584s] -- Symlinking: /home/azthorax/fra333_ws/install/cocoav_kinematics/share/cocoav_kinematics/local_setup.dsv
[3.599s] -- Symlinking: /home/azthorax/fra333_ws/install/cocoav_kinematics/share/cocoav_kinematics/package.dsv
[3.614s] -- Symlinking: /home/azthorax/fra333_ws/install/cocoav_kinematics/share/ament_index/resource_index/packages/cocoav_kinematics
[3.629s] -- Symlinking: /home/azthorax/fra333_ws/install/cocoav_kinematics/share/cocoav_kinematics/cmake/cocoav_kinematicsConfig.cmake
[3.645s] -- Symlinking: /home/azthorax/fra333_ws/install/cocoav_kinematics/share/cocoav_kinematics/cmake/cocoav_kinematicsConfig-version.cmake
[3.665s] -- Symlinking: /home/azthorax/fra333_ws/install/cocoav_kinematics/share/cocoav_kinematics/package.xml
[3.761s] Listing '/home/azthorax/fra333_ws/install/cocoav_kinematics/lib/python3.8/site-packages/cocoav_kinematics'...
[3.762s] Compiling '/home/azthorax/fra333_ws/install/cocoav_kinematics/lib/python3.8/site-packages/cocoav_kinematics/__init__.py'...
[3.776s] Invoked command in '/home/azthorax/fra333_ws/build/cocoav_kinematics' returned '0': CMAKE_PREFIX_PATH=/opt/ros/foxy /usr/bin/cmake --install /home/azthorax/fra333_ws/build/cocoav_kinematics
