[0.123s] DEBUG:colcon:Command line arguments: ['/usr/bin/colcon', 'build', '--packages-select', 'dummy']
[0.123s] DEBUG:colcon:Parsed command line arguments: Namespace(allow_overriding=[], ament_cmake_args=None, base_paths=['.'], build_base='build', catkin_cmake_args=None, catkin_skip_building_tests=False, cmake_args=None, cmake_clean_cache=False, cmake_clean_first=False, cmake_force_configure=False, cmake_target=None, cmake_target_skip_unavailable=False, continue_on_error=False, event_handlers=None, executor='parallel', ignore_user_meta=False, install_base='install', log_base=None, log_level=None, main=<bound method BuildVerb.main of <colcon_core.verb.build.BuildVerb object at 0x7fcf57bb4490>>, merge_install=False, metas=['./colcon.meta'], packages_above=None, packages_above_and_dependencies=None, packages_above_depth=None, packages_end=None, packages_ignore=None, packages_ignore_regex=None, packages_select=['dummy'], packages_select_build_failed=False, packages_select_by_dep=None, packages_select_regex=None, packages_select_test_failures=False, packages_skip=None, packages_skip_build_finished=False, packages_skip_by_dep=None, packages_skip_regex=None, packages_skip_test_passed=False, packages_skip_up_to=None, packages_start=None, packages_up_to=None, packages_up_to_regex=None, parallel_workers=12, paths=None, symlink_install=False, test_result_base=None, verb_extension=<colcon_core.verb.build.BuildVerb object at 0x7fcf57bb4490>, verb_name='build', verb_parser=<colcon_defaults.argument_parser.defaults.DefaultArgumentsDecorator object at 0x7fcf57bb49d0>)
[0.145s] Level 1:colcon.colcon_core.package_discovery:discover_packages(colcon_meta) check parameters
[0.145s] Level 1:colcon.colcon_core.package_discovery:discover_packages(recursive) check parameters
[0.145s] Level 1:colcon.colcon_core.package_discovery:discover_packages(ignore) check parameters
[0.145s] Level 1:colcon.colcon_core.package_discovery:discover_packages(path) check parameters
[0.145s] Level 1:colcon.colcon_core.package_discovery:discover_packages(colcon_meta) discover
[0.145s] Level 1:colcon.colcon_core.package_discovery:discover_packages(recursive) discover
[0.145s] INFO:colcon.colcon_core.package_discovery:Crawling recursively for packages in '/home/azthorax/fra333_ws'
[0.145s] Level 1:colcon.colcon_core.package_identification:_identify(.) by extensions ['ignore', 'ignore_ament_install']
[0.145s] Level 1:colcon.colcon_core.package_identification:_identify(.) by extension 'ignore'
[0.145s] Level 1:colcon.colcon_core.package_identification:_identify(.) by extension 'ignore_ament_install'
[0.145s] Level 1:colcon.colcon_core.package_identification:_identify(.) by extensions ['colcon_pkg']
[0.145s] Level 1:colcon.colcon_core.package_identification:_identify(.) by extension 'colcon_pkg'
[0.145s] Level 1:colcon.colcon_core.package_identification:_identify(.) by extensions ['colcon_meta']
[0.145s] Level 1:colcon.colcon_core.package_identification:_identify(.) by extension 'colcon_meta'
[0.146s] Level 1:colcon.colcon_core.package_identification:_identify(.) by extensions ['ros']
[0.146s] Level 1:colcon.colcon_core.package_identification:_identify(.) by extension 'ros'
[0.162s] Level 1:colcon.colcon_core.package_identification:_identify(.) by extensions ['cmake', 'python']
[0.162s] Level 1:colcon.colcon_core.package_identification:_identify(.) by extension 'cmake'
[0.162s] Level 1:colcon.colcon_core.package_identification:_identify(.) by extension 'python'
[0.162s] Level 1:colcon.colcon_core.package_identification:_identify(.) by extensions ['python_setup_py']
[0.162s] Level 1:colcon.colcon_core.package_identification:_identify(.) by extension 'python_setup_py'
[0.162s] Level 1:colcon.colcon_core.package_identification:_identify(build) by extensions ['ignore', 'ignore_ament_install']
[0.162s] Level 1:colcon.colcon_core.package_identification:_identify(build) by extension 'ignore'
[0.162s] Level 1:colcon.colcon_core.package_identification:_identify(build) ignored
[0.162s] Level 1:colcon.colcon_core.package_identification:_identify(install) by extensions ['ignore', 'ignore_ament_install']
[0.162s] Level 1:colcon.colcon_core.package_identification:_identify(install) by extension 'ignore'
[0.162s] Level 1:colcon.colcon_core.package_identification:_identify(install) ignored
[0.162s] Level 1:colcon.colcon_core.package_identification:_identify(log) by extensions ['ignore', 'ignore_ament_install']
[0.162s] Level 1:colcon.colcon_core.package_identification:_identify(log) by extension 'ignore'
[0.162s] Level 1:colcon.colcon_core.package_identification:_identify(log) ignored
[0.162s] Level 1:colcon.colcon_core.package_identification:_identify(src) by extensions ['ignore', 'ignore_ament_install']
[0.163s] Level 1:colcon.colcon_core.package_identification:_identify(src) by extension 'ignore'
[0.163s] Level 1:colcon.colcon_core.package_identification:_identify(src) by extension 'ignore_ament_install'
[0.163s] Level 1:colcon.colcon_core.package_identification:_identify(src) by extensions ['colcon_pkg']
[0.163s] Level 1:colcon.colcon_core.package_identification:_identify(src) by extension 'colcon_pkg'
[0.163s] Level 1:colcon.colcon_core.package_identification:_identify(src) by extensions ['colcon_meta']
[0.163s] Level 1:colcon.colcon_core.package_identification:_identify(src) by extension 'colcon_meta'
[0.163s] Level 1:colcon.colcon_core.package_identification:_identify(src) by extensions ['ros']
[0.163s] Level 1:colcon.colcon_core.package_identification:_identify(src) by extension 'ros'
[0.163s] Level 1:colcon.colcon_core.package_identification:_identify(src) by extensions ['cmake', 'python']
[0.163s] Level 1:colcon.colcon_core.package_identification:_identify(src) by extension 'cmake'
[0.163s] Level 1:colcon.colcon_core.package_identification:_identify(src) by extension 'python'
[0.163s] Level 1:colcon.colcon_core.package_identification:_identify(src) by extensions ['python_setup_py']
[0.163s] Level 1:colcon.colcon_core.package_identification:_identify(src) by extension 'python_setup_py'
[0.163s] Level 1:colcon.colcon_core.package_identification:_identify(src/dummy) by extensions ['ignore', 'ignore_ament_install']
[0.163s] Level 1:colcon.colcon_core.package_identification:_identify(src/dummy) by extension 'ignore'
[0.163s] Level 1:colcon.colcon_core.package_identification:_identify(src/dummy) by extension 'ignore_ament_install'
[0.163s] Level 1:colcon.colcon_core.package_identification:_identify(src/dummy) by extensions ['colcon_pkg']
[0.163s] Level 1:colcon.colcon_core.package_identification:_identify(src/dummy) by extension 'colcon_pkg'
[0.163s] Level 1:colcon.colcon_core.package_identification:_identify(src/dummy) by extensions ['colcon_meta']
[0.163s] Level 1:colcon.colcon_core.package_identification:_identify(src/dummy) by extension 'colcon_meta'
[0.163s] Level 1:colcon.colcon_core.package_identification:_identify(src/dummy) by extensions ['ros']
[0.163s] Level 1:colcon.colcon_core.package_identification:_identify(src/dummy) by extension 'ros'
[0.165s] DEBUG:colcon.colcon_core.package_identification:Package 'src/dummy' with type 'ros.ament_cmake' and name 'dummy'
[0.165s] Level 1:colcon.colcon_core.package_identification:_identify(src/fra333_lab1_25) by extensions ['ignore', 'ignore_ament_install']
[0.165s] Level 1:colcon.colcon_core.package_identification:_identify(src/fra333_lab1_25) by extension 'ignore'
[0.166s] Level 1:colcon.colcon_core.package_identification:_identify(src/fra333_lab1_25) by extension 'ignore_ament_install'
[0.166s] Level 1:colcon.colcon_core.package_identification:_identify(src/fra333_lab1_25) by extensions ['colcon_pkg']
[0.166s] Level 1:colcon.colcon_core.package_identification:_identify(src/fra333_lab1_25) by extension 'colcon_pkg'
[0.166s] Level 1:colcon.colcon_core.package_identification:_identify(src/fra333_lab1_25) by extensions ['colcon_meta']
[0.166s] Level 1:colcon.colcon_core.package_identification:_identify(src/fra333_lab1_25) by extension 'colcon_meta'
[0.166s] Level 1:colcon.colcon_core.package_identification:_identify(src/fra333_lab1_25) by extensions ['ros']
[0.166s] Level 1:colcon.colcon_core.package_identification:_identify(src/fra333_lab1_25) by extension 'ros'
[0.166s] Level 1:colcon.colcon_core.package_identification:_identify(src/fra333_lab1_25) by extensions ['cmake', 'python']
[0.166s] Level 1:colcon.colcon_core.package_identification:_identify(src/fra333_lab1_25) by extension 'cmake'
[0.166s] Level 1:colcon.colcon_core.package_identification:_identify(src/fra333_lab1_25) by extension 'python'
[0.166s] Level 1:colcon.colcon_core.package_identification:_identify(src/fra333_lab1_25) by extensions ['python_setup_py']
[0.166s] Level 1:colcon.colcon_core.package_identification:_identify(src/fra333_lab1_25) by extension 'python_setup_py'
[0.166s] Level 1:colcon.colcon_core.package_identification:_identify(src/fra333_lab1_25/doc) by extensions ['ignore', 'ignore_ament_install']
[0.166s] Level 1:colcon.colcon_core.package_identification:_identify(src/fra333_lab1_25/doc) by extension 'ignore'
[0.166s] Level 1:colcon.colcon_core.package_identification:_identify(src/fra333_lab1_25/doc) by extension 'ignore_ament_install'
[0.166s] Level 1:colcon.colcon_core.package_identification:_identify(src/fra333_lab1_25/doc) by extensions ['colcon_pkg']
[0.166s] Level 1:colcon.colcon_core.package_identification:_identify(src/fra333_lab1_25/doc) by extension 'colcon_pkg'
[0.166s] Level 1:colcon.colcon_core.package_identification:_identify(src/fra333_lab1_25/doc) by extensions ['colcon_meta']
[0.166s] Level 1:colcon.colcon_core.package_identification:_identify(src/fra333_lab1_25/doc) by extension 'colcon_meta'
[0.166s] Level 1:colcon.colcon_core.package_identification:_identify(src/fra333_lab1_25/doc) by extensions ['ros']
[0.166s] Level 1:colcon.colcon_core.package_identification:_identify(src/fra333_lab1_25/doc) by extension 'ros'
[0.166s] Level 1:colcon.colcon_core.package_identification:_identify(src/fra333_lab1_25/doc) by extensions ['cmake', 'python']
[0.166s] Level 1:colcon.colcon_core.package_identification:_identify(src/fra333_lab1_25/doc) by extension 'cmake'
[0.166s] Level 1:colcon.colcon_core.package_identification:_identify(src/fra333_lab1_25/doc) by extension 'python'
[0.166s] Level 1:colcon.colcon_core.package_identification:_identify(src/fra333_lab1_25/doc) by extensions ['python_setup_py']
[0.166s] Level 1:colcon.colcon_core.package_identification:_identify(src/fra333_lab1_25/doc) by extension 'python_setup_py'
[0.166s] Level 1:colcon.colcon_core.package_identification:_identify(src/fra333_lab1_25/doc/pic) by extensions ['ignore', 'ignore_ament_install']
[0.167s] Level 1:colcon.colcon_core.package_identification:_identify(src/fra333_lab1_25/doc/pic) by extension 'ignore'
[0.167s] Level 1:colcon.colcon_core.package_identification:_identify(src/fra333_lab1_25/doc/pic) by extension 'ignore_ament_install'
[0.167s] Level 1:colcon.colcon_core.package_identification:_identify(src/fra333_lab1_25/doc/pic) by extensions ['colcon_pkg']
[0.167s] Level 1:colcon.colcon_core.package_identification:_identify(src/fra333_lab1_25/doc/pic) by extension 'colcon_pkg'
[0.167s] Level 1:colcon.colcon_core.package_identification:_identify(src/fra333_lab1_25/doc/pic) by extensions ['colcon_meta']
[0.167s] Level 1:colcon.colcon_core.package_identification:_identify(src/fra333_lab1_25/doc/pic) by extension 'colcon_meta'
[0.167s] Level 1:colcon.colcon_core.package_identification:_identify(src/fra333_lab1_25/doc/pic) by extensions ['ros']
[0.167s] Level 1:colcon.colcon_core.package_identification:_identify(src/fra333_lab1_25/doc/pic) by extension 'ros'
[0.167s] Level 1:colcon.colcon_core.package_identification:_identify(src/fra333_lab1_25/doc/pic) by extensions ['cmake', 'python']
[0.167s] Level 1:colcon.colcon_core.package_identification:_identify(src/fra333_lab1_25/doc/pic) by extension 'cmake'
[0.167s] Level 1:colcon.colcon_core.package_identification:_identify(src/fra333_lab1_25/doc/pic) by extension 'python'
[0.167s] Level 1:colcon.colcon_core.package_identification:_identify(src/fra333_lab1_25/doc/pic) by extensions ['python_setup_py']
[0.167s] Level 1:colcon.colcon_core.package_identification:_identify(src/fra333_lab1_25/doc/pic) by extension 'python_setup_py'
[0.167s] Level 1:colcon.colcon_core.package_identification:_identify(src/fra333_lab1_25/fra333_lab1_25) by extensions ['ignore', 'ignore_ament_install']
[0.167s] Level 1:colcon.colcon_core.package_identification:_identify(src/fra333_lab1_25/fra333_lab1_25) by extension 'ignore'
[0.167s] Level 1:colcon.colcon_core.package_identification:_identify(src/fra333_lab1_25/fra333_lab1_25) by extension 'ignore_ament_install'
[0.167s] Level 1:colcon.colcon_core.package_identification:_identify(src/fra333_lab1_25/fra333_lab1_25) by extensions ['colcon_pkg']
[0.167s] Level 1:colcon.colcon_core.package_identification:_identify(src/fra333_lab1_25/fra333_lab1_25) by extension 'colcon_pkg'
[0.167s] Level 1:colcon.colcon_core.package_identification:_identify(src/fra333_lab1_25/fra333_lab1_25) by extensions ['colcon_meta']
[0.167s] Level 1:colcon.colcon_core.package_identification:_identify(src/fra333_lab1_25/fra333_lab1_25) by extension 'colcon_meta'
[0.167s] Level 1:colcon.colcon_core.package_identification:_identify(src/fra333_lab1_25/fra333_lab1_25) by extensions ['ros']
[0.167s] Level 1:colcon.colcon_core.package_identification:_identify(src/fra333_lab1_25/fra333_lab1_25) by extension 'ros'
[0.168s] DEBUG:colcon.colcon_core.package_identification:Package 'src/fra333_lab1_25/fra333_lab1_25' with type 'ros.ament_cmake' and name 'fra333_lab1_25'
[0.168s] Level 1:colcon.colcon_core.package_identification:_identify(src/fra333_lab1_25/lab1_interfaces) by extensions ['ignore', 'ignore_ament_install']
[0.168s] Level 1:colcon.colcon_core.package_identification:_identify(src/fra333_lab1_25/lab1_interfaces) by extension 'ignore'
[0.168s] Level 1:colcon.colcon_core.package_identification:_identify(src/fra333_lab1_25/lab1_interfaces) by extension 'ignore_ament_install'
[0.168s] Level 1:colcon.colcon_core.package_identification:_identify(src/fra333_lab1_25/lab1_interfaces) by extensions ['colcon_pkg']
[0.168s] Level 1:colcon.colcon_core.package_identification:_identify(src/fra333_lab1_25/lab1_interfaces) by extension 'colcon_pkg'
[0.168s] Level 1:colcon.colcon_core.package_identification:_identify(src/fra333_lab1_25/lab1_interfaces) by extensions ['colcon_meta']
[0.168s] Level 1:colcon.colcon_core.package_identification:_identify(src/fra333_lab1_25/lab1_interfaces) by extension 'colcon_meta'
[0.168s] Level 1:colcon.colcon_core.package_identification:_identify(src/fra333_lab1_25/lab1_interfaces) by extensions ['ros']
[0.168s] Level 1:colcon.colcon_core.package_identification:_identify(src/fra333_lab1_25/lab1_interfaces) by extension 'ros'
[0.169s] DEBUG:colcon.colcon_core.package_identification:Package 'src/fra333_lab1_25/lab1_interfaces' with type 'ros.ament_cmake' and name 'lab1_interfaces'
[0.169s] Level 1:colcon.colcon_core.package_identification:_identify(src/my_first_package) by extensions ['ignore', 'ignore_ament_install']
[0.169s] Level 1:colcon.colcon_core.package_identification:_identify(src/my_first_package) by extension 'ignore'
[0.169s] Level 1:colcon.colcon_core.package_identification:_identify(src/my_first_package) by extension 'ignore_ament_install'
[0.169s] Level 1:colcon.colcon_core.package_identification:_identify(src/my_first_package) by extensions ['colcon_pkg']
[0.169s] Level 1:colcon.colcon_core.package_identification:_identify(src/my_first_package) by extension 'colcon_pkg'
[0.169s] Level 1:colcon.colcon_core.package_identification:_identify(src/my_first_package) by extensions ['colcon_meta']
[0.169s] Level 1:colcon.colcon_core.package_identification:_identify(src/my_first_package) by extension 'colcon_meta'
[0.169s] Level 1:colcon.colcon_core.package_identification:_identify(src/my_first_package) by extensions ['ros']
[0.169s] Level 1:colcon.colcon_core.package_identification:_identify(src/my_first_package) by extension 'ros'
[0.170s] DEBUG:colcon.colcon_core.package_identification:Package 'src/my_first_package' with type 'ros.ament_cmake' and name 'my_first_package'
[0.170s] Level 1:colcon.colcon_core.package_discovery:discover_packages(recursive) using defaults
[0.170s] Level 1:colcon.colcon_core.package_discovery:discover_packages(ignore) discover
[0.170s] Level 1:colcon.colcon_core.package_discovery:discover_packages(ignore) using defaults
[0.170s] Level 1:colcon.colcon_core.package_discovery:discover_packages(path) discover
[0.170s] Level 1:colcon.colcon_core.package_discovery:discover_packages(path) using defaults
[0.188s] INFO:colcon.colcon_core.package_selection:Skipping not selected package 'fra333_lab1_25' in 'src/fra333_lab1_25/fra333_lab1_25'
[0.189s] INFO:colcon.colcon_core.package_selection:Skipping not selected package 'lab1_interfaces' in 'src/fra333_lab1_25/lab1_interfaces'
[0.189s] INFO:colcon.colcon_core.package_selection:Skipping not selected package 'my_first_package' in 'src/my_first_package'
[0.189s] Level 1:colcon.colcon_core.package_discovery:discover_packages(prefix_path) check parameters
[0.189s] Level 1:colcon.colcon_core.package_discovery:discover_packages(prefix_path) discover
[0.190s] WARNING:colcon.colcon_core.prefix_path.colcon:The path '/home/azthorax/fra333_ws/src/install' in the environment variable COLCON_PREFIX_PATH doesn't exist
[0.191s] DEBUG:colcon.colcon_installed_package_information.package_discovery:Found 4 installed packages in /home/azthorax/fra333_ws/install
[0.193s] DEBUG:colcon.colcon_installed_package_information.package_discovery:Found 265 installed packages in /opt/ros/foxy
[0.194s] Level 1:colcon.colcon_core.package_discovery:discover_packages(prefix_path) using defaults
[0.253s] Level 5:colcon.colcon_core.verb:set package 'dummy' build argument 'cmake_args' from command line to 'None'
[0.253s] Level 5:colcon.colcon_core.verb:set package 'dummy' build argument 'cmake_target' from command line to 'None'
[0.253s] Level 5:colcon.colcon_core.verb:set package 'dummy' build argument 'cmake_target_skip_unavailable' from command line to 'False'
[0.253s] Level 5:colcon.colcon_core.verb:set package 'dummy' build argument 'cmake_clean_cache' from command line to 'False'
[0.253s] Level 5:colcon.colcon_core.verb:set package 'dummy' build argument 'cmake_clean_first' from command line to 'False'
[0.253s] Level 5:colcon.colcon_core.verb:set package 'dummy' build argument 'cmake_force_configure' from command line to 'False'
[0.253s] Level 5:colcon.colcon_core.verb:set package 'dummy' build argument 'ament_cmake_args' from command line to 'None'
[0.253s] Level 5:colcon.colcon_core.verb:set package 'dummy' build argument 'catkin_cmake_args' from command line to 'None'
[0.253s] Level 5:colcon.colcon_core.verb:set package 'dummy' build argument 'catkin_skip_building_tests' from command line to 'False'
[0.253s] DEBUG:colcon.colcon_core.verb:Building package 'dummy' with the following arguments: {'ament_cmake_args': None, 'build_base': '/home/azthorax/fra333_ws/build/dummy', 'catkin_cmake_args': None, 'catkin_skip_building_tests': False, 'cmake_args': None, 'cmake_clean_cache': False, 'cmake_clean_first': False, 'cmake_force_configure': False, 'cmake_target': None, 'cmake_target_skip_unavailable': False, 'install_base': '/home/azthorax/fra333_ws/install/dummy', 'merge_install': False, 'path': '/home/azthorax/fra333_ws/src/dummy', 'symlink_install': False, 'test_result_base': None}
[0.254s] INFO:colcon.colcon_core.executor:Executing jobs using 'parallel' executor
[0.258s] DEBUG:colcon.colcon_parallel_executor.executor.parallel:run_until_complete
[0.258s] INFO:colcon.colcon_ros.task.ament_cmake.build:Building ROS package in '/home/azthorax/fra333_ws/src/dummy' with build type 'ament_cmake'
[0.258s] INFO:colcon.colcon_cmake.task.cmake.build:Building CMake package in '/home/azthorax/fra333_ws/src/dummy'
[0.262s] INFO:colcon.colcon_core.plugin_system:Skipping extension 'colcon_core.shell.bat': Not used on non-Windows systems
[0.263s] INFO:colcon.colcon_core.shell:Skip shell extension 'powershell' for command environment: Not usable outside of PowerShell
[0.263s] DEBUG:colcon.colcon_core.shell:Skip shell extension 'dsv' for command environment
[0.277s] DEBUG:colcon.colcon_core.event_handler.log_command:Invoking command in '/home/azthorax/fra333_ws/build/dummy': CMAKE_PREFIX_PATH=${CMAKE_PREFIX_PATH}:/opt/ros/foxy /usr/bin/cmake --build /home/azthorax/fra333_ws/build/dummy -- -j12 -l12
[1.215s] DEBUG:colcon.colcon_core.event_handler.log_command:Invoked command in '/home/azthorax/fra333_ws/build/dummy' returned '0': CMAKE_PREFIX_PATH=${CMAKE_PREFIX_PATH}:/opt/ros/foxy /usr/bin/cmake --build /home/azthorax/fra333_ws/build/dummy -- -j12 -l12
[1.251s] DEBUG:colcon.colcon_core.event_handler.log_command:Invoking command in '/home/azthorax/fra333_ws/build/dummy': CMAKE_PREFIX_PATH=${CMAKE_PREFIX_PATH}:/opt/ros/foxy /usr/bin/cmake --install /home/azthorax/fra333_ws/build/dummy
[1.306s] Level 1:colcon.colcon_core.environment:create_environment_scripts_only(dummy)
[1.307s] DEBUG:colcon.colcon_core.event_handler.log_command:Invoked command in '/home/azthorax/fra333_ws/build/dummy' returned '0': CMAKE_PREFIX_PATH=${CMAKE_PREFIX_PATH}:/opt/ros/foxy /usr/bin/cmake --install /home/azthorax/fra333_ws/build/dummy
[1.316s] Level 1:colcon.colcon_core.environment:checking '/home/azthorax/fra333_ws/install/dummy' for CMake module files
[1.317s] Level 1:colcon.colcon_core.environment:checking '/home/azthorax/fra333_ws/install/dummy' for CMake config files
[1.318s] Level 1:colcon.colcon_core.shell:create_environment_hook('dummy', 'cmake_prefix_path')
[1.320s] INFO:colcon.colcon_core.shell:Creating environment hook '/home/azthorax/fra333_ws/install/dummy/share/dummy/hook/cmake_prefix_path.ps1'
[1.321s] INFO:colcon.colcon_core.shell:Creating environment descriptor '/home/azthorax/fra333_ws/install/dummy/share/dummy/hook/cmake_prefix_path.dsv'
[1.321s] INFO:colcon.colcon_core.shell:Creating environment hook '/home/azthorax/fra333_ws/install/dummy/share/dummy/hook/cmake_prefix_path.sh'
[1.322s] Level 1:colcon.colcon_core.environment:checking '/home/azthorax/fra333_ws/install/dummy/lib'
[1.322s] Level 1:colcon.colcon_core.environment:checking '/home/azthorax/fra333_ws/install/dummy/bin'
[1.322s] Level 1:colcon.colcon_core.environment:checking '/home/azthorax/fra333_ws/install/dummy/lib/pkgconfig/dummy.pc'
[1.322s] Level 1:colcon.colcon_core.environment:checking '/home/azthorax/fra333_ws/install/dummy/lib/python3.8/site-packages'
[1.322s] Level 1:colcon.colcon_core.shell:create_environment_hook('dummy', 'pythonpath')
[1.323s] INFO:colcon.colcon_core.shell:Creating environment hook '/home/azthorax/fra333_ws/install/dummy/share/dummy/hook/pythonpath.ps1'
[1.324s] INFO:colcon.colcon_core.shell:Creating environment descriptor '/home/azthorax/fra333_ws/install/dummy/share/dummy/hook/pythonpath.dsv'
[1.324s] INFO:colcon.colcon_core.shell:Creating environment hook '/home/azthorax/fra333_ws/install/dummy/share/dummy/hook/pythonpath.sh'
[1.324s] Level 1:colcon.colcon_core.environment:checking '/home/azthorax/fra333_ws/install/dummy/bin'
[1.326s] INFO:colcon.colcon_core.shell:Creating package script '/home/azthorax/fra333_ws/install/dummy/share/dummy/package.ps1'
[1.326s] INFO:colcon.colcon_core.shell:Creating package descriptor '/home/azthorax/fra333_ws/install/dummy/share/dummy/package.dsv'
[1.327s] INFO:colcon.colcon_core.shell:Creating package script '/home/azthorax/fra333_ws/install/dummy/share/dummy/package.sh'
[1.327s] INFO:colcon.colcon_core.shell:Creating package script '/home/azthorax/fra333_ws/install/dummy/share/dummy/package.bash'
[1.328s] INFO:colcon.colcon_core.shell:Creating package script '/home/azthorax/fra333_ws/install/dummy/share/dummy/package.zsh'
[1.328s] Level 1:colcon.colcon_core.environment:create_file_with_runtime_dependencies(/home/azthorax/fra333_ws/install/dummy/share/colcon-core/packages/dummy)
[1.363s] Level 1:colcon.colcon_core.environment:create_environment_scripts_only(dummy)
[1.367s] Level 1:colcon.colcon_core.environment:checking '/home/azthorax/fra333_ws/install/dummy' for CMake module files
[1.368s] Level 1:colcon.colcon_core.environment:checking '/home/azthorax/fra333_ws/install/dummy' for CMake config files
[1.369s] Level 1:colcon.colcon_core.shell:create_environment_hook('dummy', 'cmake_prefix_path')
[1.372s] INFO:colcon.colcon_core.shell:Creating environment hook '/home/azthorax/fra333_ws/install/dummy/share/dummy/hook/cmake_prefix_path.ps1'
[1.372s] INFO:colcon.colcon_core.shell:Creating environment descriptor '/home/azthorax/fra333_ws/install/dummy/share/dummy/hook/cmake_prefix_path.dsv'
[1.373s] INFO:colcon.colcon_core.shell:Creating environment hook '/home/azthorax/fra333_ws/install/dummy/share/dummy/hook/cmake_prefix_path.sh'
[1.373s] Level 1:colcon.colcon_core.environment:checking '/home/azthorax/fra333_ws/install/dummy/lib'
[1.373s] Level 1:colcon.colcon_core.environment:checking '/home/azthorax/fra333_ws/install/dummy/bin'
[1.373s] Level 1:colcon.colcon_core.environment:checking '/home/azthorax/fra333_ws/install/dummy/lib/pkgconfig/dummy.pc'
[1.373s] Level 1:colcon.colcon_core.environment:checking '/home/azthorax/fra333_ws/install/dummy/lib/python3.8/site-packages'
[1.373s] Level 1:colcon.colcon_core.shell:create_environment_hook('dummy', 'pythonpath')
[1.375s] INFO:colcon.colcon_core.shell:Creating environment hook '/home/azthorax/fra333_ws/install/dummy/share/dummy/hook/pythonpath.ps1'
[1.375s] INFO:colcon.colcon_core.shell:Creating environment descriptor '/home/azthorax/fra333_ws/install/dummy/share/dummy/hook/pythonpath.dsv'
[1.375s] INFO:colcon.colcon_core.shell:Creating environment hook '/home/azthorax/fra333_ws/install/dummy/share/dummy/hook/pythonpath.sh'
[1.376s] Level 1:colcon.colcon_core.environment:checking '/home/azthorax/fra333_ws/install/dummy/bin'
[1.377s] INFO:colcon.colcon_core.shell:Creating package script '/home/azthorax/fra333_ws/install/dummy/share/dummy/package.ps1'
[1.377s] INFO:colcon.colcon_core.shell:Creating package descriptor '/home/azthorax/fra333_ws/install/dummy/share/dummy/package.dsv'
[1.378s] INFO:colcon.colcon_core.shell:Creating package script '/home/azthorax/fra333_ws/install/dummy/share/dummy/package.sh'
[1.378s] INFO:colcon.colcon_core.shell:Creating package script '/home/azthorax/fra333_ws/install/dummy/share/dummy/package.bash'
[1.378s] INFO:colcon.colcon_core.shell:Creating package script '/home/azthorax/fra333_ws/install/dummy/share/dummy/package.zsh'
[1.379s] Level 1:colcon.colcon_core.environment:create_file_with_runtime_dependencies(/home/azthorax/fra333_ws/install/dummy/share/colcon-core/packages/dummy)
[1.379s] DEBUG:colcon.colcon_parallel_executor.executor.parallel:closing loop
[1.379s] DEBUG:colcon.colcon_parallel_executor.executor.parallel:loop closed
[1.379s] DEBUG:colcon.colcon_parallel_executor.executor.parallel:run_until_complete finished with '0'
[1.379s] DEBUG:colcon.colcon_core.event_reactor:joining thread
[1.390s] INFO:colcon.colcon_core.plugin_system:Skipping extension 'colcon_notification.desktop_notification.terminal_notifier': Not used on non-Darwin systems
[1.390s] INFO:colcon.colcon_core.plugin_system:Skipping extension 'colcon_notification.desktop_notification.win32': Not used on non-Windows systems
[1.390s] INFO:colcon.colcon_notification.desktop_notification:Sending desktop notification using 'notify2'
[1.414s] DEBUG:colcon.colcon_core.event_reactor:joined thread
[1.418s] INFO:colcon.colcon_core.shell:Creating prefix script '/home/azthorax/fra333_ws/install/local_setup.ps1'
[1.421s] INFO:colcon.colcon_core.shell:Creating prefix util module '/home/azthorax/fra333_ws/install/_local_setup_util_ps1.py'
[1.424s] INFO:colcon.colcon_core.shell:Creating prefix chain script '/home/azthorax/fra333_ws/install/setup.ps1'
[1.426s] INFO:colcon.colcon_core.shell:Creating prefix script '/home/azthorax/fra333_ws/install/local_setup.sh'
[1.426s] INFO:colcon.colcon_core.shell:Creating prefix util module '/home/azthorax/fra333_ws/install/_local_setup_util_sh.py'
[1.427s] INFO:colcon.colcon_core.shell:Creating prefix chain script '/home/azthorax/fra333_ws/install/setup.sh'
[1.429s] INFO:colcon.colcon_core.shell:Creating prefix script '/home/azthorax/fra333_ws/install/local_setup.bash'
[1.430s] INFO:colcon.colcon_core.shell:Creating prefix chain script '/home/azthorax/fra333_ws/install/setup.bash'
[1.431s] INFO:colcon.colcon_core.shell:Creating prefix script '/home/azthorax/fra333_ws/install/local_setup.zsh'
[1.432s] INFO:colcon.colcon_core.shell:Creating prefix chain script '/home/azthorax/fra333_ws/install/setup.zsh'
