[0.034s] Invoking command in '/home/azthorax/fra333_ws/build/cocoax_description': CMAKE_PREFIX_PATH=/opt/ros/foxy /usr/bin/cmake /home/azthorax/fra333_ws/src/fra333_lab4_25_v1/cocoax_description -DAMENT_CMAKE_SYMLINK_INSTALL=1 -DCMAKE_INSTALL_PREFIX=/home/azthorax/fra333_ws/install/cocoax_description
[0.126s] -- The C compiler identification is GNU 9.4.0
[0.184s] -- The CXX compiler identification is GNU 9.4.0
[0.188s] -- Check for working C compiler: /usr/bin/cc
[0.253s] -- Check for working C compiler: /usr/bin/cc -- works
[0.254s] -- Detecting C compiler ABI info
[0.325s] -- Detecting C compiler ABI info - done
[0.342s] -- Detecting C compile features
[0.342s] -- Detecting C compile features - done
[0.345s] -- Check for working CXX compiler: /usr/bin/c++
[0.434s] -- Check for working CXX compiler: /usr/bin/c++ -- works
[0.435s] -- Detecting CXX compiler ABI info
[0.526s] -- Detecting CXX compiler ABI info - done
[0.541s] -- Detecting CXX compile features
[0.542s] -- Detecting CXX compile features - done
[0.544s] -- Found ament_cmake: 0.9.11 (/opt/ros/foxy/share/ament_cmake/cmake)
[0.575s] -- Found PythonInterp: /usr/bin/python3 (found suitable version "3.8.10", minimum required is "3") 
[0.575s] -- Using PYTHON_EXECUTABLE: /usr/bin/python3
[0.850s] -- Override CMake install command with custom implementation using symlinks instead of copying resources
[0.873s] -- Found rclcpp: 2.4.2 (/opt/ros/foxy/share/rclcpp/cmake)
[0.920s] -- Using all available rosidl_typesupport_c: rosidl_typesupport_fastrtps_c;rosidl_typesupport_introspection_c
[0.926s] -- Found rosidl_adapter: 1.3.0 (/opt/ros/foxy/share/rosidl_adapter/cmake)
[1.016s] -- Found OpenSSL: /usr/lib/x86_64-linux-gnu/libcrypto.so (found version "1.1.1f")  
[1.045s] -- Found FastRTPS: /opt/ros/foxy/include  
[1.135s] -- Using all available rosidl_typesupport_cpp: rosidl_typesupport_fastrtps_cpp;rosidl_typesupport_introspection_cpp
[1.190s] -- Found rmw_implementation_cmake: 1.0.3 (/opt/ros/foxy/share/rmw_implementation_cmake/cmake)
[1.192s] -- Using RMW implementation 'rmw_fastrtps_cpp' as default
[1.193s] -- Looking for pthread.h
[1.273s] -- Looking for pthread.h - found
[1.273s] -- Performing Test CMAKE_HAVE_LIBC_PTHREAD
[1.348s] -- Performing Test CMAKE_HAVE_LIBC_PTHREAD - Failed
[1.348s] -- Looking for pthread_create in pthreads
[1.405s] -- Looking for pthread_create in pthreads - not found
[1.405s] -- Looking for pthread_create in pthread
[1.488s] -- Looking for pthread_create in pthread - found
[1.489s] -- Found Threads: TRUE  
[1.653s] -- Found rclpy: 1.0.11 (/opt/ros/foxy/share/rclpy/cmake)
[1.756s] -- Configuring done
[1.759s] -- Generating done
[1.761s] -- Build files have been written to: /home/azthorax/fra333_ws/build/cocoax_description
[1.773s] Invoked command in '/home/azthorax/fra333_ws/build/cocoax_description' returned '0': CMAKE_PREFIX_PATH=/opt/ros/foxy /usr/bin/cmake /home/azthorax/fra333_ws/src/fra333_lab4_25_v1/cocoax_description -DAMENT_CMAKE_SYMLINK_INSTALL=1 -DCMAKE_INSTALL_PREFIX=/home/azthorax/fra333_ws/install/cocoax_description
[1.777s] Invoking command in '/home/azthorax/fra333_ws/build/cocoax_description': CMAKE_PREFIX_PATH=/opt/ros/foxy /usr/bin/cmake --build /home/azthorax/fra333_ws/build/cocoax_description -- -j12 -l12
[1.825s] Invoked command in '/home/azthorax/fra333_ws/build/cocoax_description' returned '0': CMAKE_PREFIX_PATH=/opt/ros/foxy /usr/bin/cmake --build /home/azthorax/fra333_ws/build/cocoax_description -- -j12 -l12
[1.861s] Invoking command in '/home/azthorax/fra333_ws/build/cocoax_description': CMAKE_PREFIX_PATH=/opt/ros/foxy /usr/bin/cmake --install /home/azthorax/fra333_ws/build/cocoax_description
[1.872s] -- Install configuration: ""
[1.872s] -- Execute custom install script
[1.873s] -- Symlinking: /home/azthorax/fra333_ws/install/cocoax_description/share/cocoax_description/environment/pythonpath.sh
[1.881s] -- Symlinking: /home/azthorax/fra333_ws/install/cocoax_description/share/cocoax_description/environment/pythonpath.dsv
[1.895s] -- Symlinking: /home/azthorax/fra333_ws/install/cocoax_description/lib/python3.8/site-packages/cocoax_description/__init__.py
[1.904s] -- Symlinking: /home/azthorax/fra333_ws/install/cocoax_description/share/cocoax_description/meshes/end_effector.stl
[1.911s] -- Symlinking: /home/azthorax/fra333_ws/install/cocoax_description/share/cocoax_description/meshes/link_0.stl
[1.923s] -- Symlinking: /home/azthorax/fra333_ws/install/cocoax_description/share/cocoax_description/meshes/link_1.stl
[1.935s] -- Symlinking: /home/azthorax/fra333_ws/install/cocoax_description/share/cocoax_description/meshes/link_1c.stl
[1.943s] -- Symlinking: /home/azthorax/fra333_ws/install/cocoax_description/share/cocoax_description/meshes/link_2.stl
[1.950s] -- Symlinking: /home/azthorax/fra333_ws/install/cocoax_description/share/cocoax_description/meshes/link_3.stl
[1.958s] -- Symlinking: /home/azthorax/fra333_ws/install/cocoax_description/share/cocoax_description/meshes/link_3c.stl
[1.965s] -- Symlinking: /home/azthorax/fra333_ws/install/cocoax_description/share/cocoax_description/robot/cocoax_gazebo.xacro
[1.972s] -- Symlinking: /home/azthorax/fra333_ws/install/cocoax_description/share/cocoax_description/robot/cocoax_include.xacro
[1.979s] -- Symlinking: /home/azthorax/fra333_ws/install/cocoax_description/share/cocoax_description/robot/cocoax_robot.urdf.xacro
[1.991s] -- Symlinking: /home/azthorax/fra333_ws/install/cocoax_description/share/cocoax_description/launch/display_gazebo.launch.py
[2.003s] -- Symlinking: /home/azthorax/fra333_ws/install/cocoax_description/share/cocoax_description/config/cocoax.rviz
[2.012s] -- Symlinking: /home/azthorax/fra333_ws/install/cocoax_description/share/cocoax_description/config/cocoax_controller.yaml
[2.021s] -- Symlinking: /home/azthorax/fra333_ws/install/cocoax_description/share/ament_index/resource_index/package_run_dependencies/cocoax_description
[2.034s] -- Symlinking: /home/azthorax/fra333_ws/install/cocoax_description/share/ament_index/resource_index/parent_prefix_path/cocoax_description
[2.044s] -- Symlinking: /home/azthorax/fra333_ws/install/cocoax_description/share/cocoax_description/environment/ament_prefix_path.sh
[2.053s] -- Symlinking: /home/azthorax/fra333_ws/install/cocoax_description/share/cocoax_description/environment/ament_prefix_path.dsv
[2.064s] -- Symlinking: /home/azthorax/fra333_ws/install/cocoax_description/share/cocoax_description/environment/path.sh
[2.072s] -- Symlinking: /home/azthorax/fra333_ws/install/cocoax_description/share/cocoax_description/environment/path.dsv
[2.080s] -- Symlinking: /home/azthorax/fra333_ws/install/cocoax_description/share/cocoax_description/local_setup.bash
[2.088s] -- Symlinking: /home/azthorax/fra333_ws/install/cocoax_description/share/cocoax_description/local_setup.sh
[2.103s] -- Symlinking: /home/azthorax/fra333_ws/install/cocoax_description/share/cocoax_description/local_setup.zsh
[2.110s] -- Symlinking: /home/azthorax/fra333_ws/install/cocoax_description/share/cocoax_description/local_setup.dsv
[2.119s] -- Symlinking: /home/azthorax/fra333_ws/install/cocoax_description/share/cocoax_description/package.dsv
[2.128s] -- Symlinking: /home/azthorax/fra333_ws/install/cocoax_description/share/ament_index/resource_index/packages/cocoax_description
[2.136s] -- Symlinking: /home/azthorax/fra333_ws/install/cocoax_description/share/cocoax_description/cmake/cocoax_descriptionConfig.cmake
[2.145s] -- Symlinking: /home/azthorax/fra333_ws/install/cocoax_description/share/cocoax_description/cmake/cocoax_descriptionConfig-version.cmake
[2.156s] -- Symlinking: /home/azthorax/fra333_ws/install/cocoax_description/share/cocoax_description/package.xml
[2.202s] Listing '/home/azthorax/fra333_ws/install/cocoax_description/lib/python3.8/site-packages/cocoax_description'...
[2.202s] Compiling '/home/azthorax/fra333_ws/install/cocoax_description/lib/python3.8/site-packages/cocoax_description/__init__.py'...
[2.213s] Invoked command in '/home/azthorax/fra333_ws/build/cocoax_description' returned '0': CMAKE_PREFIX_PATH=/opt/ros/foxy /usr/bin/cmake --install /home/azthorax/fra333_ws/build/cocoax_description
