[0.106s] Invoking command in '/home/azthorax/fra333_ws/build/cocoa_description': CMAKE_PREFIX_PATH=/opt/ros/foxy /usr/bin/cmake /home/azthorax/fra333_ws/src/fra333_lab2_25_v1/cocoa_description -DAMENT_CMAKE_SYMLINK_INSTALL=1 -DCMAKE_INSTALL_PREFIX=/home/azthorax/fra333_ws/install/cocoa_description
[0.186s] -- The C compiler identification is GNU 9.4.0
[0.295s] -- The CXX compiler identification is GNU 9.4.0
[0.302s] -- Check for working C compiler: /usr/bin/cc
[0.432s] -- Check for working C compiler: /usr/bin/cc -- works
[0.432s] -- Detecting C compiler ABI info
[0.555s] -- Detecting C compiler ABI info - done
[0.572s] -- Detecting C compile features
[0.573s] -- Detecting C compile features - done
[0.577s] -- Check for working CXX compiler: /usr/bin/c++
[0.721s] -- Check for working CXX compiler: /usr/bin/c++ -- works
[0.723s] -- Detecting CXX compiler ABI info
[0.874s] -- Detecting CXX compiler ABI info - done
[0.889s] -- Detecting CXX compile features
[0.890s] -- Detecting CXX compile features - done
[0.910s] -- Found ament_cmake: 0.9.11 (/opt/ros/foxy/share/ament_cmake/cmake)
[0.980s] -- Found PythonInterp: /usr/bin/python3 (found suitable version "3.8.10", minimum required is "3") 
[0.980s] -- Using PYTHON_EXECUTABLE: /usr/bin/python3
[1.481s] -- Override CMake install command with custom implementation using symlinks instead of copying resources
[1.509s] -- Found rclcpp: 2.4.2 (/opt/ros/foxy/share/rclcpp/cmake)
[1.568s] -- Using all available rosidl_typesupport_c: rosidl_typesupport_fastrtps_c;rosidl_typesupport_introspection_c
[1.575s] -- Found rosidl_adapter: 1.3.0 (/opt/ros/foxy/share/rosidl_adapter/cmake)
[1.726s] -- Found OpenSSL: /usr/lib/x86_64-linux-gnu/libcrypto.so (found version "1.1.1f")  
[1.768s] -- Found FastRTPS: /opt/ros/foxy/include  
[1.873s] -- Using all available rosidl_typesupport_cpp: rosidl_typesupport_fastrtps_cpp;rosidl_typesupport_introspection_cpp
[1.950s] -- Found rmw_implementation_cmake: 1.0.3 (/opt/ros/foxy/share/rmw_implementation_cmake/cmake)
[1.952s] -- Using RMW implementation 'rmw_fastrtps_cpp' as default
[1.953s] -- Looking for pthread.h
[2.120s] -- Looking for pthread.h - found
[2.120s] -- Performing Test CMAKE_HAVE_LIBC_PTHREAD
[2.245s] -- Performing Test CMAKE_HAVE_LIBC_PTHREAD - Failed
[2.246s] -- Looking for pthread_create in pthreads
[2.317s] -- Looking for pthread_create in pthreads - not found
[2.317s] -- Looking for pthread_create in pthread
[2.431s] -- Looking for pthread_create in pthread - found
[2.433s] -- Found Threads: TRUE  
[2.660s] -- Found rclpy: 1.0.11 (/opt/ros/foxy/share/rclpy/cmake)
[2.797s] -- Configuring done
[2.800s] -- Generating done
[2.802s] -- Build files have been written to: /home/azthorax/fra333_ws/build/cocoa_description
[2.820s] Invoked command in '/home/azthorax/fra333_ws/build/cocoa_description' returned '0': CMAKE_PREFIX_PATH=/opt/ros/foxy /usr/bin/cmake /home/azthorax/fra333_ws/src/fra333_lab2_25_v1/cocoa_description -DAMENT_CMAKE_SYMLINK_INSTALL=1 -DCMAKE_INSTALL_PREFIX=/home/azthorax/fra333_ws/install/cocoa_description
[2.822s] Invoking command in '/home/azthorax/fra333_ws/build/cocoa_description': CMAKE_PREFIX_PATH=/opt/ros/foxy /usr/bin/cmake --build /home/azthorax/fra333_ws/build/cocoa_description -- -j12 -l12
[2.908s] Invoked command in '/home/azthorax/fra333_ws/build/cocoa_description' returned '0': CMAKE_PREFIX_PATH=/opt/ros/foxy /usr/bin/cmake --build /home/azthorax/fra333_ws/build/cocoa_description -- -j12 -l12
[3.032s] Invoking command in '/home/azthorax/fra333_ws/build/cocoa_description': CMAKE_PREFIX_PATH=/opt/ros/foxy /usr/bin/cmake --install /home/azthorax/fra333_ws/build/cocoa_description
[3.047s] -- Install configuration: ""
[3.047s] -- Execute custom install script
[3.047s] -- Symlinking: /home/azthorax/fra333_ws/install/cocoa_description/share/cocoa_description/environment/pythonpath.sh
[3.073s] -- Symlinking: /home/azthorax/fra333_ws/install/cocoa_description/share/cocoa_description/environment/pythonpath.dsv
[3.101s] -- Symlinking: /home/azthorax/fra333_ws/install/cocoa_description/lib/python3.8/site-packages/cocoa_description/__init__.py
[3.112s] -- Symlinking: /home/azthorax/fra333_ws/install/cocoa_description/lib/python3.8/site-packages/cocoa_description/cocoa_module.py
[3.127s] -- Symlinking: /home/azthorax/fra333_ws/install/cocoa_description/lib/cocoa_description/cocoa_script.py
[3.147s] -- Symlinking: /home/azthorax/fra333_ws/install/cocoa_description/share/cocoa_description/meshes/base_link.stl
[3.163s] -- Symlinking: /home/azthorax/fra333_ws/install/cocoa_description/share/cocoa_description/meshes/end_effector.stl
[3.190s] -- Symlinking: /home/azthorax/fra333_ws/install/cocoa_description/share/cocoa_description/meshes/link_0.stl
[3.203s] -- Symlinking: /home/azthorax/fra333_ws/install/cocoa_description/share/cocoa_description/meshes/link_1.stl
[3.214s] -- Symlinking: /home/azthorax/fra333_ws/install/cocoa_description/share/cocoa_description/meshes/link_2.stl
[3.225s] -- Symlinking: /home/azthorax/fra333_ws/install/cocoa_description/share/cocoa_description/meshes/link_3.stl
[3.238s] -- Symlinking: /home/azthorax/fra333_ws/install/cocoa_description/share/cocoa_description/robot/cocoa.urdf.xacro
[3.251s] -- Symlinking: /home/azthorax/fra333_ws/install/cocoa_description/share/cocoa_description/launch/display.launch.py
[3.267s] -- Symlinking: /home/azthorax/fra333_ws/install/cocoa_description/share/cocoa_description/config/cocoa.rviz
[3.274s] -- Symlinking: /home/azthorax/fra333_ws/install/cocoa_description/share/ament_index/resource_index/package_run_dependencies/cocoa_description
[3.287s] -- Symlinking: /home/azthorax/fra333_ws/install/cocoa_description/share/ament_index/resource_index/parent_prefix_path/cocoa_description
[3.299s] -- Symlinking: /home/azthorax/fra333_ws/install/cocoa_description/share/cocoa_description/environment/ament_prefix_path.sh
[3.316s] -- Symlinking: /home/azthorax/fra333_ws/install/cocoa_description/share/cocoa_description/environment/ament_prefix_path.dsv
[3.330s] -- Symlinking: /home/azthorax/fra333_ws/install/cocoa_description/share/cocoa_description/environment/path.sh
[3.342s] -- Symlinking: /home/azthorax/fra333_ws/install/cocoa_description/share/cocoa_description/environment/path.dsv
[3.354s] -- Symlinking: /home/azthorax/fra333_ws/install/cocoa_description/share/cocoa_description/local_setup.bash
[3.372s] -- Symlinking: /home/azthorax/fra333_ws/install/cocoa_description/share/cocoa_description/local_setup.sh
[3.392s] -- Symlinking: /home/azthorax/fra333_ws/install/cocoa_description/share/cocoa_description/local_setup.zsh
[3.418s] -- Symlinking: /home/azthorax/fra333_ws/install/cocoa_description/share/cocoa_description/local_setup.dsv
[3.432s] -- Symlinking: /home/azthorax/fra333_ws/install/cocoa_description/share/cocoa_description/package.dsv
[3.460s] -- Symlinking: /home/azthorax/fra333_ws/install/cocoa_description/share/ament_index/resource_index/packages/cocoa_description
[3.481s] -- Symlinking: /home/azthorax/fra333_ws/install/cocoa_description/share/cocoa_description/cmake/cocoa_descriptionConfig.cmake
[3.491s] -- Symlinking: /home/azthorax/fra333_ws/install/cocoa_description/share/cocoa_description/cmake/cocoa_descriptionConfig-version.cmake
[3.510s] -- Symlinking: /home/azthorax/fra333_ws/install/cocoa_description/share/cocoa_description/package.xml
[3.566s] Listing '/home/azthorax/fra333_ws/install/cocoa_description/lib/python3.8/site-packages/cocoa_description'...
[3.566s] Compiling '/home/azthorax/fra333_ws/install/cocoa_description/lib/python3.8/site-packages/cocoa_description/__init__.py'...
[3.566s] Compiling '/home/azthorax/fra333_ws/install/cocoa_description/lib/python3.8/site-packages/cocoa_description/cocoa_module.py'...
[3.659s] Invoked command in '/home/azthorax/fra333_ws/build/cocoa_description' returned '0': CMAKE_PREFIX_PATH=/opt/ros/foxy /usr/bin/cmake --install /home/azthorax/fra333_ws/build/cocoa_description
