[0.061s] Invoking command in '/home/azthorax/fra333_ws/build/my_first_package': CMAKE_PREFIX_PATH=${CMAKE_PREFIX_PATH}:/opt/ros/foxy /usr/bin/cmake --build /home/azthorax/fra333_ws/build/my_first_package -- -j12 -l12
[0.121s] [  1%] Built target my_first_package__cpp
[0.130s] [  3%] Built target cpp_node_test
[0.139s] [ 14%] Built target my_first_package__rosidl_generator_c
[0.164s] [ 25%] Built target my_first_package__rosidl_typesupport_introspection_cpp
[0.165s] [ 37%] Built target my_first_package__rosidl_typesupport_introspection_c
[0.168s] [ 48%] Built target my_first_package__rosidl_typesupport_cpp
[0.172s] [ 59%] Built target my_first_package__rosidl_typesupport_c
[0.172s] [ 71%] Built target my_first_package__rosidl_typesupport_fastrtps_cpp
[0.215s] [ 82%] Built target my_first_package__rosidl_typesupport_fastrtps_c
[0.238s] [ 82%] Built target my_first_package
[0.258s] [ 83%] Built target my_first_package__py
[0.290s] [ 93%] Built target my_first_package__python
[0.321s] [ 95%] Built target my_first_package__rosidl_typesupport_fastrtps_c__pyext
[0.321s] [100%] Built target my_first_package__rosidl_typesupport_c__pyext
[0.322s] [100%] Built target my_first_package__rosidl_typesupport_introspection_c__pyext
[0.356s] Invoked command in '/home/azthorax/fra333_ws/build/my_first_package' returned '0': CMAKE_PREFIX_PATH=${CMAKE_PREFIX_PATH}:/opt/ros/foxy /usr/bin/cmake --build /home/azthorax/fra333_ws/build/my_first_package -- -j12 -l12
[0.539s] Invoking command in '/home/azthorax/fra333_ws/build/my_first_package': CMAKE_PREFIX_PATH=${CMAKE_PREFIX_PATH}:/opt/ros/foxy /usr/bin/cmake --install /home/azthorax/fra333_ws/build/my_first_package
[0.552s] -- Install configuration: ""
[0.553s] -- Execute custom install script
[0.553s] -- Up-to-date symlink: /home/azthorax/fra333_ws/install/my_first_package/share/my_first_package/environment/pythonpath.sh
[0.553s] -- Up-to-date symlink: /home/azthorax/fra333_ws/install/my_first_package/share/my_first_package/environment/pythonpath.dsv
[0.554s] -- Symlinking: /home/azthorax/fra333_ws/install/my_first_package/lib/python3.8/site-packages/my_first_package/__init__.py
[0.563s] -- Up-to-date symlink: /home/azthorax/fra333_ws/install/my_first_package/lib/my_first_package/01_pub.py
[0.563s] -- Up-to-date symlink: /home/azthorax/fra333_ws/install/my_first_package/lib/my_first_package/01_sub.py
[0.563s] -- Up-to-date symlink: /home/azthorax/fra333_ws/install/my_first_package/lib/my_first_package/02_controller.py
[0.564s] -- Up-to-date symlink: /home/azthorax/fra333_ws/install/my_first_package/lib/my_first_package/02_scheduler.py
[0.564s] -- Up-to-date symlink: /home/azthorax/fra333_ws/install/my_first_package/lib/my_first_package/03_turtle_tf2_broadcaster.py
[0.564s] -- Up-to-date symlink: /home/azthorax/fra333_ws/install/my_first_package/lib/my_first_package/04_state_pub.py
[0.564s] -- Up-to-date symlink: /home/azthorax/fra333_ws/install/my_first_package/lib/my_first_package/athsub.py
[0.564s] -- Up-to-date symlink: /home/azthorax/fra333_ws/install/my_first_package/lib/my_first_package/athpub.py
[0.564s] -- Up-to-date symlink: /home/azthorax/fra333_ws/install/my_first_package/lib/my_first_package/athactpub.py
[0.564s] -- Up-to-date symlink: /home/azthorax/fra333_ws/install/my_first_package/lib/my_first_package/athactsub.py
[0.565s] -- Up-to-date symlink: /home/azthorax/fra333_ws/install/my_first_package/lib/my_first_package/athtf2pub.py
[0.565s] -- Up-to-date symlink: /home/azthorax/fra333_ws/install/my_first_package/lib/my_first_package/athtf2sub.py
[0.565s] -- Up-to-date symlink: /home/azthorax/fra333_ws/install/my_first_package/lib/my_first_package/athtf2frame.py
[0.565s] -- Up-to-date symlink: /home/azthorax/fra333_ws/install/my_first_package/lib/my_first_package/athtf2dframe.py
[0.565s] -- Up-to-date symlink: /home/azthorax/fra333_ws/install/my_first_package/lib/my_first_package/athmsgfilterpub.py
[0.566s] -- Up-to-date symlink: /home/azthorax/fra333_ws/install/my_first_package/lib/my_first_package/athmsgfiltersub.py
[0.566s] -- Up-to-date symlink: /home/azthorax/fra333_ws/install/my_first_package/lib/my_first_package/athStatePublisher.py
[0.566s] -- Up-to-date symlink: /home/azthorax/fra333_ws/install/my_first_package/lib/my_first_package/velomulti.py
[0.566s] -- Up-to-date symlink: /home/azthorax/fra333_ws/install/my_first_package/lib/my_first_package/noisegen.py
[0.566s] -- Up-to-date symlink: /home/azthorax/fra333_ws/install/my_first_package/lib/my_first_package/cpp_node_test
[0.566s] -- Up-to-date symlink: /home/azthorax/fra333_ws/install/my_first_package/share/ament_index/resource_index/rosidl_interfaces/my_first_package
[0.568s] -- Up-to-date symlink: /home/azthorax/fra333_ws/install/my_first_package/include/my_first_package/action/detail/fibonacci__functions.h
[0.568s] -- Up-to-date symlink: /home/azthorax/fra333_ws/install/my_first_package/include/my_first_package/action/detail/fibonacci__struct.h
[0.568s] -- Up-to-date symlink: /home/azthorax/fra333_ws/install/my_first_package/include/my_first_package/action/detail/fibonacci__type_support.h
[0.569s] -- Up-to-date symlink: /home/azthorax/fra333_ws/install/my_first_package/include/my_first_package/action/fibonacci.h
[0.569s] -- Up-to-date symlink: /home/azthorax/fra333_ws/install/my_first_package/include/my_first_package/msg/add_book.h
[0.569s] -- Up-to-date symlink: /home/azthorax/fra333_ws/install/my_first_package/include/my_first_package/msg/detail/add_book__functions.h
[0.569s] -- Up-to-date symlink: /home/azthorax/fra333_ws/install/my_first_package/include/my_first_package/msg/detail/add_book__struct.h
[0.569s] -- Up-to-date symlink: /home/azthorax/fra333_ws/install/my_first_package/include/my_first_package/msg/detail/add_book__type_support.h
[0.569s] -- Up-to-date symlink: /home/azthorax/fra333_ws/install/my_first_package/include/my_first_package/msg/detail/num__functions.h
[0.569s] -- Up-to-date symlink: /home/azthorax/fra333_ws/install/my_first_package/include/my_first_package/msg/detail/num__struct.h
[0.570s] -- Up-to-date symlink: /home/azthorax/fra333_ws/install/my_first_package/include/my_first_package/msg/detail/num__type_support.h
[0.570s] -- Up-to-date symlink: /home/azthorax/fra333_ws/install/my_first_package/include/my_first_package/msg/detail/sphere__functions.h
[0.570s] -- Up-to-date symlink: /home/azthorax/fra333_ws/install/my_first_package/include/my_first_package/msg/detail/sphere__struct.h
[0.570s] -- Up-to-date symlink: /home/azthorax/fra333_ws/install/my_first_package/include/my_first_package/msg/detail/sphere__type_support.h
[0.570s] -- Up-to-date symlink: /home/azthorax/fra333_ws/install/my_first_package/include/my_first_package/msg/num.h
[0.571s] -- Up-to-date symlink: /home/azthorax/fra333_ws/install/my_first_package/include/my_first_package/msg/rosidl_generator_c__visibility_control.h
[0.571s] -- Up-to-date symlink: /home/azthorax/fra333_ws/install/my_first_package/include/my_first_package/msg/sphere.h
[0.571s] -- Up-to-date symlink: /home/azthorax/fra333_ws/install/my_first_package/include/my_first_package/srv/ath_sum.h
[0.571s] -- Up-to-date symlink: /home/azthorax/fra333_ws/install/my_first_package/include/my_first_package/srv/ath_sum3.h
[0.571s] -- Up-to-date symlink: /home/azthorax/fra333_ws/install/my_first_package/include/my_first_package/srv/detail/ath_sum3__functions.h
[0.571s] -- Up-to-date symlink: /home/azthorax/fra333_ws/install/my_first_package/include/my_first_package/srv/detail/ath_sum3__struct.h
[0.572s] -- Up-to-date symlink: /home/azthorax/fra333_ws/install/my_first_package/include/my_first_package/srv/detail/ath_sum3__type_support.h
[0.572s] -- Up-to-date symlink: /home/azthorax/fra333_ws/install/my_first_package/include/my_first_package/srv/detail/ath_sum__functions.h
[0.572s] -- Up-to-date symlink: /home/azthorax/fra333_ws/install/my_first_package/include/my_first_package/srv/detail/ath_sum__struct.h
[0.572s] -- Up-to-date symlink: /home/azthorax/fra333_ws/install/my_first_package/include/my_first_package/srv/detail/ath_sum__type_support.h
[0.572s] -- Up-to-date symlink: /home/azthorax/fra333_ws/install/my_first_package/include/my_first_package/srv/detail/rand_goal__functions.h
[0.572s] -- Up-to-date symlink: /home/azthorax/fra333_ws/install/my_first_package/include/my_first_package/srv/detail/rand_goal__struct.h
[0.573s] -- Up-to-date symlink: /home/azthorax/fra333_ws/install/my_first_package/include/my_first_package/srv/detail/rand_goal__type_support.h
[0.573s] -- Up-to-date symlink: /home/azthorax/fra333_ws/install/my_first_package/include/my_first_package/srv/detail/set_goal__functions.h
[0.573s] -- Up-to-date symlink: /home/azthorax/fra333_ws/install/my_first_package/include/my_first_package/srv/detail/set_goal__struct.h
[0.573s] -- Up-to-date symlink: /home/azthorax/fra333_ws/install/my_first_package/include/my_first_package/srv/detail/set_goal__type_support.h
[0.573s] -- Up-to-date symlink: /home/azthorax/fra333_ws/install/my_first_package/include/my_first_package/srv/detail/set_noise__functions.h
[0.573s] -- Up-to-date symlink: /home/azthorax/fra333_ws/install/my_first_package/include/my_first_package/srv/detail/set_noise__struct.h
[0.574s] -- Up-to-date symlink: /home/azthorax/fra333_ws/install/my_first_package/include/my_first_package/srv/detail/set_noise__type_support.h
[0.574s] -- Up-to-date symlink: /home/azthorax/fra333_ws/install/my_first_package/include/my_first_package/srv/rand_goal.h
[0.574s] -- Up-to-date symlink: /home/azthorax/fra333_ws/install/my_first_package/include/my_first_package/srv/set_goal.h
[0.574s] -- Up-to-date symlink: /home/azthorax/fra333_ws/install/my_first_package/include/my_first_package/srv/set_noise.h
[0.574s] -- Up-to-date symlink: /home/azthorax/fra333_ws/install/my_first_package/share/my_first_package/environment/library_path.sh
[0.574s] -- Up-to-date symlink: /home/azthorax/fra333_ws/install/my_first_package/share/my_first_package/environment/library_path.dsv
[0.575s] -- Up-to-date symlink: /home/azthorax/fra333_ws/install/my_first_package/include/my_first_package/action/detail/fibonacci__rosidl_typesupport_fastrtps_c.h
[0.575s] -- Up-to-date symlink: /home/azthorax/fra333_ws/install/my_first_package/include/my_first_package/msg/detail/add_book__rosidl_typesupport_fastrtps_c.h
[0.580s] -- Up-to-date symlink: /home/azthorax/fra333_ws/install/my_first_package/include/my_first_package/msg/detail/num__rosidl_typesupport_fastrtps_c.h
[0.581s] -- Up-to-date symlink: /home/azthorax/fra333_ws/install/my_first_package/include/my_first_package/msg/detail/sphere__rosidl_typesupport_fastrtps_c.h
[0.581s] -- Up-to-date symlink: /home/azthorax/fra333_ws/install/my_first_package/include/my_first_package/msg/rosidl_typesupport_fastrtps_c__visibility_control.h
[0.581s] -- Up-to-date symlink: /home/azthorax/fra333_ws/install/my_first_package/include/my_first_package/srv/detail/ath_sum3__rosidl_typesupport_fastrtps_c.h
[0.581s] -- Up-to-date symlink: /home/azthorax/fra333_ws/install/my_first_package/include/my_first_package/srv/detail/ath_sum__rosidl_typesupport_fastrtps_c.h
[0.581s] -- Up-to-date symlink: /home/azthorax/fra333_ws/install/my_first_package/include/my_first_package/srv/detail/rand_goal__rosidl_typesupport_fastrtps_c.h
[0.582s] -- Up-to-date symlink: /home/azthorax/fra333_ws/install/my_first_package/include/my_first_package/srv/detail/set_goal__rosidl_typesupport_fastrtps_c.h
[0.582s] -- Up-to-date symlink: /home/azthorax/fra333_ws/install/my_first_package/include/my_first_package/srv/detail/set_noise__rosidl_typesupport_fastrtps_c.h
[0.582s] -- Up-to-date symlink: /home/azthorax/fra333_ws/install/my_first_package/lib/libmy_first_package__rosidl_typesupport_fastrtps_c.so
[0.582s] -- Up-to-date symlink: /home/azthorax/fra333_ws/install/my_first_package/include/my_first_package/action/detail/fibonacci__rosidl_typesupport_fastrtps_cpp.hpp
[0.582s] -- Up-to-date symlink: /home/azthorax/fra333_ws/install/my_first_package/include/my_first_package/msg/detail/add_book__rosidl_typesupport_fastrtps_cpp.hpp
[0.583s] -- Up-to-date symlink: /home/azthorax/fra333_ws/install/my_first_package/include/my_first_package/msg/detail/num__rosidl_typesupport_fastrtps_cpp.hpp
[0.583s] -- Up-to-date symlink: /home/azthorax/fra333_ws/install/my_first_package/include/my_first_package/msg/detail/sphere__rosidl_typesupport_fastrtps_cpp.hpp
[0.583s] -- Up-to-date symlink: /home/azthorax/fra333_ws/install/my_first_package/include/my_first_package/msg/rosidl_typesupport_fastrtps_cpp__visibility_control.h
[0.583s] -- Up-to-date symlink: /home/azthorax/fra333_ws/install/my_first_package/include/my_first_package/srv/detail/ath_sum3__rosidl_typesupport_fastrtps_cpp.hpp
[0.583s] -- Up-to-date symlink: /home/azthorax/fra333_ws/install/my_first_package/include/my_first_package/srv/detail/ath_sum__rosidl_typesupport_fastrtps_cpp.hpp
[0.583s] -- Up-to-date symlink: /home/azthorax/fra333_ws/install/my_first_package/include/my_first_package/srv/detail/rand_goal__rosidl_typesupport_fastrtps_cpp.hpp
[0.584s] -- Up-to-date symlink: /home/azthorax/fra333_ws/install/my_first_package/include/my_first_package/srv/detail/set_goal__rosidl_typesupport_fastrtps_cpp.hpp
[0.584s] -- Up-to-date symlink: /home/azthorax/fra333_ws/install/my_first_package/include/my_first_package/srv/detail/set_noise__rosidl_typesupport_fastrtps_cpp.hpp
[0.584s] -- Up-to-date symlink: /home/azthorax/fra333_ws/install/my_first_package/lib/libmy_first_package__rosidl_typesupport_fastrtps_cpp.so
[0.584s] -- Up-to-date symlink: /home/azthorax/fra333_ws/install/my_first_package/include/my_first_package/action/detail/fibonacci__rosidl_typesupport_introspection_c.h
[0.584s] -- Up-to-date symlink: /home/azthorax/fra333_ws/install/my_first_package/include/my_first_package/msg/detail/add_book__rosidl_typesupport_introspection_c.h
[0.584s] -- Up-to-date symlink: /home/azthorax/fra333_ws/install/my_first_package/include/my_first_package/msg/detail/num__rosidl_typesupport_introspection_c.h
[0.585s] -- Up-to-date symlink: /home/azthorax/fra333_ws/install/my_first_package/include/my_first_package/msg/detail/sphere__rosidl_typesupport_introspection_c.h
[0.585s] -- Up-to-date symlink: /home/azthorax/fra333_ws/install/my_first_package/include/my_first_package/msg/rosidl_typesupport_introspection_c__visibility_control.h
[0.585s] -- Up-to-date symlink: /home/azthorax/fra333_ws/install/my_first_package/include/my_first_package/srv/detail/ath_sum3__rosidl_typesupport_introspection_c.h
[0.585s] -- Up-to-date symlink: /home/azthorax/fra333_ws/install/my_first_package/include/my_first_package/srv/detail/ath_sum__rosidl_typesupport_introspection_c.h
[0.587s] -- Up-to-date symlink: /home/azthorax/fra333_ws/install/my_first_package/include/my_first_package/srv/detail/rand_goal__rosidl_typesupport_introspection_c.h
[0.588s] -- Up-to-date symlink: /home/azthorax/fra333_ws/install/my_first_package/include/my_first_package/srv/detail/set_goal__rosidl_typesupport_introspection_c.h
[0.588s] -- Up-to-date symlink: /home/azthorax/fra333_ws/install/my_first_package/include/my_first_package/srv/detail/set_noise__rosidl_typesupport_introspection_c.h
[0.588s] -- Up-to-date symlink: /home/azthorax/fra333_ws/install/my_first_package/include/my_first_package/action/detail/fibonacci__builder.hpp
[0.589s] -- Up-to-date symlink: /home/azthorax/fra333_ws/install/my_first_package/include/my_first_package/action/detail/fibonacci__struct.hpp
[0.589s] -- Up-to-date symlink: /home/azthorax/fra333_ws/install/my_first_package/include/my_first_package/action/detail/fibonacci__traits.hpp
[0.589s] -- Up-to-date symlink: /home/azthorax/fra333_ws/install/my_first_package/include/my_first_package/action/fibonacci.hpp
[0.590s] -- Up-to-date symlink: /home/azthorax/fra333_ws/install/my_first_package/include/my_first_package/msg/add_book.hpp
[0.590s] -- Up-to-date symlink: /home/azthorax/fra333_ws/install/my_first_package/include/my_first_package/msg/detail/add_book__builder.hpp
[0.590s] -- Up-to-date symlink: /home/azthorax/fra333_ws/install/my_first_package/include/my_first_package/msg/detail/add_book__struct.hpp
[0.590s] -- Up-to-date symlink: /home/azthorax/fra333_ws/install/my_first_package/include/my_first_package/msg/detail/add_book__traits.hpp
[0.591s] -- Up-to-date symlink: /home/azthorax/fra333_ws/install/my_first_package/include/my_first_package/msg/detail/num__builder.hpp
[0.591s] -- Up-to-date symlink: /home/azthorax/fra333_ws/install/my_first_package/include/my_first_package/msg/detail/num__struct.hpp
[0.593s] -- Up-to-date symlink: /home/azthorax/fra333_ws/install/my_first_package/include/my_first_package/msg/detail/num__traits.hpp
[0.593s] -- Up-to-date symlink: /home/azthorax/fra333_ws/install/my_first_package/include/my_first_package/msg/detail/sphere__builder.hpp
[0.593s] -- Up-to-date symlink: /home/azthorax/fra333_ws/install/my_first_package/include/my_first_package/msg/detail/sphere__struct.hpp
[0.593s] -- Up-to-date symlink: /home/azthorax/fra333_ws/install/my_first_package/include/my_first_package/msg/detail/sphere__traits.hpp
[0.594s] -- Up-to-date symlink: /home/azthorax/fra333_ws/install/my_first_package/include/my_first_package/msg/num.hpp
[0.594s] -- Up-to-date symlink: /home/azthorax/fra333_ws/install/my_first_package/include/my_first_package/msg/sphere.hpp
[0.594s] -- Up-to-date symlink: /home/azthorax/fra333_ws/install/my_first_package/include/my_first_package/srv/ath_sum.hpp
[0.594s] -- Up-to-date symlink: /home/azthorax/fra333_ws/install/my_first_package/include/my_first_package/srv/ath_sum3.hpp
[0.594s] -- Up-to-date symlink: /home/azthorax/fra333_ws/install/my_first_package/include/my_first_package/srv/detail/ath_sum3__builder.hpp
[0.594s] -- Up-to-date symlink: /home/azthorax/fra333_ws/install/my_first_package/include/my_first_package/srv/detail/ath_sum3__struct.hpp
[0.595s] -- Up-to-date symlink: /home/azthorax/fra333_ws/install/my_first_package/include/my_first_package/srv/detail/ath_sum3__traits.hpp
[0.595s] -- Up-to-date symlink: /home/azthorax/fra333_ws/install/my_first_package/include/my_first_package/srv/detail/ath_sum__builder.hpp
[0.595s] -- Up-to-date symlink: /home/azthorax/fra333_ws/install/my_first_package/include/my_first_package/srv/detail/ath_sum__struct.hpp
[0.595s] -- Up-to-date symlink: /home/azthorax/fra333_ws/install/my_first_package/include/my_first_package/srv/detail/ath_sum__traits.hpp
[0.596s] -- Up-to-date symlink: /home/azthorax/fra333_ws/install/my_first_package/include/my_first_package/srv/detail/rand_goal__builder.hpp
[0.597s] -- Up-to-date symlink: /home/azthorax/fra333_ws/install/my_first_package/include/my_first_package/srv/detail/rand_goal__struct.hpp
[0.598s] -- Up-to-date symlink: /home/azthorax/fra333_ws/install/my_first_package/include/my_first_package/srv/detail/rand_goal__traits.hpp
[0.598s] -- Up-to-date symlink: /home/azthorax/fra333_ws/install/my_first_package/include/my_first_package/srv/detail/set_goal__builder.hpp
[0.598s] -- Up-to-date symlink: /home/azthorax/fra333_ws/install/my_first_package/include/my_first_package/srv/detail/set_goal__struct.hpp
[0.599s] -- Up-to-date symlink: /home/azthorax/fra333_ws/install/my_first_package/include/my_first_package/srv/detail/set_goal__traits.hpp
[0.599s] -- Up-to-date symlink: /home/azthorax/fra333_ws/install/my_first_package/include/my_first_package/srv/detail/set_noise__builder.hpp
[0.600s] -- Up-to-date symlink: /home/azthorax/fra333_ws/install/my_first_package/include/my_first_package/srv/detail/set_noise__struct.hpp
[0.600s] -- Up-to-date symlink: /home/azthorax/fra333_ws/install/my_first_package/include/my_first_package/srv/detail/set_noise__traits.hpp
[0.600s] -- Up-to-date symlink: /home/azthorax/fra333_ws/install/my_first_package/include/my_first_package/srv/rand_goal.hpp
[0.601s] -- Up-to-date symlink: /home/azthorax/fra333_ws/install/my_first_package/include/my_first_package/srv/set_goal.hpp
[0.601s] -- Up-to-date symlink: /home/azthorax/fra333_ws/install/my_first_package/include/my_first_package/srv/set_noise.hpp
[0.601s] -- Up-to-date symlink: /home/azthorax/fra333_ws/install/my_first_package/include/my_first_package/action/detail/fibonacci__rosidl_typesupport_introspection_cpp.hpp
[0.602s] -- Up-to-date symlink: /home/azthorax/fra333_ws/install/my_first_package/include/my_first_package/msg/detail/add_book__rosidl_typesupport_introspection_cpp.hpp
[0.606s] -- Up-to-date symlink: /home/azthorax/fra333_ws/install/my_first_package/include/my_first_package/msg/detail/num__rosidl_typesupport_introspection_cpp.hpp
[0.607s] -- Up-to-date symlink: /home/azthorax/fra333_ws/install/my_first_package/include/my_first_package/msg/detail/sphere__rosidl_typesupport_introspection_cpp.hpp
[0.607s] -- Up-to-date symlink: /home/azthorax/fra333_ws/install/my_first_package/include/my_first_package/srv/detail/ath_sum3__rosidl_typesupport_introspection_cpp.hpp
[0.607s] -- Up-to-date symlink: /home/azthorax/fra333_ws/install/my_first_package/include/my_first_package/srv/detail/ath_sum__rosidl_typesupport_introspection_cpp.hpp
[0.608s] -- Up-to-date symlink: /home/azthorax/fra333_ws/install/my_first_package/include/my_first_package/srv/detail/rand_goal__rosidl_typesupport_introspection_cpp.hpp
[0.608s] -- Up-to-date symlink: /home/azthorax/fra333_ws/install/my_first_package/include/my_first_package/srv/detail/set_goal__rosidl_typesupport_introspection_cpp.hpp
[0.609s] -- Up-to-date symlink: /home/azthorax/fra333_ws/install/my_first_package/include/my_first_package/srv/detail/set_noise__rosidl_typesupport_introspection_cpp.hpp
[0.609s] -- Symlinking: /home/azthorax/fra333_ws/install/my_first_package/lib/python3.8/site-packages/my_first_package/__init__.py
[0.610s] -- Up-to-date symlink: /home/azthorax/fra333_ws/install/my_first_package/lib/python3.8/site-packages/my_first_package/srv/__init__.py
[0.610s] -- Up-to-date symlink: /home/azthorax/fra333_ws/install/my_first_package/lib/python3.8/site-packages/my_first_package/srv/_ath_sum.py
[0.611s] -- Up-to-date symlink: /home/azthorax/fra333_ws/install/my_first_package/lib/python3.8/site-packages/my_first_package/srv/_ath_sum3.py
[0.611s] -- Up-to-date symlink: /home/azthorax/fra333_ws/install/my_first_package/lib/python3.8/site-packages/my_first_package/srv/_rand_goal.py
[0.612s] -- Up-to-date symlink: /home/azthorax/fra333_ws/install/my_first_package/lib/python3.8/site-packages/my_first_package/srv/_set_goal.py
[0.612s] -- Up-to-date symlink: /home/azthorax/fra333_ws/install/my_first_package/lib/python3.8/site-packages/my_first_package/srv/_set_noise.py
[0.612s] -- Up-to-date symlink: /home/azthorax/fra333_ws/install/my_first_package/lib/python3.8/site-packages/my_first_package/msg/__init__.py
[0.613s] -- Up-to-date symlink: /home/azthorax/fra333_ws/install/my_first_package/lib/python3.8/site-packages/my_first_package/msg/_add_book.py
[0.613s] -- Up-to-date symlink: /home/azthorax/fra333_ws/install/my_first_package/lib/python3.8/site-packages/my_first_package/msg/_num.py
[0.613s] -- Up-to-date symlink: /home/azthorax/fra333_ws/install/my_first_package/lib/python3.8/site-packages/my_first_package/msg/_sphere.py
[0.614s] -- Up-to-date symlink: /home/azthorax/fra333_ws/install/my_first_package/lib/python3.8/site-packages/my_first_package/action/__init__.py
[0.614s] -- Up-to-date symlink: /home/azthorax/fra333_ws/install/my_first_package/lib/python3.8/site-packages/my_first_package/action/_fibonacci.py
[0.614s] -- Up-to-date symlink: /home/azthorax/fra333_ws/install/my_first_package/lib/python3.8/site-packages/my_first_package/my_first_package_s__rosidl_typesupport_fastrtps_c.cpython-38-x86_64-linux-gnu.so
[0.614s] -- Up-to-date symlink: /home/azthorax/fra333_ws/install/my_first_package/lib/python3.8/site-packages/my_first_package/my_first_package_s__rosidl_typesupport_introspection_c.cpython-38-x86_64-linux-gnu.so
[0.614s] -- Up-to-date symlink: /home/azthorax/fra333_ws/install/my_first_package/lib/python3.8/site-packages/my_first_package/my_first_package_s__rosidl_typesupport_c.cpython-38-x86_64-linux-gnu.so
[0.614s] -- Up-to-date symlink: /home/azthorax/fra333_ws/install/my_first_package/lib/libmy_first_package__python.so
[0.614s] -- Up-to-date symlink: /home/azthorax/fra333_ws/install/my_first_package/share/my_first_package/srv/RandGoal.idl
[0.615s] -- Up-to-date symlink: /home/azthorax/fra333_ws/install/my_first_package/share/my_first_package/srv/SetGoal.idl
[0.615s] -- Up-to-date symlink: /home/azthorax/fra333_ws/install/my_first_package/share/my_first_package/srv/AthSum.idl
[0.615s] -- Up-to-date symlink: /home/azthorax/fra333_ws/install/my_first_package/share/my_first_package/msg/Num.idl
[0.615s] -- Up-to-date symlink: /home/azthorax/fra333_ws/install/my_first_package/share/my_first_package/msg/Sphere.idl
[0.615s] -- Up-to-date symlink: /home/azthorax/fra333_ws/install/my_first_package/share/my_first_package/msg/AddBook.idl
[0.615s] -- Up-to-date symlink: /home/azthorax/fra333_ws/install/my_first_package/share/my_first_package/srv/AthSum3.idl
[0.615s] -- Up-to-date symlink: /home/azthorax/fra333_ws/install/my_first_package/share/my_first_package/srv/SetNoise.idl
[0.615s] -- Up-to-date symlink: /home/azthorax/fra333_ws/install/my_first_package/share/my_first_package/action/Fibonacci.idl
[0.616s] -- Up-to-date symlink: /home/azthorax/fra333_ws/install/my_first_package/share/my_first_package/srv/RandGoal.srv
[0.616s] -- Up-to-date symlink: /home/azthorax/fra333_ws/install/my_first_package/share/my_first_package/srv/RandGoal_Request.msg
[0.616s] -- Up-to-date symlink: /home/azthorax/fra333_ws/install/my_first_package/share/my_first_package/srv/RandGoal_Response.msg
[0.616s] -- Up-to-date symlink: /home/azthorax/fra333_ws/install/my_first_package/share/my_first_package/srv/SetGoal.srv
[0.616s] -- Up-to-date symlink: /home/azthorax/fra333_ws/install/my_first_package/share/my_first_package/srv/SetGoal_Request.msg
[0.616s] -- Up-to-date symlink: /home/azthorax/fra333_ws/install/my_first_package/share/my_first_package/srv/SetGoal_Response.msg
[0.616s] -- Up-to-date symlink: /home/azthorax/fra333_ws/install/my_first_package/share/my_first_package/srv/AthSum.srv
[0.616s] -- Up-to-date symlink: /home/azthorax/fra333_ws/install/my_first_package/share/my_first_package/srv/AthSum_Request.msg
[0.616s] -- Up-to-date symlink: /home/azthorax/fra333_ws/install/my_first_package/share/my_first_package/srv/AthSum_Response.msg
[0.616s] -- Up-to-date symlink: /home/azthorax/fra333_ws/install/my_first_package/share/my_first_package/msg/Num.msg
[0.616s] -- Up-to-date symlink: /home/azthorax/fra333_ws/install/my_first_package/share/my_first_package/msg/Sphere.msg
[0.616s] -- Up-to-date symlink: /home/azthorax/fra333_ws/install/my_first_package/share/my_first_package/msg/AddBook.msg
[0.616s] -- Up-to-date symlink: /home/azthorax/fra333_ws/install/my_first_package/share/my_first_package/srv/AthSum3.srv
[0.616s] -- Up-to-date symlink: /home/azthorax/fra333_ws/install/my_first_package/share/my_first_package/srv/AthSum3_Request.msg
[0.616s] -- Up-to-date symlink: /home/azthorax/fra333_ws/install/my_first_package/share/my_first_package/srv/AthSum3_Response.msg
[0.616s] -- Up-to-date symlink: /home/azthorax/fra333_ws/install/my_first_package/share/my_first_package/srv/SetNoise.srv
[0.617s] -- Up-to-date symlink: /home/azthorax/fra333_ws/install/my_first_package/share/my_first_package/srv/SetNoise_Request.msg
[0.617s] -- Up-to-date symlink: /home/azthorax/fra333_ws/install/my_first_package/share/my_first_package/srv/SetNoise_Response.msg
[0.617s] -- Up-to-date symlink: /home/azthorax/fra333_ws/install/my_first_package/share/my_first_package/action/Fibonacci.action
[0.617s] -- Up-to-date symlink: /home/azthorax/fra333_ws/install/my_first_package/share/my_first_package/meshes/STL_with_orgin.zip
[0.617s] -- Up-to-date symlink: /home/azthorax/fra333_ws/install/my_first_package/share/my_first_package/meshes/base_link.stl
[0.617s] -- Up-to-date symlink: /home/azthorax/fra333_ws/install/my_first_package/share/my_first_package/meshes/end_effector.stl
[0.617s] -- Up-to-date symlink: /home/azthorax/fra333_ws/install/my_first_package/share/my_first_package/meshes/link_0.stl
[0.617s] -- Up-to-date symlink: /home/azthorax/fra333_ws/install/my_first_package/share/my_first_package/meshes/link_1.stl
[0.617s] -- Up-to-date symlink: /home/azthorax/fra333_ws/install/my_first_package/share/my_first_package/meshes/link_2.stl
[0.617s] -- Up-to-date symlink: /home/azthorax/fra333_ws/install/my_first_package/share/my_first_package/meshes/link_3.stl
[0.617s] -- Up-to-date symlink: /home/azthorax/fra333_ws/install/my_first_package/share/my_first_package/launch/02_via_point_follower.launch.py
[0.617s] -- Up-to-date symlink: /home/azthorax/fra333_ws/install/my_first_package/share/my_first_package/launch/04_robot_state_publisher.launch.py
[0.617s] -- Up-to-date symlink: /home/azthorax/fra333_ws/install/my_first_package/share/my_first_package/launch/athsamplelaunch.py
[0.617s] -- Up-to-date symlink: /home/azthorax/fra333_ws/install/my_first_package/share/my_first_package/launch/hwdemolaunch.py
[0.617s] -- Up-to-date symlink: /home/azthorax/fra333_ws/install/my_first_package/share/my_first_package/urdf/cocoa.urdf.xml
[0.617s] -- Up-to-date symlink: /home/azthorax/fra333_ws/install/my_first_package/share/my_first_package/urdf/myrobot.urdf.xml
[0.617s] -- Up-to-date symlink: /home/azthorax/fra333_ws/install/my_first_package/share/my_first_package/urdf/r2d2.urdf.xml
[0.617s] -- Up-to-date symlink: /home/azthorax/fra333_ws/install/my_first_package/share/my_first_package/rviz/r2d2.rviz
[0.618s] -- Up-to-date symlink: /home/azthorax/fra333_ws/install/my_first_package/share/ament_index/resource_index/package_run_dependencies/my_first_package
[0.618s] -- Up-to-date symlink: /home/azthorax/fra333_ws/install/my_first_package/share/ament_index/resource_index/parent_prefix_path/my_first_package
[0.618s] -- Up-to-date symlink: /home/azthorax/fra333_ws/install/my_first_package/share/my_first_package/environment/ament_prefix_path.sh
[0.618s] -- Up-to-date symlink: /home/azthorax/fra333_ws/install/my_first_package/share/my_first_package/environment/ament_prefix_path.dsv
[0.618s] -- Up-to-date symlink: /home/azthorax/fra333_ws/install/my_first_package/share/my_first_package/environment/path.sh
[0.618s] -- Up-to-date symlink: /home/azthorax/fra333_ws/install/my_first_package/share/my_first_package/environment/path.dsv
[0.618s] -- Up-to-date symlink: /home/azthorax/fra333_ws/install/my_first_package/share/my_first_package/local_setup.bash
[0.618s] -- Up-to-date symlink: /home/azthorax/fra333_ws/install/my_first_package/share/my_first_package/local_setup.sh
[0.618s] -- Up-to-date symlink: /home/azthorax/fra333_ws/install/my_first_package/share/my_first_package/local_setup.zsh
[0.618s] -- Up-to-date symlink: /home/azthorax/fra333_ws/install/my_first_package/share/my_first_package/local_setup.dsv
[0.619s] -- Symlinking: /home/azthorax/fra333_ws/install/my_first_package/share/my_first_package/package.dsv
[0.627s] -- Up-to-date symlink: /home/azthorax/fra333_ws/install/my_first_package/share/ament_index/resource_index/packages/my_first_package
[0.627s] -- Up-to-date symlink: /home/azthorax/fra333_ws/install/my_first_package/share/my_first_package/cmake/rosidl_cmake-extras.cmake
[0.628s] -- Up-to-date symlink: /home/azthorax/fra333_ws/install/my_first_package/share/my_first_package/cmake/ament_cmake_export_dependencies-extras.cmake
[0.628s] -- Up-to-date symlink: /home/azthorax/fra333_ws/install/my_first_package/share/my_first_package/cmake/ament_cmake_export_libraries-extras.cmake
[0.629s] -- Up-to-date symlink: /home/azthorax/fra333_ws/install/my_first_package/share/my_first_package/cmake/ament_cmake_export_targets-extras.cmake
[0.629s] -- Up-to-date symlink: /home/azthorax/fra333_ws/install/my_first_package/share/my_first_package/cmake/ament_cmake_export_include_directories-extras.cmake
[0.630s] -- Up-to-date symlink: /home/azthorax/fra333_ws/install/my_first_package/share/my_first_package/cmake/rosidl_cmake_export_typesupport_libraries-extras.cmake
[0.630s] -- Up-to-date symlink: /home/azthorax/fra333_ws/install/my_first_package/share/my_first_package/cmake/rosidl_cmake_export_typesupport_targets-extras.cmake
[0.631s] -- Up-to-date symlink: /home/azthorax/fra333_ws/install/my_first_package/share/my_first_package/cmake/my_first_packageConfig.cmake
[0.631s] -- Up-to-date symlink: /home/azthorax/fra333_ws/install/my_first_package/share/my_first_package/cmake/my_first_packageConfig-version.cmake
[0.632s] -- Up-to-date symlink: /home/azthorax/fra333_ws/install/my_first_package/share/my_first_package/package.xml
[0.664s] Listing '/home/azthorax/fra333_ws/install/my_first_package/lib/python3.8/site-packages/my_first_package'...
[0.665s] Listing '/home/azthorax/fra333_ws/install/my_first_package/lib/python3.8/site-packages/my_first_package/action'...
[0.665s] Listing '/home/azthorax/fra333_ws/install/my_first_package/lib/python3.8/site-packages/my_first_package/msg'...
[0.665s] Listing '/home/azthorax/fra333_ws/install/my_first_package/lib/python3.8/site-packages/my_first_package/srv'...
[0.669s] -- Up-to-date: /home/azthorax/fra333_ws/install/my_first_package/lib/libmy_first_package__rosidl_generator_c.so
[0.669s] -- Up-to-date: /home/azthorax/fra333_ws/install/my_first_package/lib/libmy_first_package__rosidl_typesupport_introspection_c.so
[0.670s] -- Up-to-date: /home/azthorax/fra333_ws/install/my_first_package/lib/libmy_first_package__rosidl_typesupport_c.so
[0.670s] -- Up-to-date: /home/azthorax/fra333_ws/install/my_first_package/lib/libmy_first_package__rosidl_typesupport_introspection_cpp.so
[0.671s] -- Up-to-date: /home/azthorax/fra333_ws/install/my_first_package/lib/libmy_first_package__rosidl_typesupport_cpp.so
[0.707s] -- Up-to-date: /home/azthorax/fra333_ws/install/my_first_package/share/my_first_package/cmake/my_first_package__rosidl_generator_cExport.cmake
[0.707s] -- Up-to-date: /home/azthorax/fra333_ws/install/my_first_package/share/my_first_package/cmake/my_first_package__rosidl_generator_cExport-noconfig.cmake
[0.707s] -- Up-to-date: /home/azthorax/fra333_ws/install/my_first_package/share/my_first_package/cmake/my_first_package__rosidl_typesupport_introspection_cExport.cmake
[0.708s] -- Up-to-date: /home/azthorax/fra333_ws/install/my_first_package/share/my_first_package/cmake/my_first_package__rosidl_typesupport_introspection_cExport-noconfig.cmake
[0.708s] -- Up-to-date: /home/azthorax/fra333_ws/install/my_first_package/share/my_first_package/cmake/my_first_package__rosidl_typesupport_cExport.cmake
[0.708s] -- Up-to-date: /home/azthorax/fra333_ws/install/my_first_package/share/my_first_package/cmake/my_first_package__rosidl_typesupport_cExport-noconfig.cmake
[0.708s] -- Up-to-date: /home/azthorax/fra333_ws/install/my_first_package/share/my_first_package/cmake/my_first_package__rosidl_generator_cppExport.cmake
[0.708s] -- Up-to-date: /home/azthorax/fra333_ws/install/my_first_package/share/my_first_package/cmake/my_first_package__rosidl_typesupport_introspection_cppExport.cmake
[0.709s] -- Up-to-date: /home/azthorax/fra333_ws/install/my_first_package/share/my_first_package/cmake/my_first_package__rosidl_typesupport_introspection_cppExport-noconfig.cmake
[0.709s] -- Up-to-date: /home/azthorax/fra333_ws/install/my_first_package/share/my_first_package/cmake/my_first_package__rosidl_typesupport_cppExport.cmake
[0.709s] -- Up-to-date: /home/azthorax/fra333_ws/install/my_first_package/share/my_first_package/cmake/my_first_package__rosidl_typesupport_cppExport-noconfig.cmake
[0.712s] Invoked command in '/home/azthorax/fra333_ws/build/my_first_package' returned '0': CMAKE_PREFIX_PATH=${CMAKE_PREFIX_PATH}:/opt/ros/foxy /usr/bin/cmake --install /home/azthorax/fra333_ws/build/my_first_package
