[0.073s] Invoking command in '/home/azthorax/fra333_ws/build/fra333_lab1_25': CMAKE_PREFIX_PATH=/opt/ros/foxy /usr/bin/cmake /home/azthorax/fra333_ws/src/fra333_lab1_25/fra333_lab1_25 -DAMENT_CMAKE_SYMLINK_INSTALL=1 -DCMAKE_INSTALL_PREFIX=/home/azthorax/fra333_ws/install/fra333_lab1_25
[0.164s] -- The C compiler identification is GNU 9.4.0
[0.225s] -- The CXX compiler identification is GNU 9.4.0
[0.232s] -- Check for working C compiler: /usr/bin/cc
[0.321s] -- Check for working C compiler: /usr/bin/cc -- works
[0.324s] -- Detecting C compiler ABI info
[0.405s] -- Detecting C compiler ABI info - done
[0.419s] -- Detecting C compile features
[0.419s] -- Detecting C compile features - done
[0.421s] -- Check for working CXX compiler: /usr/bin/c++
[0.517s] -- Check for working CXX compiler: /usr/bin/c++ -- works
[0.518s] -- Detecting CXX compiler ABI info
[0.616s] -- Detecting CXX compiler ABI info - done
[0.627s] -- Detecting CXX compile features
[0.627s] -- Detecting CXX compile features - done
[0.629s] -- Found rosidl_default_generators: 1.0.1 (/opt/ros/foxy/share/rosidl_default_generators/cmake)
[0.630s] -- Found ament_cmake_core: 0.9.11 (/opt/ros/foxy/share/ament_cmake_core/cmake)
[0.657s] -- Found PythonInterp: /usr/bin/python3 (found suitable version "3.8.10", minimum required is "3") 
[0.657s] -- Using PYTHON_EXECUTABLE: /usr/bin/python3
[0.934s] -- Override CMake install command with custom implementation using symlinks instead of copying resources
[0.940s] -- Using all available rosidl_typesupport_c: rosidl_typesupport_fastrtps_c;rosidl_typesupport_introspection_c
[0.949s] -- Found rosidl_adapter: 1.3.0 (/opt/ros/foxy/share/rosidl_adapter/cmake)
[1.076s] -- Found OpenSSL: /usr/lib/x86_64-linux-gnu/libcrypto.so (found version "1.1.1f")  
[1.105s] -- Found FastRTPS: /opt/ros/foxy/include  
[1.200s] -- Using all available rosidl_typesupport_cpp: rosidl_typesupport_fastrtps_cpp;rosidl_typesupport_introspection_cpp
[1.234s] -- Found geometry_msgs: 2.0.5 (/opt/ros/foxy/share/geometry_msgs/cmake)
[1.331s] -- Found rclcpp: 2.4.2 (/opt/ros/foxy/share/rclcpp/cmake)
[1.381s] -- Found rmw_implementation_cmake: 1.0.3 (/opt/ros/foxy/share/rmw_implementation_cmake/cmake)
[1.382s] -- Using RMW implementation 'rmw_fastrtps_cpp' as default
[1.383s] -- Looking for pthread.h
[1.468s] -- Looking for pthread.h - found
[1.469s] -- Performing Test CMAKE_HAVE_LIBC_PTHREAD
[1.552s] -- Performing Test CMAKE_HAVE_LIBC_PTHREAD - Failed
[1.553s] -- Looking for pthread_create in pthreads
[1.613s] -- Looking for pthread_create in pthreads - not found
[1.613s] -- Looking for pthread_create in pthread
[1.689s] -- Looking for pthread_create in pthread - found
[1.690s] -- Found Threads: TRUE  
[1.851s] -- Found rclpy: 1.0.11 (/opt/ros/foxy/share/rclpy/cmake)
[1.952s] -- Configuring done
[1.957s] -- Generating done
[1.958s] -- Build files have been written to: /home/azthorax/fra333_ws/build/fra333_lab1_25
[1.967s] Invoked command in '/home/azthorax/fra333_ws/build/fra333_lab1_25' returned '0': CMAKE_PREFIX_PATH=/opt/ros/foxy /usr/bin/cmake /home/azthorax/fra333_ws/src/fra333_lab1_25/fra333_lab1_25 -DAMENT_CMAKE_SYMLINK_INSTALL=1 -DCMAKE_INSTALL_PREFIX=/home/azthorax/fra333_ws/install/fra333_lab1_25
[1.970s] Invoking command in '/home/azthorax/fra333_ws/build/fra333_lab1_25': CMAKE_PREFIX_PATH=/opt/ros/foxy /usr/bin/cmake --build /home/azthorax/fra333_ws/build/fra333_lab1_25 -- -j12 -l12
[2.014s] Invoked command in '/home/azthorax/fra333_ws/build/fra333_lab1_25' returned '0': CMAKE_PREFIX_PATH=/opt/ros/foxy /usr/bin/cmake --build /home/azthorax/fra333_ws/build/fra333_lab1_25 -- -j12 -l12
[2.043s] Invoking command in '/home/azthorax/fra333_ws/build/fra333_lab1_25': CMAKE_PREFIX_PATH=/opt/ros/foxy /usr/bin/cmake --install /home/azthorax/fra333_ws/build/fra333_lab1_25
[2.056s] -- Install configuration: ""
[2.056s] -- Execute custom install script
[2.057s] -- Symlinking: /home/azthorax/fra333_ws/install/fra333_lab1_25/share/fra333_lab1_25/environment/pythonpath.sh
[2.068s] -- Symlinking: /home/azthorax/fra333_ws/install/fra333_lab1_25/share/fra333_lab1_25/environment/pythonpath.dsv
[2.080s] -- Symlinking: /home/azthorax/fra333_ws/install/fra333_lab1_25/lib/python3.8/site-packages/fra333_lab1_25/__init__.py
[2.091s] -- Symlinking: /home/azthorax/fra333_ws/install/fra333_lab1_25/lib/fra333_lab1_25/noise_generator.py
[2.102s] -- Symlinking: /home/azthorax/fra333_ws/install/fra333_lab1_25/lib/fra333_lab1_25/velocity_mux.py
[2.113s] -- Symlinking: /home/azthorax/fra333_ws/install/fra333_lab1_25/share/fra333_lab1_25/launch/random_walk.launch.py
[2.124s] -- Symlinking: /home/azthorax/fra333_ws/install/fra333_lab1_25/share/ament_index/resource_index/package_run_dependencies/fra333_lab1_25
[2.136s] -- Symlinking: /home/azthorax/fra333_ws/install/fra333_lab1_25/share/ament_index/resource_index/parent_prefix_path/fra333_lab1_25
[2.146s] -- Symlinking: /home/azthorax/fra333_ws/install/fra333_lab1_25/share/fra333_lab1_25/environment/ament_prefix_path.sh
[2.159s] -- Symlinking: /home/azthorax/fra333_ws/install/fra333_lab1_25/share/fra333_lab1_25/environment/ament_prefix_path.dsv
[2.170s] -- Symlinking: /home/azthorax/fra333_ws/install/fra333_lab1_25/share/fra333_lab1_25/environment/path.sh
[2.179s] -- Symlinking: /home/azthorax/fra333_ws/install/fra333_lab1_25/share/fra333_lab1_25/environment/path.dsv
[2.189s] -- Symlinking: /home/azthorax/fra333_ws/install/fra333_lab1_25/share/fra333_lab1_25/local_setup.bash
[2.201s] -- Symlinking: /home/azthorax/fra333_ws/install/fra333_lab1_25/share/fra333_lab1_25/local_setup.sh
[2.211s] -- Symlinking: /home/azthorax/fra333_ws/install/fra333_lab1_25/share/fra333_lab1_25/local_setup.zsh
[2.222s] -- Symlinking: /home/azthorax/fra333_ws/install/fra333_lab1_25/share/fra333_lab1_25/local_setup.dsv
[2.233s] -- Symlinking: /home/azthorax/fra333_ws/install/fra333_lab1_25/share/fra333_lab1_25/package.dsv
[2.244s] -- Symlinking: /home/azthorax/fra333_ws/install/fra333_lab1_25/share/ament_index/resource_index/packages/fra333_lab1_25
[2.256s] -- Symlinking: /home/azthorax/fra333_ws/install/fra333_lab1_25/share/fra333_lab1_25/cmake/fra333_lab1_25Config.cmake
[2.267s] -- Symlinking: /home/azthorax/fra333_ws/install/fra333_lab1_25/share/fra333_lab1_25/cmake/fra333_lab1_25Config-version.cmake
[2.276s] -- Symlinking: /home/azthorax/fra333_ws/install/fra333_lab1_25/share/fra333_lab1_25/package.xml
[2.328s] Listing '/home/azthorax/fra333_ws/install/fra333_lab1_25/lib/python3.8/site-packages/fra333_lab1_25'...
[2.328s] Compiling '/home/azthorax/fra333_ws/install/fra333_lab1_25/lib/python3.8/site-packages/fra333_lab1_25/__init__.py'...
[2.367s] Invoked command in '/home/azthorax/fra333_ws/build/fra333_lab1_25' returned '0': CMAKE_PREFIX_PATH=/opt/ros/foxy /usr/bin/cmake --install /home/azthorax/fra333_ws/build/fra333_lab1_25
