[0.024s] Invoking command in '/home/azthorax/fra333_ws/build/dummy': CMAKE_PREFIX_PATH=${CMAKE_PREFIX_PATH}:/opt/ros/foxy /usr/bin/cmake /home/azthorax/fra333_ws/src/dummy -DCMAKE_INSTALL_PREFIX=/home/azthorax/fra333_ws/install/dummy
[0.143s] -- The C compiler identification is GNU 9.4.0
[0.246s] -- The CXX compiler identification is GNU 9.4.0
[0.251s] -- Check for working C compiler: /usr/bin/cc
[0.339s] -- Check for working C compiler: /usr/bin/cc -- works
[0.341s] -- Detecting C compiler ABI info
[0.425s] -- Detecting C compiler ABI info - done
[0.436s] -- Detecting C compile features
[0.436s] -- Detecting C compile features - done
[0.440s] -- Check for working CXX compiler: /usr/bin/c++
[0.539s] -- Check for working CXX compiler: /usr/bin/c++ -- works
[0.542s] -- Detecting CXX compiler ABI info
[0.638s] -- Detecting CXX compiler ABI info - done
[0.653s] -- Detecting CXX compile features
[0.653s] -- Detecting CXX compile features - done
[0.658s] -- Found ament_cmake: 0.9.9 (/opt/ros/foxy/share/ament_cmake/cmake)
[0.688s] -- Found PythonInterp: /usr/bin/python3 (found suitable version "3.8.10", minimum required is "3") 
[0.688s] -- Using PYTHON_EXECUTABLE: /usr/bin/python3
[0.893s] -- Found rclcpp: 2.4.1 (/opt/ros/foxy/share/rclcpp/cmake)
[0.947s] -- Using all available rosidl_typesupport_c: rosidl_typesupport_fastrtps_c;rosidl_typesupport_introspection_c
[0.954s] -- Found rosidl_adapter: 1.2.1 (/opt/ros/foxy/share/rosidl_adapter/cmake)
[1.044s] -- Found OpenSSL: /usr/lib/x86_64-linux-gnu/libcrypto.so (found version "1.1.1f")  
[1.076s] -- Found FastRTPS: /opt/ros/foxy/include  
[1.151s] -- Using all available rosidl_typesupport_cpp: rosidl_typesupport_fastrtps_cpp;rosidl_typesupport_introspection_cpp
[1.217s] -- Found rmw_implementation_cmake: 1.0.3 (/opt/ros/foxy/share/rmw_implementation_cmake/cmake)
[1.218s] -- Using RMW implementation 'rmw_fastrtps_cpp' as default
[1.219s] -- Looking for pthread.h
[1.311s] -- Looking for pthread.h - found
[1.311s] -- Performing Test CMAKE_HAVE_LIBC_PTHREAD
[1.398s] -- Performing Test CMAKE_HAVE_LIBC_PTHREAD - Failed
[1.398s] -- Looking for pthread_create in pthreads
[1.481s] -- Looking for pthread_create in pthreads - not found
[1.481s] -- Looking for pthread_create in pthread
[1.553s] -- Looking for pthread_create in pthread - found
[1.555s] -- Found Threads: TRUE  
[1.713s] -- Found rclpy: 1.0.8 (/opt/ros/foxy/share/rclpy/cmake)
[1.801s] -- Configuring done
[1.807s] -- Generating done
[1.808s] -- Build files have been written to: /home/azthorax/fra333_ws/build/dummy
[1.813s] Invoked command in '/home/azthorax/fra333_ws/build/dummy' returned '0': CMAKE_PREFIX_PATH=${CMAKE_PREFIX_PATH}:/opt/ros/foxy /usr/bin/cmake /home/azthorax/fra333_ws/src/dummy -DCMAKE_INSTALL_PREFIX=/home/azthorax/fra333_ws/install/dummy
[1.817s] Invoking command in '/home/azthorax/fra333_ws/build/dummy': CMAKE_PREFIX_PATH=${CMAKE_PREFIX_PATH}:/opt/ros/foxy /usr/bin/cmake --build /home/azthorax/fra333_ws/build/dummy -- -j12 -l12
[1.875s] [35m[1mScanning dependencies of target cpp_node_test[0m
[1.890s] [ 50%] [32mBuilding CXX object CMakeFiles/cpp_node_test.dir/src/cpp_node.cpp.o[0m
[2.119s] [100%] [32m[1mLinking CXX executable cpp_node_test[0m
[2.225s] [100%] Built target cpp_node_test
[2.233s] Invoked command in '/home/azthorax/fra333_ws/build/dummy' returned '0': CMAKE_PREFIX_PATH=${CMAKE_PREFIX_PATH}:/opt/ros/foxy /usr/bin/cmake --build /home/azthorax/fra333_ws/build/dummy -- -j12 -l12
[2.282s] Invoking command in '/home/azthorax/fra333_ws/build/dummy': CMAKE_PREFIX_PATH=${CMAKE_PREFIX_PATH}:/opt/ros/foxy /usr/bin/cmake --install /home/azthorax/fra333_ws/build/dummy
[2.296s] -- Install configuration: ""
[2.297s] -- Installing: /home/azthorax/fra333_ws/install/dummy/share/dummy/environment/pythonpath.sh
[2.297s] -- Installing: /home/azthorax/fra333_ws/install/dummy/share/dummy/environment/pythonpath.dsv
[2.297s] -- Installing: /home/azthorax/fra333_ws/install/dummy/lib/python3.8/site-packages/dummy
[2.298s] -- Installing: /home/azthorax/fra333_ws/install/dummy/lib/python3.8/site-packages/dummy/dummy_module.py
[2.298s] -- Installing: /home/azthorax/fra333_ws/install/dummy/lib/python3.8/site-packages/dummy/__init__.py
[2.328s] Listing '/home/azthorax/fra333_ws/install/dummy/lib/python3.8/site-packages/dummy'...
[2.328s] Compiling '/home/azthorax/fra333_ws/install/dummy/lib/python3.8/site-packages/dummy/__init__.py'...
[2.329s] Compiling '/home/azthorax/fra333_ws/install/dummy/lib/python3.8/site-packages/dummy/dummy_module.py'...
[2.332s] -- Installing: /home/azthorax/fra333_ws/install/dummy/lib/dummy/dummy_script.py
[2.332s] -- Installing: /home/azthorax/fra333_ws/install/dummy/lib/dummy/cpp_node_test
[2.333s] -- Set runtime path of "/home/azthorax/fra333_ws/install/dummy/lib/dummy/cpp_node_test" to ""
[2.333s] -- Up-to-date: /home/azthorax/fra333_ws/install/dummy/share/dummy
[2.333s] -- Installing: /home/azthorax/fra333_ws/install/dummy/share/ament_index/resource_index/package_run_dependencies/dummy
[2.334s] -- Installing: /home/azthorax/fra333_ws/install/dummy/share/ament_index/resource_index/parent_prefix_path/dummy
[2.334s] -- Installing: /home/azthorax/fra333_ws/install/dummy/share/dummy/environment/ament_prefix_path.sh
[2.334s] -- Installing: /home/azthorax/fra333_ws/install/dummy/share/dummy/environment/ament_prefix_path.dsv
[2.335s] -- Installing: /home/azthorax/fra333_ws/install/dummy/share/dummy/environment/path.sh
[2.335s] -- Installing: /home/azthorax/fra333_ws/install/dummy/share/dummy/environment/path.dsv
[2.335s] -- Installing: /home/azthorax/fra333_ws/install/dummy/share/dummy/local_setup.bash
[2.335s] -- Installing: /home/azthorax/fra333_ws/install/dummy/share/dummy/local_setup.sh
[2.336s] -- Installing: /home/azthorax/fra333_ws/install/dummy/share/dummy/local_setup.zsh
[2.336s] -- Installing: /home/azthorax/fra333_ws/install/dummy/share/dummy/local_setup.dsv
[2.336s] -- Installing: /home/azthorax/fra333_ws/install/dummy/share/dummy/package.dsv
[2.337s] -- Installing: /home/azthorax/fra333_ws/install/dummy/share/ament_index/resource_index/packages/dummy
[2.337s] -- Installing: /home/azthorax/fra333_ws/install/dummy/share/dummy/cmake/dummyConfig.cmake
[2.337s] -- Installing: /home/azthorax/fra333_ws/install/dummy/share/dummy/cmake/dummyConfig-version.cmake
[2.338s] -- Installing: /home/azthorax/fra333_ws/install/dummy/share/dummy/package.xml
[2.341s] Invoked command in '/home/azthorax/fra333_ws/build/dummy' returned '0': CMAKE_PREFIX_PATH=${CMAKE_PREFIX_PATH}:/opt/ros/foxy /usr/bin/cmake --install /home/azthorax/fra333_ws/build/dummy
