[0.091s] Invoking command in '/home/azthorax/fra333_ws/build/cocoa_description': CMAKE_PREFIX_PATH=${CMAKE_PREFIX_PATH}:/opt/ros/foxy /usr/bin/cmake /home/azthorax/fra333_ws/src/fra333_lab2_25_v1/cocoa_description -DCMAKE_INSTALL_PREFIX=/home/azthorax/fra333_ws/install/cocoa_description
[0.142s] -- Found ament_cmake: 0.9.11 (/opt/ros/foxy/share/ament_cmake/cmake)
[0.143s] -- Using PYTHON_EXECUTABLE: /usr/bin/python3
[0.425s] -- Override CMake install command with custom implementation using symlinks instead of copying resources
[0.439s] -- Found rclcpp: 2.4.2 (/opt/ros/foxy/share/rclcpp/cmake)
[0.501s] -- Using all available rosidl_typesupport_c: rosidl_typesupport_fastrtps_c;rosidl_typesupport_introspection_c
[0.505s] -- Found rosidl_adapter: 1.3.0 (/opt/ros/foxy/share/rosidl_adapter/cmake)
[0.689s] -- Using all available rosidl_typesupport_cpp: rosidl_typesupport_fastrtps_cpp;rosidl_typesupport_introspection_cpp
[0.781s] -- Found rmw_implementation_cmake: 1.0.3 (/opt/ros/foxy/share/rmw_implementation_cmake/cmake)
[0.783s] -- Using RMW implementation 'rmw_fastrtps_cpp' as default
[0.944s] -- Found rclpy: 1.0.11 (/opt/ros/foxy/share/rclpy/cmake)
[1.036s] -- Configuring done
[1.041s] -- Generating done
[1.044s] -- Build files have been written to: /home/azthorax/fra333_ws/build/cocoa_description
[1.061s] Invoked command in '/home/azthorax/fra333_ws/build/cocoa_description' returned '0': CMAKE_PREFIX_PATH=${CMAKE_PREFIX_PATH}:/opt/ros/foxy /usr/bin/cmake /home/azthorax/fra333_ws/src/fra333_lab2_25_v1/cocoa_description -DCMAKE_INSTALL_PREFIX=/home/azthorax/fra333_ws/install/cocoa_description
[1.062s] Invoking command in '/home/azthorax/fra333_ws/build/cocoa_description': CMAKE_PREFIX_PATH=${CMAKE_PREFIX_PATH}:/opt/ros/foxy /usr/bin/cmake --build /home/azthorax/fra333_ws/build/cocoa_description -- -j12 -l12
[1.153s] Invoked command in '/home/azthorax/fra333_ws/build/cocoa_description' returned '0': CMAKE_PREFIX_PATH=${CMAKE_PREFIX_PATH}:/opt/ros/foxy /usr/bin/cmake --build /home/azthorax/fra333_ws/build/cocoa_description -- -j12 -l12
[1.218s] Invoking command in '/home/azthorax/fra333_ws/build/cocoa_description': CMAKE_PREFIX_PATH=${CMAKE_PREFIX_PATH}:/opt/ros/foxy /usr/bin/cmake --install /home/azthorax/fra333_ws/build/cocoa_description
[1.230s] -- Install configuration: ""
[1.231s] -- Execute custom install script
[1.231s] -- Up-to-date symlink: /home/azthorax/fra333_ws/install/cocoa_description/share/cocoa_description/environment/pythonpath.sh
[1.233s] -- Up-to-date symlink: /home/azthorax/fra333_ws/install/cocoa_description/share/cocoa_description/environment/pythonpath.dsv
[1.234s] -- Up-to-date symlink: /home/azthorax/fra333_ws/install/cocoa_description/lib/python3.8/site-packages/cocoa_description/__init__.py
[1.234s] -- Up-to-date symlink: /home/azthorax/fra333_ws/install/cocoa_description/lib/python3.8/site-packages/cocoa_description/cocoa_module.py
[1.235s] -- Up-to-date symlink: /home/azthorax/fra333_ws/install/cocoa_description/lib/cocoa_description/cocoa_script.py
[1.238s] -- Up-to-date symlink: /home/azthorax/fra333_ws/install/cocoa_description/share/cocoa_description/meshes/base_link.stl
[1.239s] -- Up-to-date symlink: /home/azthorax/fra333_ws/install/cocoa_description/share/cocoa_description/meshes/end_effector.stl
[1.240s] -- Up-to-date symlink: /home/azthorax/fra333_ws/install/cocoa_description/share/cocoa_description/meshes/link_0.stl
[1.240s] -- Up-to-date symlink: /home/azthorax/fra333_ws/install/cocoa_description/share/cocoa_description/meshes/link_1.stl
[1.240s] -- Up-to-date symlink: /home/azthorax/fra333_ws/install/cocoa_description/share/cocoa_description/meshes/link_2.stl
[1.240s] -- Up-to-date symlink: /home/azthorax/fra333_ws/install/cocoa_description/share/cocoa_description/meshes/link_3.stl
[1.241s] -- Up-to-date symlink: /home/azthorax/fra333_ws/install/cocoa_description/share/cocoa_description/robot/cocoa.urdf.xacro
[1.241s] -- Up-to-date symlink: /home/azthorax/fra333_ws/install/cocoa_description/share/cocoa_description/launch/display.launch.py
[1.241s] -- Up-to-date symlink: /home/azthorax/fra333_ws/install/cocoa_description/share/cocoa_description/config/cocoa.rviz
[1.241s] -- Up-to-date symlink: /home/azthorax/fra333_ws/install/cocoa_description/share/ament_index/resource_index/package_run_dependencies/cocoa_description
[1.241s] -- Up-to-date symlink: /home/azthorax/fra333_ws/install/cocoa_description/share/ament_index/resource_index/parent_prefix_path/cocoa_description
[1.242s] -- Up-to-date symlink: /home/azthorax/fra333_ws/install/cocoa_description/share/cocoa_description/environment/ament_prefix_path.sh
[1.242s] -- Up-to-date symlink: /home/azthorax/fra333_ws/install/cocoa_description/share/cocoa_description/environment/ament_prefix_path.dsv
[1.242s] -- Up-to-date symlink: /home/azthorax/fra333_ws/install/cocoa_description/share/cocoa_description/environment/path.sh
[1.242s] -- Up-to-date symlink: /home/azthorax/fra333_ws/install/cocoa_description/share/cocoa_description/environment/path.dsv
[1.242s] -- Up-to-date symlink: /home/azthorax/fra333_ws/install/cocoa_description/share/cocoa_description/local_setup.bash
[1.242s] -- Up-to-date symlink: /home/azthorax/fra333_ws/install/cocoa_description/share/cocoa_description/local_setup.sh
[1.242s] -- Up-to-date symlink: /home/azthorax/fra333_ws/install/cocoa_description/share/cocoa_description/local_setup.zsh
[1.242s] -- Up-to-date symlink: /home/azthorax/fra333_ws/install/cocoa_description/share/cocoa_description/local_setup.dsv
[1.242s] -- Symlinking: /home/azthorax/fra333_ws/install/cocoa_description/share/cocoa_description/package.dsv
[1.253s] -- Up-to-date symlink: /home/azthorax/fra333_ws/install/cocoa_description/share/ament_index/resource_index/packages/cocoa_description
[1.253s] -- Up-to-date symlink: /home/azthorax/fra333_ws/install/cocoa_description/share/cocoa_description/cmake/cocoa_descriptionConfig.cmake
[1.254s] -- Up-to-date symlink: /home/azthorax/fra333_ws/install/cocoa_description/share/cocoa_description/cmake/cocoa_descriptionConfig-version.cmake
[1.254s] -- Up-to-date symlink: /home/azthorax/fra333_ws/install/cocoa_description/share/cocoa_description/package.xml
[1.308s] Listing '/home/azthorax/fra333_ws/install/cocoa_description/lib/python3.8/site-packages/cocoa_description'...
[1.326s] Invoked command in '/home/azthorax/fra333_ws/build/cocoa_description' returned '0': CMAKE_PREFIX_PATH=${CMAKE_PREFIX_PATH}:/opt/ros/foxy /usr/bin/cmake --install /home/azthorax/fra333_ws/build/cocoa_description
