[0.076s] Invoking command in '/home/azthorax/fra333_ws/build/cocoa_description': CMAKE_PREFIX_PATH=${CMAKE_PREFIX_PATH}:/opt/ros/foxy /usr/bin/cmake --build /home/azthorax/fra333_ws/build/cocoa_description -- -j12 -l12
[0.123s] Invoked command in '/home/azthorax/fra333_ws/build/cocoa_description' returned '0': CMAKE_PREFIX_PATH=${CMAKE_PREFIX_PATH}:/opt/ros/foxy /usr/bin/cmake --build /home/azthorax/fra333_ws/build/cocoa_description -- -j12 -l12
[0.157s] Invoking command in '/home/azthorax/fra333_ws/build/cocoa_description': CMAKE_PREFIX_PATH=${CMAKE_PREFIX_PATH}:/opt/ros/foxy /usr/bin/cmake --install /home/azthorax/fra333_ws/build/cocoa_description
[0.171s] -- Install configuration: ""
[0.171s] -- Execute custom install script
[0.171s] -- Up-to-date symlink: /home/azthorax/fra333_ws/install/cocoa_description/share/cocoa_description/environment/pythonpath.sh
[0.171s] -- Up-to-date symlink: /home/azthorax/fra333_ws/install/cocoa_description/share/cocoa_description/environment/pythonpath.dsv
[0.171s] -- Up-to-date symlink: /home/azthorax/fra333_ws/install/cocoa_description/lib/python3.8/site-packages/cocoa_description/__init__.py
[0.171s] -- Up-to-date symlink: /home/azthorax/fra333_ws/install/cocoa_description/lib/python3.8/site-packages/cocoa_description/cocoa_module.py
[0.171s] -- Up-to-date symlink: /home/azthorax/fra333_ws/install/cocoa_description/lib/cocoa_description/cocoa_script.py
[0.171s] -- Up-to-date symlink: /home/azthorax/fra333_ws/install/cocoa_description/share/cocoa_description/config/cocoa_kinematics.rviz
[0.172s] -- Up-to-date symlink: /home/azthorax/fra333_ws/install/cocoa_description/share/ament_index/resource_index/package_run_dependencies/cocoa_description
[0.172s] -- Up-to-date symlink: /home/azthorax/fra333_ws/install/cocoa_description/share/ament_index/resource_index/parent_prefix_path/cocoa_description
[0.172s] -- Up-to-date symlink: /home/azthorax/fra333_ws/install/cocoa_description/share/cocoa_description/environment/ament_prefix_path.sh
[0.172s] -- Up-to-date symlink: /home/azthorax/fra333_ws/install/cocoa_description/share/cocoa_description/environment/ament_prefix_path.dsv
[0.172s] -- Up-to-date symlink: /home/azthorax/fra333_ws/install/cocoa_description/share/cocoa_description/environment/path.sh
[0.172s] -- Up-to-date symlink: /home/azthorax/fra333_ws/install/cocoa_description/share/cocoa_description/environment/path.dsv
[0.173s] -- Up-to-date symlink: /home/azthorax/fra333_ws/install/cocoa_description/share/cocoa_description/local_setup.bash
[0.173s] -- Up-to-date symlink: /home/azthorax/fra333_ws/install/cocoa_description/share/cocoa_description/local_setup.sh
[0.174s] -- Up-to-date symlink: /home/azthorax/fra333_ws/install/cocoa_description/share/cocoa_description/local_setup.zsh
[0.174s] -- Up-to-date symlink: /home/azthorax/fra333_ws/install/cocoa_description/share/cocoa_description/local_setup.dsv
[0.174s] -- Symlinking: /home/azthorax/fra333_ws/install/cocoa_description/share/cocoa_description/package.dsv
[0.187s] -- Up-to-date symlink: /home/azthorax/fra333_ws/install/cocoa_description/share/ament_index/resource_index/packages/cocoa_description
[0.187s] -- Up-to-date symlink: /home/azthorax/fra333_ws/install/cocoa_description/share/cocoa_description/cmake/cocoa_descriptionConfig.cmake
[0.187s] -- Up-to-date symlink: /home/azthorax/fra333_ws/install/cocoa_description/share/cocoa_description/cmake/cocoa_descriptionConfig-version.cmake
[0.187s] -- Up-to-date symlink: /home/azthorax/fra333_ws/install/cocoa_description/share/cocoa_description/package.xml
[0.232s] Listing '/home/azthorax/fra333_ws/install/cocoa_description/lib/python3.8/site-packages/cocoa_description'...
[0.240s] Invoked command in '/home/azthorax/fra333_ws/build/cocoa_description' returned '0': CMAKE_PREFIX_PATH=${CMAKE_PREFIX_PATH}:/opt/ros/foxy /usr/bin/cmake --install /home/azthorax/fra333_ws/build/cocoa_description
