[0.083s] Invoking command in '/home/azthorax/fra333_ws/build/fra333_lab1_25': CMAKE_PREFIX_PATH=/opt/ros/foxy /usr/bin/cmake /home/azthorax/fra333_ws/src/fra333_lab1_25/fra333_lab1_25 -DAMENT_CMAKE_SYMLINK_INSTALL=1 -DCMAKE_INSTALL_PREFIX=/home/azthorax/fra333_ws/install/fra333_lab1_25
[0.162s] -- The C compiler identification is GNU 9.4.0
[0.261s] -- The CXX compiler identification is GNU 9.4.0
[0.265s] -- Check for working C compiler: /usr/bin/cc
[0.403s] -- Check for working C compiler: /usr/bin/cc -- works
[0.404s] -- Detecting C compiler ABI info
[0.522s] -- Detecting C compiler ABI info - done
[0.535s] -- Detecting C compile features
[0.535s] -- Detecting C compile features - done
[0.538s] -- Check for working CXX compiler: /usr/bin/c++
[0.654s] -- Check for working CXX compiler: /usr/bin/c++ -- works
[0.655s] -- Detecting CXX compiler ABI info
[0.762s] -- Detecting CXX compiler ABI info - done
[0.785s] -- Detecting CXX compile features
[0.785s] -- Detecting CXX compile features - done
[0.785s] -- Found rosidl_default_generators: 1.0.1 (/opt/ros/foxy/share/rosidl_default_generators/cmake)
[0.785s] -- Found ament_cmake_core: 0.9.11 (/opt/ros/foxy/share/ament_cmake_core/cmake)
[0.812s] -- Found PythonInterp: /usr/bin/python3 (found suitable version "3.8.10", minimum required is "3") 
[0.812s] -- Using PYTHON_EXECUTABLE: /usr/bin/python3
[1.119s] -- Override CMake install command with custom implementation using symlinks instead of copying resources
[1.125s] -- Using all available rosidl_typesupport_c: rosidl_typesupport_fastrtps_c;rosidl_typesupport_introspection_c
[1.137s] -- Found rosidl_adapter: 1.3.0 (/opt/ros/foxy/share/rosidl_adapter/cmake)
[1.311s] -- Found OpenSSL: /usr/lib/x86_64-linux-gnu/libcrypto.so (found version "1.1.1f")  
[1.350s] -- Found FastRTPS: /opt/ros/foxy/include  
[1.449s] -- Using all available rosidl_typesupport_cpp: rosidl_typesupport_fastrtps_cpp;rosidl_typesupport_introspection_cpp
[1.486s] -- Found geometry_msgs: 2.0.5 (/opt/ros/foxy/share/geometry_msgs/cmake)
[1.586s] -- Found rclcpp: 2.4.2 (/opt/ros/foxy/share/rclcpp/cmake)
[1.647s] -- Found rmw_implementation_cmake: 1.0.3 (/opt/ros/foxy/share/rmw_implementation_cmake/cmake)
[1.648s] -- Using RMW implementation 'rmw_fastrtps_cpp' as default
[1.649s] -- Looking for pthread.h
[1.757s] -- Looking for pthread.h - found
[1.757s] -- Performing Test CMAKE_HAVE_LIBC_PTHREAD
[1.874s] -- Performing Test CMAKE_HAVE_LIBC_PTHREAD - Failed
[1.874s] -- Looking for pthread_create in pthreads
[1.970s] -- Looking for pthread_create in pthreads - not found
[1.971s] -- Looking for pthread_create in pthread
[2.063s] -- Looking for pthread_create in pthread - found
[2.065s] -- Found Threads: TRUE  
[2.259s] -- Found rclpy: 1.0.11 (/opt/ros/foxy/share/rclpy/cmake)
[2.411s] -- Configuring done
[2.411s] -- Generating done
[2.411s] -- Build files have been written to: /home/azthorax/fra333_ws/build/fra333_lab1_25
[2.448s] Invoked command in '/home/azthorax/fra333_ws/build/fra333_lab1_25' returned '0': CMAKE_PREFIX_PATH=/opt/ros/foxy /usr/bin/cmake /home/azthorax/fra333_ws/src/fra333_lab1_25/fra333_lab1_25 -DAMENT_CMAKE_SYMLINK_INSTALL=1 -DCMAKE_INSTALL_PREFIX=/home/azthorax/fra333_ws/install/fra333_lab1_25
[2.451s] Invoking command in '/home/azthorax/fra333_ws/build/fra333_lab1_25': CMAKE_PREFIX_PATH=/opt/ros/foxy /usr/bin/cmake --build /home/azthorax/fra333_ws/build/fra333_lab1_25 -- -j12 -l12
[2.521s] Invoked command in '/home/azthorax/fra333_ws/build/fra333_lab1_25' returned '0': CMAKE_PREFIX_PATH=/opt/ros/foxy /usr/bin/cmake --build /home/azthorax/fra333_ws/build/fra333_lab1_25 -- -j12 -l12
[2.566s] Invoking command in '/home/azthorax/fra333_ws/build/fra333_lab1_25': CMAKE_PREFIX_PATH=/opt/ros/foxy /usr/bin/cmake --install /home/azthorax/fra333_ws/build/fra333_lab1_25
[2.583s] -- Install configuration: ""
[2.583s] -- Execute custom install script
[2.584s] -- Symlinking: /home/azthorax/fra333_ws/install/fra333_lab1_25/share/fra333_lab1_25/environment/pythonpath.sh
[2.606s] -- Symlinking: /home/azthorax/fra333_ws/install/fra333_lab1_25/share/fra333_lab1_25/environment/pythonpath.dsv
[2.619s] -- Symlinking: /home/azthorax/fra333_ws/install/fra333_lab1_25/lib/python3.8/site-packages/fra333_lab1_25/__init__.py
[2.637s] -- Symlinking: /home/azthorax/fra333_ws/install/fra333_lab1_25/lib/fra333_lab1_25/noise_generator.py
[2.650s] -- Symlinking: /home/azthorax/fra333_ws/install/fra333_lab1_25/lib/fra333_lab1_25/velocity_mux.py
[2.663s] -- Symlinking: /home/azthorax/fra333_ws/install/fra333_lab1_25/share/fra333_lab1_25/launch/random_walk.launch.py
[2.686s] -- Symlinking: /home/azthorax/fra333_ws/install/fra333_lab1_25/share/ament_index/resource_index/package_run_dependencies/fra333_lab1_25
[2.707s] -- Symlinking: /home/azthorax/fra333_ws/install/fra333_lab1_25/share/ament_index/resource_index/parent_prefix_path/fra333_lab1_25
[2.724s] -- Symlinking: /home/azthorax/fra333_ws/install/fra333_lab1_25/share/fra333_lab1_25/environment/ament_prefix_path.sh
[2.742s] -- Symlinking: /home/azthorax/fra333_ws/install/fra333_lab1_25/share/fra333_lab1_25/environment/ament_prefix_path.dsv
[2.757s] -- Symlinking: /home/azthorax/fra333_ws/install/fra333_lab1_25/share/fra333_lab1_25/environment/path.sh
[2.772s] -- Symlinking: /home/azthorax/fra333_ws/install/fra333_lab1_25/share/fra333_lab1_25/environment/path.dsv
[2.786s] -- Symlinking: /home/azthorax/fra333_ws/install/fra333_lab1_25/share/fra333_lab1_25/local_setup.bash
[2.802s] -- Symlinking: /home/azthorax/fra333_ws/install/fra333_lab1_25/share/fra333_lab1_25/local_setup.sh
[2.812s] -- Symlinking: /home/azthorax/fra333_ws/install/fra333_lab1_25/share/fra333_lab1_25/local_setup.zsh
[2.824s] -- Symlinking: /home/azthorax/fra333_ws/install/fra333_lab1_25/share/fra333_lab1_25/local_setup.dsv
[2.846s] -- Symlinking: /home/azthorax/fra333_ws/install/fra333_lab1_25/share/fra333_lab1_25/package.dsv
[2.862s] -- Symlinking: /home/azthorax/fra333_ws/install/fra333_lab1_25/share/ament_index/resource_index/packages/fra333_lab1_25
[2.874s] -- Symlinking: /home/azthorax/fra333_ws/install/fra333_lab1_25/share/fra333_lab1_25/cmake/fra333_lab1_25Config.cmake
[2.885s] -- Symlinking: /home/azthorax/fra333_ws/install/fra333_lab1_25/share/fra333_lab1_25/cmake/fra333_lab1_25Config-version.cmake
[2.899s] -- Symlinking: /home/azthorax/fra333_ws/install/fra333_lab1_25/share/fra333_lab1_25/package.xml
[2.961s] Listing '/home/azthorax/fra333_ws/install/fra333_lab1_25/lib/python3.8/site-packages/fra333_lab1_25'...
[2.961s] Compiling '/home/azthorax/fra333_ws/install/fra333_lab1_25/lib/python3.8/site-packages/fra333_lab1_25/__init__.py'...
[2.983s] Invoked command in '/home/azthorax/fra333_ws/build/fra333_lab1_25' returned '0': CMAKE_PREFIX_PATH=/opt/ros/foxy /usr/bin/cmake --install /home/azthorax/fra333_ws/build/fra333_lab1_25
