[0.123s] DEBUG:colcon:Command line arguments: ['/usr/bin/colcon', 'build']
[0.123s] DEBUG:colcon:Parsed command line arguments: Namespace(allow_overriding=[], ament_cmake_args=None, base_paths=['.'], build_base='build', catkin_cmake_args=None, catkin_skip_building_tests=False, cmake_args=None, cmake_clean_cache=False, cmake_clean_first=False, cmake_force_configure=False, cmake_target=None, cmake_target_skip_unavailable=False, continue_on_error=False, event_handlers=None, executor='parallel', ignore_user_meta=False, install_base='install', log_base=None, log_level=None, main=<bound method BuildVerb.main of <colcon_core.verb.build.BuildVerb object at 0x7fa440a4ea90>>, merge_install=False, metas=['./colcon.meta'], packages_above=None, packages_above_and_dependencies=None, packages_above_depth=None, packages_end=None, packages_ignore=None, packages_ignore_regex=None, packages_select=None, packages_select_build_failed=False, packages_select_by_dep=None, packages_select_regex=None, packages_select_test_failures=False, packages_skip=None, packages_skip_build_finished=False, packages_skip_by_dep=None, packages_skip_regex=None, packages_skip_test_passed=False, packages_skip_up_to=None, packages_start=None, packages_up_to=None, packages_up_to_regex=None, parallel_workers=12, paths=None, symlink_install=False, test_result_base=None, verb_extension=<colcon_core.verb.build.BuildVerb object at 0x7fa440a4ea90>, verb_name='build', verb_parser=<colcon_defaults.argument_parser.defaults.DefaultArgumentsDecorator object at 0x7fa440a5b040>)
[0.147s] Level 1:colcon.colcon_core.package_discovery:discover_packages(colcon_meta) check parameters
[0.147s] Level 1:colcon.colcon_core.package_discovery:discover_packages(recursive) check parameters
[0.147s] Level 1:colcon.colcon_core.package_discovery:discover_packages(ignore) check parameters
[0.147s] Level 1:colcon.colcon_core.package_discovery:discover_packages(path) check parameters
[0.147s] Level 1:colcon.colcon_core.package_discovery:discover_packages(colcon_meta) discover
[0.147s] Level 1:colcon.colcon_core.package_discovery:discover_packages(recursive) discover
[0.147s] INFO:colcon.colcon_core.package_discovery:Crawling recursively for packages in '/home/azthorax/fra333_ws'
[0.147s] Level 1:colcon.colcon_core.package_identification:_identify(.) by extensions ['ignore', 'ignore_ament_install']
[0.147s] Level 1:colcon.colcon_core.package_identification:_identify(.) by extension 'ignore'
[0.147s] Level 1:colcon.colcon_core.package_identification:_identify(.) by extension 'ignore_ament_install'
[0.147s] Level 1:colcon.colcon_core.package_identification:_identify(.) by extensions ['colcon_pkg']
[0.148s] Level 1:colcon.colcon_core.package_identification:_identify(.) by extension 'colcon_pkg'
[0.148s] Level 1:colcon.colcon_core.package_identification:_identify(.) by extensions ['colcon_meta']
[0.148s] Level 1:colcon.colcon_core.package_identification:_identify(.) by extension 'colcon_meta'
[0.148s] Level 1:colcon.colcon_core.package_identification:_identify(.) by extensions ['ros']
[0.148s] Level 1:colcon.colcon_core.package_identification:_identify(.) by extension 'ros'
[0.157s] Level 1:colcon.colcon_core.package_identification:_identify(.) by extensions ['cmake', 'python']
[0.157s] Level 1:colcon.colcon_core.package_identification:_identify(.) by extension 'cmake'
[0.157s] Level 1:colcon.colcon_core.package_identification:_identify(.) by extension 'python'
[0.157s] Level 1:colcon.colcon_core.package_identification:_identify(.) by extensions ['python_setup_py']
[0.157s] Level 1:colcon.colcon_core.package_identification:_identify(.) by extension 'python_setup_py'
[0.157s] Level 1:colcon.colcon_core.package_identification:_identify(build) by extensions ['ignore', 'ignore_ament_install']
[0.157s] Level 1:colcon.colcon_core.package_identification:_identify(build) by extension 'ignore'
[0.157s] Level 1:colcon.colcon_core.package_identification:_identify(build) ignored
[0.157s] Level 1:colcon.colcon_core.package_identification:_identify(install) by extensions ['ignore', 'ignore_ament_install']
[0.157s] Level 1:colcon.colcon_core.package_identification:_identify(install) by extension 'ignore'
[0.157s] Level 1:colcon.colcon_core.package_identification:_identify(install) ignored
[0.158s] Level 1:colcon.colcon_core.package_identification:_identify(log) by extensions ['ignore', 'ignore_ament_install']
[0.158s] Level 1:colcon.colcon_core.package_identification:_identify(log) by extension 'ignore'
[0.158s] Level 1:colcon.colcon_core.package_identification:_identify(log) ignored
[0.158s] Level 1:colcon.colcon_core.package_identification:_identify(src) by extensions ['ignore', 'ignore_ament_install']
[0.158s] Level 1:colcon.colcon_core.package_identification:_identify(src) by extension 'ignore'
[0.158s] Level 1:colcon.colcon_core.package_identification:_identify(src) by extension 'ignore_ament_install'
[0.158s] Level 1:colcon.colcon_core.package_identification:_identify(src) by extensions ['colcon_pkg']
[0.158s] Level 1:colcon.colcon_core.package_identification:_identify(src) by extension 'colcon_pkg'
[0.158s] Level 1:colcon.colcon_core.package_identification:_identify(src) by extensions ['colcon_meta']
[0.158s] Level 1:colcon.colcon_core.package_identification:_identify(src) by extension 'colcon_meta'
[0.158s] Level 1:colcon.colcon_core.package_identification:_identify(src) by extensions ['ros']
[0.158s] Level 1:colcon.colcon_core.package_identification:_identify(src) by extension 'ros'
[0.158s] Level 1:colcon.colcon_core.package_identification:_identify(src) by extensions ['cmake', 'python']
[0.158s] Level 1:colcon.colcon_core.package_identification:_identify(src) by extension 'cmake'
[0.158s] Level 1:colcon.colcon_core.package_identification:_identify(src) by extension 'python'
[0.158s] Level 1:colcon.colcon_core.package_identification:_identify(src) by extensions ['python_setup_py']
[0.158s] Level 1:colcon.colcon_core.package_identification:_identify(src) by extension 'python_setup_py'
[0.158s] Level 1:colcon.colcon_core.package_identification:_identify(src/fra333_hw2_25) by extensions ['ignore', 'ignore_ament_install']
[0.158s] Level 1:colcon.colcon_core.package_identification:_identify(src/fra333_hw2_25) by extension 'ignore'
[0.158s] Level 1:colcon.colcon_core.package_identification:_identify(src/fra333_hw2_25) by extension 'ignore_ament_install'
[0.159s] Level 1:colcon.colcon_core.package_identification:_identify(src/fra333_hw2_25) by extensions ['colcon_pkg']
[0.159s] Level 1:colcon.colcon_core.package_identification:_identify(src/fra333_hw2_25) by extension 'colcon_pkg'
[0.159s] Level 1:colcon.colcon_core.package_identification:_identify(src/fra333_hw2_25) by extensions ['colcon_meta']
[0.159s] Level 1:colcon.colcon_core.package_identification:_identify(src/fra333_hw2_25) by extension 'colcon_meta'
[0.159s] Level 1:colcon.colcon_core.package_identification:_identify(src/fra333_hw2_25) by extensions ['ros']
[0.159s] Level 1:colcon.colcon_core.package_identification:_identify(src/fra333_hw2_25) by extension 'ros'
[0.159s] Level 1:colcon.colcon_core.package_identification:_identify(src/fra333_hw2_25) by extensions ['cmake', 'python']
[0.159s] Level 1:colcon.colcon_core.package_identification:_identify(src/fra333_hw2_25) by extension 'cmake'
[0.159s] Level 1:colcon.colcon_core.package_identification:_identify(src/fra333_hw2_25) by extension 'python'
[0.159s] Level 1:colcon.colcon_core.package_identification:_identify(src/fra333_hw2_25) by extensions ['python_setup_py']
[0.159s] Level 1:colcon.colcon_core.package_identification:_identify(src/fra333_hw2_25) by extension 'python_setup_py'
[0.159s] Level 1:colcon.colcon_core.package_identification:_identify(src/fra333_hw2_25/__pycache__) by extensions ['ignore', 'ignore_ament_install']
[0.159s] Level 1:colcon.colcon_core.package_identification:_identify(src/fra333_hw2_25/__pycache__) by extension 'ignore'
[0.159s] Level 1:colcon.colcon_core.package_identification:_identify(src/fra333_hw2_25/__pycache__) by extension 'ignore_ament_install'
[0.159s] Level 1:colcon.colcon_core.package_identification:_identify(src/fra333_hw2_25/__pycache__) by extensions ['colcon_pkg']
[0.159s] Level 1:colcon.colcon_core.package_identification:_identify(src/fra333_hw2_25/__pycache__) by extension 'colcon_pkg'
[0.159s] Level 1:colcon.colcon_core.package_identification:_identify(src/fra333_hw2_25/__pycache__) by extensions ['colcon_meta']
[0.159s] Level 1:colcon.colcon_core.package_identification:_identify(src/fra333_hw2_25/__pycache__) by extension 'colcon_meta'
[0.159s] Level 1:colcon.colcon_core.package_identification:_identify(src/fra333_hw2_25/__pycache__) by extensions ['ros']
[0.159s] Level 1:colcon.colcon_core.package_identification:_identify(src/fra333_hw2_25/__pycache__) by extension 'ros'
[0.159s] Level 1:colcon.colcon_core.package_identification:_identify(src/fra333_hw2_25/__pycache__) by extensions ['cmake', 'python']
[0.159s] Level 1:colcon.colcon_core.package_identification:_identify(src/fra333_hw2_25/__pycache__) by extension 'cmake'
[0.159s] Level 1:colcon.colcon_core.package_identification:_identify(src/fra333_hw2_25/__pycache__) by extension 'python'
[0.160s] Level 1:colcon.colcon_core.package_identification:_identify(src/fra333_hw2_25/__pycache__) by extensions ['python_setup_py']
[0.160s] Level 1:colcon.colcon_core.package_identification:_identify(src/fra333_hw2_25/__pycache__) by extension 'python_setup_py'
[0.160s] Level 1:colcon.colcon_core.package_identification:_identify(src/fra333_hw2_25/doc) by extensions ['ignore', 'ignore_ament_install']
[0.160s] Level 1:colcon.colcon_core.package_identification:_identify(src/fra333_hw2_25/doc) by extension 'ignore'
[0.160s] Level 1:colcon.colcon_core.package_identification:_identify(src/fra333_hw2_25/doc) by extension 'ignore_ament_install'
[0.160s] Level 1:colcon.colcon_core.package_identification:_identify(src/fra333_hw2_25/doc) by extensions ['colcon_pkg']
[0.160s] Level 1:colcon.colcon_core.package_identification:_identify(src/fra333_hw2_25/doc) by extension 'colcon_pkg'
[0.160s] Level 1:colcon.colcon_core.package_identification:_identify(src/fra333_hw2_25/doc) by extensions ['colcon_meta']
[0.160s] Level 1:colcon.colcon_core.package_identification:_identify(src/fra333_hw2_25/doc) by extension 'colcon_meta'
[0.160s] Level 1:colcon.colcon_core.package_identification:_identify(src/fra333_hw2_25/doc) by extensions ['ros']
[0.160s] Level 1:colcon.colcon_core.package_identification:_identify(src/fra333_hw2_25/doc) by extension 'ros'
[0.160s] Level 1:colcon.colcon_core.package_identification:_identify(src/fra333_hw2_25/doc) by extensions ['cmake', 'python']
[0.160s] Level 1:colcon.colcon_core.package_identification:_identify(src/fra333_hw2_25/doc) by extension 'cmake'
[0.160s] Level 1:colcon.colcon_core.package_identification:_identify(src/fra333_hw2_25/doc) by extension 'python'
[0.160s] Level 1:colcon.colcon_core.package_identification:_identify(src/fra333_hw2_25/doc) by extensions ['python_setup_py']
[0.160s] Level 1:colcon.colcon_core.package_identification:_identify(src/fra333_hw2_25/doc) by extension 'python_setup_py'
[0.160s] Level 1:colcon.colcon_core.package_identification:_identify(src/fra333_hw2_25/doc/__pycache__) by extensions ['ignore', 'ignore_ament_install']
[0.160s] Level 1:colcon.colcon_core.package_identification:_identify(src/fra333_hw2_25/doc/__pycache__) by extension 'ignore'
[0.160s] Level 1:colcon.colcon_core.package_identification:_identify(src/fra333_hw2_25/doc/__pycache__) by extension 'ignore_ament_install'
[0.160s] Level 1:colcon.colcon_core.package_identification:_identify(src/fra333_hw2_25/doc/__pycache__) by extensions ['colcon_pkg']
[0.160s] Level 1:colcon.colcon_core.package_identification:_identify(src/fra333_hw2_25/doc/__pycache__) by extension 'colcon_pkg'
[0.160s] Level 1:colcon.colcon_core.package_identification:_identify(src/fra333_hw2_25/doc/__pycache__) by extensions ['colcon_meta']
[0.161s] Level 1:colcon.colcon_core.package_identification:_identify(src/fra333_hw2_25/doc/__pycache__) by extension 'colcon_meta'
[0.161s] Level 1:colcon.colcon_core.package_identification:_identify(src/fra333_hw2_25/doc/__pycache__) by extensions ['ros']
[0.161s] Level 1:colcon.colcon_core.package_identification:_identify(src/fra333_hw2_25/doc/__pycache__) by extension 'ros'
[0.161s] Level 1:colcon.colcon_core.package_identification:_identify(src/fra333_hw2_25/doc/__pycache__) by extensions ['cmake', 'python']
[0.161s] Level 1:colcon.colcon_core.package_identification:_identify(src/fra333_hw2_25/doc/__pycache__) by extension 'cmake'
[0.161s] Level 1:colcon.colcon_core.package_identification:_identify(src/fra333_hw2_25/doc/__pycache__) by extension 'python'
[0.161s] Level 1:colcon.colcon_core.package_identification:_identify(src/fra333_hw2_25/doc/__pycache__) by extensions ['python_setup_py']
[0.161s] Level 1:colcon.colcon_core.package_identification:_identify(src/fra333_hw2_25/doc/__pycache__) by extension 'python_setup_py'
[0.161s] Level 1:colcon.colcon_core.package_identification:_identify(src/fra333_lab4_25_v1) by extensions ['ignore', 'ignore_ament_install']
[0.161s] Level 1:colcon.colcon_core.package_identification:_identify(src/fra333_lab4_25_v1) by extension 'ignore'
[0.161s] Level 1:colcon.colcon_core.package_identification:_identify(src/fra333_lab4_25_v1) by extension 'ignore_ament_install'
[0.161s] Level 1:colcon.colcon_core.package_identification:_identify(src/fra333_lab4_25_v1) by extensions ['colcon_pkg']
[0.161s] Level 1:colcon.colcon_core.package_identification:_identify(src/fra333_lab4_25_v1) by extension 'colcon_pkg'
[0.161s] Level 1:colcon.colcon_core.package_identification:_identify(src/fra333_lab4_25_v1) by extensions ['colcon_meta']
[0.161s] Level 1:colcon.colcon_core.package_identification:_identify(src/fra333_lab4_25_v1) by extension 'colcon_meta'
[0.161s] Level 1:colcon.colcon_core.package_identification:_identify(src/fra333_lab4_25_v1) by extensions ['ros']
[0.161s] Level 1:colcon.colcon_core.package_identification:_identify(src/fra333_lab4_25_v1) by extension 'ros'
[0.161s] Level 1:colcon.colcon_core.package_identification:_identify(src/fra333_lab4_25_v1) by extensions ['cmake', 'python']
[0.161s] Level 1:colcon.colcon_core.package_identification:_identify(src/fra333_lab4_25_v1) by extension 'cmake'
[0.161s] Level 1:colcon.colcon_core.package_identification:_identify(src/fra333_lab4_25_v1) by extension 'python'
[0.161s] Level 1:colcon.colcon_core.package_identification:_identify(src/fra333_lab4_25_v1) by extensions ['python_setup_py']
[0.161s] Level 1:colcon.colcon_core.package_identification:_identify(src/fra333_lab4_25_v1) by extension 'python_setup_py'
[0.162s] Level 1:colcon.colcon_core.package_identification:_identify(src/fra333_lab4_25_v1/cocoax_control) by extensions ['ignore', 'ignore_ament_install']
[0.162s] Level 1:colcon.colcon_core.package_identification:_identify(src/fra333_lab4_25_v1/cocoax_control) by extension 'ignore'
[0.162s] Level 1:colcon.colcon_core.package_identification:_identify(src/fra333_lab4_25_v1/cocoax_control) by extension 'ignore_ament_install'
[0.162s] Level 1:colcon.colcon_core.package_identification:_identify(src/fra333_lab4_25_v1/cocoax_control) by extensions ['colcon_pkg']
[0.162s] Level 1:colcon.colcon_core.package_identification:_identify(src/fra333_lab4_25_v1/cocoax_control) by extension 'colcon_pkg'
[0.162s] Level 1:colcon.colcon_core.package_identification:_identify(src/fra333_lab4_25_v1/cocoax_control) by extensions ['colcon_meta']
[0.162s] Level 1:colcon.colcon_core.package_identification:_identify(src/fra333_lab4_25_v1/cocoax_control) by extension 'colcon_meta'
[0.162s] Level 1:colcon.colcon_core.package_identification:_identify(src/fra333_lab4_25_v1/cocoax_control) by extensions ['ros']
[0.162s] Level 1:colcon.colcon_core.package_identification:_identify(src/fra333_lab4_25_v1/cocoax_control) by extension 'ros'
[0.164s] DEBUG:colcon.colcon_core.package_identification:Package 'src/fra333_lab4_25_v1/cocoax_control' with type 'ros.ament_cmake' and name 'cocoax_control'
[0.164s] Level 1:colcon.colcon_core.package_identification:_identify(src/fra333_lab4_25_v1/cocoax_description) by extensions ['ignore', 'ignore_ament_install']
[0.164s] Level 1:colcon.colcon_core.package_identification:_identify(src/fra333_lab4_25_v1/cocoax_description) by extension 'ignore'
[0.164s] Level 1:colcon.colcon_core.package_identification:_identify(src/fra333_lab4_25_v1/cocoax_description) by extension 'ignore_ament_install'
[0.164s] Level 1:colcon.colcon_core.package_identification:_identify(src/fra333_lab4_25_v1/cocoax_description) by extensions ['colcon_pkg']
[0.164s] Level 1:colcon.colcon_core.package_identification:_identify(src/fra333_lab4_25_v1/cocoax_description) by extension 'colcon_pkg'
[0.164s] Level 1:colcon.colcon_core.package_identification:_identify(src/fra333_lab4_25_v1/cocoax_description) by extensions ['colcon_meta']
[0.164s] Level 1:colcon.colcon_core.package_identification:_identify(src/fra333_lab4_25_v1/cocoax_description) by extension 'colcon_meta'
[0.164s] Level 1:colcon.colcon_core.package_identification:_identify(src/fra333_lab4_25_v1/cocoax_description) by extensions ['ros']
[0.164s] Level 1:colcon.colcon_core.package_identification:_identify(src/fra333_lab4_25_v1/cocoax_description) by extension 'ros'
[0.165s] DEBUG:colcon.colcon_core.package_identification:Package 'src/fra333_lab4_25_v1/cocoax_description' with type 'ros.ament_cmake' and name 'cocoax_description'
[0.165s] Level 1:colcon.colcon_core.package_identification:_identify(src/fra333_lab4_25_v1/cocoax_interfaces) by extensions ['ignore', 'ignore_ament_install']
[0.165s] Level 1:colcon.colcon_core.package_identification:_identify(src/fra333_lab4_25_v1/cocoax_interfaces) by extension 'ignore'
[0.165s] Level 1:colcon.colcon_core.package_identification:_identify(src/fra333_lab4_25_v1/cocoax_interfaces) by extension 'ignore_ament_install'
[0.165s] Level 1:colcon.colcon_core.package_identification:_identify(src/fra333_lab4_25_v1/cocoax_interfaces) by extensions ['colcon_pkg']
[0.165s] Level 1:colcon.colcon_core.package_identification:_identify(src/fra333_lab4_25_v1/cocoax_interfaces) by extension 'colcon_pkg'
[0.165s] Level 1:colcon.colcon_core.package_identification:_identify(src/fra333_lab4_25_v1/cocoax_interfaces) by extensions ['colcon_meta']
[0.165s] Level 1:colcon.colcon_core.package_identification:_identify(src/fra333_lab4_25_v1/cocoax_interfaces) by extension 'colcon_meta'
[0.165s] Level 1:colcon.colcon_core.package_identification:_identify(src/fra333_lab4_25_v1/cocoax_interfaces) by extensions ['ros']
[0.165s] Level 1:colcon.colcon_core.package_identification:_identify(src/fra333_lab4_25_v1/cocoax_interfaces) by extension 'ros'
[0.166s] DEBUG:colcon.colcon_core.package_identification:Package 'src/fra333_lab4_25_v1/cocoax_interfaces' with type 'ros.ament_cmake' and name 'cocoax_interfaces'
[0.166s] Level 1:colcon.colcon_core.package_identification:_identify(src/fra333_lab4_25_v1/cocoax_kinematics) by extensions ['ignore', 'ignore_ament_install']
[0.166s] Level 1:colcon.colcon_core.package_identification:_identify(src/fra333_lab4_25_v1/cocoax_kinematics) by extension 'ignore'
[0.166s] Level 1:colcon.colcon_core.package_identification:_identify(src/fra333_lab4_25_v1/cocoax_kinematics) by extension 'ignore_ament_install'
[0.166s] Level 1:colcon.colcon_core.package_identification:_identify(src/fra333_lab4_25_v1/cocoax_kinematics) by extensions ['colcon_pkg']
[0.166s] Level 1:colcon.colcon_core.package_identification:_identify(src/fra333_lab4_25_v1/cocoax_kinematics) by extension 'colcon_pkg'
[0.166s] Level 1:colcon.colcon_core.package_identification:_identify(src/fra333_lab4_25_v1/cocoax_kinematics) by extensions ['colcon_meta']
[0.166s] Level 1:colcon.colcon_core.package_identification:_identify(src/fra333_lab4_25_v1/cocoax_kinematics) by extension 'colcon_meta'
[0.166s] Level 1:colcon.colcon_core.package_identification:_identify(src/fra333_lab4_25_v1/cocoax_kinematics) by extensions ['ros']
[0.166s] Level 1:colcon.colcon_core.package_identification:_identify(src/fra333_lab4_25_v1/cocoax_kinematics) by extension 'ros'
[0.167s] DEBUG:colcon.colcon_core.package_identification:Package 'src/fra333_lab4_25_v1/cocoax_kinematics' with type 'ros.ament_cmake' and name 'cocoax_kinematics'
[0.167s] Level 1:colcon.colcon_core.package_identification:_identify(src/fra333_lab4_25_v1/doc) by extensions ['ignore', 'ignore_ament_install']
[0.167s] Level 1:colcon.colcon_core.package_identification:_identify(src/fra333_lab4_25_v1/doc) by extension 'ignore'
[0.167s] Level 1:colcon.colcon_core.package_identification:_identify(src/fra333_lab4_25_v1/doc) by extension 'ignore_ament_install'
[0.167s] Level 1:colcon.colcon_core.package_identification:_identify(src/fra333_lab4_25_v1/doc) by extensions ['colcon_pkg']
[0.167s] Level 1:colcon.colcon_core.package_identification:_identify(src/fra333_lab4_25_v1/doc) by extension 'colcon_pkg'
[0.167s] Level 1:colcon.colcon_core.package_identification:_identify(src/fra333_lab4_25_v1/doc) by extensions ['colcon_meta']
[0.167s] Level 1:colcon.colcon_core.package_identification:_identify(src/fra333_lab4_25_v1/doc) by extension 'colcon_meta'
[0.167s] Level 1:colcon.colcon_core.package_identification:_identify(src/fra333_lab4_25_v1/doc) by extensions ['ros']
[0.167s] Level 1:colcon.colcon_core.package_identification:_identify(src/fra333_lab4_25_v1/doc) by extension 'ros'
[0.167s] Level 1:colcon.colcon_core.package_identification:_identify(src/fra333_lab4_25_v1/doc) by extensions ['cmake', 'python']
[0.167s] Level 1:colcon.colcon_core.package_identification:_identify(src/fra333_lab4_25_v1/doc) by extension 'cmake'
[0.167s] Level 1:colcon.colcon_core.package_identification:_identify(src/fra333_lab4_25_v1/doc) by extension 'python'
[0.167s] Level 1:colcon.colcon_core.package_identification:_identify(src/fra333_lab4_25_v1/doc) by extensions ['python_setup_py']
[0.167s] Level 1:colcon.colcon_core.package_identification:_identify(src/fra333_lab4_25_v1/doc) by extension 'python_setup_py'
[0.167s] Level 1:colcon.colcon_core.package_discovery:discover_packages(recursive) using defaults
[0.168s] Level 1:colcon.colcon_core.package_discovery:discover_packages(ignore) discover
[0.168s] Level 1:colcon.colcon_core.package_discovery:discover_packages(ignore) using defaults
[0.168s] Level 1:colcon.colcon_core.package_discovery:discover_packages(path) discover
[0.168s] Level 1:colcon.colcon_core.package_discovery:discover_packages(path) using defaults
[0.186s] Level 1:colcon.colcon_core.package_discovery:discover_packages(prefix_path) check parameters
[0.186s] Level 1:colcon.colcon_core.package_discovery:discover_packages(prefix_path) discover
[0.189s] DEBUG:colcon.colcon_installed_package_information.package_discovery:Found 4 installed packages in /home/azthorax/fra333_ws/install
[0.190s] DEBUG:colcon.colcon_installed_package_information.package_discovery:Found 289 installed packages in /opt/ros/foxy
[0.192s] Level 1:colcon.colcon_core.package_discovery:discover_packages(prefix_path) using defaults
[0.251s] Level 5:colcon.colcon_core.verb:set package 'cocoax_control' build argument 'cmake_args' from command line to 'None'
[0.251s] Level 5:colcon.colcon_core.verb:set package 'cocoax_control' build argument 'cmake_target' from command line to 'None'
[0.251s] Level 5:colcon.colcon_core.verb:set package 'cocoax_control' build argument 'cmake_target_skip_unavailable' from command line to 'False'
[0.251s] Level 5:colcon.colcon_core.verb:set package 'cocoax_control' build argument 'cmake_clean_cache' from command line to 'False'
[0.251s] Level 5:colcon.colcon_core.verb:set package 'cocoax_control' build argument 'cmake_clean_first' from command line to 'False'
[0.251s] Level 5:colcon.colcon_core.verb:set package 'cocoax_control' build argument 'cmake_force_configure' from command line to 'False'
[0.251s] Level 5:colcon.colcon_core.verb:set package 'cocoax_control' build argument 'ament_cmake_args' from command line to 'None'
[0.251s] Level 5:colcon.colcon_core.verb:set package 'cocoax_control' build argument 'catkin_cmake_args' from command line to 'None'
[0.251s] Level 5:colcon.colcon_core.verb:set package 'cocoax_control' build argument 'catkin_skip_building_tests' from command line to 'False'
[0.251s] DEBUG:colcon.colcon_core.verb:Building package 'cocoax_control' with the following arguments: {'ament_cmake_args': None, 'build_base': '/home/azthorax/fra333_ws/build/cocoax_control', 'catkin_cmake_args': None, 'catkin_skip_building_tests': False, 'cmake_args': None, 'cmake_clean_cache': False, 'cmake_clean_first': False, 'cmake_force_configure': False, 'cmake_target': None, 'cmake_target_skip_unavailable': False, 'install_base': '/home/azthorax/fra333_ws/install/cocoax_control', 'merge_install': False, 'path': '/home/azthorax/fra333_ws/src/fra333_lab4_25_v1/cocoax_control', 'symlink_install': False, 'test_result_base': None}
[0.253s] Level 5:colcon.colcon_core.verb:set package 'cocoax_description' build argument 'cmake_args' from command line to 'None'
[0.253s] Level 5:colcon.colcon_core.verb:set package 'cocoax_description' build argument 'cmake_target' from command line to 'None'
[0.253s] Level 5:colcon.colcon_core.verb:set package 'cocoax_description' build argument 'cmake_target_skip_unavailable' from command line to 'False'
[0.253s] Level 5:colcon.colcon_core.verb:set package 'cocoax_description' build argument 'cmake_clean_cache' from command line to 'False'
[0.253s] Level 5:colcon.colcon_core.verb:set package 'cocoax_description' build argument 'cmake_clean_first' from command line to 'False'
[0.253s] Level 5:colcon.colcon_core.verb:set package 'cocoax_description' build argument 'cmake_force_configure' from command line to 'False'
[0.253s] Level 5:colcon.colcon_core.verb:set package 'cocoax_description' build argument 'ament_cmake_args' from command line to 'None'
[0.253s] Level 5:colcon.colcon_core.verb:set package 'cocoax_description' build argument 'catkin_cmake_args' from command line to 'None'
[0.253s] Level 5:colcon.colcon_core.verb:set package 'cocoax_description' build argument 'catkin_skip_building_tests' from command line to 'False'
[0.253s] DEBUG:colcon.colcon_core.verb:Building package 'cocoax_description' with the following arguments: {'ament_cmake_args': None, 'build_base': '/home/azthorax/fra333_ws/build/cocoax_description', 'catkin_cmake_args': None, 'catkin_skip_building_tests': False, 'cmake_args': None, 'cmake_clean_cache': False, 'cmake_clean_first': False, 'cmake_force_configure': False, 'cmake_target': None, 'cmake_target_skip_unavailable': False, 'install_base': '/home/azthorax/fra333_ws/install/cocoax_description', 'merge_install': False, 'path': '/home/azthorax/fra333_ws/src/fra333_lab4_25_v1/cocoax_description', 'symlink_install': False, 'test_result_base': None}
[0.254s] Level 5:colcon.colcon_core.verb:set package 'cocoax_interfaces' build argument 'cmake_args' from command line to 'None'
[0.254s] Level 5:colcon.colcon_core.verb:set package 'cocoax_interfaces' build argument 'cmake_target' from command line to 'None'
[0.254s] Level 5:colcon.colcon_core.verb:set package 'cocoax_interfaces' build argument 'cmake_target_skip_unavailable' from command line to 'False'
[0.254s] Level 5:colcon.colcon_core.verb:set package 'cocoax_interfaces' build argument 'cmake_clean_cache' from command line to 'False'
[0.254s] Level 5:colcon.colcon_core.verb:set package 'cocoax_interfaces' build argument 'cmake_clean_first' from command line to 'False'
[0.254s] Level 5:colcon.colcon_core.verb:set package 'cocoax_interfaces' build argument 'cmake_force_configure' from command line to 'False'
[0.254s] Level 5:colcon.colcon_core.verb:set package 'cocoax_interfaces' build argument 'ament_cmake_args' from command line to 'None'
[0.254s] Level 5:colcon.colcon_core.verb:set package 'cocoax_interfaces' build argument 'catkin_cmake_args' from command line to 'None'
[0.254s] Level 5:colcon.colcon_core.verb:set package 'cocoax_interfaces' build argument 'catkin_skip_building_tests' from command line to 'False'
[0.254s] DEBUG:colcon.colcon_core.verb:Building package 'cocoax_interfaces' with the following arguments: {'ament_cmake_args': None, 'build_base': '/home/azthorax/fra333_ws/build/cocoax_interfaces', 'catkin_cmake_args': None, 'catkin_skip_building_tests': False, 'cmake_args': None, 'cmake_clean_cache': False, 'cmake_clean_first': False, 'cmake_force_configure': False, 'cmake_target': None, 'cmake_target_skip_unavailable': False, 'install_base': '/home/azthorax/fra333_ws/install/cocoax_interfaces', 'merge_install': False, 'path': '/home/azthorax/fra333_ws/src/fra333_lab4_25_v1/cocoax_interfaces', 'symlink_install': False, 'test_result_base': None}
[0.255s] Level 5:colcon.colcon_core.verb:set package 'cocoax_kinematics' build argument 'cmake_args' from command line to 'None'
[0.255s] Level 5:colcon.colcon_core.verb:set package 'cocoax_kinematics' build argument 'cmake_target' from command line to 'None'
[0.255s] Level 5:colcon.colcon_core.verb:set package 'cocoax_kinematics' build argument 'cmake_target_skip_unavailable' from command line to 'False'
[0.255s] Level 5:colcon.colcon_core.verb:set package 'cocoax_kinematics' build argument 'cmake_clean_cache' from command line to 'False'
[0.255s] Level 5:colcon.colcon_core.verb:set package 'cocoax_kinematics' build argument 'cmake_clean_first' from command line to 'False'
[0.255s] Level 5:colcon.colcon_core.verb:set package 'cocoax_kinematics' build argument 'cmake_force_configure' from command line to 'False'
[0.255s] Level 5:colcon.colcon_core.verb:set package 'cocoax_kinematics' build argument 'ament_cmake_args' from command line to 'None'
[0.255s] Level 5:colcon.colcon_core.verb:set package 'cocoax_kinematics' build argument 'catkin_cmake_args' from command line to 'None'
[0.255s] Level 5:colcon.colcon_core.verb:set package 'cocoax_kinematics' build argument 'catkin_skip_building_tests' from command line to 'False'
[0.255s] DEBUG:colcon.colcon_core.verb:Building package 'cocoax_kinematics' with the following arguments: {'ament_cmake_args': None, 'build_base': '/home/azthorax/fra333_ws/build/cocoax_kinematics', 'catkin_cmake_args': None, 'catkin_skip_building_tests': False, 'cmake_args': None, 'cmake_clean_cache': False, 'cmake_clean_first': False, 'cmake_force_configure': False, 'cmake_target': None, 'cmake_target_skip_unavailable': False, 'install_base': '/home/azthorax/fra333_ws/install/cocoax_kinematics', 'merge_install': False, 'path': '/home/azthorax/fra333_ws/src/fra333_lab4_25_v1/cocoax_kinematics', 'symlink_install': False, 'test_result_base': None}
[0.256s] INFO:colcon.colcon_core.executor:Executing jobs using 'parallel' executor
[0.260s] DEBUG:colcon.colcon_parallel_executor.executor.parallel:run_until_complete
[0.260s] INFO:colcon.colcon_ros.task.ament_cmake.build:Building ROS package in '/home/azthorax/fra333_ws/src/fra333_lab4_25_v1/cocoax_control' with build type 'ament_cmake'
[0.260s] INFO:colcon.colcon_cmake.task.cmake.build:Building CMake package in '/home/azthorax/fra333_ws/src/fra333_lab4_25_v1/cocoax_control'
[0.265s] INFO:colcon.colcon_core.plugin_system:Skipping extension 'colcon_core.shell.bat': Not used on non-Windows systems
[0.265s] INFO:colcon.colcon_core.shell:Skip shell extension 'powershell' for command environment: Not usable outside of PowerShell
[0.265s] DEBUG:colcon.colcon_core.shell:Skip shell extension 'dsv' for command environment
[0.271s] INFO:colcon.colcon_ros.task.ament_cmake.build:Building ROS package in '/home/azthorax/fra333_ws/src/fra333_lab4_25_v1/cocoax_description' with build type 'ament_cmake'
[0.271s] INFO:colcon.colcon_cmake.task.cmake.build:Building CMake package in '/home/azthorax/fra333_ws/src/fra333_lab4_25_v1/cocoax_description'
[0.274s] INFO:colcon.colcon_core.shell:Skip shell extension 'powershell' for command environment: Not usable outside of PowerShell
[0.274s] DEBUG:colcon.colcon_core.shell:Skip shell extension 'dsv' for command environment
[0.280s] INFO:colcon.colcon_ros.task.ament_cmake.build:Building ROS package in '/home/azthorax/fra333_ws/src/fra333_lab4_25_v1/cocoax_interfaces' with build type 'ament_cmake'
[0.280s] INFO:colcon.colcon_cmake.task.cmake.build:Building CMake package in '/home/azthorax/fra333_ws/src/fra333_lab4_25_v1/cocoax_interfaces'
[0.282s] INFO:colcon.colcon_core.shell:Skip shell extension 'powershell' for command environment: Not usable outside of PowerShell
[0.282s] DEBUG:colcon.colcon_core.shell:Skip shell extension 'dsv' for command environment
[0.287s] INFO:colcon.colcon_ros.task.ament_cmake.build:Building ROS package in '/home/azthorax/fra333_ws/src/fra333_lab4_25_v1/cocoax_kinematics' with build type 'ament_cmake'
[0.288s] INFO:colcon.colcon_cmake.task.cmake.build:Building CMake package in '/home/azthorax/fra333_ws/src/fra333_lab4_25_v1/cocoax_kinematics'
[0.290s] INFO:colcon.colcon_core.shell:Skip shell extension 'powershell' for command environment: Not usable outside of PowerShell
[0.290s] DEBUG:colcon.colcon_core.shell:Skip shell extension 'dsv' for command environment
[0.302s] DEBUG:colcon.colcon_core.event_handler.log_command:Invoking command in '/home/azthorax/fra333_ws/build/cocoax_control': CMAKE_PREFIX_PATH=${CMAKE_PREFIX_PATH}:/opt/ros/foxy /usr/bin/cmake --build /home/azthorax/fra333_ws/build/cocoax_control -- -j12 -l12
[0.309s] DEBUG:colcon.colcon_core.event_handler.log_command:Invoking command in '/home/azthorax/fra333_ws/build/cocoax_description': CMAKE_PREFIX_PATH=${CMAKE_PREFIX_PATH}:/opt/ros/foxy /usr/bin/cmake --build /home/azthorax/fra333_ws/build/cocoax_description -- -j12 -l12
[0.316s] DEBUG:colcon.colcon_core.event_handler.log_command:Invoking command in '/home/azthorax/fra333_ws/build/cocoax_interfaces': CMAKE_PREFIX_PATH=${CMAKE_PREFIX_PATH}:/opt/ros/foxy /usr/bin/cmake --build /home/azthorax/fra333_ws/build/cocoax_interfaces -- -j12 -l12
[0.324s] DEBUG:colcon.colcon_core.event_handler.log_command:Invoking command in '/home/azthorax/fra333_ws/build/cocoax_kinematics': CMAKE_PREFIX_PATH=${CMAKE_PREFIX_PATH}:/opt/ros/foxy /usr/bin/cmake --build /home/azthorax/fra333_ws/build/cocoax_kinematics -- -j12 -l12
[0.343s] DEBUG:colcon.colcon_core.event_handler.log_command:Invoked command in '/home/azthorax/fra333_ws/build/cocoax_control' returned '0': CMAKE_PREFIX_PATH=${CMAKE_PREFIX_PATH}:/opt/ros/foxy /usr/bin/cmake --build /home/azthorax/fra333_ws/build/cocoax_control -- -j12 -l12
[0.351s] DEBUG:colcon.colcon_core.event_handler.log_command:Invoked command in '/home/azthorax/fra333_ws/build/cocoax_description' returned '0': CMAKE_PREFIX_PATH=${CMAKE_PREFIX_PATH}:/opt/ros/foxy /usr/bin/cmake --build /home/azthorax/fra333_ws/build/cocoax_description -- -j12 -l12
[0.360s] DEBUG:colcon.colcon_core.event_handler.log_command:Invoked command in '/home/azthorax/fra333_ws/build/cocoax_kinematics' returned '0': CMAKE_PREFIX_PATH=${CMAKE_PREFIX_PATH}:/opt/ros/foxy /usr/bin/cmake --build /home/azthorax/fra333_ws/build/cocoax_kinematics -- -j12 -l12
[0.382s] DEBUG:colcon.colcon_core.event_handler.log_command:Invoking command in '/home/azthorax/fra333_ws/build/cocoax_control': CMAKE_PREFIX_PATH=${CMAKE_PREFIX_PATH}:/opt/ros/foxy /usr/bin/cmake --install /home/azthorax/fra333_ws/build/cocoax_control
[0.387s] DEBUG:colcon.colcon_core.event_handler.log_command:Invoking command in '/home/azthorax/fra333_ws/build/cocoax_description': CMAKE_PREFIX_PATH=${CMAKE_PREFIX_PATH}:/opt/ros/foxy /usr/bin/cmake --install /home/azthorax/fra333_ws/build/cocoax_description
[0.391s] DEBUG:colcon.colcon_core.event_handler.log_command:Invoking command in '/home/azthorax/fra333_ws/build/cocoax_kinematics': CMAKE_PREFIX_PATH=${CMAKE_PREFIX_PATH}:/opt/ros/foxy /usr/bin/cmake --install /home/azthorax/fra333_ws/build/cocoax_kinematics
[0.444s] Level 1:colcon.colcon_core.environment:create_environment_scripts_only(cocoax_control)
[0.445s] DEBUG:colcon.colcon_core.event_handler.log_command:Invoked command in '/home/azthorax/fra333_ws/build/cocoax_control' returned '0': CMAKE_PREFIX_PATH=${CMAKE_PREFIX_PATH}:/opt/ros/foxy /usr/bin/cmake --install /home/azthorax/fra333_ws/build/cocoax_control
[0.451s] Level 1:colcon.colcon_core.environment:checking '/home/azthorax/fra333_ws/install/cocoax_control' for CMake module files
[0.452s] Level 1:colcon.colcon_core.environment:checking '/home/azthorax/fra333_ws/install/cocoax_control' for CMake config files
[0.453s] Level 1:colcon.colcon_core.shell:create_environment_hook('cocoax_control', 'cmake_prefix_path')
[0.455s] INFO:colcon.colcon_core.shell:Creating environment hook '/home/azthorax/fra333_ws/install/cocoax_control/share/cocoax_control/hook/cmake_prefix_path.ps1'
[0.456s] INFO:colcon.colcon_core.shell:Creating environment descriptor '/home/azthorax/fra333_ws/install/cocoax_control/share/cocoax_control/hook/cmake_prefix_path.dsv'
[0.457s] INFO:colcon.colcon_core.shell:Creating environment hook '/home/azthorax/fra333_ws/install/cocoax_control/share/cocoax_control/hook/cmake_prefix_path.sh'
[0.458s] Level 1:colcon.colcon_core.environment:checking '/home/azthorax/fra333_ws/install/cocoax_control/lib'
[0.458s] Level 1:colcon.colcon_core.environment:checking '/home/azthorax/fra333_ws/install/cocoax_control/bin'
[0.458s] Level 1:colcon.colcon_core.environment:checking '/home/azthorax/fra333_ws/install/cocoax_control/lib/pkgconfig/cocoax_control.pc'
[0.458s] Level 1:colcon.colcon_core.environment:checking '/home/azthorax/fra333_ws/install/cocoax_control/lib/python3.8/site-packages'
[0.458s] Level 1:colcon.colcon_core.shell:create_environment_hook('cocoax_control', 'pythonpath')
[0.460s] INFO:colcon.colcon_core.shell:Creating environment hook '/home/azthorax/fra333_ws/install/cocoax_control/share/cocoax_control/hook/pythonpath.ps1'
[0.461s] INFO:colcon.colcon_core.shell:Creating environment descriptor '/home/azthorax/fra333_ws/install/cocoax_control/share/cocoax_control/hook/pythonpath.dsv'
[0.462s] INFO:colcon.colcon_core.shell:Creating environment hook '/home/azthorax/fra333_ws/install/cocoax_control/share/cocoax_control/hook/pythonpath.sh'
[0.462s] Level 1:colcon.colcon_core.environment:checking '/home/azthorax/fra333_ws/install/cocoax_control/bin'
[0.464s] INFO:colcon.colcon_core.shell:Creating package script '/home/azthorax/fra333_ws/install/cocoax_control/share/cocoax_control/package.ps1'
[0.465s] INFO:colcon.colcon_core.shell:Creating package descriptor '/home/azthorax/fra333_ws/install/cocoax_control/share/cocoax_control/package.dsv'
[0.465s] INFO:colcon.colcon_core.shell:Creating package script '/home/azthorax/fra333_ws/install/cocoax_control/share/cocoax_control/package.sh'
[0.466s] INFO:colcon.colcon_core.shell:Creating package script '/home/azthorax/fra333_ws/install/cocoax_control/share/cocoax_control/package.bash'
[0.466s] INFO:colcon.colcon_core.shell:Creating package script '/home/azthorax/fra333_ws/install/cocoax_control/share/cocoax_control/package.zsh'
[0.467s] Level 1:colcon.colcon_core.environment:create_file_with_runtime_dependencies(/home/azthorax/fra333_ws/install/cocoax_control/share/colcon-core/packages/cocoax_control)
[0.470s] Level 1:colcon.colcon_core.environment:create_environment_scripts_only(cocoax_kinematics)
[0.473s] Level 1:colcon.colcon_core.environment:checking '/home/azthorax/fra333_ws/install/cocoax_kinematics' for CMake module files
[0.474s] DEBUG:colcon.colcon_core.event_handler.log_command:Invoked command in '/home/azthorax/fra333_ws/build/cocoax_kinematics' returned '0': CMAKE_PREFIX_PATH=${CMAKE_PREFIX_PATH}:/opt/ros/foxy /usr/bin/cmake --install /home/azthorax/fra333_ws/build/cocoax_kinematics
[0.474s] Level 1:colcon.colcon_core.environment:checking '/home/azthorax/fra333_ws/install/cocoax_kinematics' for CMake config files
[0.474s] Level 1:colcon.colcon_core.shell:create_environment_hook('cocoax_kinematics', 'cmake_prefix_path')
[0.476s] INFO:colcon.colcon_core.shell:Creating environment hook '/home/azthorax/fra333_ws/install/cocoax_kinematics/share/cocoax_kinematics/hook/cmake_prefix_path.ps1'
[0.476s] INFO:colcon.colcon_core.shell:Creating environment descriptor '/home/azthorax/fra333_ws/install/cocoax_kinematics/share/cocoax_kinematics/hook/cmake_prefix_path.dsv'
[0.476s] INFO:colcon.colcon_core.shell:Creating environment hook '/home/azthorax/fra333_ws/install/cocoax_kinematics/share/cocoax_kinematics/hook/cmake_prefix_path.sh'
[0.477s] Level 1:colcon.colcon_core.environment:checking '/home/azthorax/fra333_ws/install/cocoax_kinematics/lib'
[0.477s] Level 1:colcon.colcon_core.environment:checking '/home/azthorax/fra333_ws/install/cocoax_kinematics/bin'
[0.477s] Level 1:colcon.colcon_core.environment:checking '/home/azthorax/fra333_ws/install/cocoax_kinematics/lib/pkgconfig/cocoax_kinematics.pc'
[0.477s] Level 1:colcon.colcon_core.environment:checking '/home/azthorax/fra333_ws/install/cocoax_kinematics/lib/python3.8/site-packages'
[0.477s] Level 1:colcon.colcon_core.shell:create_environment_hook('cocoax_kinematics', 'pythonpath')
[0.478s] INFO:colcon.colcon_core.shell:Creating environment hook '/home/azthorax/fra333_ws/install/cocoax_kinematics/share/cocoax_kinematics/hook/pythonpath.ps1'
[0.479s] INFO:colcon.colcon_core.shell:Creating environment descriptor '/home/azthorax/fra333_ws/install/cocoax_kinematics/share/cocoax_kinematics/hook/pythonpath.dsv'
[0.479s] INFO:colcon.colcon_core.shell:Creating environment hook '/home/azthorax/fra333_ws/install/cocoax_kinematics/share/cocoax_kinematics/hook/pythonpath.sh'
[0.479s] Level 1:colcon.colcon_core.environment:checking '/home/azthorax/fra333_ws/install/cocoax_kinematics/bin'
[0.481s] INFO:colcon.colcon_core.shell:Creating package script '/home/azthorax/fra333_ws/install/cocoax_kinematics/share/cocoax_kinematics/package.ps1'
[0.482s] INFO:colcon.colcon_core.shell:Creating package descriptor '/home/azthorax/fra333_ws/install/cocoax_kinematics/share/cocoax_kinematics/package.dsv'
[0.482s] INFO:colcon.colcon_core.shell:Creating package script '/home/azthorax/fra333_ws/install/cocoax_kinematics/share/cocoax_kinematics/package.sh'
[0.482s] INFO:colcon.colcon_core.shell:Creating package script '/home/azthorax/fra333_ws/install/cocoax_kinematics/share/cocoax_kinematics/package.bash'
[0.483s] INFO:colcon.colcon_core.shell:Creating package script '/home/azthorax/fra333_ws/install/cocoax_kinematics/share/cocoax_kinematics/package.zsh'
[0.483s] Level 1:colcon.colcon_core.environment:create_file_with_runtime_dependencies(/home/azthorax/fra333_ws/install/cocoax_kinematics/share/colcon-core/packages/cocoax_kinematics)
[0.485s] Level 1:colcon.colcon_core.environment:create_environment_scripts_only(cocoax_description)
[0.487s] Level 1:colcon.colcon_core.environment:checking '/home/azthorax/fra333_ws/install/cocoax_description' for CMake module files
[0.488s] DEBUG:colcon.colcon_core.event_handler.log_command:Invoked command in '/home/azthorax/fra333_ws/build/cocoax_description' returned '0': CMAKE_PREFIX_PATH=${CMAKE_PREFIX_PATH}:/opt/ros/foxy /usr/bin/cmake --install /home/azthorax/fra333_ws/build/cocoax_description
[0.488s] Level 1:colcon.colcon_core.environment:checking '/home/azthorax/fra333_ws/install/cocoax_description' for CMake config files
[0.489s] Level 1:colcon.colcon_core.shell:create_environment_hook('cocoax_description', 'cmake_prefix_path')
[0.490s] INFO:colcon.colcon_core.shell:Creating environment hook '/home/azthorax/fra333_ws/install/cocoax_description/share/cocoax_description/hook/cmake_prefix_path.ps1'
[0.491s] INFO:colcon.colcon_core.shell:Creating environment descriptor '/home/azthorax/fra333_ws/install/cocoax_description/share/cocoax_description/hook/cmake_prefix_path.dsv'
[0.491s] INFO:colcon.colcon_core.shell:Creating environment hook '/home/azthorax/fra333_ws/install/cocoax_description/share/cocoax_description/hook/cmake_prefix_path.sh'
[0.491s] Level 1:colcon.colcon_core.environment:checking '/home/azthorax/fra333_ws/install/cocoax_description/lib'
[0.491s] Level 1:colcon.colcon_core.environment:checking '/home/azthorax/fra333_ws/install/cocoax_description/bin'
[0.492s] Level 1:colcon.colcon_core.environment:checking '/home/azthorax/fra333_ws/install/cocoax_description/lib/pkgconfig/cocoax_description.pc'
[0.492s] Level 1:colcon.colcon_core.environment:checking '/home/azthorax/fra333_ws/install/cocoax_description/lib/python3.8/site-packages'
[0.492s] Level 1:colcon.colcon_core.shell:create_environment_hook('cocoax_description', 'pythonpath')
[0.493s] INFO:colcon.colcon_core.shell:Creating environment hook '/home/azthorax/fra333_ws/install/cocoax_description/share/cocoax_description/hook/pythonpath.ps1'
[0.494s] INFO:colcon.colcon_core.shell:Creating environment descriptor '/home/azthorax/fra333_ws/install/cocoax_description/share/cocoax_description/hook/pythonpath.dsv'
[0.494s] INFO:colcon.colcon_core.shell:Creating environment hook '/home/azthorax/fra333_ws/install/cocoax_description/share/cocoax_description/hook/pythonpath.sh'
[0.494s] Level 1:colcon.colcon_core.environment:checking '/home/azthorax/fra333_ws/install/cocoax_description/bin'
[0.496s] INFO:colcon.colcon_core.shell:Creating package script '/home/azthorax/fra333_ws/install/cocoax_description/share/cocoax_description/package.ps1'
[0.496s] INFO:colcon.colcon_core.shell:Creating package descriptor '/home/azthorax/fra333_ws/install/cocoax_description/share/cocoax_description/package.dsv'
[0.497s] INFO:colcon.colcon_core.shell:Creating package script '/home/azthorax/fra333_ws/install/cocoax_description/share/cocoax_description/package.sh'
[0.497s] INFO:colcon.colcon_core.shell:Creating package script '/home/azthorax/fra333_ws/install/cocoax_description/share/cocoax_description/package.bash'
[0.497s] INFO:colcon.colcon_core.shell:Creating package script '/home/azthorax/fra333_ws/install/cocoax_description/share/cocoax_description/package.zsh'
[0.498s] Level 1:colcon.colcon_core.environment:create_file_with_runtime_dependencies(/home/azthorax/fra333_ws/install/cocoax_description/share/colcon-core/packages/cocoax_description)
[0.507s] Level 1:colcon.colcon_core.environment:create_environment_scripts_only(cocoax_control)
[0.512s] Level 1:colcon.colcon_core.environment:checking '/home/azthorax/fra333_ws/install/cocoax_control' for CMake module files
[0.512s] Level 1:colcon.colcon_core.environment:checking '/home/azthorax/fra333_ws/install/cocoax_control' for CMake config files
[0.513s] Level 1:colcon.colcon_core.shell:create_environment_hook('cocoax_control', 'cmake_prefix_path')
[0.515s] INFO:colcon.colcon_core.shell:Creating environment hook '/home/azthorax/fra333_ws/install/cocoax_control/share/cocoax_control/hook/cmake_prefix_path.ps1'
[0.515s] INFO:colcon.colcon_core.shell:Creating environment descriptor '/home/azthorax/fra333_ws/install/cocoax_control/share/cocoax_control/hook/cmake_prefix_path.dsv'
[0.515s] INFO:colcon.colcon_core.shell:Creating environment hook '/home/azthorax/fra333_ws/install/cocoax_control/share/cocoax_control/hook/cmake_prefix_path.sh'
[0.516s] Level 1:colcon.colcon_core.environment:checking '/home/azthorax/fra333_ws/install/cocoax_control/lib'
[0.516s] Level 1:colcon.colcon_core.environment:checking '/home/azthorax/fra333_ws/install/cocoax_control/bin'
[0.516s] Level 1:colcon.colcon_core.environment:checking '/home/azthorax/fra333_ws/install/cocoax_control/lib/pkgconfig/cocoax_control.pc'
[0.516s] Level 1:colcon.colcon_core.environment:checking '/home/azthorax/fra333_ws/install/cocoax_control/lib/python3.8/site-packages'
[0.516s] Level 1:colcon.colcon_core.shell:create_environment_hook('cocoax_control', 'pythonpath')
[0.518s] INFO:colcon.colcon_core.shell:Creating environment hook '/home/azthorax/fra333_ws/install/cocoax_control/share/cocoax_control/hook/pythonpath.ps1'
[0.518s] INFO:colcon.colcon_core.shell:Creating environment descriptor '/home/azthorax/fra333_ws/install/cocoax_control/share/cocoax_control/hook/pythonpath.dsv'
[0.518s] INFO:colcon.colcon_core.shell:Creating environment hook '/home/azthorax/fra333_ws/install/cocoax_control/share/cocoax_control/hook/pythonpath.sh'
[0.519s] Level 1:colcon.colcon_core.environment:checking '/home/azthorax/fra333_ws/install/cocoax_control/bin'
[0.520s] INFO:colcon.colcon_core.shell:Creating package script '/home/azthorax/fra333_ws/install/cocoax_control/share/cocoax_control/package.ps1'
[0.520s] INFO:colcon.colcon_core.shell:Creating package descriptor '/home/azthorax/fra333_ws/install/cocoax_control/share/cocoax_control/package.dsv'
[0.521s] INFO:colcon.colcon_core.shell:Creating package script '/home/azthorax/fra333_ws/install/cocoax_control/share/cocoax_control/package.sh'
[0.521s] INFO:colcon.colcon_core.shell:Creating package script '/home/azthorax/fra333_ws/install/cocoax_control/share/cocoax_control/package.bash'
[0.522s] INFO:colcon.colcon_core.shell:Creating package script '/home/azthorax/fra333_ws/install/cocoax_control/share/cocoax_control/package.zsh'
[0.522s] Level 1:colcon.colcon_core.environment:create_file_with_runtime_dependencies(/home/azthorax/fra333_ws/install/cocoax_control/share/colcon-core/packages/cocoax_control)
[0.526s] Level 1:colcon.colcon_core.environment:create_environment_scripts_only(cocoax_kinematics)
[0.530s] Level 1:colcon.colcon_core.environment:checking '/home/azthorax/fra333_ws/install/cocoax_kinematics' for CMake module files
[0.531s] Level 1:colcon.colcon_core.environment:checking '/home/azthorax/fra333_ws/install/cocoax_kinematics' for CMake config files
[0.531s] Level 1:colcon.colcon_core.shell:create_environment_hook('cocoax_kinematics', 'cmake_prefix_path')
[0.532s] INFO:colcon.colcon_core.shell:Creating environment hook '/home/azthorax/fra333_ws/install/cocoax_kinematics/share/cocoax_kinematics/hook/cmake_prefix_path.ps1'
[0.533s] INFO:colcon.colcon_core.shell:Creating environment descriptor '/home/azthorax/fra333_ws/install/cocoax_kinematics/share/cocoax_kinematics/hook/cmake_prefix_path.dsv'
[0.533s] INFO:colcon.colcon_core.shell:Creating environment hook '/home/azthorax/fra333_ws/install/cocoax_kinematics/share/cocoax_kinematics/hook/cmake_prefix_path.sh'
[0.533s] Level 1:colcon.colcon_core.environment:checking '/home/azthorax/fra333_ws/install/cocoax_kinematics/lib'
[0.533s] Level 1:colcon.colcon_core.environment:checking '/home/azthorax/fra333_ws/install/cocoax_kinematics/bin'
[0.533s] Level 1:colcon.colcon_core.environment:checking '/home/azthorax/fra333_ws/install/cocoax_kinematics/lib/pkgconfig/cocoax_kinematics.pc'
[0.534s] Level 1:colcon.colcon_core.environment:checking '/home/azthorax/fra333_ws/install/cocoax_kinematics/lib/python3.8/site-packages'
[0.534s] Level 1:colcon.colcon_core.shell:create_environment_hook('cocoax_kinematics', 'pythonpath')
[0.535s] INFO:colcon.colcon_core.shell:Creating environment hook '/home/azthorax/fra333_ws/install/cocoax_kinematics/share/cocoax_kinematics/hook/pythonpath.ps1'
[0.535s] INFO:colcon.colcon_core.shell:Creating environment descriptor '/home/azthorax/fra333_ws/install/cocoax_kinematics/share/cocoax_kinematics/hook/pythonpath.dsv'
[0.535s] INFO:colcon.colcon_core.shell:Creating environment hook '/home/azthorax/fra333_ws/install/cocoax_kinematics/share/cocoax_kinematics/hook/pythonpath.sh'
[0.536s] Level 1:colcon.colcon_core.environment:checking '/home/azthorax/fra333_ws/install/cocoax_kinematics/bin'
[0.537s] INFO:colcon.colcon_core.shell:Creating package script '/home/azthorax/fra333_ws/install/cocoax_kinematics/share/cocoax_kinematics/package.ps1'
[0.538s] INFO:colcon.colcon_core.shell:Creating package descriptor '/home/azthorax/fra333_ws/install/cocoax_kinematics/share/cocoax_kinematics/package.dsv'
[0.538s] INFO:colcon.colcon_core.shell:Creating package script '/home/azthorax/fra333_ws/install/cocoax_kinematics/share/cocoax_kinematics/package.sh'
[0.538s] INFO:colcon.colcon_core.shell:Creating package script '/home/azthorax/fra333_ws/install/cocoax_kinematics/share/cocoax_kinematics/package.bash'
[0.539s] INFO:colcon.colcon_core.shell:Creating package script '/home/azthorax/fra333_ws/install/cocoax_kinematics/share/cocoax_kinematics/package.zsh'
[0.539s] Level 1:colcon.colcon_core.environment:create_file_with_runtime_dependencies(/home/azthorax/fra333_ws/install/cocoax_kinematics/share/colcon-core/packages/cocoax_kinematics)
[0.541s] Level 1:colcon.colcon_core.environment:create_environment_scripts_only(cocoax_description)
[0.543s] Level 1:colcon.colcon_core.environment:checking '/home/azthorax/fra333_ws/install/cocoax_description' for CMake module files
[0.543s] Level 1:colcon.colcon_core.environment:checking '/home/azthorax/fra333_ws/install/cocoax_description' for CMake config files
[0.544s] Level 1:colcon.colcon_core.shell:create_environment_hook('cocoax_description', 'cmake_prefix_path')
[0.545s] INFO:colcon.colcon_core.shell:Creating environment hook '/home/azthorax/fra333_ws/install/cocoax_description/share/cocoax_description/hook/cmake_prefix_path.ps1'
[0.545s] INFO:colcon.colcon_core.shell:Creating environment descriptor '/home/azthorax/fra333_ws/install/cocoax_description/share/cocoax_description/hook/cmake_prefix_path.dsv'
[0.546s] INFO:colcon.colcon_core.shell:Creating environment hook '/home/azthorax/fra333_ws/install/cocoax_description/share/cocoax_description/hook/cmake_prefix_path.sh'
[0.546s] Level 1:colcon.colcon_core.environment:checking '/home/azthorax/fra333_ws/install/cocoax_description/lib'
[0.546s] Level 1:colcon.colcon_core.environment:checking '/home/azthorax/fra333_ws/install/cocoax_description/bin'
[0.546s] Level 1:colcon.colcon_core.environment:checking '/home/azthorax/fra333_ws/install/cocoax_description/lib/pkgconfig/cocoax_description.pc'
[0.546s] Level 1:colcon.colcon_core.environment:checking '/home/azthorax/fra333_ws/install/cocoax_description/lib/python3.8/site-packages'
[0.546s] Level 1:colcon.colcon_core.shell:create_environment_hook('cocoax_description', 'pythonpath')
[0.548s] INFO:colcon.colcon_core.shell:Creating environment hook '/home/azthorax/fra333_ws/install/cocoax_description/share/cocoax_description/hook/pythonpath.ps1'
[0.548s] INFO:colcon.colcon_core.shell:Creating environment descriptor '/home/azthorax/fra333_ws/install/cocoax_description/share/cocoax_description/hook/pythonpath.dsv'
[0.549s] INFO:colcon.colcon_core.shell:Creating environment hook '/home/azthorax/fra333_ws/install/cocoax_description/share/cocoax_description/hook/pythonpath.sh'
[0.549s] Level 1:colcon.colcon_core.environment:checking '/home/azthorax/fra333_ws/install/cocoax_description/bin'
[0.550s] INFO:colcon.colcon_core.shell:Creating package script '/home/azthorax/fra333_ws/install/cocoax_description/share/cocoax_description/package.ps1'
[0.551s] INFO:colcon.colcon_core.shell:Creating package descriptor '/home/azthorax/fra333_ws/install/cocoax_description/share/cocoax_description/package.dsv'
[0.551s] INFO:colcon.colcon_core.shell:Creating package script '/home/azthorax/fra333_ws/install/cocoax_description/share/cocoax_description/package.sh'
[0.551s] INFO:colcon.colcon_core.shell:Creating package script '/home/azthorax/fra333_ws/install/cocoax_description/share/cocoax_description/package.bash'
[0.552s] INFO:colcon.colcon_core.shell:Creating package script '/home/azthorax/fra333_ws/install/cocoax_description/share/cocoax_description/package.zsh'
[0.552s] Level 1:colcon.colcon_core.environment:create_file_with_runtime_dependencies(/home/azthorax/fra333_ws/install/cocoax_description/share/colcon-core/packages/cocoax_description)
[5.681s] DEBUG:colcon.colcon_core.event_handler.log_command:Invoked command in '/home/azthorax/fra333_ws/build/cocoax_interfaces' returned '0': CMAKE_PREFIX_PATH=${CMAKE_PREFIX_PATH}:/opt/ros/foxy /usr/bin/cmake --build /home/azthorax/fra333_ws/build/cocoax_interfaces -- -j12 -l12
[5.775s] DEBUG:colcon.colcon_core.event_handler.log_command:Invoking command in '/home/azthorax/fra333_ws/build/cocoax_interfaces': CMAKE_PREFIX_PATH=${CMAKE_PREFIX_PATH}:/opt/ros/foxy /usr/bin/cmake --install /home/azthorax/fra333_ws/build/cocoax_interfaces
[5.868s] Level 1:colcon.colcon_core.environment:create_environment_scripts_only(cocoax_interfaces)
[5.870s] Level 1:colcon.colcon_core.environment:checking '/home/azthorax/fra333_ws/install/cocoax_interfaces' for CMake module files
[5.871s] DEBUG:colcon.colcon_core.event_handler.log_command:Invoked command in '/home/azthorax/fra333_ws/build/cocoax_interfaces' returned '0': CMAKE_PREFIX_PATH=${CMAKE_PREFIX_PATH}:/opt/ros/foxy /usr/bin/cmake --install /home/azthorax/fra333_ws/build/cocoax_interfaces
[5.872s] Level 1:colcon.colcon_core.environment:checking '/home/azthorax/fra333_ws/install/cocoax_interfaces' for CMake config files
[5.873s] Level 1:colcon.colcon_core.shell:create_environment_hook('cocoax_interfaces', 'cmake_prefix_path')
[5.876s] INFO:colcon.colcon_core.shell:Creating environment hook '/home/azthorax/fra333_ws/install/cocoax_interfaces/share/cocoax_interfaces/hook/cmake_prefix_path.ps1'
[5.877s] INFO:colcon.colcon_core.shell:Creating environment descriptor '/home/azthorax/fra333_ws/install/cocoax_interfaces/share/cocoax_interfaces/hook/cmake_prefix_path.dsv'
[5.877s] INFO:colcon.colcon_core.shell:Creating environment hook '/home/azthorax/fra333_ws/install/cocoax_interfaces/share/cocoax_interfaces/hook/cmake_prefix_path.sh'
[5.878s] Level 1:colcon.colcon_core.environment:checking '/home/azthorax/fra333_ws/install/cocoax_interfaces/lib'
[5.878s] Level 1:colcon.colcon_core.shell:create_environment_hook('cocoax_interfaces', 'ld_library_path_lib')
[5.881s] INFO:colcon.colcon_core.shell:Creating environment hook '/home/azthorax/fra333_ws/install/cocoax_interfaces/share/cocoax_interfaces/hook/ld_library_path_lib.ps1'
[5.882s] INFO:colcon.colcon_core.shell:Creating environment descriptor '/home/azthorax/fra333_ws/install/cocoax_interfaces/share/cocoax_interfaces/hook/ld_library_path_lib.dsv'
[5.882s] INFO:colcon.colcon_core.shell:Creating environment hook '/home/azthorax/fra333_ws/install/cocoax_interfaces/share/cocoax_interfaces/hook/ld_library_path_lib.sh'
[5.882s] Level 1:colcon.colcon_core.environment:checking '/home/azthorax/fra333_ws/install/cocoax_interfaces/bin'
[5.882s] Level 1:colcon.colcon_core.environment:checking '/home/azthorax/fra333_ws/install/cocoax_interfaces/lib/pkgconfig/cocoax_interfaces.pc'
[5.882s] Level 1:colcon.colcon_core.environment:checking '/home/azthorax/fra333_ws/install/cocoax_interfaces/lib/python3.8/site-packages'
[5.882s] Level 1:colcon.colcon_core.shell:create_environment_hook('cocoax_interfaces', 'pythonpath')
[5.884s] INFO:colcon.colcon_core.shell:Creating environment hook '/home/azthorax/fra333_ws/install/cocoax_interfaces/share/cocoax_interfaces/hook/pythonpath.ps1'
[5.884s] INFO:colcon.colcon_core.shell:Creating environment descriptor '/home/azthorax/fra333_ws/install/cocoax_interfaces/share/cocoax_interfaces/hook/pythonpath.dsv'
[5.884s] INFO:colcon.colcon_core.shell:Creating environment hook '/home/azthorax/fra333_ws/install/cocoax_interfaces/share/cocoax_interfaces/hook/pythonpath.sh'
[5.885s] Level 1:colcon.colcon_core.environment:checking '/home/azthorax/fra333_ws/install/cocoax_interfaces/bin'
[5.886s] INFO:colcon.colcon_core.shell:Creating package script '/home/azthorax/fra333_ws/install/cocoax_interfaces/share/cocoax_interfaces/package.ps1'
[5.886s] INFO:colcon.colcon_core.shell:Creating package descriptor '/home/azthorax/fra333_ws/install/cocoax_interfaces/share/cocoax_interfaces/package.dsv'
[5.887s] INFO:colcon.colcon_core.shell:Creating package script '/home/azthorax/fra333_ws/install/cocoax_interfaces/share/cocoax_interfaces/package.sh'
[5.887s] INFO:colcon.colcon_core.shell:Creating package script '/home/azthorax/fra333_ws/install/cocoax_interfaces/share/cocoax_interfaces/package.bash'
[5.887s] INFO:colcon.colcon_core.shell:Creating package script '/home/azthorax/fra333_ws/install/cocoax_interfaces/share/cocoax_interfaces/package.zsh'
[5.888s] Level 1:colcon.colcon_core.environment:create_file_with_runtime_dependencies(/home/azthorax/fra333_ws/install/cocoax_interfaces/share/colcon-core/packages/cocoax_interfaces)
[5.974s] Level 1:colcon.colcon_core.environment:create_environment_scripts_only(cocoax_interfaces)
[5.978s] Level 1:colcon.colcon_core.environment:checking '/home/azthorax/fra333_ws/install/cocoax_interfaces' for CMake module files
[5.979s] Level 1:colcon.colcon_core.environment:checking '/home/azthorax/fra333_ws/install/cocoax_interfaces' for CMake config files
[5.979s] Level 1:colcon.colcon_core.shell:create_environment_hook('cocoax_interfaces', 'cmake_prefix_path')
[5.981s] INFO:colcon.colcon_core.shell:Creating environment hook '/home/azthorax/fra333_ws/install/cocoax_interfaces/share/cocoax_interfaces/hook/cmake_prefix_path.ps1'
[5.981s] INFO:colcon.colcon_core.shell:Creating environment descriptor '/home/azthorax/fra333_ws/install/cocoax_interfaces/share/cocoax_interfaces/hook/cmake_prefix_path.dsv'
[5.982s] INFO:colcon.colcon_core.shell:Creating environment hook '/home/azthorax/fra333_ws/install/cocoax_interfaces/share/cocoax_interfaces/hook/cmake_prefix_path.sh'
[5.982s] Level 1:colcon.colcon_core.environment:checking '/home/azthorax/fra333_ws/install/cocoax_interfaces/lib'
[5.982s] Level 1:colcon.colcon_core.shell:create_environment_hook('cocoax_interfaces', 'ld_library_path_lib')
[5.984s] INFO:colcon.colcon_core.shell:Creating environment hook '/home/azthorax/fra333_ws/install/cocoax_interfaces/share/cocoax_interfaces/hook/ld_library_path_lib.ps1'
[5.985s] INFO:colcon.colcon_core.shell:Creating environment descriptor '/home/azthorax/fra333_ws/install/cocoax_interfaces/share/cocoax_interfaces/hook/ld_library_path_lib.dsv'
[5.985s] INFO:colcon.colcon_core.shell:Creating environment hook '/home/azthorax/fra333_ws/install/cocoax_interfaces/share/cocoax_interfaces/hook/ld_library_path_lib.sh'
[5.985s] Level 1:colcon.colcon_core.environment:checking '/home/azthorax/fra333_ws/install/cocoax_interfaces/bin'
[5.985s] Level 1:colcon.colcon_core.environment:checking '/home/azthorax/fra333_ws/install/cocoax_interfaces/lib/pkgconfig/cocoax_interfaces.pc'
[5.985s] Level 1:colcon.colcon_core.environment:checking '/home/azthorax/fra333_ws/install/cocoax_interfaces/lib/python3.8/site-packages'
[5.986s] Level 1:colcon.colcon_core.shell:create_environment_hook('cocoax_interfaces', 'pythonpath')
[5.987s] INFO:colcon.colcon_core.shell:Creating environment hook '/home/azthorax/fra333_ws/install/cocoax_interfaces/share/cocoax_interfaces/hook/pythonpath.ps1'
[5.987s] INFO:colcon.colcon_core.shell:Creating environment descriptor '/home/azthorax/fra333_ws/install/cocoax_interfaces/share/cocoax_interfaces/hook/pythonpath.dsv'
[5.988s] INFO:colcon.colcon_core.shell:Creating environment hook '/home/azthorax/fra333_ws/install/cocoax_interfaces/share/cocoax_interfaces/hook/pythonpath.sh'
[5.988s] Level 1:colcon.colcon_core.environment:checking '/home/azthorax/fra333_ws/install/cocoax_interfaces/bin'
[5.990s] INFO:colcon.colcon_core.shell:Creating package script '/home/azthorax/fra333_ws/install/cocoax_interfaces/share/cocoax_interfaces/package.ps1'
[5.990s] INFO:colcon.colcon_core.shell:Creating package descriptor '/home/azthorax/fra333_ws/install/cocoax_interfaces/share/cocoax_interfaces/package.dsv'
[5.990s] INFO:colcon.colcon_core.shell:Creating package script '/home/azthorax/fra333_ws/install/cocoax_interfaces/share/cocoax_interfaces/package.sh'
[5.991s] INFO:colcon.colcon_core.shell:Creating package script '/home/azthorax/fra333_ws/install/cocoax_interfaces/share/cocoax_interfaces/package.bash'
[5.991s] INFO:colcon.colcon_core.shell:Creating package script '/home/azthorax/fra333_ws/install/cocoax_interfaces/share/cocoax_interfaces/package.zsh'
[5.992s] Level 1:colcon.colcon_core.environment:create_file_with_runtime_dependencies(/home/azthorax/fra333_ws/install/cocoax_interfaces/share/colcon-core/packages/cocoax_interfaces)
[5.992s] DEBUG:colcon.colcon_parallel_executor.executor.parallel:closing loop
[5.992s] DEBUG:colcon.colcon_parallel_executor.executor.parallel:loop closed
[5.992s] DEBUG:colcon.colcon_parallel_executor.executor.parallel:run_until_complete finished with '0'
[5.992s] DEBUG:colcon.colcon_core.event_reactor:joining thread
[6.004s] INFO:colcon.colcon_core.plugin_system:Skipping extension 'colcon_notification.desktop_notification.terminal_notifier': Not used on non-Darwin systems
[6.004s] INFO:colcon.colcon_core.plugin_system:Skipping extension 'colcon_notification.desktop_notification.win32': Not used on non-Windows systems
[6.004s] INFO:colcon.colcon_notification.desktop_notification:Sending desktop notification using 'notify2'
[6.022s] DEBUG:colcon.colcon_core.event_reactor:joined thread
[6.024s] INFO:colcon.colcon_core.shell:Creating prefix script '/home/azthorax/fra333_ws/install/local_setup.ps1'
[6.026s] INFO:colcon.colcon_core.shell:Creating prefix util module '/home/azthorax/fra333_ws/install/_local_setup_util_ps1.py'
[6.027s] INFO:colcon.colcon_core.shell:Creating prefix chain script '/home/azthorax/fra333_ws/install/setup.ps1'
[6.028s] INFO:colcon.colcon_core.shell:Creating prefix script '/home/azthorax/fra333_ws/install/local_setup.sh'
[6.029s] INFO:colcon.colcon_core.shell:Creating prefix util module '/home/azthorax/fra333_ws/install/_local_setup_util_sh.py'
[6.029s] INFO:colcon.colcon_core.shell:Creating prefix chain script '/home/azthorax/fra333_ws/install/setup.sh'
[6.030s] INFO:colcon.colcon_core.shell:Creating prefix script '/home/azthorax/fra333_ws/install/local_setup.bash'
[6.031s] INFO:colcon.colcon_core.shell:Creating prefix chain script '/home/azthorax/fra333_ws/install/setup.bash'
[6.032s] INFO:colcon.colcon_core.shell:Creating prefix script '/home/azthorax/fra333_ws/install/local_setup.zsh'
[6.033s] INFO:colcon.colcon_core.shell:Creating prefix chain script '/home/azthorax/fra333_ws/install/setup.zsh'
