[0.126s] DEBUG:colcon:Command line arguments: ['/usr/bin/colcon', 'build', '--symlink-install']
[0.126s] DEBUG:colcon:Parsed command line arguments: Namespace(allow_overriding=[], ament_cmake_args=None, base_paths=['.'], build_base='build', catkin_cmake_args=None, catkin_skip_building_tests=False, cmake_args=None, cmake_clean_cache=False, cmake_clean_first=False, cmake_force_configure=False, cmake_target=None, cmake_target_skip_unavailable=False, continue_on_error=False, event_handlers=None, executor='parallel', ignore_user_meta=False, install_base='install', log_base=None, log_level=None, main=<bound method BuildVerb.main of <colcon_core.verb.build.BuildVerb object at 0x7ff608b54790>>, merge_install=False, metas=['./colcon.meta'], packages_above=None, packages_above_and_dependencies=None, packages_above_depth=None, packages_end=None, packages_ignore=None, packages_ignore_regex=None, packages_select=None, packages_select_build_failed=False, packages_select_by_dep=None, packages_select_regex=None, packages_select_test_failures=False, packages_skip=None, packages_skip_build_finished=False, packages_skip_by_dep=None, packages_skip_regex=None, packages_skip_test_passed=False, packages_skip_up_to=None, packages_start=None, packages_up_to=None, packages_up_to_regex=None, parallel_workers=12, paths=None, symlink_install=True, test_result_base=None, verb_extension=<colcon_core.verb.build.BuildVerb object at 0x7ff608b54790>, verb_name='build', verb_parser=<colcon_defaults.argument_parser.defaults.DefaultArgumentsDecorator object at 0x7ff608b54d00>)
[0.168s] Level 1:colcon.colcon_core.package_discovery:discover_packages(colcon_meta) check parameters
[0.168s] Level 1:colcon.colcon_core.package_discovery:discover_packages(recursive) check parameters
[0.168s] Level 1:colcon.colcon_core.package_discovery:discover_packages(ignore) check parameters
[0.168s] Level 1:colcon.colcon_core.package_discovery:discover_packages(path) check parameters
[0.168s] Level 1:colcon.colcon_core.package_discovery:discover_packages(colcon_meta) discover
[0.168s] Level 1:colcon.colcon_core.package_discovery:discover_packages(recursive) discover
[0.168s] INFO:colcon.colcon_core.package_discovery:Crawling recursively for packages in '/home/azthorax/fra333_ws'
[0.168s] Level 1:colcon.colcon_core.package_identification:_identify(.) by extensions ['ignore', 'ignore_ament_install']
[0.168s] Level 1:colcon.colcon_core.package_identification:_identify(.) by extension 'ignore'
[0.168s] Level 1:colcon.colcon_core.package_identification:_identify(.) by extension 'ignore_ament_install'
[0.168s] Level 1:colcon.colcon_core.package_identification:_identify(.) by extensions ['colcon_pkg']
[0.169s] Level 1:colcon.colcon_core.package_identification:_identify(.) by extension 'colcon_pkg'
[0.169s] Level 1:colcon.colcon_core.package_identification:_identify(.) by extensions ['colcon_meta']
[0.169s] Level 1:colcon.colcon_core.package_identification:_identify(.) by extension 'colcon_meta'
[0.169s] Level 1:colcon.colcon_core.package_identification:_identify(.) by extensions ['ros']
[0.169s] Level 1:colcon.colcon_core.package_identification:_identify(.) by extension 'ros'
[0.177s] Level 1:colcon.colcon_core.package_identification:_identify(.) by extensions ['cmake', 'python']
[0.178s] Level 1:colcon.colcon_core.package_identification:_identify(.) by extension 'cmake'
[0.178s] Level 1:colcon.colcon_core.package_identification:_identify(.) by extension 'python'
[0.178s] Level 1:colcon.colcon_core.package_identification:_identify(.) by extensions ['python_setup_py']
[0.178s] Level 1:colcon.colcon_core.package_identification:_identify(.) by extension 'python_setup_py'
[0.178s] Level 1:colcon.colcon_core.package_identification:_identify(build) by extensions ['ignore', 'ignore_ament_install']
[0.178s] Level 1:colcon.colcon_core.package_identification:_identify(build) by extension 'ignore'
[0.178s] Level 1:colcon.colcon_core.package_identification:_identify(build) ignored
[0.178s] Level 1:colcon.colcon_core.package_identification:_identify(install) by extensions ['ignore', 'ignore_ament_install']
[0.178s] Level 1:colcon.colcon_core.package_identification:_identify(install) by extension 'ignore'
[0.178s] Level 1:colcon.colcon_core.package_identification:_identify(install) ignored
[0.178s] Level 1:colcon.colcon_core.package_identification:_identify(log) by extensions ['ignore', 'ignore_ament_install']
[0.178s] Level 1:colcon.colcon_core.package_identification:_identify(log) by extension 'ignore'
[0.178s] Level 1:colcon.colcon_core.package_identification:_identify(log) ignored
[0.178s] Level 1:colcon.colcon_core.package_identification:_identify(src) by extensions ['ignore', 'ignore_ament_install']
[0.178s] Level 1:colcon.colcon_core.package_identification:_identify(src) by extension 'ignore'
[0.178s] Level 1:colcon.colcon_core.package_identification:_identify(src) by extension 'ignore_ament_install'
[0.178s] Level 1:colcon.colcon_core.package_identification:_identify(src) by extensions ['colcon_pkg']
[0.179s] Level 1:colcon.colcon_core.package_identification:_identify(src) by extension 'colcon_pkg'
[0.179s] Level 1:colcon.colcon_core.package_identification:_identify(src) by extensions ['colcon_meta']
[0.179s] Level 1:colcon.colcon_core.package_identification:_identify(src) by extension 'colcon_meta'
[0.179s] Level 1:colcon.colcon_core.package_identification:_identify(src) by extensions ['ros']
[0.179s] Level 1:colcon.colcon_core.package_identification:_identify(src) by extension 'ros'
[0.179s] Level 1:colcon.colcon_core.package_identification:_identify(src) by extensions ['cmake', 'python']
[0.179s] Level 1:colcon.colcon_core.package_identification:_identify(src) by extension 'cmake'
[0.179s] Level 1:colcon.colcon_core.package_identification:_identify(src) by extension 'python'
[0.179s] Level 1:colcon.colcon_core.package_identification:_identify(src) by extensions ['python_setup_py']
[0.179s] Level 1:colcon.colcon_core.package_identification:_identify(src) by extension 'python_setup_py'
[0.179s] Level 1:colcon.colcon_core.package_identification:_identify(src/fra333_lab4_25_v1) by extensions ['ignore', 'ignore_ament_install']
[0.179s] Level 1:colcon.colcon_core.package_identification:_identify(src/fra333_lab4_25_v1) by extension 'ignore'
[0.179s] Level 1:colcon.colcon_core.package_identification:_identify(src/fra333_lab4_25_v1) by extension 'ignore_ament_install'
[0.179s] Level 1:colcon.colcon_core.package_identification:_identify(src/fra333_lab4_25_v1) by extensions ['colcon_pkg']
[0.179s] Level 1:colcon.colcon_core.package_identification:_identify(src/fra333_lab4_25_v1) by extension 'colcon_pkg'
[0.179s] Level 1:colcon.colcon_core.package_identification:_identify(src/fra333_lab4_25_v1) by extensions ['colcon_meta']
[0.179s] Level 1:colcon.colcon_core.package_identification:_identify(src/fra333_lab4_25_v1) by extension 'colcon_meta'
[0.179s] Level 1:colcon.colcon_core.package_identification:_identify(src/fra333_lab4_25_v1) by extensions ['ros']
[0.179s] Level 1:colcon.colcon_core.package_identification:_identify(src/fra333_lab4_25_v1) by extension 'ros'
[0.179s] Level 1:colcon.colcon_core.package_identification:_identify(src/fra333_lab4_25_v1) by extensions ['cmake', 'python']
[0.179s] Level 1:colcon.colcon_core.package_identification:_identify(src/fra333_lab4_25_v1) by extension 'cmake'
[0.179s] Level 1:colcon.colcon_core.package_identification:_identify(src/fra333_lab4_25_v1) by extension 'python'
[0.179s] Level 1:colcon.colcon_core.package_identification:_identify(src/fra333_lab4_25_v1) by extensions ['python_setup_py']
[0.179s] Level 1:colcon.colcon_core.package_identification:_identify(src/fra333_lab4_25_v1) by extension 'python_setup_py'
[0.179s] Level 1:colcon.colcon_core.package_identification:_identify(src/fra333_lab4_25_v1/cocoax_control) by extensions ['ignore', 'ignore_ament_install']
[0.179s] Level 1:colcon.colcon_core.package_identification:_identify(src/fra333_lab4_25_v1/cocoax_control) by extension 'ignore'
[0.180s] Level 1:colcon.colcon_core.package_identification:_identify(src/fra333_lab4_25_v1/cocoax_control) by extension 'ignore_ament_install'
[0.180s] Level 1:colcon.colcon_core.package_identification:_identify(src/fra333_lab4_25_v1/cocoax_control) by extensions ['colcon_pkg']
[0.180s] Level 1:colcon.colcon_core.package_identification:_identify(src/fra333_lab4_25_v1/cocoax_control) by extension 'colcon_pkg'
[0.180s] Level 1:colcon.colcon_core.package_identification:_identify(src/fra333_lab4_25_v1/cocoax_control) by extensions ['colcon_meta']
[0.180s] Level 1:colcon.colcon_core.package_identification:_identify(src/fra333_lab4_25_v1/cocoax_control) by extension 'colcon_meta'
[0.180s] Level 1:colcon.colcon_core.package_identification:_identify(src/fra333_lab4_25_v1/cocoax_control) by extensions ['ros']
[0.180s] Level 1:colcon.colcon_core.package_identification:_identify(src/fra333_lab4_25_v1/cocoax_control) by extension 'ros'
[0.182s] DEBUG:colcon.colcon_core.package_identification:Package 'src/fra333_lab4_25_v1/cocoax_control' with type 'ros.ament_cmake' and name 'cocoax_control'
[0.182s] Level 1:colcon.colcon_core.package_identification:_identify(src/fra333_lab4_25_v1/cocoax_description) by extensions ['ignore', 'ignore_ament_install']
[0.182s] Level 1:colcon.colcon_core.package_identification:_identify(src/fra333_lab4_25_v1/cocoax_description) by extension 'ignore'
[0.182s] Level 1:colcon.colcon_core.package_identification:_identify(src/fra333_lab4_25_v1/cocoax_description) by extension 'ignore_ament_install'
[0.182s] Level 1:colcon.colcon_core.package_identification:_identify(src/fra333_lab4_25_v1/cocoax_description) by extensions ['colcon_pkg']
[0.182s] Level 1:colcon.colcon_core.package_identification:_identify(src/fra333_lab4_25_v1/cocoax_description) by extension 'colcon_pkg'
[0.182s] Level 1:colcon.colcon_core.package_identification:_identify(src/fra333_lab4_25_v1/cocoax_description) by extensions ['colcon_meta']
[0.182s] Level 1:colcon.colcon_core.package_identification:_identify(src/fra333_lab4_25_v1/cocoax_description) by extension 'colcon_meta'
[0.182s] Level 1:colcon.colcon_core.package_identification:_identify(src/fra333_lab4_25_v1/cocoax_description) by extensions ['ros']
[0.182s] Level 1:colcon.colcon_core.package_identification:_identify(src/fra333_lab4_25_v1/cocoax_description) by extension 'ros'
[0.183s] DEBUG:colcon.colcon_core.package_identification:Package 'src/fra333_lab4_25_v1/cocoax_description' with type 'ros.ament_cmake' and name 'cocoax_description'
[0.183s] Level 1:colcon.colcon_core.package_identification:_identify(src/fra333_lab4_25_v1/cocoax_interfaces) by extensions ['ignore', 'ignore_ament_install']
[0.183s] Level 1:colcon.colcon_core.package_identification:_identify(src/fra333_lab4_25_v1/cocoax_interfaces) by extension 'ignore'
[0.183s] Level 1:colcon.colcon_core.package_identification:_identify(src/fra333_lab4_25_v1/cocoax_interfaces) by extension 'ignore_ament_install'
[0.183s] Level 1:colcon.colcon_core.package_identification:_identify(src/fra333_lab4_25_v1/cocoax_interfaces) by extensions ['colcon_pkg']
[0.183s] Level 1:colcon.colcon_core.package_identification:_identify(src/fra333_lab4_25_v1/cocoax_interfaces) by extension 'colcon_pkg'
[0.183s] Level 1:colcon.colcon_core.package_identification:_identify(src/fra333_lab4_25_v1/cocoax_interfaces) by extensions ['colcon_meta']
[0.183s] Level 1:colcon.colcon_core.package_identification:_identify(src/fra333_lab4_25_v1/cocoax_interfaces) by extension 'colcon_meta'
[0.183s] Level 1:colcon.colcon_core.package_identification:_identify(src/fra333_lab4_25_v1/cocoax_interfaces) by extensions ['ros']
[0.183s] Level 1:colcon.colcon_core.package_identification:_identify(src/fra333_lab4_25_v1/cocoax_interfaces) by extension 'ros'
[0.184s] DEBUG:colcon.colcon_core.package_identification:Package 'src/fra333_lab4_25_v1/cocoax_interfaces' with type 'ros.ament_cmake' and name 'cocoax_interfaces'
[0.184s] Level 1:colcon.colcon_core.package_identification:_identify(src/fra333_lab4_25_v1/cocoax_kinematics) by extensions ['ignore', 'ignore_ament_install']
[0.184s] Level 1:colcon.colcon_core.package_identification:_identify(src/fra333_lab4_25_v1/cocoax_kinematics) by extension 'ignore'
[0.184s] Level 1:colcon.colcon_core.package_identification:_identify(src/fra333_lab4_25_v1/cocoax_kinematics) by extension 'ignore_ament_install'
[0.184s] Level 1:colcon.colcon_core.package_identification:_identify(src/fra333_lab4_25_v1/cocoax_kinematics) by extensions ['colcon_pkg']
[0.184s] Level 1:colcon.colcon_core.package_identification:_identify(src/fra333_lab4_25_v1/cocoax_kinematics) by extension 'colcon_pkg'
[0.184s] Level 1:colcon.colcon_core.package_identification:_identify(src/fra333_lab4_25_v1/cocoax_kinematics) by extensions ['colcon_meta']
[0.184s] Level 1:colcon.colcon_core.package_identification:_identify(src/fra333_lab4_25_v1/cocoax_kinematics) by extension 'colcon_meta'
[0.184s] Level 1:colcon.colcon_core.package_identification:_identify(src/fra333_lab4_25_v1/cocoax_kinematics) by extensions ['ros']
[0.184s] Level 1:colcon.colcon_core.package_identification:_identify(src/fra333_lab4_25_v1/cocoax_kinematics) by extension 'ros'
[0.185s] DEBUG:colcon.colcon_core.package_identification:Package 'src/fra333_lab4_25_v1/cocoax_kinematics' with type 'ros.ament_cmake' and name 'cocoax_kinematics'
[0.185s] Level 1:colcon.colcon_core.package_identification:_identify(src/fra333_lab4_25_v1/doc) by extensions ['ignore', 'ignore_ament_install']
[0.185s] Level 1:colcon.colcon_core.package_identification:_identify(src/fra333_lab4_25_v1/doc) by extension 'ignore'
[0.185s] Level 1:colcon.colcon_core.package_identification:_identify(src/fra333_lab4_25_v1/doc) by extension 'ignore_ament_install'
[0.185s] Level 1:colcon.colcon_core.package_identification:_identify(src/fra333_lab4_25_v1/doc) by extensions ['colcon_pkg']
[0.185s] Level 1:colcon.colcon_core.package_identification:_identify(src/fra333_lab4_25_v1/doc) by extension 'colcon_pkg'
[0.185s] Level 1:colcon.colcon_core.package_identification:_identify(src/fra333_lab4_25_v1/doc) by extensions ['colcon_meta']
[0.185s] Level 1:colcon.colcon_core.package_identification:_identify(src/fra333_lab4_25_v1/doc) by extension 'colcon_meta'
[0.185s] Level 1:colcon.colcon_core.package_identification:_identify(src/fra333_lab4_25_v1/doc) by extensions ['ros']
[0.185s] Level 1:colcon.colcon_core.package_identification:_identify(src/fra333_lab4_25_v1/doc) by extension 'ros'
[0.185s] Level 1:colcon.colcon_core.package_identification:_identify(src/fra333_lab4_25_v1/doc) by extensions ['cmake', 'python']
[0.185s] Level 1:colcon.colcon_core.package_identification:_identify(src/fra333_lab4_25_v1/doc) by extension 'cmake'
[0.185s] Level 1:colcon.colcon_core.package_identification:_identify(src/fra333_lab4_25_v1/doc) by extension 'python'
[0.185s] Level 1:colcon.colcon_core.package_identification:_identify(src/fra333_lab4_25_v1/doc) by extensions ['python_setup_py']
[0.185s] Level 1:colcon.colcon_core.package_identification:_identify(src/fra333_lab4_25_v1/doc) by extension 'python_setup_py'
[0.186s] Level 1:colcon.colcon_core.package_identification:_identify(src/fra333_lab4_25_v1/doc/Note) by extensions ['ignore', 'ignore_ament_install']
[0.186s] Level 1:colcon.colcon_core.package_identification:_identify(src/fra333_lab4_25_v1/doc/Note) by extension 'ignore'
[0.186s] Level 1:colcon.colcon_core.package_identification:_identify(src/fra333_lab4_25_v1/doc/Note) by extension 'ignore_ament_install'
[0.186s] Level 1:colcon.colcon_core.package_identification:_identify(src/fra333_lab4_25_v1/doc/Note) by extensions ['colcon_pkg']
[0.186s] Level 1:colcon.colcon_core.package_identification:_identify(src/fra333_lab4_25_v1/doc/Note) by extension 'colcon_pkg'
[0.186s] Level 1:colcon.colcon_core.package_identification:_identify(src/fra333_lab4_25_v1/doc/Note) by extensions ['colcon_meta']
[0.186s] Level 1:colcon.colcon_core.package_identification:_identify(src/fra333_lab4_25_v1/doc/Note) by extension 'colcon_meta'
[0.186s] Level 1:colcon.colcon_core.package_identification:_identify(src/fra333_lab4_25_v1/doc/Note) by extensions ['ros']
[0.186s] Level 1:colcon.colcon_core.package_identification:_identify(src/fra333_lab4_25_v1/doc/Note) by extension 'ros'
[0.186s] Level 1:colcon.colcon_core.package_identification:_identify(src/fra333_lab4_25_v1/doc/Note) by extensions ['cmake', 'python']
[0.186s] Level 1:colcon.colcon_core.package_identification:_identify(src/fra333_lab4_25_v1/doc/Note) by extension 'cmake'
[0.186s] Level 1:colcon.colcon_core.package_identification:_identify(src/fra333_lab4_25_v1/doc/Note) by extension 'python'
[0.186s] Level 1:colcon.colcon_core.package_identification:_identify(src/fra333_lab4_25_v1/doc/Note) by extensions ['python_setup_py']
[0.186s] Level 1:colcon.colcon_core.package_identification:_identify(src/fra333_lab4_25_v1/doc/Note) by extension 'python_setup_py'
[0.186s] Level 1:colcon.colcon_core.package_identification:_identify(src/fra333_lab4_25_v1/doc/img) by extensions ['ignore', 'ignore_ament_install']
[0.186s] Level 1:colcon.colcon_core.package_identification:_identify(src/fra333_lab4_25_v1/doc/img) by extension 'ignore'
[0.186s] Level 1:colcon.colcon_core.package_identification:_identify(src/fra333_lab4_25_v1/doc/img) by extension 'ignore_ament_install'
[0.186s] Level 1:colcon.colcon_core.package_identification:_identify(src/fra333_lab4_25_v1/doc/img) by extensions ['colcon_pkg']
[0.186s] Level 1:colcon.colcon_core.package_identification:_identify(src/fra333_lab4_25_v1/doc/img) by extension 'colcon_pkg'
[0.186s] Level 1:colcon.colcon_core.package_identification:_identify(src/fra333_lab4_25_v1/doc/img) by extensions ['colcon_meta']
[0.186s] Level 1:colcon.colcon_core.package_identification:_identify(src/fra333_lab4_25_v1/doc/img) by extension 'colcon_meta'
[0.186s] Level 1:colcon.colcon_core.package_identification:_identify(src/fra333_lab4_25_v1/doc/img) by extensions ['ros']
[0.186s] Level 1:colcon.colcon_core.package_identification:_identify(src/fra333_lab4_25_v1/doc/img) by extension 'ros'
[0.187s] Level 1:colcon.colcon_core.package_identification:_identify(src/fra333_lab4_25_v1/doc/img) by extensions ['cmake', 'python']
[0.187s] Level 1:colcon.colcon_core.package_identification:_identify(src/fra333_lab4_25_v1/doc/img) by extension 'cmake'
[0.187s] Level 1:colcon.colcon_core.package_identification:_identify(src/fra333_lab4_25_v1/doc/img) by extension 'python'
[0.187s] Level 1:colcon.colcon_core.package_identification:_identify(src/fra333_lab4_25_v1/doc/img) by extensions ['python_setup_py']
[0.187s] Level 1:colcon.colcon_core.package_identification:_identify(src/fra333_lab4_25_v1/doc/img) by extension 'python_setup_py'
[0.187s] Level 1:colcon.colcon_core.package_discovery:discover_packages(recursive) using defaults
[0.187s] Level 1:colcon.colcon_core.package_discovery:discover_packages(ignore) discover
[0.187s] Level 1:colcon.colcon_core.package_discovery:discover_packages(ignore) using defaults
[0.187s] Level 1:colcon.colcon_core.package_discovery:discover_packages(path) discover
[0.187s] Level 1:colcon.colcon_core.package_discovery:discover_packages(path) using defaults
[0.207s] Level 1:colcon.colcon_core.package_discovery:discover_packages(prefix_path) check parameters
[0.208s] Level 1:colcon.colcon_core.package_discovery:discover_packages(prefix_path) discover
[0.211s] DEBUG:colcon.colcon_installed_package_information.package_discovery:Found 289 installed packages in /opt/ros/foxy
[0.213s] Level 1:colcon.colcon_core.package_discovery:discover_packages(prefix_path) using defaults
[0.279s] Level 5:colcon.colcon_core.verb:set package 'cocoax_control' build argument 'cmake_args' from command line to 'None'
[0.279s] Level 5:colcon.colcon_core.verb:set package 'cocoax_control' build argument 'cmake_target' from command line to 'None'
[0.279s] Level 5:colcon.colcon_core.verb:set package 'cocoax_control' build argument 'cmake_target_skip_unavailable' from command line to 'False'
[0.279s] Level 5:colcon.colcon_core.verb:set package 'cocoax_control' build argument 'cmake_clean_cache' from command line to 'False'
[0.279s] Level 5:colcon.colcon_core.verb:set package 'cocoax_control' build argument 'cmake_clean_first' from command line to 'False'
[0.279s] Level 5:colcon.colcon_core.verb:set package 'cocoax_control' build argument 'cmake_force_configure' from command line to 'False'
[0.279s] Level 5:colcon.colcon_core.verb:set package 'cocoax_control' build argument 'ament_cmake_args' from command line to 'None'
[0.279s] Level 5:colcon.colcon_core.verb:set package 'cocoax_control' build argument 'catkin_cmake_args' from command line to 'None'
[0.279s] Level 5:colcon.colcon_core.verb:set package 'cocoax_control' build argument 'catkin_skip_building_tests' from command line to 'False'
[0.279s] DEBUG:colcon.colcon_core.verb:Building package 'cocoax_control' with the following arguments: {'ament_cmake_args': None, 'build_base': '/home/azthorax/fra333_ws/build/cocoax_control', 'catkin_cmake_args': None, 'catkin_skip_building_tests': False, 'cmake_args': None, 'cmake_clean_cache': False, 'cmake_clean_first': False, 'cmake_force_configure': False, 'cmake_target': None, 'cmake_target_skip_unavailable': False, 'install_base': '/home/azthorax/fra333_ws/install/cocoax_control', 'merge_install': False, 'path': '/home/azthorax/fra333_ws/src/fra333_lab4_25_v1/cocoax_control', 'symlink_install': True, 'test_result_base': None}
[0.280s] Level 5:colcon.colcon_core.verb:set package 'cocoax_description' build argument 'cmake_args' from command line to 'None'
[0.280s] Level 5:colcon.colcon_core.verb:set package 'cocoax_description' build argument 'cmake_target' from command line to 'None'
[0.280s] Level 5:colcon.colcon_core.verb:set package 'cocoax_description' build argument 'cmake_target_skip_unavailable' from command line to 'False'
[0.280s] Level 5:colcon.colcon_core.verb:set package 'cocoax_description' build argument 'cmake_clean_cache' from command line to 'False'
[0.280s] Level 5:colcon.colcon_core.verb:set package 'cocoax_description' build argument 'cmake_clean_first' from command line to 'False'
[0.280s] Level 5:colcon.colcon_core.verb:set package 'cocoax_description' build argument 'cmake_force_configure' from command line to 'False'
[0.280s] Level 5:colcon.colcon_core.verb:set package 'cocoax_description' build argument 'ament_cmake_args' from command line to 'None'
[0.280s] Level 5:colcon.colcon_core.verb:set package 'cocoax_description' build argument 'catkin_cmake_args' from command line to 'None'
[0.280s] Level 5:colcon.colcon_core.verb:set package 'cocoax_description' build argument 'catkin_skip_building_tests' from command line to 'False'
[0.280s] DEBUG:colcon.colcon_core.verb:Building package 'cocoax_description' with the following arguments: {'ament_cmake_args': None, 'build_base': '/home/azthorax/fra333_ws/build/cocoax_description', 'catkin_cmake_args': None, 'catkin_skip_building_tests': False, 'cmake_args': None, 'cmake_clean_cache': False, 'cmake_clean_first': False, 'cmake_force_configure': False, 'cmake_target': None, 'cmake_target_skip_unavailable': False, 'install_base': '/home/azthorax/fra333_ws/install/cocoax_description', 'merge_install': False, 'path': '/home/azthorax/fra333_ws/src/fra333_lab4_25_v1/cocoax_description', 'symlink_install': True, 'test_result_base': None}
[0.281s] Level 5:colcon.colcon_core.verb:set package 'cocoax_interfaces' build argument 'cmake_args' from command line to 'None'
[0.281s] Level 5:colcon.colcon_core.verb:set package 'cocoax_interfaces' build argument 'cmake_target' from command line to 'None'
[0.281s] Level 5:colcon.colcon_core.verb:set package 'cocoax_interfaces' build argument 'cmake_target_skip_unavailable' from command line to 'False'
[0.281s] Level 5:colcon.colcon_core.verb:set package 'cocoax_interfaces' build argument 'cmake_clean_cache' from command line to 'False'
[0.281s] Level 5:colcon.colcon_core.verb:set package 'cocoax_interfaces' build argument 'cmake_clean_first' from command line to 'False'
[0.281s] Level 5:colcon.colcon_core.verb:set package 'cocoax_interfaces' build argument 'cmake_force_configure' from command line to 'False'
[0.281s] Level 5:colcon.colcon_core.verb:set package 'cocoax_interfaces' build argument 'ament_cmake_args' from command line to 'None'
[0.281s] Level 5:colcon.colcon_core.verb:set package 'cocoax_interfaces' build argument 'catkin_cmake_args' from command line to 'None'
[0.281s] Level 5:colcon.colcon_core.verb:set package 'cocoax_interfaces' build argument 'catkin_skip_building_tests' from command line to 'False'
[0.281s] DEBUG:colcon.colcon_core.verb:Building package 'cocoax_interfaces' with the following arguments: {'ament_cmake_args': None, 'build_base': '/home/azthorax/fra333_ws/build/cocoax_interfaces', 'catkin_cmake_args': None, 'catkin_skip_building_tests': False, 'cmake_args': None, 'cmake_clean_cache': False, 'cmake_clean_first': False, 'cmake_force_configure': False, 'cmake_target': None, 'cmake_target_skip_unavailable': False, 'install_base': '/home/azthorax/fra333_ws/install/cocoax_interfaces', 'merge_install': False, 'path': '/home/azthorax/fra333_ws/src/fra333_lab4_25_v1/cocoax_interfaces', 'symlink_install': True, 'test_result_base': None}
[0.282s] Level 5:colcon.colcon_core.verb:set package 'cocoax_kinematics' build argument 'cmake_args' from command line to 'None'
[0.282s] Level 5:colcon.colcon_core.verb:set package 'cocoax_kinematics' build argument 'cmake_target' from command line to 'None'
[0.282s] Level 5:colcon.colcon_core.verb:set package 'cocoax_kinematics' build argument 'cmake_target_skip_unavailable' from command line to 'False'
[0.282s] Level 5:colcon.colcon_core.verb:set package 'cocoax_kinematics' build argument 'cmake_clean_cache' from command line to 'False'
[0.282s] Level 5:colcon.colcon_core.verb:set package 'cocoax_kinematics' build argument 'cmake_clean_first' from command line to 'False'
[0.282s] Level 5:colcon.colcon_core.verb:set package 'cocoax_kinematics' build argument 'cmake_force_configure' from command line to 'False'
[0.282s] Level 5:colcon.colcon_core.verb:set package 'cocoax_kinematics' build argument 'ament_cmake_args' from command line to 'None'
[0.282s] Level 5:colcon.colcon_core.verb:set package 'cocoax_kinematics' build argument 'catkin_cmake_args' from command line to 'None'
[0.283s] Level 5:colcon.colcon_core.verb:set package 'cocoax_kinematics' build argument 'catkin_skip_building_tests' from command line to 'False'
[0.283s] DEBUG:colcon.colcon_core.verb:Building package 'cocoax_kinematics' with the following arguments: {'ament_cmake_args': None, 'build_base': '/home/azthorax/fra333_ws/build/cocoax_kinematics', 'catkin_cmake_args': None, 'catkin_skip_building_tests': False, 'cmake_args': None, 'cmake_clean_cache': False, 'cmake_clean_first': False, 'cmake_force_configure': False, 'cmake_target': None, 'cmake_target_skip_unavailable': False, 'install_base': '/home/azthorax/fra333_ws/install/cocoax_kinematics', 'merge_install': False, 'path': '/home/azthorax/fra333_ws/src/fra333_lab4_25_v1/cocoax_kinematics', 'symlink_install': True, 'test_result_base': None}
[0.283s] INFO:colcon.colcon_core.executor:Executing jobs using 'parallel' executor
[0.287s] DEBUG:colcon.colcon_parallel_executor.executor.parallel:run_until_complete
[0.287s] INFO:colcon.colcon_ros.task.ament_cmake.build:Building ROS package in '/home/azthorax/fra333_ws/src/fra333_lab4_25_v1/cocoax_control' with build type 'ament_cmake'
[0.287s] INFO:colcon.colcon_cmake.task.cmake.build:Building CMake package in '/home/azthorax/fra333_ws/src/fra333_lab4_25_v1/cocoax_control'
[0.294s] INFO:colcon.colcon_core.plugin_system:Skipping extension 'colcon_core.shell.bat': Not used on non-Windows systems
[0.294s] INFO:colcon.colcon_core.shell:Skip shell extension 'powershell' for command environment: Not usable outside of PowerShell
[0.294s] DEBUG:colcon.colcon_core.shell:Skip shell extension 'dsv' for command environment
[0.300s] INFO:colcon.colcon_ros.task.ament_cmake.build:Building ROS package in '/home/azthorax/fra333_ws/src/fra333_lab4_25_v1/cocoax_description' with build type 'ament_cmake'
[0.300s] INFO:colcon.colcon_cmake.task.cmake.build:Building CMake package in '/home/azthorax/fra333_ws/src/fra333_lab4_25_v1/cocoax_description'
[0.301s] INFO:colcon.colcon_core.shell:Skip shell extension 'powershell' for command environment: Not usable outside of PowerShell
[0.301s] DEBUG:colcon.colcon_core.shell:Skip shell extension 'dsv' for command environment
[0.306s] INFO:colcon.colcon_ros.task.ament_cmake.build:Building ROS package in '/home/azthorax/fra333_ws/src/fra333_lab4_25_v1/cocoax_interfaces' with build type 'ament_cmake'
[0.307s] INFO:colcon.colcon_cmake.task.cmake.build:Building CMake package in '/home/azthorax/fra333_ws/src/fra333_lab4_25_v1/cocoax_interfaces'
[0.308s] INFO:colcon.colcon_core.shell:Skip shell extension 'powershell' for command environment: Not usable outside of PowerShell
[0.308s] DEBUG:colcon.colcon_core.shell:Skip shell extension 'dsv' for command environment
[0.313s] INFO:colcon.colcon_ros.task.ament_cmake.build:Building ROS package in '/home/azthorax/fra333_ws/src/fra333_lab4_25_v1/cocoax_kinematics' with build type 'ament_cmake'
[0.314s] INFO:colcon.colcon_cmake.task.cmake.build:Building CMake package in '/home/azthorax/fra333_ws/src/fra333_lab4_25_v1/cocoax_kinematics'
[0.315s] INFO:colcon.colcon_core.shell:Skip shell extension 'powershell' for command environment: Not usable outside of PowerShell
[0.315s] DEBUG:colcon.colcon_core.shell:Skip shell extension 'dsv' for command environment
[0.331s] DEBUG:colcon.colcon_core.event_handler.log_command:Invoking command in '/home/azthorax/fra333_ws/build/cocoax_control': CMAKE_PREFIX_PATH=/opt/ros/foxy /usr/bin/cmake /home/azthorax/fra333_ws/src/fra333_lab4_25_v1/cocoax_control -DAMENT_CMAKE_SYMLINK_INSTALL=1 -DCMAKE_INSTALL_PREFIX=/home/azthorax/fra333_ws/install/cocoax_control
[0.338s] DEBUG:colcon.colcon_core.event_handler.log_command:Invoking command in '/home/azthorax/fra333_ws/build/cocoax_description': CMAKE_PREFIX_PATH=/opt/ros/foxy /usr/bin/cmake /home/azthorax/fra333_ws/src/fra333_lab4_25_v1/cocoax_description -DAMENT_CMAKE_SYMLINK_INSTALL=1 -DCMAKE_INSTALL_PREFIX=/home/azthorax/fra333_ws/install/cocoax_description
[0.342s] DEBUG:colcon.colcon_core.event_handler.log_command:Invoking command in '/home/azthorax/fra333_ws/build/cocoax_interfaces': CMAKE_PREFIX_PATH=/opt/ros/foxy /usr/bin/cmake /home/azthorax/fra333_ws/src/fra333_lab4_25_v1/cocoax_interfaces -DAMENT_CMAKE_SYMLINK_INSTALL=1 -DCMAKE_INSTALL_PREFIX=/home/azthorax/fra333_ws/install/cocoax_interfaces
[0.350s] DEBUG:colcon.colcon_core.event_handler.log_command:Invoking command in '/home/azthorax/fra333_ws/build/cocoax_kinematics': CMAKE_PREFIX_PATH=/opt/ros/foxy /usr/bin/cmake /home/azthorax/fra333_ws/src/fra333_lab4_25_v1/cocoax_kinematics -DAMENT_CMAKE_SYMLINK_INSTALL=1 -DCMAKE_INSTALL_PREFIX=/home/azthorax/fra333_ws/install/cocoax_kinematics
[2.075s] DEBUG:colcon.colcon_core.event_handler.log_command:Invoked command in '/home/azthorax/fra333_ws/build/cocoax_description' returned '0': CMAKE_PREFIX_PATH=/opt/ros/foxy /usr/bin/cmake /home/azthorax/fra333_ws/src/fra333_lab4_25_v1/cocoax_description -DAMENT_CMAKE_SYMLINK_INSTALL=1 -DCMAKE_INSTALL_PREFIX=/home/azthorax/fra333_ws/install/cocoax_description
[2.080s] DEBUG:colcon.colcon_core.event_handler.log_command:Invoking command in '/home/azthorax/fra333_ws/build/cocoax_description': CMAKE_PREFIX_PATH=/opt/ros/foxy /usr/bin/cmake --build /home/azthorax/fra333_ws/build/cocoax_description -- -j12 -l12
[2.082s] DEBUG:colcon.colcon_core.event_handler.log_command:Invoked command in '/home/azthorax/fra333_ws/build/cocoax_control' returned '0': CMAKE_PREFIX_PATH=/opt/ros/foxy /usr/bin/cmake /home/azthorax/fra333_ws/src/fra333_lab4_25_v1/cocoax_control -DAMENT_CMAKE_SYMLINK_INSTALL=1 -DCMAKE_INSTALL_PREFIX=/home/azthorax/fra333_ws/install/cocoax_control
[2.085s] DEBUG:colcon.colcon_core.event_handler.log_command:Invoking command in '/home/azthorax/fra333_ws/build/cocoax_control': CMAKE_PREFIX_PATH=/opt/ros/foxy /usr/bin/cmake --build /home/azthorax/fra333_ws/build/cocoax_control -- -j12 -l12
[2.113s] DEBUG:colcon.colcon_core.event_handler.log_command:Invoked command in '/home/azthorax/fra333_ws/build/cocoax_kinematics' returned '0': CMAKE_PREFIX_PATH=/opt/ros/foxy /usr/bin/cmake /home/azthorax/fra333_ws/src/fra333_lab4_25_v1/cocoax_kinematics -DAMENT_CMAKE_SYMLINK_INSTALL=1 -DCMAKE_INSTALL_PREFIX=/home/azthorax/fra333_ws/install/cocoax_kinematics
[2.116s] DEBUG:colcon.colcon_core.event_handler.log_command:Invoking command in '/home/azthorax/fra333_ws/build/cocoax_kinematics': CMAKE_PREFIX_PATH=/opt/ros/foxy /usr/bin/cmake --build /home/azthorax/fra333_ws/build/cocoax_kinematics -- -j12 -l12
[2.130s] DEBUG:colcon.colcon_core.event_handler.log_command:Invoked command in '/home/azthorax/fra333_ws/build/cocoax_description' returned '0': CMAKE_PREFIX_PATH=/opt/ros/foxy /usr/bin/cmake --build /home/azthorax/fra333_ws/build/cocoax_description -- -j12 -l12
[2.132s] DEBUG:colcon.colcon_core.event_handler.log_command:Invoked command in '/home/azthorax/fra333_ws/build/cocoax_control' returned '0': CMAKE_PREFIX_PATH=/opt/ros/foxy /usr/bin/cmake --build /home/azthorax/fra333_ws/build/cocoax_control -- -j12 -l12
[2.164s] DEBUG:colcon.colcon_core.event_handler.log_command:Invoking command in '/home/azthorax/fra333_ws/build/cocoax_description': CMAKE_PREFIX_PATH=/opt/ros/foxy /usr/bin/cmake --install /home/azthorax/fra333_ws/build/cocoax_description
[2.167s] DEBUG:colcon.colcon_core.event_handler.log_command:Invoking command in '/home/azthorax/fra333_ws/build/cocoax_control': CMAKE_PREFIX_PATH=/opt/ros/foxy /usr/bin/cmake --install /home/azthorax/fra333_ws/build/cocoax_control
[2.172s] DEBUG:colcon.colcon_core.event_handler.log_command:Invoked command in '/home/azthorax/fra333_ws/build/cocoax_kinematics' returned '0': CMAKE_PREFIX_PATH=/opt/ros/foxy /usr/bin/cmake --build /home/azthorax/fra333_ws/build/cocoax_kinematics -- -j12 -l12
[2.203s] DEBUG:colcon.colcon_core.event_handler.log_command:Invoking command in '/home/azthorax/fra333_ws/build/cocoax_kinematics': CMAKE_PREFIX_PATH=/opt/ros/foxy /usr/bin/cmake --install /home/azthorax/fra333_ws/build/cocoax_kinematics
[2.398s] Level 1:colcon.colcon_core.environment:create_environment_scripts_only(cocoax_control)
[2.399s] DEBUG:colcon.colcon_core.event_handler.log_command:Invoked command in '/home/azthorax/fra333_ws/build/cocoax_control' returned '0': CMAKE_PREFIX_PATH=/opt/ros/foxy /usr/bin/cmake --install /home/azthorax/fra333_ws/build/cocoax_control
[2.410s] Level 1:colcon.colcon_core.environment:checking '/home/azthorax/fra333_ws/install/cocoax_control' for CMake module files
[2.411s] Level 1:colcon.colcon_core.environment:checking '/home/azthorax/fra333_ws/install/cocoax_control' for CMake config files
[2.411s] Level 1:colcon.colcon_core.shell:create_environment_hook('cocoax_control', 'cmake_prefix_path')
[2.413s] INFO:colcon.colcon_core.shell:Creating environment hook '/home/azthorax/fra333_ws/install/cocoax_control/share/cocoax_control/hook/cmake_prefix_path.ps1'
[2.414s] INFO:colcon.colcon_core.shell:Creating environment descriptor '/home/azthorax/fra333_ws/install/cocoax_control/share/cocoax_control/hook/cmake_prefix_path.dsv'
[2.414s] INFO:colcon.colcon_core.shell:Creating environment hook '/home/azthorax/fra333_ws/install/cocoax_control/share/cocoax_control/hook/cmake_prefix_path.sh'
[2.415s] Level 1:colcon.colcon_core.environment:checking '/home/azthorax/fra333_ws/install/cocoax_control/lib'
[2.416s] Level 1:colcon.colcon_core.environment:checking '/home/azthorax/fra333_ws/install/cocoax_control/bin'
[2.416s] Level 1:colcon.colcon_core.environment:checking '/home/azthorax/fra333_ws/install/cocoax_control/lib/pkgconfig/cocoax_control.pc'
[2.416s] Level 1:colcon.colcon_core.environment:checking '/home/azthorax/fra333_ws/install/cocoax_control/lib/python3.8/site-packages'
[2.416s] Level 1:colcon.colcon_core.shell:create_environment_hook('cocoax_control', 'pythonpath')
[2.417s] INFO:colcon.colcon_core.shell:Creating environment hook '/home/azthorax/fra333_ws/install/cocoax_control/share/cocoax_control/hook/pythonpath.ps1'
[2.418s] INFO:colcon.colcon_core.shell:Creating environment descriptor '/home/azthorax/fra333_ws/install/cocoax_control/share/cocoax_control/hook/pythonpath.dsv'
[2.418s] INFO:colcon.colcon_core.shell:Creating environment hook '/home/azthorax/fra333_ws/install/cocoax_control/share/cocoax_control/hook/pythonpath.sh'
[2.419s] Level 1:colcon.colcon_core.environment:checking '/home/azthorax/fra333_ws/install/cocoax_control/bin'
[2.421s] INFO:colcon.colcon_core.shell:Creating package script '/home/azthorax/fra333_ws/install/cocoax_control/share/cocoax_control/package.ps1'
[2.422s] INFO:colcon.colcon_core.shell:Creating package descriptor '/home/azthorax/fra333_ws/install/cocoax_control/share/cocoax_control/package.dsv'
[2.423s] INFO:colcon.colcon_core.shell:Creating package script '/home/azthorax/fra333_ws/install/cocoax_control/share/cocoax_control/package.sh'
[2.423s] INFO:colcon.colcon_core.shell:Creating package script '/home/azthorax/fra333_ws/install/cocoax_control/share/cocoax_control/package.bash'
[2.424s] INFO:colcon.colcon_core.shell:Creating package script '/home/azthorax/fra333_ws/install/cocoax_control/share/cocoax_control/package.zsh'
[2.425s] Level 1:colcon.colcon_core.environment:create_file_with_runtime_dependencies(/home/azthorax/fra333_ws/install/cocoax_control/share/colcon-core/packages/cocoax_control)
[2.454s] Level 1:colcon.colcon_core.environment:create_environment_scripts_only(cocoax_control)
[2.456s] Level 1:colcon.colcon_core.environment:checking '/home/azthorax/fra333_ws/install/cocoax_control' for CMake module files
[2.457s] Level 1:colcon.colcon_core.environment:checking '/home/azthorax/fra333_ws/install/cocoax_control' for CMake config files
[2.457s] Level 1:colcon.colcon_core.shell:create_environment_hook('cocoax_control', 'cmake_prefix_path')
[2.458s] INFO:colcon.colcon_core.shell:Creating environment hook '/home/azthorax/fra333_ws/install/cocoax_control/share/cocoax_control/hook/cmake_prefix_path.ps1'
[2.459s] INFO:colcon.colcon_core.shell:Creating environment descriptor '/home/azthorax/fra333_ws/install/cocoax_control/share/cocoax_control/hook/cmake_prefix_path.dsv'
[2.459s] INFO:colcon.colcon_core.shell:Creating environment hook '/home/azthorax/fra333_ws/install/cocoax_control/share/cocoax_control/hook/cmake_prefix_path.sh'
[2.460s] Level 1:colcon.colcon_core.environment:checking '/home/azthorax/fra333_ws/install/cocoax_control/lib'
[2.460s] Level 1:colcon.colcon_core.environment:checking '/home/azthorax/fra333_ws/install/cocoax_control/bin'
[2.460s] Level 1:colcon.colcon_core.environment:checking '/home/azthorax/fra333_ws/install/cocoax_control/lib/pkgconfig/cocoax_control.pc'
[2.460s] Level 1:colcon.colcon_core.environment:checking '/home/azthorax/fra333_ws/install/cocoax_control/lib/python3.8/site-packages'
[2.460s] Level 1:colcon.colcon_core.shell:create_environment_hook('cocoax_control', 'pythonpath')
[2.463s] INFO:colcon.colcon_core.shell:Creating environment hook '/home/azthorax/fra333_ws/install/cocoax_control/share/cocoax_control/hook/pythonpath.ps1'
[2.463s] INFO:colcon.colcon_core.shell:Creating environment descriptor '/home/azthorax/fra333_ws/install/cocoax_control/share/cocoax_control/hook/pythonpath.dsv'
[2.463s] INFO:colcon.colcon_core.shell:Creating environment hook '/home/azthorax/fra333_ws/install/cocoax_control/share/cocoax_control/hook/pythonpath.sh'
[2.464s] Level 1:colcon.colcon_core.environment:checking '/home/azthorax/fra333_ws/install/cocoax_control/bin'
[2.465s] INFO:colcon.colcon_core.shell:Creating package script '/home/azthorax/fra333_ws/install/cocoax_control/share/cocoax_control/package.ps1'
[2.466s] INFO:colcon.colcon_core.shell:Creating package descriptor '/home/azthorax/fra333_ws/install/cocoax_control/share/cocoax_control/package.dsv'
[2.467s] INFO:colcon.colcon_core.shell:Creating package script '/home/azthorax/fra333_ws/install/cocoax_control/share/cocoax_control/package.sh'
[2.467s] INFO:colcon.colcon_core.shell:Creating package script '/home/azthorax/fra333_ws/install/cocoax_control/share/cocoax_control/package.bash'
[2.467s] INFO:colcon.colcon_core.shell:Creating package script '/home/azthorax/fra333_ws/install/cocoax_control/share/cocoax_control/package.zsh'
[2.468s] Level 1:colcon.colcon_core.environment:create_file_with_runtime_dependencies(/home/azthorax/fra333_ws/install/cocoax_control/share/colcon-core/packages/cocoax_control)
[2.485s] Level 1:colcon.colcon_core.environment:create_environment_scripts_only(cocoax_kinematics)
[2.489s] Level 1:colcon.colcon_core.environment:checking '/home/azthorax/fra333_ws/install/cocoax_kinematics' for CMake module files
[2.489s] DEBUG:colcon.colcon_core.event_handler.log_command:Invoked command in '/home/azthorax/fra333_ws/build/cocoax_kinematics' returned '0': CMAKE_PREFIX_PATH=/opt/ros/foxy /usr/bin/cmake --install /home/azthorax/fra333_ws/build/cocoax_kinematics
[2.490s] Level 1:colcon.colcon_core.environment:checking '/home/azthorax/fra333_ws/install/cocoax_kinematics' for CMake config files
[2.490s] Level 1:colcon.colcon_core.shell:create_environment_hook('cocoax_kinematics', 'cmake_prefix_path')
[2.492s] INFO:colcon.colcon_core.shell:Creating environment hook '/home/azthorax/fra333_ws/install/cocoax_kinematics/share/cocoax_kinematics/hook/cmake_prefix_path.ps1'
[2.493s] INFO:colcon.colcon_core.shell:Creating environment descriptor '/home/azthorax/fra333_ws/install/cocoax_kinematics/share/cocoax_kinematics/hook/cmake_prefix_path.dsv'
[2.493s] INFO:colcon.colcon_core.shell:Creating environment hook '/home/azthorax/fra333_ws/install/cocoax_kinematics/share/cocoax_kinematics/hook/cmake_prefix_path.sh'
[2.494s] Level 1:colcon.colcon_core.environment:checking '/home/azthorax/fra333_ws/install/cocoax_kinematics/lib'
[2.494s] Level 1:colcon.colcon_core.environment:checking '/home/azthorax/fra333_ws/install/cocoax_kinematics/bin'
[2.494s] Level 1:colcon.colcon_core.environment:checking '/home/azthorax/fra333_ws/install/cocoax_kinematics/lib/pkgconfig/cocoax_kinematics.pc'
[2.494s] Level 1:colcon.colcon_core.environment:checking '/home/azthorax/fra333_ws/install/cocoax_kinematics/lib/python3.8/site-packages'
[2.494s] Level 1:colcon.colcon_core.shell:create_environment_hook('cocoax_kinematics', 'pythonpath')
[2.496s] INFO:colcon.colcon_core.shell:Creating environment hook '/home/azthorax/fra333_ws/install/cocoax_kinematics/share/cocoax_kinematics/hook/pythonpath.ps1'
[2.497s] INFO:colcon.colcon_core.shell:Creating environment descriptor '/home/azthorax/fra333_ws/install/cocoax_kinematics/share/cocoax_kinematics/hook/pythonpath.dsv'
[2.498s] INFO:colcon.colcon_core.shell:Creating environment hook '/home/azthorax/fra333_ws/install/cocoax_kinematics/share/cocoax_kinematics/hook/pythonpath.sh'
[2.499s] Level 1:colcon.colcon_core.environment:checking '/home/azthorax/fra333_ws/install/cocoax_kinematics/bin'
[2.501s] INFO:colcon.colcon_core.shell:Creating package script '/home/azthorax/fra333_ws/install/cocoax_kinematics/share/cocoax_kinematics/package.ps1'
[2.501s] INFO:colcon.colcon_core.shell:Creating package descriptor '/home/azthorax/fra333_ws/install/cocoax_kinematics/share/cocoax_kinematics/package.dsv'
[2.501s] INFO:colcon.colcon_core.shell:Creating package script '/home/azthorax/fra333_ws/install/cocoax_kinematics/share/cocoax_kinematics/package.sh'
[2.502s] INFO:colcon.colcon_core.shell:Creating package script '/home/azthorax/fra333_ws/install/cocoax_kinematics/share/cocoax_kinematics/package.bash'
[2.502s] INFO:colcon.colcon_core.shell:Creating package script '/home/azthorax/fra333_ws/install/cocoax_kinematics/share/cocoax_kinematics/package.zsh'
[2.502s] Level 1:colcon.colcon_core.environment:create_file_with_runtime_dependencies(/home/azthorax/fra333_ws/install/cocoax_kinematics/share/colcon-core/packages/cocoax_kinematics)
[2.512s] Level 1:colcon.colcon_core.environment:create_environment_scripts_only(cocoax_description)
[2.515s] Level 1:colcon.colcon_core.environment:checking '/home/azthorax/fra333_ws/install/cocoax_description' for CMake module files
[2.516s] DEBUG:colcon.colcon_core.event_handler.log_command:Invoked command in '/home/azthorax/fra333_ws/build/cocoax_description' returned '0': CMAKE_PREFIX_PATH=/opt/ros/foxy /usr/bin/cmake --install /home/azthorax/fra333_ws/build/cocoax_description
[2.516s] Level 1:colcon.colcon_core.environment:checking '/home/azthorax/fra333_ws/install/cocoax_description' for CMake config files
[2.517s] Level 1:colcon.colcon_core.shell:create_environment_hook('cocoax_description', 'cmake_prefix_path')
[2.519s] INFO:colcon.colcon_core.shell:Creating environment hook '/home/azthorax/fra333_ws/install/cocoax_description/share/cocoax_description/hook/cmake_prefix_path.ps1'
[2.520s] INFO:colcon.colcon_core.shell:Creating environment descriptor '/home/azthorax/fra333_ws/install/cocoax_description/share/cocoax_description/hook/cmake_prefix_path.dsv'
[2.520s] INFO:colcon.colcon_core.shell:Creating environment hook '/home/azthorax/fra333_ws/install/cocoax_description/share/cocoax_description/hook/cmake_prefix_path.sh'
[2.521s] Level 1:colcon.colcon_core.environment:checking '/home/azthorax/fra333_ws/install/cocoax_description/lib'
[2.521s] Level 1:colcon.colcon_core.environment:checking '/home/azthorax/fra333_ws/install/cocoax_description/bin'
[2.521s] Level 1:colcon.colcon_core.environment:checking '/home/azthorax/fra333_ws/install/cocoax_description/lib/pkgconfig/cocoax_description.pc'
[2.521s] Level 1:colcon.colcon_core.environment:checking '/home/azthorax/fra333_ws/install/cocoax_description/lib/python3.8/site-packages'
[2.521s] Level 1:colcon.colcon_core.shell:create_environment_hook('cocoax_description', 'pythonpath')
[2.523s] INFO:colcon.colcon_core.shell:Creating environment hook '/home/azthorax/fra333_ws/install/cocoax_description/share/cocoax_description/hook/pythonpath.ps1'
[2.524s] INFO:colcon.colcon_core.shell:Creating environment descriptor '/home/azthorax/fra333_ws/install/cocoax_description/share/cocoax_description/hook/pythonpath.dsv'
[2.524s] INFO:colcon.colcon_core.shell:Creating environment hook '/home/azthorax/fra333_ws/install/cocoax_description/share/cocoax_description/hook/pythonpath.sh'
[2.525s] Level 1:colcon.colcon_core.environment:checking '/home/azthorax/fra333_ws/install/cocoax_description/bin'
[2.527s] INFO:colcon.colcon_core.shell:Creating package script '/home/azthorax/fra333_ws/install/cocoax_description/share/cocoax_description/package.ps1'
[2.527s] INFO:colcon.colcon_core.shell:Creating package descriptor '/home/azthorax/fra333_ws/install/cocoax_description/share/cocoax_description/package.dsv'
[2.528s] INFO:colcon.colcon_core.shell:Creating package script '/home/azthorax/fra333_ws/install/cocoax_description/share/cocoax_description/package.sh'
[2.529s] INFO:colcon.colcon_core.shell:Creating package script '/home/azthorax/fra333_ws/install/cocoax_description/share/cocoax_description/package.bash'
[2.529s] INFO:colcon.colcon_core.shell:Creating package script '/home/azthorax/fra333_ws/install/cocoax_description/share/cocoax_description/package.zsh'
[2.529s] Level 1:colcon.colcon_core.environment:create_file_with_runtime_dependencies(/home/azthorax/fra333_ws/install/cocoax_description/share/colcon-core/packages/cocoax_description)
[2.537s] Level 1:colcon.colcon_core.environment:create_environment_scripts_only(cocoax_kinematics)
[2.540s] Level 1:colcon.colcon_core.environment:checking '/home/azthorax/fra333_ws/install/cocoax_kinematics' for CMake module files
[2.541s] Level 1:colcon.colcon_core.environment:checking '/home/azthorax/fra333_ws/install/cocoax_kinematics' for CMake config files
[2.542s] Level 1:colcon.colcon_core.shell:create_environment_hook('cocoax_kinematics', 'cmake_prefix_path')
[2.543s] INFO:colcon.colcon_core.shell:Creating environment hook '/home/azthorax/fra333_ws/install/cocoax_kinematics/share/cocoax_kinematics/hook/cmake_prefix_path.ps1'
[2.544s] INFO:colcon.colcon_core.shell:Creating environment descriptor '/home/azthorax/fra333_ws/install/cocoax_kinematics/share/cocoax_kinematics/hook/cmake_prefix_path.dsv'
[2.544s] INFO:colcon.colcon_core.shell:Creating environment hook '/home/azthorax/fra333_ws/install/cocoax_kinematics/share/cocoax_kinematics/hook/cmake_prefix_path.sh'
[2.545s] Level 1:colcon.colcon_core.environment:checking '/home/azthorax/fra333_ws/install/cocoax_kinematics/lib'
[2.545s] Level 1:colcon.colcon_core.environment:checking '/home/azthorax/fra333_ws/install/cocoax_kinematics/bin'
[2.545s] Level 1:colcon.colcon_core.environment:checking '/home/azthorax/fra333_ws/install/cocoax_kinematics/lib/pkgconfig/cocoax_kinematics.pc'
[2.545s] Level 1:colcon.colcon_core.environment:checking '/home/azthorax/fra333_ws/install/cocoax_kinematics/lib/python3.8/site-packages'
[2.546s] Level 1:colcon.colcon_core.shell:create_environment_hook('cocoax_kinematics', 'pythonpath')
[2.548s] INFO:colcon.colcon_core.shell:Creating environment hook '/home/azthorax/fra333_ws/install/cocoax_kinematics/share/cocoax_kinematics/hook/pythonpath.ps1'
[2.548s] INFO:colcon.colcon_core.shell:Creating environment descriptor '/home/azthorax/fra333_ws/install/cocoax_kinematics/share/cocoax_kinematics/hook/pythonpath.dsv'
[2.549s] INFO:colcon.colcon_core.shell:Creating environment hook '/home/azthorax/fra333_ws/install/cocoax_kinematics/share/cocoax_kinematics/hook/pythonpath.sh'
[2.549s] Level 1:colcon.colcon_core.environment:checking '/home/azthorax/fra333_ws/install/cocoax_kinematics/bin'
[2.551s] INFO:colcon.colcon_core.shell:Creating package script '/home/azthorax/fra333_ws/install/cocoax_kinematics/share/cocoax_kinematics/package.ps1'
[2.552s] INFO:colcon.colcon_core.shell:Creating package descriptor '/home/azthorax/fra333_ws/install/cocoax_kinematics/share/cocoax_kinematics/package.dsv'
[2.553s] INFO:colcon.colcon_core.shell:Creating package script '/home/azthorax/fra333_ws/install/cocoax_kinematics/share/cocoax_kinematics/package.sh'
[2.553s] INFO:colcon.colcon_core.shell:Creating package script '/home/azthorax/fra333_ws/install/cocoax_kinematics/share/cocoax_kinematics/package.bash'
[2.554s] INFO:colcon.colcon_core.shell:Creating package script '/home/azthorax/fra333_ws/install/cocoax_kinematics/share/cocoax_kinematics/package.zsh'
[2.554s] Level 1:colcon.colcon_core.environment:create_file_with_runtime_dependencies(/home/azthorax/fra333_ws/install/cocoax_kinematics/share/colcon-core/packages/cocoax_kinematics)
[2.561s] Level 1:colcon.colcon_core.environment:create_environment_scripts_only(cocoax_description)
[2.564s] Level 1:colcon.colcon_core.environment:checking '/home/azthorax/fra333_ws/install/cocoax_description' for CMake module files
[2.564s] Level 1:colcon.colcon_core.environment:checking '/home/azthorax/fra333_ws/install/cocoax_description' for CMake config files
[2.565s] Level 1:colcon.colcon_core.shell:create_environment_hook('cocoax_description', 'cmake_prefix_path')
[2.567s] INFO:colcon.colcon_core.shell:Creating environment hook '/home/azthorax/fra333_ws/install/cocoax_description/share/cocoax_description/hook/cmake_prefix_path.ps1'
[2.567s] INFO:colcon.colcon_core.shell:Creating environment descriptor '/home/azthorax/fra333_ws/install/cocoax_description/share/cocoax_description/hook/cmake_prefix_path.dsv'
[2.568s] INFO:colcon.colcon_core.shell:Creating environment hook '/home/azthorax/fra333_ws/install/cocoax_description/share/cocoax_description/hook/cmake_prefix_path.sh'
[2.568s] Level 1:colcon.colcon_core.environment:checking '/home/azthorax/fra333_ws/install/cocoax_description/lib'
[2.569s] Level 1:colcon.colcon_core.environment:checking '/home/azthorax/fra333_ws/install/cocoax_description/bin'
[2.569s] Level 1:colcon.colcon_core.environment:checking '/home/azthorax/fra333_ws/install/cocoax_description/lib/pkgconfig/cocoax_description.pc'
[2.569s] Level 1:colcon.colcon_core.environment:checking '/home/azthorax/fra333_ws/install/cocoax_description/lib/python3.8/site-packages'
[2.569s] Level 1:colcon.colcon_core.shell:create_environment_hook('cocoax_description', 'pythonpath')
[2.571s] INFO:colcon.colcon_core.shell:Creating environment hook '/home/azthorax/fra333_ws/install/cocoax_description/share/cocoax_description/hook/pythonpath.ps1'
[2.571s] INFO:colcon.colcon_core.shell:Creating environment descriptor '/home/azthorax/fra333_ws/install/cocoax_description/share/cocoax_description/hook/pythonpath.dsv'
[2.572s] INFO:colcon.colcon_core.shell:Creating environment hook '/home/azthorax/fra333_ws/install/cocoax_description/share/cocoax_description/hook/pythonpath.sh'
[2.572s] Level 1:colcon.colcon_core.environment:checking '/home/azthorax/fra333_ws/install/cocoax_description/bin'
[2.574s] INFO:colcon.colcon_core.shell:Creating package script '/home/azthorax/fra333_ws/install/cocoax_description/share/cocoax_description/package.ps1'
[2.575s] INFO:colcon.colcon_core.shell:Creating package descriptor '/home/azthorax/fra333_ws/install/cocoax_description/share/cocoax_description/package.dsv'
[2.576s] INFO:colcon.colcon_core.shell:Creating package script '/home/azthorax/fra333_ws/install/cocoax_description/share/cocoax_description/package.sh'
[2.577s] INFO:colcon.colcon_core.shell:Creating package script '/home/azthorax/fra333_ws/install/cocoax_description/share/cocoax_description/package.bash'
[2.577s] INFO:colcon.colcon_core.shell:Creating package script '/home/azthorax/fra333_ws/install/cocoax_description/share/cocoax_description/package.zsh'
[2.578s] Level 1:colcon.colcon_core.environment:create_file_with_runtime_dependencies(/home/azthorax/fra333_ws/install/cocoax_description/share/colcon-core/packages/cocoax_description)
[2.731s] DEBUG:colcon.colcon_core.event_handler.log_command:Invoked command in '/home/azthorax/fra333_ws/build/cocoax_interfaces' returned '0': CMAKE_PREFIX_PATH=/opt/ros/foxy /usr/bin/cmake /home/azthorax/fra333_ws/src/fra333_lab4_25_v1/cocoax_interfaces -DAMENT_CMAKE_SYMLINK_INSTALL=1 -DCMAKE_INSTALL_PREFIX=/home/azthorax/fra333_ws/install/cocoax_interfaces
[2.735s] DEBUG:colcon.colcon_core.event_handler.log_command:Invoking command in '/home/azthorax/fra333_ws/build/cocoax_interfaces': CMAKE_PREFIX_PATH=/opt/ros/foxy /usr/bin/cmake --build /home/azthorax/fra333_ws/build/cocoax_interfaces -- -j12 -l12
[6.986s] DEBUG:colcon.colcon_core.event_handler.log_command:Invoked command in '/home/azthorax/fra333_ws/build/cocoax_interfaces' returned '0': CMAKE_PREFIX_PATH=/opt/ros/foxy /usr/bin/cmake --build /home/azthorax/fra333_ws/build/cocoax_interfaces -- -j12 -l12
[7.105s] DEBUG:colcon.colcon_core.event_handler.log_command:Invoking command in '/home/azthorax/fra333_ws/build/cocoax_interfaces': CMAKE_PREFIX_PATH=/opt/ros/foxy /usr/bin/cmake --install /home/azthorax/fra333_ws/build/cocoax_interfaces
[8.351s] Level 1:colcon.colcon_core.environment:create_environment_scripts_only(cocoax_interfaces)
[8.354s] Level 1:colcon.colcon_core.environment:checking '/home/azthorax/fra333_ws/install/cocoax_interfaces' for CMake module files
[8.355s] DEBUG:colcon.colcon_core.event_handler.log_command:Invoked command in '/home/azthorax/fra333_ws/build/cocoax_interfaces' returned '0': CMAKE_PREFIX_PATH=/opt/ros/foxy /usr/bin/cmake --install /home/azthorax/fra333_ws/build/cocoax_interfaces
[8.356s] Level 1:colcon.colcon_core.environment:checking '/home/azthorax/fra333_ws/install/cocoax_interfaces' for CMake config files
[8.357s] Level 1:colcon.colcon_core.shell:create_environment_hook('cocoax_interfaces', 'cmake_prefix_path')
[8.360s] INFO:colcon.colcon_core.shell:Creating environment hook '/home/azthorax/fra333_ws/install/cocoax_interfaces/share/cocoax_interfaces/hook/cmake_prefix_path.ps1'
[8.361s] INFO:colcon.colcon_core.shell:Creating environment descriptor '/home/azthorax/fra333_ws/install/cocoax_interfaces/share/cocoax_interfaces/hook/cmake_prefix_path.dsv'
[8.361s] INFO:colcon.colcon_core.shell:Creating environment hook '/home/azthorax/fra333_ws/install/cocoax_interfaces/share/cocoax_interfaces/hook/cmake_prefix_path.sh'
[8.363s] Level 1:colcon.colcon_core.environment:checking '/home/azthorax/fra333_ws/install/cocoax_interfaces/lib'
[8.363s] Level 1:colcon.colcon_core.shell:create_environment_hook('cocoax_interfaces', 'ld_library_path_lib')
[8.364s] INFO:colcon.colcon_core.shell:Creating environment hook '/home/azthorax/fra333_ws/install/cocoax_interfaces/share/cocoax_interfaces/hook/ld_library_path_lib.ps1'
[8.365s] INFO:colcon.colcon_core.shell:Creating environment descriptor '/home/azthorax/fra333_ws/install/cocoax_interfaces/share/cocoax_interfaces/hook/ld_library_path_lib.dsv'
[8.365s] INFO:colcon.colcon_core.shell:Creating environment hook '/home/azthorax/fra333_ws/install/cocoax_interfaces/share/cocoax_interfaces/hook/ld_library_path_lib.sh'
[8.365s] Level 1:colcon.colcon_core.environment:checking '/home/azthorax/fra333_ws/install/cocoax_interfaces/bin'
[8.365s] Level 1:colcon.colcon_core.environment:checking '/home/azthorax/fra333_ws/install/cocoax_interfaces/lib/pkgconfig/cocoax_interfaces.pc'
[8.366s] Level 1:colcon.colcon_core.environment:checking '/home/azthorax/fra333_ws/install/cocoax_interfaces/lib/python3.8/site-packages'
[8.366s] Level 1:colcon.colcon_core.shell:create_environment_hook('cocoax_interfaces', 'pythonpath')
[8.367s] INFO:colcon.colcon_core.shell:Creating environment hook '/home/azthorax/fra333_ws/install/cocoax_interfaces/share/cocoax_interfaces/hook/pythonpath.ps1'
[8.368s] INFO:colcon.colcon_core.shell:Creating environment descriptor '/home/azthorax/fra333_ws/install/cocoax_interfaces/share/cocoax_interfaces/hook/pythonpath.dsv'
[8.368s] INFO:colcon.colcon_core.shell:Creating environment hook '/home/azthorax/fra333_ws/install/cocoax_interfaces/share/cocoax_interfaces/hook/pythonpath.sh'
[8.369s] Level 1:colcon.colcon_core.environment:checking '/home/azthorax/fra333_ws/install/cocoax_interfaces/bin'
[8.370s] INFO:colcon.colcon_core.shell:Creating package script '/home/azthorax/fra333_ws/install/cocoax_interfaces/share/cocoax_interfaces/package.ps1'
[8.371s] INFO:colcon.colcon_core.shell:Creating package descriptor '/home/azthorax/fra333_ws/install/cocoax_interfaces/share/cocoax_interfaces/package.dsv'
[8.371s] INFO:colcon.colcon_core.shell:Creating package script '/home/azthorax/fra333_ws/install/cocoax_interfaces/share/cocoax_interfaces/package.sh'
[8.372s] INFO:colcon.colcon_core.shell:Creating package script '/home/azthorax/fra333_ws/install/cocoax_interfaces/share/cocoax_interfaces/package.bash'
[8.372s] INFO:colcon.colcon_core.shell:Creating package script '/home/azthorax/fra333_ws/install/cocoax_interfaces/share/cocoax_interfaces/package.zsh'
[8.372s] Level 1:colcon.colcon_core.environment:create_file_with_runtime_dependencies(/home/azthorax/fra333_ws/install/cocoax_interfaces/share/colcon-core/packages/cocoax_interfaces)
[8.489s] Level 1:colcon.colcon_core.environment:create_environment_scripts_only(cocoax_interfaces)
[8.494s] Level 1:colcon.colcon_core.environment:checking '/home/azthorax/fra333_ws/install/cocoax_interfaces' for CMake module files
[8.496s] Level 1:colcon.colcon_core.environment:checking '/home/azthorax/fra333_ws/install/cocoax_interfaces' for CMake config files
[8.497s] Level 1:colcon.colcon_core.shell:create_environment_hook('cocoax_interfaces', 'cmake_prefix_path')
[8.500s] INFO:colcon.colcon_core.shell:Creating environment hook '/home/azthorax/fra333_ws/install/cocoax_interfaces/share/cocoax_interfaces/hook/cmake_prefix_path.ps1'
[8.501s] INFO:colcon.colcon_core.shell:Creating environment descriptor '/home/azthorax/fra333_ws/install/cocoax_interfaces/share/cocoax_interfaces/hook/cmake_prefix_path.dsv'
[8.501s] INFO:colcon.colcon_core.shell:Creating environment hook '/home/azthorax/fra333_ws/install/cocoax_interfaces/share/cocoax_interfaces/hook/cmake_prefix_path.sh'
[8.502s] Level 1:colcon.colcon_core.environment:checking '/home/azthorax/fra333_ws/install/cocoax_interfaces/lib'
[8.502s] Level 1:colcon.colcon_core.shell:create_environment_hook('cocoax_interfaces', 'ld_library_path_lib')
[8.504s] INFO:colcon.colcon_core.shell:Creating environment hook '/home/azthorax/fra333_ws/install/cocoax_interfaces/share/cocoax_interfaces/hook/ld_library_path_lib.ps1'
[8.505s] INFO:colcon.colcon_core.shell:Creating environment descriptor '/home/azthorax/fra333_ws/install/cocoax_interfaces/share/cocoax_interfaces/hook/ld_library_path_lib.dsv'
[8.505s] INFO:colcon.colcon_core.shell:Creating environment hook '/home/azthorax/fra333_ws/install/cocoax_interfaces/share/cocoax_interfaces/hook/ld_library_path_lib.sh'
[8.505s] Level 1:colcon.colcon_core.environment:checking '/home/azthorax/fra333_ws/install/cocoax_interfaces/bin'
[8.505s] Level 1:colcon.colcon_core.environment:checking '/home/azthorax/fra333_ws/install/cocoax_interfaces/lib/pkgconfig/cocoax_interfaces.pc'
[8.506s] Level 1:colcon.colcon_core.environment:checking '/home/azthorax/fra333_ws/install/cocoax_interfaces/lib/python3.8/site-packages'
[8.506s] Level 1:colcon.colcon_core.shell:create_environment_hook('cocoax_interfaces', 'pythonpath')
[8.508s] INFO:colcon.colcon_core.shell:Creating environment hook '/home/azthorax/fra333_ws/install/cocoax_interfaces/share/cocoax_interfaces/hook/pythonpath.ps1'
[8.508s] INFO:colcon.colcon_core.shell:Creating environment descriptor '/home/azthorax/fra333_ws/install/cocoax_interfaces/share/cocoax_interfaces/hook/pythonpath.dsv'
[8.508s] INFO:colcon.colcon_core.shell:Creating environment hook '/home/azthorax/fra333_ws/install/cocoax_interfaces/share/cocoax_interfaces/hook/pythonpath.sh'
[8.509s] Level 1:colcon.colcon_core.environment:checking '/home/azthorax/fra333_ws/install/cocoax_interfaces/bin'
[8.511s] INFO:colcon.colcon_core.shell:Creating package script '/home/azthorax/fra333_ws/install/cocoax_interfaces/share/cocoax_interfaces/package.ps1'
[8.512s] INFO:colcon.colcon_core.shell:Creating package descriptor '/home/azthorax/fra333_ws/install/cocoax_interfaces/share/cocoax_interfaces/package.dsv'
[8.512s] INFO:colcon.colcon_core.shell:Creating package script '/home/azthorax/fra333_ws/install/cocoax_interfaces/share/cocoax_interfaces/package.sh'
[8.513s] INFO:colcon.colcon_core.shell:Creating package script '/home/azthorax/fra333_ws/install/cocoax_interfaces/share/cocoax_interfaces/package.bash'
[8.513s] INFO:colcon.colcon_core.shell:Creating package script '/home/azthorax/fra333_ws/install/cocoax_interfaces/share/cocoax_interfaces/package.zsh'
[8.514s] Level 1:colcon.colcon_core.environment:create_file_with_runtime_dependencies(/home/azthorax/fra333_ws/install/cocoax_interfaces/share/colcon-core/packages/cocoax_interfaces)
[8.514s] DEBUG:colcon.colcon_parallel_executor.executor.parallel:closing loop
[8.515s] DEBUG:colcon.colcon_parallel_executor.executor.parallel:loop closed
[8.515s] DEBUG:colcon.colcon_parallel_executor.executor.parallel:run_until_complete finished with '0'
[8.515s] DEBUG:colcon.colcon_core.event_reactor:joining thread
[8.527s] INFO:colcon.colcon_core.plugin_system:Skipping extension 'colcon_notification.desktop_notification.terminal_notifier': Not used on non-Darwin systems
[8.527s] INFO:colcon.colcon_core.plugin_system:Skipping extension 'colcon_notification.desktop_notification.win32': Not used on non-Windows systems
[8.527s] INFO:colcon.colcon_notification.desktop_notification:Sending desktop notification using 'notify2'
[8.548s] DEBUG:colcon.colcon_core.event_reactor:joined thread
[8.551s] INFO:colcon.colcon_core.shell:Creating prefix script '/home/azthorax/fra333_ws/install/local_setup.ps1'
[8.553s] INFO:colcon.colcon_core.shell:Creating prefix util module '/home/azthorax/fra333_ws/install/_local_setup_util_ps1.py'
[8.554s] INFO:colcon.colcon_core.shell:Creating prefix chain script '/home/azthorax/fra333_ws/install/setup.ps1'
[8.556s] INFO:colcon.colcon_core.shell:Creating prefix script '/home/azthorax/fra333_ws/install/local_setup.sh'
[8.556s] INFO:colcon.colcon_core.shell:Creating prefix util module '/home/azthorax/fra333_ws/install/_local_setup_util_sh.py'
[8.557s] INFO:colcon.colcon_core.shell:Creating prefix chain script '/home/azthorax/fra333_ws/install/setup.sh'
[8.558s] INFO:colcon.colcon_core.shell:Creating prefix script '/home/azthorax/fra333_ws/install/local_setup.bash'
[8.559s] INFO:colcon.colcon_core.shell:Creating prefix chain script '/home/azthorax/fra333_ws/install/setup.bash'
[8.561s] INFO:colcon.colcon_core.shell:Creating prefix script '/home/azthorax/fra333_ws/install/local_setup.zsh'
[8.561s] INFO:colcon.colcon_core.shell:Creating prefix chain script '/home/azthorax/fra333_ws/install/setup.zsh'
