[0.124s] DEBUG:colcon:Command line arguments: ['/usr/bin/colcon', 'build']
[0.124s] DEBUG:colcon:Parsed command line arguments: Namespace(allow_overriding=[], ament_cmake_args=None, base_paths=['.'], build_base='build', catkin_cmake_args=None, catkin_skip_building_tests=False, cmake_args=None, cmake_clean_cache=False, cmake_clean_first=False, cmake_force_configure=False, cmake_target=None, cmake_target_skip_unavailable=False, continue_on_error=False, event_handlers=None, executor='parallel', ignore_user_meta=False, install_base='install', log_base=None, log_level=None, main=<bound method BuildVerb.main of <colcon_core.verb.build.BuildVerb object at 0x7f11aaf22730>>, merge_install=False, metas=['./colcon.meta'], packages_above=None, packages_above_and_dependencies=None, packages_above_depth=None, packages_end=None, packages_ignore=None, packages_ignore_regex=None, packages_select=None, packages_select_build_failed=False, packages_select_by_dep=None, packages_select_regex=None, packages_select_test_failures=False, packages_skip=None, packages_skip_build_finished=False, packages_skip_by_dep=None, packages_skip_regex=None, packages_skip_test_passed=False, packages_skip_up_to=None, packages_start=None, packages_up_to=None, packages_up_to_regex=None, parallel_workers=12, paths=None, symlink_install=False, test_result_base=None, verb_extension=<colcon_core.verb.build.BuildVerb object at 0x7f11aaf22730>, verb_name='build', verb_parser=<colcon_defaults.argument_parser.defaults.DefaultArgumentsDecorator object at 0x7f11aaf22c70>)
[0.148s] Level 1:colcon.colcon_core.package_discovery:discover_packages(colcon_meta) check parameters
[0.148s] Level 1:colcon.colcon_core.package_discovery:discover_packages(recursive) check parameters
[0.148s] Level 1:colcon.colcon_core.package_discovery:discover_packages(ignore) check parameters
[0.148s] Level 1:colcon.colcon_core.package_discovery:discover_packages(path) check parameters
[0.148s] Level 1:colcon.colcon_core.package_discovery:discover_packages(colcon_meta) discover
[0.148s] Level 1:colcon.colcon_core.package_discovery:discover_packages(recursive) discover
[0.148s] INFO:colcon.colcon_core.package_discovery:Crawling recursively for packages in '/home/azthorax/fra333_ws'
[0.148s] Level 1:colcon.colcon_core.package_identification:_identify(.) by extensions ['ignore', 'ignore_ament_install']
[0.149s] Level 1:colcon.colcon_core.package_identification:_identify(.) by extension 'ignore'
[0.149s] Level 1:colcon.colcon_core.package_identification:_identify(.) by extension 'ignore_ament_install'
[0.149s] Level 1:colcon.colcon_core.package_identification:_identify(.) by extensions ['colcon_pkg']
[0.149s] Level 1:colcon.colcon_core.package_identification:_identify(.) by extension 'colcon_pkg'
[0.149s] Level 1:colcon.colcon_core.package_identification:_identify(.) by extensions ['colcon_meta']
[0.149s] Level 1:colcon.colcon_core.package_identification:_identify(.) by extension 'colcon_meta'
[0.149s] Level 1:colcon.colcon_core.package_identification:_identify(.) by extensions ['ros']
[0.149s] Level 1:colcon.colcon_core.package_identification:_identify(.) by extension 'ros'
[0.158s] Level 1:colcon.colcon_core.package_identification:_identify(.) by extensions ['cmake', 'python']
[0.158s] Level 1:colcon.colcon_core.package_identification:_identify(.) by extension 'cmake'
[0.158s] Level 1:colcon.colcon_core.package_identification:_identify(.) by extension 'python'
[0.158s] Level 1:colcon.colcon_core.package_identification:_identify(.) by extensions ['python_setup_py']
[0.158s] Level 1:colcon.colcon_core.package_identification:_identify(.) by extension 'python_setup_py'
[0.158s] Level 1:colcon.colcon_core.package_identification:_identify(build) by extensions ['ignore', 'ignore_ament_install']
[0.158s] Level 1:colcon.colcon_core.package_identification:_identify(build) by extension 'ignore'
[0.158s] Level 1:colcon.colcon_core.package_identification:_identify(build) ignored
[0.158s] Level 1:colcon.colcon_core.package_identification:_identify(install) by extensions ['ignore', 'ignore_ament_install']
[0.158s] Level 1:colcon.colcon_core.package_identification:_identify(install) by extension 'ignore'
[0.158s] Level 1:colcon.colcon_core.package_identification:_identify(install) ignored
[0.158s] Level 1:colcon.colcon_core.package_identification:_identify(log) by extensions ['ignore', 'ignore_ament_install']
[0.158s] Level 1:colcon.colcon_core.package_identification:_identify(log) by extension 'ignore'
[0.158s] Level 1:colcon.colcon_core.package_identification:_identify(log) ignored
[0.158s] Level 1:colcon.colcon_core.package_identification:_identify(src) by extensions ['ignore', 'ignore_ament_install']
[0.158s] Level 1:colcon.colcon_core.package_identification:_identify(src) by extension 'ignore'
[0.158s] Level 1:colcon.colcon_core.package_identification:_identify(src) by extension 'ignore_ament_install'
[0.159s] Level 1:colcon.colcon_core.package_identification:_identify(src) by extensions ['colcon_pkg']
[0.159s] Level 1:colcon.colcon_core.package_identification:_identify(src) by extension 'colcon_pkg'
[0.159s] Level 1:colcon.colcon_core.package_identification:_identify(src) by extensions ['colcon_meta']
[0.159s] Level 1:colcon.colcon_core.package_identification:_identify(src) by extension 'colcon_meta'
[0.159s] Level 1:colcon.colcon_core.package_identification:_identify(src) by extensions ['ros']
[0.159s] Level 1:colcon.colcon_core.package_identification:_identify(src) by extension 'ros'
[0.159s] Level 1:colcon.colcon_core.package_identification:_identify(src) by extensions ['cmake', 'python']
[0.159s] Level 1:colcon.colcon_core.package_identification:_identify(src) by extension 'cmake'
[0.159s] Level 1:colcon.colcon_core.package_identification:_identify(src) by extension 'python'
[0.159s] Level 1:colcon.colcon_core.package_identification:_identify(src) by extensions ['python_setup_py']
[0.159s] Level 1:colcon.colcon_core.package_identification:_identify(src) by extension 'python_setup_py'
[0.159s] Level 1:colcon.colcon_core.package_identification:_identify(src/fra333_hw2_25) by extensions ['ignore', 'ignore_ament_install']
[0.159s] Level 1:colcon.colcon_core.package_identification:_identify(src/fra333_hw2_25) by extension 'ignore'
[0.159s] Level 1:colcon.colcon_core.package_identification:_identify(src/fra333_hw2_25) by extension 'ignore_ament_install'
[0.159s] Level 1:colcon.colcon_core.package_identification:_identify(src/fra333_hw2_25) by extensions ['colcon_pkg']
[0.159s] Level 1:colcon.colcon_core.package_identification:_identify(src/fra333_hw2_25) by extension 'colcon_pkg'
[0.159s] Level 1:colcon.colcon_core.package_identification:_identify(src/fra333_hw2_25) by extensions ['colcon_meta']
[0.159s] Level 1:colcon.colcon_core.package_identification:_identify(src/fra333_hw2_25) by extension 'colcon_meta'
[0.159s] Level 1:colcon.colcon_core.package_identification:_identify(src/fra333_hw2_25) by extensions ['ros']
[0.159s] Level 1:colcon.colcon_core.package_identification:_identify(src/fra333_hw2_25) by extension 'ros'
[0.159s] Level 1:colcon.colcon_core.package_identification:_identify(src/fra333_hw2_25) by extensions ['cmake', 'python']
[0.159s] Level 1:colcon.colcon_core.package_identification:_identify(src/fra333_hw2_25) by extension 'cmake'
[0.159s] Level 1:colcon.colcon_core.package_identification:_identify(src/fra333_hw2_25) by extension 'python'
[0.159s] Level 1:colcon.colcon_core.package_identification:_identify(src/fra333_hw2_25) by extensions ['python_setup_py']
[0.159s] Level 1:colcon.colcon_core.package_identification:_identify(src/fra333_hw2_25) by extension 'python_setup_py'
[0.159s] Level 1:colcon.colcon_core.package_identification:_identify(src/fra333_hw2_25/__pycache__) by extensions ['ignore', 'ignore_ament_install']
[0.160s] Level 1:colcon.colcon_core.package_identification:_identify(src/fra333_hw2_25/__pycache__) by extension 'ignore'
[0.160s] Level 1:colcon.colcon_core.package_identification:_identify(src/fra333_hw2_25/__pycache__) by extension 'ignore_ament_install'
[0.160s] Level 1:colcon.colcon_core.package_identification:_identify(src/fra333_hw2_25/__pycache__) by extensions ['colcon_pkg']
[0.160s] Level 1:colcon.colcon_core.package_identification:_identify(src/fra333_hw2_25/__pycache__) by extension 'colcon_pkg'
[0.160s] Level 1:colcon.colcon_core.package_identification:_identify(src/fra333_hw2_25/__pycache__) by extensions ['colcon_meta']
[0.160s] Level 1:colcon.colcon_core.package_identification:_identify(src/fra333_hw2_25/__pycache__) by extension 'colcon_meta'
[0.160s] Level 1:colcon.colcon_core.package_identification:_identify(src/fra333_hw2_25/__pycache__) by extensions ['ros']
[0.160s] Level 1:colcon.colcon_core.package_identification:_identify(src/fra333_hw2_25/__pycache__) by extension 'ros'
[0.160s] Level 1:colcon.colcon_core.package_identification:_identify(src/fra333_hw2_25/__pycache__) by extensions ['cmake', 'python']
[0.160s] Level 1:colcon.colcon_core.package_identification:_identify(src/fra333_hw2_25/__pycache__) by extension 'cmake'
[0.160s] Level 1:colcon.colcon_core.package_identification:_identify(src/fra333_hw2_25/__pycache__) by extension 'python'
[0.160s] Level 1:colcon.colcon_core.package_identification:_identify(src/fra333_hw2_25/__pycache__) by extensions ['python_setup_py']
[0.160s] Level 1:colcon.colcon_core.package_identification:_identify(src/fra333_hw2_25/__pycache__) by extension 'python_setup_py'
[0.160s] Level 1:colcon.colcon_core.package_identification:_identify(src/fra333_hw2_25/doc) by extensions ['ignore', 'ignore_ament_install']
[0.160s] Level 1:colcon.colcon_core.package_identification:_identify(src/fra333_hw2_25/doc) by extension 'ignore'
[0.160s] Level 1:colcon.colcon_core.package_identification:_identify(src/fra333_hw2_25/doc) by extension 'ignore_ament_install'
[0.160s] Level 1:colcon.colcon_core.package_identification:_identify(src/fra333_hw2_25/doc) by extensions ['colcon_pkg']
[0.160s] Level 1:colcon.colcon_core.package_identification:_identify(src/fra333_hw2_25/doc) by extension 'colcon_pkg'
[0.160s] Level 1:colcon.colcon_core.package_identification:_identify(src/fra333_hw2_25/doc) by extensions ['colcon_meta']
[0.160s] Level 1:colcon.colcon_core.package_identification:_identify(src/fra333_hw2_25/doc) by extension 'colcon_meta'
[0.160s] Level 1:colcon.colcon_core.package_identification:_identify(src/fra333_hw2_25/doc) by extensions ['ros']
[0.160s] Level 1:colcon.colcon_core.package_identification:_identify(src/fra333_hw2_25/doc) by extension 'ros'
[0.160s] Level 1:colcon.colcon_core.package_identification:_identify(src/fra333_hw2_25/doc) by extensions ['cmake', 'python']
[0.160s] Level 1:colcon.colcon_core.package_identification:_identify(src/fra333_hw2_25/doc) by extension 'cmake'
[0.160s] Level 1:colcon.colcon_core.package_identification:_identify(src/fra333_hw2_25/doc) by extension 'python'
[0.160s] Level 1:colcon.colcon_core.package_identification:_identify(src/fra333_hw2_25/doc) by extensions ['python_setup_py']
[0.160s] Level 1:colcon.colcon_core.package_identification:_identify(src/fra333_hw2_25/doc) by extension 'python_setup_py'
[0.161s] Level 1:colcon.colcon_core.package_identification:_identify(src/fra333_hw2_25/doc/__pycache__) by extensions ['ignore', 'ignore_ament_install']
[0.161s] Level 1:colcon.colcon_core.package_identification:_identify(src/fra333_hw2_25/doc/__pycache__) by extension 'ignore'
[0.161s] Level 1:colcon.colcon_core.package_identification:_identify(src/fra333_hw2_25/doc/__pycache__) by extension 'ignore_ament_install'
[0.161s] Level 1:colcon.colcon_core.package_identification:_identify(src/fra333_hw2_25/doc/__pycache__) by extensions ['colcon_pkg']
[0.161s] Level 1:colcon.colcon_core.package_identification:_identify(src/fra333_hw2_25/doc/__pycache__) by extension 'colcon_pkg'
[0.161s] Level 1:colcon.colcon_core.package_identification:_identify(src/fra333_hw2_25/doc/__pycache__) by extensions ['colcon_meta']
[0.161s] Level 1:colcon.colcon_core.package_identification:_identify(src/fra333_hw2_25/doc/__pycache__) by extension 'colcon_meta'
[0.161s] Level 1:colcon.colcon_core.package_identification:_identify(src/fra333_hw2_25/doc/__pycache__) by extensions ['ros']
[0.161s] Level 1:colcon.colcon_core.package_identification:_identify(src/fra333_hw2_25/doc/__pycache__) by extension 'ros'
[0.161s] Level 1:colcon.colcon_core.package_identification:_identify(src/fra333_hw2_25/doc/__pycache__) by extensions ['cmake', 'python']
[0.161s] Level 1:colcon.colcon_core.package_identification:_identify(src/fra333_hw2_25/doc/__pycache__) by extension 'cmake'
[0.161s] Level 1:colcon.colcon_core.package_identification:_identify(src/fra333_hw2_25/doc/__pycache__) by extension 'python'
[0.161s] Level 1:colcon.colcon_core.package_identification:_identify(src/fra333_hw2_25/doc/__pycache__) by extensions ['python_setup_py']
[0.161s] Level 1:colcon.colcon_core.package_identification:_identify(src/fra333_hw2_25/doc/__pycache__) by extension 'python_setup_py'
[0.161s] Level 1:colcon.colcon_core.package_identification:_identify(src/fra333_lab4_25_v1) by extensions ['ignore', 'ignore_ament_install']
[0.161s] Level 1:colcon.colcon_core.package_identification:_identify(src/fra333_lab4_25_v1) by extension 'ignore'
[0.161s] Level 1:colcon.colcon_core.package_identification:_identify(src/fra333_lab4_25_v1) by extension 'ignore_ament_install'
[0.161s] Level 1:colcon.colcon_core.package_identification:_identify(src/fra333_lab4_25_v1) by extensions ['colcon_pkg']
[0.161s] Level 1:colcon.colcon_core.package_identification:_identify(src/fra333_lab4_25_v1) by extension 'colcon_pkg'
[0.161s] Level 1:colcon.colcon_core.package_identification:_identify(src/fra333_lab4_25_v1) by extensions ['colcon_meta']
[0.161s] Level 1:colcon.colcon_core.package_identification:_identify(src/fra333_lab4_25_v1) by extension 'colcon_meta'
[0.161s] Level 1:colcon.colcon_core.package_identification:_identify(src/fra333_lab4_25_v1) by extensions ['ros']
[0.161s] Level 1:colcon.colcon_core.package_identification:_identify(src/fra333_lab4_25_v1) by extension 'ros'
[0.161s] Level 1:colcon.colcon_core.package_identification:_identify(src/fra333_lab4_25_v1) by extensions ['cmake', 'python']
[0.161s] Level 1:colcon.colcon_core.package_identification:_identify(src/fra333_lab4_25_v1) by extension 'cmake'
[0.161s] Level 1:colcon.colcon_core.package_identification:_identify(src/fra333_lab4_25_v1) by extension 'python'
[0.162s] Level 1:colcon.colcon_core.package_identification:_identify(src/fra333_lab4_25_v1) by extensions ['python_setup_py']
[0.162s] Level 1:colcon.colcon_core.package_identification:_identify(src/fra333_lab4_25_v1) by extension 'python_setup_py'
[0.162s] Level 1:colcon.colcon_core.package_identification:_identify(src/fra333_lab4_25_v1/cocoax_control) by extensions ['ignore', 'ignore_ament_install']
[0.162s] Level 1:colcon.colcon_core.package_identification:_identify(src/fra333_lab4_25_v1/cocoax_control) by extension 'ignore'
[0.162s] Level 1:colcon.colcon_core.package_identification:_identify(src/fra333_lab4_25_v1/cocoax_control) by extension 'ignore_ament_install'
[0.162s] Level 1:colcon.colcon_core.package_identification:_identify(src/fra333_lab4_25_v1/cocoax_control) by extensions ['colcon_pkg']
[0.162s] Level 1:colcon.colcon_core.package_identification:_identify(src/fra333_lab4_25_v1/cocoax_control) by extension 'colcon_pkg'
[0.162s] Level 1:colcon.colcon_core.package_identification:_identify(src/fra333_lab4_25_v1/cocoax_control) by extensions ['colcon_meta']
[0.162s] Level 1:colcon.colcon_core.package_identification:_identify(src/fra333_lab4_25_v1/cocoax_control) by extension 'colcon_meta'
[0.162s] Level 1:colcon.colcon_core.package_identification:_identify(src/fra333_lab4_25_v1/cocoax_control) by extensions ['ros']
[0.162s] Level 1:colcon.colcon_core.package_identification:_identify(src/fra333_lab4_25_v1/cocoax_control) by extension 'ros'
[0.164s] DEBUG:colcon.colcon_core.package_identification:Package 'src/fra333_lab4_25_v1/cocoax_control' with type 'ros.ament_cmake' and name 'cocoax_control'
[0.164s] Level 1:colcon.colcon_core.package_identification:_identify(src/fra333_lab4_25_v1/cocoax_description) by extensions ['ignore', 'ignore_ament_install']
[0.164s] Level 1:colcon.colcon_core.package_identification:_identify(src/fra333_lab4_25_v1/cocoax_description) by extension 'ignore'
[0.164s] Level 1:colcon.colcon_core.package_identification:_identify(src/fra333_lab4_25_v1/cocoax_description) by extension 'ignore_ament_install'
[0.164s] Level 1:colcon.colcon_core.package_identification:_identify(src/fra333_lab4_25_v1/cocoax_description) by extensions ['colcon_pkg']
[0.164s] Level 1:colcon.colcon_core.package_identification:_identify(src/fra333_lab4_25_v1/cocoax_description) by extension 'colcon_pkg'
[0.164s] Level 1:colcon.colcon_core.package_identification:_identify(src/fra333_lab4_25_v1/cocoax_description) by extensions ['colcon_meta']
[0.164s] Level 1:colcon.colcon_core.package_identification:_identify(src/fra333_lab4_25_v1/cocoax_description) by extension 'colcon_meta'
[0.164s] Level 1:colcon.colcon_core.package_identification:_identify(src/fra333_lab4_25_v1/cocoax_description) by extensions ['ros']
[0.164s] Level 1:colcon.colcon_core.package_identification:_identify(src/fra333_lab4_25_v1/cocoax_description) by extension 'ros'
[0.165s] DEBUG:colcon.colcon_core.package_identification:Package 'src/fra333_lab4_25_v1/cocoax_description' with type 'ros.ament_cmake' and name 'cocoax_description'
[0.165s] Level 1:colcon.colcon_core.package_identification:_identify(src/fra333_lab4_25_v1/cocoax_interfaces) by extensions ['ignore', 'ignore_ament_install']
[0.165s] Level 1:colcon.colcon_core.package_identification:_identify(src/fra333_lab4_25_v1/cocoax_interfaces) by extension 'ignore'
[0.165s] Level 1:colcon.colcon_core.package_identification:_identify(src/fra333_lab4_25_v1/cocoax_interfaces) by extension 'ignore_ament_install'
[0.165s] Level 1:colcon.colcon_core.package_identification:_identify(src/fra333_lab4_25_v1/cocoax_interfaces) by extensions ['colcon_pkg']
[0.165s] Level 1:colcon.colcon_core.package_identification:_identify(src/fra333_lab4_25_v1/cocoax_interfaces) by extension 'colcon_pkg'
[0.165s] Level 1:colcon.colcon_core.package_identification:_identify(src/fra333_lab4_25_v1/cocoax_interfaces) by extensions ['colcon_meta']
[0.165s] Level 1:colcon.colcon_core.package_identification:_identify(src/fra333_lab4_25_v1/cocoax_interfaces) by extension 'colcon_meta'
[0.165s] Level 1:colcon.colcon_core.package_identification:_identify(src/fra333_lab4_25_v1/cocoax_interfaces) by extensions ['ros']
[0.165s] Level 1:colcon.colcon_core.package_identification:_identify(src/fra333_lab4_25_v1/cocoax_interfaces) by extension 'ros'
[0.166s] DEBUG:colcon.colcon_core.package_identification:Package 'src/fra333_lab4_25_v1/cocoax_interfaces' with type 'ros.ament_cmake' and name 'cocoax_interfaces'
[0.166s] Level 1:colcon.colcon_core.package_identification:_identify(src/fra333_lab4_25_v1/cocoax_kinematics) by extensions ['ignore', 'ignore_ament_install']
[0.166s] Level 1:colcon.colcon_core.package_identification:_identify(src/fra333_lab4_25_v1/cocoax_kinematics) by extension 'ignore'
[0.166s] Level 1:colcon.colcon_core.package_identification:_identify(src/fra333_lab4_25_v1/cocoax_kinematics) by extension 'ignore_ament_install'
[0.166s] Level 1:colcon.colcon_core.package_identification:_identify(src/fra333_lab4_25_v1/cocoax_kinematics) by extensions ['colcon_pkg']
[0.166s] Level 1:colcon.colcon_core.package_identification:_identify(src/fra333_lab4_25_v1/cocoax_kinematics) by extension 'colcon_pkg'
[0.166s] Level 1:colcon.colcon_core.package_identification:_identify(src/fra333_lab4_25_v1/cocoax_kinematics) by extensions ['colcon_meta']
[0.166s] Level 1:colcon.colcon_core.package_identification:_identify(src/fra333_lab4_25_v1/cocoax_kinematics) by extension 'colcon_meta'
[0.166s] Level 1:colcon.colcon_core.package_identification:_identify(src/fra333_lab4_25_v1/cocoax_kinematics) by extensions ['ros']
[0.166s] Level 1:colcon.colcon_core.package_identification:_identify(src/fra333_lab4_25_v1/cocoax_kinematics) by extension 'ros'
[0.166s] DEBUG:colcon.colcon_core.package_identification:Package 'src/fra333_lab4_25_v1/cocoax_kinematics' with type 'ros.ament_cmake' and name 'cocoax_kinematics'
[0.166s] Level 1:colcon.colcon_core.package_identification:_identify(src/fra333_lab4_25_v1/doc) by extensions ['ignore', 'ignore_ament_install']
[0.167s] Level 1:colcon.colcon_core.package_identification:_identify(src/fra333_lab4_25_v1/doc) by extension 'ignore'
[0.167s] Level 1:colcon.colcon_core.package_identification:_identify(src/fra333_lab4_25_v1/doc) by extension 'ignore_ament_install'
[0.167s] Level 1:colcon.colcon_core.package_identification:_identify(src/fra333_lab4_25_v1/doc) by extensions ['colcon_pkg']
[0.167s] Level 1:colcon.colcon_core.package_identification:_identify(src/fra333_lab4_25_v1/doc) by extension 'colcon_pkg'
[0.167s] Level 1:colcon.colcon_core.package_identification:_identify(src/fra333_lab4_25_v1/doc) by extensions ['colcon_meta']
[0.167s] Level 1:colcon.colcon_core.package_identification:_identify(src/fra333_lab4_25_v1/doc) by extension 'colcon_meta'
[0.167s] Level 1:colcon.colcon_core.package_identification:_identify(src/fra333_lab4_25_v1/doc) by extensions ['ros']
[0.167s] Level 1:colcon.colcon_core.package_identification:_identify(src/fra333_lab4_25_v1/doc) by extension 'ros'
[0.167s] Level 1:colcon.colcon_core.package_identification:_identify(src/fra333_lab4_25_v1/doc) by extensions ['cmake', 'python']
[0.167s] Level 1:colcon.colcon_core.package_identification:_identify(src/fra333_lab4_25_v1/doc) by extension 'cmake'
[0.167s] Level 1:colcon.colcon_core.package_identification:_identify(src/fra333_lab4_25_v1/doc) by extension 'python'
[0.167s] Level 1:colcon.colcon_core.package_identification:_identify(src/fra333_lab4_25_v1/doc) by extensions ['python_setup_py']
[0.167s] Level 1:colcon.colcon_core.package_identification:_identify(src/fra333_lab4_25_v1/doc) by extension 'python_setup_py'
[0.167s] Level 1:colcon.colcon_core.package_discovery:discover_packages(recursive) using defaults
[0.167s] Level 1:colcon.colcon_core.package_discovery:discover_packages(ignore) discover
[0.167s] Level 1:colcon.colcon_core.package_discovery:discover_packages(ignore) using defaults
[0.167s] Level 1:colcon.colcon_core.package_discovery:discover_packages(path) discover
[0.167s] Level 1:colcon.colcon_core.package_discovery:discover_packages(path) using defaults
[0.186s] Level 1:colcon.colcon_core.package_discovery:discover_packages(prefix_path) check parameters
[0.186s] Level 1:colcon.colcon_core.package_discovery:discover_packages(prefix_path) discover
[0.188s] DEBUG:colcon.colcon_installed_package_information.package_discovery:Found 4 installed packages in /home/azthorax/fra333_ws/install
[0.190s] DEBUG:colcon.colcon_installed_package_information.package_discovery:Found 289 installed packages in /opt/ros/foxy
[0.192s] Level 1:colcon.colcon_core.package_discovery:discover_packages(prefix_path) using defaults
[0.250s] Level 5:colcon.colcon_core.verb:set package 'cocoax_control' build argument 'cmake_args' from command line to 'None'
[0.250s] Level 5:colcon.colcon_core.verb:set package 'cocoax_control' build argument 'cmake_target' from command line to 'None'
[0.250s] Level 5:colcon.colcon_core.verb:set package 'cocoax_control' build argument 'cmake_target_skip_unavailable' from command line to 'False'
[0.250s] Level 5:colcon.colcon_core.verb:set package 'cocoax_control' build argument 'cmake_clean_cache' from command line to 'False'
[0.250s] Level 5:colcon.colcon_core.verb:set package 'cocoax_control' build argument 'cmake_clean_first' from command line to 'False'
[0.250s] Level 5:colcon.colcon_core.verb:set package 'cocoax_control' build argument 'cmake_force_configure' from command line to 'False'
[0.250s] Level 5:colcon.colcon_core.verb:set package 'cocoax_control' build argument 'ament_cmake_args' from command line to 'None'
[0.250s] Level 5:colcon.colcon_core.verb:set package 'cocoax_control' build argument 'catkin_cmake_args' from command line to 'None'
[0.250s] Level 5:colcon.colcon_core.verb:set package 'cocoax_control' build argument 'catkin_skip_building_tests' from command line to 'False'
[0.250s] DEBUG:colcon.colcon_core.verb:Building package 'cocoax_control' with the following arguments: {'ament_cmake_args': None, 'build_base': '/home/azthorax/fra333_ws/build/cocoax_control', 'catkin_cmake_args': None, 'catkin_skip_building_tests': False, 'cmake_args': None, 'cmake_clean_cache': False, 'cmake_clean_first': False, 'cmake_force_configure': False, 'cmake_target': None, 'cmake_target_skip_unavailable': False, 'install_base': '/home/azthorax/fra333_ws/install/cocoax_control', 'merge_install': False, 'path': '/home/azthorax/fra333_ws/src/fra333_lab4_25_v1/cocoax_control', 'symlink_install': False, 'test_result_base': None}
[0.252s] Level 5:colcon.colcon_core.verb:set package 'cocoax_description' build argument 'cmake_args' from command line to 'None'
[0.252s] Level 5:colcon.colcon_core.verb:set package 'cocoax_description' build argument 'cmake_target' from command line to 'None'
[0.252s] Level 5:colcon.colcon_core.verb:set package 'cocoax_description' build argument 'cmake_target_skip_unavailable' from command line to 'False'
[0.252s] Level 5:colcon.colcon_core.verb:set package 'cocoax_description' build argument 'cmake_clean_cache' from command line to 'False'
[0.252s] Level 5:colcon.colcon_core.verb:set package 'cocoax_description' build argument 'cmake_clean_first' from command line to 'False'
[0.252s] Level 5:colcon.colcon_core.verb:set package 'cocoax_description' build argument 'cmake_force_configure' from command line to 'False'
[0.252s] Level 5:colcon.colcon_core.verb:set package 'cocoax_description' build argument 'ament_cmake_args' from command line to 'None'
[0.252s] Level 5:colcon.colcon_core.verb:set package 'cocoax_description' build argument 'catkin_cmake_args' from command line to 'None'
[0.252s] Level 5:colcon.colcon_core.verb:set package 'cocoax_description' build argument 'catkin_skip_building_tests' from command line to 'False'
[0.252s] DEBUG:colcon.colcon_core.verb:Building package 'cocoax_description' with the following arguments: {'ament_cmake_args': None, 'build_base': '/home/azthorax/fra333_ws/build/cocoax_description', 'catkin_cmake_args': None, 'catkin_skip_building_tests': False, 'cmake_args': None, 'cmake_clean_cache': False, 'cmake_clean_first': False, 'cmake_force_configure': False, 'cmake_target': None, 'cmake_target_skip_unavailable': False, 'install_base': '/home/azthorax/fra333_ws/install/cocoax_description', 'merge_install': False, 'path': '/home/azthorax/fra333_ws/src/fra333_lab4_25_v1/cocoax_description', 'symlink_install': False, 'test_result_base': None}
[0.253s] Level 5:colcon.colcon_core.verb:set package 'cocoax_interfaces' build argument 'cmake_args' from command line to 'None'
[0.253s] Level 5:colcon.colcon_core.verb:set package 'cocoax_interfaces' build argument 'cmake_target' from command line to 'None'
[0.253s] Level 5:colcon.colcon_core.verb:set package 'cocoax_interfaces' build argument 'cmake_target_skip_unavailable' from command line to 'False'
[0.253s] Level 5:colcon.colcon_core.verb:set package 'cocoax_interfaces' build argument 'cmake_clean_cache' from command line to 'False'
[0.253s] Level 5:colcon.colcon_core.verb:set package 'cocoax_interfaces' build argument 'cmake_clean_first' from command line to 'False'
[0.253s] Level 5:colcon.colcon_core.verb:set package 'cocoax_interfaces' build argument 'cmake_force_configure' from command line to 'False'
[0.253s] Level 5:colcon.colcon_core.verb:set package 'cocoax_interfaces' build argument 'ament_cmake_args' from command line to 'None'
[0.253s] Level 5:colcon.colcon_core.verb:set package 'cocoax_interfaces' build argument 'catkin_cmake_args' from command line to 'None'
[0.253s] Level 5:colcon.colcon_core.verb:set package 'cocoax_interfaces' build argument 'catkin_skip_building_tests' from command line to 'False'
[0.253s] DEBUG:colcon.colcon_core.verb:Building package 'cocoax_interfaces' with the following arguments: {'ament_cmake_args': None, 'build_base': '/home/azthorax/fra333_ws/build/cocoax_interfaces', 'catkin_cmake_args': None, 'catkin_skip_building_tests': False, 'cmake_args': None, 'cmake_clean_cache': False, 'cmake_clean_first': False, 'cmake_force_configure': False, 'cmake_target': None, 'cmake_target_skip_unavailable': False, 'install_base': '/home/azthorax/fra333_ws/install/cocoax_interfaces', 'merge_install': False, 'path': '/home/azthorax/fra333_ws/src/fra333_lab4_25_v1/cocoax_interfaces', 'symlink_install': False, 'test_result_base': None}
[0.254s] Level 5:colcon.colcon_core.verb:set package 'cocoax_kinematics' build argument 'cmake_args' from command line to 'None'
[0.254s] Level 5:colcon.colcon_core.verb:set package 'cocoax_kinematics' build argument 'cmake_target' from command line to 'None'
[0.254s] Level 5:colcon.colcon_core.verb:set package 'cocoax_kinematics' build argument 'cmake_target_skip_unavailable' from command line to 'False'
[0.254s] Level 5:colcon.colcon_core.verb:set package 'cocoax_kinematics' build argument 'cmake_clean_cache' from command line to 'False'
[0.254s] Level 5:colcon.colcon_core.verb:set package 'cocoax_kinematics' build argument 'cmake_clean_first' from command line to 'False'
[0.254s] Level 5:colcon.colcon_core.verb:set package 'cocoax_kinematics' build argument 'cmake_force_configure' from command line to 'False'
[0.254s] Level 5:colcon.colcon_core.verb:set package 'cocoax_kinematics' build argument 'ament_cmake_args' from command line to 'None'
[0.254s] Level 5:colcon.colcon_core.verb:set package 'cocoax_kinematics' build argument 'catkin_cmake_args' from command line to 'None'
[0.254s] Level 5:colcon.colcon_core.verb:set package 'cocoax_kinematics' build argument 'catkin_skip_building_tests' from command line to 'False'
[0.254s] DEBUG:colcon.colcon_core.verb:Building package 'cocoax_kinematics' with the following arguments: {'ament_cmake_args': None, 'build_base': '/home/azthorax/fra333_ws/build/cocoax_kinematics', 'catkin_cmake_args': None, 'catkin_skip_building_tests': False, 'cmake_args': None, 'cmake_clean_cache': False, 'cmake_clean_first': False, 'cmake_force_configure': False, 'cmake_target': None, 'cmake_target_skip_unavailable': False, 'install_base': '/home/azthorax/fra333_ws/install/cocoax_kinematics', 'merge_install': False, 'path': '/home/azthorax/fra333_ws/src/fra333_lab4_25_v1/cocoax_kinematics', 'symlink_install': False, 'test_result_base': None}
[0.254s] INFO:colcon.colcon_core.executor:Executing jobs using 'parallel' executor
[0.259s] DEBUG:colcon.colcon_parallel_executor.executor.parallel:run_until_complete
[0.259s] INFO:colcon.colcon_ros.task.ament_cmake.build:Building ROS package in '/home/azthorax/fra333_ws/src/fra333_lab4_25_v1/cocoax_control' with build type 'ament_cmake'
[0.259s] INFO:colcon.colcon_cmake.task.cmake.build:Building CMake package in '/home/azthorax/fra333_ws/src/fra333_lab4_25_v1/cocoax_control'
[0.263s] INFO:colcon.colcon_core.plugin_system:Skipping extension 'colcon_core.shell.bat': Not used on non-Windows systems
[0.263s] INFO:colcon.colcon_core.shell:Skip shell extension 'powershell' for command environment: Not usable outside of PowerShell
[0.263s] DEBUG:colcon.colcon_core.shell:Skip shell extension 'dsv' for command environment
[0.269s] INFO:colcon.colcon_ros.task.ament_cmake.build:Building ROS package in '/home/azthorax/fra333_ws/src/fra333_lab4_25_v1/cocoax_description' with build type 'ament_cmake'
[0.269s] INFO:colcon.colcon_cmake.task.cmake.build:Building CMake package in '/home/azthorax/fra333_ws/src/fra333_lab4_25_v1/cocoax_description'
[0.271s] INFO:colcon.colcon_core.shell:Skip shell extension 'powershell' for command environment: Not usable outside of PowerShell
[0.271s] DEBUG:colcon.colcon_core.shell:Skip shell extension 'dsv' for command environment
[0.278s] INFO:colcon.colcon_ros.task.ament_cmake.build:Building ROS package in '/home/azthorax/fra333_ws/src/fra333_lab4_25_v1/cocoax_interfaces' with build type 'ament_cmake'
[0.278s] INFO:colcon.colcon_cmake.task.cmake.build:Building CMake package in '/home/azthorax/fra333_ws/src/fra333_lab4_25_v1/cocoax_interfaces'
[0.280s] INFO:colcon.colcon_core.shell:Skip shell extension 'powershell' for command environment: Not usable outside of PowerShell
[0.280s] DEBUG:colcon.colcon_core.shell:Skip shell extension 'dsv' for command environment
[0.286s] INFO:colcon.colcon_ros.task.ament_cmake.build:Building ROS package in '/home/azthorax/fra333_ws/src/fra333_lab4_25_v1/cocoax_kinematics' with build type 'ament_cmake'
[0.287s] INFO:colcon.colcon_cmake.task.cmake.build:Building CMake package in '/home/azthorax/fra333_ws/src/fra333_lab4_25_v1/cocoax_kinematics'
[0.289s] INFO:colcon.colcon_core.shell:Skip shell extension 'powershell' for command environment: Not usable outside of PowerShell
[0.289s] DEBUG:colcon.colcon_core.shell:Skip shell extension 'dsv' for command environment
[0.301s] DEBUG:colcon.colcon_core.event_handler.log_command:Invoking command in '/home/azthorax/fra333_ws/build/cocoax_control': CMAKE_PREFIX_PATH=${CMAKE_PREFIX_PATH}:/opt/ros/foxy /usr/bin/cmake /home/azthorax/fra333_ws/src/fra333_lab4_25_v1/cocoax_control -DCMAKE_INSTALL_PREFIX=/home/azthorax/fra333_ws/install/cocoax_control
[0.307s] DEBUG:colcon.colcon_core.event_handler.log_command:Invoking command in '/home/azthorax/fra333_ws/build/cocoax_description': CMAKE_PREFIX_PATH=${CMAKE_PREFIX_PATH}:/opt/ros/foxy /usr/bin/cmake /home/azthorax/fra333_ws/src/fra333_lab4_25_v1/cocoax_description -DCMAKE_INSTALL_PREFIX=/home/azthorax/fra333_ws/install/cocoax_description
[0.313s] DEBUG:colcon.colcon_core.event_handler.log_command:Invoking command in '/home/azthorax/fra333_ws/build/cocoax_interfaces': CMAKE_PREFIX_PATH=${CMAKE_PREFIX_PATH}:/opt/ros/foxy /usr/bin/cmake /home/azthorax/fra333_ws/src/fra333_lab4_25_v1/cocoax_interfaces -DCMAKE_INSTALL_PREFIX=/home/azthorax/fra333_ws/install/cocoax_interfaces
[0.318s] DEBUG:colcon.colcon_core.event_handler.log_command:Invoking command in '/home/azthorax/fra333_ws/build/cocoax_kinematics': CMAKE_PREFIX_PATH=${CMAKE_PREFIX_PATH}:/opt/ros/foxy /usr/bin/cmake /home/azthorax/fra333_ws/src/fra333_lab4_25_v1/cocoax_kinematics -DCMAKE_INSTALL_PREFIX=/home/azthorax/fra333_ws/install/cocoax_kinematics
[0.929s] DEBUG:colcon.colcon_core.event_handler.log_command:Invoked command in '/home/azthorax/fra333_ws/build/cocoax_description' returned '0': CMAKE_PREFIX_PATH=${CMAKE_PREFIX_PATH}:/opt/ros/foxy /usr/bin/cmake /home/azthorax/fra333_ws/src/fra333_lab4_25_v1/cocoax_description -DCMAKE_INSTALL_PREFIX=/home/azthorax/fra333_ws/install/cocoax_description
[0.934s] DEBUG:colcon.colcon_core.event_handler.log_command:Invoking command in '/home/azthorax/fra333_ws/build/cocoax_description': CMAKE_PREFIX_PATH=${CMAKE_PREFIX_PATH}:/opt/ros/foxy /usr/bin/cmake --build /home/azthorax/fra333_ws/build/cocoax_description -- -j12 -l12
[0.936s] DEBUG:colcon.colcon_core.event_handler.log_command:Invoked command in '/home/azthorax/fra333_ws/build/cocoax_kinematics' returned '0': CMAKE_PREFIX_PATH=${CMAKE_PREFIX_PATH}:/opt/ros/foxy /usr/bin/cmake /home/azthorax/fra333_ws/src/fra333_lab4_25_v1/cocoax_kinematics -DCMAKE_INSTALL_PREFIX=/home/azthorax/fra333_ws/install/cocoax_kinematics
[0.939s] DEBUG:colcon.colcon_core.event_handler.log_command:Invoking command in '/home/azthorax/fra333_ws/build/cocoax_kinematics': CMAKE_PREFIX_PATH=${CMAKE_PREFIX_PATH}:/opt/ros/foxy /usr/bin/cmake --build /home/azthorax/fra333_ws/build/cocoax_kinematics -- -j12 -l12
[0.941s] DEBUG:colcon.colcon_core.event_handler.log_command:Invoked command in '/home/azthorax/fra333_ws/build/cocoax_control' returned '0': CMAKE_PREFIX_PATH=${CMAKE_PREFIX_PATH}:/opt/ros/foxy /usr/bin/cmake /home/azthorax/fra333_ws/src/fra333_lab4_25_v1/cocoax_control -DCMAKE_INSTALL_PREFIX=/home/azthorax/fra333_ws/install/cocoax_control
[0.945s] DEBUG:colcon.colcon_core.event_handler.log_command:Invoking command in '/home/azthorax/fra333_ws/build/cocoax_control': CMAKE_PREFIX_PATH=${CMAKE_PREFIX_PATH}:/opt/ros/foxy /usr/bin/cmake --build /home/azthorax/fra333_ws/build/cocoax_control -- -j12 -l12
[0.968s] DEBUG:colcon.colcon_core.event_handler.log_command:Invoked command in '/home/azthorax/fra333_ws/build/cocoax_description' returned '0': CMAKE_PREFIX_PATH=${CMAKE_PREFIX_PATH}:/opt/ros/foxy /usr/bin/cmake --build /home/azthorax/fra333_ws/build/cocoax_description -- -j12 -l12
[0.979s] DEBUG:colcon.colcon_core.event_handler.log_command:Invoked command in '/home/azthorax/fra333_ws/build/cocoax_kinematics' returned '0': CMAKE_PREFIX_PATH=${CMAKE_PREFIX_PATH}:/opt/ros/foxy /usr/bin/cmake --build /home/azthorax/fra333_ws/build/cocoax_kinematics -- -j12 -l12
[0.983s] DEBUG:colcon.colcon_core.event_handler.log_command:Invoked command in '/home/azthorax/fra333_ws/build/cocoax_control' returned '0': CMAKE_PREFIX_PATH=${CMAKE_PREFIX_PATH}:/opt/ros/foxy /usr/bin/cmake --build /home/azthorax/fra333_ws/build/cocoax_control -- -j12 -l12
[1.001s] DEBUG:colcon.colcon_core.event_handler.log_command:Invoking command in '/home/azthorax/fra333_ws/build/cocoax_description': CMAKE_PREFIX_PATH=${CMAKE_PREFIX_PATH}:/opt/ros/foxy /usr/bin/cmake --install /home/azthorax/fra333_ws/build/cocoax_description
[1.007s] DEBUG:colcon.colcon_core.event_handler.log_command:Invoking command in '/home/azthorax/fra333_ws/build/cocoax_kinematics': CMAKE_PREFIX_PATH=${CMAKE_PREFIX_PATH}:/opt/ros/foxy /usr/bin/cmake --install /home/azthorax/fra333_ws/build/cocoax_kinematics
[1.013s] DEBUG:colcon.colcon_core.event_handler.log_command:Invoking command in '/home/azthorax/fra333_ws/build/cocoax_control': CMAKE_PREFIX_PATH=${CMAKE_PREFIX_PATH}:/opt/ros/foxy /usr/bin/cmake --install /home/azthorax/fra333_ws/build/cocoax_control
[1.068s] Level 1:colcon.colcon_core.environment:create_environment_scripts_only(cocoax_description)
[1.068s] DEBUG:colcon.colcon_core.event_handler.log_command:Invoked command in '/home/azthorax/fra333_ws/build/cocoax_description' returned '0': CMAKE_PREFIX_PATH=${CMAKE_PREFIX_PATH}:/opt/ros/foxy /usr/bin/cmake --install /home/azthorax/fra333_ws/build/cocoax_description
[1.073s] Level 1:colcon.colcon_core.environment:checking '/home/azthorax/fra333_ws/install/cocoax_description' for CMake module files
[1.073s] Level 1:colcon.colcon_core.environment:checking '/home/azthorax/fra333_ws/install/cocoax_description' for CMake config files
[1.074s] Level 1:colcon.colcon_core.shell:create_environment_hook('cocoax_description', 'cmake_prefix_path')
[1.075s] INFO:colcon.colcon_core.shell:Creating environment hook '/home/azthorax/fra333_ws/install/cocoax_description/share/cocoax_description/hook/cmake_prefix_path.ps1'
[1.076s] INFO:colcon.colcon_core.shell:Creating environment descriptor '/home/azthorax/fra333_ws/install/cocoax_description/share/cocoax_description/hook/cmake_prefix_path.dsv'
[1.076s] INFO:colcon.colcon_core.shell:Creating environment hook '/home/azthorax/fra333_ws/install/cocoax_description/share/cocoax_description/hook/cmake_prefix_path.sh'
[1.077s] Level 1:colcon.colcon_core.environment:checking '/home/azthorax/fra333_ws/install/cocoax_description/lib'
[1.077s] Level 1:colcon.colcon_core.environment:checking '/home/azthorax/fra333_ws/install/cocoax_description/bin'
[1.077s] Level 1:colcon.colcon_core.environment:checking '/home/azthorax/fra333_ws/install/cocoax_description/lib/pkgconfig/cocoax_description.pc'
[1.077s] Level 1:colcon.colcon_core.environment:checking '/home/azthorax/fra333_ws/install/cocoax_description/lib/python3.8/site-packages'
[1.077s] Level 1:colcon.colcon_core.shell:create_environment_hook('cocoax_description', 'pythonpath')
[1.079s] INFO:colcon.colcon_core.shell:Creating environment hook '/home/azthorax/fra333_ws/install/cocoax_description/share/cocoax_description/hook/pythonpath.ps1'
[1.079s] INFO:colcon.colcon_core.shell:Creating environment descriptor '/home/azthorax/fra333_ws/install/cocoax_description/share/cocoax_description/hook/pythonpath.dsv'
[1.079s] INFO:colcon.colcon_core.shell:Creating environment hook '/home/azthorax/fra333_ws/install/cocoax_description/share/cocoax_description/hook/pythonpath.sh'
[1.080s] Level 1:colcon.colcon_core.environment:checking '/home/azthorax/fra333_ws/install/cocoax_description/bin'
[1.081s] INFO:colcon.colcon_core.shell:Creating package script '/home/azthorax/fra333_ws/install/cocoax_description/share/cocoax_description/package.ps1'
[1.082s] INFO:colcon.colcon_core.shell:Creating package descriptor '/home/azthorax/fra333_ws/install/cocoax_description/share/cocoax_description/package.dsv'
[1.082s] INFO:colcon.colcon_core.shell:Creating package script '/home/azthorax/fra333_ws/install/cocoax_description/share/cocoax_description/package.sh'
[1.083s] INFO:colcon.colcon_core.shell:Creating package script '/home/azthorax/fra333_ws/install/cocoax_description/share/cocoax_description/package.bash'
[1.083s] INFO:colcon.colcon_core.shell:Creating package script '/home/azthorax/fra333_ws/install/cocoax_description/share/cocoax_description/package.zsh'
[1.084s] Level 1:colcon.colcon_core.environment:create_file_with_runtime_dependencies(/home/azthorax/fra333_ws/install/cocoax_description/share/colcon-core/packages/cocoax_description)
[1.087s] Level 1:colcon.colcon_core.environment:create_environment_scripts_only(cocoax_kinematics)
[1.089s] Level 1:colcon.colcon_core.environment:checking '/home/azthorax/fra333_ws/install/cocoax_kinematics' for CMake module files
[1.090s] DEBUG:colcon.colcon_core.event_handler.log_command:Invoked command in '/home/azthorax/fra333_ws/build/cocoax_kinematics' returned '0': CMAKE_PREFIX_PATH=${CMAKE_PREFIX_PATH}:/opt/ros/foxy /usr/bin/cmake --install /home/azthorax/fra333_ws/build/cocoax_kinematics
[1.090s] Level 1:colcon.colcon_core.environment:checking '/home/azthorax/fra333_ws/install/cocoax_kinematics' for CMake config files
[1.091s] Level 1:colcon.colcon_core.shell:create_environment_hook('cocoax_kinematics', 'cmake_prefix_path')
[1.092s] INFO:colcon.colcon_core.shell:Creating environment hook '/home/azthorax/fra333_ws/install/cocoax_kinematics/share/cocoax_kinematics/hook/cmake_prefix_path.ps1'
[1.093s] INFO:colcon.colcon_core.shell:Creating environment descriptor '/home/azthorax/fra333_ws/install/cocoax_kinematics/share/cocoax_kinematics/hook/cmake_prefix_path.dsv'
[1.093s] INFO:colcon.colcon_core.shell:Creating environment hook '/home/azthorax/fra333_ws/install/cocoax_kinematics/share/cocoax_kinematics/hook/cmake_prefix_path.sh'
[1.093s] Level 1:colcon.colcon_core.environment:checking '/home/azthorax/fra333_ws/install/cocoax_kinematics/lib'
[1.093s] Level 1:colcon.colcon_core.environment:checking '/home/azthorax/fra333_ws/install/cocoax_kinematics/bin'
[1.093s] Level 1:colcon.colcon_core.environment:checking '/home/azthorax/fra333_ws/install/cocoax_kinematics/lib/pkgconfig/cocoax_kinematics.pc'
[1.094s] Level 1:colcon.colcon_core.environment:checking '/home/azthorax/fra333_ws/install/cocoax_kinematics/lib/python3.8/site-packages'
[1.094s] Level 1:colcon.colcon_core.shell:create_environment_hook('cocoax_kinematics', 'pythonpath')
[1.095s] INFO:colcon.colcon_core.shell:Creating environment hook '/home/azthorax/fra333_ws/install/cocoax_kinematics/share/cocoax_kinematics/hook/pythonpath.ps1'
[1.095s] INFO:colcon.colcon_core.shell:Creating environment descriptor '/home/azthorax/fra333_ws/install/cocoax_kinematics/share/cocoax_kinematics/hook/pythonpath.dsv'
[1.096s] INFO:colcon.colcon_core.shell:Creating environment hook '/home/azthorax/fra333_ws/install/cocoax_kinematics/share/cocoax_kinematics/hook/pythonpath.sh'
[1.096s] Level 1:colcon.colcon_core.environment:checking '/home/azthorax/fra333_ws/install/cocoax_kinematics/bin'
[1.098s] INFO:colcon.colcon_core.shell:Creating package script '/home/azthorax/fra333_ws/install/cocoax_kinematics/share/cocoax_kinematics/package.ps1'
[1.098s] INFO:colcon.colcon_core.shell:Creating package descriptor '/home/azthorax/fra333_ws/install/cocoax_kinematics/share/cocoax_kinematics/package.dsv'
[1.098s] INFO:colcon.colcon_core.shell:Creating package script '/home/azthorax/fra333_ws/install/cocoax_kinematics/share/cocoax_kinematics/package.sh'
[1.099s] INFO:colcon.colcon_core.shell:Creating package script '/home/azthorax/fra333_ws/install/cocoax_kinematics/share/cocoax_kinematics/package.bash'
[1.099s] INFO:colcon.colcon_core.shell:Creating package script '/home/azthorax/fra333_ws/install/cocoax_kinematics/share/cocoax_kinematics/package.zsh'
[1.099s] Level 1:colcon.colcon_core.environment:create_file_with_runtime_dependencies(/home/azthorax/fra333_ws/install/cocoax_kinematics/share/colcon-core/packages/cocoax_kinematics)
[1.104s] Level 1:colcon.colcon_core.environment:create_environment_scripts_only(cocoax_control)
[1.109s] Level 1:colcon.colcon_core.environment:checking '/home/azthorax/fra333_ws/install/cocoax_control' for CMake module files
[1.109s] DEBUG:colcon.colcon_core.event_handler.log_command:Invoked command in '/home/azthorax/fra333_ws/build/cocoax_control' returned '0': CMAKE_PREFIX_PATH=${CMAKE_PREFIX_PATH}:/opt/ros/foxy /usr/bin/cmake --install /home/azthorax/fra333_ws/build/cocoax_control
[1.110s] Level 1:colcon.colcon_core.environment:checking '/home/azthorax/fra333_ws/install/cocoax_control' for CMake config files
[1.110s] Level 1:colcon.colcon_core.shell:create_environment_hook('cocoax_control', 'cmake_prefix_path')
[1.111s] INFO:colcon.colcon_core.shell:Creating environment hook '/home/azthorax/fra333_ws/install/cocoax_control/share/cocoax_control/hook/cmake_prefix_path.ps1'
[1.112s] INFO:colcon.colcon_core.shell:Creating environment descriptor '/home/azthorax/fra333_ws/install/cocoax_control/share/cocoax_control/hook/cmake_prefix_path.dsv'
[1.112s] INFO:colcon.colcon_core.shell:Creating environment hook '/home/azthorax/fra333_ws/install/cocoax_control/share/cocoax_control/hook/cmake_prefix_path.sh'
[1.112s] Level 1:colcon.colcon_core.environment:checking '/home/azthorax/fra333_ws/install/cocoax_control/lib'
[1.112s] Level 1:colcon.colcon_core.environment:checking '/home/azthorax/fra333_ws/install/cocoax_control/bin'
[1.112s] Level 1:colcon.colcon_core.environment:checking '/home/azthorax/fra333_ws/install/cocoax_control/lib/pkgconfig/cocoax_control.pc'
[1.113s] Level 1:colcon.colcon_core.environment:checking '/home/azthorax/fra333_ws/install/cocoax_control/lib/python3.8/site-packages'
[1.113s] Level 1:colcon.colcon_core.shell:create_environment_hook('cocoax_control', 'pythonpath')
[1.114s] INFO:colcon.colcon_core.shell:Creating environment hook '/home/azthorax/fra333_ws/install/cocoax_control/share/cocoax_control/hook/pythonpath.ps1'
[1.114s] INFO:colcon.colcon_core.shell:Creating environment descriptor '/home/azthorax/fra333_ws/install/cocoax_control/share/cocoax_control/hook/pythonpath.dsv'
[1.115s] INFO:colcon.colcon_core.shell:Creating environment hook '/home/azthorax/fra333_ws/install/cocoax_control/share/cocoax_control/hook/pythonpath.sh'
[1.115s] Level 1:colcon.colcon_core.environment:checking '/home/azthorax/fra333_ws/install/cocoax_control/bin'
[1.116s] INFO:colcon.colcon_core.shell:Creating package script '/home/azthorax/fra333_ws/install/cocoax_control/share/cocoax_control/package.ps1'
[1.117s] INFO:colcon.colcon_core.shell:Creating package descriptor '/home/azthorax/fra333_ws/install/cocoax_control/share/cocoax_control/package.dsv'
[1.117s] INFO:colcon.colcon_core.shell:Creating package script '/home/azthorax/fra333_ws/install/cocoax_control/share/cocoax_control/package.sh'
[1.118s] INFO:colcon.colcon_core.shell:Creating package script '/home/azthorax/fra333_ws/install/cocoax_control/share/cocoax_control/package.bash'
[1.118s] INFO:colcon.colcon_core.shell:Creating package script '/home/azthorax/fra333_ws/install/cocoax_control/share/cocoax_control/package.zsh'
[1.118s] Level 1:colcon.colcon_core.environment:create_file_with_runtime_dependencies(/home/azthorax/fra333_ws/install/cocoax_control/share/colcon-core/packages/cocoax_control)
[1.123s] Level 1:colcon.colcon_core.environment:create_environment_scripts_only(cocoax_description)
[1.125s] Level 1:colcon.colcon_core.environment:checking '/home/azthorax/fra333_ws/install/cocoax_description' for CMake module files
[1.125s] Level 1:colcon.colcon_core.environment:checking '/home/azthorax/fra333_ws/install/cocoax_description' for CMake config files
[1.126s] Level 1:colcon.colcon_core.shell:create_environment_hook('cocoax_description', 'cmake_prefix_path')
[1.127s] INFO:colcon.colcon_core.shell:Creating environment hook '/home/azthorax/fra333_ws/install/cocoax_description/share/cocoax_description/hook/cmake_prefix_path.ps1'
[1.127s] INFO:colcon.colcon_core.shell:Creating environment descriptor '/home/azthorax/fra333_ws/install/cocoax_description/share/cocoax_description/hook/cmake_prefix_path.dsv'
[1.128s] INFO:colcon.colcon_core.shell:Creating environment hook '/home/azthorax/fra333_ws/install/cocoax_description/share/cocoax_description/hook/cmake_prefix_path.sh'
[1.128s] Level 1:colcon.colcon_core.environment:checking '/home/azthorax/fra333_ws/install/cocoax_description/lib'
[1.128s] Level 1:colcon.colcon_core.environment:checking '/home/azthorax/fra333_ws/install/cocoax_description/bin'
[1.128s] Level 1:colcon.colcon_core.environment:checking '/home/azthorax/fra333_ws/install/cocoax_description/lib/pkgconfig/cocoax_description.pc'
[1.129s] Level 1:colcon.colcon_core.environment:checking '/home/azthorax/fra333_ws/install/cocoax_description/lib/python3.8/site-packages'
[1.129s] Level 1:colcon.colcon_core.shell:create_environment_hook('cocoax_description', 'pythonpath')
[1.130s] INFO:colcon.colcon_core.shell:Creating environment hook '/home/azthorax/fra333_ws/install/cocoax_description/share/cocoax_description/hook/pythonpath.ps1'
[1.130s] INFO:colcon.colcon_core.shell:Creating environment descriptor '/home/azthorax/fra333_ws/install/cocoax_description/share/cocoax_description/hook/pythonpath.dsv'
[1.130s] INFO:colcon.colcon_core.shell:Creating environment hook '/home/azthorax/fra333_ws/install/cocoax_description/share/cocoax_description/hook/pythonpath.sh'
[1.131s] Level 1:colcon.colcon_core.environment:checking '/home/azthorax/fra333_ws/install/cocoax_description/bin'
[1.132s] INFO:colcon.colcon_core.shell:Creating package script '/home/azthorax/fra333_ws/install/cocoax_description/share/cocoax_description/package.ps1'
[1.133s] INFO:colcon.colcon_core.shell:Creating package descriptor '/home/azthorax/fra333_ws/install/cocoax_description/share/cocoax_description/package.dsv'
[1.133s] INFO:colcon.colcon_core.shell:Creating package script '/home/azthorax/fra333_ws/install/cocoax_description/share/cocoax_description/package.sh'
[1.134s] INFO:colcon.colcon_core.shell:Creating package script '/home/azthorax/fra333_ws/install/cocoax_description/share/cocoax_description/package.bash'
[1.134s] INFO:colcon.colcon_core.shell:Creating package script '/home/azthorax/fra333_ws/install/cocoax_description/share/cocoax_description/package.zsh'
[1.134s] Level 1:colcon.colcon_core.environment:create_file_with_runtime_dependencies(/home/azthorax/fra333_ws/install/cocoax_description/share/colcon-core/packages/cocoax_description)
[1.136s] Level 1:colcon.colcon_core.environment:create_environment_scripts_only(cocoax_kinematics)
[1.138s] Level 1:colcon.colcon_core.environment:checking '/home/azthorax/fra333_ws/install/cocoax_kinematics' for CMake module files
[1.139s] Level 1:colcon.colcon_core.environment:checking '/home/azthorax/fra333_ws/install/cocoax_kinematics' for CMake config files
[1.139s] Level 1:colcon.colcon_core.shell:create_environment_hook('cocoax_kinematics', 'cmake_prefix_path')
[1.140s] INFO:colcon.colcon_core.shell:Creating environment hook '/home/azthorax/fra333_ws/install/cocoax_kinematics/share/cocoax_kinematics/hook/cmake_prefix_path.ps1'
[1.141s] INFO:colcon.colcon_core.shell:Creating environment descriptor '/home/azthorax/fra333_ws/install/cocoax_kinematics/share/cocoax_kinematics/hook/cmake_prefix_path.dsv'
[1.141s] INFO:colcon.colcon_core.shell:Creating environment hook '/home/azthorax/fra333_ws/install/cocoax_kinematics/share/cocoax_kinematics/hook/cmake_prefix_path.sh'
[1.141s] Level 1:colcon.colcon_core.environment:checking '/home/azthorax/fra333_ws/install/cocoax_kinematics/lib'
[1.141s] Level 1:colcon.colcon_core.environment:checking '/home/azthorax/fra333_ws/install/cocoax_kinematics/bin'
[1.141s] Level 1:colcon.colcon_core.environment:checking '/home/azthorax/fra333_ws/install/cocoax_kinematics/lib/pkgconfig/cocoax_kinematics.pc'
[1.142s] Level 1:colcon.colcon_core.environment:checking '/home/azthorax/fra333_ws/install/cocoax_kinematics/lib/python3.8/site-packages'
[1.142s] Level 1:colcon.colcon_core.shell:create_environment_hook('cocoax_kinematics', 'pythonpath')
[1.143s] INFO:colcon.colcon_core.shell:Creating environment hook '/home/azthorax/fra333_ws/install/cocoax_kinematics/share/cocoax_kinematics/hook/pythonpath.ps1'
[1.143s] INFO:colcon.colcon_core.shell:Creating environment descriptor '/home/azthorax/fra333_ws/install/cocoax_kinematics/share/cocoax_kinematics/hook/pythonpath.dsv'
[1.144s] INFO:colcon.colcon_core.shell:Creating environment hook '/home/azthorax/fra333_ws/install/cocoax_kinematics/share/cocoax_kinematics/hook/pythonpath.sh'
[1.144s] Level 1:colcon.colcon_core.environment:checking '/home/azthorax/fra333_ws/install/cocoax_kinematics/bin'
[1.146s] INFO:colcon.colcon_core.shell:Creating package script '/home/azthorax/fra333_ws/install/cocoax_kinematics/share/cocoax_kinematics/package.ps1'
[1.146s] INFO:colcon.colcon_core.shell:Creating package descriptor '/home/azthorax/fra333_ws/install/cocoax_kinematics/share/cocoax_kinematics/package.dsv'
[1.147s] INFO:colcon.colcon_core.shell:Creating package script '/home/azthorax/fra333_ws/install/cocoax_kinematics/share/cocoax_kinematics/package.sh'
[1.147s] INFO:colcon.colcon_core.shell:Creating package script '/home/azthorax/fra333_ws/install/cocoax_kinematics/share/cocoax_kinematics/package.bash'
[1.148s] INFO:colcon.colcon_core.shell:Creating package script '/home/azthorax/fra333_ws/install/cocoax_kinematics/share/cocoax_kinematics/package.zsh'
[1.148s] Level 1:colcon.colcon_core.environment:create_file_with_runtime_dependencies(/home/azthorax/fra333_ws/install/cocoax_kinematics/share/colcon-core/packages/cocoax_kinematics)
[1.150s] Level 1:colcon.colcon_core.environment:create_environment_scripts_only(cocoax_control)
[1.152s] Level 1:colcon.colcon_core.environment:checking '/home/azthorax/fra333_ws/install/cocoax_control' for CMake module files
[1.152s] Level 1:colcon.colcon_core.environment:checking '/home/azthorax/fra333_ws/install/cocoax_control' for CMake config files
[1.153s] Level 1:colcon.colcon_core.shell:create_environment_hook('cocoax_control', 'cmake_prefix_path')
[1.154s] INFO:colcon.colcon_core.shell:Creating environment hook '/home/azthorax/fra333_ws/install/cocoax_control/share/cocoax_control/hook/cmake_prefix_path.ps1'
[1.154s] INFO:colcon.colcon_core.shell:Creating environment descriptor '/home/azthorax/fra333_ws/install/cocoax_control/share/cocoax_control/hook/cmake_prefix_path.dsv'
[1.155s] INFO:colcon.colcon_core.shell:Creating environment hook '/home/azthorax/fra333_ws/install/cocoax_control/share/cocoax_control/hook/cmake_prefix_path.sh'
[1.155s] Level 1:colcon.colcon_core.environment:checking '/home/azthorax/fra333_ws/install/cocoax_control/lib'
[1.155s] Level 1:colcon.colcon_core.environment:checking '/home/azthorax/fra333_ws/install/cocoax_control/bin'
[1.155s] Level 1:colcon.colcon_core.environment:checking '/home/azthorax/fra333_ws/install/cocoax_control/lib/pkgconfig/cocoax_control.pc'
[1.155s] Level 1:colcon.colcon_core.environment:checking '/home/azthorax/fra333_ws/install/cocoax_control/lib/python3.8/site-packages'
[1.155s] Level 1:colcon.colcon_core.shell:create_environment_hook('cocoax_control', 'pythonpath')
[1.157s] INFO:colcon.colcon_core.shell:Creating environment hook '/home/azthorax/fra333_ws/install/cocoax_control/share/cocoax_control/hook/pythonpath.ps1'
[1.157s] INFO:colcon.colcon_core.shell:Creating environment descriptor '/home/azthorax/fra333_ws/install/cocoax_control/share/cocoax_control/hook/pythonpath.dsv'
[1.157s] INFO:colcon.colcon_core.shell:Creating environment hook '/home/azthorax/fra333_ws/install/cocoax_control/share/cocoax_control/hook/pythonpath.sh'
[1.158s] Level 1:colcon.colcon_core.environment:checking '/home/azthorax/fra333_ws/install/cocoax_control/bin'
[1.159s] INFO:colcon.colcon_core.shell:Creating package script '/home/azthorax/fra333_ws/install/cocoax_control/share/cocoax_control/package.ps1'
[1.160s] INFO:colcon.colcon_core.shell:Creating package descriptor '/home/azthorax/fra333_ws/install/cocoax_control/share/cocoax_control/package.dsv'
[1.160s] INFO:colcon.colcon_core.shell:Creating package script '/home/azthorax/fra333_ws/install/cocoax_control/share/cocoax_control/package.sh'
[1.161s] INFO:colcon.colcon_core.shell:Creating package script '/home/azthorax/fra333_ws/install/cocoax_control/share/cocoax_control/package.bash'
[1.161s] INFO:colcon.colcon_core.shell:Creating package script '/home/azthorax/fra333_ws/install/cocoax_control/share/cocoax_control/package.zsh'
[1.161s] Level 1:colcon.colcon_core.environment:create_file_with_runtime_dependencies(/home/azthorax/fra333_ws/install/cocoax_control/share/colcon-core/packages/cocoax_control)
[1.708s] DEBUG:colcon.colcon_core.event_handler.log_command:Invoked command in '/home/azthorax/fra333_ws/build/cocoax_interfaces' returned '0': CMAKE_PREFIX_PATH=${CMAKE_PREFIX_PATH}:/opt/ros/foxy /usr/bin/cmake /home/azthorax/fra333_ws/src/fra333_lab4_25_v1/cocoax_interfaces -DCMAKE_INSTALL_PREFIX=/home/azthorax/fra333_ws/install/cocoax_interfaces
[1.710s] DEBUG:colcon.colcon_core.event_handler.log_command:Invoking command in '/home/azthorax/fra333_ws/build/cocoax_interfaces': CMAKE_PREFIX_PATH=${CMAKE_PREFIX_PATH}:/opt/ros/foxy /usr/bin/cmake --build /home/azthorax/fra333_ws/build/cocoax_interfaces -- -j12 -l12
[2.015s] DEBUG:colcon.colcon_core.event_handler.log_command:Invoked command in '/home/azthorax/fra333_ws/build/cocoax_interfaces' returned '0': CMAKE_PREFIX_PATH=${CMAKE_PREFIX_PATH}:/opt/ros/foxy /usr/bin/cmake --build /home/azthorax/fra333_ws/build/cocoax_interfaces -- -j12 -l12
[2.113s] DEBUG:colcon.colcon_core.event_handler.log_command:Invoking command in '/home/azthorax/fra333_ws/build/cocoax_interfaces': CMAKE_PREFIX_PATH=${CMAKE_PREFIX_PATH}:/opt/ros/foxy /usr/bin/cmake --install /home/azthorax/fra333_ws/build/cocoax_interfaces
[2.200s] Level 1:colcon.colcon_core.environment:create_environment_scripts_only(cocoax_interfaces)
[2.202s] Level 1:colcon.colcon_core.environment:checking '/home/azthorax/fra333_ws/install/cocoax_interfaces' for CMake module files
[2.203s] DEBUG:colcon.colcon_core.event_handler.log_command:Invoked command in '/home/azthorax/fra333_ws/build/cocoax_interfaces' returned '0': CMAKE_PREFIX_PATH=${CMAKE_PREFIX_PATH}:/opt/ros/foxy /usr/bin/cmake --install /home/azthorax/fra333_ws/build/cocoax_interfaces
[2.203s] Level 1:colcon.colcon_core.environment:checking '/home/azthorax/fra333_ws/install/cocoax_interfaces' for CMake config files
[2.203s] Level 1:colcon.colcon_core.shell:create_environment_hook('cocoax_interfaces', 'cmake_prefix_path')
[2.205s] INFO:colcon.colcon_core.shell:Creating environment hook '/home/azthorax/fra333_ws/install/cocoax_interfaces/share/cocoax_interfaces/hook/cmake_prefix_path.ps1'
[2.205s] INFO:colcon.colcon_core.shell:Creating environment descriptor '/home/azthorax/fra333_ws/install/cocoax_interfaces/share/cocoax_interfaces/hook/cmake_prefix_path.dsv'
[2.205s] INFO:colcon.colcon_core.shell:Creating environment hook '/home/azthorax/fra333_ws/install/cocoax_interfaces/share/cocoax_interfaces/hook/cmake_prefix_path.sh'
[2.206s] Level 1:colcon.colcon_core.environment:checking '/home/azthorax/fra333_ws/install/cocoax_interfaces/lib'
[2.206s] Level 1:colcon.colcon_core.shell:create_environment_hook('cocoax_interfaces', 'ld_library_path_lib')
[2.207s] INFO:colcon.colcon_core.shell:Creating environment hook '/home/azthorax/fra333_ws/install/cocoax_interfaces/share/cocoax_interfaces/hook/ld_library_path_lib.ps1'
[2.207s] INFO:colcon.colcon_core.shell:Creating environment descriptor '/home/azthorax/fra333_ws/install/cocoax_interfaces/share/cocoax_interfaces/hook/ld_library_path_lib.dsv'
[2.208s] INFO:colcon.colcon_core.shell:Creating environment hook '/home/azthorax/fra333_ws/install/cocoax_interfaces/share/cocoax_interfaces/hook/ld_library_path_lib.sh'
[2.208s] Level 1:colcon.colcon_core.environment:checking '/home/azthorax/fra333_ws/install/cocoax_interfaces/bin'
[2.208s] Level 1:colcon.colcon_core.environment:checking '/home/azthorax/fra333_ws/install/cocoax_interfaces/lib/pkgconfig/cocoax_interfaces.pc'
[2.208s] Level 1:colcon.colcon_core.environment:checking '/home/azthorax/fra333_ws/install/cocoax_interfaces/lib/python3.8/site-packages'
[2.208s] Level 1:colcon.colcon_core.shell:create_environment_hook('cocoax_interfaces', 'pythonpath')
[2.210s] INFO:colcon.colcon_core.shell:Creating environment hook '/home/azthorax/fra333_ws/install/cocoax_interfaces/share/cocoax_interfaces/hook/pythonpath.ps1'
[2.210s] INFO:colcon.colcon_core.shell:Creating environment descriptor '/home/azthorax/fra333_ws/install/cocoax_interfaces/share/cocoax_interfaces/hook/pythonpath.dsv'
[2.210s] INFO:colcon.colcon_core.shell:Creating environment hook '/home/azthorax/fra333_ws/install/cocoax_interfaces/share/cocoax_interfaces/hook/pythonpath.sh'
[2.210s] Level 1:colcon.colcon_core.environment:checking '/home/azthorax/fra333_ws/install/cocoax_interfaces/bin'
[2.212s] INFO:colcon.colcon_core.shell:Creating package script '/home/azthorax/fra333_ws/install/cocoax_interfaces/share/cocoax_interfaces/package.ps1'
[2.212s] INFO:colcon.colcon_core.shell:Creating package descriptor '/home/azthorax/fra333_ws/install/cocoax_interfaces/share/cocoax_interfaces/package.dsv'
[2.213s] INFO:colcon.colcon_core.shell:Creating package script '/home/azthorax/fra333_ws/install/cocoax_interfaces/share/cocoax_interfaces/package.sh'
[2.213s] INFO:colcon.colcon_core.shell:Creating package script '/home/azthorax/fra333_ws/install/cocoax_interfaces/share/cocoax_interfaces/package.bash'
[2.213s] INFO:colcon.colcon_core.shell:Creating package script '/home/azthorax/fra333_ws/install/cocoax_interfaces/share/cocoax_interfaces/package.zsh'
[2.213s] Level 1:colcon.colcon_core.environment:create_file_with_runtime_dependencies(/home/azthorax/fra333_ws/install/cocoax_interfaces/share/colcon-core/packages/cocoax_interfaces)
[2.311s] Level 1:colcon.colcon_core.environment:create_environment_scripts_only(cocoax_interfaces)
[2.315s] Level 1:colcon.colcon_core.environment:checking '/home/azthorax/fra333_ws/install/cocoax_interfaces' for CMake module files
[2.316s] Level 1:colcon.colcon_core.environment:checking '/home/azthorax/fra333_ws/install/cocoax_interfaces' for CMake config files
[2.317s] Level 1:colcon.colcon_core.shell:create_environment_hook('cocoax_interfaces', 'cmake_prefix_path')
[2.320s] INFO:colcon.colcon_core.shell:Creating environment hook '/home/azthorax/fra333_ws/install/cocoax_interfaces/share/cocoax_interfaces/hook/cmake_prefix_path.ps1'
[2.321s] INFO:colcon.colcon_core.shell:Creating environment descriptor '/home/azthorax/fra333_ws/install/cocoax_interfaces/share/cocoax_interfaces/hook/cmake_prefix_path.dsv'
[2.321s] INFO:colcon.colcon_core.shell:Creating environment hook '/home/azthorax/fra333_ws/install/cocoax_interfaces/share/cocoax_interfaces/hook/cmake_prefix_path.sh'
[2.322s] Level 1:colcon.colcon_core.environment:checking '/home/azthorax/fra333_ws/install/cocoax_interfaces/lib'
[2.322s] Level 1:colcon.colcon_core.shell:create_environment_hook('cocoax_interfaces', 'ld_library_path_lib')
[2.323s] INFO:colcon.colcon_core.shell:Creating environment hook '/home/azthorax/fra333_ws/install/cocoax_interfaces/share/cocoax_interfaces/hook/ld_library_path_lib.ps1'
[2.323s] INFO:colcon.colcon_core.shell:Creating environment descriptor '/home/azthorax/fra333_ws/install/cocoax_interfaces/share/cocoax_interfaces/hook/ld_library_path_lib.dsv'
[2.324s] INFO:colcon.colcon_core.shell:Creating environment hook '/home/azthorax/fra333_ws/install/cocoax_interfaces/share/cocoax_interfaces/hook/ld_library_path_lib.sh'
[2.324s] Level 1:colcon.colcon_core.environment:checking '/home/azthorax/fra333_ws/install/cocoax_interfaces/bin'
[2.324s] Level 1:colcon.colcon_core.environment:checking '/home/azthorax/fra333_ws/install/cocoax_interfaces/lib/pkgconfig/cocoax_interfaces.pc'
[2.324s] Level 1:colcon.colcon_core.environment:checking '/home/azthorax/fra333_ws/install/cocoax_interfaces/lib/python3.8/site-packages'
[2.324s] Level 1:colcon.colcon_core.shell:create_environment_hook('cocoax_interfaces', 'pythonpath')
[2.326s] INFO:colcon.colcon_core.shell:Creating environment hook '/home/azthorax/fra333_ws/install/cocoax_interfaces/share/cocoax_interfaces/hook/pythonpath.ps1'
[2.326s] INFO:colcon.colcon_core.shell:Creating environment descriptor '/home/azthorax/fra333_ws/install/cocoax_interfaces/share/cocoax_interfaces/hook/pythonpath.dsv'
[2.326s] INFO:colcon.colcon_core.shell:Creating environment hook '/home/azthorax/fra333_ws/install/cocoax_interfaces/share/cocoax_interfaces/hook/pythonpath.sh'
[2.327s] Level 1:colcon.colcon_core.environment:checking '/home/azthorax/fra333_ws/install/cocoax_interfaces/bin'
[2.328s] INFO:colcon.colcon_core.shell:Creating package script '/home/azthorax/fra333_ws/install/cocoax_interfaces/share/cocoax_interfaces/package.ps1'
[2.329s] INFO:colcon.colcon_core.shell:Creating package descriptor '/home/azthorax/fra333_ws/install/cocoax_interfaces/share/cocoax_interfaces/package.dsv'
[2.329s] INFO:colcon.colcon_core.shell:Creating package script '/home/azthorax/fra333_ws/install/cocoax_interfaces/share/cocoax_interfaces/package.sh'
[2.330s] INFO:colcon.colcon_core.shell:Creating package script '/home/azthorax/fra333_ws/install/cocoax_interfaces/share/cocoax_interfaces/package.bash'
[2.330s] INFO:colcon.colcon_core.shell:Creating package script '/home/azthorax/fra333_ws/install/cocoax_interfaces/share/cocoax_interfaces/package.zsh'
[2.330s] Level 1:colcon.colcon_core.environment:create_file_with_runtime_dependencies(/home/azthorax/fra333_ws/install/cocoax_interfaces/share/colcon-core/packages/cocoax_interfaces)
[2.330s] DEBUG:colcon.colcon_parallel_executor.executor.parallel:closing loop
[2.331s] DEBUG:colcon.colcon_parallel_executor.executor.parallel:loop closed
[2.331s] DEBUG:colcon.colcon_parallel_executor.executor.parallel:run_until_complete finished with '0'
[2.331s] DEBUG:colcon.colcon_core.event_reactor:joining thread
[2.337s] INFO:colcon.colcon_core.plugin_system:Skipping extension 'colcon_notification.desktop_notification.terminal_notifier': Not used on non-Darwin systems
[2.337s] INFO:colcon.colcon_core.plugin_system:Skipping extension 'colcon_notification.desktop_notification.win32': Not used on non-Windows systems
[2.337s] INFO:colcon.colcon_notification.desktop_notification:Sending desktop notification using 'notify2'
[2.359s] DEBUG:colcon.colcon_core.event_reactor:joined thread
[2.364s] INFO:colcon.colcon_core.shell:Creating prefix script '/home/azthorax/fra333_ws/install/local_setup.ps1'
[2.366s] INFO:colcon.colcon_core.shell:Creating prefix util module '/home/azthorax/fra333_ws/install/_local_setup_util_ps1.py'
[2.368s] INFO:colcon.colcon_core.shell:Creating prefix chain script '/home/azthorax/fra333_ws/install/setup.ps1'
[2.370s] INFO:colcon.colcon_core.shell:Creating prefix script '/home/azthorax/fra333_ws/install/local_setup.sh'
[2.371s] INFO:colcon.colcon_core.shell:Creating prefix util module '/home/azthorax/fra333_ws/install/_local_setup_util_sh.py'
[2.371s] INFO:colcon.colcon_core.shell:Creating prefix chain script '/home/azthorax/fra333_ws/install/setup.sh'
[2.373s] INFO:colcon.colcon_core.shell:Creating prefix script '/home/azthorax/fra333_ws/install/local_setup.bash'
[2.373s] INFO:colcon.colcon_core.shell:Creating prefix chain script '/home/azthorax/fra333_ws/install/setup.bash'
[2.374s] INFO:colcon.colcon_core.shell:Creating prefix script '/home/azthorax/fra333_ws/install/local_setup.zsh'
[2.375s] INFO:colcon.colcon_core.shell:Creating prefix chain script '/home/azthorax/fra333_ws/install/setup.zsh'
