[0.069s] Invoking command in '/home/azthorax/fra333_ws/build/cocoa_description': CMAKE_PREFIX_PATH=${CMAKE_PREFIX_PATH}:/opt/ros/foxy /usr/bin/cmake /home/azthorax/fra333_ws/src/fra333_lab2_25_v1/cocoa_description -DAMENT_CMAKE_SYMLINK_INSTALL=1 -DCMAKE_INSTALL_PREFIX=/home/azthorax/fra333_ws/install/cocoa_description
[0.152s] -- The C compiler identification is GNU 9.4.0
[0.227s] -- The CXX compiler identification is GNU 9.4.0
[0.231s] -- Check for working C compiler: /usr/bin/cc
[0.308s] -- Check for working C compiler: /usr/bin/cc -- works
[0.309s] -- Detecting C compiler ABI info
[0.383s] -- Detecting C compiler ABI info - done
[0.396s] -- Detecting C compile features
[0.396s] -- Detecting C compile features - done
[0.400s] -- Check for working CXX compiler: /usr/bin/c++
[0.484s] -- Check for working CXX compiler: /usr/bin/c++ -- works
[0.488s] -- Detecting CXX compiler ABI info
[0.567s] -- Detecting CXX compiler ABI info - done
[0.583s] -- Detecting CXX compile features
[0.583s] -- Detecting CXX compile features - done
[0.585s] -- Found ament_cmake: 0.9.9 (/opt/ros/foxy/share/ament_cmake/cmake)
[0.611s] -- Found PythonInterp: /usr/bin/python3 (found suitable version "3.8.10", minimum required is "3") 
[0.611s] -- Using PYTHON_EXECUTABLE: /usr/bin/python3
[0.817s] -- Override CMake install command with custom implementation using symlinks instead of copying resources
[0.845s] -- Found rclcpp: 2.4.1 (/opt/ros/foxy/share/rclcpp/cmake)
[0.884s] -- Using all available rosidl_typesupport_c: rosidl_typesupport_fastrtps_c;rosidl_typesupport_introspection_c
[0.889s] -- Found rosidl_adapter: 1.2.1 (/opt/ros/foxy/share/rosidl_adapter/cmake)
[0.975s] -- Found OpenSSL: /usr/lib/x86_64-linux-gnu/libcrypto.so (found version "1.1.1f")  
[1.009s] -- Found FastRTPS: /opt/ros/foxy/include  
[1.078s] -- Using all available rosidl_typesupport_cpp: rosidl_typesupport_fastrtps_cpp;rosidl_typesupport_introspection_cpp
[1.134s] -- Found rmw_implementation_cmake: 1.0.3 (/opt/ros/foxy/share/rmw_implementation_cmake/cmake)
[1.136s] -- Using RMW implementation 'rmw_fastrtps_cpp' as default
[1.137s] -- Looking for pthread.h
[1.225s] -- Looking for pthread.h - found
[1.225s] -- Performing Test CMAKE_HAVE_LIBC_PTHREAD
[1.312s] -- Performing Test CMAKE_HAVE_LIBC_PTHREAD - Failed
[1.312s] -- Looking for pthread_create in pthreads
[1.382s] -- Looking for pthread_create in pthreads - not found
[1.383s] -- Looking for pthread_create in pthread
[1.473s] -- Looking for pthread_create in pthread - found
[1.475s] -- Found Threads: TRUE  
[1.642s] -- Found rclpy: 1.0.8 (/opt/ros/foxy/share/rclpy/cmake)
[1.672s] CMake Error at /opt/ros/foxy/share/ament_cmake_python/cmake/ament_python_install_package.cmake:46 (message):
[1.673s]   ament_python_install_package() the Python package folder
[1.673s]   '/home/azthorax/fra333_ws/src/fra333_lab2_25_v1/cocoa_description/cocoa_description'
[1.673s]   doesn't contain an '__init__.py' file
[1.673s] Call Stack (most recent call first):
[1.673s]   /opt/ros/foxy/share/ament_cmake_python/cmake/ament_python_install_package.cmake:28 (_ament_cmake_python_install_package)
[1.673s]   CMakeLists.txt:26 (ament_python_install_package)
[1.673s] 
[1.673s] 
[1.675s] -- Configuring incomplete, errors occurred!
[1.675s] See also "/home/azthorax/fra333_ws/build/cocoa_description/CMakeFiles/CMakeOutput.log".
[1.675s] See also "/home/azthorax/fra333_ws/build/cocoa_description/CMakeFiles/CMakeError.log".
