[0.069s] Invoking command in '/home/azthorax/fra333_ws/build/cocoa_kinematics': CMAKE_PREFIX_PATH=${CMAKE_PREFIX_PATH}:/opt/ros/foxy /usr/bin/cmake --build /home/azthorax/fra333_ws/build/cocoa_kinematics -- -j12 -l12
[0.119s] Invoked command in '/home/azthorax/fra333_ws/build/cocoa_kinematics' returned '0': CMAKE_PREFIX_PATH=${CMAKE_PREFIX_PATH}:/opt/ros/foxy /usr/bin/cmake --build /home/azthorax/fra333_ws/build/cocoa_kinematics -- -j12 -l12
[0.185s] Invoking command in '/home/azthorax/fra333_ws/build/cocoa_kinematics': CMAKE_PREFIX_PATH=${CMAKE_PREFIX_PATH}:/opt/ros/foxy /usr/bin/cmake --install /home/azthorax/fra333_ws/build/cocoa_kinematics
[0.197s] -- Install configuration: ""
[0.198s] -- Execute custom install script
[0.198s] -- Up-to-date symlink: /home/azthorax/fra333_ws/install/cocoa_kinematics/share/cocoa_kinematics/environment/pythonpath.sh
[0.199s] -- Up-to-date symlink: /home/azthorax/fra333_ws/install/cocoa_kinematics/share/cocoa_kinematics/environment/pythonpath.dsv
[0.200s] -- Up-to-date symlink: /home/azthorax/fra333_ws/install/cocoa_kinematics/lib/python3.8/site-packages/cocoa_kinematics/__init__.py
[0.200s] -- Up-to-date symlink: /home/azthorax/fra333_ws/install/cocoa_kinematics/lib/python3.8/site-packages/cocoa_kinematics/cocoa_module.py
[0.200s] -- Up-to-date symlink: /home/azthorax/fra333_ws/install/cocoa_kinematics/lib/cocoa_kinematics/kinematics_server.py
[0.200s] -- Up-to-date symlink: /home/azthorax/fra333_ws/install/cocoa_kinematics/share/cocoa_kinematics/launch/display_with_kinematics_srv.launch.py
[0.201s] -- Up-to-date symlink: /home/azthorax/fra333_ws/install/cocoa_kinematics/share/ament_index/resource_index/package_run_dependencies/cocoa_kinematics
[0.202s] -- Up-to-date symlink: /home/azthorax/fra333_ws/install/cocoa_kinematics/share/ament_index/resource_index/parent_prefix_path/cocoa_kinematics
[0.202s] -- Up-to-date symlink: /home/azthorax/fra333_ws/install/cocoa_kinematics/share/cocoa_kinematics/environment/ament_prefix_path.sh
[0.202s] -- Up-to-date symlink: /home/azthorax/fra333_ws/install/cocoa_kinematics/share/cocoa_kinematics/environment/ament_prefix_path.dsv
[0.203s] -- Up-to-date symlink: /home/azthorax/fra333_ws/install/cocoa_kinematics/share/cocoa_kinematics/environment/path.sh
[0.203s] -- Up-to-date symlink: /home/azthorax/fra333_ws/install/cocoa_kinematics/share/cocoa_kinematics/environment/path.dsv
[0.204s] -- Up-to-date symlink: /home/azthorax/fra333_ws/install/cocoa_kinematics/share/cocoa_kinematics/local_setup.bash
[0.204s] -- Up-to-date symlink: /home/azthorax/fra333_ws/install/cocoa_kinematics/share/cocoa_kinematics/local_setup.sh
[0.204s] -- Up-to-date symlink: /home/azthorax/fra333_ws/install/cocoa_kinematics/share/cocoa_kinematics/local_setup.zsh
[0.204s] -- Up-to-date symlink: /home/azthorax/fra333_ws/install/cocoa_kinematics/share/cocoa_kinematics/local_setup.dsv
[0.204s] -- Symlinking: /home/azthorax/fra333_ws/install/cocoa_kinematics/share/cocoa_kinematics/package.dsv
[0.221s] -- Up-to-date symlink: /home/azthorax/fra333_ws/install/cocoa_kinematics/share/ament_index/resource_index/packages/cocoa_kinematics
[0.222s] -- Up-to-date symlink: /home/azthorax/fra333_ws/install/cocoa_kinematics/share/cocoa_kinematics/cmake/cocoa_kinematicsConfig.cmake
[0.222s] -- Up-to-date symlink: /home/azthorax/fra333_ws/install/cocoa_kinematics/share/cocoa_kinematics/cmake/cocoa_kinematicsConfig-version.cmake
[0.222s] -- Up-to-date symlink: /home/azthorax/fra333_ws/install/cocoa_kinematics/share/cocoa_kinematics/package.xml
[0.253s] Listing '/home/azthorax/fra333_ws/install/cocoa_kinematics/lib/python3.8/site-packages/cocoa_kinematics'...
[0.270s] Invoked command in '/home/azthorax/fra333_ws/build/cocoa_kinematics' returned '0': CMAKE_PREFIX_PATH=${CMAKE_PREFIX_PATH}:/opt/ros/foxy /usr/bin/cmake --install /home/azthorax/fra333_ws/build/cocoa_kinematics
