[0.071s] Invoking command in '/home/azthorax/fra333_ws/build/cocoa_kinematics_interfaces': CMAKE_PREFIX_PATH=${CMAKE_PREFIX_PATH}:/home/azthorax/fra333_ws/install/my_first_package:/opt/ros/foxy /usr/bin/cmake /home/azthorax/fra333_ws/src/fra333_lab2_25_v1/cocoa_kinematics_interfaces -DAMENT_CMAKE_SYMLINK_INSTALL=1 -DCMAKE_INSTALL_PREFIX=/home/azthorax/fra333_ws/install/cocoa_kinematics_interfaces
[0.097s] -- Found ament_cmake: 0.9.9 (/opt/ros/foxy/share/ament_cmake/cmake)
[0.110s] -- Using PYTHON_EXECUTABLE: /usr/bin/python3
[0.323s] -- Override CMake install command with custom implementation using symlinks instead of copying resources
[0.333s] -- Found ament_lint_auto: 0.9.6 (/opt/ros/foxy/share/ament_lint_auto/cmake)
[0.389s] -- Found rosidl_default_generators: 1.0.1 (/opt/ros/foxy/share/rosidl_default_generators/cmake)
[0.389s] -- Using all available rosidl_typesupport_c: rosidl_typesupport_fastrtps_c;rosidl_typesupport_introspection_c
[0.395s] -- Found rosidl_adapter: 1.2.1 (/opt/ros/foxy/share/rosidl_adapter/cmake)
[0.526s] -- Using all available rosidl_typesupport_cpp: rosidl_typesupport_fastrtps_cpp;rosidl_typesupport_introspection_cpp
[0.547s] -- Found geometry_msgs: 2.0.5 (/opt/ros/foxy/share/geometry_msgs/cmake)
[0.640s] -- Found PythonInterp: /usr/bin/python3 (found version "3.8.10") 
[0.761s] -- Found ament_cmake_ros: 0.9.2 (/opt/ros/foxy/share/ament_cmake_ros/cmake)
[1.007s] -- Using all available rosidl_typesupport_c: rosidl_typesupport_fastrtps_c;rosidl_typesupport_introspection_c
[1.110s] -- Using all available rosidl_typesupport_cpp: rosidl_typesupport_fastrtps_cpp;rosidl_typesupport_introspection_cpp
[1.141s] -- Found PythonInterp: /usr/bin/python3 (found suitable version "3.8.10", minimum required is "3.5") 
[1.144s] -- Found python_cmake_module: 0.8.1 (/opt/ros/foxy/share/python_cmake_module/cmake)
[1.188s] -- Found PythonLibs: /usr/lib/x86_64-linux-gnu/libpython3.8.so (found suitable version "3.8.10", minimum required is "3.5") 
[1.188s] -- Using PYTHON_EXECUTABLE: /usr/bin/python3
[1.188s] -- Using PYTHON_INCLUDE_DIRS: /usr/include/python3.8
[1.189s] -- Using PYTHON_LIBRARIES: /usr/lib/x86_64-linux-gnu/libpython3.8.so
[1.212s] -- Found PythonExtra: .so  
[1.297s] -- Added test 'copyright' to check source files copyright and LICENSE
[1.298s] -- Added test 'lint_cmake' to check CMake code style
[1.299s] -- Added test 'xmllint' to check XML markup files
[1.316s] -- Configuring done
[1.368s] -- Generating done
[1.370s] -- Build files have been written to: /home/azthorax/fra333_ws/build/cocoa_kinematics_interfaces
[1.378s] Invoked command in '/home/azthorax/fra333_ws/build/cocoa_kinematics_interfaces' returned '0': CMAKE_PREFIX_PATH=${CMAKE_PREFIX_PATH}:/home/azthorax/fra333_ws/install/my_first_package:/opt/ros/foxy /usr/bin/cmake /home/azthorax/fra333_ws/src/fra333_lab2_25_v1/cocoa_kinematics_interfaces -DAMENT_CMAKE_SYMLINK_INSTALL=1 -DCMAKE_INSTALL_PREFIX=/home/azthorax/fra333_ws/install/cocoa_kinematics_interfaces
[1.382s] Invoking command in '/home/azthorax/fra333_ws/build/cocoa_kinematics_interfaces': CMAKE_PREFIX_PATH=${CMAKE_PREFIX_PATH}:/home/azthorax/fra333_ws/install/my_first_package:/opt/ros/foxy /usr/bin/cmake --build /home/azthorax/fra333_ws/build/cocoa_kinematics_interfaces -- -j12 -l12
[1.429s] [  2%] [34m[1mGenerating C code for ROS interfaces[0m
[1.429s] [35m[1mScanning dependencies of target cocoa_kinematics_interfaces__cpp[0m
[1.447s] [  5%] [34m[1mGenerating C++ code for ROS interfaces[0m
[1.695s] [35m[1mScanning dependencies of target cocoa_kinematics_interfaces__rosidl_generator_c[0m
[1.715s] [ 10%] [32mBuilding C object CMakeFiles/cocoa_kinematics_interfaces__rosidl_generator_c.dir/rosidl_generator_c/cocoa_kinematics_interfaces/srv/detail/get_position__functions.c.o[0m
[1.715s] [ 10%] [32mBuilding C object CMakeFiles/cocoa_kinematics_interfaces__rosidl_generator_c.dir/rosidl_generator_c/cocoa_kinematics_interfaces/srv/detail/solve_ik__functions.c.o[0m
[1.723s] [ 10%] Built target cocoa_kinematics_interfaces__cpp
[1.735s] [ 12%] [34m[1mGenerating C++ type support dispatch for ROS interfaces[0m
[1.738s] [ 17%] [34m[1mGenerating C++ introspection for ROS interfaces[0m
[1.738s] [ 17%] [34m[1mGenerating C++ type support for eProsima Fast-RTPS[0m
[1.760s] [ 20%] [32m[1mLinking C shared library libcocoa_kinematics_interfaces__rosidl_generator_c.so[0m
[1.803s] [ 20%] Built target cocoa_kinematics_interfaces__rosidl_generator_c
[1.813s] [ 23%] [34m[1mGenerating C introspection for ROS interfaces[0m
[1.816s] [ 25%] [34m[1mGenerating C type support dispatch for ROS interfaces[0m
[1.950s] [35m[1mScanning dependencies of target cocoa_kinematics_interfaces__rosidl_typesupport_cpp[0m
[1.964s] [ 28%] [32mBuilding CXX object CMakeFiles/cocoa_kinematics_interfaces__rosidl_typesupport_cpp.dir/rosidl_typesupport_cpp/cocoa_kinematics_interfaces/srv/get_position__type_support.cpp.o[0m
[1.966s] [ 30%] [32mBuilding CXX object CMakeFiles/cocoa_kinematics_interfaces__rosidl_typesupport_cpp.dir/rosidl_typesupport_cpp/cocoa_kinematics_interfaces/srv/solve_ik__type_support.cpp.o[0m
[1.995s] [35m[1mScanning dependencies of target cocoa_kinematics_interfaces__rosidl_typesupport_fastrtps_cpp[0m
[2.014s] [ 33%] [32mBuilding CXX object CMakeFiles/cocoa_kinematics_interfaces__rosidl_typesupport_fastrtps_cpp.dir/rosidl_typesupport_fastrtps_cpp/cocoa_kinematics_interfaces/srv/detail/dds_fastrtps/get_position__type_support.cpp.o[0m
[2.014s] [ 35%] [32mBuilding CXX object CMakeFiles/cocoa_kinematics_interfaces__rosidl_typesupport_fastrtps_cpp.dir/rosidl_typesupport_fastrtps_cpp/cocoa_kinematics_interfaces/srv/detail/dds_fastrtps/solve_ik__type_support.cpp.o[0m
[2.017s] [35m[1mScanning dependencies of target cocoa_kinematics_interfaces__rosidl_typesupport_introspection_cpp[0m
[2.034s] [ 38%] [32mBuilding CXX object CMakeFiles/cocoa_kinematics_interfaces__rosidl_typesupport_introspection_cpp.dir/rosidl_typesupport_introspection_cpp/cocoa_kinematics_interfaces/srv/detail/get_position__type_support.cpp.o[0m
[2.035s] [ 41%] [32mBuilding CXX object CMakeFiles/cocoa_kinematics_interfaces__rosidl_typesupport_introspection_cpp.dir/rosidl_typesupport_introspection_cpp/cocoa_kinematics_interfaces/srv/detail/solve_ik__type_support.cpp.o[0m
[2.070s] [35m[1mScanning dependencies of target cocoa_kinematics_interfaces__rosidl_typesupport_c[0m
[2.076s] [35m[1mScanning dependencies of target cocoa_kinematics_interfaces__rosidl_typesupport_introspection_c[0m
[2.085s] [ 46%] [32mBuilding CXX object CMakeFiles/cocoa_kinematics_interfaces__rosidl_typesupport_c.dir/rosidl_typesupport_c/cocoa_kinematics_interfaces/srv/solve_ik__type_support.cpp.o[0m
[2.086s] [ 46%] [32mBuilding CXX object CMakeFiles/cocoa_kinematics_interfaces__rosidl_typesupport_c.dir/rosidl_typesupport_c/cocoa_kinematics_interfaces/srv/get_position__type_support.cpp.o[0m
[2.094s] [ 48%] [32mBuilding C object CMakeFiles/cocoa_kinematics_interfaces__rosidl_typesupport_introspection_c.dir/rosidl_typesupport_introspection_c/cocoa_kinematics_interfaces/srv/detail/get_position__type_support.c.o[0m
[2.094s] [ 51%] [32mBuilding C object CMakeFiles/cocoa_kinematics_interfaces__rosidl_typesupport_introspection_c.dir/rosidl_typesupport_introspection_c/cocoa_kinematics_interfaces/srv/detail/solve_ik__type_support.c.o[0m
[2.127s] [ 53%] [32m[1mLinking CXX shared library libcocoa_kinematics_interfaces__rosidl_typesupport_c.so[0m
[2.142s] [ 56%] [32m[1mLinking C shared library libcocoa_kinematics_interfaces__rosidl_typesupport_introspection_c.so[0m
[2.182s] [ 56%] Built target cocoa_kinematics_interfaces__rosidl_typesupport_c
[2.184s] [ 56%] Built target cocoa_kinematics_interfaces__rosidl_typesupport_introspection_c
[2.316s] [ 58%] [32m[1mLinking CXX shared library libcocoa_kinematics_interfaces__rosidl_typesupport_cpp.so[0m
[2.322s] [ 61%] [32m[1mLinking CXX shared library libcocoa_kinematics_interfaces__rosidl_typesupport_introspection_cpp.so[0m
[2.361s] [ 61%] Built target cocoa_kinematics_interfaces__rosidl_typesupport_cpp
[2.369s] [ 61%] Built target cocoa_kinematics_interfaces__rosidl_typesupport_introspection_cpp
[2.482s] [ 64%] [32m[1mLinking CXX shared library libcocoa_kinematics_interfaces__rosidl_typesupport_fastrtps_cpp.so[0m
[2.580s] [ 64%] Built target cocoa_kinematics_interfaces__rosidl_typesupport_fastrtps_cpp
[2.595s] [ 66%] [34m[1mGenerating C type support for eProsima Fast-RTPS[0m
[2.833s] [35m[1mScanning dependencies of target cocoa_kinematics_interfaces__rosidl_typesupport_fastrtps_c[0m
[2.856s] [ 69%] [32mBuilding CXX object CMakeFiles/cocoa_kinematics_interfaces__rosidl_typesupport_fastrtps_c.dir/rosidl_typesupport_fastrtps_c/cocoa_kinematics_interfaces/srv/detail/solve_ik__type_support_c.cpp.o[0m
[2.859s] [ 71%] [32mBuilding CXX object CMakeFiles/cocoa_kinematics_interfaces__rosidl_typesupport_fastrtps_c.dir/rosidl_typesupport_fastrtps_c/cocoa_kinematics_interfaces/srv/detail/get_position__type_support_c.cpp.o[0m
[3.160s] [ 74%] [32m[1mLinking CXX shared library libcocoa_kinematics_interfaces__rosidl_typesupport_fastrtps_c.so[0m
[3.266s] [ 74%] Built target cocoa_kinematics_interfaces__rosidl_typesupport_fastrtps_c
[3.279s] [35m[1mScanning dependencies of target cocoa_kinematics_interfaces[0m
[3.294s] [ 74%] Built target cocoa_kinematics_interfaces
[3.309s] [35m[1mScanning dependencies of target cocoa_kinematics_interfaces__py[0m
[3.326s] [ 76%] [34m[1mGenerating Python code for ROS interfaces[0m
[3.765s] [ 76%] Built target cocoa_kinematics_interfaces__py
[3.780s] [35m[1mScanning dependencies of target cocoa_kinematics_interfaces__python[0m
[3.803s] [ 79%] [32mBuilding C object CMakeFiles/cocoa_kinematics_interfaces__python.dir/rosidl_generator_py/cocoa_kinematics_interfaces/srv/_solve_ik_s.c.o[0m
[3.803s] [ 82%] [32mBuilding C object CMakeFiles/cocoa_kinematics_interfaces__python.dir/rosidl_generator_py/cocoa_kinematics_interfaces/srv/_get_position_s.c.o[0m
[3.902s] [ 84%] [32m[1mLinking C shared library rosidl_generator_py/cocoa_kinematics_interfaces/libcocoa_kinematics_interfaces__python.so[0m
[3.955s] [ 84%] Built target cocoa_kinematics_interfaces__python
[3.969s] [35m[1mScanning dependencies of target cocoa_kinematics_interfaces__rosidl_typesupport_fastrtps_c__pyext[0m
[3.969s] [35m[1mScanning dependencies of target cocoa_kinematics_interfaces__rosidl_typesupport_c__pyext[0m
[3.970s] [35m[1mScanning dependencies of target cocoa_kinematics_interfaces__rosidl_typesupport_introspection_c__pyext[0m
[3.985s] [ 87%] [32mBuilding C object CMakeFiles/cocoa_kinematics_interfaces__rosidl_typesupport_fastrtps_c__pyext.dir/rosidl_generator_py/cocoa_kinematics_interfaces/_cocoa_kinematics_interfaces_s.ep.rosidl_typesupport_fastrtps_c.c.o[0m
[3.991s] [ 92%] [32mBuilding C object CMakeFiles/cocoa_kinematics_interfaces__rosidl_typesupport_c__pyext.dir/rosidl_generator_py/cocoa_kinematics_interfaces/_cocoa_kinematics_interfaces_s.ep.rosidl_typesupport_c.c.o[0m
[3.992s] [ 92%] [32mBuilding C object CMakeFiles/cocoa_kinematics_interfaces__rosidl_typesupport_introspection_c__pyext.dir/rosidl_generator_py/cocoa_kinematics_interfaces/_cocoa_kinematics_interfaces_s.ep.rosidl_typesupport_introspection_c.c.o[0m
[4.065s] [ 94%] [32m[1mLinking CXX shared library rosidl_generator_py/cocoa_kinematics_interfaces/cocoa_kinematics_interfaces_s__rosidl_typesupport_fastrtps_c.cpython-38-x86_64-linux-gnu.so[0m
[4.073s] [ 97%] [32m[1mLinking C shared library rosidl_generator_py/cocoa_kinematics_interfaces/cocoa_kinematics_interfaces_s__rosidl_typesupport_introspection_c.cpython-38-x86_64-linux-gnu.so[0m
[4.079s] [100%] [32m[1mLinking C shared library rosidl_generator_py/cocoa_kinematics_interfaces/cocoa_kinematics_interfaces_s__rosidl_typesupport_c.cpython-38-x86_64-linux-gnu.so[0m
[4.118s] [100%] Built target cocoa_kinematics_interfaces__rosidl_typesupport_introspection_c__pyext
[4.130s] [100%] Built target cocoa_kinematics_interfaces__rosidl_typesupport_c__pyext
[4.143s] [100%] Built target cocoa_kinematics_interfaces__rosidl_typesupport_fastrtps_c__pyext
[4.161s] Invoked command in '/home/azthorax/fra333_ws/build/cocoa_kinematics_interfaces' returned '0': CMAKE_PREFIX_PATH=${CMAKE_PREFIX_PATH}:/home/azthorax/fra333_ws/install/my_first_package:/opt/ros/foxy /usr/bin/cmake --build /home/azthorax/fra333_ws/build/cocoa_kinematics_interfaces -- -j12 -l12
[4.232s] Invoking command in '/home/azthorax/fra333_ws/build/cocoa_kinematics_interfaces': CMAKE_PREFIX_PATH=${CMAKE_PREFIX_PATH}:/home/azthorax/fra333_ws/install/my_first_package:/opt/ros/foxy /usr/bin/cmake --install /home/azthorax/fra333_ws/build/cocoa_kinematics_interfaces
[4.245s] -- Install configuration: ""
[4.245s] -- Execute custom install script
[4.246s] -- Symlinking: /home/azthorax/fra333_ws/install/cocoa_kinematics_interfaces/share/ament_index/resource_index/rosidl_interfaces/cocoa_kinematics_interfaces
[4.260s] -- Symlinking: /home/azthorax/fra333_ws/install/cocoa_kinematics_interfaces/include/cocoa_kinematics_interfaces/msg/rosidl_generator_c__visibility_control.h
[4.268s] -- Symlinking: /home/azthorax/fra333_ws/install/cocoa_kinematics_interfaces/include/cocoa_kinematics_interfaces/srv/detail/get_position__functions.h
[4.279s] -- Symlinking: /home/azthorax/fra333_ws/install/cocoa_kinematics_interfaces/include/cocoa_kinematics_interfaces/srv/detail/get_position__struct.h
[4.287s] -- Symlinking: /home/azthorax/fra333_ws/install/cocoa_kinematics_interfaces/include/cocoa_kinematics_interfaces/srv/detail/get_position__type_support.h
[4.301s] -- Symlinking: /home/azthorax/fra333_ws/install/cocoa_kinematics_interfaces/include/cocoa_kinematics_interfaces/srv/detail/solve_ik__functions.h
[4.314s] -- Symlinking: /home/azthorax/fra333_ws/install/cocoa_kinematics_interfaces/include/cocoa_kinematics_interfaces/srv/detail/solve_ik__struct.h
[4.322s] -- Symlinking: /home/azthorax/fra333_ws/install/cocoa_kinematics_interfaces/include/cocoa_kinematics_interfaces/srv/detail/solve_ik__type_support.h
[4.329s] -- Symlinking: /home/azthorax/fra333_ws/install/cocoa_kinematics_interfaces/include/cocoa_kinematics_interfaces/srv/get_position.h
[4.337s] -- Symlinking: /home/azthorax/fra333_ws/install/cocoa_kinematics_interfaces/include/cocoa_kinematics_interfaces/srv/solve_ik.h
[4.344s] -- Symlinking: /home/azthorax/fra333_ws/install/cocoa_kinematics_interfaces/share/cocoa_kinematics_interfaces/environment/library_path.sh
[4.352s] -- Symlinking: /home/azthorax/fra333_ws/install/cocoa_kinematics_interfaces/share/cocoa_kinematics_interfaces/environment/library_path.dsv
[4.363s] -- Symlinking: /home/azthorax/fra333_ws/install/cocoa_kinematics_interfaces/include/cocoa_kinematics_interfaces/msg/rosidl_typesupport_fastrtps_c__visibility_control.h
[4.377s] -- Symlinking: /home/azthorax/fra333_ws/install/cocoa_kinematics_interfaces/include/cocoa_kinematics_interfaces/srv/detail/get_position__rosidl_typesupport_fastrtps_c.h
[4.385s] -- Symlinking: /home/azthorax/fra333_ws/install/cocoa_kinematics_interfaces/include/cocoa_kinematics_interfaces/srv/detail/solve_ik__rosidl_typesupport_fastrtps_c.h
[4.394s] -- Symlinking: /home/azthorax/fra333_ws/install/cocoa_kinematics_interfaces/lib/libcocoa_kinematics_interfaces__rosidl_typesupport_fastrtps_c.so
[4.403s] -- Symlinking: /home/azthorax/fra333_ws/install/cocoa_kinematics_interfaces/include/cocoa_kinematics_interfaces/msg/rosidl_typesupport_fastrtps_cpp__visibility_control.h
[4.410s] -- Symlinking: /home/azthorax/fra333_ws/install/cocoa_kinematics_interfaces/include/cocoa_kinematics_interfaces/srv/detail/get_position__rosidl_typesupport_fastrtps_cpp.hpp
[4.417s] -- Symlinking: /home/azthorax/fra333_ws/install/cocoa_kinematics_interfaces/include/cocoa_kinematics_interfaces/srv/detail/solve_ik__rosidl_typesupport_fastrtps_cpp.hpp
[4.425s] -- Symlinking: /home/azthorax/fra333_ws/install/cocoa_kinematics_interfaces/lib/libcocoa_kinematics_interfaces__rosidl_typesupport_fastrtps_cpp.so
[4.433s] -- Symlinking: /home/azthorax/fra333_ws/install/cocoa_kinematics_interfaces/include/cocoa_kinematics_interfaces/msg/rosidl_typesupport_introspection_c__visibility_control.h
[4.441s] -- Symlinking: /home/azthorax/fra333_ws/install/cocoa_kinematics_interfaces/include/cocoa_kinematics_interfaces/srv/detail/get_position__rosidl_typesupport_introspection_c.h
[4.448s] -- Symlinking: /home/azthorax/fra333_ws/install/cocoa_kinematics_interfaces/include/cocoa_kinematics_interfaces/srv/detail/solve_ik__rosidl_typesupport_introspection_c.h
[4.462s] -- Symlinking: /home/azthorax/fra333_ws/install/cocoa_kinematics_interfaces/include/cocoa_kinematics_interfaces/srv/detail/get_position__builder.hpp
[4.477s] -- Symlinking: /home/azthorax/fra333_ws/install/cocoa_kinematics_interfaces/include/cocoa_kinematics_interfaces/srv/detail/get_position__struct.hpp
[4.485s] -- Symlinking: /home/azthorax/fra333_ws/install/cocoa_kinematics_interfaces/include/cocoa_kinematics_interfaces/srv/detail/get_position__traits.hpp
[4.499s] -- Symlinking: /home/azthorax/fra333_ws/install/cocoa_kinematics_interfaces/include/cocoa_kinematics_interfaces/srv/detail/solve_ik__builder.hpp
[4.513s] -- Symlinking: /home/azthorax/fra333_ws/install/cocoa_kinematics_interfaces/include/cocoa_kinematics_interfaces/srv/detail/solve_ik__struct.hpp
[4.528s] -- Symlinking: /home/azthorax/fra333_ws/install/cocoa_kinematics_interfaces/include/cocoa_kinematics_interfaces/srv/detail/solve_ik__traits.hpp
[4.536s] -- Symlinking: /home/azthorax/fra333_ws/install/cocoa_kinematics_interfaces/include/cocoa_kinematics_interfaces/srv/get_position.hpp
[4.543s] -- Symlinking: /home/azthorax/fra333_ws/install/cocoa_kinematics_interfaces/include/cocoa_kinematics_interfaces/srv/solve_ik.hpp
[4.551s] -- Symlinking: /home/azthorax/fra333_ws/install/cocoa_kinematics_interfaces/include/cocoa_kinematics_interfaces/srv/detail/get_position__rosidl_typesupport_introspection_cpp.hpp
[4.559s] -- Symlinking: /home/azthorax/fra333_ws/install/cocoa_kinematics_interfaces/include/cocoa_kinematics_interfaces/srv/detail/solve_ik__rosidl_typesupport_introspection_cpp.hpp
[4.567s] -- Symlinking: /home/azthorax/fra333_ws/install/cocoa_kinematics_interfaces/share/cocoa_kinematics_interfaces/environment/pythonpath.sh
[4.575s] -- Symlinking: /home/azthorax/fra333_ws/install/cocoa_kinematics_interfaces/share/cocoa_kinematics_interfaces/environment/pythonpath.dsv
[4.587s] -- Symlinking: /home/azthorax/fra333_ws/install/cocoa_kinematics_interfaces/lib/python3.8/site-packages/cocoa_kinematics_interfaces/__init__.py
[4.602s] -- Symlinking: /home/azthorax/fra333_ws/install/cocoa_kinematics_interfaces/lib/python3.8/site-packages/cocoa_kinematics_interfaces/srv/__init__.py
[4.610s] -- Symlinking: /home/azthorax/fra333_ws/install/cocoa_kinematics_interfaces/lib/python3.8/site-packages/cocoa_kinematics_interfaces/srv/_get_position.py
[4.622s] -- Symlinking: /home/azthorax/fra333_ws/install/cocoa_kinematics_interfaces/lib/python3.8/site-packages/cocoa_kinematics_interfaces/srv/_solve_ik.py
[4.636s] -- Symlinking: /home/azthorax/fra333_ws/install/cocoa_kinematics_interfaces/lib/python3.8/site-packages/cocoa_kinematics_interfaces/cocoa_kinematics_interfaces_s__rosidl_typesupport_fastrtps_c.cpython-38-x86_64-linux-gnu.so
[4.651s] -- Symlinking: /home/azthorax/fra333_ws/install/cocoa_kinematics_interfaces/lib/python3.8/site-packages/cocoa_kinematics_interfaces/cocoa_kinematics_interfaces_s__rosidl_typesupport_introspection_c.cpython-38-x86_64-linux-gnu.so
[4.666s] -- Symlinking: /home/azthorax/fra333_ws/install/cocoa_kinematics_interfaces/lib/python3.8/site-packages/cocoa_kinematics_interfaces/cocoa_kinematics_interfaces_s__rosidl_typesupport_c.cpython-38-x86_64-linux-gnu.so
[4.674s] -- Symlinking: /home/azthorax/fra333_ws/install/cocoa_kinematics_interfaces/lib/libcocoa_kinematics_interfaces__python.so
[4.687s] -- Symlinking: /home/azthorax/fra333_ws/install/cocoa_kinematics_interfaces/share/cocoa_kinematics_interfaces/srv/SolveIK.idl
[4.698s] -- Symlinking: /home/azthorax/fra333_ws/install/cocoa_kinematics_interfaces/share/cocoa_kinematics_interfaces/srv/GetPosition.idl
[4.706s] -- Symlinking: /home/azthorax/fra333_ws/install/cocoa_kinematics_interfaces/share/cocoa_kinematics_interfaces/srv/SolveIK.srv
[4.715s] -- Symlinking: /home/azthorax/fra333_ws/install/cocoa_kinematics_interfaces/share/cocoa_kinematics_interfaces/srv/SolveIK_Request.msg
[4.723s] -- Symlinking: /home/azthorax/fra333_ws/install/cocoa_kinematics_interfaces/share/cocoa_kinematics_interfaces/srv/SolveIK_Response.msg
[4.730s] -- Symlinking: /home/azthorax/fra333_ws/install/cocoa_kinematics_interfaces/share/cocoa_kinematics_interfaces/srv/GetPosition.srv
[4.744s] -- Symlinking: /home/azthorax/fra333_ws/install/cocoa_kinematics_interfaces/share/cocoa_kinematics_interfaces/srv/GetPosition_Request.msg
[4.752s] -- Symlinking: /home/azthorax/fra333_ws/install/cocoa_kinematics_interfaces/share/cocoa_kinematics_interfaces/srv/GetPosition_Response.msg
[4.760s] -- Symlinking: /home/azthorax/fra333_ws/install/cocoa_kinematics_interfaces/share/ament_index/resource_index/package_run_dependencies/cocoa_kinematics_interfaces
[4.774s] -- Symlinking: /home/azthorax/fra333_ws/install/cocoa_kinematics_interfaces/share/ament_index/resource_index/parent_prefix_path/cocoa_kinematics_interfaces
[4.790s] -- Symlinking: /home/azthorax/fra333_ws/install/cocoa_kinematics_interfaces/share/cocoa_kinematics_interfaces/environment/ament_prefix_path.sh
[4.803s] -- Symlinking: /home/azthorax/fra333_ws/install/cocoa_kinematics_interfaces/share/cocoa_kinematics_interfaces/environment/ament_prefix_path.dsv
[4.817s] -- Symlinking: /home/azthorax/fra333_ws/install/cocoa_kinematics_interfaces/share/cocoa_kinematics_interfaces/environment/path.sh
[4.825s] -- Symlinking: /home/azthorax/fra333_ws/install/cocoa_kinematics_interfaces/share/cocoa_kinematics_interfaces/environment/path.dsv
[4.833s] -- Symlinking: /home/azthorax/fra333_ws/install/cocoa_kinematics_interfaces/share/cocoa_kinematics_interfaces/local_setup.bash
[4.846s] -- Symlinking: /home/azthorax/fra333_ws/install/cocoa_kinematics_interfaces/share/cocoa_kinematics_interfaces/local_setup.sh
[4.860s] -- Symlinking: /home/azthorax/fra333_ws/install/cocoa_kinematics_interfaces/share/cocoa_kinematics_interfaces/local_setup.zsh
[4.875s] -- Symlinking: /home/azthorax/fra333_ws/install/cocoa_kinematics_interfaces/share/cocoa_kinematics_interfaces/local_setup.dsv
[4.883s] -- Symlinking: /home/azthorax/fra333_ws/install/cocoa_kinematics_interfaces/share/cocoa_kinematics_interfaces/package.dsv
[4.898s] -- Symlinking: /home/azthorax/fra333_ws/install/cocoa_kinematics_interfaces/share/ament_index/resource_index/packages/cocoa_kinematics_interfaces
[4.913s] -- Symlinking: /home/azthorax/fra333_ws/install/cocoa_kinematics_interfaces/share/cocoa_kinematics_interfaces/cmake/rosidl_cmake-extras.cmake
[4.921s] -- Symlinking: /home/azthorax/fra333_ws/install/cocoa_kinematics_interfaces/share/cocoa_kinematics_interfaces/cmake/ament_cmake_export_dependencies-extras.cmake
[4.929s] -- Symlinking: /home/azthorax/fra333_ws/install/cocoa_kinematics_interfaces/share/cocoa_kinematics_interfaces/cmake/ament_cmake_export_libraries-extras.cmake
[4.937s] -- Symlinking: /home/azthorax/fra333_ws/install/cocoa_kinematics_interfaces/share/cocoa_kinematics_interfaces/cmake/ament_cmake_export_targets-extras.cmake
[4.945s] -- Symlinking: /home/azthorax/fra333_ws/install/cocoa_kinematics_interfaces/share/cocoa_kinematics_interfaces/cmake/ament_cmake_export_include_directories-extras.cmake
[4.958s] -- Symlinking: /home/azthorax/fra333_ws/install/cocoa_kinematics_interfaces/share/cocoa_kinematics_interfaces/cmake/rosidl_cmake_export_typesupport_libraries-extras.cmake
[4.971s] -- Symlinking: /home/azthorax/fra333_ws/install/cocoa_kinematics_interfaces/share/cocoa_kinematics_interfaces/cmake/rosidl_cmake_export_typesupport_targets-extras.cmake
[4.985s] -- Symlinking: /home/azthorax/fra333_ws/install/cocoa_kinematics_interfaces/share/cocoa_kinematics_interfaces/cmake/cocoa_kinematics_interfacesConfig.cmake
[4.998s] -- Symlinking: /home/azthorax/fra333_ws/install/cocoa_kinematics_interfaces/share/cocoa_kinematics_interfaces/cmake/cocoa_kinematics_interfacesConfig-version.cmake
[5.013s] -- Symlinking: /home/azthorax/fra333_ws/install/cocoa_kinematics_interfaces/share/cocoa_kinematics_interfaces/package.xml
[5.026s] -- Installing: /home/azthorax/fra333_ws/install/cocoa_kinematics_interfaces/lib/libcocoa_kinematics_interfaces__rosidl_generator_c.so
[5.027s] -- Set runtime path of "/home/azthorax/fra333_ws/install/cocoa_kinematics_interfaces/lib/libcocoa_kinematics_interfaces__rosidl_generator_c.so" to ""
[5.027s] -- Installing: /home/azthorax/fra333_ws/install/cocoa_kinematics_interfaces/lib/libcocoa_kinematics_interfaces__rosidl_typesupport_introspection_c.so
[5.028s] -- Set runtime path of "/home/azthorax/fra333_ws/install/cocoa_kinematics_interfaces/lib/libcocoa_kinematics_interfaces__rosidl_typesupport_introspection_c.so" to ""
[5.029s] -- Installing: /home/azthorax/fra333_ws/install/cocoa_kinematics_interfaces/lib/libcocoa_kinematics_interfaces__rosidl_typesupport_c.so
[5.030s] -- Set runtime path of "/home/azthorax/fra333_ws/install/cocoa_kinematics_interfaces/lib/libcocoa_kinematics_interfaces__rosidl_typesupport_c.so" to ""
[5.030s] -- Installing: /home/azthorax/fra333_ws/install/cocoa_kinematics_interfaces/lib/libcocoa_kinematics_interfaces__rosidl_typesupport_introspection_cpp.so
[5.031s] -- Set runtime path of "/home/azthorax/fra333_ws/install/cocoa_kinematics_interfaces/lib/libcocoa_kinematics_interfaces__rosidl_typesupport_introspection_cpp.so" to ""
[5.032s] -- Installing: /home/azthorax/fra333_ws/install/cocoa_kinematics_interfaces/lib/libcocoa_kinematics_interfaces__rosidl_typesupport_cpp.so
[5.032s] -- Set runtime path of "/home/azthorax/fra333_ws/install/cocoa_kinematics_interfaces/lib/libcocoa_kinematics_interfaces__rosidl_typesupport_cpp.so" to ""
[5.062s] Compiling '/home/azthorax/fra333_ws/install/cocoa_kinematics_interfaces/lib/python3.8/site-packages/cocoa_kinematics_interfaces/__init__.py'...
[5.065s] -- Installing: /home/azthorax/fra333_ws/install/cocoa_kinematics_interfaces/share/cocoa_kinematics_interfaces/cmake/cocoa_kinematics_interfaces__rosidl_generator_cExport.cmake
[5.065s] -- Installing: /home/azthorax/fra333_ws/install/cocoa_kinematics_interfaces/share/cocoa_kinematics_interfaces/cmake/cocoa_kinematics_interfaces__rosidl_generator_cExport-noconfig.cmake
[5.066s] -- Installing: /home/azthorax/fra333_ws/install/cocoa_kinematics_interfaces/share/cocoa_kinematics_interfaces/cmake/cocoa_kinematics_interfaces__rosidl_typesupport_introspection_cExport.cmake
[5.066s] -- Installing: /home/azthorax/fra333_ws/install/cocoa_kinematics_interfaces/share/cocoa_kinematics_interfaces/cmake/cocoa_kinematics_interfaces__rosidl_typesupport_introspection_cExport-noconfig.cmake
[5.066s] -- Installing: /home/azthorax/fra333_ws/install/cocoa_kinematics_interfaces/share/cocoa_kinematics_interfaces/cmake/cocoa_kinematics_interfaces__rosidl_typesupport_cExport.cmake
[5.067s] -- Installing: /home/azthorax/fra333_ws/install/cocoa_kinematics_interfaces/share/cocoa_kinematics_interfaces/cmake/cocoa_kinematics_interfaces__rosidl_typesupport_cExport-noconfig.cmake
[5.067s] -- Installing: /home/azthorax/fra333_ws/install/cocoa_kinematics_interfaces/share/cocoa_kinematics_interfaces/cmake/cocoa_kinematics_interfaces__rosidl_generator_cppExport.cmake
[5.067s] -- Installing: /home/azthorax/fra333_ws/install/cocoa_kinematics_interfaces/share/cocoa_kinematics_interfaces/cmake/cocoa_kinematics_interfaces__rosidl_typesupport_introspection_cppExport.cmake
[5.068s] -- Installing: /home/azthorax/fra333_ws/install/cocoa_kinematics_interfaces/share/cocoa_kinematics_interfaces/cmake/cocoa_kinematics_interfaces__rosidl_typesupport_introspection_cppExport-noconfig.cmake
[5.068s] -- Installing: /home/azthorax/fra333_ws/install/cocoa_kinematics_interfaces/share/cocoa_kinematics_interfaces/cmake/cocoa_kinematics_interfaces__rosidl_typesupport_cppExport.cmake
[5.068s] -- Installing: /home/azthorax/fra333_ws/install/cocoa_kinematics_interfaces/share/cocoa_kinematics_interfaces/cmake/cocoa_kinematics_interfaces__rosidl_typesupport_cppExport-noconfig.cmake
[5.078s] Invoked command in '/home/azthorax/fra333_ws/build/cocoa_kinematics_interfaces' returned '0': CMAKE_PREFIX_PATH=${CMAKE_PREFIX_PATH}:/home/azthorax/fra333_ws/install/my_first_package:/opt/ros/foxy /usr/bin/cmake --install /home/azthorax/fra333_ws/build/cocoa_kinematics_interfaces
