[0.082s] Invoking command in '/home/azthorax/fra333_ws/build/cocoav_kinematics': CMAKE_PREFIX_PATH=/opt/ros/foxy /usr/bin/cmake /home/azthorax/fra333_ws/src/fra333_lab3_25_v1/cocoav_kinematics -DAMENT_CMAKE_SYMLINK_INSTALL=1 -DCMAKE_INSTALL_PREFIX=/home/azthorax/fra333_ws/install/cocoav_kinematics
[0.180s] -- The C compiler identification is GNU 9.4.0
[0.275s] -- The CXX compiler identification is GNU 9.4.0
[0.280s] -- Check for working C compiler: /usr/bin/cc
[0.402s] -- Check for working C compiler: /usr/bin/cc -- works
[0.405s] -- Detecting C compiler ABI info
[0.518s] -- Detecting C compiler ABI info - done
[0.534s] -- Detecting C compile features
[0.534s] -- Detecting C compile features - done
[0.538s] -- Check for working CXX compiler: /usr/bin/c++
[0.662s] -- Check for working CXX compiler: /usr/bin/c++ -- works
[0.663s] -- Detecting CXX compiler ABI info
[0.824s] -- Detecting CXX compiler ABI info - done
[0.838s] -- Detecting CXX compile features
[0.840s] -- Detecting CXX compile features - done
[0.846s] -- Found ament_cmake: 0.9.11 (/opt/ros/foxy/share/ament_cmake/cmake)
[0.885s] -- Found PythonInterp: /usr/bin/python3 (found suitable version "3.8.10", minimum required is "3") 
[0.885s] -- Using PYTHON_EXECUTABLE: /usr/bin/python3
[1.190s] -- Override CMake install command with custom implementation using symlinks instead of copying resources
[1.219s] -- Found rclcpp: 2.4.2 (/opt/ros/foxy/share/rclcpp/cmake)
[1.280s] -- Using all available rosidl_typesupport_c: rosidl_typesupport_fastrtps_c;rosidl_typesupport_introspection_c
[1.289s] -- Found rosidl_adapter: 1.3.0 (/opt/ros/foxy/share/rosidl_adapter/cmake)
[1.491s] -- Found OpenSSL: /usr/lib/x86_64-linux-gnu/libcrypto.so (found version "1.1.1f")  
[1.529s] -- Found FastRTPS: /opt/ros/foxy/include  
[1.650s] -- Using all available rosidl_typesupport_cpp: rosidl_typesupport_fastrtps_cpp;rosidl_typesupport_introspection_cpp
[1.728s] -- Found rmw_implementation_cmake: 1.0.3 (/opt/ros/foxy/share/rmw_implementation_cmake/cmake)
[1.730s] -- Using RMW implementation 'rmw_fastrtps_cpp' as default
[1.731s] -- Looking for pthread.h
[1.906s] -- Looking for pthread.h - found
[1.906s] -- Performing Test CMAKE_HAVE_LIBC_PTHREAD
[2.072s] -- Performing Test CMAKE_HAVE_LIBC_PTHREAD - Failed
[2.072s] -- Looking for pthread_create in pthreads
[2.171s] -- Looking for pthread_create in pthreads - not found
[2.171s] -- Looking for pthread_create in pthread
[2.299s] -- Looking for pthread_create in pthread - found
[2.301s] -- Found Threads: TRUE  
[2.523s] -- Found rclpy: 1.0.11 (/opt/ros/foxy/share/rclpy/cmake)
[2.677s] -- Configuring done
[2.685s] -- Generating done
[2.687s] -- Build files have been written to: /home/azthorax/fra333_ws/build/cocoav_kinematics
[2.714s] Invoked command in '/home/azthorax/fra333_ws/build/cocoav_kinematics' returned '0': CMAKE_PREFIX_PATH=/opt/ros/foxy /usr/bin/cmake /home/azthorax/fra333_ws/src/fra333_lab3_25_v1/cocoav_kinematics -DAMENT_CMAKE_SYMLINK_INSTALL=1 -DCMAKE_INSTALL_PREFIX=/home/azthorax/fra333_ws/install/cocoav_kinematics
[2.717s] Invoking command in '/home/azthorax/fra333_ws/build/cocoav_kinematics': CMAKE_PREFIX_PATH=/opt/ros/foxy /usr/bin/cmake --build /home/azthorax/fra333_ws/build/cocoav_kinematics -- -j12 -l12
[2.794s] Invoked command in '/home/azthorax/fra333_ws/build/cocoav_kinematics' returned '0': CMAKE_PREFIX_PATH=/opt/ros/foxy /usr/bin/cmake --build /home/azthorax/fra333_ws/build/cocoav_kinematics -- -j12 -l12
[2.881s] Invoking command in '/home/azthorax/fra333_ws/build/cocoav_kinematics': CMAKE_PREFIX_PATH=/opt/ros/foxy /usr/bin/cmake --install /home/azthorax/fra333_ws/build/cocoav_kinematics
[2.898s] -- Install configuration: ""
[2.899s] -- Execute custom install script
[2.899s] -- Symlinking: /home/azthorax/fra333_ws/install/cocoav_kinematics/share/cocoav_kinematics/environment/pythonpath.sh
[2.911s] -- Symlinking: /home/azthorax/fra333_ws/install/cocoav_kinematics/share/cocoav_kinematics/environment/pythonpath.dsv
[2.933s] -- Symlinking: /home/azthorax/fra333_ws/install/cocoav_kinematics/lib/python3.8/site-packages/cocoav_kinematics/__init__.py
[2.945s] -- Symlinking: /home/azthorax/fra333_ws/install/cocoav_kinematics/lib/cocoav_kinematics/fk_ik_server.py
[2.957s] -- Symlinking: /home/azthorax/fra333_ws/install/cocoav_kinematics/lib/cocoav_kinematics/cocoav_imu_calibration.py
[2.971s] -- Symlinking: /home/azthorax/fra333_ws/install/cocoav_kinematics/lib/cocoav_kinematics/cocoav_trajectory_generator.py
[2.986s] -- Symlinking: /home/azthorax/fra333_ws/install/cocoav_kinematics/lib/cocoav_kinematics/cocoav_calibrator_findconfig.py
[3.008s] -- Symlinking: /home/azthorax/fra333_ws/install/cocoav_kinematics/lib/cocoav_kinematics/testnode.py
[3.023s] -- Symlinking: /home/azthorax/fra333_ws/install/cocoav_kinematics/share/cocoav_kinematics/launch/display_with_kinematic.launch.py
[3.048s] -- Symlinking: /home/azthorax/fra333_ws/install/cocoav_kinematics/share/ament_index/resource_index/package_run_dependencies/cocoav_kinematics
[3.071s] -- Symlinking: /home/azthorax/fra333_ws/install/cocoav_kinematics/share/ament_index/resource_index/parent_prefix_path/cocoav_kinematics
[3.089s] -- Symlinking: /home/azthorax/fra333_ws/install/cocoav_kinematics/share/cocoav_kinematics/environment/ament_prefix_path.sh
[3.112s] -- Symlinking: /home/azthorax/fra333_ws/install/cocoav_kinematics/share/cocoav_kinematics/environment/ament_prefix_path.dsv
[3.137s] -- Symlinking: /home/azthorax/fra333_ws/install/cocoav_kinematics/share/cocoav_kinematics/environment/path.sh
[3.160s] -- Symlinking: /home/azthorax/fra333_ws/install/cocoav_kinematics/share/cocoav_kinematics/environment/path.dsv
[3.172s] -- Symlinking: /home/azthorax/fra333_ws/install/cocoav_kinematics/share/cocoav_kinematics/local_setup.bash
[3.183s] -- Symlinking: /home/azthorax/fra333_ws/install/cocoav_kinematics/share/cocoav_kinematics/local_setup.sh
[3.199s] -- Symlinking: /home/azthorax/fra333_ws/install/cocoav_kinematics/share/cocoav_kinematics/local_setup.zsh
[3.217s] -- Symlinking: /home/azthorax/fra333_ws/install/cocoav_kinematics/share/cocoav_kinematics/local_setup.dsv
[3.221s] -- Symlinking: /home/azthorax/fra333_ws/install/cocoav_kinematics/share/cocoav_kinematics/package.dsv
[3.232s] -- Symlinking: /home/azthorax/fra333_ws/install/cocoav_kinematics/share/ament_index/resource_index/packages/cocoav_kinematics
[3.243s] -- Symlinking: /home/azthorax/fra333_ws/install/cocoav_kinematics/share/cocoav_kinematics/cmake/cocoav_kinematicsConfig.cmake
[3.255s] -- Symlinking: /home/azthorax/fra333_ws/install/cocoav_kinematics/share/cocoav_kinematics/cmake/cocoav_kinematicsConfig-version.cmake
[3.266s] -- Symlinking: /home/azthorax/fra333_ws/install/cocoav_kinematics/share/cocoav_kinematics/package.xml
[3.324s] Listing '/home/azthorax/fra333_ws/install/cocoav_kinematics/lib/python3.8/site-packages/cocoav_kinematics'...
[3.324s] Compiling '/home/azthorax/fra333_ws/install/cocoav_kinematics/lib/python3.8/site-packages/cocoav_kinematics/__init__.py'...
[3.390s] Invoked command in '/home/azthorax/fra333_ws/build/cocoav_kinematics' returned '0': CMAKE_PREFIX_PATH=/opt/ros/foxy /usr/bin/cmake --install /home/azthorax/fra333_ws/build/cocoav_kinematics
