[0.112s] Invoking command in '/home/azthorax/fra333_ws/build/xicro_pkg': CMAKE_PREFIX_PATH=${CMAKE_PREFIX_PATH}:/opt/ros/foxy /usr/bin/cmake --build /home/azthorax/fra333_ws/build/xicro_pkg -- -j12 -l12
[0.165s] -- Found ament_cmake: 0.9.11 (/opt/ros/foxy/share/ament_cmake/cmake)
[0.217s] -- Using PYTHON_EXECUTABLE: /usr/bin/python3
[0.576s] -- Override CMake install command with custom implementation using symlinks instead of copying resources
[0.585s] -- Found rclcpp: 2.4.2 (/opt/ros/foxy/share/rclcpp/cmake)
[0.622s] -- Using all available rosidl_typesupport_c: rosidl_typesupport_fastrtps_c;rosidl_typesupport_introspection_c
[0.626s] -- Found rosidl_adapter: 1.3.0 (/opt/ros/foxy/share/rosidl_adapter/cmake)
[0.753s] -- Using all available rosidl_typesupport_cpp: rosidl_typesupport_fastrtps_cpp;rosidl_typesupport_introspection_cpp
[0.817s] -- Found rmw_implementation_cmake: 1.0.3 (/opt/ros/foxy/share/rmw_implementation_cmake/cmake)
[0.819s] -- Using RMW implementation 'rmw_fastrtps_cpp' as default
[0.996s] -- Found rclpy: 1.0.11 (/opt/ros/foxy/share/rclpy/cmake)
[1.065s] -- Configuring done
[1.067s] -- Generating done
[1.069s] -- Build files have been written to: /home/azthorax/fra333_ws/build/xicro_pkg
[1.094s] Invoked command in '/home/azthorax/fra333_ws/build/xicro_pkg' returned '0': CMAKE_PREFIX_PATH=${CMAKE_PREFIX_PATH}:/opt/ros/foxy /usr/bin/cmake --build /home/azthorax/fra333_ws/build/xicro_pkg -- -j12 -l12
[1.126s] Invoking command in '/home/azthorax/fra333_ws/build/xicro_pkg': CMAKE_PREFIX_PATH=${CMAKE_PREFIX_PATH}:/opt/ros/foxy /usr/bin/cmake --install /home/azthorax/fra333_ws/build/xicro_pkg
[1.138s] -- Install configuration: ""
[1.138s] -- Execute custom install script
[1.139s] -- Up-to-date symlink: /home/azthorax/fra333_ws/install/xicro_pkg/share/xicro_pkg/environment/pythonpath.sh
[1.139s] -- Up-to-date symlink: /home/azthorax/fra333_ws/install/xicro_pkg/share/xicro_pkg/environment/pythonpath.dsv
[1.139s] -- Up-to-date symlink: /home/azthorax/fra333_ws/install/xicro_pkg/lib/python3.8/site-packages/xicro_pkg/__init__.py
[1.139s] -- Up-to-date symlink: /home/azthorax/fra333_ws/install/xicro_pkg/lib/xicro_pkg/gui_xicro.py
[1.139s] -- Up-to-date symlink: /home/azthorax/fra333_ws/install/xicro_pkg/lib/xicro_pkg/generate_library.py
[1.139s] -- Up-to-date symlink: /home/azthorax/fra333_ws/install/xicro_pkg/lib/xicro_pkg/generate_xicro_node.py
[1.139s] -- Up-to-date symlink: /home/azthorax/fra333_ws/install/xicro_pkg/lib/xicro_pkg/fake_Imu_node.py
[1.139s] -- Up-to-date symlink: /home/azthorax/fra333_ws/install/xicro_pkg/lib/xicro_pkg/xicro_node_read_imu_ID_3_arduino.py
[1.139s] -- Up-to-date symlink: /home/azthorax/fra333_ws/install/xicro_pkg/share/xicro_pkg/config/.Xicro_node_preSetup.txt
[1.139s] -- Up-to-date symlink: /home/azthorax/fra333_ws/install/xicro_pkg/share/xicro_pkg/config/.arduino_cpp_preSetup.txt
[1.140s] -- Up-to-date symlink: /home/azthorax/fra333_ws/install/xicro_pkg/share/xicro_pkg/config/.arduino_h_preSetup.txt
[1.140s] -- Up-to-date symlink: /home/azthorax/fra333_ws/install/xicro_pkg/share/xicro_pkg/config/.stm32_cpp_preSetup.txt
[1.140s] -- Up-to-date symlink: /home/azthorax/fra333_ws/install/xicro_pkg/share/xicro_pkg/config/.stm32_h_preSetup.txt
[1.140s] -- Up-to-date symlink: /home/azthorax/fra333_ws/install/xicro_pkg/share/xicro_pkg/config/setup_xicro.yaml
[1.140s] -- Up-to-date symlink: /home/azthorax/fra333_ws/install/xicro_pkg/share/ament_index/resource_index/package_run_dependencies/xicro_pkg
[1.140s] -- Up-to-date symlink: /home/azthorax/fra333_ws/install/xicro_pkg/share/ament_index/resource_index/parent_prefix_path/xicro_pkg
[1.140s] -- Up-to-date symlink: /home/azthorax/fra333_ws/install/xicro_pkg/share/xicro_pkg/environment/ament_prefix_path.sh
[1.141s] -- Up-to-date symlink: /home/azthorax/fra333_ws/install/xicro_pkg/share/xicro_pkg/environment/ament_prefix_path.dsv
[1.141s] -- Up-to-date symlink: /home/azthorax/fra333_ws/install/xicro_pkg/share/xicro_pkg/environment/path.sh
[1.141s] -- Up-to-date symlink: /home/azthorax/fra333_ws/install/xicro_pkg/share/xicro_pkg/environment/path.dsv
[1.141s] -- Up-to-date symlink: /home/azthorax/fra333_ws/install/xicro_pkg/share/xicro_pkg/local_setup.bash
[1.141s] -- Up-to-date symlink: /home/azthorax/fra333_ws/install/xicro_pkg/share/xicro_pkg/local_setup.sh
[1.142s] -- Up-to-date symlink: /home/azthorax/fra333_ws/install/xicro_pkg/share/xicro_pkg/local_setup.zsh
[1.142s] -- Up-to-date symlink: /home/azthorax/fra333_ws/install/xicro_pkg/share/xicro_pkg/local_setup.dsv
[1.142s] -- Symlinking: /home/azthorax/fra333_ws/install/xicro_pkg/share/xicro_pkg/package.dsv
[1.151s] -- Up-to-date symlink: /home/azthorax/fra333_ws/install/xicro_pkg/share/ament_index/resource_index/packages/xicro_pkg
[1.152s] -- Up-to-date symlink: /home/azthorax/fra333_ws/install/xicro_pkg/share/xicro_pkg/cmake/xicro_pkgConfig.cmake
[1.152s] -- Up-to-date symlink: /home/azthorax/fra333_ws/install/xicro_pkg/share/xicro_pkg/cmake/xicro_pkgConfig-version.cmake
[1.152s] -- Up-to-date symlink: /home/azthorax/fra333_ws/install/xicro_pkg/share/xicro_pkg/package.xml
[1.188s] Listing '/home/azthorax/fra333_ws/install/xicro_pkg/lib/python3.8/site-packages/xicro_pkg'...
[1.197s] Invoked command in '/home/azthorax/fra333_ws/build/xicro_pkg' returned '0': CMAKE_PREFIX_PATH=${CMAKE_PREFIX_PATH}:/opt/ros/foxy /usr/bin/cmake --install /home/azthorax/fra333_ws/build/xicro_pkg
