[0.063s] Invoking command in '/home/azthorax/fra333_ws/build/cocoa_kinematics_interfaces': CMAKE_PREFIX_PATH=${CMAKE_PREFIX_PATH}:/opt/ros/foxy /usr/bin/cmake --build /home/azthorax/fra333_ws/build/cocoa_kinematics_interfaces -- -j12 -l12
[0.091s] -- Found ament_cmake: 0.9.9 (/opt/ros/foxy/share/ament_cmake/cmake)
[0.116s] -- Found PythonInterp: /usr/bin/python3 (found suitable version "3.8.10", minimum required is "3") 
[0.117s] -- Using PYTHON_EXECUTABLE: /usr/bin/python3
[0.377s] -- Override CMake install command with custom implementation using symlinks instead of copying resources
[0.386s] -- Found ament_lint_auto: 0.9.6 (/opt/ros/foxy/share/ament_lint_auto/cmake)
[0.460s] -- Found rosidl_default_generators: 1.0.1 (/opt/ros/foxy/share/rosidl_default_generators/cmake)
[0.463s] -- Using all available rosidl_typesupport_c: rosidl_typesupport_fastrtps_c;rosidl_typesupport_introspection_c
[0.468s] -- Found rosidl_adapter: 1.2.1 (/opt/ros/foxy/share/rosidl_adapter/cmake)
[0.610s] -- Using all available rosidl_typesupport_cpp: rosidl_typesupport_fastrtps_cpp;rosidl_typesupport_introspection_cpp
[0.631s] -- Found geometry_msgs: 2.0.5 (/opt/ros/foxy/share/geometry_msgs/cmake)
[0.714s] -- Found sensor_msgs: 2.0.5 (/opt/ros/foxy/share/sensor_msgs/cmake)
[0.811s] -- Found PythonInterp: /usr/bin/python3 (found version "3.8.10") 
[0.979s] -- Found ament_cmake_ros: 0.9.2 (/opt/ros/foxy/share/ament_cmake_ros/cmake)
[1.270s] -- Using all available rosidl_typesupport_c: rosidl_typesupport_fastrtps_c;rosidl_typesupport_introspection_c
[1.418s] -- Using all available rosidl_typesupport_cpp: rosidl_typesupport_fastrtps_cpp;rosidl_typesupport_introspection_cpp
[1.450s] -- Found PythonInterp: /usr/bin/python3 (found suitable version "3.8.10", minimum required is "3.5") 
[1.451s] -- Found python_cmake_module: 0.8.1 (/opt/ros/foxy/share/python_cmake_module/cmake)
[1.478s] -- Using PYTHON_EXECUTABLE: /usr/bin/python3
[1.479s] -- Using PYTHON_INCLUDE_DIRS: /usr/include/python3.8
[1.479s] -- Using PYTHON_LIBRARIES: /usr/lib/x86_64-linux-gnu/libpython3.8.so
[1.552s] -- Added test 'copyright' to check source files copyright and LICENSE
[1.553s] -- Added test 'lint_cmake' to check CMake code style
[1.553s] -- Added test 'xmllint' to check XML markup files
[1.559s] -- Configuring done
[1.626s] -- Generating done
[1.630s] -- Build files have been written to: /home/azthorax/fra333_ws/build/cocoa_kinematics_interfaces
[1.668s] [  2%] [34m[1mGenerating C code for ROS interfaces[0m
[1.684s] [  4%] [34m[1mGenerating C++ code for ROS interfaces[0m
[2.051s] [  4%] Built target cocoa_kinematics_interfaces__cpp
[2.051s] [35m[1mScanning dependencies of target cocoa_kinematics_interfaces__rosidl_generator_c[0m
[2.064s] [  6%] [34m[1mGenerating C++ introspection for ROS interfaces[0m
[2.064s] [  8%] [34m[1mGenerating C++ type support dispatch for ROS interfaces[0m
[2.066s] [ 12%] [32mBuilding C object CMakeFiles/cocoa_kinematics_interfaces__rosidl_generator_c.dir/rosidl_generator_c/cocoa_kinematics_interfaces/srv/detail/get_position__functions.c.o[0m
[2.066s] [ 12%] [34m[1mGenerating C++ type support for eProsima Fast-RTPS[0m
[2.067s] [ 14%] [32mBuilding C object CMakeFiles/cocoa_kinematics_interfaces__rosidl_generator_c.dir/rosidl_generator_c/cocoa_kinematics_interfaces/srv/detail/solve_ik__functions.c.o[0m
[2.067s] [ 17%] [32mBuilding C object CMakeFiles/cocoa_kinematics_interfaces__rosidl_generator_c.dir/rosidl_generator_c/cocoa_kinematics_interfaces/srv/detail/robot_js__functions.c.o[0m
[2.119s] [ 19%] [32m[1mLinking C shared library libcocoa_kinematics_interfaces__rosidl_generator_c.so[0m
[2.166s] [ 19%] Built target cocoa_kinematics_interfaces__rosidl_generator_c
[2.179s] [ 21%] [34m[1mGenerating C type support dispatch for ROS interfaces[0m
[2.184s] [ 23%] [34m[1mGenerating C introspection for ROS interfaces[0m
[2.382s] [35m[1mScanning dependencies of target cocoa_kinematics_interfaces__rosidl_typesupport_introspection_cpp[0m
[2.400s] [ 25%] [32mBuilding CXX object CMakeFiles/cocoa_kinematics_interfaces__rosidl_typesupport_introspection_cpp.dir/rosidl_typesupport_introspection_cpp/cocoa_kinematics_interfaces/srv/detail/solve_ik__type_support.cpp.o[0m
[2.400s] [ 27%] [32mBuilding CXX object CMakeFiles/cocoa_kinematics_interfaces__rosidl_typesupport_introspection_cpp.dir/rosidl_typesupport_introspection_cpp/cocoa_kinematics_interfaces/srv/detail/get_position__type_support.cpp.o[0m
[2.403s] [ 29%] [32mBuilding CXX object CMakeFiles/cocoa_kinematics_interfaces__rosidl_typesupport_introspection_cpp.dir/rosidl_typesupport_introspection_cpp/cocoa_kinematics_interfaces/srv/detail/robot_js__type_support.cpp.o[0m
[2.419s] [35m[1mScanning dependencies of target cocoa_kinematics_interfaces__rosidl_typesupport_cpp[0m
[2.430s] [35m[1mScanning dependencies of target cocoa_kinematics_interfaces__rosidl_typesupport_fastrtps_cpp[0m
[2.442s] [ 31%] [32mBuilding CXX object CMakeFiles/cocoa_kinematics_interfaces__rosidl_typesupport_cpp.dir/rosidl_typesupport_cpp/cocoa_kinematics_interfaces/srv/solve_ik__type_support.cpp.o[0m
[2.447s] [ 34%] [32mBuilding CXX object CMakeFiles/cocoa_kinematics_interfaces__rosidl_typesupport_cpp.dir/rosidl_typesupport_cpp/cocoa_kinematics_interfaces/srv/get_position__type_support.cpp.o[0m
[2.457s] [ 36%] [32mBuilding CXX object CMakeFiles/cocoa_kinematics_interfaces__rosidl_typesupport_cpp.dir/rosidl_typesupport_cpp/cocoa_kinematics_interfaces/srv/robot_js__type_support.cpp.o[0m
[2.458s] [ 38%] [32mBuilding CXX object CMakeFiles/cocoa_kinematics_interfaces__rosidl_typesupport_fastrtps_cpp.dir/rosidl_typesupport_fastrtps_cpp/cocoa_kinematics_interfaces/srv/detail/dds_fastrtps/solve_ik__type_support.cpp.o[0m
[2.472s] [ 40%] [32mBuilding CXX object CMakeFiles/cocoa_kinematics_interfaces__rosidl_typesupport_fastrtps_cpp.dir/rosidl_typesupport_fastrtps_cpp/cocoa_kinematics_interfaces/srv/detail/dds_fastrtps/get_position__type_support.cpp.o[0m
[2.485s] [35m[1mScanning dependencies of target cocoa_kinematics_interfaces__rosidl_typesupport_c[0m
[2.490s] [ 42%] [32mBuilding CXX object CMakeFiles/cocoa_kinematics_interfaces__rosidl_typesupport_fastrtps_cpp.dir/rosidl_typesupport_fastrtps_cpp/cocoa_kinematics_interfaces/srv/detail/dds_fastrtps/robot_js__type_support.cpp.o[0m
[2.512s] [ 44%] [32mBuilding CXX object CMakeFiles/cocoa_kinematics_interfaces__rosidl_typesupport_c.dir/rosidl_typesupport_c/cocoa_kinematics_interfaces/srv/solve_ik__type_support.cpp.o[0m
[2.540s] [ 46%] [32mBuilding CXX object CMakeFiles/cocoa_kinematics_interfaces__rosidl_typesupport_c.dir/rosidl_typesupport_c/cocoa_kinematics_interfaces/srv/get_position__type_support.cpp.o[0m
[2.634s] [ 48%] [32mBuilding CXX object CMakeFiles/cocoa_kinematics_interfaces__rosidl_typesupport_c.dir/rosidl_typesupport_c/cocoa_kinematics_interfaces/srv/robot_js__type_support.cpp.o[0m
[2.692s] [35m[1mScanning dependencies of target cocoa_kinematics_interfaces__rosidl_typesupport_introspection_c[0m
[2.721s] [ 51%] [32mBuilding C object CMakeFiles/cocoa_kinematics_interfaces__rosidl_typesupport_introspection_c.dir/rosidl_typesupport_introspection_c/cocoa_kinematics_interfaces/srv/detail/solve_ik__type_support.c.o[0m
[2.740s] [ 53%] [32mBuilding C object CMakeFiles/cocoa_kinematics_interfaces__rosidl_typesupport_introspection_c.dir/rosidl_typesupport_introspection_c/cocoa_kinematics_interfaces/srv/detail/get_position__type_support.c.o[0m
[2.763s] [ 55%] [32m[1mLinking CXX shared library libcocoa_kinematics_interfaces__rosidl_typesupport_c.so[0m
[2.801s] [ 57%] [32mBuilding C object CMakeFiles/cocoa_kinematics_interfaces__rosidl_typesupport_introspection_c.dir/rosidl_typesupport_introspection_c/cocoa_kinematics_interfaces/srv/detail/robot_js__type_support.c.o[0m
[2.829s] [ 59%] [32m[1mLinking CXX shared library libcocoa_kinematics_interfaces__rosidl_typesupport_introspection_cpp.so[0m
[2.846s] [ 59%] Built target cocoa_kinematics_interfaces__rosidl_typesupport_c
[2.865s] [ 61%] [32m[1mLinking C shared library libcocoa_kinematics_interfaces__rosidl_typesupport_introspection_c.so[0m
[2.905s] [ 63%] [32m[1mLinking CXX shared library libcocoa_kinematics_interfaces__rosidl_typesupport_cpp.so[0m
[2.917s] [ 63%] Built target cocoa_kinematics_interfaces__rosidl_typesupport_introspection_c
[2.953s] [ 63%] Built target cocoa_kinematics_interfaces__rosidl_typesupport_introspection_cpp
[2.956s] [ 63%] Built target cocoa_kinematics_interfaces__rosidl_typesupport_cpp
[3.051s] [ 65%] [32m[1mLinking CXX shared library libcocoa_kinematics_interfaces__rosidl_typesupport_fastrtps_cpp.so[0m
[3.171s] [ 65%] Built target cocoa_kinematics_interfaces__rosidl_typesupport_fastrtps_cpp
[3.185s] [ 68%] [34m[1mGenerating C type support for eProsima Fast-RTPS[0m
[3.507s] [35m[1mScanning dependencies of target cocoa_kinematics_interfaces__rosidl_typesupport_fastrtps_c[0m
[3.533s] [ 70%] [32mBuilding CXX object CMakeFiles/cocoa_kinematics_interfaces__rosidl_typesupport_fastrtps_c.dir/rosidl_typesupport_fastrtps_c/cocoa_kinematics_interfaces/srv/detail/solve_ik__type_support_c.cpp.o[0m
[3.535s] [ 72%] [32mBuilding CXX object CMakeFiles/cocoa_kinematics_interfaces__rosidl_typesupport_fastrtps_c.dir/rosidl_typesupport_fastrtps_c/cocoa_kinematics_interfaces/srv/detail/get_position__type_support_c.cpp.o[0m
[3.538s] [ 74%] [32mBuilding CXX object CMakeFiles/cocoa_kinematics_interfaces__rosidl_typesupport_fastrtps_c.dir/rosidl_typesupport_fastrtps_c/cocoa_kinematics_interfaces/srv/detail/robot_js__type_support_c.cpp.o[0m
[3.869s] [ 76%] [32m[1mLinking CXX shared library libcocoa_kinematics_interfaces__rosidl_typesupport_fastrtps_c.so[0m
[3.973s] [ 76%] Built target cocoa_kinematics_interfaces__rosidl_typesupport_fastrtps_c
[3.998s] [ 76%] Built target cocoa_kinematics_interfaces
[4.031s] [ 78%] [34m[1mGenerating Python code for ROS interfaces[0m
[4.608s] [ 78%] Built target cocoa_kinematics_interfaces__py
[4.624s] [35m[1mScanning dependencies of target cocoa_kinematics_interfaces__python[0m
[4.642s] [ 80%] [32mBuilding C object CMakeFiles/cocoa_kinematics_interfaces__python.dir/rosidl_generator_py/cocoa_kinematics_interfaces/srv/_solve_ik_s.c.o[0m
[4.648s] [ 82%] [32mBuilding C object CMakeFiles/cocoa_kinematics_interfaces__python.dir/rosidl_generator_py/cocoa_kinematics_interfaces/srv/_get_position_s.c.o[0m
[4.648s] [ 85%] [32mBuilding C object CMakeFiles/cocoa_kinematics_interfaces__python.dir/rosidl_generator_py/cocoa_kinematics_interfaces/srv/_robot_js_s.c.o[0m
[4.730s] [ 87%] [32m[1mLinking C shared library rosidl_generator_py/cocoa_kinematics_interfaces/libcocoa_kinematics_interfaces__python.so[0m
[4.791s] [ 87%] Built target cocoa_kinematics_interfaces__python
[4.801s] [35m[1mScanning dependencies of target cocoa_kinematics_interfaces__rosidl_typesupport_fastrtps_c__pyext[0m
[4.806s] [35m[1mScanning dependencies of target cocoa_kinematics_interfaces__rosidl_typesupport_introspection_c__pyext[0m
[4.806s] [35m[1mScanning dependencies of target cocoa_kinematics_interfaces__rosidl_typesupport_c__pyext[0m
[4.819s] [ 89%] [32mBuilding C object CMakeFiles/cocoa_kinematics_interfaces__rosidl_typesupport_fastrtps_c__pyext.dir/rosidl_generator_py/cocoa_kinematics_interfaces/_cocoa_kinematics_interfaces_s.ep.rosidl_typesupport_fastrtps_c.c.o[0m
[4.826s] [ 91%] [32mBuilding C object CMakeFiles/cocoa_kinematics_interfaces__rosidl_typesupport_introspection_c__pyext.dir/rosidl_generator_py/cocoa_kinematics_interfaces/_cocoa_kinematics_interfaces_s.ep.rosidl_typesupport_introspection_c.c.o[0m
[4.828s] [ 93%] [32mBuilding C object CMakeFiles/cocoa_kinematics_interfaces__rosidl_typesupport_c__pyext.dir/rosidl_generator_py/cocoa_kinematics_interfaces/_cocoa_kinematics_interfaces_s.ep.rosidl_typesupport_c.c.o[0m
[4.914s] [ 95%] [32m[1mLinking CXX shared library rosidl_generator_py/cocoa_kinematics_interfaces/cocoa_kinematics_interfaces_s__rosidl_typesupport_fastrtps_c.cpython-38-x86_64-linux-gnu.so[0m
[4.925s] [ 97%] [32m[1mLinking C shared library rosidl_generator_py/cocoa_kinematics_interfaces/cocoa_kinematics_interfaces_s__rosidl_typesupport_introspection_c.cpython-38-x86_64-linux-gnu.so[0m
[4.929s] [100%] [32m[1mLinking C shared library rosidl_generator_py/cocoa_kinematics_interfaces/cocoa_kinematics_interfaces_s__rosidl_typesupport_c.cpython-38-x86_64-linux-gnu.so[0m
[4.969s] [100%] Built target cocoa_kinematics_interfaces__rosidl_typesupport_introspection_c__pyext
[4.973s] [100%] Built target cocoa_kinematics_interfaces__rosidl_typesupport_c__pyext
[4.990s] [100%] Built target cocoa_kinematics_interfaces__rosidl_typesupport_fastrtps_c__pyext
[5.011s] Invoked command in '/home/azthorax/fra333_ws/build/cocoa_kinematics_interfaces' returned '0': CMAKE_PREFIX_PATH=${CMAKE_PREFIX_PATH}:/opt/ros/foxy /usr/bin/cmake --build /home/azthorax/fra333_ws/build/cocoa_kinematics_interfaces -- -j12 -l12
[5.122s] Invoking command in '/home/azthorax/fra333_ws/build/cocoa_kinematics_interfaces': CMAKE_PREFIX_PATH=${CMAKE_PREFIX_PATH}:/opt/ros/foxy /usr/bin/cmake --install /home/azthorax/fra333_ws/build/cocoa_kinematics_interfaces
[5.129s] -- Install configuration: ""
[5.129s] -- Execute custom install script
[5.129s] -- Up-to-date symlink: /home/azthorax/fra333_ws/install/cocoa_kinematics_interfaces/share/ament_index/resource_index/rosidl_interfaces/cocoa_kinematics_interfaces
[5.130s] -- Up-to-date symlink: /home/azthorax/fra333_ws/install/cocoa_kinematics_interfaces/include/cocoa_kinematics_interfaces/msg/rosidl_generator_c__visibility_control.h
[5.130s] -- Up-to-date symlink: /home/azthorax/fra333_ws/install/cocoa_kinematics_interfaces/include/cocoa_kinematics_interfaces/srv/detail/get_position__functions.h
[5.131s] -- Up-to-date symlink: /home/azthorax/fra333_ws/install/cocoa_kinematics_interfaces/include/cocoa_kinematics_interfaces/srv/detail/get_position__struct.h
[5.131s] -- Up-to-date symlink: /home/azthorax/fra333_ws/install/cocoa_kinematics_interfaces/include/cocoa_kinematics_interfaces/srv/detail/get_position__type_support.h
[5.131s] -- Up-to-date symlink: /home/azthorax/fra333_ws/install/cocoa_kinematics_interfaces/include/cocoa_kinematics_interfaces/srv/detail/robot_js__functions.h
[5.131s] -- Up-to-date symlink: /home/azthorax/fra333_ws/install/cocoa_kinematics_interfaces/include/cocoa_kinematics_interfaces/srv/detail/robot_js__struct.h
[5.131s] -- Up-to-date symlink: /home/azthorax/fra333_ws/install/cocoa_kinematics_interfaces/include/cocoa_kinematics_interfaces/srv/detail/robot_js__type_support.h
[5.132s] -- Up-to-date symlink: /home/azthorax/fra333_ws/install/cocoa_kinematics_interfaces/include/cocoa_kinematics_interfaces/srv/detail/robot_tf__functions.h
[5.132s] -- Up-to-date symlink: /home/azthorax/fra333_ws/install/cocoa_kinematics_interfaces/include/cocoa_kinematics_interfaces/srv/detail/robot_tf__struct.h
[5.132s] -- Up-to-date symlink: /home/azthorax/fra333_ws/install/cocoa_kinematics_interfaces/include/cocoa_kinematics_interfaces/srv/detail/robot_tf__type_support.h
[5.132s] -- Up-to-date symlink: /home/azthorax/fra333_ws/install/cocoa_kinematics_interfaces/include/cocoa_kinematics_interfaces/srv/detail/solve_ik__functions.h
[5.132s] -- Up-to-date symlink: /home/azthorax/fra333_ws/install/cocoa_kinematics_interfaces/include/cocoa_kinematics_interfaces/srv/detail/solve_ik__struct.h
[5.132s] -- Up-to-date symlink: /home/azthorax/fra333_ws/install/cocoa_kinematics_interfaces/include/cocoa_kinematics_interfaces/srv/detail/solve_ik__type_support.h
[5.132s] -- Up-to-date symlink: /home/azthorax/fra333_ws/install/cocoa_kinematics_interfaces/include/cocoa_kinematics_interfaces/srv/get_position.h
[5.132s] -- Up-to-date symlink: /home/azthorax/fra333_ws/install/cocoa_kinematics_interfaces/include/cocoa_kinematics_interfaces/srv/robot_js.h
[5.132s] -- Up-to-date symlink: /home/azthorax/fra333_ws/install/cocoa_kinematics_interfaces/include/cocoa_kinematics_interfaces/srv/robot_tf.h
[5.133s] -- Up-to-date symlink: /home/azthorax/fra333_ws/install/cocoa_kinematics_interfaces/include/cocoa_kinematics_interfaces/srv/solve_ik.h
[5.133s] -- Up-to-date symlink: /home/azthorax/fra333_ws/install/cocoa_kinematics_interfaces/share/cocoa_kinematics_interfaces/environment/library_path.sh
[5.133s] -- Up-to-date symlink: /home/azthorax/fra333_ws/install/cocoa_kinematics_interfaces/share/cocoa_kinematics_interfaces/environment/library_path.dsv
[5.133s] -- Up-to-date symlink: /home/azthorax/fra333_ws/install/cocoa_kinematics_interfaces/include/cocoa_kinematics_interfaces/msg/rosidl_typesupport_fastrtps_c__visibility_control.h
[5.134s] -- Up-to-date symlink: /home/azthorax/fra333_ws/install/cocoa_kinematics_interfaces/include/cocoa_kinematics_interfaces/srv/detail/get_position__rosidl_typesupport_fastrtps_c.h
[5.134s] -- Up-to-date symlink: /home/azthorax/fra333_ws/install/cocoa_kinematics_interfaces/include/cocoa_kinematics_interfaces/srv/detail/robot_js__rosidl_typesupport_fastrtps_c.h
[5.134s] -- Up-to-date symlink: /home/azthorax/fra333_ws/install/cocoa_kinematics_interfaces/include/cocoa_kinematics_interfaces/srv/detail/robot_tf__rosidl_typesupport_fastrtps_c.h
[5.134s] -- Up-to-date symlink: /home/azthorax/fra333_ws/install/cocoa_kinematics_interfaces/include/cocoa_kinematics_interfaces/srv/detail/solve_ik__rosidl_typesupport_fastrtps_c.h
[5.135s] -- Up-to-date symlink: /home/azthorax/fra333_ws/install/cocoa_kinematics_interfaces/lib/libcocoa_kinematics_interfaces__rosidl_typesupport_fastrtps_c.so
[5.135s] -- Up-to-date symlink: /home/azthorax/fra333_ws/install/cocoa_kinematics_interfaces/include/cocoa_kinematics_interfaces/msg/rosidl_typesupport_fastrtps_cpp__visibility_control.h
[5.135s] -- Up-to-date symlink: /home/azthorax/fra333_ws/install/cocoa_kinematics_interfaces/include/cocoa_kinematics_interfaces/srv/detail/get_position__rosidl_typesupport_fastrtps_cpp.hpp
[5.135s] -- Up-to-date symlink: /home/azthorax/fra333_ws/install/cocoa_kinematics_interfaces/include/cocoa_kinematics_interfaces/srv/detail/robot_js__rosidl_typesupport_fastrtps_cpp.hpp
[5.136s] -- Up-to-date symlink: /home/azthorax/fra333_ws/install/cocoa_kinematics_interfaces/include/cocoa_kinematics_interfaces/srv/detail/robot_tf__rosidl_typesupport_fastrtps_cpp.hpp
[5.136s] -- Up-to-date symlink: /home/azthorax/fra333_ws/install/cocoa_kinematics_interfaces/include/cocoa_kinematics_interfaces/srv/detail/solve_ik__rosidl_typesupport_fastrtps_cpp.hpp
[5.136s] -- Up-to-date symlink: /home/azthorax/fra333_ws/install/cocoa_kinematics_interfaces/lib/libcocoa_kinematics_interfaces__rosidl_typesupport_fastrtps_cpp.so
[5.137s] -- Up-to-date symlink: /home/azthorax/fra333_ws/install/cocoa_kinematics_interfaces/include/cocoa_kinematics_interfaces/msg/rosidl_typesupport_introspection_c__visibility_control.h
[5.137s] -- Up-to-date symlink: /home/azthorax/fra333_ws/install/cocoa_kinematics_interfaces/include/cocoa_kinematics_interfaces/srv/detail/get_position__rosidl_typesupport_introspection_c.h
[5.137s] -- Up-to-date symlink: /home/azthorax/fra333_ws/install/cocoa_kinematics_interfaces/include/cocoa_kinematics_interfaces/srv/detail/robot_js__rosidl_typesupport_introspection_c.h
[5.137s] -- Up-to-date symlink: /home/azthorax/fra333_ws/install/cocoa_kinematics_interfaces/include/cocoa_kinematics_interfaces/srv/detail/robot_tf__rosidl_typesupport_introspection_c.h
[5.138s] -- Up-to-date symlink: /home/azthorax/fra333_ws/install/cocoa_kinematics_interfaces/include/cocoa_kinematics_interfaces/srv/detail/solve_ik__rosidl_typesupport_introspection_c.h
[5.138s] -- Up-to-date symlink: /home/azthorax/fra333_ws/install/cocoa_kinematics_interfaces/include/cocoa_kinematics_interfaces/srv/detail/get_position__builder.hpp
[5.138s] -- Up-to-date symlink: /home/azthorax/fra333_ws/install/cocoa_kinematics_interfaces/include/cocoa_kinematics_interfaces/srv/detail/get_position__struct.hpp
[5.138s] -- Up-to-date symlink: /home/azthorax/fra333_ws/install/cocoa_kinematics_interfaces/include/cocoa_kinematics_interfaces/srv/detail/get_position__traits.hpp
[5.138s] -- Up-to-date symlink: /home/azthorax/fra333_ws/install/cocoa_kinematics_interfaces/include/cocoa_kinematics_interfaces/srv/detail/robot_js__builder.hpp
[5.139s] -- Up-to-date symlink: /home/azthorax/fra333_ws/install/cocoa_kinematics_interfaces/include/cocoa_kinematics_interfaces/srv/detail/robot_js__struct.hpp
[5.139s] -- Up-to-date symlink: /home/azthorax/fra333_ws/install/cocoa_kinematics_interfaces/include/cocoa_kinematics_interfaces/srv/detail/robot_js__traits.hpp
[5.139s] -- Up-to-date symlink: /home/azthorax/fra333_ws/install/cocoa_kinematics_interfaces/include/cocoa_kinematics_interfaces/srv/detail/robot_tf__builder.hpp
[5.139s] -- Up-to-date symlink: /home/azthorax/fra333_ws/install/cocoa_kinematics_interfaces/include/cocoa_kinematics_interfaces/srv/detail/robot_tf__struct.hpp
[5.139s] -- Up-to-date symlink: /home/azthorax/fra333_ws/install/cocoa_kinematics_interfaces/include/cocoa_kinematics_interfaces/srv/detail/robot_tf__traits.hpp
[5.139s] -- Up-to-date symlink: /home/azthorax/fra333_ws/install/cocoa_kinematics_interfaces/include/cocoa_kinematics_interfaces/srv/detail/solve_ik__builder.hpp
[5.139s] -- Up-to-date symlink: /home/azthorax/fra333_ws/install/cocoa_kinematics_interfaces/include/cocoa_kinematics_interfaces/srv/detail/solve_ik__struct.hpp
[5.140s] -- Up-to-date symlink: /home/azthorax/fra333_ws/install/cocoa_kinematics_interfaces/include/cocoa_kinematics_interfaces/srv/detail/solve_ik__traits.hpp
[5.140s] -- Up-to-date symlink: /home/azthorax/fra333_ws/install/cocoa_kinematics_interfaces/include/cocoa_kinematics_interfaces/srv/get_position.hpp
[5.140s] -- Up-to-date symlink: /home/azthorax/fra333_ws/install/cocoa_kinematics_interfaces/include/cocoa_kinematics_interfaces/srv/robot_js.hpp
[5.140s] -- Up-to-date symlink: /home/azthorax/fra333_ws/install/cocoa_kinematics_interfaces/include/cocoa_kinematics_interfaces/srv/robot_tf.hpp
[5.140s] -- Up-to-date symlink: /home/azthorax/fra333_ws/install/cocoa_kinematics_interfaces/include/cocoa_kinematics_interfaces/srv/solve_ik.hpp
[5.141s] -- Up-to-date symlink: /home/azthorax/fra333_ws/install/cocoa_kinematics_interfaces/include/cocoa_kinematics_interfaces/srv/detail/get_position__rosidl_typesupport_introspection_cpp.hpp
[5.141s] -- Up-to-date symlink: /home/azthorax/fra333_ws/install/cocoa_kinematics_interfaces/include/cocoa_kinematics_interfaces/srv/detail/robot_js__rosidl_typesupport_introspection_cpp.hpp
[5.141s] -- Up-to-date symlink: /home/azthorax/fra333_ws/install/cocoa_kinematics_interfaces/include/cocoa_kinematics_interfaces/srv/detail/robot_tf__rosidl_typesupport_introspection_cpp.hpp
[5.141s] -- Up-to-date symlink: /home/azthorax/fra333_ws/install/cocoa_kinematics_interfaces/include/cocoa_kinematics_interfaces/srv/detail/solve_ik__rosidl_typesupport_introspection_cpp.hpp
[5.141s] -- Up-to-date symlink: /home/azthorax/fra333_ws/install/cocoa_kinematics_interfaces/share/cocoa_kinematics_interfaces/environment/pythonpath.sh
[5.142s] -- Up-to-date symlink: /home/azthorax/fra333_ws/install/cocoa_kinematics_interfaces/share/cocoa_kinematics_interfaces/environment/pythonpath.dsv
[5.142s] -- Up-to-date symlink: /home/azthorax/fra333_ws/install/cocoa_kinematics_interfaces/lib/python3.8/site-packages/cocoa_kinematics_interfaces/__init__.py
[5.142s] -- Up-to-date symlink: /home/azthorax/fra333_ws/install/cocoa_kinematics_interfaces/lib/python3.8/site-packages/cocoa_kinematics_interfaces/srv/__init__.py
[5.143s] -- Up-to-date symlink: /home/azthorax/fra333_ws/install/cocoa_kinematics_interfaces/lib/python3.8/site-packages/cocoa_kinematics_interfaces/srv/_get_position.py
[5.143s] -- Up-to-date symlink: /home/azthorax/fra333_ws/install/cocoa_kinematics_interfaces/lib/python3.8/site-packages/cocoa_kinematics_interfaces/srv/_robot_js.py
[5.143s] -- Up-to-date symlink: /home/azthorax/fra333_ws/install/cocoa_kinematics_interfaces/lib/python3.8/site-packages/cocoa_kinematics_interfaces/srv/_robot_tf.py
[5.143s] -- Up-to-date symlink: /home/azthorax/fra333_ws/install/cocoa_kinematics_interfaces/lib/python3.8/site-packages/cocoa_kinematics_interfaces/srv/_solve_ik.py
[5.143s] -- Up-to-date symlink: /home/azthorax/fra333_ws/install/cocoa_kinematics_interfaces/lib/python3.8/site-packages/cocoa_kinematics_interfaces/cocoa_kinematics_interfaces_s__rosidl_typesupport_fastrtps_c.cpython-38-x86_64-linux-gnu.so
[5.144s] -- Up-to-date symlink: /home/azthorax/fra333_ws/install/cocoa_kinematics_interfaces/lib/python3.8/site-packages/cocoa_kinematics_interfaces/cocoa_kinematics_interfaces_s__rosidl_typesupport_introspection_c.cpython-38-x86_64-linux-gnu.so
[5.144s] -- Up-to-date symlink: /home/azthorax/fra333_ws/install/cocoa_kinematics_interfaces/lib/python3.8/site-packages/cocoa_kinematics_interfaces/cocoa_kinematics_interfaces_s__rosidl_typesupport_c.cpython-38-x86_64-linux-gnu.so
[5.144s] -- Up-to-date symlink: /home/azthorax/fra333_ws/install/cocoa_kinematics_interfaces/lib/libcocoa_kinematics_interfaces__python.so
[5.145s] -- Up-to-date symlink: /home/azthorax/fra333_ws/install/cocoa_kinematics_interfaces/share/cocoa_kinematics_interfaces/srv/SolveIK.idl
[5.145s] -- Up-to-date symlink: /home/azthorax/fra333_ws/install/cocoa_kinematics_interfaces/share/cocoa_kinematics_interfaces/srv/GetPosition.idl
[5.145s] -- Up-to-date symlink: /home/azthorax/fra333_ws/install/cocoa_kinematics_interfaces/share/cocoa_kinematics_interfaces/srv/RobotJS.idl
[5.145s] -- Up-to-date symlink: /home/azthorax/fra333_ws/install/cocoa_kinematics_interfaces/share/cocoa_kinematics_interfaces/srv/SolveIK.srv
[5.146s] -- Up-to-date symlink: /home/azthorax/fra333_ws/install/cocoa_kinematics_interfaces/share/cocoa_kinematics_interfaces/srv/SolveIK_Request.msg
[5.146s] -- Up-to-date symlink: /home/azthorax/fra333_ws/install/cocoa_kinematics_interfaces/share/cocoa_kinematics_interfaces/srv/SolveIK_Response.msg
[5.146s] -- Up-to-date symlink: /home/azthorax/fra333_ws/install/cocoa_kinematics_interfaces/share/cocoa_kinematics_interfaces/srv/GetPosition.srv
[5.146s] -- Up-to-date symlink: /home/azthorax/fra333_ws/install/cocoa_kinematics_interfaces/share/cocoa_kinematics_interfaces/srv/GetPosition_Request.msg
[5.147s] -- Up-to-date symlink: /home/azthorax/fra333_ws/install/cocoa_kinematics_interfaces/share/cocoa_kinematics_interfaces/srv/GetPosition_Response.msg
[5.147s] -- Up-to-date symlink: /home/azthorax/fra333_ws/install/cocoa_kinematics_interfaces/share/cocoa_kinematics_interfaces/srv/RobotJS.srv
[5.147s] -- Up-to-date symlink: /home/azthorax/fra333_ws/install/cocoa_kinematics_interfaces/share/cocoa_kinematics_interfaces/srv/RobotJS_Request.msg
[5.147s] -- Up-to-date symlink: /home/azthorax/fra333_ws/install/cocoa_kinematics_interfaces/share/cocoa_kinematics_interfaces/srv/RobotJS_Response.msg
[5.148s] -- Up-to-date symlink: /home/azthorax/fra333_ws/install/cocoa_kinematics_interfaces/share/ament_index/resource_index/package_run_dependencies/cocoa_kinematics_interfaces
[5.148s] -- Up-to-date symlink: /home/azthorax/fra333_ws/install/cocoa_kinematics_interfaces/share/ament_index/resource_index/parent_prefix_path/cocoa_kinematics_interfaces
[5.148s] -- Up-to-date symlink: /home/azthorax/fra333_ws/install/cocoa_kinematics_interfaces/share/cocoa_kinematics_interfaces/environment/ament_prefix_path.sh
[5.148s] -- Up-to-date symlink: /home/azthorax/fra333_ws/install/cocoa_kinematics_interfaces/share/cocoa_kinematics_interfaces/environment/ament_prefix_path.dsv
[5.149s] -- Up-to-date symlink: /home/azthorax/fra333_ws/install/cocoa_kinematics_interfaces/share/cocoa_kinematics_interfaces/environment/path.sh
[5.149s] -- Up-to-date symlink: /home/azthorax/fra333_ws/install/cocoa_kinematics_interfaces/share/cocoa_kinematics_interfaces/environment/path.dsv
[5.149s] -- Up-to-date symlink: /home/azthorax/fra333_ws/install/cocoa_kinematics_interfaces/share/cocoa_kinematics_interfaces/local_setup.bash
[5.149s] -- Up-to-date symlink: /home/azthorax/fra333_ws/install/cocoa_kinematics_interfaces/share/cocoa_kinematics_interfaces/local_setup.sh
[5.150s] -- Up-to-date symlink: /home/azthorax/fra333_ws/install/cocoa_kinematics_interfaces/share/cocoa_kinematics_interfaces/local_setup.zsh
[5.150s] -- Up-to-date symlink: /home/azthorax/fra333_ws/install/cocoa_kinematics_interfaces/share/cocoa_kinematics_interfaces/local_setup.dsv
[5.150s] -- Symlinking: /home/azthorax/fra333_ws/install/cocoa_kinematics_interfaces/share/cocoa_kinematics_interfaces/package.dsv
[5.164s] -- Up-to-date symlink: /home/azthorax/fra333_ws/install/cocoa_kinematics_interfaces/share/ament_index/resource_index/packages/cocoa_kinematics_interfaces
[5.165s] -- Up-to-date symlink: /home/azthorax/fra333_ws/install/cocoa_kinematics_interfaces/share/cocoa_kinematics_interfaces/cmake/rosidl_cmake-extras.cmake
[5.165s] -- Up-to-date symlink: /home/azthorax/fra333_ws/install/cocoa_kinematics_interfaces/share/cocoa_kinematics_interfaces/cmake/ament_cmake_export_dependencies-extras.cmake
[5.166s] -- Up-to-date symlink: /home/azthorax/fra333_ws/install/cocoa_kinematics_interfaces/share/cocoa_kinematics_interfaces/cmake/ament_cmake_export_libraries-extras.cmake
[5.166s] -- Up-to-date symlink: /home/azthorax/fra333_ws/install/cocoa_kinematics_interfaces/share/cocoa_kinematics_interfaces/cmake/ament_cmake_export_targets-extras.cmake
[5.167s] -- Up-to-date symlink: /home/azthorax/fra333_ws/install/cocoa_kinematics_interfaces/share/cocoa_kinematics_interfaces/cmake/ament_cmake_export_include_directories-extras.cmake
[5.167s] -- Up-to-date symlink: /home/azthorax/fra333_ws/install/cocoa_kinematics_interfaces/share/cocoa_kinematics_interfaces/cmake/rosidl_cmake_export_typesupport_libraries-extras.cmake
[5.168s] -- Up-to-date symlink: /home/azthorax/fra333_ws/install/cocoa_kinematics_interfaces/share/cocoa_kinematics_interfaces/cmake/rosidl_cmake_export_typesupport_targets-extras.cmake
[5.168s] -- Up-to-date symlink: /home/azthorax/fra333_ws/install/cocoa_kinematics_interfaces/share/cocoa_kinematics_interfaces/cmake/cocoa_kinematics_interfacesConfig.cmake
[5.169s] -- Up-to-date symlink: /home/azthorax/fra333_ws/install/cocoa_kinematics_interfaces/share/cocoa_kinematics_interfaces/cmake/cocoa_kinematics_interfacesConfig-version.cmake
[5.169s] -- Up-to-date symlink: /home/azthorax/fra333_ws/install/cocoa_kinematics_interfaces/share/cocoa_kinematics_interfaces/package.xml
[5.170s] -- Installing: /home/azthorax/fra333_ws/install/cocoa_kinematics_interfaces/lib/libcocoa_kinematics_interfaces__rosidl_generator_c.so
[5.171s] -- Set runtime path of "/home/azthorax/fra333_ws/install/cocoa_kinematics_interfaces/lib/libcocoa_kinematics_interfaces__rosidl_generator_c.so" to ""
[5.171s] -- Installing: /home/azthorax/fra333_ws/install/cocoa_kinematics_interfaces/lib/libcocoa_kinematics_interfaces__rosidl_typesupport_introspection_c.so
[5.172s] -- Set runtime path of "/home/azthorax/fra333_ws/install/cocoa_kinematics_interfaces/lib/libcocoa_kinematics_interfaces__rosidl_typesupport_introspection_c.so" to ""
[5.172s] -- Installing: /home/azthorax/fra333_ws/install/cocoa_kinematics_interfaces/lib/libcocoa_kinematics_interfaces__rosidl_typesupport_c.so
[5.173s] -- Set runtime path of "/home/azthorax/fra333_ws/install/cocoa_kinematics_interfaces/lib/libcocoa_kinematics_interfaces__rosidl_typesupport_c.so" to ""
[5.174s] -- Installing: /home/azthorax/fra333_ws/install/cocoa_kinematics_interfaces/lib/libcocoa_kinematics_interfaces__rosidl_typesupport_introspection_cpp.so
[5.174s] -- Set runtime path of "/home/azthorax/fra333_ws/install/cocoa_kinematics_interfaces/lib/libcocoa_kinematics_interfaces__rosidl_typesupport_introspection_cpp.so" to ""
[5.175s] -- Installing: /home/azthorax/fra333_ws/install/cocoa_kinematics_interfaces/lib/libcocoa_kinematics_interfaces__rosidl_typesupport_cpp.so
[5.175s] -- Set runtime path of "/home/azthorax/fra333_ws/install/cocoa_kinematics_interfaces/lib/libcocoa_kinematics_interfaces__rosidl_typesupport_cpp.so" to ""
[5.206s] Compiling '/home/azthorax/fra333_ws/install/cocoa_kinematics_interfaces/lib/python3.8/site-packages/cocoa_kinematics_interfaces/__init__.py'...
[5.210s] -- Up-to-date: /home/azthorax/fra333_ws/install/cocoa_kinematics_interfaces/share/cocoa_kinematics_interfaces/cmake/cocoa_kinematics_interfaces__rosidl_generator_cExport.cmake
[5.210s] -- Installing: /home/azthorax/fra333_ws/install/cocoa_kinematics_interfaces/share/cocoa_kinematics_interfaces/cmake/cocoa_kinematics_interfaces__rosidl_generator_cExport-noconfig.cmake
[5.211s] -- Up-to-date: /home/azthorax/fra333_ws/install/cocoa_kinematics_interfaces/share/cocoa_kinematics_interfaces/cmake/cocoa_kinematics_interfaces__rosidl_typesupport_introspection_cExport.cmake
[5.211s] -- Installing: /home/azthorax/fra333_ws/install/cocoa_kinematics_interfaces/share/cocoa_kinematics_interfaces/cmake/cocoa_kinematics_interfaces__rosidl_typesupport_introspection_cExport-noconfig.cmake
[5.211s] -- Up-to-date: /home/azthorax/fra333_ws/install/cocoa_kinematics_interfaces/share/cocoa_kinematics_interfaces/cmake/cocoa_kinematics_interfaces__rosidl_typesupport_cExport.cmake
[5.211s] -- Installing: /home/azthorax/fra333_ws/install/cocoa_kinematics_interfaces/share/cocoa_kinematics_interfaces/cmake/cocoa_kinematics_interfaces__rosidl_typesupport_cExport-noconfig.cmake
[5.212s] -- Up-to-date: /home/azthorax/fra333_ws/install/cocoa_kinematics_interfaces/share/cocoa_kinematics_interfaces/cmake/cocoa_kinematics_interfaces__rosidl_generator_cppExport.cmake
[5.212s] -- Up-to-date: /home/azthorax/fra333_ws/install/cocoa_kinematics_interfaces/share/cocoa_kinematics_interfaces/cmake/cocoa_kinematics_interfaces__rosidl_typesupport_introspection_cppExport.cmake
[5.212s] -- Installing: /home/azthorax/fra333_ws/install/cocoa_kinematics_interfaces/share/cocoa_kinematics_interfaces/cmake/cocoa_kinematics_interfaces__rosidl_typesupport_introspection_cppExport-noconfig.cmake
[5.213s] -- Up-to-date: /home/azthorax/fra333_ws/install/cocoa_kinematics_interfaces/share/cocoa_kinematics_interfaces/cmake/cocoa_kinematics_interfaces__rosidl_typesupport_cppExport.cmake
[5.213s] -- Installing: /home/azthorax/fra333_ws/install/cocoa_kinematics_interfaces/share/cocoa_kinematics_interfaces/cmake/cocoa_kinematics_interfaces__rosidl_typesupport_cppExport-noconfig.cmake
[5.222s] Invoked command in '/home/azthorax/fra333_ws/build/cocoa_kinematics_interfaces' returned '0': CMAKE_PREFIX_PATH=${CMAKE_PREFIX_PATH}:/opt/ros/foxy /usr/bin/cmake --install /home/azthorax/fra333_ws/build/cocoa_kinematics_interfaces
