[0.085s] Invoking command in '/home/azthorax/fra333_ws/build/xicro_pkg': CMAKE_PREFIX_PATH=/opt/ros/foxy /usr/bin/cmake /home/azthorax/fra333_ws/src/Xicro/xicro_pkg -DAMENT_CMAKE_SYMLINK_INSTALL=1 -DCMAKE_INSTALL_PREFIX=/home/azthorax/fra333_ws/install/xicro_pkg
[2.161s] -- The C compiler identification is GNU 9.4.0
[2.161s] -- The CXX compiler identification is GNU 9.4.0
[2.162s] -- Check for working C compiler: /usr/bin/cc
[2.162s] -- Check for working C compiler: /usr/bin/cc -- works
[2.162s] -- Detecting C compiler ABI info
[2.162s] -- Detecting C compiler ABI info - done
[2.162s] -- Detecting C compile features
[2.162s] -- Detecting C compile features - done
[2.162s] -- Check for working CXX compiler: /usr/bin/c++
[2.162s] -- Check for working CXX compiler: /usr/bin/c++ -- works
[2.162s] -- Detecting CXX compiler ABI info
[2.162s] -- Detecting CXX compiler ABI info - done
[2.162s] -- Detecting CXX compile features
[2.163s] -- Detecting CXX compile features - done
[2.163s] -- Found ament_cmake: 0.9.11 (/opt/ros/foxy/share/ament_cmake/cmake)
[2.163s] -- Found PythonInterp: /usr/bin/python3 (found suitable version "3.8.10", minimum required is "3") 
[2.163s] -- Using PYTHON_EXECUTABLE: /usr/bin/python3
[2.163s] -- Override CMake install command with custom implementation using symlinks instead of copying resources
[2.163s] -- Found rclcpp: 2.4.2 (/opt/ros/foxy/share/rclcpp/cmake)
[2.163s] -- Using all available rosidl_typesupport_c: rosidl_typesupport_fastrtps_c;rosidl_typesupport_introspection_c
[2.163s] -- Found rosidl_adapter: 1.3.0 (/opt/ros/foxy/share/rosidl_adapter/cmake)
[2.163s] -- Found OpenSSL: /usr/lib/x86_64-linux-gnu/libcrypto.so (found version "1.1.1f")  
[2.163s] -- Found FastRTPS: /opt/ros/foxy/include  
[2.163s] -- Using all available rosidl_typesupport_cpp: rosidl_typesupport_fastrtps_cpp;rosidl_typesupport_introspection_cpp
[2.163s] -- Found rmw_implementation_cmake: 1.0.3 (/opt/ros/foxy/share/rmw_implementation_cmake/cmake)
[2.163s] -- Using RMW implementation 'rmw_fastrtps_cpp' as default
[2.163s] -- Looking for pthread.h
[2.164s] -- Looking for pthread.h - found
[2.164s] -- Performing Test CMAKE_HAVE_LIBC_PTHREAD
[2.164s] -- Performing Test CMAKE_HAVE_LIBC_PTHREAD - Failed
[2.164s] -- Looking for pthread_create in pthreads
[2.164s] -- Looking for pthread_create in pthreads - not found
[2.164s] -- Looking for pthread_create in pthread
[2.164s] -- Looking for pthread_create in pthread - found
[2.164s] -- Found Threads: TRUE  
[2.164s] -- Found rclpy: 1.0.11 (/opt/ros/foxy/share/rclpy/cmake)
[2.285s] -- Configuring done
[2.289s] -- Generating done
[2.292s] -- Build files have been written to: /home/azthorax/fra333_ws/build/xicro_pkg
[2.307s] Invoked command in '/home/azthorax/fra333_ws/build/xicro_pkg' returned '0': CMAKE_PREFIX_PATH=/opt/ros/foxy /usr/bin/cmake /home/azthorax/fra333_ws/src/Xicro/xicro_pkg -DAMENT_CMAKE_SYMLINK_INSTALL=1 -DCMAKE_INSTALL_PREFIX=/home/azthorax/fra333_ws/install/xicro_pkg
[2.311s] Invoking command in '/home/azthorax/fra333_ws/build/xicro_pkg': CMAKE_PREFIX_PATH=/opt/ros/foxy /usr/bin/cmake --build /home/azthorax/fra333_ws/build/xicro_pkg -- -j12 -l12
[2.365s] Invoked command in '/home/azthorax/fra333_ws/build/xicro_pkg' returned '0': CMAKE_PREFIX_PATH=/opt/ros/foxy /usr/bin/cmake --build /home/azthorax/fra333_ws/build/xicro_pkg -- -j12 -l12
[2.402s] Invoking command in '/home/azthorax/fra333_ws/build/xicro_pkg': CMAKE_PREFIX_PATH=/opt/ros/foxy /usr/bin/cmake --install /home/azthorax/fra333_ws/build/xicro_pkg
[2.415s] -- Install configuration: ""
[2.415s] -- Execute custom install script
[2.416s] -- Symlinking: /home/azthorax/fra333_ws/install/xicro_pkg/share/xicro_pkg/environment/pythonpath.sh
[2.427s] -- Symlinking: /home/azthorax/fra333_ws/install/xicro_pkg/share/xicro_pkg/environment/pythonpath.dsv
[2.443s] -- Symlinking: /home/azthorax/fra333_ws/install/xicro_pkg/lib/python3.8/site-packages/xicro_pkg/__init__.py
[2.460s] -- Symlinking: /home/azthorax/fra333_ws/install/xicro_pkg/lib/xicro_pkg/gui_xicro.py
[2.477s] -- Symlinking: /home/azthorax/fra333_ws/install/xicro_pkg/lib/xicro_pkg/generate_library.py
[2.490s] -- Symlinking: /home/azthorax/fra333_ws/install/xicro_pkg/lib/xicro_pkg/generate_xicro_node.py
[2.502s] -- Symlinking: /home/azthorax/fra333_ws/install/xicro_pkg/lib/xicro_pkg/fake_Imu_node.py
[2.518s] -- Symlinking: /home/azthorax/fra333_ws/install/xicro_pkg/lib/xicro_pkg/xicro_node_read_imu_ID_3_arduino.py
[2.541s] -- Symlinking: /home/azthorax/fra333_ws/install/xicro_pkg/share/xicro_pkg/config/.Xicro_node_preSetup.txt
[2.553s] -- Symlinking: /home/azthorax/fra333_ws/install/xicro_pkg/share/xicro_pkg/config/.arduino_cpp_preSetup.txt
[2.566s] -- Symlinking: /home/azthorax/fra333_ws/install/xicro_pkg/share/xicro_pkg/config/.arduino_h_preSetup.txt
[2.581s] -- Symlinking: /home/azthorax/fra333_ws/install/xicro_pkg/share/xicro_pkg/config/.stm32_cpp_preSetup.txt
[2.593s] -- Symlinking: /home/azthorax/fra333_ws/install/xicro_pkg/share/xicro_pkg/config/.stm32_h_preSetup.txt
[2.606s] -- Symlinking: /home/azthorax/fra333_ws/install/xicro_pkg/share/xicro_pkg/config/setup_xicro.yaml
[2.627s] -- Symlinking: /home/azthorax/fra333_ws/install/xicro_pkg/share/ament_index/resource_index/package_run_dependencies/xicro_pkg
[2.641s] -- Symlinking: /home/azthorax/fra333_ws/install/xicro_pkg/share/ament_index/resource_index/parent_prefix_path/xicro_pkg
[2.655s] -- Symlinking: /home/azthorax/fra333_ws/install/xicro_pkg/share/xicro_pkg/environment/ament_prefix_path.sh
[2.670s] -- Symlinking: /home/azthorax/fra333_ws/install/xicro_pkg/share/xicro_pkg/environment/ament_prefix_path.dsv
[2.684s] -- Symlinking: /home/azthorax/fra333_ws/install/xicro_pkg/share/xicro_pkg/environment/path.sh
[2.699s] -- Symlinking: /home/azthorax/fra333_ws/install/xicro_pkg/share/xicro_pkg/environment/path.dsv
[2.713s] -- Symlinking: /home/azthorax/fra333_ws/install/xicro_pkg/share/xicro_pkg/local_setup.bash
[2.726s] -- Symlinking: /home/azthorax/fra333_ws/install/xicro_pkg/share/xicro_pkg/local_setup.sh
[2.749s] -- Symlinking: /home/azthorax/fra333_ws/install/xicro_pkg/share/xicro_pkg/local_setup.zsh
[2.756s] -- Symlinking: /home/azthorax/fra333_ws/install/xicro_pkg/share/xicro_pkg/local_setup.dsv
[2.771s] -- Symlinking: /home/azthorax/fra333_ws/install/xicro_pkg/share/xicro_pkg/package.dsv
[2.784s] -- Symlinking: /home/azthorax/fra333_ws/install/xicro_pkg/share/ament_index/resource_index/packages/xicro_pkg
[2.795s] -- Symlinking: /home/azthorax/fra333_ws/install/xicro_pkg/share/xicro_pkg/cmake/xicro_pkgConfig.cmake
[2.807s] -- Symlinking: /home/azthorax/fra333_ws/install/xicro_pkg/share/xicro_pkg/cmake/xicro_pkgConfig-version.cmake
[2.821s] -- Symlinking: /home/azthorax/fra333_ws/install/xicro_pkg/share/xicro_pkg/package.xml
[2.907s] Listing '/home/azthorax/fra333_ws/install/xicro_pkg/lib/python3.8/site-packages/xicro_pkg'...
[2.907s] Compiling '/home/azthorax/fra333_ws/install/xicro_pkg/lib/python3.8/site-packages/xicro_pkg/__init__.py'...
[3.023s] Invoked command in '/home/azthorax/fra333_ws/build/xicro_pkg' returned '0': CMAKE_PREFIX_PATH=/opt/ros/foxy /usr/bin/cmake --install /home/azthorax/fra333_ws/build/xicro_pkg
