[0.088s] Invoking command in '/home/azthorax/fra333_ws/build/package_name': CMAKE_PREFIX_PATH=${CMAKE_PREFIX_PATH}:/opt/ros/foxy /usr/bin/cmake /home/azthorax/fra333_ws/src/lab3/ROS2_package_cpp_python-main/package_name -DAMENT_CMAKE_SYMLINK_INSTALL=1 -DCMAKE_INSTALL_PREFIX=/home/azthorax/fra333_ws/install/package_name
[0.134s] -- Found ament_cmake: 0.9.11 (/opt/ros/foxy/share/ament_cmake/cmake)
[0.142s] -- Using PYTHON_EXECUTABLE: /usr/bin/python3
[0.446s] -- Override CMake install command with custom implementation using symlinks instead of copying resources
[0.454s] -- Found rclcpp: 2.4.2 (/opt/ros/foxy/share/rclcpp/cmake)
[0.499s] -- Using all available rosidl_typesupport_c: rosidl_typesupport_fastrtps_c;rosidl_typesupport_introspection_c
[0.504s] -- Found rosidl_adapter: 1.3.0 (/opt/ros/foxy/share/rosidl_adapter/cmake)
[0.663s] -- Using all available rosidl_typesupport_cpp: rosidl_typesupport_fastrtps_cpp;rosidl_typesupport_introspection_cpp
[0.721s] -- Found rmw_implementation_cmake: 1.0.3 (/opt/ros/foxy/share/rmw_implementation_cmake/cmake)
[0.723s] -- Using RMW implementation 'rmw_fastrtps_cpp' as default
[0.894s] -- Found rclpy: 1.0.11 (/opt/ros/foxy/share/rclpy/cmake)
[0.995s] -- Configuring done
[1.006s] -- Generating done
[1.009s] -- Build files have been written to: /home/azthorax/fra333_ws/build/package_name
[1.023s] Invoked command in '/home/azthorax/fra333_ws/build/package_name' returned '0': CMAKE_PREFIX_PATH=${CMAKE_PREFIX_PATH}:/opt/ros/foxy /usr/bin/cmake /home/azthorax/fra333_ws/src/lab3/ROS2_package_cpp_python-main/package_name -DAMENT_CMAKE_SYMLINK_INSTALL=1 -DCMAKE_INSTALL_PREFIX=/home/azthorax/fra333_ws/install/package_name
[1.029s] Invoking command in '/home/azthorax/fra333_ws/build/package_name': CMAKE_PREFIX_PATH=${CMAKE_PREFIX_PATH}:/opt/ros/foxy /usr/bin/cmake --build /home/azthorax/fra333_ws/build/package_name -- -j12 -l12
[1.101s] [ 50%] [32m[1mLinking CXX executable cpp_node_test[0m
[1.257s] [100%] Built target cpp_node_test
[1.306s] Invoked command in '/home/azthorax/fra333_ws/build/package_name' returned '0': CMAKE_PREFIX_PATH=${CMAKE_PREFIX_PATH}:/opt/ros/foxy /usr/bin/cmake --build /home/azthorax/fra333_ws/build/package_name -- -j12 -l12
[1.364s] Invoking command in '/home/azthorax/fra333_ws/build/package_name': CMAKE_PREFIX_PATH=${CMAKE_PREFIX_PATH}:/opt/ros/foxy /usr/bin/cmake --install /home/azthorax/fra333_ws/build/package_name
[1.375s] -- Install configuration: ""
[1.375s] -- Execute custom install script
[1.375s] -- Symlinking: /home/azthorax/fra333_ws/install/package_name/share/package_name/environment/pythonpath.sh
[1.388s] -- Symlinking: /home/azthorax/fra333_ws/install/package_name/share/package_name/environment/pythonpath.dsv
[1.400s] -- Symlinking: /home/azthorax/fra333_ws/install/package_name/lib/python3.8/site-packages/package_name/__init__.py
[1.418s] -- Symlinking: /home/azthorax/fra333_ws/install/package_name/lib/package_name/dummy.py
[1.427s] -- Symlinking: /home/azthorax/fra333_ws/install/package_name/lib/package_name/cpp_node_test
[1.436s] -- Symlinking: /home/azthorax/fra333_ws/install/package_name/share/ament_index/resource_index/package_run_dependencies/package_name
[1.448s] -- Symlinking: /home/azthorax/fra333_ws/install/package_name/share/ament_index/resource_index/parent_prefix_path/package_name
[1.458s] -- Symlinking: /home/azthorax/fra333_ws/install/package_name/share/package_name/environment/ament_prefix_path.sh
[1.468s] -- Symlinking: /home/azthorax/fra333_ws/install/package_name/share/package_name/environment/ament_prefix_path.dsv
[1.478s] -- Symlinking: /home/azthorax/fra333_ws/install/package_name/share/package_name/environment/path.sh
[1.489s] -- Symlinking: /home/azthorax/fra333_ws/install/package_name/share/package_name/environment/path.dsv
[1.501s] -- Symlinking: /home/azthorax/fra333_ws/install/package_name/share/package_name/local_setup.bash
[1.512s] -- Symlinking: /home/azthorax/fra333_ws/install/package_name/share/package_name/local_setup.sh
[1.526s] -- Symlinking: /home/azthorax/fra333_ws/install/package_name/share/package_name/local_setup.zsh
[1.544s] -- Symlinking: /home/azthorax/fra333_ws/install/package_name/share/package_name/local_setup.dsv
[1.553s] -- Symlinking: /home/azthorax/fra333_ws/install/package_name/share/package_name/package.dsv
[1.562s] -- Symlinking: /home/azthorax/fra333_ws/install/package_name/share/ament_index/resource_index/packages/package_name
[1.571s] -- Symlinking: /home/azthorax/fra333_ws/install/package_name/share/package_name/cmake/package_nameConfig.cmake
[1.581s] -- Symlinking: /home/azthorax/fra333_ws/install/package_name/share/package_name/cmake/package_nameConfig-version.cmake
[1.590s] -- Symlinking: /home/azthorax/fra333_ws/install/package_name/share/package_name/package.xml
[1.636s] Listing '/home/azthorax/fra333_ws/install/package_name/lib/python3.8/site-packages/package_name'...
[1.648s] Invoked command in '/home/azthorax/fra333_ws/build/package_name' returned '0': CMAKE_PREFIX_PATH=${CMAKE_PREFIX_PATH}:/opt/ros/foxy /usr/bin/cmake --install /home/azthorax/fra333_ws/build/package_name
