[0.055s] Invoking command in '/home/azthorax/fra333_ws/build/cocoa_kinematics_interfaces': CMAKE_PREFIX_PATH=${CMAKE_PREFIX_PATH}:/opt/ros/foxy /usr/bin/cmake --build /home/azthorax/fra333_ws/build/cocoa_kinematics_interfaces -- -j12 -l12
[0.079s] -- Found ament_cmake: 0.9.11 (/opt/ros/foxy/share/ament_cmake/cmake)
[0.103s] -- Found PythonInterp: /usr/bin/python3 (found suitable version "3.8.10", minimum required is "3") 
[0.104s] -- Using PYTHON_EXECUTABLE: /usr/bin/python3
[0.336s] -- Override CMake install command with custom implementation using symlinks instead of copying resources
[0.346s] -- Found ament_lint_auto: 0.9.7 (/opt/ros/foxy/share/ament_lint_auto/cmake)
[0.413s] -- Found rosidl_default_generators: 1.0.1 (/opt/ros/foxy/share/rosidl_default_generators/cmake)
[0.418s] -- Using all available rosidl_typesupport_c: rosidl_typesupport_fastrtps_c;rosidl_typesupport_introspection_c
[0.422s] -- Found rosidl_adapter: 1.3.0 (/opt/ros/foxy/share/rosidl_adapter/cmake)
[0.568s] -- Using all available rosidl_typesupport_cpp: rosidl_typesupport_fastrtps_cpp;rosidl_typesupport_introspection_cpp
[0.588s] -- Found geometry_msgs: 2.0.5 (/opt/ros/foxy/share/geometry_msgs/cmake)
[0.661s] -- Found sensor_msgs: 2.0.5 (/opt/ros/foxy/share/sensor_msgs/cmake)
[0.747s] -- Found PythonInterp: /usr/bin/python3 (found version "3.8.10") 
[0.895s] -- Found ament_cmake_ros: 0.9.2 (/opt/ros/foxy/share/ament_cmake_ros/cmake)
[1.191s] -- Using all available rosidl_typesupport_c: rosidl_typesupport_fastrtps_c;rosidl_typesupport_introspection_c
[1.332s] -- Using all available rosidl_typesupport_cpp: rosidl_typesupport_fastrtps_cpp;rosidl_typesupport_introspection_cpp
[1.365s] -- Found PythonInterp: /usr/bin/python3 (found suitable version "3.8.10", minimum required is "3.5") 
[1.365s] -- Found python_cmake_module: 0.8.1 (/opt/ros/foxy/share/python_cmake_module/cmake)
[1.398s] -- Using PYTHON_EXECUTABLE: /usr/bin/python3
[1.398s] -- Using PYTHON_INCLUDE_DIRS: /usr/include/python3.8
[1.398s] -- Using PYTHON_LIBRARIES: /usr/lib/x86_64-linux-gnu/libpython3.8.so
[1.473s] -- Added test 'copyright' to check source files copyright and LICENSE
[1.474s] -- Added test 'lint_cmake' to check CMake code style
[1.474s] -- Added test 'xmllint' to check XML markup files
[1.480s] -- Configuring done
[1.533s] -- Generating done
[1.536s] -- Build files have been written to: /home/azthorax/fra333_ws/build/cocoa_kinematics_interfaces
[1.590s] [ 10%] Built target cocoa_kinematics_interfaces__cpp
[1.590s] [ 12%] Built target cocoa_kinematics_interfaces__rosidl_generator_c
[1.616s] [ 23%] Built target cocoa_kinematics_interfaces__rosidl_typesupport_cpp
[1.618s] [ 33%] Built target cocoa_kinematics_interfaces__rosidl_typesupport_introspection_cpp
[1.621s] [ 43%] Built target cocoa_kinematics_interfaces__rosidl_typesupport_c
[1.622s] [ 61%] Built target cocoa_kinematics_interfaces__rosidl_typesupport_introspection_c
[1.622s] [ 64%] Built target cocoa_kinematics_interfaces__rosidl_typesupport_fastrtps_cpp
[1.661s] [ 74%] Built target cocoa_kinematics_interfaces__rosidl_typesupport_fastrtps_c
[1.691s] [ 74%] Built target cocoa_kinematics_interfaces
[1.721s] [ 76%] Built target cocoa_kinematics_interfaces__py
[1.759s] [ 84%] Built target cocoa_kinematics_interfaces__python
[1.793s] [ 89%] Built target cocoa_kinematics_interfaces__rosidl_typesupport_c__pyext
[1.793s] [ 94%] Built target cocoa_kinematics_interfaces__rosidl_typesupport_introspection_c__pyext
[1.801s] [100%] Built target cocoa_kinematics_interfaces__rosidl_typesupport_fastrtps_c__pyext
