[0.099s] Invoking command in '/home/azthorax/fra333_ws/build/cocoav_interfaces': CMAKE_PREFIX_PATH=/opt/ros/foxy /usr/bin/cmake /home/azthorax/fra333_ws/src/fra333_lab3_25_v1/cocoav_interfaces -DAMENT_CMAKE_SYMLINK_INSTALL=1 -DCMAKE_INSTALL_PREFIX=/home/azthorax/fra333_ws/install/cocoav_interfaces
[0.215s] -- The C compiler identification is GNU 9.4.0
[0.335s] -- The CXX compiler identification is GNU 9.4.0
[0.343s] -- Check for working C compiler: /usr/bin/cc
[0.466s] -- Check for working C compiler: /usr/bin/cc -- works
[0.468s] -- Detecting C compiler ABI info
[0.591s] -- Detecting C compiler ABI info - done
[0.614s] -- Detecting C compile features
[0.615s] -- Detecting C compile features - done
[0.620s] -- Check for working CXX compiler: /usr/bin/c++
[0.763s] -- Check for working CXX compiler: /usr/bin/c++ -- works
[0.765s] -- Detecting CXX compiler ABI info
[0.921s] -- Detecting CXX compiler ABI info - done
[0.944s] -- Detecting CXX compile features
[0.945s] -- Detecting CXX compile features - done
[0.949s] -- Found ament_cmake: 0.9.11 (/opt/ros/foxy/share/ament_cmake/cmake)
[1.002s] -- Found PythonInterp: /usr/bin/python3 (found suitable version "3.8.10", minimum required is "3") 
[1.003s] -- Using PYTHON_EXECUTABLE: /usr/bin/python3
[1.513s] -- Override CMake install command with custom implementation using symlinks instead of copying resources
[1.554s] -- Found ament_lint_auto: 0.9.7 (/opt/ros/foxy/share/ament_lint_auto/cmake)
[1.694s] -- Found rosidl_default_generators: 1.0.1 (/opt/ros/foxy/share/rosidl_default_generators/cmake)
[1.699s] -- Using all available rosidl_typesupport_c: rosidl_typesupport_fastrtps_c;rosidl_typesupport_introspection_c
[1.713s] -- Found rosidl_adapter: 1.3.0 (/opt/ros/foxy/share/rosidl_adapter/cmake)
[1.884s] -- Found OpenSSL: /usr/lib/x86_64-linux-gnu/libcrypto.so (found version "1.1.1f")  
[1.943s] -- Found FastRTPS: /opt/ros/foxy/include  
[2.101s] -- Using all available rosidl_typesupport_cpp: rosidl_typesupport_fastrtps_cpp;rosidl_typesupport_introspection_cpp
[2.149s] -- Found geometry_msgs: 2.0.5 (/opt/ros/foxy/share/geometry_msgs/cmake)
[2.309s] -- Found sensor_msgs: 2.0.5 (/opt/ros/foxy/share/sensor_msgs/cmake)
[2.511s] -- Found PythonInterp: /usr/bin/python3 (found version "3.8.10") 
[2.897s] -- Found ament_cmake_ros: 0.9.2 (/opt/ros/foxy/share/ament_cmake_ros/cmake)
[3.594s] -- Using all available rosidl_typesupport_c: rosidl_typesupport_fastrtps_c;rosidl_typesupport_introspection_c
[3.963s] -- Using all available rosidl_typesupport_cpp: rosidl_typesupport_fastrtps_cpp;rosidl_typesupport_introspection_cpp
[4.015s] -- Found PythonInterp: /usr/bin/python3 (found suitable version "3.8.10", minimum required is "3.5") 
[4.020s] -- Found python_cmake_module: 0.8.1 (/opt/ros/foxy/share/python_cmake_module/cmake)
[4.074s] -- Found PythonLibs: /usr/lib/x86_64-linux-gnu/libpython3.8.so (found suitable version "3.8.10", minimum required is "3.5") 
[4.074s] -- Using PYTHON_EXECUTABLE: /usr/bin/python3
[4.074s] -- Using PYTHON_INCLUDE_DIRS: /usr/include/python3.8
[4.074s] -- Using PYTHON_LIBRARIES: /usr/lib/x86_64-linux-gnu/libpython3.8.so
[4.115s] -- Found PythonExtra: .so  
[4.317s] -- Added test 'copyright' to check source files copyright and LICENSE
[4.320s] -- Added test 'lint_cmake' to check CMake code style
[4.322s] -- Added test 'xmllint' to check XML markup files
[4.341s] -- Configuring done
[4.483s] -- Generating done
[4.489s] -- Build files have been written to: /home/azthorax/fra333_ws/build/cocoav_interfaces
[4.508s] Invoked command in '/home/azthorax/fra333_ws/build/cocoav_interfaces' returned '0': CMAKE_PREFIX_PATH=/opt/ros/foxy /usr/bin/cmake /home/azthorax/fra333_ws/src/fra333_lab3_25_v1/cocoav_interfaces -DAMENT_CMAKE_SYMLINK_INSTALL=1 -DCMAKE_INSTALL_PREFIX=/home/azthorax/fra333_ws/install/cocoav_interfaces
[4.510s] Invoking command in '/home/azthorax/fra333_ws/build/cocoav_interfaces': CMAKE_PREFIX_PATH=/opt/ros/foxy /usr/bin/cmake --build /home/azthorax/fra333_ws/build/cocoav_interfaces -- -j12 -l12
[4.581s] [35m[1mScanning dependencies of target cocoav_interfaces__cpp[0m
[4.587s] [  1%] [34m[1mGenerating C code for ROS interfaces[0m
[4.601s] [  3%] [34m[1mGenerating C++ code for ROS interfaces[0m
[5.448s] [  3%] Built target cocoav_interfaces__cpp
[5.467s] [  5%] [34m[1mGenerating C++ type support dispatch for ROS interfaces[0m
[5.484s] [  7%] [34m[1mGenerating C++ type support for eProsima Fast-RTPS[0m
[5.499s] [35m[1mScanning dependencies of target cocoav_interfaces__rosidl_generator_c[0m
[5.500s] [  9%] [34m[1mGenerating C++ introspection for ROS interfaces[0m
[5.580s] [ 10%] [32mBuilding C object CMakeFiles/cocoav_interfaces__rosidl_generator_c.dir/rosidl_generator_c/cocoav_interfaces/srv/detail/cocoa_vik__functions.c.o[0m
[5.594s] [ 12%] [32mBuilding C object CMakeFiles/cocoav_interfaces__rosidl_generator_c.dir/rosidl_generator_c/cocoav_interfaces/srv/detail/cocoa_vfk__functions.c.o[0m
[5.623s] [ 14%] [32mBuilding C object CMakeFiles/cocoav_interfaces__rosidl_generator_c.dir/rosidl_generator_c/cocoav_interfaces/msg/detail/cocoa_vimu__functions.c.o[0m
[5.623s] [ 16%] [32mBuilding C object CMakeFiles/cocoav_interfaces__rosidl_generator_c.dir/rosidl_generator_c/cocoav_interfaces/msg/detail/cocoa_test__functions.c.o[0m
[5.778s] [ 18%] [32m[1mLinking C shared library libcocoav_interfaces__rosidl_generator_c.so[0m
[5.875s] [ 18%] Built target cocoav_interfaces__rosidl_generator_c
[5.899s] [ 20%] [34m[1mGenerating C type support dispatch for ROS interfaces[0m
[5.913s] [ 21%] [34m[1mGenerating C introspection for ROS interfaces[0m
[6.235s] [35m[1mScanning dependencies of target cocoav_interfaces__rosidl_typesupport_cpp[0m
[6.327s] [ 23%] [32mBuilding CXX object CMakeFiles/cocoav_interfaces__rosidl_typesupport_cpp.dir/rosidl_typesupport_cpp/cocoav_interfaces/srv/cocoa_vik__type_support.cpp.o[0m
[6.344s] [ 25%] [32mBuilding CXX object CMakeFiles/cocoav_interfaces__rosidl_typesupport_cpp.dir/rosidl_typesupport_cpp/cocoav_interfaces/srv/cocoa_vfk__type_support.cpp.o[0m
[6.368s] [ 27%] [32mBuilding CXX object CMakeFiles/cocoav_interfaces__rosidl_typesupport_cpp.dir/rosidl_typesupport_cpp/cocoav_interfaces/msg/cocoa_test__type_support.cpp.o[0m
[6.387s] [ 29%] [32mBuilding CXX object CMakeFiles/cocoav_interfaces__rosidl_typesupport_cpp.dir/rosidl_typesupport_cpp/cocoav_interfaces/msg/cocoa_vimu__type_support.cpp.o[0m
[6.560s] [35m[1mScanning dependencies of target cocoav_interfaces__rosidl_typesupport_introspection_cpp[0m
[6.631s] [ 30%] [32mBuilding CXX object CMakeFiles/cocoav_interfaces__rosidl_typesupport_introspection_cpp.dir/rosidl_typesupport_introspection_cpp/cocoav_interfaces/srv/detail/cocoa_vik__type_support.cpp.o[0m
[6.646s] [ 32%] [32mBuilding CXX object CMakeFiles/cocoav_interfaces__rosidl_typesupport_introspection_cpp.dir/rosidl_typesupport_introspection_cpp/cocoav_interfaces/srv/detail/cocoa_vfk__type_support.cpp.o[0m
[6.689s] [ 34%] [32mBuilding CXX object CMakeFiles/cocoav_interfaces__rosidl_typesupport_introspection_cpp.dir/rosidl_typesupport_introspection_cpp/cocoav_interfaces/msg/detail/cocoa_test__type_support.cpp.o[0m
[6.722s] [35m[1mScanning dependencies of target cocoav_interfaces__rosidl_typesupport_fastrtps_cpp[0m
[6.722s] [ 36%] [32mBuilding CXX object CMakeFiles/cocoav_interfaces__rosidl_typesupport_introspection_cpp.dir/rosidl_typesupport_introspection_cpp/cocoav_interfaces/msg/detail/cocoa_vimu__type_support.cpp.o[0m
[6.834s] [35m[1mScanning dependencies of target cocoav_interfaces__rosidl_typesupport_c[0m
[6.848s] [ 38%] [32mBuilding CXX object CMakeFiles/cocoav_interfaces__rosidl_typesupport_fastrtps_cpp.dir/rosidl_typesupport_fastrtps_cpp/cocoav_interfaces/srv/detail/dds_fastrtps/cocoa_vik__type_support.cpp.o[0m
[6.856s] [ 40%] [32mBuilding CXX object CMakeFiles/cocoav_interfaces__rosidl_typesupport_fastrtps_cpp.dir/rosidl_typesupport_fastrtps_cpp/cocoav_interfaces/srv/detail/dds_fastrtps/cocoa_vfk__type_support.cpp.o[0m
[6.916s] [ 41%] [32mBuilding CXX object CMakeFiles/cocoav_interfaces__rosidl_typesupport_c.dir/rosidl_typesupport_c/cocoav_interfaces/srv/cocoa_vik__type_support.cpp.o[0m
[7.185s] [ 43%] [32mBuilding CXX object CMakeFiles/cocoav_interfaces__rosidl_typesupport_c.dir/rosidl_typesupport_c/cocoav_interfaces/srv/cocoa_vfk__type_support.cpp.o[0m
[7.334s] [ 45%] [32mBuilding CXX object CMakeFiles/cocoav_interfaces__rosidl_typesupport_c.dir/rosidl_typesupport_c/cocoav_interfaces/msg/cocoa_test__type_support.cpp.o[0m
[7.466s] [ 49%] [32mBuilding CXX object CMakeFiles/cocoav_interfaces__rosidl_typesupport_c.dir/rosidl_typesupport_c/cocoav_interfaces/msg/cocoa_vimu__type_support.cpp.o[0m
[7.466s] [ 49%] [32mBuilding CXX object CMakeFiles/cocoav_interfaces__rosidl_typesupport_fastrtps_cpp.dir/rosidl_typesupport_fastrtps_cpp/cocoav_interfaces/msg/detail/dds_fastrtps/cocoa_test__type_support.cpp.o[0m
[7.483s] [ 50%] [32mBuilding CXX object CMakeFiles/cocoav_interfaces__rosidl_typesupport_fastrtps_cpp.dir/rosidl_typesupport_fastrtps_cpp/cocoav_interfaces/msg/detail/dds_fastrtps/cocoa_vimu__type_support.cpp.o[0m
[7.485s] [35m[1mScanning dependencies of target cocoav_interfaces__rosidl_typesupport_introspection_c[0m
[7.551s] [ 52%] [32mBuilding C object CMakeFiles/cocoav_interfaces__rosidl_typesupport_introspection_c.dir/rosidl_typesupport_introspection_c/cocoav_interfaces/srv/detail/cocoa_vik__type_support.c.o[0m
[7.582s] [ 54%] [32mBuilding C object CMakeFiles/cocoav_interfaces__rosidl_typesupport_introspection_c.dir/rosidl_typesupport_introspection_c/cocoav_interfaces/srv/detail/cocoa_vfk__type_support.c.o[0m
[7.602s] [ 56%] [32m[1mLinking CXX shared library libcocoav_interfaces__rosidl_typesupport_c.so[0m
[7.688s] [ 58%] [32m[1mLinking CXX shared library libcocoav_interfaces__rosidl_typesupport_cpp.so[0m
[7.740s] [ 60%] [32mBuilding C object CMakeFiles/cocoav_interfaces__rosidl_typesupport_introspection_c.dir/rosidl_typesupport_introspection_c/cocoav_interfaces/msg/detail/cocoa_test__type_support.c.o[0m
[7.747s] [ 61%] [32mBuilding C object CMakeFiles/cocoav_interfaces__rosidl_typesupport_introspection_c.dir/rosidl_typesupport_introspection_c/cocoav_interfaces/msg/detail/cocoa_vimu__type_support.c.o[0m
[7.806s] [ 61%] Built target cocoav_interfaces__rosidl_typesupport_c
[7.841s] [ 61%] Built target cocoav_interfaces__rosidl_typesupport_cpp
[7.862s] [ 63%] [32m[1mLinking C shared library libcocoav_interfaces__rosidl_typesupport_introspection_c.so[0m
[7.959s] [ 63%] Built target cocoav_interfaces__rosidl_typesupport_introspection_c
[7.969s] [ 65%] [32m[1mLinking CXX shared library libcocoav_interfaces__rosidl_typesupport_introspection_cpp.so[0m
[8.150s] [ 65%] Built target cocoav_interfaces__rosidl_typesupport_introspection_cpp
[8.323s] [ 67%] [32m[1mLinking CXX shared library libcocoav_interfaces__rosidl_typesupport_fastrtps_cpp.so[0m
[8.530s] [ 67%] Built target cocoav_interfaces__rosidl_typesupport_fastrtps_cpp
[8.551s] [ 69%] [34m[1mGenerating C type support for eProsima Fast-RTPS[0m
[9.027s] [35m[1mScanning dependencies of target cocoav_interfaces__rosidl_typesupport_fastrtps_c[0m
[9.054s] [ 70%] [32mBuilding CXX object CMakeFiles/cocoav_interfaces__rosidl_typesupport_fastrtps_c.dir/rosidl_typesupport_fastrtps_c/cocoav_interfaces/srv/detail/cocoa_vfk__type_support_c.cpp.o[0m
[9.059s] [ 72%] [32mBuilding CXX object CMakeFiles/cocoav_interfaces__rosidl_typesupport_fastrtps_c.dir/rosidl_typesupport_fastrtps_c/cocoav_interfaces/srv/detail/cocoa_vik__type_support_c.cpp.o[0m
[9.061s] [ 74%] [32mBuilding CXX object CMakeFiles/cocoav_interfaces__rosidl_typesupport_fastrtps_c.dir/rosidl_typesupport_fastrtps_c/cocoav_interfaces/msg/detail/cocoa_vimu__type_support_c.cpp.o[0m
[9.065s] [ 76%] [32mBuilding CXX object CMakeFiles/cocoav_interfaces__rosidl_typesupport_fastrtps_c.dir/rosidl_typesupport_fastrtps_c/cocoav_interfaces/msg/detail/cocoa_test__type_support_c.cpp.o[0m
[9.590s] [ 78%] [32m[1mLinking CXX shared library libcocoav_interfaces__rosidl_typesupport_fastrtps_c.so[0m
[9.847s] [ 78%] Built target cocoav_interfaces__rosidl_typesupport_fastrtps_c
[9.888s] [35m[1mScanning dependencies of target cocoav_interfaces[0m
[9.933s] [ 78%] Built target cocoav_interfaces
[9.950s] [35m[1mScanning dependencies of target cocoav_interfaces__py[0m
[9.967s] [ 80%] [34m[1mGenerating Python code for ROS interfaces[0m
[11.304s] [ 80%] Built target cocoav_interfaces__py
[11.332s] [35m[1mScanning dependencies of target cocoav_interfaces__python[0m
[11.387s] [ 81%] [32mBuilding C object CMakeFiles/cocoav_interfaces__python.dir/rosidl_generator_py/cocoav_interfaces/srv/_cocoa_vik_s.c.o[0m
[11.426s] [ 83%] [32mBuilding C object CMakeFiles/cocoav_interfaces__python.dir/rosidl_generator_py/cocoav_interfaces/srv/_cocoa_vfk_s.c.o[0m
[11.428s] [ 85%] [32mBuilding C object CMakeFiles/cocoav_interfaces__python.dir/rosidl_generator_py/cocoav_interfaces/msg/_cocoa_test_s.c.o[0m
[11.458s] [ 87%] [32mBuilding C object CMakeFiles/cocoav_interfaces__python.dir/rosidl_generator_py/cocoav_interfaces/msg/_cocoa_vimu_s.c.o[0m
[11.746s] [ 89%] [32m[1mLinking C shared library rosidl_generator_py/cocoav_interfaces/libcocoav_interfaces__python.so[0m
[11.927s] [ 89%] Built target cocoav_interfaces__python
[11.955s] [35m[1mScanning dependencies of target cocoav_interfaces__rosidl_typesupport_introspection_c__pyext[0m
[11.990s] [ 90%] [32mBuilding C object CMakeFiles/cocoav_interfaces__rosidl_typesupport_introspection_c__pyext.dir/rosidl_generator_py/cocoav_interfaces/_cocoav_interfaces_s.ep.rosidl_typesupport_introspection_c.c.o[0m
[11.995s] [35m[1mScanning dependencies of target cocoav_interfaces__rosidl_typesupport_c__pyext[0m
[12.000s] [35m[1mScanning dependencies of target cocoav_interfaces__rosidl_typesupport_fastrtps_c__pyext[0m
[12.056s] [ 92%] [32mBuilding C object CMakeFiles/cocoav_interfaces__rosidl_typesupport_c__pyext.dir/rosidl_generator_py/cocoav_interfaces/_cocoav_interfaces_s.ep.rosidl_typesupport_c.c.o[0m
[12.082s] [ 94%] [32mBuilding C object CMakeFiles/cocoav_interfaces__rosidl_typesupport_fastrtps_c__pyext.dir/rosidl_generator_py/cocoav_interfaces/_cocoav_interfaces_s.ep.rosidl_typesupport_fastrtps_c.c.o[0m
[12.167s] [ 96%] [32m[1mLinking C shared library rosidl_generator_py/cocoav_interfaces/cocoav_interfaces_s__rosidl_typesupport_introspection_c.cpython-38-x86_64-linux-gnu.so[0m
[12.273s] [ 98%] [32m[1mLinking C shared library rosidl_generator_py/cocoav_interfaces/cocoav_interfaces_s__rosidl_typesupport_c.cpython-38-x86_64-linux-gnu.so[0m
[12.301s] [100%] [32m[1mLinking CXX shared library rosidl_generator_py/cocoav_interfaces/cocoav_interfaces_s__rosidl_typesupport_fastrtps_c.cpython-38-x86_64-linux-gnu.so[0m
[12.347s] [100%] Built target cocoav_interfaces__rosidl_typesupport_introspection_c__pyext
[12.390s] [100%] Built target cocoav_interfaces__rosidl_typesupport_c__pyext
[12.462s] [100%] Built target cocoav_interfaces__rosidl_typesupport_fastrtps_c__pyext
[12.480s] Invoked command in '/home/azthorax/fra333_ws/build/cocoav_interfaces' returned '0': CMAKE_PREFIX_PATH=/opt/ros/foxy /usr/bin/cmake --build /home/azthorax/fra333_ws/build/cocoav_interfaces -- -j12 -l12
[13.249s] Invoking command in '/home/azthorax/fra333_ws/build/cocoav_interfaces': CMAKE_PREFIX_PATH=/opt/ros/foxy /usr/bin/cmake --install /home/azthorax/fra333_ws/build/cocoav_interfaces
[13.279s] -- Install configuration: ""
[13.279s] -- Execute custom install script
[13.280s] -- Symlinking: /home/azthorax/fra333_ws/install/cocoav_interfaces/share/ament_index/resource_index/rosidl_interfaces/cocoav_interfaces
[13.305s] -- Symlinking: /home/azthorax/fra333_ws/install/cocoav_interfaces/include/cocoav_interfaces/msg/cocoa_test.h
[13.331s] -- Symlinking: /home/azthorax/fra333_ws/install/cocoav_interfaces/include/cocoav_interfaces/msg/cocoa_vimu.h
[13.346s] -- Symlinking: /home/azthorax/fra333_ws/install/cocoav_interfaces/include/cocoav_interfaces/msg/detail/cocoa_test__functions.h
[13.382s] -- Symlinking: /home/azthorax/fra333_ws/install/cocoav_interfaces/include/cocoav_interfaces/msg/detail/cocoa_test__struct.h
[13.418s] -- Symlinking: /home/azthorax/fra333_ws/install/cocoav_interfaces/include/cocoav_interfaces/msg/detail/cocoa_test__type_support.h
[13.442s] -- Symlinking: /home/azthorax/fra333_ws/install/cocoav_interfaces/include/cocoav_interfaces/msg/detail/cocoa_vimu__functions.h
[13.472s] -- Symlinking: /home/azthorax/fra333_ws/install/cocoav_interfaces/include/cocoav_interfaces/msg/detail/cocoa_vimu__struct.h
[13.505s] -- Symlinking: /home/azthorax/fra333_ws/install/cocoav_interfaces/include/cocoav_interfaces/msg/detail/cocoa_vimu__type_support.h
[13.538s] -- Symlinking: /home/azthorax/fra333_ws/install/cocoav_interfaces/include/cocoav_interfaces/msg/rosidl_generator_c__visibility_control.h
[13.556s] -- Symlinking: /home/azthorax/fra333_ws/install/cocoav_interfaces/include/cocoav_interfaces/srv/cocoa_vfk.h
[13.576s] -- Symlinking: /home/azthorax/fra333_ws/install/cocoav_interfaces/include/cocoav_interfaces/srv/cocoa_vik.h
[13.588s] -- Symlinking: /home/azthorax/fra333_ws/install/cocoav_interfaces/include/cocoav_interfaces/srv/detail/cocoa_vfk__functions.h
[13.601s] -- Symlinking: /home/azthorax/fra333_ws/install/cocoav_interfaces/include/cocoav_interfaces/srv/detail/cocoa_vfk__struct.h
[13.614s] -- Symlinking: /home/azthorax/fra333_ws/install/cocoav_interfaces/include/cocoav_interfaces/srv/detail/cocoa_vfk__type_support.h
[13.626s] -- Symlinking: /home/azthorax/fra333_ws/install/cocoav_interfaces/include/cocoav_interfaces/srv/detail/cocoa_vik__functions.h
[13.639s] -- Symlinking: /home/azthorax/fra333_ws/install/cocoav_interfaces/include/cocoav_interfaces/srv/detail/cocoa_vik__struct.h
[13.652s] -- Symlinking: /home/azthorax/fra333_ws/install/cocoav_interfaces/include/cocoav_interfaces/srv/detail/cocoa_vik__type_support.h
[13.665s] -- Symlinking: /home/azthorax/fra333_ws/install/cocoav_interfaces/share/cocoav_interfaces/environment/library_path.sh
[13.677s] -- Symlinking: /home/azthorax/fra333_ws/install/cocoav_interfaces/share/cocoav_interfaces/environment/library_path.dsv
[13.689s] -- Symlinking: /home/azthorax/fra333_ws/install/cocoav_interfaces/include/cocoav_interfaces/msg/detail/cocoa_test__rosidl_typesupport_fastrtps_c.h
[13.703s] -- Symlinking: /home/azthorax/fra333_ws/install/cocoav_interfaces/include/cocoav_interfaces/msg/detail/cocoa_vimu__rosidl_typesupport_fastrtps_c.h
[13.717s] -- Symlinking: /home/azthorax/fra333_ws/install/cocoav_interfaces/include/cocoav_interfaces/msg/rosidl_typesupport_fastrtps_c__visibility_control.h
[13.730s] -- Symlinking: /home/azthorax/fra333_ws/install/cocoav_interfaces/include/cocoav_interfaces/srv/detail/cocoa_vfk__rosidl_typesupport_fastrtps_c.h
[13.743s] -- Symlinking: /home/azthorax/fra333_ws/install/cocoav_interfaces/include/cocoav_interfaces/srv/detail/cocoa_vik__rosidl_typesupport_fastrtps_c.h
[13.757s] -- Symlinking: /home/azthorax/fra333_ws/install/cocoav_interfaces/lib/libcocoav_interfaces__rosidl_typesupport_fastrtps_c.so
[13.770s] -- Symlinking: /home/azthorax/fra333_ws/install/cocoav_interfaces/include/cocoav_interfaces/msg/detail/cocoa_test__rosidl_typesupport_fastrtps_cpp.hpp
[13.782s] -- Symlinking: /home/azthorax/fra333_ws/install/cocoav_interfaces/include/cocoav_interfaces/msg/detail/cocoa_vimu__rosidl_typesupport_fastrtps_cpp.hpp
[13.794s] -- Symlinking: /home/azthorax/fra333_ws/install/cocoav_interfaces/include/cocoav_interfaces/msg/rosidl_typesupport_fastrtps_cpp__visibility_control.h
[13.806s] -- Symlinking: /home/azthorax/fra333_ws/install/cocoav_interfaces/include/cocoav_interfaces/srv/detail/cocoa_vfk__rosidl_typesupport_fastrtps_cpp.hpp
[13.819s] -- Symlinking: /home/azthorax/fra333_ws/install/cocoav_interfaces/include/cocoav_interfaces/srv/detail/cocoa_vik__rosidl_typesupport_fastrtps_cpp.hpp
[13.829s] -- Symlinking: /home/azthorax/fra333_ws/install/cocoav_interfaces/lib/libcocoav_interfaces__rosidl_typesupport_fastrtps_cpp.so
[13.836s] -- Symlinking: /home/azthorax/fra333_ws/install/cocoav_interfaces/include/cocoav_interfaces/msg/detail/cocoa_test__rosidl_typesupport_introspection_c.h
[13.845s] -- Symlinking: /home/azthorax/fra333_ws/install/cocoav_interfaces/include/cocoav_interfaces/msg/detail/cocoa_vimu__rosidl_typesupport_introspection_c.h
[13.856s] -- Symlinking: /home/azthorax/fra333_ws/install/cocoav_interfaces/include/cocoav_interfaces/msg/rosidl_typesupport_introspection_c__visibility_control.h
[13.864s] -- Symlinking: /home/azthorax/fra333_ws/install/cocoav_interfaces/include/cocoav_interfaces/srv/detail/cocoa_vfk__rosidl_typesupport_introspection_c.h
[13.878s] -- Symlinking: /home/azthorax/fra333_ws/install/cocoav_interfaces/include/cocoav_interfaces/srv/detail/cocoa_vik__rosidl_typesupport_introspection_c.h
[13.889s] -- Symlinking: /home/azthorax/fra333_ws/install/cocoav_interfaces/include/cocoav_interfaces/msg/cocoa_test.hpp
[13.897s] -- Symlinking: /home/azthorax/fra333_ws/install/cocoav_interfaces/include/cocoav_interfaces/msg/cocoa_vimu.hpp
[13.911s] -- Symlinking: /home/azthorax/fra333_ws/install/cocoav_interfaces/include/cocoav_interfaces/msg/detail/cocoa_test__builder.hpp
[13.915s] -- Symlinking: /home/azthorax/fra333_ws/install/cocoav_interfaces/include/cocoav_interfaces/msg/detail/cocoa_test__struct.hpp
[13.924s] -- Symlinking: /home/azthorax/fra333_ws/install/cocoav_interfaces/include/cocoav_interfaces/msg/detail/cocoa_test__traits.hpp
[13.929s] -- Symlinking: /home/azthorax/fra333_ws/install/cocoav_interfaces/include/cocoav_interfaces/msg/detail/cocoa_vimu__builder.hpp
[13.936s] -- Symlinking: /home/azthorax/fra333_ws/install/cocoav_interfaces/include/cocoav_interfaces/msg/detail/cocoa_vimu__struct.hpp
[13.944s] -- Symlinking: /home/azthorax/fra333_ws/install/cocoav_interfaces/include/cocoav_interfaces/msg/detail/cocoa_vimu__traits.hpp
[13.951s] -- Symlinking: /home/azthorax/fra333_ws/install/cocoav_interfaces/include/cocoav_interfaces/srv/cocoa_vfk.hpp
[13.959s] -- Symlinking: /home/azthorax/fra333_ws/install/cocoav_interfaces/include/cocoav_interfaces/srv/cocoa_vik.hpp
[13.966s] -- Symlinking: /home/azthorax/fra333_ws/install/cocoav_interfaces/include/cocoav_interfaces/srv/detail/cocoa_vfk__builder.hpp
[13.974s] -- Symlinking: /home/azthorax/fra333_ws/install/cocoav_interfaces/include/cocoav_interfaces/srv/detail/cocoa_vfk__struct.hpp
[13.981s] -- Symlinking: /home/azthorax/fra333_ws/install/cocoav_interfaces/include/cocoav_interfaces/srv/detail/cocoa_vfk__traits.hpp
[13.989s] -- Symlinking: /home/azthorax/fra333_ws/install/cocoav_interfaces/include/cocoav_interfaces/srv/detail/cocoa_vik__builder.hpp
[13.997s] -- Symlinking: /home/azthorax/fra333_ws/install/cocoav_interfaces/include/cocoav_interfaces/srv/detail/cocoa_vik__struct.hpp
[14.005s] -- Symlinking: /home/azthorax/fra333_ws/install/cocoav_interfaces/include/cocoav_interfaces/srv/detail/cocoa_vik__traits.hpp
[14.019s] -- Symlinking: /home/azthorax/fra333_ws/install/cocoav_interfaces/include/cocoav_interfaces/msg/detail/cocoa_test__rosidl_typesupport_introspection_cpp.hpp
[14.030s] -- Symlinking: /home/azthorax/fra333_ws/install/cocoav_interfaces/include/cocoav_interfaces/msg/detail/cocoa_vimu__rosidl_typesupport_introspection_cpp.hpp
[14.037s] -- Symlinking: /home/azthorax/fra333_ws/install/cocoav_interfaces/include/cocoav_interfaces/srv/detail/cocoa_vfk__rosidl_typesupport_introspection_cpp.hpp
[14.044s] -- Symlinking: /home/azthorax/fra333_ws/install/cocoav_interfaces/include/cocoav_interfaces/srv/detail/cocoa_vik__rosidl_typesupport_introspection_cpp.hpp
[14.051s] -- Symlinking: /home/azthorax/fra333_ws/install/cocoav_interfaces/share/cocoav_interfaces/environment/pythonpath.sh
[14.059s] -- Symlinking: /home/azthorax/fra333_ws/install/cocoav_interfaces/share/cocoav_interfaces/environment/pythonpath.dsv
[14.067s] -- Symlinking: /home/azthorax/fra333_ws/install/cocoav_interfaces/lib/python3.8/site-packages/cocoav_interfaces/__init__.py
[14.078s] -- Symlinking: /home/azthorax/fra333_ws/install/cocoav_interfaces/lib/python3.8/site-packages/cocoav_interfaces/srv/__init__.py
[14.090s] -- Symlinking: /home/azthorax/fra333_ws/install/cocoav_interfaces/lib/python3.8/site-packages/cocoav_interfaces/srv/_cocoa_vfk.py
[14.100s] -- Symlinking: /home/azthorax/fra333_ws/install/cocoav_interfaces/lib/python3.8/site-packages/cocoav_interfaces/srv/_cocoa_vik.py
[14.108s] -- Symlinking: /home/azthorax/fra333_ws/install/cocoav_interfaces/lib/python3.8/site-packages/cocoav_interfaces/msg/__init__.py
[14.117s] -- Symlinking: /home/azthorax/fra333_ws/install/cocoav_interfaces/lib/python3.8/site-packages/cocoav_interfaces/msg/_cocoa_test.py
[14.124s] -- Symlinking: /home/azthorax/fra333_ws/install/cocoav_interfaces/lib/python3.8/site-packages/cocoav_interfaces/msg/_cocoa_vimu.py
[14.133s] -- Symlinking: /home/azthorax/fra333_ws/install/cocoav_interfaces/lib/python3.8/site-packages/cocoav_interfaces/cocoav_interfaces_s__rosidl_typesupport_fastrtps_c.cpython-38-x86_64-linux-gnu.so
[14.147s] -- Symlinking: /home/azthorax/fra333_ws/install/cocoav_interfaces/lib/python3.8/site-packages/cocoav_interfaces/cocoav_interfaces_s__rosidl_typesupport_introspection_c.cpython-38-x86_64-linux-gnu.so
[14.156s] -- Symlinking: /home/azthorax/fra333_ws/install/cocoav_interfaces/lib/python3.8/site-packages/cocoav_interfaces/cocoav_interfaces_s__rosidl_typesupport_c.cpython-38-x86_64-linux-gnu.so
[14.170s] -- Symlinking: /home/azthorax/fra333_ws/install/cocoav_interfaces/lib/libcocoav_interfaces__python.so
[14.177s] -- Symlinking: /home/azthorax/fra333_ws/install/cocoav_interfaces/share/cocoav_interfaces/srv/CocoaVIK.idl
[14.185s] -- Symlinking: /home/azthorax/fra333_ws/install/cocoav_interfaces/share/cocoav_interfaces/srv/CocoaVFK.idl
[14.198s] -- Symlinking: /home/azthorax/fra333_ws/install/cocoav_interfaces/share/cocoav_interfaces/msg/CocoaTest.idl
[14.211s] -- Symlinking: /home/azthorax/fra333_ws/install/cocoav_interfaces/share/cocoav_interfaces/msg/CocoaVIMU.idl
[14.219s] -- Symlinking: /home/azthorax/fra333_ws/install/cocoav_interfaces/share/cocoav_interfaces/srv/CocoaVIK.srv
[14.226s] -- Symlinking: /home/azthorax/fra333_ws/install/cocoav_interfaces/share/cocoav_interfaces/srv/CocoaVIK_Request.msg
[14.233s] -- Symlinking: /home/azthorax/fra333_ws/install/cocoav_interfaces/share/cocoav_interfaces/srv/CocoaVIK_Response.msg
[14.240s] -- Symlinking: /home/azthorax/fra333_ws/install/cocoav_interfaces/share/cocoav_interfaces/srv/CocoaVFK.srv
[14.247s] -- Symlinking: /home/azthorax/fra333_ws/install/cocoav_interfaces/share/cocoav_interfaces/srv/CocoaVFK_Request.msg
[14.254s] -- Symlinking: /home/azthorax/fra333_ws/install/cocoav_interfaces/share/cocoav_interfaces/srv/CocoaVFK_Response.msg
[14.268s] -- Symlinking: /home/azthorax/fra333_ws/install/cocoav_interfaces/share/cocoav_interfaces/msg/CocoaTest.msg
[14.275s] -- Symlinking: /home/azthorax/fra333_ws/install/cocoav_interfaces/share/cocoav_interfaces/msg/CocoaVIMU.msg
[14.286s] -- Symlinking: /home/azthorax/fra333_ws/install/cocoav_interfaces/share/ament_index/resource_index/package_run_dependencies/cocoav_interfaces
[14.300s] -- Symlinking: /home/azthorax/fra333_ws/install/cocoav_interfaces/share/ament_index/resource_index/parent_prefix_path/cocoav_interfaces
[14.308s] -- Symlinking: /home/azthorax/fra333_ws/install/cocoav_interfaces/share/cocoav_interfaces/environment/ament_prefix_path.sh
[14.315s] -- Symlinking: /home/azthorax/fra333_ws/install/cocoav_interfaces/share/cocoav_interfaces/environment/ament_prefix_path.dsv
[14.328s] -- Symlinking: /home/azthorax/fra333_ws/install/cocoav_interfaces/share/cocoav_interfaces/environment/path.sh
[14.336s] -- Symlinking: /home/azthorax/fra333_ws/install/cocoav_interfaces/share/cocoav_interfaces/environment/path.dsv
[14.345s] -- Symlinking: /home/azthorax/fra333_ws/install/cocoav_interfaces/share/cocoav_interfaces/local_setup.bash
[14.359s] -- Symlinking: /home/azthorax/fra333_ws/install/cocoav_interfaces/share/cocoav_interfaces/local_setup.sh
[14.366s] -- Symlinking: /home/azthorax/fra333_ws/install/cocoav_interfaces/share/cocoav_interfaces/local_setup.zsh
[14.376s] -- Symlinking: /home/azthorax/fra333_ws/install/cocoav_interfaces/share/cocoav_interfaces/local_setup.dsv
[14.390s] -- Symlinking: /home/azthorax/fra333_ws/install/cocoav_interfaces/share/cocoav_interfaces/package.dsv
[14.398s] -- Symlinking: /home/azthorax/fra333_ws/install/cocoav_interfaces/share/ament_index/resource_index/packages/cocoav_interfaces
[14.410s] -- Symlinking: /home/azthorax/fra333_ws/install/cocoav_interfaces/share/cocoav_interfaces/cmake/rosidl_cmake-extras.cmake
[14.425s] -- Symlinking: /home/azthorax/fra333_ws/install/cocoav_interfaces/share/cocoav_interfaces/cmake/ament_cmake_export_dependencies-extras.cmake
[14.437s] -- Symlinking: /home/azthorax/fra333_ws/install/cocoav_interfaces/share/cocoav_interfaces/cmake/ament_cmake_export_libraries-extras.cmake
[14.451s] -- Symlinking: /home/azthorax/fra333_ws/install/cocoav_interfaces/share/cocoav_interfaces/cmake/ament_cmake_export_targets-extras.cmake
[14.464s] -- Symlinking: /home/azthorax/fra333_ws/install/cocoav_interfaces/share/cocoav_interfaces/cmake/ament_cmake_export_include_directories-extras.cmake
[14.477s] -- Symlinking: /home/azthorax/fra333_ws/install/cocoav_interfaces/share/cocoav_interfaces/cmake/rosidl_cmake_export_typesupport_libraries-extras.cmake
[14.485s] -- Symlinking: /home/azthorax/fra333_ws/install/cocoav_interfaces/share/cocoav_interfaces/cmake/rosidl_cmake_export_typesupport_targets-extras.cmake
[14.492s] -- Symlinking: /home/azthorax/fra333_ws/install/cocoav_interfaces/share/cocoav_interfaces/cmake/cocoav_interfacesConfig.cmake
[14.499s] -- Symlinking: /home/azthorax/fra333_ws/install/cocoav_interfaces/share/cocoav_interfaces/cmake/cocoav_interfacesConfig-version.cmake
[14.510s] -- Symlinking: /home/azthorax/fra333_ws/install/cocoav_interfaces/share/cocoav_interfaces/package.xml
[14.524s] -- Installing: /home/azthorax/fra333_ws/install/cocoav_interfaces/lib/libcocoav_interfaces__rosidl_generator_c.so
[14.525s] -- Set runtime path of "/home/azthorax/fra333_ws/install/cocoav_interfaces/lib/libcocoav_interfaces__rosidl_generator_c.so" to ""
[14.525s] -- Installing: /home/azthorax/fra333_ws/install/cocoav_interfaces/lib/libcocoav_interfaces__rosidl_typesupport_introspection_c.so
[14.525s] -- Set runtime path of "/home/azthorax/fra333_ws/install/cocoav_interfaces/lib/libcocoav_interfaces__rosidl_typesupport_introspection_c.so" to ""
[14.525s] -- Installing: /home/azthorax/fra333_ws/install/cocoav_interfaces/lib/libcocoav_interfaces__rosidl_typesupport_c.so
[14.526s] -- Set runtime path of "/home/azthorax/fra333_ws/install/cocoav_interfaces/lib/libcocoav_interfaces__rosidl_typesupport_c.so" to ""
[14.526s] -- Installing: /home/azthorax/fra333_ws/install/cocoav_interfaces/lib/libcocoav_interfaces__rosidl_typesupport_introspection_cpp.so
[14.527s] -- Set runtime path of "/home/azthorax/fra333_ws/install/cocoav_interfaces/lib/libcocoav_interfaces__rosidl_typesupport_introspection_cpp.so" to ""
[14.527s] -- Installing: /home/azthorax/fra333_ws/install/cocoav_interfaces/lib/libcocoav_interfaces__rosidl_typesupport_cpp.so
[14.528s] -- Set runtime path of "/home/azthorax/fra333_ws/install/cocoav_interfaces/lib/libcocoav_interfaces__rosidl_typesupport_cpp.so" to ""
[14.554s] Compiling '/home/azthorax/fra333_ws/install/cocoav_interfaces/lib/python3.8/site-packages/cocoav_interfaces/__init__.py'...
[14.558s] -- Installing: /home/azthorax/fra333_ws/install/cocoav_interfaces/share/cocoav_interfaces/cmake/cocoav_interfaces__rosidl_generator_cExport.cmake
[14.558s] -- Installing: /home/azthorax/fra333_ws/install/cocoav_interfaces/share/cocoav_interfaces/cmake/cocoav_interfaces__rosidl_generator_cExport-noconfig.cmake
[14.559s] -- Installing: /home/azthorax/fra333_ws/install/cocoav_interfaces/share/cocoav_interfaces/cmake/cocoav_interfaces__rosidl_typesupport_introspection_cExport.cmake
[14.559s] -- Installing: /home/azthorax/fra333_ws/install/cocoav_interfaces/share/cocoav_interfaces/cmake/cocoav_interfaces__rosidl_typesupport_introspection_cExport-noconfig.cmake
[14.559s] -- Installing: /home/azthorax/fra333_ws/install/cocoav_interfaces/share/cocoav_interfaces/cmake/cocoav_interfaces__rosidl_typesupport_cExport.cmake
[14.559s] -- Installing: /home/azthorax/fra333_ws/install/cocoav_interfaces/share/cocoav_interfaces/cmake/cocoav_interfaces__rosidl_typesupport_cExport-noconfig.cmake
[14.560s] -- Installing: /home/azthorax/fra333_ws/install/cocoav_interfaces/share/cocoav_interfaces/cmake/cocoav_interfaces__rosidl_generator_cppExport.cmake
[14.560s] -- Installing: /home/azthorax/fra333_ws/install/cocoav_interfaces/share/cocoav_interfaces/cmake/cocoav_interfaces__rosidl_typesupport_introspection_cppExport.cmake
[14.560s] -- Installing: /home/azthorax/fra333_ws/install/cocoav_interfaces/share/cocoav_interfaces/cmake/cocoav_interfaces__rosidl_typesupport_introspection_cppExport-noconfig.cmake
[14.561s] -- Installing: /home/azthorax/fra333_ws/install/cocoav_interfaces/share/cocoav_interfaces/cmake/cocoav_interfaces__rosidl_typesupport_cppExport.cmake
[14.561s] -- Installing: /home/azthorax/fra333_ws/install/cocoav_interfaces/share/cocoav_interfaces/cmake/cocoav_interfaces__rosidl_typesupport_cppExport-noconfig.cmake
[14.569s] Invoked command in '/home/azthorax/fra333_ws/build/cocoav_interfaces' returned '0': CMAKE_PREFIX_PATH=/opt/ros/foxy /usr/bin/cmake --install /home/azthorax/fra333_ws/build/cocoav_interfaces
