[0.048s] Invoking command in '/home/azthorax/fra333_ws/build/my_first_package': CMAKE_PREFIX_PATH=${CMAKE_PREFIX_PATH}:/opt/ros/foxy /usr/bin/cmake --build /home/azthorax/fra333_ws/build/my_first_package -- -j12 -l12
[0.140s] [  1%] Built target my_first_package__cpp
[0.143s] [  3%] Built target cpp_node_test
[0.150s] [ 14%] Built target my_first_package__rosidl_generator_c
[0.185s] [ 25%] Built target my_first_package__rosidl_typesupport_introspection_cpp
[0.187s] [ 37%] Built target my_first_package__rosidl_typesupport_cpp
[0.190s] [ 59%] Built target my_first_package__rosidl_typesupport_introspection_c
[0.191s] [ 59%] Built target my_first_package__rosidl_typesupport_c
[0.198s] [ 71%] Built target my_first_package__rosidl_typesupport_fastrtps_cpp
[0.242s] [ 82%] Built target my_first_package__rosidl_typesupport_fastrtps_c
[0.272s] [ 82%] Built target my_first_package
[0.306s] [ 83%] Built target my_first_package__py
[0.354s] [ 93%] Built target my_first_package__python
[0.392s] [ 95%] Built target my_first_package__rosidl_typesupport_introspection_c__pyext
[0.394s] [ 97%] Built target my_first_package__rosidl_typesupport_c__pyext
[0.397s] [100%] Built target my_first_package__rosidl_typesupport_fastrtps_c__pyext
[0.416s] Invoked command in '/home/azthorax/fra333_ws/build/my_first_package' returned '0': CMAKE_PREFIX_PATH=${CMAKE_PREFIX_PATH}:/opt/ros/foxy /usr/bin/cmake --build /home/azthorax/fra333_ws/build/my_first_package -- -j12 -l12
[0.696s] Invoking command in '/home/azthorax/fra333_ws/build/my_first_package': CMAKE_PREFIX_PATH=${CMAKE_PREFIX_PATH}:/opt/ros/foxy /usr/bin/cmake --install /home/azthorax/fra333_ws/build/my_first_package
[0.708s] -- Install configuration: ""
[0.709s] -- Execute custom install script
[0.709s] -- Up-to-date symlink: /home/azthorax/fra333_ws/install/my_first_package/share/my_first_package/environment/pythonpath.sh
[0.710s] -- Up-to-date symlink: /home/azthorax/fra333_ws/install/my_first_package/share/my_first_package/environment/pythonpath.dsv
[0.710s] -- Symlinking: /home/azthorax/fra333_ws/install/my_first_package/lib/python3.8/site-packages/my_first_package/__init__.py
[0.727s] -- Up-to-date symlink: /home/azthorax/fra333_ws/install/my_first_package/lib/my_first_package/01_pub.py
[0.727s] -- Up-to-date symlink: /home/azthorax/fra333_ws/install/my_first_package/lib/my_first_package/01_sub.py
[0.727s] -- Up-to-date symlink: /home/azthorax/fra333_ws/install/my_first_package/lib/my_first_package/02_controller.py
[0.727s] -- Up-to-date symlink: /home/azthorax/fra333_ws/install/my_first_package/lib/my_first_package/02_scheduler.py
[0.727s] -- Up-to-date symlink: /home/azthorax/fra333_ws/install/my_first_package/lib/my_first_package/03_turtle_tf2_broadcaster.py
[0.728s] -- Up-to-date symlink: /home/azthorax/fra333_ws/install/my_first_package/lib/my_first_package/04_state_pub.py
[0.728s] -- Up-to-date symlink: /home/azthorax/fra333_ws/install/my_first_package/lib/my_first_package/athsub.py
[0.728s] -- Up-to-date symlink: /home/azthorax/fra333_ws/install/my_first_package/lib/my_first_package/athpub.py
[0.729s] -- Up-to-date symlink: /home/azthorax/fra333_ws/install/my_first_package/lib/my_first_package/athactpub.py
[0.729s] -- Up-to-date symlink: /home/azthorax/fra333_ws/install/my_first_package/lib/my_first_package/athactsub.py
[0.729s] -- Up-to-date symlink: /home/azthorax/fra333_ws/install/my_first_package/lib/my_first_package/athtf2pub.py
[0.730s] -- Up-to-date symlink: /home/azthorax/fra333_ws/install/my_first_package/lib/my_first_package/athtf2sub.py
[0.730s] -- Up-to-date symlink: /home/azthorax/fra333_ws/install/my_first_package/lib/my_first_package/athtf2frame.py
[0.730s] -- Up-to-date symlink: /home/azthorax/fra333_ws/install/my_first_package/lib/my_first_package/athtf2dframe.py
[0.730s] -- Up-to-date symlink: /home/azthorax/fra333_ws/install/my_first_package/lib/my_first_package/athmsgfilterpub.py
[0.731s] -- Up-to-date symlink: /home/azthorax/fra333_ws/install/my_first_package/lib/my_first_package/athmsgfiltersub.py
[0.731s] -- Up-to-date symlink: /home/azthorax/fra333_ws/install/my_first_package/lib/my_first_package/athStatePublisher.py
[0.732s] -- Up-to-date symlink: /home/azthorax/fra333_ws/install/my_first_package/lib/my_first_package/velomulti.py
[0.732s] -- Up-to-date symlink: /home/azthorax/fra333_ws/install/my_first_package/lib/my_first_package/noisegen.py
[0.733s] -- Up-to-date symlink: /home/azthorax/fra333_ws/install/my_first_package/lib/my_first_package/cpp_node_test
[0.733s] -- Up-to-date symlink: /home/azthorax/fra333_ws/install/my_first_package/share/ament_index/resource_index/rosidl_interfaces/my_first_package
[0.734s] -- Up-to-date symlink: /home/azthorax/fra333_ws/install/my_first_package/include/my_first_package/action/detail/fibonacci__functions.h
[0.735s] -- Up-to-date symlink: /home/azthorax/fra333_ws/install/my_first_package/include/my_first_package/action/detail/fibonacci__struct.h
[0.735s] -- Up-to-date symlink: /home/azthorax/fra333_ws/install/my_first_package/include/my_first_package/action/detail/fibonacci__type_support.h
[0.735s] -- Up-to-date symlink: /home/azthorax/fra333_ws/install/my_first_package/include/my_first_package/action/fibonacci.h
[0.736s] -- Up-to-date symlink: /home/azthorax/fra333_ws/install/my_first_package/include/my_first_package/msg/add_book.h
[0.736s] -- Up-to-date symlink: /home/azthorax/fra333_ws/install/my_first_package/include/my_first_package/msg/detail/add_book__functions.h
[0.736s] -- Up-to-date symlink: /home/azthorax/fra333_ws/install/my_first_package/include/my_first_package/msg/detail/add_book__struct.h
[0.736s] -- Up-to-date symlink: /home/azthorax/fra333_ws/install/my_first_package/include/my_first_package/msg/detail/add_book__type_support.h
[0.736s] -- Up-to-date symlink: /home/azthorax/fra333_ws/install/my_first_package/include/my_first_package/msg/detail/num__functions.h
[0.736s] -- Up-to-date symlink: /home/azthorax/fra333_ws/install/my_first_package/include/my_first_package/msg/detail/num__struct.h
[0.737s] -- Up-to-date symlink: /home/azthorax/fra333_ws/install/my_first_package/include/my_first_package/msg/detail/num__type_support.h
[0.737s] -- Up-to-date symlink: /home/azthorax/fra333_ws/install/my_first_package/include/my_first_package/msg/detail/sphere__functions.h
[0.737s] -- Up-to-date symlink: /home/azthorax/fra333_ws/install/my_first_package/include/my_first_package/msg/detail/sphere__struct.h
[0.737s] -- Up-to-date symlink: /home/azthorax/fra333_ws/install/my_first_package/include/my_first_package/msg/detail/sphere__type_support.h
[0.737s] -- Up-to-date symlink: /home/azthorax/fra333_ws/install/my_first_package/include/my_first_package/msg/num.h
[0.738s] -- Up-to-date symlink: /home/azthorax/fra333_ws/install/my_first_package/include/my_first_package/msg/rosidl_generator_c__visibility_control.h
[0.738s] -- Up-to-date symlink: /home/azthorax/fra333_ws/install/my_first_package/include/my_first_package/msg/sphere.h
[0.738s] -- Up-to-date symlink: /home/azthorax/fra333_ws/install/my_first_package/include/my_first_package/srv/ath_sum.h
[0.739s] -- Up-to-date symlink: /home/azthorax/fra333_ws/install/my_first_package/include/my_first_package/srv/ath_sum3.h
[0.739s] -- Up-to-date symlink: /home/azthorax/fra333_ws/install/my_first_package/include/my_first_package/srv/detail/ath_sum3__functions.h
[0.739s] -- Up-to-date symlink: /home/azthorax/fra333_ws/install/my_first_package/include/my_first_package/srv/detail/ath_sum3__struct.h
[0.739s] -- Up-to-date symlink: /home/azthorax/fra333_ws/install/my_first_package/include/my_first_package/srv/detail/ath_sum3__type_support.h
[0.740s] -- Up-to-date symlink: /home/azthorax/fra333_ws/install/my_first_package/include/my_first_package/srv/detail/ath_sum__functions.h
[0.740s] -- Up-to-date symlink: /home/azthorax/fra333_ws/install/my_first_package/include/my_first_package/srv/detail/ath_sum__struct.h
[0.740s] -- Up-to-date symlink: /home/azthorax/fra333_ws/install/my_first_package/include/my_first_package/srv/detail/ath_sum__type_support.h
[0.741s] -- Up-to-date symlink: /home/azthorax/fra333_ws/install/my_first_package/include/my_first_package/srv/detail/rand_goal__functions.h
[0.741s] -- Up-to-date symlink: /home/azthorax/fra333_ws/install/my_first_package/include/my_first_package/srv/detail/rand_goal__struct.h
[0.741s] -- Up-to-date symlink: /home/azthorax/fra333_ws/install/my_first_package/include/my_first_package/srv/detail/rand_goal__type_support.h
[0.741s] -- Up-to-date symlink: /home/azthorax/fra333_ws/install/my_first_package/include/my_first_package/srv/detail/set_goal__functions.h
[0.741s] -- Up-to-date symlink: /home/azthorax/fra333_ws/install/my_first_package/include/my_first_package/srv/detail/set_goal__struct.h
[0.741s] -- Up-to-date symlink: /home/azthorax/fra333_ws/install/my_first_package/include/my_first_package/srv/detail/set_goal__type_support.h
[0.742s] -- Up-to-date symlink: /home/azthorax/fra333_ws/install/my_first_package/include/my_first_package/srv/detail/set_noise__functions.h
[0.742s] -- Up-to-date symlink: /home/azthorax/fra333_ws/install/my_first_package/include/my_first_package/srv/detail/set_noise__struct.h
[0.742s] -- Up-to-date symlink: /home/azthorax/fra333_ws/install/my_first_package/include/my_first_package/srv/detail/set_noise__type_support.h
[0.742s] -- Up-to-date symlink: /home/azthorax/fra333_ws/install/my_first_package/include/my_first_package/srv/rand_goal.h
[0.742s] -- Up-to-date symlink: /home/azthorax/fra333_ws/install/my_first_package/include/my_first_package/srv/set_goal.h
[0.742s] -- Up-to-date symlink: /home/azthorax/fra333_ws/install/my_first_package/include/my_first_package/srv/set_noise.h
[0.743s] -- Up-to-date symlink: /home/azthorax/fra333_ws/install/my_first_package/share/my_first_package/environment/library_path.sh
[0.743s] -- Up-to-date symlink: /home/azthorax/fra333_ws/install/my_first_package/share/my_first_package/environment/library_path.dsv
[0.745s] -- Up-to-date symlink: /home/azthorax/fra333_ws/install/my_first_package/include/my_first_package/action/detail/fibonacci__rosidl_typesupport_fastrtps_c.h
[0.745s] -- Up-to-date symlink: /home/azthorax/fra333_ws/install/my_first_package/include/my_first_package/msg/detail/add_book__rosidl_typesupport_fastrtps_c.h
[0.746s] -- Up-to-date symlink: /home/azthorax/fra333_ws/install/my_first_package/include/my_first_package/msg/detail/num__rosidl_typesupport_fastrtps_c.h
[0.746s] -- Up-to-date symlink: /home/azthorax/fra333_ws/install/my_first_package/include/my_first_package/msg/detail/sphere__rosidl_typesupport_fastrtps_c.h
[0.746s] -- Up-to-date symlink: /home/azthorax/fra333_ws/install/my_first_package/include/my_first_package/msg/rosidl_typesupport_fastrtps_c__visibility_control.h
[0.746s] -- Up-to-date symlink: /home/azthorax/fra333_ws/install/my_first_package/include/my_first_package/srv/detail/ath_sum3__rosidl_typesupport_fastrtps_c.h
[0.747s] -- Up-to-date symlink: /home/azthorax/fra333_ws/install/my_first_package/include/my_first_package/srv/detail/ath_sum__rosidl_typesupport_fastrtps_c.h
[0.747s] -- Up-to-date symlink: /home/azthorax/fra333_ws/install/my_first_package/include/my_first_package/srv/detail/rand_goal__rosidl_typesupport_fastrtps_c.h
[0.747s] -- Up-to-date symlink: /home/azthorax/fra333_ws/install/my_first_package/include/my_first_package/srv/detail/set_goal__rosidl_typesupport_fastrtps_c.h
[0.747s] -- Up-to-date symlink: /home/azthorax/fra333_ws/install/my_first_package/include/my_first_package/srv/detail/set_noise__rosidl_typesupport_fastrtps_c.h
[0.747s] -- Up-to-date symlink: /home/azthorax/fra333_ws/install/my_first_package/lib/libmy_first_package__rosidl_typesupport_fastrtps_c.so
[0.749s] -- Up-to-date symlink: /home/azthorax/fra333_ws/install/my_first_package/include/my_first_package/action/detail/fibonacci__rosidl_typesupport_fastrtps_cpp.hpp
[0.749s] -- Up-to-date symlink: /home/azthorax/fra333_ws/install/my_first_package/include/my_first_package/msg/detail/add_book__rosidl_typesupport_fastrtps_cpp.hpp
[0.749s] -- Up-to-date symlink: /home/azthorax/fra333_ws/install/my_first_package/include/my_first_package/msg/detail/num__rosidl_typesupport_fastrtps_cpp.hpp
[0.750s] -- Up-to-date symlink: /home/azthorax/fra333_ws/install/my_first_package/include/my_first_package/msg/detail/sphere__rosidl_typesupport_fastrtps_cpp.hpp
[0.750s] -- Up-to-date symlink: /home/azthorax/fra333_ws/install/my_first_package/include/my_first_package/msg/rosidl_typesupport_fastrtps_cpp__visibility_control.h
[0.750s] -- Up-to-date symlink: /home/azthorax/fra333_ws/install/my_first_package/include/my_first_package/srv/detail/ath_sum3__rosidl_typesupport_fastrtps_cpp.hpp
[0.750s] -- Up-to-date symlink: /home/azthorax/fra333_ws/install/my_first_package/include/my_first_package/srv/detail/ath_sum__rosidl_typesupport_fastrtps_cpp.hpp
[0.751s] -- Up-to-date symlink: /home/azthorax/fra333_ws/install/my_first_package/include/my_first_package/srv/detail/rand_goal__rosidl_typesupport_fastrtps_cpp.hpp
[0.751s] -- Up-to-date symlink: /home/azthorax/fra333_ws/install/my_first_package/include/my_first_package/srv/detail/set_goal__rosidl_typesupport_fastrtps_cpp.hpp
[0.751s] -- Up-to-date symlink: /home/azthorax/fra333_ws/install/my_first_package/include/my_first_package/srv/detail/set_noise__rosidl_typesupport_fastrtps_cpp.hpp
[0.751s] -- Up-to-date symlink: /home/azthorax/fra333_ws/install/my_first_package/lib/libmy_first_package__rosidl_typesupport_fastrtps_cpp.so
[0.752s] -- Up-to-date symlink: /home/azthorax/fra333_ws/install/my_first_package/include/my_first_package/action/detail/fibonacci__rosidl_typesupport_introspection_c.h
[0.752s] -- Up-to-date symlink: /home/azthorax/fra333_ws/install/my_first_package/include/my_first_package/msg/detail/add_book__rosidl_typesupport_introspection_c.h
[0.753s] -- Up-to-date symlink: /home/azthorax/fra333_ws/install/my_first_package/include/my_first_package/msg/detail/num__rosidl_typesupport_introspection_c.h
[0.753s] -- Up-to-date symlink: /home/azthorax/fra333_ws/install/my_first_package/include/my_first_package/msg/detail/sphere__rosidl_typesupport_introspection_c.h
[0.753s] -- Up-to-date symlink: /home/azthorax/fra333_ws/install/my_first_package/include/my_first_package/msg/rosidl_typesupport_introspection_c__visibility_control.h
[0.753s] -- Up-to-date symlink: /home/azthorax/fra333_ws/install/my_first_package/include/my_first_package/srv/detail/ath_sum3__rosidl_typesupport_introspection_c.h
[0.753s] -- Up-to-date symlink: /home/azthorax/fra333_ws/install/my_first_package/include/my_first_package/srv/detail/ath_sum__rosidl_typesupport_introspection_c.h
[0.754s] -- Up-to-date symlink: /home/azthorax/fra333_ws/install/my_first_package/include/my_first_package/srv/detail/rand_goal__rosidl_typesupport_introspection_c.h
[0.754s] -- Up-to-date symlink: /home/azthorax/fra333_ws/install/my_first_package/include/my_first_package/srv/detail/set_goal__rosidl_typesupport_introspection_c.h
[0.754s] -- Up-to-date symlink: /home/azthorax/fra333_ws/install/my_first_package/include/my_first_package/srv/detail/set_noise__rosidl_typesupport_introspection_c.h
[0.755s] -- Up-to-date symlink: /home/azthorax/fra333_ws/install/my_first_package/include/my_first_package/action/detail/fibonacci__builder.hpp
[0.755s] -- Up-to-date symlink: /home/azthorax/fra333_ws/install/my_first_package/include/my_first_package/action/detail/fibonacci__struct.hpp
[0.755s] -- Up-to-date symlink: /home/azthorax/fra333_ws/install/my_first_package/include/my_first_package/action/detail/fibonacci__traits.hpp
[0.756s] -- Up-to-date symlink: /home/azthorax/fra333_ws/install/my_first_package/include/my_first_package/action/fibonacci.hpp
[0.756s] -- Up-to-date symlink: /home/azthorax/fra333_ws/install/my_first_package/include/my_first_package/msg/add_book.hpp
[0.756s] -- Up-to-date symlink: /home/azthorax/fra333_ws/install/my_first_package/include/my_first_package/msg/detail/add_book__builder.hpp
[0.756s] -- Up-to-date symlink: /home/azthorax/fra333_ws/install/my_first_package/include/my_first_package/msg/detail/add_book__struct.hpp
[0.756s] -- Up-to-date symlink: /home/azthorax/fra333_ws/install/my_first_package/include/my_first_package/msg/detail/add_book__traits.hpp
[0.757s] -- Up-to-date symlink: /home/azthorax/fra333_ws/install/my_first_package/include/my_first_package/msg/detail/num__builder.hpp
[0.757s] -- Up-to-date symlink: /home/azthorax/fra333_ws/install/my_first_package/include/my_first_package/msg/detail/num__struct.hpp
[0.757s] -- Up-to-date symlink: /home/azthorax/fra333_ws/install/my_first_package/include/my_first_package/msg/detail/num__traits.hpp
[0.757s] -- Up-to-date symlink: /home/azthorax/fra333_ws/install/my_first_package/include/my_first_package/msg/detail/sphere__builder.hpp
[0.757s] -- Up-to-date symlink: /home/azthorax/fra333_ws/install/my_first_package/include/my_first_package/msg/detail/sphere__struct.hpp
[0.758s] -- Up-to-date symlink: /home/azthorax/fra333_ws/install/my_first_package/include/my_first_package/msg/detail/sphere__traits.hpp
[0.758s] -- Up-to-date symlink: /home/azthorax/fra333_ws/install/my_first_package/include/my_first_package/msg/num.hpp
[0.758s] -- Up-to-date symlink: /home/azthorax/fra333_ws/install/my_first_package/include/my_first_package/msg/sphere.hpp
[0.758s] -- Up-to-date symlink: /home/azthorax/fra333_ws/install/my_first_package/include/my_first_package/srv/ath_sum.hpp
[0.758s] -- Up-to-date symlink: /home/azthorax/fra333_ws/install/my_first_package/include/my_first_package/srv/ath_sum3.hpp
[0.759s] -- Up-to-date symlink: /home/azthorax/fra333_ws/install/my_first_package/include/my_first_package/srv/detail/ath_sum3__builder.hpp
[0.759s] -- Up-to-date symlink: /home/azthorax/fra333_ws/install/my_first_package/include/my_first_package/srv/detail/ath_sum3__struct.hpp
[0.759s] -- Up-to-date symlink: /home/azthorax/fra333_ws/install/my_first_package/include/my_first_package/srv/detail/ath_sum3__traits.hpp
[0.759s] -- Up-to-date symlink: /home/azthorax/fra333_ws/install/my_first_package/include/my_first_package/srv/detail/ath_sum__builder.hpp
[0.760s] -- Up-to-date symlink: /home/azthorax/fra333_ws/install/my_first_package/include/my_first_package/srv/detail/ath_sum__struct.hpp
[0.760s] -- Up-to-date symlink: /home/azthorax/fra333_ws/install/my_first_package/include/my_first_package/srv/detail/ath_sum__traits.hpp
[0.760s] -- Up-to-date symlink: /home/azthorax/fra333_ws/install/my_first_package/include/my_first_package/srv/detail/rand_goal__builder.hpp
[0.760s] -- Up-to-date symlink: /home/azthorax/fra333_ws/install/my_first_package/include/my_first_package/srv/detail/rand_goal__struct.hpp
[0.760s] -- Up-to-date symlink: /home/azthorax/fra333_ws/install/my_first_package/include/my_first_package/srv/detail/rand_goal__traits.hpp
[0.761s] -- Up-to-date symlink: /home/azthorax/fra333_ws/install/my_first_package/include/my_first_package/srv/detail/set_goal__builder.hpp
[0.761s] -- Up-to-date symlink: /home/azthorax/fra333_ws/install/my_first_package/include/my_first_package/srv/detail/set_goal__struct.hpp
[0.761s] -- Up-to-date symlink: /home/azthorax/fra333_ws/install/my_first_package/include/my_first_package/srv/detail/set_goal__traits.hpp
[0.761s] -- Up-to-date symlink: /home/azthorax/fra333_ws/install/my_first_package/include/my_first_package/srv/detail/set_noise__builder.hpp
[0.762s] -- Up-to-date symlink: /home/azthorax/fra333_ws/install/my_first_package/include/my_first_package/srv/detail/set_noise__struct.hpp
[0.762s] -- Up-to-date symlink: /home/azthorax/fra333_ws/install/my_first_package/include/my_first_package/srv/detail/set_noise__traits.hpp
[0.762s] -- Up-to-date symlink: /home/azthorax/fra333_ws/install/my_first_package/include/my_first_package/srv/rand_goal.hpp
[0.762s] -- Up-to-date symlink: /home/azthorax/fra333_ws/install/my_first_package/include/my_first_package/srv/set_goal.hpp
[0.762s] -- Up-to-date symlink: /home/azthorax/fra333_ws/install/my_first_package/include/my_first_package/srv/set_noise.hpp
[0.763s] -- Up-to-date symlink: /home/azthorax/fra333_ws/install/my_first_package/include/my_first_package/action/detail/fibonacci__rosidl_typesupport_introspection_cpp.hpp
[0.764s] -- Up-to-date symlink: /home/azthorax/fra333_ws/install/my_first_package/include/my_first_package/msg/detail/add_book__rosidl_typesupport_introspection_cpp.hpp
[0.764s] -- Up-to-date symlink: /home/azthorax/fra333_ws/install/my_first_package/include/my_first_package/msg/detail/num__rosidl_typesupport_introspection_cpp.hpp
[0.764s] -- Up-to-date symlink: /home/azthorax/fra333_ws/install/my_first_package/include/my_first_package/msg/detail/sphere__rosidl_typesupport_introspection_cpp.hpp
[0.764s] -- Up-to-date symlink: /home/azthorax/fra333_ws/install/my_first_package/include/my_first_package/srv/detail/ath_sum3__rosidl_typesupport_introspection_cpp.hpp
[0.764s] -- Up-to-date symlink: /home/azthorax/fra333_ws/install/my_first_package/include/my_first_package/srv/detail/ath_sum__rosidl_typesupport_introspection_cpp.hpp
[0.765s] -- Up-to-date symlink: /home/azthorax/fra333_ws/install/my_first_package/include/my_first_package/srv/detail/rand_goal__rosidl_typesupport_introspection_cpp.hpp
[0.765s] -- Up-to-date symlink: /home/azthorax/fra333_ws/install/my_first_package/include/my_first_package/srv/detail/set_goal__rosidl_typesupport_introspection_cpp.hpp
[0.765s] -- Up-to-date symlink: /home/azthorax/fra333_ws/install/my_first_package/include/my_first_package/srv/detail/set_noise__rosidl_typesupport_introspection_cpp.hpp
[0.766s] -- Symlinking: /home/azthorax/fra333_ws/install/my_first_package/lib/python3.8/site-packages/my_first_package/__init__.py
[0.782s] -- Up-to-date symlink: /home/azthorax/fra333_ws/install/my_first_package/lib/python3.8/site-packages/my_first_package/srv/__init__.py
[0.782s] -- Up-to-date symlink: /home/azthorax/fra333_ws/install/my_first_package/lib/python3.8/site-packages/my_first_package/srv/_ath_sum.py
[0.782s] -- Up-to-date symlink: /home/azthorax/fra333_ws/install/my_first_package/lib/python3.8/site-packages/my_first_package/srv/_ath_sum3.py
[0.782s] -- Up-to-date symlink: /home/azthorax/fra333_ws/install/my_first_package/lib/python3.8/site-packages/my_first_package/srv/_rand_goal.py
[0.783s] -- Up-to-date symlink: /home/azthorax/fra333_ws/install/my_first_package/lib/python3.8/site-packages/my_first_package/srv/_set_goal.py
[0.783s] -- Up-to-date symlink: /home/azthorax/fra333_ws/install/my_first_package/lib/python3.8/site-packages/my_first_package/srv/_set_noise.py
[0.784s] -- Up-to-date symlink: /home/azthorax/fra333_ws/install/my_first_package/lib/python3.8/site-packages/my_first_package/msg/__init__.py
[0.784s] -- Up-to-date symlink: /home/azthorax/fra333_ws/install/my_first_package/lib/python3.8/site-packages/my_first_package/msg/_add_book.py
[0.785s] -- Up-to-date symlink: /home/azthorax/fra333_ws/install/my_first_package/lib/python3.8/site-packages/my_first_package/msg/_num.py
[0.785s] -- Up-to-date symlink: /home/azthorax/fra333_ws/install/my_first_package/lib/python3.8/site-packages/my_first_package/msg/_sphere.py
[0.786s] -- Up-to-date symlink: /home/azthorax/fra333_ws/install/my_first_package/lib/python3.8/site-packages/my_first_package/action/__init__.py
[0.786s] -- Up-to-date symlink: /home/azthorax/fra333_ws/install/my_first_package/lib/python3.8/site-packages/my_first_package/action/_fibonacci.py
[0.787s] -- Up-to-date symlink: /home/azthorax/fra333_ws/install/my_first_package/lib/python3.8/site-packages/my_first_package/my_first_package_s__rosidl_typesupport_fastrtps_c.cpython-38-x86_64-linux-gnu.so
[0.787s] -- Up-to-date symlink: /home/azthorax/fra333_ws/install/my_first_package/lib/python3.8/site-packages/my_first_package/my_first_package_s__rosidl_typesupport_introspection_c.cpython-38-x86_64-linux-gnu.so
[0.788s] -- Up-to-date symlink: /home/azthorax/fra333_ws/install/my_first_package/lib/python3.8/site-packages/my_first_package/my_first_package_s__rosidl_typesupport_c.cpython-38-x86_64-linux-gnu.so
[0.789s] -- Up-to-date symlink: /home/azthorax/fra333_ws/install/my_first_package/lib/libmy_first_package__python.so
[0.789s] -- Up-to-date symlink: /home/azthorax/fra333_ws/install/my_first_package/share/my_first_package/srv/RandGoal.idl
[0.790s] -- Up-to-date symlink: /home/azthorax/fra333_ws/install/my_first_package/share/my_first_package/srv/SetGoal.idl
[0.790s] -- Up-to-date symlink: /home/azthorax/fra333_ws/install/my_first_package/share/my_first_package/srv/AthSum.idl
[0.790s] -- Up-to-date symlink: /home/azthorax/fra333_ws/install/my_first_package/share/my_first_package/msg/Num.idl
[0.791s] -- Up-to-date symlink: /home/azthorax/fra333_ws/install/my_first_package/share/my_first_package/msg/Sphere.idl
[0.791s] -- Up-to-date symlink: /home/azthorax/fra333_ws/install/my_first_package/share/my_first_package/msg/AddBook.idl
[0.791s] -- Up-to-date symlink: /home/azthorax/fra333_ws/install/my_first_package/share/my_first_package/srv/AthSum3.idl
[0.792s] -- Up-to-date symlink: /home/azthorax/fra333_ws/install/my_first_package/share/my_first_package/srv/SetNoise.idl
[0.792s] -- Up-to-date symlink: /home/azthorax/fra333_ws/install/my_first_package/share/my_first_package/action/Fibonacci.idl
[0.792s] -- Up-to-date symlink: /home/azthorax/fra333_ws/install/my_first_package/share/my_first_package/srv/RandGoal.srv
[0.793s] -- Up-to-date symlink: /home/azthorax/fra333_ws/install/my_first_package/share/my_first_package/srv/RandGoal_Request.msg
[0.793s] -- Up-to-date symlink: /home/azthorax/fra333_ws/install/my_first_package/share/my_first_package/srv/RandGoal_Response.msg
[0.793s] -- Up-to-date symlink: /home/azthorax/fra333_ws/install/my_first_package/share/my_first_package/srv/SetGoal.srv
[0.793s] -- Up-to-date symlink: /home/azthorax/fra333_ws/install/my_first_package/share/my_first_package/srv/SetGoal_Request.msg
[0.794s] -- Up-to-date symlink: /home/azthorax/fra333_ws/install/my_first_package/share/my_first_package/srv/SetGoal_Response.msg
[0.794s] -- Up-to-date symlink: /home/azthorax/fra333_ws/install/my_first_package/share/my_first_package/srv/AthSum.srv
[0.794s] -- Up-to-date symlink: /home/azthorax/fra333_ws/install/my_first_package/share/my_first_package/srv/AthSum_Request.msg
[0.795s] -- Up-to-date symlink: /home/azthorax/fra333_ws/install/my_first_package/share/my_first_package/srv/AthSum_Response.msg
[0.795s] -- Up-to-date symlink: /home/azthorax/fra333_ws/install/my_first_package/share/my_first_package/msg/Num.msg
[0.795s] -- Up-to-date symlink: /home/azthorax/fra333_ws/install/my_first_package/share/my_first_package/msg/Sphere.msg
[0.796s] -- Up-to-date symlink: /home/azthorax/fra333_ws/install/my_first_package/share/my_first_package/msg/AddBook.msg
[0.796s] -- Up-to-date symlink: /home/azthorax/fra333_ws/install/my_first_package/share/my_first_package/srv/AthSum3.srv
[0.796s] -- Up-to-date symlink: /home/azthorax/fra333_ws/install/my_first_package/share/my_first_package/srv/AthSum3_Request.msg
[0.797s] -- Up-to-date symlink: /home/azthorax/fra333_ws/install/my_first_package/share/my_first_package/srv/AthSum3_Response.msg
[0.797s] -- Up-to-date symlink: /home/azthorax/fra333_ws/install/my_first_package/share/my_first_package/srv/SetNoise.srv
[0.798s] -- Up-to-date symlink: /home/azthorax/fra333_ws/install/my_first_package/share/my_first_package/srv/SetNoise_Request.msg
[0.798s] -- Up-to-date symlink: /home/azthorax/fra333_ws/install/my_first_package/share/my_first_package/srv/SetNoise_Response.msg
[0.799s] -- Up-to-date symlink: /home/azthorax/fra333_ws/install/my_first_package/share/my_first_package/action/Fibonacci.action
[0.800s] -- Up-to-date symlink: /home/azthorax/fra333_ws/install/my_first_package/share/my_first_package/launch/02_via_point_follower.launch.py
[0.800s] -- Up-to-date symlink: /home/azthorax/fra333_ws/install/my_first_package/share/my_first_package/launch/04_robot_state_publisher.launch.py
[0.800s] -- Up-to-date symlink: /home/azthorax/fra333_ws/install/my_first_package/share/my_first_package/launch/athsamplelaunch.py
[0.800s] -- Up-to-date symlink: /home/azthorax/fra333_ws/install/my_first_package/share/my_first_package/launch/hwdemolaunch.py
[0.801s] -- Up-to-date symlink: /home/azthorax/fra333_ws/install/my_first_package/share/my_first_package/urdf/myrobot.urdf.xml
[0.801s] -- Up-to-date symlink: /home/azthorax/fra333_ws/install/my_first_package/share/my_first_package/urdf/r2d2.urdf.xml
[0.801s] -- Up-to-date symlink: /home/azthorax/fra333_ws/install/my_first_package/share/my_first_package/rviz/r2d2.rviz
[0.802s] -- Up-to-date symlink: /home/azthorax/fra333_ws/install/my_first_package/share/ament_index/resource_index/package_run_dependencies/my_first_package
[0.802s] -- Up-to-date symlink: /home/azthorax/fra333_ws/install/my_first_package/share/ament_index/resource_index/parent_prefix_path/my_first_package
[0.802s] -- Up-to-date symlink: /home/azthorax/fra333_ws/install/my_first_package/share/my_first_package/environment/ament_prefix_path.sh
[0.803s] -- Up-to-date symlink: /home/azthorax/fra333_ws/install/my_first_package/share/my_first_package/environment/ament_prefix_path.dsv
[0.803s] -- Up-to-date symlink: /home/azthorax/fra333_ws/install/my_first_package/share/my_first_package/environment/path.sh
[0.803s] -- Up-to-date symlink: /home/azthorax/fra333_ws/install/my_first_package/share/my_first_package/environment/path.dsv
[0.804s] -- Up-to-date symlink: /home/azthorax/fra333_ws/install/my_first_package/share/my_first_package/local_setup.bash
[0.804s] -- Up-to-date symlink: /home/azthorax/fra333_ws/install/my_first_package/share/my_first_package/local_setup.sh
[0.804s] -- Up-to-date symlink: /home/azthorax/fra333_ws/install/my_first_package/share/my_first_package/local_setup.zsh
[0.805s] -- Up-to-date symlink: /home/azthorax/fra333_ws/install/my_first_package/share/my_first_package/local_setup.dsv
[0.805s] -- Symlinking: /home/azthorax/fra333_ws/install/my_first_package/share/my_first_package/package.dsv
[0.821s] -- Up-to-date symlink: /home/azthorax/fra333_ws/install/my_first_package/share/ament_index/resource_index/packages/my_first_package
[0.821s] -- Up-to-date symlink: /home/azthorax/fra333_ws/install/my_first_package/share/my_first_package/cmake/rosidl_cmake-extras.cmake
[0.822s] -- Up-to-date symlink: /home/azthorax/fra333_ws/install/my_first_package/share/my_first_package/cmake/ament_cmake_export_dependencies-extras.cmake
[0.822s] -- Up-to-date symlink: /home/azthorax/fra333_ws/install/my_first_package/share/my_first_package/cmake/ament_cmake_export_libraries-extras.cmake
[0.822s] -- Up-to-date symlink: /home/azthorax/fra333_ws/install/my_first_package/share/my_first_package/cmake/ament_cmake_export_targets-extras.cmake
[0.823s] -- Up-to-date symlink: /home/azthorax/fra333_ws/install/my_first_package/share/my_first_package/cmake/ament_cmake_export_include_directories-extras.cmake
[0.823s] -- Up-to-date symlink: /home/azthorax/fra333_ws/install/my_first_package/share/my_first_package/cmake/rosidl_cmake_export_typesupport_libraries-extras.cmake
[0.824s] -- Up-to-date symlink: /home/azthorax/fra333_ws/install/my_first_package/share/my_first_package/cmake/rosidl_cmake_export_typesupport_targets-extras.cmake
[0.824s] -- Up-to-date symlink: /home/azthorax/fra333_ws/install/my_first_package/share/my_first_package/cmake/my_first_packageConfig.cmake
[0.825s] -- Up-to-date symlink: /home/azthorax/fra333_ws/install/my_first_package/share/my_first_package/cmake/my_first_packageConfig-version.cmake
[0.825s] -- Up-to-date symlink: /home/azthorax/fra333_ws/install/my_first_package/share/my_first_package/package.xml
[0.868s] Listing '/home/azthorax/fra333_ws/install/my_first_package/lib/python3.8/site-packages/my_first_package'...
[0.868s] Listing '/home/azthorax/fra333_ws/install/my_first_package/lib/python3.8/site-packages/my_first_package/action'...
[0.869s] Listing '/home/azthorax/fra333_ws/install/my_first_package/lib/python3.8/site-packages/my_first_package/msg'...
[0.869s] Listing '/home/azthorax/fra333_ws/install/my_first_package/lib/python3.8/site-packages/my_first_package/srv'...
[0.874s] -- Up-to-date: /home/azthorax/fra333_ws/install/my_first_package/lib/libmy_first_package__rosidl_generator_c.so
[0.874s] -- Up-to-date: /home/azthorax/fra333_ws/install/my_first_package/lib/libmy_first_package__rosidl_typesupport_introspection_c.so
[0.875s] -- Up-to-date: /home/azthorax/fra333_ws/install/my_first_package/lib/libmy_first_package__rosidl_typesupport_c.so
[0.876s] -- Up-to-date: /home/azthorax/fra333_ws/install/my_first_package/lib/libmy_first_package__rosidl_typesupport_introspection_cpp.so
[0.877s] -- Up-to-date: /home/azthorax/fra333_ws/install/my_first_package/lib/libmy_first_package__rosidl_typesupport_cpp.so
[0.923s] -- Up-to-date: /home/azthorax/fra333_ws/install/my_first_package/share/my_first_package/cmake/my_first_package__rosidl_generator_cExport.cmake
[0.923s] -- Up-to-date: /home/azthorax/fra333_ws/install/my_first_package/share/my_first_package/cmake/my_first_package__rosidl_generator_cExport-noconfig.cmake
[0.923s] -- Up-to-date: /home/azthorax/fra333_ws/install/my_first_package/share/my_first_package/cmake/my_first_package__rosidl_typesupport_introspection_cExport.cmake
[0.923s] -- Up-to-date: /home/azthorax/fra333_ws/install/my_first_package/share/my_first_package/cmake/my_first_package__rosidl_typesupport_introspection_cExport-noconfig.cmake
[0.924s] -- Up-to-date: /home/azthorax/fra333_ws/install/my_first_package/share/my_first_package/cmake/my_first_package__rosidl_typesupport_cExport.cmake
[0.924s] -- Up-to-date: /home/azthorax/fra333_ws/install/my_first_package/share/my_first_package/cmake/my_first_package__rosidl_typesupport_cExport-noconfig.cmake
[0.924s] -- Up-to-date: /home/azthorax/fra333_ws/install/my_first_package/share/my_first_package/cmake/my_first_package__rosidl_generator_cppExport.cmake
[0.924s] -- Up-to-date: /home/azthorax/fra333_ws/install/my_first_package/share/my_first_package/cmake/my_first_package__rosidl_typesupport_introspection_cppExport.cmake
[0.925s] -- Up-to-date: /home/azthorax/fra333_ws/install/my_first_package/share/my_first_package/cmake/my_first_package__rosidl_typesupport_introspection_cppExport-noconfig.cmake
[0.925s] -- Up-to-date: /home/azthorax/fra333_ws/install/my_first_package/share/my_first_package/cmake/my_first_package__rosidl_typesupport_cppExport.cmake
[0.925s] -- Up-to-date: /home/azthorax/fra333_ws/install/my_first_package/share/my_first_package/cmake/my_first_package__rosidl_typesupport_cppExport-noconfig.cmake
[0.935s] Invoked command in '/home/azthorax/fra333_ws/build/my_first_package' returned '0': CMAKE_PREFIX_PATH=${CMAKE_PREFIX_PATH}:/opt/ros/foxy /usr/bin/cmake --install /home/azthorax/fra333_ws/build/my_first_package
